23:07:19.765 [main                     ] DEBUG Logger               - Configured Logger
23:07:19.797 [main                     ] DEBUG GameApplication      - Logging settings
Title: Pokemon boh
Version: 0.1
Width: 1000
Height: 720
Fullscreen: false
Intro: false
Profiling: false
Single step:false
App Mode: DEVELOPER
Menu Key: ESCAPE
Stage Style: DECORATED
Scene Factory: class com.game.pokemon.FabbricaScene

23:07:20.192 [JavaFX Application Thread] DEBUG FXGLApplication      - Initializing FXGL
23:07:20.197 [JavaFX Application Thread] INFO  Engine               - FXGL-17.3 (30.03.2023 11.49) on WINDOWS (J:22.0.1 FX:22-ea)
23:07:20.197 [JavaFX Application Thread] DEBUG Engine               - JRE Vendor Name: Oracle Corporation
23:07:20.197 [JavaFX Application Thread] DEBUG Engine               - Running on OS: Windows 11 version 10.0
23:07:20.197 [JavaFX Application Thread] DEBUG Engine               - Architecture: amd64
23:07:20.198 [JavaFX Application Thread] INFO  Engine               - Source code and latest versions at: https://github.com/AlmasB/FXGL
23:07:20.198 [JavaFX Application Thread] INFO  Engine               -       Ask questions and discuss at: https://github.com/AlmasB/FXGL/discussions
23:07:20.198 [JavaFX Application Thread] INFO  Engine               -              Join the FXGL chat at: https://gitter.im/AlmasB/FXGL
23:07:20.285 [JavaFX Application Thread] DEBUG PrimaryStageWindow   - Creating a JavaFX scene
23:07:20.327 [JavaFX Application Thread] DEBUG PrimaryStageWindow   - Target settings size: 1000.0 x 720.0
23:07:20.327 [JavaFX Application Thread] DEBUG PrimaryStageWindow   - Scaled scene size:    1000.0 x 720.0
23:07:20.328 [JavaFX Application Thread] DEBUG PrimaryStageWindow   - Scaled ratio: (1.0, 1.0)
23:07:20.329 [JavaFX Application Thread] DEBUG PrimaryStageWindow   - Set initial scene to FXGLStartupScene
23:07:20.331 [JavaFX Application Thread] DEBUG PrimaryStageWindow   - Opening main window
23:07:20.409 [JavaFX Application Thread] DEBUG PrimaryStageWindow   - Window border size: (14.4000244140625, 37.5999755859375)
23:07:20.409 [JavaFX Application Thread] DEBUG PrimaryStageWindow   - Scaled size: 1000.0 x 720.0
23:07:20.409 [JavaFX Application Thread] DEBUG PrimaryStageWindow   - Scaled ratio: (1.0, 1.0)
23:07:20.410 [JavaFX Application Thread] DEBUG PrimaryStageWindow   - Scene size: 1000.0 x 720.0
23:07:20.410 [JavaFX Application Thread] DEBUG PrimaryStageWindow   - Stage size: 1014.4000244140625 x 757.5999755859375
23:07:20.420 [FXGL Background Thread 1 ] DEBUG Engine               - Initializing environment variables
23:07:20.481 [FXGL Background Thread 1 ] DEBUG FXGLAssetLoaderServi - User app class for loading assets: class com.game.pokemon.PokemonApplication
23:07:20.482 [FXGL Background Thread 1 ] DEBUG GameApplicationServi - Applying CSS: fxgl_dark.css
23:07:20.483 [FXGL Background Thread 1 ] DEBUG FXGLAssetLoaderServi - Loading from file system: jar:file:///C:/Users/enric/.m2/repository/com/github/almasb/fxgl/17.3/fxgl-17.3.jar!/fxglassets/ui/css/fxgl_dark.css
23:07:20.536 [FXGL Background Thread 1 ] DEBUG GameApplicationServi - Initializing application scenes
23:07:20.576 [FXGL Background Thread 1 ] DEBUG GameWorld            - Game world initialized
23:07:20.674 [FXGL Background Thread 1 ] DEBUG PhysicsWorld         - Physics world initialized: appHeight=720, physics.ppm=50,0
23:07:20.674 [FXGL Background Thread 1 ] DEBUG PhysicsWorld         - Using strategy: BRUTE_FORCE
23:07:20.678 [FXGL Background Thread 1 ] DEBUG GameScene            - Game scene initialized: 1000x720
23:07:20.688 [FXGL Background Thread 1 ] DEBUG FXGL.DefaultMenu     - createMenuBodyMainMenu()
23:07:20.699 [FXGL Background Thread 1 ] DEBUG FXGL.DefaultMenu     - createOptionsMenu()
23:07:20.709 [FXGL Background Thread 1 ] DEBUG FXGLAssetLoaderServi - Loading from file system: jar:file:///C:/Users/enric/.m2/repository/com/github/almasb/fxgl/17.3/fxgl-17.3.jar!/fxglassets/textures/particles/smoke.png
23:07:20.794 [FXGL Background Thread 1 ] DEBUG FXGLAssetLoaderServi - Loading from file system: jar:file:///C:/Users/enric/.m2/repository/com/github/almasb/fxgl/17.3/fxgl-17.3.jar!/fxglassets/textures/particles/trace_horizontal.png
23:07:20.820 [FXGL Background Thread 1 ] DEBUG FXGL.DefaultMenu     - createMenuBodyGameMenu()
23:07:20.821 [FXGL Background Thread 1 ] DEBUG FXGL.DefaultMenu     - createOptionsMenu()
23:07:20.834 [FXGL Background Thread 1 ] DEBUG GameApplicationServi - Application scenes initialized
23:07:20.845 [FXGL Background Thread 1 ] DEBUG SystemBundleService  - Loading FXGL system data
23:07:20.848 [FXGL Background Thread 1 ] DEBUG FileSystemAccess     - Reading from: C:\Users\enric\Desktop\robe mie\Fermi\triennio\Informatica\Intellij\GiocoClasseQuarta\system\fxgl.bundle
23:07:20.853 [FXGL Background Thread 1 ] DEBUG SystemBundleService  - Bundle FXGL: {}
23:07:20.853 [FXGL Background Thread 1 ] DEBUG UpdaterService       - Checking for updates
23:07:20.856 [FXGL Background Thread 4 ] DEBUG FXGLApplication      - Loading fonts
23:07:20.856 [FXGL Background Thread 4 ] DEBUG FXGLAssetLoaderServi - Loading from file system: jar:file:///C:/Users/enric/.m2/repository/com/github/almasb/fxgl/17.3/fxgl-17.3.jar!/fxglassets/ui/fonts/VarelaRound-Regular.ttf
23:07:20.857 [FXGL Background Thread 1 ] DEBUG FXGLApplication      - Loading default localization
23:07:20.857 [FXGL Background Thread 1 ] DEBUG FXGLAssetLoaderServi - Loading from file system: jar:file:///C:/Users/enric/.m2/repository/com/github/almasb/fxgl/17.3/fxgl-17.3.jar!/fxglassets/languages/english.lang
23:07:20.876 [FXGL Background Thread 1 ] INFO  FXGLApplication      - FXGL initialization took: 0,456 sec
23:07:20.886 [JavaFX Application Thread] DEBUG Input                - Registered new binding: Move Right - D
23:07:20.886 [JavaFX Application Thread] DEBUG Input                - Registered new binding: Move Left - A
23:07:20.887 [JavaFX Application Thread] DEBUG Input                - Registered new binding: Move Up - W
23:07:20.887 [JavaFX Application Thread] DEBUG Input                - Registered new binding: Move Down - S
23:07:20.887 [JavaFX Application Thread] DEBUG FXGLAssetLoaderServi - Loading from file system: jar:file:///C:/Users/enric/.m2/repository/com/github/almasb/fxgl/17.3/fxgl-17.3.jar!/fxglassets/textures/fxgl_icon.png
23:07:20.893 [FXGL Background Thread 4 ] DEBUG FXGLAssetLoaderServi - Loading from file system: jar:file:///C:/Users/enric/.m2/repository/com/github/almasb/fxgl/17.3/fxgl-17.3.jar!/fxglassets/ui/fonts/Abel-Regular.ttf
23:07:20.902 [FXGL Background Thread 4 ] DEBUG FXGLAssetLoaderServi - Loading from file system: jar:file:///C:/Users/enric/.m2/repository/com/github/almasb/fxgl/17.3/fxgl-17.3.jar!/fxglassets/ui/fonts/TerminalLandMono-Regular.otf
23:07:20.905 [JavaFX Application Thread] DEBUG FXGLAssetLoaderServi - Loading from file system: jar:file:///C:/Users/enric/.m2/repository/com/github/almasb/fxgl/17.3/fxgl-17.3.jar!/fxglassets/textures/fxgl_default_cursor.png
23:07:20.907 [JavaFX Application Thread] DEBUG Input                - Registered new binding: Screenshot - CTRL+8
23:07:20.908 [JavaFX Application Thread] DEBUG Input                - Registered new binding: System info dump - CTRL+9
23:07:20.908 [JavaFX Application Thread] DEBUG Input                - Registered new binding: Restart - CTRL+R
23:07:20.909 [JavaFX Application Thread] DEBUG Input                - Registered new binding: Toggle Debug Camera - CTRL+7
23:07:20.911 [FXGL Background Thread 4 ] DEBUG FXGLAssetLoaderServi - Loading from file system: jar:file:///C:/Users/enric/.m2/repository/com/github/almasb/fxgl/17.3/fxgl-17.3.jar!/fxglassets/ui/fonts/Courier-Prime.ttf
23:07:20.911 [JavaFX Application Thread] DEBUG LoopRunner           - Starting loop
23:07:20.912 [JavaFX Application Thread] DEBUG LoopRunner           - Initializing JavaFX AnimationTimerLoop
23:07:20.915 [JavaFX Application Thread] DEBUG Input                - Clearing active input actions
23:07:20.924 [JavaFX Application Thread] DEBUG GameApplicationServi - Removing overlay from FXGLStartupScene and adding to FXGLMainMenuDummyScene
23:07:20.925 [JavaFX Application Thread] DEBUG PrimaryStageWindow   - FXGLStartupScene -> FXGLMainMenuDummyScene
23:07:20.925 [JavaFX Application Thread] DEBUG PrimaryStageWindow   - Push state: FXGLDefaultMenu
23:07:20.936 [JavaFX Application Thread] DEBUG Input                - Clearing active input actions
23:07:20.943 [JavaFX Application Thread] DEBUG GameApplicationServi - Removing overlay from FXGLMainMenuDummyScene and adding to FXGLDefaultMenu
23:07:20.943 [JavaFX Application Thread] DEBUG PrimaryStageWindow   - FXGLMainMenuDummyScene -> FXGLDefaultMenu
23:07:21.013 [JavaFX Application Thread] DEBUG FXGLApplication      - Registering font factories with UI factory
23:07:21.377 [FXGL Background Thread 2 ] INFO  UpdaterService       - Your current version:  17.3
23:07:21.377 [FXGL Background Thread 2 ] INFO  UpdaterService       - Latest stable version: 21.1
23:07:22.788 [JavaFX Application Thread] DEBUG Menu                 - fireNewGame()
23:07:22.789 [JavaFX Application Thread] DEBUG GameApplicationServi - Starting new game
23:07:22.793 [JavaFX Application Thread] DEBUG PrimaryStageWindow   - Pop state: FXGLDefaultMenu
23:07:22.793 [JavaFX Application Thread] DEBUG Input                - Clearing active input actions
23:07:22.796 [JavaFX Application Thread] DEBUG GameApplicationServi - Removing overlay from FXGLDefaultMenu and adding to FXGLMainMenuDummyScene
23:07:22.797 [JavaFX Application Thread] DEBUG PrimaryStageWindow   - FXGLMainMenuDummyScene <- FXGLDefaultMenu
23:07:22.798 [JavaFX Application Thread] DEBUG Input                - Clearing active input actions
23:07:22.823 [JavaFX Application Thread] DEBUG GameApplicationServi - Removing overlay from FXGLMainMenuDummyScene and adding to FXGLLoadingScene
23:07:22.823 [JavaFX Application Thread] DEBUG PrimaryStageWindow   - FXGLMainMenuDummyScene -> FXGLLoadingScene
23:07:22.823 [JavaFX Application Thread] DEBUG GameApplicationServi - Clearing previous game
23:07:22.823 [JavaFX Application Thread] DEBUG GameScene            - Clearing game scene
23:07:22.823 [JavaFX Application Thread] DEBUG GameWorld            - Clearing game world
23:07:22.824 [JavaFX Application Thread] DEBUG PhysicsWorld         - Clearing physics world
23:07:22.828 [FXGL Background Thread 2 ] DEBUG FXGLApplication      - Initializing game
23:07:22.894 [FXGL Background Thread 2 ] WARN  TMXLevelLoader       - TiledMap generated from 1.10.2. Supported version: 1.9.0. Some features may not be parsed fully.
23:07:22.929 [FXGL Background Thread 2 ] DEBUG TMXLevelLoader       - Parsed TiledMap: file:/C:/Users/enric/Desktop/robe%20mie/Fermi/triennio/Informatica/Intellij/GiocoClasseQuarta/target/classes/assets/levels/livello.tmx
23:07:22.930 [FXGL Background Thread 2 ] DEBUG TMXLevelLoader       - Creating tile layer entities
23:07:22.931 [FXGL Background Thread 2 ] DEBUG TilesetLoader        - Loading view for layer ground
23:07:22.945 [FXGL Background Thread 2 ] DEBUG TilesetLoader        - Created buffer with size 3200.0x3200.0
23:07:23.017 [FXGL Background Thread 2 ] DEBUG TMXLevelLoader       - Creating object layer entities
23:07:23.029 [FXGL Background Thread 2 ] DEBUG GameWorld            - Clearing removable entities
23:07:23.030 [FXGL Background Thread 2 ] DEBUG GameWorld            - Setting level: com.almasb.fxgl.entity.level.Level@62132348
23:07:23.039 [FXGL Background Thread 2 ] DEBUG FXGLAssetLoaderServi - Loading from file system: file:/C:/Users/enric/Desktop/robe%20mie/Fermi/triennio/Informatica/Intellij/GiocoClasseQuarta/target/classes/assets/textures/matteolongobardi.png
23:07:23.043 [FXGL Background Thread 2 ] DEBUG FXGLAssetLoaderServi - Loading from file system: file:/C:/Users/enric/Desktop/robe%20mie/Fermi/triennio/Informatica/Intellij/GiocoClasseQuarta/target/classes/assets/textures/corsalaterale/corsalaterale1.png
23:07:23.044 [FXGL Background Thread 2 ] DEBUG FXGLAssetLoaderServi - Loading from file system: file:/C:/Users/enric/Desktop/robe%20mie/Fermi/triennio/Informatica/Intellij/GiocoClasseQuarta/target/classes/assets/textures/corsalaterale/corsalaterale2.png
23:07:23.045 [FXGL Background Thread 2 ] DEBUG FXGLAssetLoaderServi - Loading from file system: file:/C:/Users/enric/Desktop/robe%20mie/Fermi/triennio/Informatica/Intellij/GiocoClasseQuarta/target/classes/assets/textures/corsalaterale/corsalaterale3.png
23:07:23.046 [FXGL Background Thread 2 ] DEBUG FXGLAssetLoaderServi - Loading from file system: file:/C:/Users/enric/Desktop/robe%20mie/Fermi/triennio/Informatica/Intellij/GiocoClasseQuarta/target/classes/assets/textures/corsalaterale/corsalaterale4.png
23:07:23.047 [FXGL Background Thread 2 ] DEBUG FXGLAssetLoaderServi - Loading from file system: file:/C:/Users/enric/Desktop/robe%20mie/Fermi/triennio/Informatica/Intellij/GiocoClasseQuarta/target/classes/assets/textures/corsalaterale/corsalaterale5.png
23:07:23.047 [FXGL Background Thread 2 ] DEBUG FXGLAssetLoaderServi - Loading from file system: file:/C:/Users/enric/Desktop/robe%20mie/Fermi/triennio/Informatica/Intellij/GiocoClasseQuarta/target/classes/assets/textures/corsalaterale/corsalaterale6.png
23:07:23.048 [FXGL Background Thread 2 ] DEBUG FXGLAssetLoaderServi - Loading from file system: file:/C:/Users/enric/Desktop/robe%20mie/Fermi/triennio/Informatica/Intellij/GiocoClasseQuarta/target/classes/assets/textures/corsasu/corsasu1.png
23:07:23.049 [FXGL Background Thread 2 ] DEBUG FXGLAssetLoaderServi - Loading from file system: file:/C:/Users/enric/Desktop/robe%20mie/Fermi/triennio/Informatica/Intellij/GiocoClasseQuarta/target/classes/assets/textures/corsasu/corsasu2.png
23:07:23.050 [FXGL Background Thread 2 ] DEBUG FXGLAssetLoaderServi - Loading from file system: file:/C:/Users/enric/Desktop/robe%20mie/Fermi/triennio/Informatica/Intellij/GiocoClasseQuarta/target/classes/assets/textures/corsasu/corsasu3.png
23:07:23.051 [FXGL Background Thread 2 ] DEBUG FXGLAssetLoaderServi - Loading from file system: file:/C:/Users/enric/Desktop/robe%20mie/Fermi/triennio/Informatica/Intellij/GiocoClasseQuarta/target/classes/assets/textures/corsasu/corsasu4.png
23:07:23.052 [FXGL Background Thread 2 ] DEBUG FXGLAssetLoaderServi - Loading from file system: file:/C:/Users/enric/Desktop/robe%20mie/Fermi/triennio/Informatica/Intellij/GiocoClasseQuarta/target/classes/assets/textures/corsasu/corsasu5.png
23:07:23.053 [FXGL Background Thread 2 ] DEBUG FXGLAssetLoaderServi - Loading from file system: file:/C:/Users/enric/Desktop/robe%20mie/Fermi/triennio/Informatica/Intellij/GiocoClasseQuarta/target/classes/assets/textures/corsasu/corsasu6.png
23:07:23.053 [FXGL Background Thread 2 ] DEBUG FXGLAssetLoaderServi - Loading from file system: file:/C:/Users/enric/Desktop/robe%20mie/Fermi/triennio/Informatica/Intellij/GiocoClasseQuarta/target/classes/assets/textures/corsagiu/corsagiu1.png
23:07:23.054 [FXGL Background Thread 2 ] DEBUG FXGLAssetLoaderServi - Loading from file system: file:/C:/Users/enric/Desktop/robe%20mie/Fermi/triennio/Informatica/Intellij/GiocoClasseQuarta/target/classes/assets/textures/corsagiu/corsagiu2.png
23:07:23.055 [FXGL Background Thread 2 ] DEBUG FXGLAssetLoaderServi - Loading from file system: file:/C:/Users/enric/Desktop/robe%20mie/Fermi/triennio/Informatica/Intellij/GiocoClasseQuarta/target/classes/assets/textures/corsagiu/corsagiu3.png
23:07:23.055 [FXGL Background Thread 2 ] DEBUG FXGLAssetLoaderServi - Loading from file system: file:/C:/Users/enric/Desktop/robe%20mie/Fermi/triennio/Informatica/Intellij/GiocoClasseQuarta/target/classes/assets/textures/corsagiu/corsagiu4.png
23:07:23.056 [FXGL Background Thread 2 ] DEBUG FXGLAssetLoaderServi - Loading from file system: file:/C:/Users/enric/Desktop/robe%20mie/Fermi/triennio/Informatica/Intellij/GiocoClasseQuarta/target/classes/assets/textures/corsagiu/corsagiu5.png
23:07:23.057 [FXGL Background Thread 2 ] DEBUG FXGLAssetLoaderServi - Loading from file system: file:/C:/Users/enric/Desktop/robe%20mie/Fermi/triennio/Informatica/Intellij/GiocoClasseQuarta/target/classes/assets/textures/corsagiu/corsagiu6.png
23:07:23.059 [FXGL Background Thread 2 ] INFO  FXGLApplication      - Game initialization took: 0,231 sec
23:07:23.060 [JavaFX Application Thread] DEBUG Input                - Clearing active input actions
23:07:23.065 [JavaFX Application Thread] DEBUG GameApplicationServi - Removing overlay from FXGLLoadingScene and adding to GameScene
23:07:23.065 [JavaFX Application Thread] DEBUG PrimaryStageWindow   - FXGLLoadingScene -> GameScene
23:07:23.856 [FXGL Background Thread 3 ] DEBUG Engine               - Logging environment variables
23:07:23.856 [FXGL Background Thread 3 ] DEBUG Engine               - achievements: []
23:07:23.856 [FXGL Background Thread 3 ] DEBUG Engine               - actualHeight: 720.0
23:07:23.857 [FXGL Background Thread 3 ] DEBUG Engine               - actualHeightProperty: ReadOnlyDoubleProperty [value: 720.0]
23:07:23.857 [FXGL Background Thread 3 ] DEBUG Engine               - actualWidth: 1000.0
23:07:23.857 [FXGL Background Thread 3 ] DEBUG Engine               - actualWidthProperty: ReadOnlyDoubleProperty [value: 1000.0]
23:07:23.857 [FXGL Background Thread 3 ] DEBUG Engine               - appIcon: fxgl_icon.png
23:07:23.857 [FXGL Background Thread 3 ] DEBUG Engine               - applicationMode: DEVELOPER
23:07:23.857 [FXGL Background Thread 3 ] DEBUG Engine               - cSSList: [fxgl_dark.css]
23:07:23.857 [FXGL Background Thread 3 ] DEBUG Engine               - collisionDetectionStrategy: BRUTE_FORCE
23:07:23.857 [FXGL Background Thread 3 ] DEBUG Engine               - configClass: Optional.empty
23:07:23.857 [FXGL Background Thread 3 ] DEBUG Engine               - credits: []
23:07:23.857 [FXGL Background Thread 3 ] DEBUG Engine               - defaultCursor: CursorInfo(imageName=fxgl_default_cursor.png, hotspotX=7.0, hotspotY=6.0)
23:07:23.857 [FXGL Background Thread 3 ] DEBUG Engine               - devBBoxColorProperty: ObjectProperty [value: 0xff0000ff]
23:07:23.857 [FXGL Background Thread 3 ] DEBUG Engine               - devEnableDebugCameraProperty: BooleanProperty [value: false]
23:07:23.857 [FXGL Background Thread 3 ] DEBUG Engine               - devSensorColorProperty: ObjectProperty [value: 0xffff00ff]
23:07:23.857 [FXGL Background Thread 3 ] DEBUG Engine               - devShowBBoxProperty: BooleanProperty [value: false]
23:07:23.857 [FXGL Background Thread 3 ] DEBUG Engine               - devShowPositionProperty: BooleanProperty [value: false]
23:07:23.858 [FXGL Background Thread 3 ] DEBUG Engine               - enabledMenuItems: []
23:07:23.858 [FXGL Background Thread 3 ] DEBUG Engine               - engineServices: [class com.almasb.fxgl.app.services.FXGLAssetLoaderService, class com.almasb.fxgl.app.FXGLApplication$GameApplicationService, class com.almasb.fxgl.app.services.FXGLDialogService, class com.almasb.fxgl.app.services.IOTaskExecutorService, class com.almasb.fxgl.io.FileSystemService, class com.almasb.fxgl.localization.LocalizationService, class com.almasb.fxgl.app.services.SystemBundleService, class com.almasb.fxgl.profile.SaveLoadService, class com.almasb.fxgl.ui.FXGLUIFactoryServiceProvider, class com.almasb.fxgl.ui.FXGLDialogFactoryServiceProvider, class com.almasb.fxgl.audio.AudioPlayer, class com.almasb.fxgl.notification.impl.NotificationServiceProvider, class com.almasb.fxgl.achievement.AchievementService, class com.almasb.fxgl.cutscene.CutsceneService, class com.almasb.fxgl.minigames.MiniGameService, class com.almasb.fxgl.net.NetService, class com.almasb.fxgl.app.services.UpdaterService, class com.almasb.fxgl.dev.DevService]
23:07:23.858 [FXGL Background Thread 3 ] DEBUG Engine               - fontGame: Abel-Regular.ttf
23:07:23.858 [FXGL Background Thread 3 ] DEBUG Engine               - fontMono: TerminalLandMono-Regular.otf
23:07:23.858 [FXGL Background Thread 3 ] DEBUG Engine               - fontSizeScaleUI: 1.0
23:07:23.858 [FXGL Background Thread 3 ] DEBUG Engine               - fontText: Courier-Prime.ttf
23:07:23.858 [FXGL Background Thread 3 ] DEBUG Engine               - fontUI: VarelaRound-Regular.ttf
23:07:23.858 [FXGL Background Thread 3 ] DEBUG Engine               - fullScreen: BooleanProperty [value: false]
23:07:23.858 [FXGL Background Thread 3 ] DEBUG Engine               - gameDifficulty: MEDIUM
23:07:23.858 [FXGL Background Thread 3 ] DEBUG Engine               - gameDifficultyProperty: ObjectProperty [value: MEDIUM]
23:07:23.858 [FXGL Background Thread 3 ] DEBUG Engine               - globalMusicVolume: 0.5
23:07:23.858 [FXGL Background Thread 3 ] DEBUG Engine               - globalMusicVolumeProperty: DoubleProperty [value: 0.5]
23:07:23.858 [FXGL Background Thread 3 ] DEBUG Engine               - globalSoundVolume: 0.5
23:07:23.858 [FXGL Background Thread 3 ] DEBUG Engine               - globalSoundVolumeProperty: DoubleProperty [value: 0.5]
23:07:23.858 [FXGL Background Thread 3 ] DEBUG Engine               - height: 720
23:07:23.858 [FXGL Background Thread 3 ] DEBUG Engine               - is3D: false
23:07:23.858 [FXGL Background Thread 3 ] DEBUG Engine               - isAndroid: false
23:07:23.858 [FXGL Background Thread 3 ] DEBUG Engine               - isBrowser: false
23:07:23.858 [FXGL Background Thread 3 ] DEBUG Engine               - isClickFeedbackEnabled: false
23:07:23.858 [FXGL Background Thread 3 ] DEBUG Engine               - isCloseConfirmation: false
23:07:23.858 [FXGL Background Thread 3 ] DEBUG Engine               - isDesktop: true
23:07:23.858 [FXGL Background Thread 3 ] DEBUG Engine               - isDeveloperMenuEnabled: false
23:07:23.858 [FXGL Background Thread 3 ] DEBUG Engine               - isEmbedded: false
23:07:23.859 [FXGL Background Thread 3 ] DEBUG Engine               - isEntityPreloadEnabled: true
23:07:23.859 [FXGL Background Thread 3 ] DEBUG Engine               - isExperimentalTiledLargeMap: false
23:07:23.859 [FXGL Background Thread 3 ] DEBUG Engine               - isFileSystemWriteAllowed: true
23:07:23.859 [FXGL Background Thread 3 ] DEBUG Engine               - isFullScreenAllowed: false
23:07:23.859 [FXGL Background Thread 3 ] DEBUG Engine               - isFullScreenFromStart: false
23:07:23.859 [FXGL Background Thread 3 ] DEBUG Engine               - isGameMenuEnabled: true
23:07:23.859 [FXGL Background Thread 3 ] DEBUG Engine               - isIOS: false
23:07:23.859 [FXGL Background Thread 3 ] DEBUG Engine               - isIntroEnabled: false
23:07:23.859 [FXGL Background Thread 3 ] DEBUG Engine               - isLinux: false
23:07:23.859 [FXGL Background Thread 3 ] DEBUG Engine               - isMac: false
23:07:23.859 [FXGL Background Thread 3 ] DEBUG Engine               - isMainMenuEnabled: true
23:07:23.859 [FXGL Background Thread 3 ] DEBUG Engine               - isManualResizeEnabled: false
23:07:23.859 [FXGL Background Thread 3 ] DEBUG Engine               - isMobile: false
23:07:23.859 [FXGL Background Thread 3 ] DEBUG Engine               - isNative: false
23:07:23.859 [FXGL Background Thread 3 ] DEBUG Engine               - isPauseMusicWhenMinimized: true
23:07:23.859 [FXGL Background Thread 3 ] DEBUG Engine               - isPreserveResizeRatio: false
23:07:23.859 [FXGL Background Thread 3 ] DEBUG Engine               - isProfilingEnabled: false
23:07:23.859 [FXGL Background Thread 3 ] DEBUG Engine               - isScaleAffectedOnResize: true
23:07:23.859 [FXGL Background Thread 3 ] DEBUG Engine               - isSingleStep: false
23:07:23.859 [FXGL Background Thread 3 ] DEBUG Engine               - isUserProfileEnabled: false
23:07:23.859 [FXGL Background Thread 3 ] DEBUG Engine               - isWindows: true
23:07:23.859 [FXGL Background Thread 3 ] DEBUG Engine               - language: ObjectProperty [value: ENGLISH]
23:07:23.859 [FXGL Background Thread 3 ] DEBUG Engine               - menuKey: ESCAPE
23:07:23.859 [FXGL Background Thread 3 ] DEBUG Engine               - mouseSensitivity: 0.2
23:07:23.860 [FXGL Background Thread 3 ] DEBUG Engine               - notificationViewClass: class com.almasb.fxgl.notification.view.XboxNotificationView
23:07:23.860 [FXGL Background Thread 3 ] DEBUG Engine               - pixelsPerMeter: 50.0
23:07:23.860 [FXGL Background Thread 3 ] DEBUG Engine               - platform: WINDOWS
23:07:23.860 [FXGL Background Thread 3 ] DEBUG Engine               - prefHeightProperty: ReadOnlyDoubleProperty [value: 720.0]
23:07:23.860 [FXGL Background Thread 3 ] DEBUG Engine               - prefWidthProperty: ReadOnlyDoubleProperty [value: 1000.0]
23:07:23.860 [FXGL Background Thread 3 ] DEBUG Engine               - profileDir: profiles/
23:07:23.860 [FXGL Background Thread 3 ] DEBUG Engine               - profileName: StringProperty [value: DEFAULT]
23:07:23.860 [FXGL Background Thread 3 ] DEBUG Engine               - randomSeed: -1
23:07:23.860 [FXGL Background Thread 3 ] DEBUG Engine               - runtimeInfo: RuntimeInfo(platform=WINDOWS, version=17.3, build=30.03.2023 11.49)
23:07:23.860 [FXGL Background Thread 3 ] DEBUG Engine               - saveFileExt: sav
23:07:23.860 [FXGL Background Thread 3 ] DEBUG Engine               - scaledHeightProp$fxgl: DoubleProperty [bound, value: 720.0]
23:07:23.860 [FXGL Background Thread 3 ] DEBUG Engine               - scaledWidthProp$fxgl: DoubleProperty [bound, value: 1000.0]
23:07:23.860 [FXGL Background Thread 3 ] DEBUG Engine               - sceneFactory: com.game.pokemon.FabbricaScene@ce9266a
23:07:23.860 [FXGL Background Thread 3 ] DEBUG Engine               - secondsIn24h: 60
23:07:23.860 [FXGL Background Thread 3 ] DEBUG Engine               - soundMenuBack: menu/back.wav
23:07:23.860 [FXGL Background Thread 3 ] DEBUG Engine               - soundMenuPress: menu/press.wav
23:07:23.860 [FXGL Background Thread 3 ] DEBUG Engine               - soundMenuSelect: menu/select.wav
23:07:23.860 [FXGL Background Thread 3 ] DEBUG Engine               - soundNotification: core/notification.wav
23:07:23.860 [FXGL Background Thread 3 ] DEBUG Engine               - stageStyle: DECORATED
23:07:23.860 [FXGL Background Thread 3 ] DEBUG Engine               - supportedLanguages: [ENGLISH, FRENCH, GERMAN, HUNGARIAN, RUSSIAN]
23:07:23.860 [FXGL Background Thread 3 ] DEBUG Engine               - ticksPerSecond: -1
23:07:23.861 [FXGL Background Thread 3 ] DEBUG Engine               - title: Pokemon boh
23:07:23.861 [FXGL Background Thread 3 ] DEBUG Engine               - urlGithub: https://github.com/AlmasB/FXGL
23:07:23.861 [FXGL Background Thread 3 ] DEBUG Engine               - urlLeaderboard: http://fxgl-top.herokuapp.com/
23:07:23.861 [FXGL Background Thread 3 ] DEBUG Engine               - urlPOM: https://raw.githubusercontent.com/AlmasB/FXGL/release/README.md
23:07:23.861 [FXGL Background Thread 3 ] DEBUG Engine               - userAppClass: class com.game.pokemon.PokemonApplication
23:07:23.861 [FXGL Background Thread 3 ] DEBUG Engine               - version: 0.1
23:07:23.861 [FXGL Background Thread 3 ] DEBUG Engine               - versionCheckDays: 7
23:07:23.861 [FXGL Background Thread 3 ] DEBUG Engine               - width: 1000
23:07:23.861 [FXGL Background Thread 3 ] DEBUG Engine               - Logging services
23:07:23.861 [FXGL Background Thread 3 ] DEBUG Engine               - class com.almasb.fxgl.app.services.FXGLAssetLoaderService
23:07:23.861 [FXGL Background Thread 3 ] DEBUG Engine               - class com.almasb.fxgl.app.FXGLApplication$GameApplicationService
23:07:23.861 [FXGL Background Thread 3 ] DEBUG Engine               - class com.almasb.fxgl.app.services.FXGLDialogService
23:07:23.861 [FXGL Background Thread 3 ] DEBUG Engine               - class com.almasb.fxgl.app.services.IOTaskExecutorService
23:07:23.861 [FXGL Background Thread 3 ] DEBUG Engine               - class com.almasb.fxgl.io.FileSystemService
23:07:23.861 [FXGL Background Thread 3 ] DEBUG Engine               - class com.almasb.fxgl.localization.LocalizationService
23:07:23.861 [FXGL Background Thread 3 ] DEBUG Engine               - class com.almasb.fxgl.app.services.SystemBundleService
23:07:23.861 [FXGL Background Thread 3 ] DEBUG Engine               - class com.almasb.fxgl.profile.SaveLoadService
23:07:23.861 [FXGL Background Thread 3 ] DEBUG Engine               - class com.almasb.fxgl.ui.FXGLUIFactoryServiceProvider
23:07:23.861 [FXGL Background Thread 3 ] DEBUG Engine               - class com.almasb.fxgl.ui.FXGLDialogFactoryServiceProvider
23:07:23.861 [FXGL Background Thread 3 ] DEBUG Engine               - class com.almasb.fxgl.audio.AudioPlayer
23:07:23.861 [FXGL Background Thread 3 ] DEBUG Engine               - class com.almasb.fxgl.notification.impl.NotificationServiceProvider
23:07:23.861 [FXGL Background Thread 3 ] DEBUG Engine               - class com.almasb.fxgl.achievement.AchievementService
23:07:23.861 [FXGL Background Thread 3 ] DEBUG Engine               - class com.almasb.fxgl.cutscene.CutsceneService
23:07:23.861 [FXGL Background Thread 3 ] DEBUG Engine               - class com.almasb.fxgl.minigames.MiniGameService
23:07:23.861 [FXGL Background Thread 3 ] DEBUG Engine               - class com.almasb.fxgl.net.NetService
23:07:23.861 [FXGL Background Thread 3 ] DEBUG Engine               - class com.almasb.fxgl.app.services.UpdaterService
23:07:23.861 [FXGL Background Thread 3 ] DEBUG Engine               - class com.almasb.fxgl.dev.DevService
23:07:31.590 [JavaFX Application Thread] DEBUG PrimaryStageWindow   - Push state: FXGLDefaultMenu
23:07:31.591 [JavaFX Application Thread] DEBUG Input                - Clearing active input actions
23:07:31.595 [JavaFX Application Thread] DEBUG GameApplicationServi - Removing overlay from GameScene and adding to FXGLDefaultMenu
23:07:31.596 [JavaFX Application Thread] DEBUG PrimaryStageWindow   - GameScene -> FXGLDefaultMenu
23:07:32.866 [JavaFX Application Thread] DEBUG Menu                 - fireExitToMainMenu()
23:07:32.869 [JavaFX Application Thread] DEBUG PrimaryStageWindow   - Push state: DialogSubScene
23:07:32.869 [JavaFX Application Thread] DEBUG Input                - Clearing active input actions
23:07:32.869 [JavaFX Application Thread] DEBUG GameApplicationServi - Removing overlay from FXGLDefaultMenu and adding to DialogSubScene
23:07:32.869 [JavaFX Application Thread] DEBUG PrimaryStageWindow   - FXGLDefaultMenu -> DialogSubScene
23:07:33.863 [JavaFX Application Thread] DEBUG PrimaryStageWindow   - Pop state: DialogSubScene
23:07:33.863 [JavaFX Application Thread] DEBUG Input                - Clearing active input actions
23:07:33.864 [JavaFX Application Thread] DEBUG GameApplicationServi - Removing overlay from DialogSubScene and adding to FXGLDefaultMenu
23:07:33.864 [JavaFX Application Thread] DEBUG PrimaryStageWindow   - FXGLDefaultMenu <- DialogSubScene
23:07:33.864 [JavaFX Application Thread] DEBUG PrimaryStageWindow   - Pop state: FXGLDefaultMenu
23:07:33.864 [JavaFX Application Thread] DEBUG Input                - Clearing active input actions
23:07:33.865 [JavaFX Application Thread] DEBUG GameApplicationServi - Removing overlay from FXGLDefaultMenu and adding to GameScene
23:07:33.865 [JavaFX Application Thread] DEBUG PrimaryStageWindow   - GameScene <- FXGLDefaultMenu
23:07:33.865 [JavaFX Application Thread] DEBUG Input                - Clearing active input actions
23:07:33.868 [JavaFX Application Thread] DEBUG GameApplicationServi - Removing overlay from GameScene and adding to FXGLMainMenuDummyScene
23:07:33.869 [JavaFX Application Thread] DEBUG PrimaryStageWindow   - GameScene -> FXGLMainMenuDummyScene
23:07:33.869 [JavaFX Application Thread] DEBUG PrimaryStageWindow   - Push state: FXGLDefaultMenu
23:07:33.869 [JavaFX Application Thread] DEBUG Input                - Clearing active input actions
23:07:33.871 [JavaFX Application Thread] DEBUG GameApplicationServi - Removing overlay from FXGLMainMenuDummyScene and adding to FXGLDefaultMenu
23:07:33.871 [JavaFX Application Thread] DEBUG PrimaryStageWindow   - FXGLMainMenuDummyScene -> FXGLDefaultMenu
23:07:35.357 [JavaFX Application Thread] DEBUG Menu                 - fireExit()
23:07:35.358 [JavaFX Application Thread] DEBUG PrimaryStageWindow   - Push state: DialogSubScene
23:07:35.358 [JavaFX Application Thread] DEBUG Input                - Clearing active input actions
23:07:35.359 [JavaFX Application Thread] DEBUG GameApplicationServi - Removing overlay from FXGLDefaultMenu and adding to DialogSubScene
23:07:35.359 [JavaFX Application Thread] DEBUG PrimaryStageWindow   - FXGLDefaultMenu -> DialogSubScene
23:07:36.187 [JavaFX Application Thread] DEBUG PrimaryStageWindow   - Pop state: DialogSubScene
23:07:36.187 [JavaFX Application Thread] DEBUG Input                - Clearing active input actions
23:07:36.189 [JavaFX Application Thread] DEBUG GameApplicationServi - Removing overlay from DialogSubScene and adding to FXGLDefaultMenu
23:07:36.189 [JavaFX Application Thread] DEBUG PrimaryStageWindow   - FXGLDefaultMenu <- DialogSubScene
23:07:36.189 [JavaFX Application Thread] DEBUG FXGLApplication      - Exiting FXGL
23:07:36.189 [JavaFX Application Thread] DEBUG LoopRunner           - Stopping loop
23:07:36.190 [JavaFX Application Thread] DEBUG SystemBundleService  - Saving FXGL system data
23:07:36.195 [JavaFX Application Thread] DEBUG FileSystemAccess     - Writing to: C:\Users\enric\Desktop\robe mie\Fermi\triennio\Informatica\Intellij\GiocoClasseQuarta\system\fxgl.bundle
23:07:36.200 [JavaFX Application Thread] DEBUG Async                - Shutting down background threads
23:07:36.201 [JavaFX Application Thread] DEBUG PrimaryStageWindow   - Closing main window
23:07:36.227 [JavaFX Application Thread] DEBUG Logger               - Closing Logger
