11:43:18.730 [main                     ] DEBUG Logger               - Configured Logger
11:43:18.749 [main                     ] DEBUG GameApplication      - Logging settings
Title: Megaman
Version: 0.1
Width: 1536
Height: 864
Fullscreen: true
Intro: false
Profiling: false
Single step:false
App Mode: DEVELOPER
Menu Key: ESCAPE
Stage Style: DECORATED
Scene Factory: class com.game.megaman2.FabbricaScene

11:43:19.018 [JavaFX Application Thread] DEBUG FXGLApplication      - Initializing FXGL
11:43:19.024 [JavaFX Application Thread] INFO  Engine               - FXGL-17.3 (30.03.2023 11.49) on WINDOWS (J:22.0.1 FX:22-ea)
11:43:19.024 [JavaFX Application Thread] DEBUG Engine               - JRE Vendor Name: Oracle Corporation
11:43:19.024 [JavaFX Application Thread] DEBUG Engine               - Running on OS: Windows 11 version 10.0
11:43:19.024 [JavaFX Application Thread] DEBUG Engine               - Architecture: amd64
11:43:19.025 [JavaFX Application Thread] INFO  Engine               - Source code and latest versions at: https://github.com/AlmasB/FXGL
11:43:19.025 [JavaFX Application Thread] INFO  Engine               -       Ask questions and discuss at: https://github.com/AlmasB/FXGL/discussions
11:43:19.025 [JavaFX Application Thread] INFO  Engine               -              Join the FXGL chat at: https://gitter.im/AlmasB/FXGL
11:43:19.110 [JavaFX Application Thread] DEBUG PrimaryStageWindow   - Creating a JavaFX scene
11:43:19.153 [JavaFX Application Thread] DEBUG PrimaryStageWindow   - Target settings size: 1536.0 x 864.0
11:43:19.153 [JavaFX Application Thread] DEBUG PrimaryStageWindow   - Scaled scene size:    1536.0 x 864.0
11:43:19.153 [JavaFX Application Thread] DEBUG PrimaryStageWindow   - Scaled ratio: (1.0, 1.0)
11:43:19.154 [JavaFX Application Thread] DEBUG PrimaryStageWindow   - Set initial scene to FXGLStartupScene
11:43:19.158 [JavaFX Application Thread] DEBUG PrimaryStageWindow   - Opening main window
11:43:19.244 [JavaFX Application Thread] DEBUG PrimaryStageWindow   - Window border size: (14.4000244140625, 37.5999755859375)
11:43:19.244 [JavaFX Application Thread] DEBUG PrimaryStageWindow   - Scaled size: 1536.0 x 864.0
11:43:19.244 [JavaFX Application Thread] DEBUG PrimaryStageWindow   - Scaled ratio: (1.0, 1.0)
11:43:19.245 [JavaFX Application Thread] DEBUG PrimaryStageWindow   - Scene size: 1536.0 x 864.0
11:43:19.245 [JavaFX Application Thread] DEBUG PrimaryStageWindow   - Stage size: 1550.4000244140625 x 901.5999755859375
11:43:19.310 [JavaFX Application Thread] DEBUG PrimaryStageWindow   - Going fullscreen
11:43:19.319 [FXGL Background Thread 1 ] DEBUG Engine               - Initializing environment variables
11:43:19.369 [FXGL Background Thread 1 ] DEBUG FXGLAssetLoaderServi - User app class for loading assets: class com.game.megaman2.MegamanApplication
11:43:19.369 [FXGL Background Thread 1 ] DEBUG GameApplicationServi - Applying CSS: fxgl_dark.css
11:43:19.370 [FXGL Background Thread 1 ] DEBUG FXGLAssetLoaderServi - Loading from file system: jar:file:///C:/Users/enric/.m2/repository/com/github/almasb/fxgl/17.3/fxgl-17.3.jar!/fxglassets/ui/css/fxgl_dark.css
11:43:19.416 [FXGL Background Thread 1 ] DEBUG GameApplicationServi - Initializing application scenes
11:43:19.449 [FXGL Background Thread 1 ] DEBUG GameWorld            - Game world initialized
11:43:19.515 [FXGL Background Thread 1 ] DEBUG PhysicsWorld         - Physics world initialized: appHeight=864, physics.ppm=50,0
11:43:19.516 [FXGL Background Thread 1 ] DEBUG PhysicsWorld         - Using strategy: BRUTE_FORCE
11:43:19.518 [FXGL Background Thread 1 ] DEBUG GameScene            - Game scene initialized: 1536x864
11:43:19.528 [FXGL Background Thread 1 ] DEBUG FXGL.DefaultMenu     - createMenuBodyMainMenu()
11:43:19.538 [FXGL Background Thread 1 ] DEBUG FXGL.DefaultMenu     - createOptionsMenu()
11:43:19.544 [FXGL Background Thread 1 ] DEBUG FXGLAssetLoaderServi - Loading from file system: jar:file:///C:/Users/enric/.m2/repository/com/github/almasb/fxgl/17.3/fxgl-17.3.jar!/fxglassets/textures/particles/smoke.png
11:43:19.634 [FXGL Background Thread 1 ] DEBUG FXGLAssetLoaderServi - Loading from file system: jar:file:///C:/Users/enric/.m2/repository/com/github/almasb/fxgl/17.3/fxgl-17.3.jar!/fxglassets/textures/particles/trace_horizontal.png
11:43:19.663 [FXGL Background Thread 1 ] DEBUG FXGL.DefaultMenu     - createMenuBodyGameMenu()
11:43:19.664 [FXGL Background Thread 1 ] DEBUG FXGL.DefaultMenu     - createOptionsMenu()
11:43:19.676 [FXGL Background Thread 1 ] DEBUG GameApplicationServi - Application scenes initialized
11:43:19.688 [FXGL Background Thread 1 ] DEBUG SystemBundleService  - Loading FXGL system data
11:43:19.690 [FXGL Background Thread 1 ] DEBUG FileSystemAccess     - Reading from: C:\Users\enric\Desktop\robe mie\Fermi\triennio\Informatica\Intellij\GiocoClasseQuarta\system\fxgl.bundle
11:43:19.696 [FXGL Background Thread 1 ] DEBUG SystemBundleService  - Bundle FXGL: {}
11:43:19.696 [FXGL Background Thread 1 ] DEBUG UpdaterService       - Checking for updates
11:43:19.701 [FXGL Background Thread 4 ] DEBUG FXGLApplication      - Loading fonts
11:43:19.701 [FXGL Background Thread 4 ] DEBUG FXGLAssetLoaderServi - Loading from file system: jar:file:///C:/Users/enric/.m2/repository/com/github/almasb/fxgl/17.3/fxgl-17.3.jar!/fxglassets/ui/fonts/VarelaRound-Regular.ttf
11:43:19.702 [FXGL Background Thread 1 ] DEBUG FXGLApplication      - Loading default localization
11:43:19.702 [FXGL Background Thread 1 ] DEBUG FXGLAssetLoaderServi - Loading from file system: jar:file:///C:/Users/enric/.m2/repository/com/github/almasb/fxgl/17.3/fxgl-17.3.jar!/fxglassets/languages/english.lang
11:43:19.723 [FXGL Background Thread 1 ] INFO  FXGLApplication      - FXGL initialization took: 0,405 sec
11:43:19.735 [JavaFX Application Thread] DEBUG Input                - Registered new binding: Move Right - D
11:43:19.735 [JavaFX Application Thread] DEBUG Input                - Registered new binding: Move Left - A
11:43:19.736 [JavaFX Application Thread] DEBUG Input                - Registered new binding: Jump - Space
11:43:19.736 [JavaFX Application Thread] DEBUG FXGLAssetLoaderServi - Loading from file system: jar:file:///C:/Users/enric/.m2/repository/com/github/almasb/fxgl/17.3/fxgl-17.3.jar!/fxglassets/textures/fxgl_icon.png
11:43:19.744 [FXGL Background Thread 4 ] DEBUG FXGLAssetLoaderServi - Loading from file system: jar:file:///C:/Users/enric/.m2/repository/com/github/almasb/fxgl/17.3/fxgl-17.3.jar!/fxglassets/ui/fonts/Abel-Regular.ttf
11:43:19.755 [FXGL Background Thread 4 ] DEBUG FXGLAssetLoaderServi - Loading from file system: jar:file:///C:/Users/enric/.m2/repository/com/github/almasb/fxgl/17.3/fxgl-17.3.jar!/fxglassets/ui/fonts/TerminalLandMono-Regular.otf
11:43:19.766 [JavaFX Application Thread] DEBUG FXGLAssetLoaderServi - Loading from file system: jar:file:///C:/Users/enric/.m2/repository/com/github/almasb/fxgl/17.3/fxgl-17.3.jar!/fxglassets/textures/fxgl_default_cursor.png
11:43:19.766 [FXGL Background Thread 4 ] DEBUG FXGLAssetLoaderServi - Loading from file system: jar:file:///C:/Users/enric/.m2/repository/com/github/almasb/fxgl/17.3/fxgl-17.3.jar!/fxglassets/ui/fonts/Courier-Prime.ttf
11:43:19.768 [JavaFX Application Thread] DEBUG Input                - Registered new binding: Screenshot - CTRL+8
11:43:19.769 [JavaFX Application Thread] DEBUG Input                - Registered new binding: System info dump - CTRL+9
11:43:19.769 [JavaFX Application Thread] DEBUG Input                - Registered new binding: Restart - CTRL+R
11:43:19.770 [JavaFX Application Thread] DEBUG Input                - Registered new binding: Toggle Debug Camera - CTRL+7
11:43:19.773 [JavaFX Application Thread] DEBUG LoopRunner           - Starting loop
11:43:19.773 [JavaFX Application Thread] DEBUG LoopRunner           - Initializing JavaFX AnimationTimerLoop
11:43:19.776 [JavaFX Application Thread] DEBUG Input                - Clearing active input actions
11:43:19.791 [JavaFX Application Thread] DEBUG GameApplicationServi - Removing overlay from FXGLStartupScene and adding to FXGLMainMenuDummyScene
11:43:19.791 [JavaFX Application Thread] DEBUG PrimaryStageWindow   - FXGLStartupScene -> FXGLMainMenuDummyScene
11:43:19.792 [JavaFX Application Thread] DEBUG PrimaryStageWindow   - Push state: FXGLDefaultMenu
11:43:19.801 [JavaFX Application Thread] DEBUG Input                - Clearing active input actions
11:43:19.808 [JavaFX Application Thread] DEBUG GameApplicationServi - Removing overlay from FXGLMainMenuDummyScene and adding to FXGLDefaultMenu
11:43:19.808 [JavaFX Application Thread] DEBUG PrimaryStageWindow   - FXGLMainMenuDummyScene -> FXGLDefaultMenu
11:43:19.894 [JavaFX Application Thread] DEBUG FXGLApplication      - Registering font factories with UI factory
11:43:19.910 [FXGL Background Thread 2 ] WARN  UpdaterService       - Failed to find updates: java.net.UnknownHostException: raw.githubusercontent.com
11:43:20.824 [JavaFX Application Thread] DEBUG Menu                 - fireNewGame()
11:43:20.824 [JavaFX Application Thread] DEBUG GameApplicationServi - Starting new game
11:43:20.826 [JavaFX Application Thread] DEBUG PrimaryStageWindow   - Pop state: FXGLDefaultMenu
11:43:20.826 [JavaFX Application Thread] DEBUG Input                - Clearing active input actions
11:43:20.827 [JavaFX Application Thread] DEBUG GameApplicationServi - Removing overlay from FXGLDefaultMenu and adding to FXGLMainMenuDummyScene
11:43:20.828 [JavaFX Application Thread] DEBUG PrimaryStageWindow   - FXGLMainMenuDummyScene <- FXGLDefaultMenu
11:43:20.828 [JavaFX Application Thread] DEBUG Input                - Clearing active input actions
11:43:20.834 [JavaFX Application Thread] DEBUG GameApplicationServi - Removing overlay from FXGLMainMenuDummyScene and adding to FXGLLoadingScene
11:43:20.834 [JavaFX Application Thread] DEBUG PrimaryStageWindow   - FXGLMainMenuDummyScene -> FXGLLoadingScene
11:43:20.834 [JavaFX Application Thread] DEBUG GameApplicationServi - Clearing previous game
11:43:20.834 [JavaFX Application Thread] DEBUG GameScene            - Clearing game scene
11:43:20.834 [JavaFX Application Thread] DEBUG GameWorld            - Clearing game world
11:43:20.835 [JavaFX Application Thread] DEBUG PhysicsWorld         - Clearing physics world
11:43:20.838 [FXGL Background Thread 2 ] DEBUG FXGLApplication      - Initializing game
11:43:20.897 [FXGL Background Thread 2 ] WARN  TMXLevelLoader       - TiledMap generated from 1.10.2. Supported version: 1.9.0. Some features may not be parsed fully.
11:43:20.906 [FXGL Background Thread 2 ] DEBUG TMXLevelLoader       - Parsed TiledMap: file:/C:/Users/enric/Desktop/robe%20mie/Fermi/triennio/Informatica/Intellij/GiocoClasseQuarta/target/classes/assets/levels/livello.tmx
11:43:20.907 [FXGL Background Thread 2 ] DEBUG TMXLevelLoader       - Creating tile layer entities
11:43:20.909 [FXGL Background Thread 2 ] DEBUG TilesetLoader        - Loading view for layer Livello tile 1
11:43:20.921 [FXGL Background Thread 2 ] DEBUG TilesetLoader        - Created buffer with size 3840.0x1024.0
11:43:20.922 [FXGL Background Thread 2 ] WARN  TMXLevelLoader       - Parse error
java.lang.IllegalArgumentException: Tile with id=27 not found
	at com.almasb.fxgl.entity@17.3/com.almasb.fxgl.entity.level.tiled.TilesetLoader.loadView(TilesetLoader.kt:153)
	at com.almasb.fxgl.entity@17.3/com.almasb.fxgl.entity.level.tiled.TMXLevelLoader$createTileLayerEntities$1.invoke(TMXLevelLoader.kt:100)
	at com.almasb.fxgl.entity@17.3/com.almasb.fxgl.entity.level.tiled.TMXLevelLoader$createTileLayerEntities$1.invoke(TMXLevelLoader.kt:89)
	at com.almasb.fxgl.entity@17.3/com.almasb.fxgl.entity.level.tiled.TMXLevelLoader.createTileLayerEntities$lambda$3(TMXLevelLoader.kt:89)
	at java.base/java.util.stream.ReferencePipeline$3$1.accept(ReferencePipeline.java:212)
	at java.base/java.util.ArrayList$ArrayListSpliterator.forEachRemaining(ArrayList.java:1709)
	at java.base/java.util.stream.AbstractPipeline.copyInto(AbstractPipeline.java:556)
	at java.base/java.util.stream.AbstractPipeline.wrapAndCopyInto(AbstractPipeline.java:546)
	at java.base/java.util.stream.ReduceOps$ReduceOp.evaluateSequential(ReduceOps.java:921)
	at java.base/java.util.stream.AbstractPipeline.evaluate(AbstractPipeline.java:265)
	at java.base/java.util.stream.ReferencePipeline.collect(ReferencePipeline.java:702)
	at com.almasb.fxgl.entity@17.3/com.almasb.fxgl.entity.level.tiled.TMXLevelLoader.createTileLayerEntities(TMXLevelLoader.kt:117)
	at com.almasb.fxgl.entity@17.3/com.almasb.fxgl.entity.level.tiled.TMXLevelLoader.load(TMXLevelLoader.kt:58)
	at com.almasb.fxgl.all@17.3/com.almasb.fxgl.app.services.FXGLAssetLoaderService.loadLevel(FXGLAssetLoaderService.kt:430)
	at com.almasb.fxgl.all@17.3/com.almasb.fxgl.dsl.FXGL$Companion.setLevelFromMap(FXGL.kt:634)
	at com.almasb.fxgl.all@17.3/com.almasb.fxgl.dsl.FXGL.setLevelFromMap(FXGL.kt)
	at com.game.megaman2/com.game.megaman2.MegamanApplication.initGame(MegamanApplication.java:122)
	at com.almasb.fxgl.all@17.3/com.almasb.fxgl.app.FXGLApplication$InitAppTask.initGame(FXGLApplication.kt:339)
	at com.almasb.fxgl.all@17.3/com.almasb.fxgl.app.FXGLApplication$InitAppTask.call(FXGLApplication.kt:319)
	at com.almasb.fxgl.all@17.3/com.almasb.fxgl.app.FXGLApplication$InitAppTask.call(FXGLApplication.kt:311)
	at javafx.graphics@22-ea/javafx.concurrent.Task$TaskCallable.call(Task.java:1399)
	at java.base/java.util.concurrent.FutureTask.run(FutureTask.java:317)
	at java.base/java.util.concurrent.Executors$RunnableAdapter.call(Executors.java:572)
	at java.base/java.util.concurrent.FutureTask.run(FutureTask.java:317)
	at java.base/java.util.concurrent.ThreadPoolExecutor.runWorker(ThreadPoolExecutor.java:1144)
	at java.base/java.util.concurrent.ThreadPoolExecutor$Worker.run(ThreadPoolExecutor.java:642)
	at java.base/java.lang.Thread.run(Thread.java:1570)

11:43:20.926 [JavaFX Application Thread] DEBUG LoopRunner           - Stopping loop
11:43:20.927 [JavaFX Application Thread] FATAL FXGLApplication      - Uncaught Exception:
java.lang.RuntimeException: Initialization failed
	at com.almasb.fxgl.all@17.3/com.almasb.fxgl.app.FXGLApplication$InitAppTask.failed(FXGLApplication.kt:343)
	at javafx.graphics@22-ea/javafx.concurrent.Task.setState(Task.java:710)
	at javafx.graphics@22-ea/javafx.concurrent.Task$TaskCallable.lambda$call$2(Task.java:1429)
	at javafx.graphics@22-ea/com.sun.javafx.application.PlatformImpl.lambda$runLater$10(PlatformImpl.java:456)
	at java.base/java.security.AccessController.doPrivileged(AccessController.java:400)
	at javafx.graphics@22-ea/com.sun.javafx.application.PlatformImpl.lambda$runLater$11(PlatformImpl.java:455)
	at javafx.graphics@22-ea/com.sun.glass.ui.InvokeLaterDispatcher$Future.run(InvokeLaterDispatcher.java:95)
	at javafx.graphics@22-ea/com.sun.glass.ui.win.WinApplication._runLoop(Native Method)
	at javafx.graphics@22-ea/com.sun.glass.ui.win.WinApplication.lambda$runLoop$3(WinApplication.java:185)
	at java.base/java.lang.Thread.run(Thread.java:1570)
Caused by: com.almasb.fxgl.entity.level.LevelLoadingException: Tile with id=27 not found
	at com.almasb.fxgl.entity@17.3/com.almasb.fxgl.entity.level.tiled.TMXLevelLoader.load(TMXLevelLoader.kt:78)
	at com.almasb.fxgl.all@17.3/com.almasb.fxgl.app.services.FXGLAssetLoaderService.loadLevel(FXGLAssetLoaderService.kt:430)
	at com.almasb.fxgl.all@17.3/com.almasb.fxgl.dsl.FXGL$Companion.setLevelFromMap(FXGL.kt:634)
	at com.almasb.fxgl.all@17.3/com.almasb.fxgl.dsl.FXGL.setLevelFromMap(FXGL.kt)
	at com.game.megaman2/com.game.megaman2.MegamanApplication.initGame(MegamanApplication.java:122)
	at com.almasb.fxgl.all@17.3/com.almasb.fxgl.app.FXGLApplication$InitAppTask.initGame(FXGLApplication.kt:339)
	at com.almasb.fxgl.all@17.3/com.almasb.fxgl.app.FXGLApplication$InitAppTask.call(FXGLApplication.kt:319)
	at com.almasb.fxgl.all@17.3/com.almasb.fxgl.app.FXGLApplication$InitAppTask.call(FXGLApplication.kt:311)
	at javafx.graphics@22-ea/javafx.concurrent.Task$TaskCallable.call(Task.java:1399)
	at java.base/java.util.concurrent.FutureTask.run(FutureTask.java:317)
	at java.base/java.util.concurrent.Executors$RunnableAdapter.call(Executors.java:572)
	at java.base/java.util.concurrent.FutureTask.run(FutureTask.java:317)
	at java.base/java.util.concurrent.ThreadPoolExecutor.runWorker(ThreadPoolExecutor.java:1144)
	at java.base/java.util.concurrent.ThreadPoolExecutor$Worker.run(ThreadPoolExecutor.java:642)
	... 1 more
Caused by: java.lang.IllegalArgumentException: Tile with id=27 not found
	at com.almasb.fxgl.entity@17.3/com.almasb.fxgl.entity.level.tiled.TilesetLoader.loadView(TilesetLoader.kt:153)
	at com.almasb.fxgl.entity@17.3/com.almasb.fxgl.entity.level.tiled.TMXLevelLoader$createTileLayerEntities$1.invoke(TMXLevelLoader.kt:100)
	at com.almasb.fxgl.entity@17.3/com.almasb.fxgl.entity.level.tiled.TMXLevelLoader$createTileLayerEntities$1.invoke(TMXLevelLoader.kt:89)
	at com.almasb.fxgl.entity@17.3/com.almasb.fxgl.entity.level.tiled.TMXLevelLoader.createTileLayerEntities$lambda$3(TMXLevelLoader.kt:89)
	at java.base/java.util.stream.ReferencePipeline$3$1.accept(ReferencePipeline.java:212)
	at java.base/java.util.ArrayList$ArrayListSpliterator.forEachRemaining(ArrayList.java:1709)
	at java.base/java.util.stream.AbstractPipeline.copyInto(AbstractPipeline.java:556)
	at java.base/java.util.stream.AbstractPipeline.wrapAndCopyInto(AbstractPipeline.java:546)
	at java.base/java.util.stream.ReduceOps$ReduceOp.evaluateSequential(ReduceOps.java:921)
	at java.base/java.util.stream.AbstractPipeline.evaluate(AbstractPipeline.java:265)
	at java.base/java.util.stream.ReferencePipeline.collect(ReferencePipeline.java:702)
	at com.almasb.fxgl.entity@17.3/com.almasb.fxgl.entity.level.tiled.TMXLevelLoader.createTileLayerEntities(TMXLevelLoader.kt:117)
	at com.almasb.fxgl.entity@17.3/com.almasb.fxgl.entity.level.tiled.TMXLevelLoader.load(TMXLevelLoader.kt:58)
	... 14 more

11:43:20.927 [JavaFX Application Thread] FATAL FXGLApplication      - Application will now exit
11:43:20.940 [JavaFX Application Thread] DEBUG PrimaryStageWindow   - Push state: ErrorSubScene
11:43:20.940 [JavaFX Application Thread] DEBUG Input                - Clearing active input actions
11:43:20.944 [JavaFX Application Thread] DEBUG GameApplicationServi - Removing overlay from FXGLLoadingScene and adding to ErrorSubScene
11:43:20.944 [JavaFX Application Thread] DEBUG PrimaryStageWindow   - FXGLLoadingScene -> ErrorSubScene
11:43:22.700 [FXGL Background Thread 3 ] DEBUG Engine               - Logging environment variables
11:43:22.702 [FXGL Background Thread 3 ] DEBUG Engine               - achievements: []
11:43:22.702 [FXGL Background Thread 3 ] DEBUG Engine               - actualHeight: 864.0
11:43:22.702 [FXGL Background Thread 3 ] DEBUG Engine               - actualHeightProperty: ReadOnlyDoubleProperty [value: 864.0]
11:43:22.702 [FXGL Background Thread 3 ] DEBUG Engine               - actualWidth: 1536.0
11:43:22.703 [FXGL Background Thread 3 ] DEBUG Engine               - actualWidthProperty: ReadOnlyDoubleProperty [value: 1536.0]
11:43:22.703 [FXGL Background Thread 3 ] DEBUG Engine               - appIcon: fxgl_icon.png
11:43:22.703 [FXGL Background Thread 3 ] DEBUG Engine               - applicationMode: DEVELOPER
11:43:22.704 [FXGL Background Thread 3 ] DEBUG Engine               - cSSList: [fxgl_dark.css]
11:43:22.704 [FXGL Background Thread 3 ] DEBUG Engine               - collisionDetectionStrategy: BRUTE_FORCE
11:43:22.704 [FXGL Background Thread 3 ] DEBUG Engine               - configClass: Optional.empty
11:43:22.704 [FXGL Background Thread 3 ] DEBUG Engine               - credits: []
11:43:22.705 [FXGL Background Thread 3 ] DEBUG Engine               - defaultCursor: CursorInfo(imageName=fxgl_default_cursor.png, hotspotX=7.0, hotspotY=6.0)
11:43:22.706 [FXGL Background Thread 3 ] DEBUG Engine               - devBBoxColorProperty: ObjectProperty [value: 0xff0000ff]
11:43:22.706 [FXGL Background Thread 3 ] DEBUG Engine               - devEnableDebugCameraProperty: BooleanProperty [value: false]
11:43:22.706 [FXGL Background Thread 3 ] DEBUG Engine               - devSensorColorProperty: ObjectProperty [value: 0xffff00ff]
11:43:22.707 [FXGL Background Thread 3 ] DEBUG Engine               - devShowBBoxProperty: BooleanProperty [value: false]
11:43:22.707 [FXGL Background Thread 3 ] DEBUG Engine               - devShowPositionProperty: BooleanProperty [value: false]
11:43:22.707 [FXGL Background Thread 3 ] DEBUG Engine               - enabledMenuItems: []
11:43:22.707 [FXGL Background Thread 3 ] DEBUG Engine               - engineServices: [class com.almasb.fxgl.app.services.FXGLAssetLoaderService, class com.almasb.fxgl.app.FXGLApplication$GameApplicationService, class com.almasb.fxgl.app.services.FXGLDialogService, class com.almasb.fxgl.app.services.IOTaskExecutorService, class com.almasb.fxgl.io.FileSystemService, class com.almasb.fxgl.localization.LocalizationService, class com.almasb.fxgl.app.services.SystemBundleService, class com.almasb.fxgl.profile.SaveLoadService, class com.almasb.fxgl.ui.FXGLUIFactoryServiceProvider, class com.almasb.fxgl.ui.FXGLDialogFactoryServiceProvider, class com.almasb.fxgl.audio.AudioPlayer, class com.almasb.fxgl.notification.impl.NotificationServiceProvider, class com.almasb.fxgl.achievement.AchievementService, class com.almasb.fxgl.cutscene.CutsceneService, class com.almasb.fxgl.minigames.MiniGameService, class com.almasb.fxgl.net.NetService, class com.almasb.fxgl.app.services.UpdaterService, class com.almasb.fxgl.dev.DevService]
11:43:22.708 [FXGL Background Thread 3 ] DEBUG Engine               - fontGame: Abel-Regular.ttf
11:43:22.708 [FXGL Background Thread 3 ] DEBUG Engine               - fontMono: TerminalLandMono-Regular.otf
11:43:22.708 [FXGL Background Thread 3 ] DEBUG Engine               - fontSizeScaleUI: 1.0
11:43:22.708 [FXGL Background Thread 3 ] DEBUG Engine               - fontText: Courier-Prime.ttf
11:43:22.709 [FXGL Background Thread 3 ] DEBUG Engine               - fontUI: VarelaRound-Regular.ttf
11:43:22.709 [FXGL Background Thread 3 ] DEBUG Engine               - fullScreen: BooleanProperty [value: true]
11:43:22.709 [FXGL Background Thread 3 ] DEBUG Engine               - gameDifficulty: MEDIUM
11:43:22.709 [FXGL Background Thread 3 ] DEBUG Engine               - gameDifficultyProperty: ObjectProperty [value: MEDIUM]
11:43:22.710 [FXGL Background Thread 3 ] DEBUG Engine               - globalMusicVolume: 0.5
11:43:22.710 [FXGL Background Thread 3 ] DEBUG Engine               - globalMusicVolumeProperty: DoubleProperty [value: 0.5]
11:43:22.710 [FXGL Background Thread 3 ] DEBUG Engine               - globalSoundVolume: 0.5
11:43:22.711 [FXGL Background Thread 3 ] DEBUG Engine               - globalSoundVolumeProperty: DoubleProperty [value: 0.5]
11:43:22.711 [FXGL Background Thread 3 ] DEBUG Engine               - height: 864
11:43:22.712 [FXGL Background Thread 3 ] DEBUG Engine               - is3D: false
11:43:22.712 [FXGL Background Thread 3 ] DEBUG Engine               - isAndroid: false
11:43:22.712 [FXGL Background Thread 3 ] DEBUG Engine               - isBrowser: false
11:43:22.712 [FXGL Background Thread 3 ] DEBUG Engine               - isClickFeedbackEnabled: false
11:43:22.712 [FXGL Background Thread 3 ] DEBUG Engine               - isCloseConfirmation: false
11:43:22.713 [FXGL Background Thread 3 ] DEBUG Engine               - isDesktop: true
11:43:22.713 [FXGL Background Thread 3 ] DEBUG Engine               - isDeveloperMenuEnabled: false
11:43:22.713 [FXGL Background Thread 3 ] DEBUG Engine               - isEmbedded: false
11:43:22.713 [FXGL Background Thread 3 ] DEBUG Engine               - isEntityPreloadEnabled: true
11:43:22.713 [FXGL Background Thread 3 ] DEBUG Engine               - isExperimentalTiledLargeMap: false
11:43:22.713 [FXGL Background Thread 3 ] DEBUG Engine               - isFileSystemWriteAllowed: true
11:43:22.713 [FXGL Background Thread 3 ] DEBUG Engine               - isFullScreenAllowed: true
11:43:22.714 [FXGL Background Thread 3 ] DEBUG Engine               - isFullScreenFromStart: true
11:43:22.714 [FXGL Background Thread 3 ] DEBUG Engine               - isGameMenuEnabled: true
11:43:22.714 [FXGL Background Thread 3 ] DEBUG Engine               - isIOS: false
11:43:22.714 [FXGL Background Thread 3 ] DEBUG Engine               - isIntroEnabled: false
11:43:22.714 [FXGL Background Thread 3 ] DEBUG Engine               - isLinux: false
11:43:22.714 [FXGL Background Thread 3 ] DEBUG Engine               - isMac: false
11:43:22.715 [FXGL Background Thread 3 ] DEBUG Engine               - isMainMenuEnabled: true
11:43:22.715 [FXGL Background Thread 3 ] DEBUG Engine               - isManualResizeEnabled: false
11:43:22.715 [FXGL Background Thread 3 ] DEBUG Engine               - isMobile: false
11:43:22.715 [FXGL Background Thread 3 ] DEBUG Engine               - isNative: false
11:43:22.715 [FXGL Background Thread 3 ] DEBUG Engine               - isPauseMusicWhenMinimized: true
11:43:22.715 [FXGL Background Thread 3 ] DEBUG Engine               - isPreserveResizeRatio: false
11:43:22.716 [FXGL Background Thread 3 ] DEBUG Engine               - isProfilingEnabled: false
11:43:22.716 [FXGL Background Thread 3 ] DEBUG Engine               - isScaleAffectedOnResize: true
11:43:22.716 [FXGL Background Thread 3 ] DEBUG Engine               - isSingleStep: false
11:43:22.716 [FXGL Background Thread 3 ] DEBUG Engine               - isUserProfileEnabled: false
11:43:22.716 [FXGL Background Thread 3 ] DEBUG Engine               - isWindows: true
11:43:22.716 [FXGL Background Thread 3 ] DEBUG Engine               - language: ObjectProperty [value: ENGLISH]
11:43:22.717 [FXGL Background Thread 3 ] DEBUG Engine               - menuKey: ESCAPE
11:43:22.717 [FXGL Background Thread 3 ] DEBUG Engine               - mouseSensitivity: 0.2
11:43:22.717 [FXGL Background Thread 3 ] DEBUG Engine               - notificationViewClass: class com.almasb.fxgl.notification.view.XboxNotificationView
11:43:22.717 [FXGL Background Thread 3 ] DEBUG Engine               - pixelsPerMeter: 50.0
11:43:22.717 [FXGL Background Thread 3 ] DEBUG Engine               - platform: WINDOWS
11:43:22.718 [FXGL Background Thread 3 ] DEBUG Engine               - prefHeightProperty: ReadOnlyDoubleProperty [value: 864.0]
11:43:22.718 [FXGL Background Thread 3 ] DEBUG Engine               - prefWidthProperty: ReadOnlyDoubleProperty [value: 1536.0]
11:43:22.718 [FXGL Background Thread 3 ] DEBUG Engine               - profileDir: profiles/
11:43:22.719 [FXGL Background Thread 3 ] DEBUG Engine               - profileName: StringProperty [value: DEFAULT]
11:43:22.719 [FXGL Background Thread 3 ] DEBUG Engine               - randomSeed: -1
11:43:22.720 [FXGL Background Thread 3 ] DEBUG Engine               - runtimeInfo: RuntimeInfo(platform=WINDOWS, version=17.3, build=30.03.2023 11.49)
11:43:22.720 [FXGL Background Thread 3 ] DEBUG Engine               - saveFileExt: sav
11:43:22.720 [FXGL Background Thread 3 ] DEBUG Engine               - scaledHeightProp$fxgl: DoubleProperty [bound, value: 864.0]
11:43:22.720 [FXGL Background Thread 3 ] DEBUG Engine               - scaledWidthProp$fxgl: DoubleProperty [bound, value: 1536.0]
11:43:22.721 [FXGL Background Thread 3 ] DEBUG Engine               - sceneFactory: com.game.megaman2.FabbricaScene@40418ec7
11:43:22.721 [FXGL Background Thread 3 ] DEBUG Engine               - secondsIn24h: 60
11:43:22.721 [FXGL Background Thread 3 ] DEBUG Engine               - soundMenuBack: menu/back.wav
11:43:22.721 [FXGL Background Thread 3 ] DEBUG Engine               - soundMenuPress: menu/press.wav
11:43:22.722 [FXGL Background Thread 3 ] DEBUG Engine               - soundMenuSelect: menu/select.wav
11:43:22.722 [FXGL Background Thread 3 ] DEBUG Engine               - soundNotification: core/notification.wav
11:43:22.722 [FXGL Background Thread 3 ] DEBUG Engine               - stageStyle: DECORATED
11:43:22.722 [FXGL Background Thread 3 ] DEBUG Engine               - supportedLanguages: [ENGLISH, FRENCH, GERMAN, HUNGARIAN, RUSSIAN]
11:43:22.723 [FXGL Background Thread 3 ] DEBUG Engine               - ticksPerSecond: -1
11:43:22.723 [FXGL Background Thread 3 ] DEBUG Engine               - title: Megaman
11:43:22.723 [FXGL Background Thread 3 ] DEBUG Engine               - urlGithub: https://github.com/AlmasB/FXGL
11:43:22.723 [FXGL Background Thread 3 ] DEBUG Engine               - urlLeaderboard: http://fxgl-top.herokuapp.com/
11:43:22.723 [FXGL Background Thread 3 ] DEBUG Engine               - urlPOM: https://raw.githubusercontent.com/AlmasB/FXGL/release/README.md
11:43:22.724 [FXGL Background Thread 3 ] DEBUG Engine               - userAppClass: class com.game.megaman2.MegamanApplication
11:43:22.724 [FXGL Background Thread 3 ] DEBUG Engine               - version: 0.1
11:43:22.724 [FXGL Background Thread 3 ] DEBUG Engine               - versionCheckDays: 7
11:43:22.724 [FXGL Background Thread 3 ] DEBUG Engine               - width: 1536
11:43:22.724 [FXGL Background Thread 3 ] DEBUG Engine               - Logging services
11:43:22.725 [FXGL Background Thread 3 ] DEBUG Engine               - class com.almasb.fxgl.app.services.FXGLAssetLoaderService
11:43:22.725 [FXGL Background Thread 3 ] DEBUG Engine               - class com.almasb.fxgl.app.FXGLApplication$GameApplicationService
11:43:22.725 [FXGL Background Thread 3 ] DEBUG Engine               - class com.almasb.fxgl.app.services.FXGLDialogService
11:43:22.725 [FXGL Background Thread 3 ] DEBUG Engine               - class com.almasb.fxgl.app.services.IOTaskExecutorService
11:43:22.725 [FXGL Background Thread 3 ] DEBUG Engine               - class com.almasb.fxgl.io.FileSystemService
11:43:22.726 [FXGL Background Thread 3 ] DEBUG Engine               - class com.almasb.fxgl.localization.LocalizationService
11:43:22.726 [FXGL Background Thread 3 ] DEBUG Engine               - class com.almasb.fxgl.app.services.SystemBundleService
11:43:22.726 [FXGL Background Thread 3 ] DEBUG Engine               - class com.almasb.fxgl.profile.SaveLoadService
11:43:22.726 [FXGL Background Thread 3 ] DEBUG Engine               - class com.almasb.fxgl.ui.FXGLUIFactoryServiceProvider
11:43:22.726 [FXGL Background Thread 3 ] DEBUG Engine               - class com.almasb.fxgl.ui.FXGLDialogFactoryServiceProvider
11:43:22.726 [FXGL Background Thread 3 ] DEBUG Engine               - class com.almasb.fxgl.audio.AudioPlayer
11:43:22.727 [FXGL Background Thread 3 ] DEBUG Engine               - class com.almasb.fxgl.notification.impl.NotificationServiceProvider
11:43:22.727 [FXGL Background Thread 3 ] DEBUG Engine               - class com.almasb.fxgl.achievement.AchievementService
11:43:22.727 [FXGL Background Thread 3 ] DEBUG Engine               - class com.almasb.fxgl.cutscene.CutsceneService
11:43:22.727 [FXGL Background Thread 3 ] DEBUG Engine               - class com.almasb.fxgl.minigames.MiniGameService
11:43:22.727 [FXGL Background Thread 3 ] DEBUG Engine               - class com.almasb.fxgl.net.NetService
11:43:22.727 [FXGL Background Thread 3 ] DEBUG Engine               - class com.almasb.fxgl.app.services.UpdaterService
11:43:22.728 [FXGL Background Thread 3 ] DEBUG Engine               - class com.almasb.fxgl.dev.DevService
11:43:24.958 [JavaFX Application Thread] DEBUG FXGLApplication      - Exiting FXGL
11:43:24.958 [JavaFX Application Thread] DEBUG Async                - Shutting down background threads
11:43:24.958 [JavaFX Application Thread] DEBUG PrimaryStageWindow   - Closing main window
11:43:24.995 [JavaFX Application Thread] DEBUG Logger               - Closing Logger
