15:20:25.819 [main                     ] DEBUG Logger               - Configured Logger
15:20:25.841 [main                     ] DEBUG GameApplication      - Logging settings
Title: Pokemon boh
Version: 0.1
Width: 1000
Height: 720
Fullscreen: false
Intro: false
Profiling: false
Single step:false
App Mode: DEVELOPER
Menu Key: ESCAPE
Stage Style: DECORATED
Scene Factory: class com.game.pokemon.FabbricaScene

15:20:26.133 [JavaFX Application Thread] DEBUG FXGLApplication      - Initializing FXGL
15:20:26.139 [JavaFX Application Thread] INFO  Engine               - FXGL-17.3 (30.03.2023 11.49) on WINDOWS (J:22.0.1 FX:22-ea)
15:20:26.140 [JavaFX Application Thread] DEBUG Engine               - JRE Vendor Name: Oracle Corporation
15:20:26.140 [JavaFX Application Thread] DEBUG Engine               - Running on OS: Windows 11 version 10.0
15:20:26.140 [JavaFX Application Thread] DEBUG Engine               - Architecture: amd64
15:20:26.140 [JavaFX Application Thread] INFO  Engine               - Source code and latest versions at: https://github.com/AlmasB/FXGL
15:20:26.141 [JavaFX Application Thread] INFO  Engine               -       Ask questions and discuss at: https://github.com/AlmasB/FXGL/discussions
15:20:26.141 [JavaFX Application Thread] INFO  Engine               -              Join the FXGL chat at: https://gitter.im/AlmasB/FXGL
15:20:26.220 [JavaFX Application Thread] DEBUG PrimaryStageWindow   - Creating a JavaFX scene
15:20:26.263 [JavaFX Application Thread] DEBUG PrimaryStageWindow   - Target settings size: 1000.0 x 720.0
15:20:26.263 [JavaFX Application Thread] DEBUG PrimaryStageWindow   - Scaled scene size:    1000.0 x 720.0
15:20:26.263 [JavaFX Application Thread] DEBUG PrimaryStageWindow   - Scaled ratio: (1.0, 1.0)
15:20:26.264 [JavaFX Application Thread] DEBUG PrimaryStageWindow   - Set initial scene to FXGLStartupScene
15:20:26.266 [JavaFX Application Thread] DEBUG PrimaryStageWindow   - Opening main window
15:20:26.343 [JavaFX Application Thread] DEBUG PrimaryStageWindow   - Window border size: (14.4000244140625, 37.5999755859375)
15:20:26.343 [JavaFX Application Thread] DEBUG PrimaryStageWindow   - Scaled size: 1000.0 x 720.0
15:20:26.343 [JavaFX Application Thread] DEBUG PrimaryStageWindow   - Scaled ratio: (1.0, 1.0)
15:20:26.344 [JavaFX Application Thread] DEBUG PrimaryStageWindow   - Scene size: 1000.0 x 720.0
15:20:26.344 [JavaFX Application Thread] DEBUG PrimaryStageWindow   - Stage size: 1014.4000244140625 x 757.5999755859375
15:20:26.354 [FXGL Background Thread 1 ] DEBUG Engine               - Initializing environment variables
15:20:26.410 [FXGL Background Thread 1 ] DEBUG FXGLAssetLoaderServi - User app class for loading assets: class com.game.pokemon.PokemonApplication
15:20:26.411 [FXGL Background Thread 1 ] DEBUG GameApplicationServi - Applying CSS: fxgl_dark.css
15:20:26.411 [FXGL Background Thread 1 ] DEBUG FXGLAssetLoaderServi - Loading from file system: jar:file:///C:/Users/enric/.m2/repository/com/github/almasb/fxgl/17.3/fxgl-17.3.jar!/fxglassets/ui/css/fxgl_dark.css
15:20:26.458 [FXGL Background Thread 1 ] DEBUG GameApplicationServi - Initializing application scenes
15:20:26.509 [FXGL Background Thread 1 ] DEBUG GameWorld            - Game world initialized
15:20:26.574 [FXGL Background Thread 1 ] DEBUG PhysicsWorld         - Physics world initialized: appHeight=720, physics.ppm=50,0
15:20:26.574 [FXGL Background Thread 1 ] DEBUG PhysicsWorld         - Using strategy: BRUTE_FORCE
15:20:26.577 [FXGL Background Thread 1 ] DEBUG GameScene            - Game scene initialized: 1000x720
15:20:26.585 [FXGL Background Thread 1 ] DEBUG FXGL.DefaultMenu     - createMenuBodyMainMenu()
15:20:26.593 [FXGL Background Thread 1 ] DEBUG FXGL.DefaultMenu     - createOptionsMenu()
15:20:26.602 [FXGL Background Thread 1 ] DEBUG FXGLAssetLoaderServi - Loading from file system: jar:file:///C:/Users/enric/.m2/repository/com/github/almasb/fxgl/17.3/fxgl-17.3.jar!/fxglassets/textures/particles/smoke.png
15:20:26.687 [FXGL Background Thread 1 ] DEBUG FXGLAssetLoaderServi - Loading from file system: jar:file:///C:/Users/enric/.m2/repository/com/github/almasb/fxgl/17.3/fxgl-17.3.jar!/fxglassets/textures/particles/trace_horizontal.png
15:20:26.717 [FXGL Background Thread 1 ] DEBUG FXGLAssetLoaderServi - Loading from file system: file:/C:/Users/enric/Desktop/robe%20mie/Fermi/triennio/Informatica/Intellij/GiocoClasseQuarta/target/classes/assets/music/musicaMenu.mp3
15:20:26.859 [FXGL Background Thread 1 ] DEBUG FXGL.DefaultMenu     - createMenuBodyGameMenu()
15:20:26.860 [FXGL Background Thread 1 ] DEBUG FXGL.DefaultMenu     - createOptionsMenu()
15:20:26.873 [FXGL Background Thread 1 ] DEBUG GameApplicationServi - Application scenes initialized
15:20:26.883 [FXGL Background Thread 1 ] DEBUG SystemBundleService  - Loading FXGL system data
15:20:26.888 [FXGL Background Thread 1 ] DEBUG FileSystemAccess     - Reading from: C:\Users\enric\Desktop\robe mie\Fermi\triennio\Informatica\Intellij\GiocoClasseQuarta\system\fxgl.bundle
15:20:26.896 [FXGL Background Thread 1 ] DEBUG SystemBundleService  - Bundle FXGL: {}
15:20:26.896 [FXGL Background Thread 1 ] DEBUG UpdaterService       - Checking for updates
15:20:26.900 [FXGL Background Thread 4 ] DEBUG FXGLApplication      - Loading fonts
15:20:26.901 [FXGL Background Thread 4 ] DEBUG FXGLAssetLoaderServi - Loading from file system: jar:file:///C:/Users/enric/.m2/repository/com/github/almasb/fxgl/17.3/fxgl-17.3.jar!/fxglassets/ui/fonts/VarelaRound-Regular.ttf
15:20:26.901 [FXGL Background Thread 1 ] DEBUG FXGLApplication      - Loading default localization
15:20:26.901 [FXGL Background Thread 1 ] DEBUG FXGLAssetLoaderServi - Loading from file system: jar:file:///C:/Users/enric/.m2/repository/com/github/almasb/fxgl/17.3/fxgl-17.3.jar!/fxglassets/languages/english.lang
15:20:26.919 [FXGL Background Thread 1 ] INFO  FXGLApplication      - FXGL initialization took: 0,565 sec
15:20:26.933 [JavaFX Application Thread] DEBUG Input                - Registered new binding: Move Right - D
15:20:26.934 [JavaFX Application Thread] DEBUG Input                - Registered new binding: Move Left - A
15:20:26.934 [JavaFX Application Thread] DEBUG Input                - Registered new binding: Move Up - W
15:20:26.934 [JavaFX Application Thread] DEBUG Input                - Registered new binding: Move Down - S
15:20:26.935 [JavaFX Application Thread] DEBUG FXGLAssetLoaderServi - Loading from file system: jar:file:///C:/Users/enric/.m2/repository/com/github/almasb/fxgl/17.3/fxgl-17.3.jar!/fxglassets/textures/fxgl_icon.png
15:20:26.943 [FXGL Background Thread 4 ] DEBUG FXGLAssetLoaderServi - Loading from file system: jar:file:///C:/Users/enric/.m2/repository/com/github/almasb/fxgl/17.3/fxgl-17.3.jar!/fxglassets/ui/fonts/Abel-Regular.ttf
15:20:26.956 [FXGL Background Thread 4 ] DEBUG FXGLAssetLoaderServi - Loading from file system: jar:file:///C:/Users/enric/.m2/repository/com/github/almasb/fxgl/17.3/fxgl-17.3.jar!/fxglassets/ui/fonts/TerminalLandMono-Regular.otf
15:20:26.957 [JavaFX Application Thread] DEBUG FXGLAssetLoaderServi - Loading from file system: jar:file:///C:/Users/enric/.m2/repository/com/github/almasb/fxgl/17.3/fxgl-17.3.jar!/fxglassets/textures/fxgl_default_cursor.png
15:20:26.959 [JavaFX Application Thread] DEBUG Input                - Registered new binding: Screenshot - CTRL+8
15:20:26.960 [JavaFX Application Thread] DEBUG Input                - Registered new binding: System info dump - CTRL+9
15:20:26.960 [JavaFX Application Thread] DEBUG Input                - Registered new binding: Restart - CTRL+R
15:20:26.961 [JavaFX Application Thread] DEBUG Input                - Registered new binding: Toggle Debug Camera - CTRL+7
15:20:26.963 [JavaFX Application Thread] DEBUG LoopRunner           - Starting loop
15:20:26.963 [JavaFX Application Thread] DEBUG LoopRunner           - Initializing JavaFX AnimationTimerLoop
15:20:26.966 [JavaFX Application Thread] DEBUG Input                - Clearing active input actions
15:20:26.967 [FXGL Background Thread 4 ] DEBUG FXGLAssetLoaderServi - Loading from file system: jar:file:///C:/Users/enric/.m2/repository/com/github/almasb/fxgl/17.3/fxgl-17.3.jar!/fxglassets/ui/fonts/Courier-Prime.ttf
15:20:26.984 [JavaFX Application Thread] DEBUG GameApplicationServi - Removing overlay from FXGLStartupScene and adding to FXGLMainMenuDummyScene
15:20:26.985 [JavaFX Application Thread] DEBUG PrimaryStageWindow   - FXGLStartupScene -> FXGLMainMenuDummyScene
15:20:26.985 [JavaFX Application Thread] DEBUG PrimaryStageWindow   - Push state: MainMenu
15:20:26.994 [JavaFX Application Thread] DEBUG AudioPlayer          - Playing music com.almasb.fxgl.audio.Music@1bd6cfde
15:20:26.995 [JavaFX Application Thread] DEBUG Input                - Clearing active input actions
15:20:27.004 [JavaFX Application Thread] DEBUG GameApplicationServi - Removing overlay from FXGLMainMenuDummyScene and adding to MainMenu
15:20:27.004 [JavaFX Application Thread] DEBUG PrimaryStageWindow   - FXGLMainMenuDummyScene -> MainMenu
15:20:27.095 [JavaFX Application Thread] DEBUG FXGLApplication      - Registering font factories with UI factory
15:20:27.394 [FXGL Background Thread 2 ] INFO  UpdaterService       - Your current version:  17.3
15:20:27.394 [FXGL Background Thread 2 ] INFO  UpdaterService       - Latest stable version: 21.1
15:20:29.900 [FXGL Background Thread 3 ] DEBUG Engine               - Logging environment variables
15:20:29.902 [FXGL Background Thread 3 ] DEBUG Engine               - achievements: []
15:20:29.902 [FXGL Background Thread 3 ] DEBUG Engine               - actualHeight: 720.0
15:20:29.902 [FXGL Background Thread 3 ] DEBUG Engine               - actualHeightProperty: ReadOnlyDoubleProperty [value: 720.0]
15:20:29.902 [FXGL Background Thread 3 ] DEBUG Engine               - actualWidth: 1000.0
15:20:29.903 [FXGL Background Thread 3 ] DEBUG Engine               - actualWidthProperty: ReadOnlyDoubleProperty [value: 1000.0]
15:20:29.903 [FXGL Background Thread 3 ] DEBUG Engine               - appIcon: fxgl_icon.png
15:20:29.903 [FXGL Background Thread 3 ] DEBUG Engine               - applicationMode: DEVELOPER
15:20:29.903 [FXGL Background Thread 3 ] DEBUG Engine               - cSSList: [fxgl_dark.css]
15:20:29.903 [FXGL Background Thread 3 ] DEBUG Engine               - collisionDetectionStrategy: BRUTE_FORCE
15:20:29.903 [FXGL Background Thread 3 ] DEBUG Engine               - configClass: Optional.empty
15:20:29.904 [FXGL Background Thread 3 ] DEBUG Engine               - credits: []
15:20:29.904 [FXGL Background Thread 3 ] DEBUG Engine               - defaultCursor: CursorInfo(imageName=fxgl_default_cursor.png, hotspotX=7.0, hotspotY=6.0)
15:20:29.905 [FXGL Background Thread 3 ] DEBUG Engine               - devBBoxColorProperty: ObjectProperty [value: 0xff0000ff]
15:20:29.905 [FXGL Background Thread 3 ] DEBUG Engine               - devEnableDebugCameraProperty: BooleanProperty [value: false]
15:20:29.905 [FXGL Background Thread 3 ] DEBUG Engine               - devSensorColorProperty: ObjectProperty [value: 0xffff00ff]
15:20:29.905 [FXGL Background Thread 3 ] DEBUG Engine               - devShowBBoxProperty: BooleanProperty [value: false]
15:20:29.905 [FXGL Background Thread 3 ] DEBUG Engine               - devShowPositionProperty: BooleanProperty [value: false]
15:20:29.905 [FXGL Background Thread 3 ] DEBUG Engine               - enabledMenuItems: []
15:20:29.906 [FXGL Background Thread 3 ] DEBUG Engine               - engineServices: [class com.almasb.fxgl.app.services.FXGLAssetLoaderService, class com.almasb.fxgl.app.FXGLApplication$GameApplicationService, class com.almasb.fxgl.app.services.FXGLDialogService, class com.almasb.fxgl.app.services.IOTaskExecutorService, class com.almasb.fxgl.io.FileSystemService, class com.almasb.fxgl.localization.LocalizationService, class com.almasb.fxgl.app.services.SystemBundleService, class com.almasb.fxgl.profile.SaveLoadService, class com.almasb.fxgl.ui.FXGLUIFactoryServiceProvider, class com.almasb.fxgl.ui.FXGLDialogFactoryServiceProvider, class com.almasb.fxgl.audio.AudioPlayer, class com.almasb.fxgl.notification.impl.NotificationServiceProvider, class com.almasb.fxgl.achievement.AchievementService, class com.almasb.fxgl.cutscene.CutsceneService, class com.almasb.fxgl.minigames.MiniGameService, class com.almasb.fxgl.net.NetService, class com.almasb.fxgl.app.services.UpdaterService, class com.almasb.fxgl.dev.DevService]
15:20:29.906 [FXGL Background Thread 3 ] DEBUG Engine               - fontGame: Abel-Regular.ttf
15:20:29.906 [FXGL Background Thread 3 ] DEBUG Engine               - fontMono: TerminalLandMono-Regular.otf
15:20:29.906 [FXGL Background Thread 3 ] DEBUG Engine               - fontSizeScaleUI: 1.0
15:20:29.906 [FXGL Background Thread 3 ] DEBUG Engine               - fontText: Courier-Prime.ttf
15:20:29.906 [FXGL Background Thread 3 ] DEBUG Engine               - fontUI: VarelaRound-Regular.ttf
15:20:29.906 [FXGL Background Thread 3 ] DEBUG Engine               - fullScreen: BooleanProperty [value: false]
15:20:29.907 [FXGL Background Thread 3 ] DEBUG Engine               - gameDifficulty: MEDIUM
15:20:29.907 [FXGL Background Thread 3 ] DEBUG Engine               - gameDifficultyProperty: ObjectProperty [value: MEDIUM]
15:20:29.907 [FXGL Background Thread 3 ] DEBUG Engine               - globalMusicVolume: 0.5
15:20:29.907 [FXGL Background Thread 3 ] DEBUG Engine               - globalMusicVolumeProperty: DoubleProperty [value: 0.5]
15:20:29.907 [FXGL Background Thread 3 ] DEBUG Engine               - globalSoundVolume: 0.5
15:20:29.907 [FXGL Background Thread 3 ] DEBUG Engine               - globalSoundVolumeProperty: DoubleProperty [value: 0.5]
15:20:29.908 [FXGL Background Thread 3 ] DEBUG Engine               - height: 720
15:20:29.908 [FXGL Background Thread 3 ] DEBUG Engine               - is3D: false
15:20:29.908 [FXGL Background Thread 3 ] DEBUG Engine               - isAndroid: false
15:20:29.908 [FXGL Background Thread 3 ] DEBUG Engine               - isBrowser: false
15:20:29.908 [FXGL Background Thread 3 ] DEBUG Engine               - isClickFeedbackEnabled: false
15:20:29.908 [FXGL Background Thread 3 ] DEBUG Engine               - isCloseConfirmation: false
15:20:29.908 [FXGL Background Thread 3 ] DEBUG Engine               - isDesktop: true
15:20:29.909 [FXGL Background Thread 3 ] DEBUG Engine               - isDeveloperMenuEnabled: false
15:20:29.909 [FXGL Background Thread 3 ] DEBUG Engine               - isEmbedded: false
15:20:29.909 [FXGL Background Thread 3 ] DEBUG Engine               - isEntityPreloadEnabled: true
15:20:29.909 [FXGL Background Thread 3 ] DEBUG Engine               - isExperimentalTiledLargeMap: false
15:20:29.909 [FXGL Background Thread 3 ] DEBUG Engine               - isFileSystemWriteAllowed: true
15:20:29.909 [FXGL Background Thread 3 ] DEBUG Engine               - isFullScreenAllowed: false
15:20:29.909 [FXGL Background Thread 3 ] DEBUG Engine               - isFullScreenFromStart: false
15:20:29.910 [FXGL Background Thread 3 ] DEBUG Engine               - isGameMenuEnabled: true
15:20:29.910 [FXGL Background Thread 3 ] DEBUG Engine               - isIOS: false
15:20:29.910 [FXGL Background Thread 3 ] DEBUG Engine               - isIntroEnabled: false
15:20:29.910 [FXGL Background Thread 3 ] DEBUG Engine               - isLinux: false
15:20:29.910 [FXGL Background Thread 3 ] DEBUG Engine               - isMac: false
15:20:29.910 [FXGL Background Thread 3 ] DEBUG Engine               - isMainMenuEnabled: true
15:20:29.910 [FXGL Background Thread 3 ] DEBUG Engine               - isManualResizeEnabled: false
15:20:29.911 [FXGL Background Thread 3 ] DEBUG Engine               - isMobile: false
15:20:29.911 [FXGL Background Thread 3 ] DEBUG Engine               - isNative: false
15:20:29.911 [FXGL Background Thread 3 ] DEBUG Engine               - isPauseMusicWhenMinimized: true
15:20:29.912 [FXGL Background Thread 3 ] DEBUG Engine               - isPreserveResizeRatio: false
15:20:29.912 [FXGL Background Thread 3 ] DEBUG Engine               - isProfilingEnabled: false
15:20:29.912 [FXGL Background Thread 3 ] DEBUG Engine               - isScaleAffectedOnResize: true
15:20:29.912 [FXGL Background Thread 3 ] DEBUG Engine               - isSingleStep: false
15:20:29.912 [FXGL Background Thread 3 ] DEBUG Engine               - isUserProfileEnabled: false
15:20:29.912 [FXGL Background Thread 3 ] DEBUG Engine               - isWindows: true
15:20:29.912 [FXGL Background Thread 3 ] DEBUG Engine               - language: ObjectProperty [value: ENGLISH]
15:20:29.913 [FXGL Background Thread 3 ] DEBUG Engine               - menuKey: ESCAPE
15:20:29.913 [FXGL Background Thread 3 ] DEBUG Engine               - mouseSensitivity: 0.2
15:20:29.913 [FXGL Background Thread 3 ] DEBUG Engine               - notificationViewClass: class com.almasb.fxgl.notification.view.XboxNotificationView
15:20:29.913 [FXGL Background Thread 3 ] DEBUG Engine               - pixelsPerMeter: 50.0
15:20:29.913 [FXGL Background Thread 3 ] DEBUG Engine               - platform: WINDOWS
15:20:29.913 [FXGL Background Thread 3 ] DEBUG Engine               - prefHeightProperty: ReadOnlyDoubleProperty [value: 720.0]
15:20:29.913 [FXGL Background Thread 3 ] DEBUG Engine               - prefWidthProperty: ReadOnlyDoubleProperty [value: 1000.0]
15:20:29.914 [FXGL Background Thread 3 ] DEBUG Engine               - profileDir: profiles/
15:20:29.914 [FXGL Background Thread 3 ] DEBUG Engine               - profileName: StringProperty [value: DEFAULT]
15:20:29.914 [FXGL Background Thread 3 ] DEBUG Engine               - randomSeed: -1
15:20:29.915 [FXGL Background Thread 3 ] DEBUG Engine               - runtimeInfo: RuntimeInfo(platform=WINDOWS, version=17.3, build=30.03.2023 11.49)
15:20:29.915 [FXGL Background Thread 3 ] DEBUG Engine               - saveFileExt: sav
15:20:29.915 [FXGL Background Thread 3 ] DEBUG Engine               - scaledHeightProp$fxgl: DoubleProperty [bound, value: 720.0]
15:20:29.915 [FXGL Background Thread 3 ] DEBUG Engine               - scaledWidthProp$fxgl: DoubleProperty [bound, value: 1000.0]
15:20:29.915 [FXGL Background Thread 3 ] DEBUG Engine               - sceneFactory: com.game.pokemon.FabbricaScene@14289ffa
15:20:29.915 [FXGL Background Thread 3 ] DEBUG Engine               - secondsIn24h: 60
15:20:29.915 [FXGL Background Thread 3 ] DEBUG Engine               - soundMenuBack: menu/back.wav
15:20:29.916 [FXGL Background Thread 3 ] DEBUG Engine               - soundMenuPress: menu/press.wav
15:20:29.916 [FXGL Background Thread 3 ] DEBUG Engine               - soundMenuSelect: menu/select.wav
15:20:29.916 [FXGL Background Thread 3 ] DEBUG Engine               - soundNotification: core/notification.wav
15:20:29.916 [FXGL Background Thread 3 ] DEBUG Engine               - stageStyle: DECORATED
15:20:29.916 [FXGL Background Thread 3 ] DEBUG Engine               - supportedLanguages: [ENGLISH, FRENCH, GERMAN, HUNGARIAN, RUSSIAN]
15:20:29.916 [FXGL Background Thread 3 ] DEBUG Engine               - ticksPerSecond: -1
15:20:29.916 [FXGL Background Thread 3 ] DEBUG Engine               - title: Pokemon boh
15:20:29.916 [FXGL Background Thread 3 ] DEBUG Engine               - urlGithub: https://github.com/AlmasB/FXGL
15:20:29.916 [FXGL Background Thread 3 ] DEBUG Engine               - urlLeaderboard: http://fxgl-top.herokuapp.com/
15:20:29.917 [FXGL Background Thread 3 ] DEBUG Engine               - urlPOM: https://raw.githubusercontent.com/AlmasB/FXGL/release/README.md
15:20:29.917 [FXGL Background Thread 3 ] DEBUG Engine               - userAppClass: class com.game.pokemon.PokemonApplication
15:20:29.917 [FXGL Background Thread 3 ] DEBUG Engine               - version: 0.1
15:20:29.917 [FXGL Background Thread 3 ] DEBUG Engine               - versionCheckDays: 7
15:20:29.917 [FXGL Background Thread 3 ] DEBUG Engine               - width: 1000
15:20:29.917 [FXGL Background Thread 3 ] DEBUG Engine               - Logging services
15:20:29.918 [FXGL Background Thread 3 ] DEBUG Engine               - class com.almasb.fxgl.app.services.FXGLAssetLoaderService
15:20:29.918 [FXGL Background Thread 3 ] DEBUG Engine               - class com.almasb.fxgl.app.FXGLApplication$GameApplicationService
15:20:29.918 [FXGL Background Thread 3 ] DEBUG Engine               - class com.almasb.fxgl.app.services.FXGLDialogService
15:20:29.918 [FXGL Background Thread 3 ] DEBUG Engine               - class com.almasb.fxgl.app.services.IOTaskExecutorService
15:20:29.918 [FXGL Background Thread 3 ] DEBUG Engine               - class com.almasb.fxgl.io.FileSystemService
15:20:29.918 [FXGL Background Thread 3 ] DEBUG Engine               - class com.almasb.fxgl.localization.LocalizationService
15:20:29.918 [FXGL Background Thread 3 ] DEBUG Engine               - class com.almasb.fxgl.app.services.SystemBundleService
15:20:29.918 [FXGL Background Thread 3 ] DEBUG Engine               - class com.almasb.fxgl.profile.SaveLoadService
15:20:29.919 [FXGL Background Thread 3 ] DEBUG Engine               - class com.almasb.fxgl.ui.FXGLUIFactoryServiceProvider
15:20:29.919 [FXGL Background Thread 3 ] DEBUG Engine               - class com.almasb.fxgl.ui.FXGLDialogFactoryServiceProvider
15:20:29.919 [FXGL Background Thread 3 ] DEBUG Engine               - class com.almasb.fxgl.audio.AudioPlayer
15:20:29.919 [FXGL Background Thread 3 ] DEBUG Engine               - class com.almasb.fxgl.notification.impl.NotificationServiceProvider
15:20:29.919 [FXGL Background Thread 3 ] DEBUG Engine               - class com.almasb.fxgl.achievement.AchievementService
15:20:29.919 [FXGL Background Thread 3 ] DEBUG Engine               - class com.almasb.fxgl.cutscene.CutsceneService
15:20:29.919 [FXGL Background Thread 3 ] DEBUG Engine               - class com.almasb.fxgl.minigames.MiniGameService
15:20:29.919 [FXGL Background Thread 3 ] DEBUG Engine               - class com.almasb.fxgl.net.NetService
15:20:29.919 [FXGL Background Thread 3 ] DEBUG Engine               - class com.almasb.fxgl.app.services.UpdaterService
15:20:29.920 [FXGL Background Thread 3 ] DEBUG Engine               - class com.almasb.fxgl.dev.DevService
15:20:42.160 [JavaFX Application Thread] DEBUG Menu                 - fireNewGame()
15:20:42.160 [JavaFX Application Thread] DEBUG GameApplicationServi - Starting new game
15:20:42.160 [JavaFX Application Thread] DEBUG AudioPlayer          - Stopping music com.almasb.fxgl.audio.Music@1bd6cfde
15:20:42.167 [JavaFX Application Thread] DEBUG PrimaryStageWindow   - Pop state: MainMenu
15:20:42.167 [JavaFX Application Thread] DEBUG Input                - Clearing active input actions
15:20:42.170 [JavaFX Application Thread] DEBUG GameApplicationServi - Removing overlay from MainMenu and adding to FXGLMainMenuDummyScene
15:20:42.171 [JavaFX Application Thread] DEBUG PrimaryStageWindow   - FXGLMainMenuDummyScene <- MainMenu
15:20:42.173 [JavaFX Application Thread] DEBUG Input                - Clearing active input actions
15:20:42.191 [JavaFX Application Thread] DEBUG GameApplicationServi - Removing overlay from FXGLMainMenuDummyScene and adding to FXGLLoadingScene
15:20:42.192 [JavaFX Application Thread] DEBUG PrimaryStageWindow   - FXGLMainMenuDummyScene -> FXGLLoadingScene
15:20:42.192 [JavaFX Application Thread] DEBUG GameApplicationServi - Clearing previous game
15:20:42.193 [JavaFX Application Thread] DEBUG GameScene            - Clearing game scene
15:20:42.193 [JavaFX Application Thread] DEBUG GameWorld            - Clearing game world
15:20:42.193 [JavaFX Application Thread] DEBUG PhysicsWorld         - Clearing physics world
15:20:42.196 [FXGL Background Thread 2 ] DEBUG FXGLApplication      - Initializing game
15:20:42.254 [FXGL Background Thread 2 ] WARN  TMXLevelLoader       - TiledMap generated from 1.10.2. Supported version: 1.9.0. Some features may not be parsed fully.
15:20:42.289 [FXGL Background Thread 2 ] DEBUG TMXLevelLoader       - Parsed TiledMap: file:/C:/Users/enric/Desktop/robe%20mie/Fermi/triennio/Informatica/Intellij/GiocoClasseQuarta/target/classes/assets/levels/livello.tmx
15:20:42.290 [FXGL Background Thread 2 ] DEBUG TMXLevelLoader       - Creating tile layer entities
15:20:42.294 [FXGL Background Thread 2 ] DEBUG TilesetLoader        - Loading view for layer ground
15:20:42.305 [FXGL Background Thread 2 ] DEBUG TilesetLoader        - Created buffer with size 3200.0x3200.0
15:20:42.373 [FXGL Background Thread 2 ] DEBUG TMXLevelLoader       - Creating object layer entities
15:20:42.388 [FXGL Background Thread 2 ] DEBUG GameWorld            - Clearing removable entities
15:20:42.389 [FXGL Background Thread 2 ] DEBUG GameWorld            - Setting level: com.almasb.fxgl.entity.level.Level@1410d807
15:20:42.395 [FXGL Background Thread 2 ] DEBUG FXGLAssetLoaderServi - Loading from file system: file:/C:/Users/enric/Desktop/robe%20mie/Fermi/triennio/Informatica/Intellij/GiocoClasseQuarta/target/classes/assets/textures/matteolongobardi.png
15:20:42.402 [FXGL Background Thread 2 ] DEBUG FXGLAssetLoaderServi - Loading from file system: file:/C:/Users/enric/Desktop/robe%20mie/Fermi/triennio/Informatica/Intellij/GiocoClasseQuarta/target/classes/assets/textures/corsalaterale/corsalaterale1.png
15:20:42.403 [FXGL Background Thread 2 ] DEBUG FXGLAssetLoaderServi - Loading from file system: file:/C:/Users/enric/Desktop/robe%20mie/Fermi/triennio/Informatica/Intellij/GiocoClasseQuarta/target/classes/assets/textures/corsalaterale/corsalaterale2.png
15:20:42.404 [FXGL Background Thread 2 ] DEBUG FXGLAssetLoaderServi - Loading from file system: file:/C:/Users/enric/Desktop/robe%20mie/Fermi/triennio/Informatica/Intellij/GiocoClasseQuarta/target/classes/assets/textures/corsalaterale/corsalaterale3.png
15:20:42.404 [FXGL Background Thread 2 ] DEBUG FXGLAssetLoaderServi - Loading from file system: file:/C:/Users/enric/Desktop/robe%20mie/Fermi/triennio/Informatica/Intellij/GiocoClasseQuarta/target/classes/assets/textures/corsalaterale/corsalaterale4.png
15:20:42.405 [FXGL Background Thread 2 ] DEBUG FXGLAssetLoaderServi - Loading from file system: file:/C:/Users/enric/Desktop/robe%20mie/Fermi/triennio/Informatica/Intellij/GiocoClasseQuarta/target/classes/assets/textures/corsalaterale/corsalaterale5.png
15:20:42.405 [FXGL Background Thread 2 ] DEBUG FXGLAssetLoaderServi - Loading from file system: file:/C:/Users/enric/Desktop/robe%20mie/Fermi/triennio/Informatica/Intellij/GiocoClasseQuarta/target/classes/assets/textures/corsalaterale/corsalaterale6.png
15:20:42.406 [FXGL Background Thread 2 ] DEBUG FXGLAssetLoaderServi - Loading from file system: file:/C:/Users/enric/Desktop/robe%20mie/Fermi/triennio/Informatica/Intellij/GiocoClasseQuarta/target/classes/assets/textures/corsasu/corsasu1.png
15:20:42.407 [FXGL Background Thread 2 ] DEBUG FXGLAssetLoaderServi - Loading from file system: file:/C:/Users/enric/Desktop/robe%20mie/Fermi/triennio/Informatica/Intellij/GiocoClasseQuarta/target/classes/assets/textures/corsasu/corsasu2.png
15:20:42.407 [FXGL Background Thread 2 ] DEBUG FXGLAssetLoaderServi - Loading from file system: file:/C:/Users/enric/Desktop/robe%20mie/Fermi/triennio/Informatica/Intellij/GiocoClasseQuarta/target/classes/assets/textures/corsasu/corsasu3.png
15:20:42.408 [FXGL Background Thread 2 ] DEBUG FXGLAssetLoaderServi - Loading from file system: file:/C:/Users/enric/Desktop/robe%20mie/Fermi/triennio/Informatica/Intellij/GiocoClasseQuarta/target/classes/assets/textures/corsasu/corsasu4.png
15:20:42.408 [FXGL Background Thread 2 ] DEBUG FXGLAssetLoaderServi - Loading from file system: file:/C:/Users/enric/Desktop/robe%20mie/Fermi/triennio/Informatica/Intellij/GiocoClasseQuarta/target/classes/assets/textures/corsasu/corsasu5.png
15:20:42.409 [FXGL Background Thread 2 ] DEBUG FXGLAssetLoaderServi - Loading from file system: file:/C:/Users/enric/Desktop/robe%20mie/Fermi/triennio/Informatica/Intellij/GiocoClasseQuarta/target/classes/assets/textures/corsasu/corsasu6.png
15:20:42.410 [FXGL Background Thread 2 ] DEBUG FXGLAssetLoaderServi - Loading from file system: file:/C:/Users/enric/Desktop/robe%20mie/Fermi/triennio/Informatica/Intellij/GiocoClasseQuarta/target/classes/assets/textures/corsagiu/corsagiu1.png
15:20:42.410 [FXGL Background Thread 2 ] DEBUG FXGLAssetLoaderServi - Loading from file system: file:/C:/Users/enric/Desktop/robe%20mie/Fermi/triennio/Informatica/Intellij/GiocoClasseQuarta/target/classes/assets/textures/corsagiu/corsagiu2.png
15:20:42.411 [FXGL Background Thread 2 ] DEBUG FXGLAssetLoaderServi - Loading from file system: file:/C:/Users/enric/Desktop/robe%20mie/Fermi/triennio/Informatica/Intellij/GiocoClasseQuarta/target/classes/assets/textures/corsagiu/corsagiu3.png
15:20:42.411 [FXGL Background Thread 2 ] DEBUG FXGLAssetLoaderServi - Loading from file system: file:/C:/Users/enric/Desktop/robe%20mie/Fermi/triennio/Informatica/Intellij/GiocoClasseQuarta/target/classes/assets/textures/corsagiu/corsagiu4.png
15:20:42.411 [FXGL Background Thread 2 ] DEBUG FXGLAssetLoaderServi - Loading from file system: file:/C:/Users/enric/Desktop/robe%20mie/Fermi/triennio/Informatica/Intellij/GiocoClasseQuarta/target/classes/assets/textures/corsagiu/corsagiu5.png
15:20:42.412 [FXGL Background Thread 2 ] DEBUG FXGLAssetLoaderServi - Loading from file system: file:/C:/Users/enric/Desktop/robe%20mie/Fermi/triennio/Informatica/Intellij/GiocoClasseQuarta/target/classes/assets/textures/corsagiu/corsagiu6.png
15:20:42.414 [FXGL Background Thread 2 ] DEBUG FXGLAssetLoaderServi - Loading from file system: file:/C:/Users/enric/Desktop/robe%20mie/Fermi/triennio/Informatica/Intellij/GiocoClasseQuarta/target/classes/assets/music/musicaSottofondo.mp3
15:20:42.416 [FXGL Background Thread 2 ] DEBUG AudioPlayer          - Playing music com.almasb.fxgl.audio.Music@2670bfdc
15:20:42.417 [FXGL Background Thread 2 ] INFO  FXGLApplication      - Game initialization took: 0,221 sec
15:20:42.417 [JavaFX Application Thread] DEBUG Input                - Clearing active input actions
15:20:42.422 [JavaFX Application Thread] DEBUG GameApplicationServi - Removing overlay from FXGLLoadingScene and adding to GameScene
15:20:42.423 [JavaFX Application Thread] DEBUG PrimaryStageWindow   - FXGLLoadingScene -> GameScene
15:20:47.131 [JavaFX Application Thread] DEBUG PrimaryStageWindow   - Push state: FXGLDefaultMenu
15:20:47.131 [JavaFX Application Thread] DEBUG Input                - Clearing active input actions
15:20:47.135 [JavaFX Application Thread] DEBUG GameApplicationServi - Removing overlay from GameScene and adding to FXGLDefaultMenu
15:20:47.135 [JavaFX Application Thread] DEBUG PrimaryStageWindow   - GameScene -> FXGLDefaultMenu
15:20:47.553 [JavaFX Application Thread] DEBUG PrimaryStageWindow   - Pop state: FXGLDefaultMenu
15:20:47.553 [JavaFX Application Thread] DEBUG Input                - Clearing active input actions
15:20:47.554 [JavaFX Application Thread] DEBUG GameApplicationServi - Removing overlay from FXGLDefaultMenu and adding to GameScene
15:20:47.554 [JavaFX Application Thread] DEBUG PrimaryStageWindow   - GameScene <- FXGLDefaultMenu
15:20:48.775 [JavaFX Application Thread] DEBUG PrimaryStageWindow   - Push state: FXGLDefaultMenu
15:20:48.775 [JavaFX Application Thread] DEBUG Input                - Clearing active input actions
15:20:48.776 [JavaFX Application Thread] DEBUG GameApplicationServi - Removing overlay from GameScene and adding to FXGLDefaultMenu
15:20:48.776 [JavaFX Application Thread] DEBUG PrimaryStageWindow   - GameScene -> FXGLDefaultMenu
15:20:50.070 [JavaFX Application Thread] DEBUG Menu                 - fireExitToMainMenu()
15:20:50.075 [JavaFX Application Thread] DEBUG PrimaryStageWindow   - Push state: DialogSubScene
15:20:50.075 [JavaFX Application Thread] DEBUG Input                - Clearing active input actions
15:20:50.076 [JavaFX Application Thread] DEBUG GameApplicationServi - Removing overlay from FXGLDefaultMenu and adding to DialogSubScene
15:20:50.076 [JavaFX Application Thread] DEBUG PrimaryStageWindow   - FXGLDefaultMenu -> DialogSubScene
15:20:53.023 [JavaFX Application Thread] DEBUG PrimaryStageWindow   - Pop state: DialogSubScene
15:20:53.025 [JavaFX Application Thread] DEBUG Input                - Clearing active input actions
15:20:53.025 [JavaFX Application Thread] DEBUG GameApplicationServi - Removing overlay from DialogSubScene and adding to FXGLDefaultMenu
15:20:53.026 [JavaFX Application Thread] DEBUG PrimaryStageWindow   - FXGLDefaultMenu <- DialogSubScene
15:20:53.026 [JavaFX Application Thread] DEBUG PrimaryStageWindow   - Pop state: FXGLDefaultMenu
15:20:53.026 [JavaFX Application Thread] DEBUG Input                - Clearing active input actions
15:20:53.027 [JavaFX Application Thread] DEBUG GameApplicationServi - Removing overlay from FXGLDefaultMenu and adding to GameScene
15:20:53.027 [JavaFX Application Thread] DEBUG PrimaryStageWindow   - GameScene <- FXGLDefaultMenu
15:20:53.027 [JavaFX Application Thread] DEBUG Input                - Clearing active input actions
15:20:53.052 [JavaFX Application Thread] DEBUG GameApplicationServi - Removing overlay from GameScene and adding to FXGLMainMenuDummyScene
15:20:53.053 [JavaFX Application Thread] DEBUG PrimaryStageWindow   - GameScene -> FXGLMainMenuDummyScene
15:20:53.053 [JavaFX Application Thread] DEBUG PrimaryStageWindow   - Push state: MainMenu
15:20:53.053 [JavaFX Application Thread] DEBUG AudioPlayer          - Stopping music com.almasb.fxgl.audio.Music@1bd6cfde
15:20:53.054 [JavaFX Application Thread] DEBUG AudioPlayer          - Stopping music com.almasb.fxgl.audio.Music@2670bfdc
15:20:53.094 [JavaFX Application Thread] DEBUG AudioPlayer          - Playing music com.almasb.fxgl.audio.Music@1bd6cfde
15:20:53.094 [JavaFX Application Thread] DEBUG Input                - Clearing active input actions
15:20:53.100 [JavaFX Application Thread] DEBUG GameApplicationServi - Removing overlay from FXGLMainMenuDummyScene and adding to MainMenu
15:20:53.100 [JavaFX Application Thread] DEBUG PrimaryStageWindow   - FXGLMainMenuDummyScene -> MainMenu
15:21:01.008 [JavaFX Application Thread] DEBUG Menu                 - fireExit()
15:21:01.010 [JavaFX Application Thread] DEBUG PrimaryStageWindow   - Push state: DialogSubScene
15:21:01.010 [JavaFX Application Thread] DEBUG AudioPlayer          - Stopping music com.almasb.fxgl.audio.Music@1bd6cfde
15:21:01.011 [JavaFX Application Thread] DEBUG AudioPlayer          - Stopping music com.almasb.fxgl.audio.Music@2670bfdc
15:21:01.011 [JavaFX Application Thread] DEBUG Input                - Clearing active input actions
15:21:01.014 [JavaFX Application Thread] DEBUG GameApplicationServi - Removing overlay from MainMenu and adding to DialogSubScene
15:21:01.014 [JavaFX Application Thread] DEBUG PrimaryStageWindow   - MainMenu -> DialogSubScene
15:21:01.909 [JavaFX Application Thread] DEBUG AudioPlayer          - Stopping music com.almasb.fxgl.audio.Music@1bd6cfde
15:21:01.909 [JavaFX Application Thread] DEBUG AudioPlayer          - Stopping music com.almasb.fxgl.audio.Music@2670bfdc
15:21:01.910 [JavaFX Application Thread] DEBUG AudioPlayer          - Playing music com.almasb.fxgl.audio.Music@1bd6cfde
15:21:01.910 [JavaFX Application Thread] DEBUG PrimaryStageWindow   - Pop state: DialogSubScene
15:21:01.910 [JavaFX Application Thread] DEBUG Input                - Clearing active input actions
15:21:01.911 [JavaFX Application Thread] DEBUG GameApplicationServi - Removing overlay from DialogSubScene and adding to MainMenu
15:21:01.911 [JavaFX Application Thread] DEBUG PrimaryStageWindow   - MainMenu <- DialogSubScene
15:21:01.911 [JavaFX Application Thread] DEBUG FXGLApplication      - Exiting FXGL
15:21:01.911 [JavaFX Application Thread] DEBUG LoopRunner           - Stopping loop
15:21:01.911 [JavaFX Application Thread] DEBUG SystemBundleService  - Saving FXGL system data
15:21:01.914 [JavaFX Application Thread] DEBUG FileSystemAccess     - Writing to: C:\Users\enric\Desktop\robe mie\Fermi\triennio\Informatica\Intellij\GiocoClasseQuarta\system\fxgl.bundle
15:21:01.916 [JavaFX Application Thread] DEBUG Async                - Shutting down background threads
15:21:01.917 [JavaFX Application Thread] DEBUG PrimaryStageWindow   - Closing main window
15:21:01.931 [JavaFX Application Thread] DEBUG Logger               - Closing Logger
