23:30:56.838 [main                     ] DEBUG Logger               - Configured Logger
23:30:56.861 [main                     ] DEBUG GameApplication      - Logging settings
Title: Pokemon boh
Version: 0.1
Width: 1000
Height: 720
Fullscreen: false
Intro: false
Profiling: false
Single step:false
App Mode: DEVELOPER
Menu Key: ESCAPE
Stage Style: DECORATED
Scene Factory: class com.game.pokemon.FabbricaScene

23:30:57.178 [JavaFX Application Thread] DEBUG FXGLApplication      - Initializing FXGL
23:30:57.183 [JavaFX Application Thread] INFO  Engine               - FXGL-17.3 (30.03.2023 11.49) on WINDOWS (J:22.0.1 FX:22-ea)
23:30:57.183 [JavaFX Application Thread] DEBUG Engine               - JRE Vendor Name: Oracle Corporation
23:30:57.184 [JavaFX Application Thread] DEBUG Engine               - Running on OS: Windows 11 version 10.0
23:30:57.184 [JavaFX Application Thread] DEBUG Engine               - Architecture: amd64
23:30:57.184 [JavaFX Application Thread] INFO  Engine               - Source code and latest versions at: https://github.com/AlmasB/FXGL
23:30:57.184 [JavaFX Application Thread] INFO  Engine               -       Ask questions and discuss at: https://github.com/AlmasB/FXGL/discussions
23:30:57.184 [JavaFX Application Thread] INFO  Engine               -              Join the FXGL chat at: https://gitter.im/AlmasB/FXGL
23:30:57.277 [JavaFX Application Thread] DEBUG PrimaryStageWindow   - Creating a JavaFX scene
23:30:57.333 [JavaFX Application Thread] DEBUG PrimaryStageWindow   - Target settings size: 1000.0 x 720.0
23:30:57.333 [JavaFX Application Thread] DEBUG PrimaryStageWindow   - Scaled scene size:    1000.0 x 720.0
23:30:57.334 [JavaFX Application Thread] DEBUG PrimaryStageWindow   - Scaled ratio: (1.0, 1.0)
23:30:57.335 [JavaFX Application Thread] DEBUG PrimaryStageWindow   - Set initial scene to FXGLStartupScene
23:30:57.339 [JavaFX Application Thread] DEBUG PrimaryStageWindow   - Opening main window
23:30:57.422 [JavaFX Application Thread] DEBUG PrimaryStageWindow   - Window border size: (14.4000244140625, 37.5999755859375)
23:30:57.423 [JavaFX Application Thread] DEBUG PrimaryStageWindow   - Scaled size: 1000.0 x 720.0
23:30:57.423 [JavaFX Application Thread] DEBUG PrimaryStageWindow   - Scaled ratio: (1.0, 1.0)
23:30:57.423 [JavaFX Application Thread] DEBUG PrimaryStageWindow   - Scene size: 1000.0 x 720.0
23:30:57.423 [JavaFX Application Thread] DEBUG PrimaryStageWindow   - Stage size: 1014.4000244140625 x 757.5999755859375
23:30:57.429 [FXGL Background Thread 1 ] DEBUG Engine               - Initializing environment variables
23:30:57.482 [FXGL Background Thread 1 ] DEBUG FXGLAssetLoaderServi - User app class for loading assets: class com.game.pokemon.PokemonApplication
23:30:57.482 [FXGL Background Thread 1 ] DEBUG GameApplicationServi - Applying CSS: fxgl_dark.css
23:30:57.483 [FXGL Background Thread 1 ] DEBUG FXGLAssetLoaderServi - Loading from file system: jar:file:///C:/Users/enric/.m2/repository/com/github/almasb/fxgl/17.3/fxgl-17.3.jar!/fxglassets/ui/css/fxgl_dark.css
23:30:57.533 [FXGL Background Thread 1 ] DEBUG GameApplicationServi - Initializing application scenes
23:30:57.576 [FXGL Background Thread 1 ] DEBUG GameWorld            - Game world initialized
23:30:57.639 [FXGL Background Thread 1 ] DEBUG PhysicsWorld         - Physics world initialized: appHeight=720, physics.ppm=50,0
23:30:57.639 [FXGL Background Thread 1 ] DEBUG PhysicsWorld         - Using strategy: BRUTE_FORCE
23:30:57.642 [FXGL Background Thread 1 ] DEBUG GameScene            - Game scene initialized: 1000x720
23:30:57.651 [FXGL Background Thread 1 ] DEBUG FXGL.DefaultMenu     - createMenuBodyMainMenu()
23:30:57.663 [FXGL Background Thread 1 ] DEBUG FXGL.DefaultMenu     - createOptionsMenu()
23:30:57.669 [FXGL Background Thread 1 ] DEBUG FXGLAssetLoaderServi - Loading from file system: jar:file:///C:/Users/enric/.m2/repository/com/github/almasb/fxgl/17.3/fxgl-17.3.jar!/fxglassets/textures/particles/smoke.png
23:30:57.753 [FXGL Background Thread 1 ] DEBUG FXGLAssetLoaderServi - Loading from file system: jar:file:///C:/Users/enric/.m2/repository/com/github/almasb/fxgl/17.3/fxgl-17.3.jar!/fxglassets/textures/particles/trace_horizontal.png
23:30:57.779 [FXGL Background Thread 1 ] DEBUG FXGLAssetLoaderServi - Loading from file system: file:/C:/Users/enric/Desktop/robe%20mie/Fermi/triennio/Informatica/Intellij/GiocoClasseQuarta/target/classes/assets/music/musicaMenu.mp3
23:30:57.877 [FXGL Background Thread 1 ] DEBUG FXGL.DefaultMenu     - createMenuBodyGameMenu()
23:30:57.879 [FXGL Background Thread 1 ] DEBUG FXGL.DefaultMenu     - createOptionsMenu()
23:30:57.892 [FXGL Background Thread 1 ] DEBUG GameApplicationServi - Application scenes initialized
23:30:57.902 [FXGL Background Thread 1 ] DEBUG SystemBundleService  - Loading FXGL system data
23:30:57.907 [FXGL Background Thread 1 ] DEBUG FileSystemAccess     - Reading from: C:\Users\enric\Desktop\robe mie\Fermi\triennio\Informatica\Intellij\GiocoClasseQuarta\system\fxgl.bundle
23:30:57.915 [FXGL Background Thread 1 ] DEBUG SystemBundleService  - Bundle FXGL: {}
23:30:57.915 [FXGL Background Thread 1 ] DEBUG UpdaterService       - Checking for updates
23:30:57.945 [FXGL Background Thread 4 ] DEBUG FXGLApplication      - Loading fonts
23:30:57.945 [FXGL Background Thread 1 ] DEBUG FXGLApplication      - Loading default localization
23:30:57.946 [FXGL Background Thread 4 ] DEBUG FXGLAssetLoaderServi - Loading from file system: jar:file:///C:/Users/enric/.m2/repository/com/github/almasb/fxgl/17.3/fxgl-17.3.jar!/fxglassets/ui/fonts/VarelaRound-Regular.ttf
23:30:57.946 [FXGL Background Thread 1 ] DEBUG FXGLAssetLoaderServi - Loading from file system: jar:file:///C:/Users/enric/.m2/repository/com/github/almasb/fxgl/17.3/fxgl-17.3.jar!/fxglassets/languages/english.lang
23:30:57.964 [FXGL Background Thread 1 ] INFO  FXGLApplication      - FXGL initialization took: 0,535 sec
23:30:57.977 [JavaFX Application Thread] DEBUG Input                - Registered new binding: Move Right - D
23:30:57.977 [JavaFX Application Thread] DEBUG Input                - Registered new binding: Move Left - A
23:30:57.977 [JavaFX Application Thread] DEBUG Input                - Registered new binding: Move Up - W
23:30:57.977 [JavaFX Application Thread] DEBUG Input                - Registered new binding: Move Down - S
23:30:57.977 [JavaFX Application Thread] DEBUG Input                - Registered new binding: Talk - E
23:30:57.977 [JavaFX Application Thread] DEBUG Input                - Registered new binding: Attack - F
23:30:57.978 [JavaFX Application Thread] DEBUG FXGLAssetLoaderServi - Loading from file system: jar:file:///C:/Users/enric/.m2/repository/com/github/almasb/fxgl/17.3/fxgl-17.3.jar!/fxglassets/textures/fxgl_icon.png
23:30:57.993 [FXGL Background Thread 4 ] DEBUG FXGLAssetLoaderServi - Loading from file system: jar:file:///C:/Users/enric/.m2/repository/com/github/almasb/fxgl/17.3/fxgl-17.3.jar!/fxglassets/ui/fonts/Abel-Regular.ttf
23:30:57.999 [JavaFX Application Thread] DEBUG FXGLAssetLoaderServi - Loading from file system: jar:file:///C:/Users/enric/.m2/repository/com/github/almasb/fxgl/17.3/fxgl-17.3.jar!/fxglassets/textures/fxgl_default_cursor.png
23:30:58.002 [JavaFX Application Thread] DEBUG Input                - Registered new binding: Screenshot - CTRL+8
23:30:58.002 [JavaFX Application Thread] DEBUG Input                - Registered new binding: Dev Options - 1
23:30:58.002 [JavaFX Application Thread] DEBUG Input                - Registered new binding: Dev Console - 2
23:30:58.003 [JavaFX Application Thread] DEBUG Input                - Registered new binding: System info dump - CTRL+9
23:30:58.004 [JavaFX Application Thread] DEBUG Input                - Registered new binding: Restart - CTRL+R
23:30:58.005 [JavaFX Application Thread] DEBUG Input                - Registered new binding: Toggle Debug Camera - CTRL+7
23:30:58.006 [FXGL Background Thread 4 ] DEBUG FXGLAssetLoaderServi - Loading from file system: jar:file:///C:/Users/enric/.m2/repository/com/github/almasb/fxgl/17.3/fxgl-17.3.jar!/fxglassets/ui/fonts/TerminalLandMono-Regular.otf
23:30:58.008 [JavaFX Application Thread] DEBUG LoopRunner           - Starting loop
23:30:58.017 [FXGL Background Thread 4 ] DEBUG FXGLAssetLoaderServi - Loading from file system: jar:file:///C:/Users/enric/.m2/repository/com/github/almasb/fxgl/17.3/fxgl-17.3.jar!/fxglassets/ui/fonts/Courier-Prime.ttf
23:30:58.024 [JavaFX Application Thread] DEBUG LoopRunner           - Initializing JavaFX AnimationTimerLoop
23:30:58.026 [JavaFX Application Thread] DEBUG Input                - Clearing active input actions
23:30:58.041 [JavaFX Application Thread] DEBUG GameApplicationServi - Removing overlay from FXGLStartupScene and adding to FXGLMainMenuDummyScene
23:30:58.044 [JavaFX Application Thread] DEBUG PrimaryStageWindow   - FXGLStartupScene -> FXGLMainMenuDummyScene
23:30:58.044 [JavaFX Application Thread] DEBUG PrimaryStageWindow   - Push state: MainMenu
23:30:58.047 [JavaFX Application Thread] DEBUG AudioPlayer          - Playing music com.almasb.fxgl.audio.Music@a3a42c4
23:30:58.049 [JavaFX Application Thread] DEBUG Input                - Clearing active input actions
23:30:58.057 [JavaFX Application Thread] DEBUG GameApplicationServi - Removing overlay from FXGLMainMenuDummyScene and adding to MainMenu
23:30:58.058 [JavaFX Application Thread] DEBUG PrimaryStageWindow   - FXGLMainMenuDummyScene -> MainMenu
23:30:58.235 [JavaFX Application Thread] DEBUG FXGLApplication      - Registering font factories with UI factory
23:30:58.354 [FXGL Background Thread 2 ] INFO  UpdaterService       - Your current version:  17.3
23:30:58.354 [FXGL Background Thread 2 ] INFO  UpdaterService       - Latest stable version: 21.1
23:30:59.224 [JavaFX Application Thread] DEBUG FXGLApplication      - Exiting FXGL
23:30:59.224 [JavaFX Application Thread] DEBUG LoopRunner           - Stopping loop
23:30:59.224 [JavaFX Application Thread] DEBUG SystemBundleService  - Saving FXGL system data
23:30:59.227 [JavaFX Application Thread] DEBUG FileSystemAccess     - Writing to: C:\Users\enric\Desktop\robe mie\Fermi\triennio\Informatica\Intellij\GiocoClasseQuarta\system\fxgl.bundle
23:30:59.228 [JavaFX Application Thread] DEBUG Async                - Shutting down background threads
23:30:59.229 [JavaFX Application Thread] DEBUG PrimaryStageWindow   - Closing main window
23:30:59.242 [JavaFX Application Thread] DEBUG Logger               - Closing Logger
