19:55:56.753 [main                     ] DEBUG Logger               - Configured Logger
19:55:56.772 [main                     ] DEBUG GameApplication      - Logging settings
Title: Megaman
Version: 0.1
Width: 1536
Height: 864
Fullscreen: true
Intro: false
Profiling: false
Single step:false
App Mode: DEVELOPER
Menu Key: ESCAPE
Stage Style: DECORATED
Scene Factory: class com.almasb.fxgl.app.scene.SceneFactory

19:55:57.055 [JavaFX Application Thread] DEBUG FXGLApplication      - Initializing FXGL
19:55:57.061 [JavaFX Application Thread] INFO  Engine               - FXGL-17.3 (30.03.2023 11.49) on WINDOWS (J:22.0.1 FX:22-ea)
19:55:57.061 [JavaFX Application Thread] DEBUG Engine               - JRE Vendor Name: Oracle Corporation
19:55:57.061 [JavaFX Application Thread] DEBUG Engine               - Running on OS: Windows 11 version 10.0
19:55:57.062 [JavaFX Application Thread] DEBUG Engine               - Architecture: amd64
19:55:57.062 [JavaFX Application Thread] INFO  Engine               - Source code and latest versions at: https://github.com/AlmasB/FXGL
19:55:57.062 [JavaFX Application Thread] INFO  Engine               -       Ask questions and discuss at: https://github.com/AlmasB/FXGL/discussions
19:55:57.062 [JavaFX Application Thread] INFO  Engine               -              Join the FXGL chat at: https://gitter.im/AlmasB/FXGL
19:55:57.142 [JavaFX Application Thread] DEBUG PrimaryStageWindow   - Creating a JavaFX scene
19:55:57.184 [JavaFX Application Thread] DEBUG PrimaryStageWindow   - Target settings size: 1536.0 x 864.0
19:55:57.184 [JavaFX Application Thread] DEBUG PrimaryStageWindow   - Scaled scene size:    1536.0 x 864.0
19:55:57.185 [JavaFX Application Thread] DEBUG PrimaryStageWindow   - Scaled ratio: (1.0, 1.0)
19:55:57.185 [JavaFX Application Thread] DEBUG PrimaryStageWindow   - Set initial scene to FXGLStartupScene
19:55:57.189 [JavaFX Application Thread] DEBUG PrimaryStageWindow   - Opening main window
19:55:57.274 [JavaFX Application Thread] DEBUG PrimaryStageWindow   - Window border size: (14.4000244140625, 37.5999755859375)
19:55:57.275 [JavaFX Application Thread] DEBUG PrimaryStageWindow   - Scaled size: 1536.0 x 864.0
19:55:57.275 [JavaFX Application Thread] DEBUG PrimaryStageWindow   - Scaled ratio: (1.0, 1.0)
19:55:57.275 [JavaFX Application Thread] DEBUG PrimaryStageWindow   - Scene size: 1536.0 x 864.0
19:55:57.276 [JavaFX Application Thread] DEBUG PrimaryStageWindow   - Stage size: 1550.4000244140625 x 901.5999755859375
19:55:57.344 [JavaFX Application Thread] DEBUG PrimaryStageWindow   - Going fullscreen
19:55:57.353 [FXGL Background Thread 1 ] DEBUG Engine               - Initializing environment variables
19:55:57.402 [FXGL Background Thread 1 ] DEBUG FXGLAssetLoaderServi - User app class for loading assets: class com.game.megaman2.MegamanApplication
19:55:57.402 [FXGL Background Thread 1 ] DEBUG GameApplicationServi - Applying CSS: fxgl_dark.css
19:55:57.403 [FXGL Background Thread 1 ] DEBUG FXGLAssetLoaderServi - Loading from file system: jar:file:///C:/Users/enric/.m2/repository/com/github/almasb/fxgl/17.3/fxgl-17.3.jar!/fxglassets/ui/css/fxgl_dark.css
19:55:57.453 [FXGL Background Thread 1 ] DEBUG GameApplicationServi - Initializing application scenes
19:55:57.487 [FXGL Background Thread 1 ] DEBUG GameWorld            - Game world initialized
19:55:57.548 [FXGL Background Thread 1 ] DEBUG PhysicsWorld         - Physics world initialized: appHeight=864, physics.ppm=50,0
19:55:57.548 [FXGL Background Thread 1 ] DEBUG PhysicsWorld         - Using strategy: BRUTE_FORCE
19:55:57.551 [FXGL Background Thread 1 ] DEBUG GameScene            - Game scene initialized: 1536x864
19:55:57.561 [FXGL Background Thread 1 ] DEBUG FXGL.DefaultMenu     - createMenuBodyGameMenu()
19:55:57.572 [FXGL Background Thread 1 ] DEBUG FXGL.DefaultMenu     - createOptionsMenu()
19:55:57.579 [FXGL Background Thread 1 ] DEBUG FXGLAssetLoaderServi - Loading from file system: jar:file:///C:/Users/enric/.m2/repository/com/github/almasb/fxgl/17.3/fxgl-17.3.jar!/fxglassets/textures/particles/smoke.png
19:55:57.669 [FXGL Background Thread 1 ] DEBUG FXGLAssetLoaderServi - Loading from file system: jar:file:///C:/Users/enric/.m2/repository/com/github/almasb/fxgl/17.3/fxgl-17.3.jar!/fxglassets/textures/particles/trace_horizontal.png
19:55:57.705 [FXGL Background Thread 1 ] DEBUG GameApplicationServi - Application scenes initialized
19:55:57.717 [FXGL Background Thread 1 ] DEBUG SystemBundleService  - Loading FXGL system data
19:55:57.720 [FXGL Background Thread 1 ] DEBUG FileSystemAccess     - Reading from: C:\Users\enric\Desktop\robe mie\Fermi\triennio\Informatica\Intellij\GiocoClasseQuarta\system\fxgl.bundle
19:55:57.727 [FXGL Background Thread 1 ] DEBUG SystemBundleService  - Bundle FXGL: {}
19:55:57.727 [FXGL Background Thread 1 ] DEBUG UpdaterService       - Checking for updates
19:55:57.737 [FXGL Background Thread 4 ] DEBUG FXGLApplication      - Loading fonts
19:55:57.737 [FXGL Background Thread 1 ] DEBUG FXGLApplication      - Loading default localization
19:55:57.737 [FXGL Background Thread 4 ] DEBUG FXGLAssetLoaderServi - Loading from file system: jar:file:///C:/Users/enric/.m2/repository/com/github/almasb/fxgl/17.3/fxgl-17.3.jar!/fxglassets/ui/fonts/VarelaRound-Regular.ttf
19:55:57.738 [FXGL Background Thread 1 ] DEBUG FXGLAssetLoaderServi - Loading from file system: jar:file:///C:/Users/enric/.m2/repository/com/github/almasb/fxgl/17.3/fxgl-17.3.jar!/fxglassets/languages/english.lang
19:55:57.760 [FXGL Background Thread 1 ] INFO  FXGLApplication      - FXGL initialization took: 0,407 sec
19:55:57.772 [JavaFX Application Thread] DEBUG Input                - Registered new binding: Move Right - D
19:55:57.772 [JavaFX Application Thread] DEBUG Input                - Registered new binding: Move Left - A
19:55:57.772 [JavaFX Application Thread] DEBUG Input                - Registered new binding: Move Up - W
19:55:57.772 [JavaFX Application Thread] DEBUG Input                - Registered new binding: Move Down - S
19:55:57.773 [JavaFX Application Thread] DEBUG Input                - Registered new binding: action0 - F
19:55:57.774 [JavaFX Application Thread] DEBUG FXGLAssetLoaderServi - Loading from file system: jar:file:///C:/Users/enric/.m2/repository/com/github/almasb/fxgl/17.3/fxgl-17.3.jar!/fxglassets/textures/fxgl_icon.png
19:55:57.802 [JavaFX Application Thread] DEBUG FXGLAssetLoaderServi - Loading from file system: jar:file:///C:/Users/enric/.m2/repository/com/github/almasb/fxgl/17.3/fxgl-17.3.jar!/fxglassets/textures/fxgl_default_cursor.png
19:55:57.805 [JavaFX Application Thread] DEBUG Input                - Registered new binding: Screenshot - CTRL+8
19:55:57.806 [JavaFX Application Thread] DEBUG Input                - Registered new binding: System info dump - CTRL+9
19:55:57.806 [JavaFX Application Thread] DEBUG Input                - Registered new binding: Restart - CTRL+R
19:55:57.807 [JavaFX Application Thread] DEBUG Input                - Registered new binding: Toggle Debug Camera - CTRL+7
19:55:57.809 [JavaFX Application Thread] DEBUG LoopRunner           - Starting loop
19:55:57.810 [JavaFX Application Thread] DEBUG LoopRunner           - Initializing JavaFX AnimationTimerLoop
19:55:57.811 [JavaFX Application Thread] DEBUG GameApplicationServi - Starting new game
19:55:57.812 [JavaFX Application Thread] DEBUG Input                - Clearing active input actions
19:55:57.820 [FXGL Background Thread 4 ] DEBUG FXGLAssetLoaderServi - Loading from file system: jar:file:///C:/Users/enric/.m2/repository/com/github/almasb/fxgl/17.3/fxgl-17.3.jar!/fxglassets/ui/fonts/Abel-Regular.ttf
19:55:57.833 [FXGL Background Thread 4 ] DEBUG FXGLAssetLoaderServi - Loading from file system: jar:file:///C:/Users/enric/.m2/repository/com/github/almasb/fxgl/17.3/fxgl-17.3.jar!/fxglassets/ui/fonts/TerminalLandMono-Regular.otf
19:55:57.835 [JavaFX Application Thread] DEBUG GameApplicationServi - Removing overlay from FXGLStartupScene and adding to FXGLLoadingScene
19:55:57.835 [JavaFX Application Thread] DEBUG PrimaryStageWindow   - FXGLStartupScene -> FXGLLoadingScene
19:55:57.835 [JavaFX Application Thread] DEBUG GameApplicationServi - Clearing previous game
19:55:57.836 [JavaFX Application Thread] DEBUG GameScene            - Clearing game scene
19:55:57.836 [JavaFX Application Thread] DEBUG GameWorld            - Clearing game world
19:55:57.836 [JavaFX Application Thread] DEBUG PhysicsWorld         - Clearing physics world
19:55:57.838 [FXGL Background Thread 1 ] DEBUG FXGLApplication      - Initializing game
19:55:57.839 [FXGL Background Thread 1 ] DEBUG FXGLAssetLoaderServi - Loading from file system: file:/C:/Users/enric/Desktop/robe%20mie/Fermi/triennio/Informatica/Intellij/GiocoClasseQuarta/target/classes/assets/textures/spawn8.png
19:55:57.846 [FXGL Background Thread 4 ] DEBUG FXGLAssetLoaderServi - Loading from file system: jar:file:///C:/Users/enric/.m2/repository/com/github/almasb/fxgl/17.3/fxgl-17.3.jar!/fxglassets/ui/fonts/Courier-Prime.ttf
19:55:57.876 [FXGL Background Thread 1 ] DEBUG FXGLAssetLoaderServi - Loading from file system: file:/C:/Users/enric/Desktop/robe%20mie/Fermi/triennio/Informatica/Intellij/GiocoClasseQuarta/target/classes/assets/textures/corsa/corsa1.png
19:55:57.877 [FXGL Background Thread 1 ] DEBUG FXGLAssetLoaderServi - Loading from file system: file:/C:/Users/enric/Desktop/robe%20mie/Fermi/triennio/Informatica/Intellij/GiocoClasseQuarta/target/classes/assets/textures/corsa/corsa2.png
19:55:57.879 [FXGL Background Thread 1 ] DEBUG FXGLAssetLoaderServi - Loading from file system: file:/C:/Users/enric/Desktop/robe%20mie/Fermi/triennio/Informatica/Intellij/GiocoClasseQuarta/target/classes/assets/textures/corsa/corsa3.png
19:55:57.880 [FXGL Background Thread 1 ] DEBUG FXGLAssetLoaderServi - Loading from file system: file:/C:/Users/enric/Desktop/robe%20mie/Fermi/triennio/Informatica/Intellij/GiocoClasseQuarta/target/classes/assets/textures/corsa/corsa4.png
19:55:57.881 [FXGL Background Thread 1 ] DEBUG FXGLAssetLoaderServi - Loading from file system: file:/C:/Users/enric/Desktop/robe%20mie/Fermi/triennio/Informatica/Intellij/GiocoClasseQuarta/target/classes/assets/textures/corsa/corsa5.png
19:55:57.883 [FXGL Background Thread 1 ] DEBUG FXGLAssetLoaderServi - Loading from file system: file:/C:/Users/enric/Desktop/robe%20mie/Fermi/triennio/Informatica/Intellij/GiocoClasseQuarta/target/classes/assets/textures/corsa/corsa6.png
19:55:57.884 [FXGL Background Thread 1 ] DEBUG FXGLAssetLoaderServi - Loading from file system: file:/C:/Users/enric/Desktop/robe%20mie/Fermi/triennio/Informatica/Intellij/GiocoClasseQuarta/target/classes/assets/textures/corsa/corsa7.png
19:55:57.886 [FXGL Background Thread 1 ] DEBUG FXGLAssetLoaderServi - Loading from file system: file:/C:/Users/enric/Desktop/robe%20mie/Fermi/triennio/Informatica/Intellij/GiocoClasseQuarta/target/classes/assets/textures/corsa/corsa8.png
19:55:57.887 [FXGL Background Thread 1 ] DEBUG FXGLAssetLoaderServi - Loading from file system: file:/C:/Users/enric/Desktop/robe%20mie/Fermi/triennio/Informatica/Intellij/GiocoClasseQuarta/target/classes/assets/textures/corsa/corsa9.png
19:55:57.888 [FXGL Background Thread 1 ] DEBUG FXGLAssetLoaderServi - Loading from file system: file:/C:/Users/enric/Desktop/robe%20mie/Fermi/triennio/Informatica/Intellij/GiocoClasseQuarta/target/classes/assets/textures/corsa/corsa10.png
19:55:57.889 [FXGL Background Thread 1 ] DEBUG FXGLAssetLoaderServi - Loading from file system: file:/C:/Users/enric/Desktop/robe%20mie/Fermi/triennio/Informatica/Intellij/GiocoClasseQuarta/target/classes/assets/textures/corsa/corsa11.png
19:55:57.890 [FXGL Background Thread 1 ] DEBUG FXGLAssetLoaderServi - Loading from file system: file:/C:/Users/enric/Desktop/robe%20mie/Fermi/triennio/Informatica/Intellij/GiocoClasseQuarta/target/classes/assets/textures/corsa/corsa.png
19:55:57.892 [FXGL Background Thread 1 ] DEBUG FXGLAssetLoaderServi - Loading from file system: file:/C:/Users/enric/Desktop/robe%20mie/Fermi/triennio/Informatica/Intellij/GiocoClasseQuarta/target/classes/assets/textures/sfondo1.jpg
19:55:57.892 [JavaFX Application Thread] DEBUG FXGLApplication      - Registering font factories with UI factory
19:55:57.929 [FXGL Background Thread 1 ] INFO  FXGLApplication      - Game initialization took: 0,091 sec
19:55:57.970 [JavaFX Application Thread] DEBUG Input                - Clearing active input actions
19:55:57.986 [JavaFX Application Thread] DEBUG GameApplicationServi - Removing overlay from FXGLLoadingScene and adding to GameScene
19:55:57.986 [JavaFX Application Thread] DEBUG PrimaryStageWindow   - FXGLLoadingScene -> GameScene
19:55:58.287 [FXGL Background Thread 2 ] INFO  UpdaterService       - Your current version:  17.3
19:55:58.287 [FXGL Background Thread 2 ] INFO  UpdaterService       - Latest stable version: 21.1
19:56:00.737 [FXGL Background Thread 3 ] DEBUG Engine               - Logging environment variables
19:56:00.739 [FXGL Background Thread 3 ] DEBUG Engine               - achievements: []
19:56:00.739 [FXGL Background Thread 3 ] DEBUG Engine               - actualHeight: 864.0
19:56:00.739 [FXGL Background Thread 3 ] DEBUG Engine               - actualHeightProperty: ReadOnlyDoubleProperty [value: 864.0]
19:56:00.740 [FXGL Background Thread 3 ] DEBUG Engine               - actualWidth: 1536.0
19:56:00.740 [FXGL Background Thread 3 ] DEBUG Engine               - actualWidthProperty: ReadOnlyDoubleProperty [value: 1536.0]
19:56:00.740 [FXGL Background Thread 3 ] DEBUG Engine               - appIcon: fxgl_icon.png
19:56:00.740 [FXGL Background Thread 3 ] DEBUG Engine               - applicationMode: DEVELOPER
19:56:00.741 [FXGL Background Thread 3 ] DEBUG Engine               - cSSList: [fxgl_dark.css]
19:56:00.741 [FXGL Background Thread 3 ] DEBUG Engine               - collisionDetectionStrategy: BRUTE_FORCE
19:56:00.741 [FXGL Background Thread 3 ] DEBUG Engine               - configClass: Optional.empty
19:56:00.741 [FXGL Background Thread 3 ] DEBUG Engine               - credits: []
19:56:00.742 [FXGL Background Thread 3 ] DEBUG Engine               - defaultCursor: CursorInfo(imageName=fxgl_default_cursor.png, hotspotX=7.0, hotspotY=6.0)
19:56:00.743 [FXGL Background Thread 3 ] DEBUG Engine               - devBBoxColorProperty: ObjectProperty [value: 0xff0000ff]
19:56:00.743 [FXGL Background Thread 3 ] DEBUG Engine               - devEnableDebugCameraProperty: BooleanProperty [value: false]
19:56:00.744 [FXGL Background Thread 3 ] DEBUG Engine               - devSensorColorProperty: ObjectProperty [value: 0xffff00ff]
19:56:00.744 [FXGL Background Thread 3 ] DEBUG Engine               - devShowBBoxProperty: BooleanProperty [value: false]
19:56:00.744 [FXGL Background Thread 3 ] DEBUG Engine               - devShowPositionProperty: BooleanProperty [value: false]
19:56:00.745 [FXGL Background Thread 3 ] DEBUG Engine               - enabledMenuItems: []
19:56:00.745 [FXGL Background Thread 3 ] DEBUG Engine               - engineServices: [class com.almasb.fxgl.app.services.FXGLAssetLoaderService, class com.almasb.fxgl.app.FXGLApplication$GameApplicationService, class com.almasb.fxgl.app.services.FXGLDialogService, class com.almasb.fxgl.app.services.IOTaskExecutorService, class com.almasb.fxgl.io.FileSystemService, class com.almasb.fxgl.localization.LocalizationService, class com.almasb.fxgl.app.services.SystemBundleService, class com.almasb.fxgl.profile.SaveLoadService, class com.almasb.fxgl.ui.FXGLUIFactoryServiceProvider, class com.almasb.fxgl.ui.FXGLDialogFactoryServiceProvider, class com.almasb.fxgl.audio.AudioPlayer, class com.almasb.fxgl.notification.impl.NotificationServiceProvider, class com.almasb.fxgl.achievement.AchievementService, class com.almasb.fxgl.cutscene.CutsceneService, class com.almasb.fxgl.minigames.MiniGameService, class com.almasb.fxgl.net.NetService, class com.almasb.fxgl.app.services.UpdaterService, class com.almasb.fxgl.dev.DevService]
19:56:00.745 [FXGL Background Thread 3 ] DEBUG Engine               - fontGame: Abel-Regular.ttf
19:56:00.746 [FXGL Background Thread 3 ] DEBUG Engine               - fontMono: TerminalLandMono-Regular.otf
19:56:00.746 [FXGL Background Thread 3 ] DEBUG Engine               - fontSizeScaleUI: 1.0
19:56:00.746 [FXGL Background Thread 3 ] DEBUG Engine               - fontText: Courier-Prime.ttf
19:56:00.747 [FXGL Background Thread 3 ] DEBUG Engine               - fontUI: VarelaRound-Regular.ttf
19:56:00.747 [FXGL Background Thread 3 ] DEBUG Engine               - fullScreen: BooleanProperty [value: true]
19:56:00.747 [FXGL Background Thread 3 ] DEBUG Engine               - gameDifficulty: MEDIUM
19:56:00.747 [FXGL Background Thread 3 ] DEBUG Engine               - gameDifficultyProperty: ObjectProperty [value: MEDIUM]
19:56:00.748 [FXGL Background Thread 3 ] DEBUG Engine               - globalMusicVolume: 0.5
19:56:00.748 [FXGL Background Thread 3 ] DEBUG Engine               - globalMusicVolumeProperty: DoubleProperty [value: 0.5]
19:56:00.749 [FXGL Background Thread 3 ] DEBUG Engine               - globalSoundVolume: 0.5
19:56:00.749 [FXGL Background Thread 3 ] DEBUG Engine               - globalSoundVolumeProperty: DoubleProperty [value: 0.5]
19:56:00.749 [FXGL Background Thread 3 ] DEBUG Engine               - height: 864
19:56:00.750 [FXGL Background Thread 3 ] DEBUG Engine               - is3D: false
19:56:00.750 [FXGL Background Thread 3 ] DEBUG Engine               - isAndroid: false
19:56:00.750 [FXGL Background Thread 3 ] DEBUG Engine               - isBrowser: false
19:56:00.751 [FXGL Background Thread 3 ] DEBUG Engine               - isClickFeedbackEnabled: false
19:56:00.751 [FXGL Background Thread 3 ] DEBUG Engine               - isCloseConfirmation: false
19:56:00.751 [FXGL Background Thread 3 ] DEBUG Engine               - isDesktop: true
19:56:00.752 [FXGL Background Thread 3 ] DEBUG Engine               - isDeveloperMenuEnabled: false
19:56:00.752 [FXGL Background Thread 3 ] DEBUG Engine               - isEmbedded: false
19:56:00.752 [FXGL Background Thread 3 ] DEBUG Engine               - isEntityPreloadEnabled: true
19:56:00.752 [FXGL Background Thread 3 ] DEBUG Engine               - isExperimentalTiledLargeMap: false
19:56:00.753 [FXGL Background Thread 3 ] DEBUG Engine               - isFileSystemWriteAllowed: true
19:56:00.753 [FXGL Background Thread 3 ] DEBUG Engine               - isFullScreenAllowed: true
19:56:00.753 [FXGL Background Thread 3 ] DEBUG Engine               - isFullScreenFromStart: true
19:56:00.753 [FXGL Background Thread 3 ] DEBUG Engine               - isGameMenuEnabled: true
19:56:00.754 [FXGL Background Thread 3 ] DEBUG Engine               - isIOS: false
19:56:00.754 [FXGL Background Thread 3 ] DEBUG Engine               - isIntroEnabled: false
19:56:00.754 [FXGL Background Thread 3 ] DEBUG Engine               - isLinux: false
19:56:00.754 [FXGL Background Thread 3 ] DEBUG Engine               - isMac: false
19:56:00.754 [FXGL Background Thread 3 ] DEBUG Engine               - isMainMenuEnabled: false
19:56:00.754 [FXGL Background Thread 3 ] DEBUG Engine               - isManualResizeEnabled: false
19:56:00.755 [FXGL Background Thread 3 ] DEBUG Engine               - isMobile: false
19:56:00.755 [FXGL Background Thread 3 ] DEBUG Engine               - isNative: false
19:56:00.755 [FXGL Background Thread 3 ] DEBUG Engine               - isPauseMusicWhenMinimized: true
19:56:00.755 [FXGL Background Thread 3 ] DEBUG Engine               - isPreserveResizeRatio: false
19:56:00.755 [FXGL Background Thread 3 ] DEBUG Engine               - isProfilingEnabled: false
19:56:00.756 [FXGL Background Thread 3 ] DEBUG Engine               - isScaleAffectedOnResize: true
19:56:00.756 [FXGL Background Thread 3 ] DEBUG Engine               - isSingleStep: false
19:56:00.756 [FXGL Background Thread 3 ] DEBUG Engine               - isUserProfileEnabled: false
19:56:00.756 [FXGL Background Thread 3 ] DEBUG Engine               - isWindows: true
19:56:00.756 [FXGL Background Thread 3 ] DEBUG Engine               - language: ObjectProperty [value: ENGLISH]
19:56:00.757 [FXGL Background Thread 3 ] DEBUG Engine               - menuKey: ESCAPE
19:56:00.757 [FXGL Background Thread 3 ] DEBUG Engine               - mouseSensitivity: 0.2
19:56:00.757 [FXGL Background Thread 3 ] DEBUG Engine               - notificationViewClass: class com.almasb.fxgl.notification.view.XboxNotificationView
19:56:00.757 [FXGL Background Thread 3 ] DEBUG Engine               - pixelsPerMeter: 50.0
19:56:00.757 [FXGL Background Thread 3 ] DEBUG Engine               - platform: WINDOWS
19:56:00.758 [FXGL Background Thread 3 ] DEBUG Engine               - prefHeightProperty: ReadOnlyDoubleProperty [value: 864.0]
19:56:00.758 [FXGL Background Thread 3 ] DEBUG Engine               - prefWidthProperty: ReadOnlyDoubleProperty [value: 1536.0]
19:56:00.758 [FXGL Background Thread 3 ] DEBUG Engine               - profileDir: profiles/
19:56:00.758 [FXGL Background Thread 3 ] DEBUG Engine               - profileName: StringProperty [value: DEFAULT]
19:56:00.759 [FXGL Background Thread 3 ] DEBUG Engine               - randomSeed: -1
19:56:00.760 [FXGL Background Thread 3 ] DEBUG Engine               - runtimeInfo: RuntimeInfo(platform=WINDOWS, version=17.3, build=30.03.2023 11.49)
19:56:00.760 [FXGL Background Thread 3 ] DEBUG Engine               - saveFileExt: sav
19:56:00.760 [FXGL Background Thread 3 ] DEBUG Engine               - scaledHeightProp$fxgl: DoubleProperty [bound, value: 864.0]
19:56:00.761 [FXGL Background Thread 3 ] DEBUG Engine               - scaledWidthProp$fxgl: DoubleProperty [bound, value: 1536.0]
19:56:00.761 [FXGL Background Thread 3 ] DEBUG Engine               - sceneFactory: com.almasb.fxgl.app.scene.SceneFactory@5363ed65
19:56:00.761 [FXGL Background Thread 3 ] DEBUG Engine               - secondsIn24h: 60
19:56:00.761 [FXGL Background Thread 3 ] DEBUG Engine               - soundMenuBack: menu/back.wav
19:56:00.762 [FXGL Background Thread 3 ] DEBUG Engine               - soundMenuPress: menu/press.wav
19:56:00.762 [FXGL Background Thread 3 ] DEBUG Engine               - soundMenuSelect: menu/select.wav
19:56:00.762 [FXGL Background Thread 3 ] DEBUG Engine               - soundNotification: core/notification.wav
19:56:00.762 [FXGL Background Thread 3 ] DEBUG Engine               - stageStyle: DECORATED
19:56:00.762 [FXGL Background Thread 3 ] DEBUG Engine               - supportedLanguages: [ENGLISH, FRENCH, GERMAN, HUNGARIAN, RUSSIAN]
19:56:00.763 [FXGL Background Thread 3 ] DEBUG Engine               - ticksPerSecond: -1
19:56:00.763 [FXGL Background Thread 3 ] DEBUG Engine               - title: Megaman
19:56:00.763 [FXGL Background Thread 3 ] DEBUG Engine               - urlGithub: https://github.com/AlmasB/FXGL
19:56:00.763 [FXGL Background Thread 3 ] DEBUG Engine               - urlLeaderboard: http://fxgl-top.herokuapp.com/
19:56:00.764 [FXGL Background Thread 3 ] DEBUG Engine               - urlPOM: https://raw.githubusercontent.com/AlmasB/FXGL/release/README.md
19:56:00.764 [FXGL Background Thread 3 ] DEBUG Engine               - userAppClass: class com.game.megaman2.MegamanApplication
19:56:00.764 [FXGL Background Thread 3 ] DEBUG Engine               - version: 0.1
19:56:00.764 [FXGL Background Thread 3 ] DEBUG Engine               - versionCheckDays: 7
19:56:00.764 [FXGL Background Thread 3 ] DEBUG Engine               - width: 1536
19:56:00.764 [FXGL Background Thread 3 ] DEBUG Engine               - Logging services
19:56:00.765 [FXGL Background Thread 3 ] DEBUG Engine               - class com.almasb.fxgl.app.services.FXGLAssetLoaderService
19:56:00.765 [FXGL Background Thread 3 ] DEBUG Engine               - class com.almasb.fxgl.app.FXGLApplication$GameApplicationService
19:56:00.765 [FXGL Background Thread 3 ] DEBUG Engine               - class com.almasb.fxgl.app.services.FXGLDialogService
19:56:00.765 [FXGL Background Thread 3 ] DEBUG Engine               - class com.almasb.fxgl.app.services.IOTaskExecutorService
19:56:00.765 [FXGL Background Thread 3 ] DEBUG Engine               - class com.almasb.fxgl.io.FileSystemService
19:56:00.766 [FXGL Background Thread 3 ] DEBUG Engine               - class com.almasb.fxgl.localization.LocalizationService
19:56:00.766 [FXGL Background Thread 3 ] DEBUG Engine               - class com.almasb.fxgl.app.services.SystemBundleService
19:56:00.766 [FXGL Background Thread 3 ] DEBUG Engine               - class com.almasb.fxgl.profile.SaveLoadService
19:56:00.766 [FXGL Background Thread 3 ] DEBUG Engine               - class com.almasb.fxgl.ui.FXGLUIFactoryServiceProvider
19:56:00.766 [FXGL Background Thread 3 ] DEBUG Engine               - class com.almasb.fxgl.ui.FXGLDialogFactoryServiceProvider
19:56:00.766 [FXGL Background Thread 3 ] DEBUG Engine               - class com.almasb.fxgl.audio.AudioPlayer
19:56:00.767 [FXGL Background Thread 3 ] DEBUG Engine               - class com.almasb.fxgl.notification.impl.NotificationServiceProvider
19:56:00.767 [FXGL Background Thread 3 ] DEBUG Engine               - class com.almasb.fxgl.achievement.AchievementService
19:56:00.767 [FXGL Background Thread 3 ] DEBUG Engine               - class com.almasb.fxgl.cutscene.CutsceneService
19:56:00.767 [FXGL Background Thread 3 ] DEBUG Engine               - class com.almasb.fxgl.minigames.MiniGameService
19:56:00.767 [FXGL Background Thread 3 ] DEBUG Engine               - class com.almasb.fxgl.net.NetService
19:56:00.768 [FXGL Background Thread 3 ] DEBUG Engine               - class com.almasb.fxgl.app.services.UpdaterService
19:56:00.768 [FXGL Background Thread 3 ] DEBUG Engine               - class com.almasb.fxgl.dev.DevService
19:56:02.513 [JavaFX Application Thread] DEBUG PrimaryStageWindow   - Push state: FXGLDefaultMenu
19:56:02.519 [JavaFX Application Thread] DEBUG Input                - Clearing active input actions
19:56:02.534 [JavaFX Application Thread] DEBUG GameApplicationServi - Removing overlay from GameScene and adding to FXGLDefaultMenu
19:56:02.535 [JavaFX Application Thread] DEBUG PrimaryStageWindow   - GameScene -> FXGLDefaultMenu
19:56:04.397 [JavaFX Application Thread] DEBUG Menu                 - fireExit()
19:56:04.399 [JavaFX Application Thread] DEBUG PrimaryStageWindow   - Push state: DialogSubScene
19:56:04.400 [JavaFX Application Thread] DEBUG Input                - Clearing active input actions
19:56:04.400 [JavaFX Application Thread] DEBUG GameApplicationServi - Removing overlay from FXGLDefaultMenu and adding to DialogSubScene
19:56:04.401 [JavaFX Application Thread] DEBUG PrimaryStageWindow   - FXGLDefaultMenu -> DialogSubScene
19:56:05.503 [JavaFX Application Thread] DEBUG PrimaryStageWindow   - Pop state: DialogSubScene
19:56:05.504 [JavaFX Application Thread] DEBUG Input                - Clearing active input actions
19:56:05.505 [JavaFX Application Thread] DEBUG GameApplicationServi - Removing overlay from DialogSubScene and adding to FXGLDefaultMenu
19:56:05.506 [JavaFX Application Thread] DEBUG PrimaryStageWindow   - FXGLDefaultMenu <- DialogSubScene
19:56:05.507 [JavaFX Application Thread] DEBUG FXGLApplication      - Exiting FXGL
19:56:05.507 [JavaFX Application Thread] DEBUG LoopRunner           - Stopping loop
19:56:05.507 [JavaFX Application Thread] DEBUG SystemBundleService  - Saving FXGL system data
19:56:05.512 [JavaFX Application Thread] DEBUG FileSystemAccess     - Writing to: C:\Users\enric\Desktop\robe mie\Fermi\triennio\Informatica\Intellij\GiocoClasseQuarta\system\fxgl.bundle
19:56:05.517 [JavaFX Application Thread] DEBUG Async                - Shutting down background threads
19:56:05.517 [JavaFX Application Thread] DEBUG PrimaryStageWindow   - Closing main window
19:56:05.546 [JavaFX Application Thread] DEBUG Logger               - Closing Logger
