20:33:18.962 [main                     ] DEBUG Logger               - Configured Logger
20:33:18.983 [main                     ] DEBUG GameApplication      - Logging settings
Title: Megaman
Version: 0.1
Width: 1536
Height: 864
Fullscreen: true
Intro: false
Profiling: false
Single step:false
App Mode: DEVELOPER
Menu Key: ESCAPE
Stage Style: DECORATED
Scene Factory: class com.almasb.fxgl.app.scene.SceneFactory

20:33:19.247 [JavaFX Application Thread] DEBUG FXGLApplication      - Initializing FXGL
20:33:19.252 [JavaFX Application Thread] INFO  Engine               - FXGL-17.3 (30.03.2023 11.49) on WINDOWS (J:22.0.1 FX:22-ea)
20:33:19.252 [JavaFX Application Thread] DEBUG Engine               - JRE Vendor Name: Oracle Corporation
20:33:19.252 [JavaFX Application Thread] DEBUG Engine               - Running on OS: Windows 11 version 10.0
20:33:19.252 [JavaFX Application Thread] DEBUG Engine               - Architecture: amd64
20:33:19.252 [JavaFX Application Thread] INFO  Engine               - Source code and latest versions at: https://github.com/AlmasB/FXGL
20:33:19.253 [JavaFX Application Thread] INFO  Engine               -       Ask questions and discuss at: https://github.com/AlmasB/FXGL/discussions
20:33:19.253 [JavaFX Application Thread] INFO  Engine               -              Join the FXGL chat at: https://gitter.im/AlmasB/FXGL
20:33:19.339 [JavaFX Application Thread] DEBUG PrimaryStageWindow   - Creating a JavaFX scene
20:33:19.382 [JavaFX Application Thread] DEBUG PrimaryStageWindow   - Target settings size: 1536.0 x 864.0
20:33:19.382 [JavaFX Application Thread] DEBUG PrimaryStageWindow   - Scaled scene size:    1536.0 x 864.0
20:33:19.383 [JavaFX Application Thread] DEBUG PrimaryStageWindow   - Scaled ratio: (1.0, 1.0)
20:33:19.383 [JavaFX Application Thread] DEBUG PrimaryStageWindow   - Set initial scene to FXGLStartupScene
20:33:19.387 [JavaFX Application Thread] DEBUG PrimaryStageWindow   - Opening main window
20:33:19.471 [JavaFX Application Thread] DEBUG PrimaryStageWindow   - Window border size: (14.4000244140625, 37.5999755859375)
20:33:19.471 [JavaFX Application Thread] DEBUG PrimaryStageWindow   - Scaled size: 1536.0 x 864.0
20:33:19.472 [JavaFX Application Thread] DEBUG PrimaryStageWindow   - Scaled ratio: (1.0, 1.0)
20:33:19.472 [JavaFX Application Thread] DEBUG PrimaryStageWindow   - Scene size: 1536.0 x 864.0
20:33:19.472 [JavaFX Application Thread] DEBUG PrimaryStageWindow   - Stage size: 1550.4000244140625 x 901.5999755859375
20:33:19.529 [JavaFX Application Thread] DEBUG PrimaryStageWindow   - Going fullscreen
20:33:19.537 [FXGL Background Thread 1 ] DEBUG Engine               - Initializing environment variables
20:33:19.584 [FXGL Background Thread 1 ] DEBUG FXGLAssetLoaderServi - User app class for loading assets: class com.game.megaman2.MegamanApplication
20:33:19.584 [FXGL Background Thread 1 ] DEBUG GameApplicationServi - Applying CSS: fxgl_dark.css
20:33:19.585 [FXGL Background Thread 1 ] DEBUG FXGLAssetLoaderServi - Loading from file system: jar:file:///C:/Users/enric/.m2/repository/com/github/almasb/fxgl/17.3/fxgl-17.3.jar!/fxglassets/ui/css/fxgl_dark.css
20:33:19.625 [FXGL Background Thread 1 ] DEBUG GameApplicationServi - Initializing application scenes
20:33:19.663 [FXGL Background Thread 1 ] DEBUG GameWorld            - Game world initialized
20:33:19.724 [FXGL Background Thread 1 ] DEBUG PhysicsWorld         - Physics world initialized: appHeight=864, physics.ppm=50,0
20:33:19.724 [FXGL Background Thread 1 ] DEBUG PhysicsWorld         - Using strategy: BRUTE_FORCE
20:33:19.726 [FXGL Background Thread 1 ] DEBUG GameScene            - Game scene initialized: 1536x864
20:33:19.739 [FXGL Background Thread 1 ] DEBUG FXGL.DefaultMenu     - createMenuBodyGameMenu()
20:33:19.750 [FXGL Background Thread 1 ] DEBUG FXGL.DefaultMenu     - createOptionsMenu()
20:33:19.756 [FXGL Background Thread 1 ] DEBUG FXGLAssetLoaderServi - Loading from file system: jar:file:///C:/Users/enric/.m2/repository/com/github/almasb/fxgl/17.3/fxgl-17.3.jar!/fxglassets/textures/particles/smoke.png
20:33:19.845 [FXGL Background Thread 1 ] DEBUG FXGLAssetLoaderServi - Loading from file system: jar:file:///C:/Users/enric/.m2/repository/com/github/almasb/fxgl/17.3/fxgl-17.3.jar!/fxglassets/textures/particles/trace_horizontal.png
20:33:19.870 [FXGL Background Thread 1 ] DEBUG GameApplicationServi - Application scenes initialized
20:33:19.881 [FXGL Background Thread 1 ] DEBUG SystemBundleService  - Loading FXGL system data
20:33:19.885 [FXGL Background Thread 1 ] DEBUG FileSystemAccess     - Reading from: C:\Users\enric\Desktop\robe mie\Fermi\triennio\Informatica\Intellij\GiocoClasseQuarta\system\fxgl.bundle
20:33:19.892 [FXGL Background Thread 1 ] DEBUG SystemBundleService  - Bundle FXGL: {}
20:33:19.892 [FXGL Background Thread 1 ] DEBUG UpdaterService       - Checking for updates
20:33:19.896 [FXGL Background Thread 4 ] DEBUG FXGLApplication      - Loading fonts
20:33:19.896 [FXGL Background Thread 4 ] DEBUG FXGLAssetLoaderServi - Loading from file system: jar:file:///C:/Users/enric/.m2/repository/com/github/almasb/fxgl/17.3/fxgl-17.3.jar!/fxglassets/ui/fonts/VarelaRound-Regular.ttf
20:33:19.897 [FXGL Background Thread 1 ] DEBUG FXGLApplication      - Loading default localization
20:33:19.897 [FXGL Background Thread 1 ] DEBUG FXGLAssetLoaderServi - Loading from file system: jar:file:///C:/Users/enric/.m2/repository/com/github/almasb/fxgl/17.3/fxgl-17.3.jar!/fxglassets/languages/english.lang
20:33:19.922 [FXGL Background Thread 1 ] INFO  FXGLApplication      - FXGL initialization took: 0,384 sec
20:33:19.935 [JavaFX Application Thread] DEBUG Input                - Registered new binding: Move Right - D
20:33:19.935 [JavaFX Application Thread] DEBUG Input                - Registered new binding: Move Left - A
20:33:19.935 [JavaFX Application Thread] DEBUG Input                - Registered new binding: Move Up - W
20:33:19.935 [JavaFX Application Thread] DEBUG Input                - Registered new binding: Move Down - S
20:33:19.936 [JavaFX Application Thread] DEBUG FXGLAssetLoaderServi - Loading from file system: jar:file:///C:/Users/enric/.m2/repository/com/github/almasb/fxgl/17.3/fxgl-17.3.jar!/fxglassets/textures/fxgl_icon.png
20:33:19.939 [FXGL Background Thread 4 ] DEBUG FXGLAssetLoaderServi - Loading from file system: jar:file:///C:/Users/enric/.m2/repository/com/github/almasb/fxgl/17.3/fxgl-17.3.jar!/fxglassets/ui/fonts/Abel-Regular.ttf
20:33:19.946 [FXGL Background Thread 4 ] DEBUG FXGLAssetLoaderServi - Loading from file system: jar:file:///C:/Users/enric/.m2/repository/com/github/almasb/fxgl/17.3/fxgl-17.3.jar!/fxglassets/ui/fonts/TerminalLandMono-Regular.otf
20:33:19.955 [FXGL Background Thread 4 ] DEBUG FXGLAssetLoaderServi - Loading from file system: jar:file:///C:/Users/enric/.m2/repository/com/github/almasb/fxgl/17.3/fxgl-17.3.jar!/fxglassets/ui/fonts/Courier-Prime.ttf
20:33:19.959 [JavaFX Application Thread] DEBUG FXGLAssetLoaderServi - Loading from file system: jar:file:///C:/Users/enric/.m2/repository/com/github/almasb/fxgl/17.3/fxgl-17.3.jar!/fxglassets/textures/fxgl_default_cursor.png
20:33:19.960 [JavaFX Application Thread] DEBUG Input                - Registered new binding: Screenshot - CTRL+8
20:33:19.961 [JavaFX Application Thread] DEBUG Input                - Registered new binding: System info dump - CTRL+9
20:33:19.961 [JavaFX Application Thread] DEBUG Input                - Registered new binding: Restart - CTRL+R
20:33:19.961 [JavaFX Application Thread] DEBUG Input                - Registered new binding: Toggle Debug Camera - CTRL+7
20:33:19.965 [JavaFX Application Thread] DEBUG LoopRunner           - Starting loop
20:33:19.965 [JavaFX Application Thread] DEBUG LoopRunner           - Initializing JavaFX AnimationTimerLoop
20:33:19.968 [JavaFX Application Thread] DEBUG GameApplicationServi - Starting new game
20:33:19.969 [JavaFX Application Thread] DEBUG Input                - Clearing active input actions
20:33:19.985 [JavaFX Application Thread] DEBUG GameApplicationServi - Removing overlay from FXGLStartupScene and adding to FXGLLoadingScene
20:33:19.986 [JavaFX Application Thread] DEBUG PrimaryStageWindow   - FXGLStartupScene -> FXGLLoadingScene
20:33:19.986 [JavaFX Application Thread] DEBUG GameApplicationServi - Clearing previous game
20:33:19.986 [JavaFX Application Thread] DEBUG GameScene            - Clearing game scene
20:33:19.986 [JavaFX Application Thread] DEBUG GameWorld            - Clearing game world
20:33:19.986 [JavaFX Application Thread] DEBUG PhysicsWorld         - Clearing physics world
20:33:19.987 [FXGL Background Thread 4 ] DEBUG FXGLApplication      - Initializing game
20:33:19.990 [FXGL Background Thread 4 ] DEBUG FXGLAssetLoaderServi - Loading from file system: file:/C:/Users/enric/Desktop/robe%20mie/Fermi/triennio/Informatica/Intellij/GiocoClasseQuarta/target/classes/assets/textures/spawn8.png
20:33:20.036 [FXGL Background Thread 4 ] DEBUG FXGLAssetLoaderServi - Loading from file system: file:/C:/Users/enric/Desktop/robe%20mie/Fermi/triennio/Informatica/Intellij/GiocoClasseQuarta/target/classes/assets/textures/corsa/corsa1.png
20:33:20.037 [FXGL Background Thread 4 ] DEBUG FXGLAssetLoaderServi - Loading from file system: file:/C:/Users/enric/Desktop/robe%20mie/Fermi/triennio/Informatica/Intellij/GiocoClasseQuarta/target/classes/assets/textures/corsa/corsa2.png
20:33:20.038 [FXGL Background Thread 4 ] DEBUG FXGLAssetLoaderServi - Loading from file system: file:/C:/Users/enric/Desktop/robe%20mie/Fermi/triennio/Informatica/Intellij/GiocoClasseQuarta/target/classes/assets/textures/corsa/corsa3.png
20:33:20.040 [FXGL Background Thread 4 ] DEBUG FXGLAssetLoaderServi - Loading from file system: file:/C:/Users/enric/Desktop/robe%20mie/Fermi/triennio/Informatica/Intellij/GiocoClasseQuarta/target/classes/assets/textures/corsa/corsa4.png
20:33:20.041 [FXGL Background Thread 4 ] DEBUG FXGLAssetLoaderServi - Loading from file system: file:/C:/Users/enric/Desktop/robe%20mie/Fermi/triennio/Informatica/Intellij/GiocoClasseQuarta/target/classes/assets/textures/corsa/corsa5.png
20:33:20.041 [FXGL Background Thread 4 ] DEBUG FXGLAssetLoaderServi - Loading from file system: file:/C:/Users/enric/Desktop/robe%20mie/Fermi/triennio/Informatica/Intellij/GiocoClasseQuarta/target/classes/assets/textures/corsa/corsa6.png
20:33:20.042 [FXGL Background Thread 4 ] DEBUG FXGLAssetLoaderServi - Loading from file system: file:/C:/Users/enric/Desktop/robe%20mie/Fermi/triennio/Informatica/Intellij/GiocoClasseQuarta/target/classes/assets/textures/corsa/corsa7.png
20:33:20.043 [FXGL Background Thread 4 ] DEBUG FXGLAssetLoaderServi - Loading from file system: file:/C:/Users/enric/Desktop/robe%20mie/Fermi/triennio/Informatica/Intellij/GiocoClasseQuarta/target/classes/assets/textures/corsa/corsa8.png
20:33:20.044 [FXGL Background Thread 4 ] DEBUG FXGLAssetLoaderServi - Loading from file system: file:/C:/Users/enric/Desktop/robe%20mie/Fermi/triennio/Informatica/Intellij/GiocoClasseQuarta/target/classes/assets/textures/corsa/corsa9.png
20:33:20.045 [FXGL Background Thread 4 ] DEBUG FXGLAssetLoaderServi - Loading from file system: file:/C:/Users/enric/Desktop/robe%20mie/Fermi/triennio/Informatica/Intellij/GiocoClasseQuarta/target/classes/assets/textures/corsa/corsa10.png
20:33:20.047 [FXGL Background Thread 4 ] DEBUG FXGLAssetLoaderServi - Loading from file system: file:/C:/Users/enric/Desktop/robe%20mie/Fermi/triennio/Informatica/Intellij/GiocoClasseQuarta/target/classes/assets/textures/corsa/corsa11.png
20:33:20.050 [FXGL Background Thread 4 ] DEBUG FXGLAssetLoaderServi - Loading from file system: file:/C:/Users/enric/Desktop/robe%20mie/Fermi/triennio/Informatica/Intellij/GiocoClasseQuarta/target/classes/assets/textures/sfondo1.jpg
20:33:20.080 [FXGL Background Thread 4 ] INFO  FXGLApplication      - Game initialization took: 0,093 sec
20:33:20.121 [JavaFX Application Thread] DEBUG Input                - Clearing active input actions
20:33:20.135 [JavaFX Application Thread] DEBUG GameApplicationServi - Removing overlay from FXGLLoadingScene and adding to GameScene
20:33:20.135 [JavaFX Application Thread] DEBUG PrimaryStageWindow   - FXGLLoadingScene -> GameScene
20:33:20.432 [FXGL Background Thread 2 ] INFO  UpdaterService       - Your current version:  17.3
20:33:20.432 [FXGL Background Thread 2 ] INFO  UpdaterService       - Latest stable version: 21.1
20:33:22.896 [FXGL Background Thread 3 ] DEBUG Engine               - Logging environment variables
20:33:22.897 [FXGL Background Thread 3 ] DEBUG Engine               - achievements: []
20:33:22.897 [FXGL Background Thread 3 ] DEBUG Engine               - actualHeight: 864.0
20:33:22.897 [FXGL Background Thread 3 ] DEBUG Engine               - actualHeightProperty: ReadOnlyDoubleProperty [value: 864.0]
20:33:22.897 [FXGL Background Thread 3 ] DEBUG Engine               - actualWidth: 1536.0
20:33:22.898 [FXGL Background Thread 3 ] DEBUG Engine               - actualWidthProperty: ReadOnlyDoubleProperty [value: 1536.0]
20:33:22.898 [FXGL Background Thread 3 ] DEBUG Engine               - appIcon: fxgl_icon.png
20:33:22.898 [FXGL Background Thread 3 ] DEBUG Engine               - applicationMode: DEVELOPER
20:33:22.898 [FXGL Background Thread 3 ] DEBUG Engine               - cSSList: [fxgl_dark.css]
20:33:22.898 [FXGL Background Thread 3 ] DEBUG Engine               - collisionDetectionStrategy: BRUTE_FORCE
20:33:22.898 [FXGL Background Thread 3 ] DEBUG Engine               - configClass: Optional.empty
20:33:22.898 [FXGL Background Thread 3 ] DEBUG Engine               - credits: []
20:33:22.899 [FXGL Background Thread 3 ] DEBUG Engine               - defaultCursor: CursorInfo(imageName=fxgl_default_cursor.png, hotspotX=7.0, hotspotY=6.0)
20:33:22.900 [FXGL Background Thread 3 ] DEBUG Engine               - devBBoxColorProperty: ObjectProperty [value: 0xff0000ff]
20:33:22.900 [FXGL Background Thread 3 ] DEBUG Engine               - devEnableDebugCameraProperty: BooleanProperty [value: false]
20:33:22.900 [FXGL Background Thread 3 ] DEBUG Engine               - devSensorColorProperty: ObjectProperty [value: 0xffff00ff]
20:33:22.900 [FXGL Background Thread 3 ] DEBUG Engine               - devShowBBoxProperty: BooleanProperty [value: false]
20:33:22.901 [FXGL Background Thread 3 ] DEBUG Engine               - devShowPositionProperty: BooleanProperty [value: false]
20:33:22.901 [FXGL Background Thread 3 ] DEBUG Engine               - enabledMenuItems: []
20:33:22.901 [FXGL Background Thread 3 ] DEBUG Engine               - engineServices: [class com.almasb.fxgl.app.services.FXGLAssetLoaderService, class com.almasb.fxgl.app.FXGLApplication$GameApplicationService, class com.almasb.fxgl.app.services.FXGLDialogService, class com.almasb.fxgl.app.services.IOTaskExecutorService, class com.almasb.fxgl.io.FileSystemService, class com.almasb.fxgl.localization.LocalizationService, class com.almasb.fxgl.app.services.SystemBundleService, class com.almasb.fxgl.profile.SaveLoadService, class com.almasb.fxgl.ui.FXGLUIFactoryServiceProvider, class com.almasb.fxgl.ui.FXGLDialogFactoryServiceProvider, class com.almasb.fxgl.audio.AudioPlayer, class com.almasb.fxgl.notification.impl.NotificationServiceProvider, class com.almasb.fxgl.achievement.AchievementService, class com.almasb.fxgl.cutscene.CutsceneService, class com.almasb.fxgl.minigames.MiniGameService, class com.almasb.fxgl.net.NetService, class com.almasb.fxgl.app.services.UpdaterService, class com.almasb.fxgl.dev.DevService]
20:33:22.901 [FXGL Background Thread 3 ] DEBUG Engine               - fontGame: Abel-Regular.ttf
20:33:22.901 [FXGL Background Thread 3 ] DEBUG Engine               - fontMono: TerminalLandMono-Regular.otf
20:33:22.901 [FXGL Background Thread 3 ] DEBUG Engine               - fontSizeScaleUI: 1.0
20:33:22.902 [FXGL Background Thread 3 ] DEBUG Engine               - fontText: Courier-Prime.ttf
20:33:22.902 [FXGL Background Thread 3 ] DEBUG Engine               - fontUI: VarelaRound-Regular.ttf
20:33:22.902 [FXGL Background Thread 3 ] DEBUG Engine               - fullScreen: BooleanProperty [value: true]
20:33:22.902 [FXGL Background Thread 3 ] DEBUG Engine               - gameDifficulty: MEDIUM
20:33:22.902 [FXGL Background Thread 3 ] DEBUG Engine               - gameDifficultyProperty: ObjectProperty [value: MEDIUM]
20:33:22.902 [FXGL Background Thread 3 ] DEBUG Engine               - globalMusicVolume: 0.5
20:33:22.903 [FXGL Background Thread 3 ] DEBUG Engine               - globalMusicVolumeProperty: DoubleProperty [value: 0.5]
20:33:22.903 [FXGL Background Thread 3 ] DEBUG Engine               - globalSoundVolume: 0.5
20:33:22.903 [FXGL Background Thread 3 ] DEBUG Engine               - globalSoundVolumeProperty: DoubleProperty [value: 0.5]
20:33:22.903 [FXGL Background Thread 3 ] DEBUG Engine               - height: 864
20:33:22.903 [FXGL Background Thread 3 ] DEBUG Engine               - is3D: false
20:33:22.904 [FXGL Background Thread 3 ] DEBUG Engine               - isAndroid: false
20:33:22.904 [FXGL Background Thread 3 ] DEBUG Engine               - isBrowser: false
20:33:22.904 [FXGL Background Thread 3 ] DEBUG Engine               - isClickFeedbackEnabled: false
20:33:22.904 [FXGL Background Thread 3 ] DEBUG Engine               - isCloseConfirmation: false
20:33:22.904 [FXGL Background Thread 3 ] DEBUG Engine               - isDesktop: true
20:33:22.904 [FXGL Background Thread 3 ] DEBUG Engine               - isDeveloperMenuEnabled: false
20:33:22.905 [FXGL Background Thread 3 ] DEBUG Engine               - isEmbedded: false
20:33:22.905 [FXGL Background Thread 3 ] DEBUG Engine               - isEntityPreloadEnabled: true
20:33:22.905 [FXGL Background Thread 3 ] DEBUG Engine               - isExperimentalTiledLargeMap: false
20:33:22.905 [FXGL Background Thread 3 ] DEBUG Engine               - isFileSystemWriteAllowed: true
20:33:22.905 [FXGL Background Thread 3 ] DEBUG Engine               - isFullScreenAllowed: true
20:33:22.905 [FXGL Background Thread 3 ] DEBUG Engine               - isFullScreenFromStart: true
20:33:22.905 [FXGL Background Thread 3 ] DEBUG Engine               - isGameMenuEnabled: true
20:33:22.905 [FXGL Background Thread 3 ] DEBUG Engine               - isIOS: false
20:33:22.906 [FXGL Background Thread 3 ] DEBUG Engine               - isIntroEnabled: false
20:33:22.906 [FXGL Background Thread 3 ] DEBUG Engine               - isLinux: false
20:33:22.906 [FXGL Background Thread 3 ] DEBUG Engine               - isMac: false
20:33:22.906 [FXGL Background Thread 3 ] DEBUG Engine               - isMainMenuEnabled: false
20:33:22.906 [FXGL Background Thread 3 ] DEBUG Engine               - isManualResizeEnabled: false
20:33:22.906 [FXGL Background Thread 3 ] DEBUG Engine               - isMobile: false
20:33:22.906 [FXGL Background Thread 3 ] DEBUG Engine               - isNative: false
20:33:22.906 [FXGL Background Thread 3 ] DEBUG Engine               - isPauseMusicWhenMinimized: true
20:33:22.907 [FXGL Background Thread 3 ] DEBUG Engine               - isPreserveResizeRatio: false
20:33:22.907 [FXGL Background Thread 3 ] DEBUG Engine               - isProfilingEnabled: false
20:33:22.907 [FXGL Background Thread 3 ] DEBUG Engine               - isScaleAffectedOnResize: true
20:33:22.907 [FXGL Background Thread 3 ] DEBUG Engine               - isSingleStep: false
20:33:22.907 [FXGL Background Thread 3 ] DEBUG Engine               - isUserProfileEnabled: false
20:33:22.907 [FXGL Background Thread 3 ] DEBUG Engine               - isWindows: true
20:33:22.907 [FXGL Background Thread 3 ] DEBUG Engine               - language: ObjectProperty [value: ENGLISH]
20:33:22.907 [FXGL Background Thread 3 ] DEBUG Engine               - menuKey: ESCAPE
20:33:22.908 [FXGL Background Thread 3 ] DEBUG Engine               - mouseSensitivity: 0.2
20:33:22.908 [FXGL Background Thread 3 ] DEBUG Engine               - notificationViewClass: class com.almasb.fxgl.notification.view.XboxNotificationView
20:33:22.908 [FXGL Background Thread 3 ] DEBUG Engine               - pixelsPerMeter: 50.0
20:33:22.908 [FXGL Background Thread 3 ] DEBUG Engine               - platform: WINDOWS
20:33:22.908 [FXGL Background Thread 3 ] DEBUG Engine               - prefHeightProperty: ReadOnlyDoubleProperty [value: 864.0]
20:33:22.908 [FXGL Background Thread 3 ] DEBUG Engine               - prefWidthProperty: ReadOnlyDoubleProperty [value: 1536.0]
20:33:22.908 [FXGL Background Thread 3 ] DEBUG Engine               - profileDir: profiles/
20:33:22.909 [FXGL Background Thread 3 ] DEBUG Engine               - profileName: StringProperty [value: DEFAULT]
20:33:22.909 [FXGL Background Thread 3 ] DEBUG Engine               - randomSeed: -1
20:33:22.909 [FXGL Background Thread 3 ] DEBUG Engine               - runtimeInfo: RuntimeInfo(platform=WINDOWS, version=17.3, build=30.03.2023 11.49)
20:33:22.909 [FXGL Background Thread 3 ] DEBUG Engine               - saveFileExt: sav
20:33:22.910 [FXGL Background Thread 3 ] DEBUG Engine               - scaledHeightProp$fxgl: DoubleProperty [bound, value: 864.0]
20:33:22.910 [FXGL Background Thread 3 ] DEBUG Engine               - scaledWidthProp$fxgl: DoubleProperty [bound, value: 1536.0]
20:33:22.910 [FXGL Background Thread 3 ] DEBUG Engine               - sceneFactory: com.almasb.fxgl.app.scene.SceneFactory@3ba1bd12
20:33:22.910 [FXGL Background Thread 3 ] DEBUG Engine               - secondsIn24h: 60
20:33:22.910 [FXGL Background Thread 3 ] DEBUG Engine               - soundMenuBack: menu/back.wav
20:33:22.910 [FXGL Background Thread 3 ] DEBUG Engine               - soundMenuPress: menu/press.wav
20:33:22.911 [FXGL Background Thread 3 ] DEBUG Engine               - soundMenuSelect: menu/select.wav
20:33:22.911 [FXGL Background Thread 3 ] DEBUG Engine               - soundNotification: core/notification.wav
20:33:22.911 [FXGL Background Thread 3 ] DEBUG Engine               - stageStyle: DECORATED
20:33:22.911 [FXGL Background Thread 3 ] DEBUG Engine               - supportedLanguages: [ENGLISH, FRENCH, GERMAN, HUNGARIAN, RUSSIAN]
20:33:22.911 [FXGL Background Thread 3 ] DEBUG Engine               - ticksPerSecond: -1
20:33:22.911 [FXGL Background Thread 3 ] DEBUG Engine               - title: Megaman
20:33:22.911 [FXGL Background Thread 3 ] DEBUG Engine               - urlGithub: https://github.com/AlmasB/FXGL
20:33:22.911 [FXGL Background Thread 3 ] DEBUG Engine               - urlLeaderboard: http://fxgl-top.herokuapp.com/
20:33:22.912 [FXGL Background Thread 3 ] DEBUG Engine               - urlPOM: https://raw.githubusercontent.com/AlmasB/FXGL/release/README.md
20:33:22.912 [FXGL Background Thread 3 ] DEBUG Engine               - userAppClass: class com.game.megaman2.MegamanApplication
20:33:22.912 [FXGL Background Thread 3 ] DEBUG Engine               - version: 0.1
20:33:22.912 [FXGL Background Thread 3 ] DEBUG Engine               - versionCheckDays: 7
20:33:22.912 [FXGL Background Thread 3 ] DEBUG Engine               - width: 1536
20:33:22.912 [FXGL Background Thread 3 ] DEBUG Engine               - Logging services
20:33:22.912 [FXGL Background Thread 3 ] DEBUG Engine               - class com.almasb.fxgl.app.services.FXGLAssetLoaderService
20:33:22.912 [FXGL Background Thread 3 ] DEBUG Engine               - class com.almasb.fxgl.app.FXGLApplication$GameApplicationService
20:33:22.912 [FXGL Background Thread 3 ] DEBUG Engine               - class com.almasb.fxgl.app.services.FXGLDialogService
20:33:22.912 [FXGL Background Thread 3 ] DEBUG Engine               - class com.almasb.fxgl.app.services.IOTaskExecutorService
20:33:22.912 [FXGL Background Thread 3 ] DEBUG Engine               - class com.almasb.fxgl.io.FileSystemService
20:33:22.912 [FXGL Background Thread 3 ] DEBUG Engine               - class com.almasb.fxgl.localization.LocalizationService
20:33:22.912 [FXGL Background Thread 3 ] DEBUG Engine               - class com.almasb.fxgl.app.services.SystemBundleService
20:33:22.912 [FXGL Background Thread 3 ] DEBUG Engine               - class com.almasb.fxgl.profile.SaveLoadService
20:33:22.913 [FXGL Background Thread 3 ] DEBUG Engine               - class com.almasb.fxgl.ui.FXGLUIFactoryServiceProvider
20:33:22.913 [FXGL Background Thread 3 ] DEBUG Engine               - class com.almasb.fxgl.ui.FXGLDialogFactoryServiceProvider
20:33:22.913 [FXGL Background Thread 3 ] DEBUG Engine               - class com.almasb.fxgl.audio.AudioPlayer
20:33:22.913 [FXGL Background Thread 3 ] DEBUG Engine               - class com.almasb.fxgl.notification.impl.NotificationServiceProvider
20:33:22.913 [FXGL Background Thread 3 ] DEBUG Engine               - class com.almasb.fxgl.achievement.AchievementService
20:33:22.913 [FXGL Background Thread 3 ] DEBUG Engine               - class com.almasb.fxgl.cutscene.CutsceneService
20:33:22.913 [FXGL Background Thread 3 ] DEBUG Engine               - class com.almasb.fxgl.minigames.MiniGameService
20:33:22.913 [FXGL Background Thread 3 ] DEBUG Engine               - class com.almasb.fxgl.net.NetService
20:33:22.913 [FXGL Background Thread 3 ] DEBUG Engine               - class com.almasb.fxgl.app.services.UpdaterService
20:33:22.913 [FXGL Background Thread 3 ] DEBUG Engine               - class com.almasb.fxgl.dev.DevService
20:33:25.126 [JavaFX Application Thread] DEBUG PrimaryStageWindow   - Push state: FXGLDefaultMenu
20:33:25.132 [JavaFX Application Thread] DEBUG Input                - Clearing active input actions
20:33:25.147 [JavaFX Application Thread] DEBUG GameApplicationServi - Removing overlay from GameScene and adding to FXGLDefaultMenu
20:33:25.148 [JavaFX Application Thread] DEBUG PrimaryStageWindow   - GameScene -> FXGLDefaultMenu
20:33:26.502 [JavaFX Application Thread] DEBUG Menu                 - fireExit()
20:33:26.509 [JavaFX Application Thread] DEBUG PrimaryStageWindow   - Push state: DialogSubScene
20:33:26.510 [JavaFX Application Thread] DEBUG Input                - Clearing active input actions
20:33:26.512 [JavaFX Application Thread] DEBUG GameApplicationServi - Removing overlay from FXGLDefaultMenu and adding to DialogSubScene
20:33:26.512 [JavaFX Application Thread] DEBUG PrimaryStageWindow   - FXGLDefaultMenu -> DialogSubScene
20:33:28.283 [JavaFX Application Thread] DEBUG PrimaryStageWindow   - Pop state: DialogSubScene
20:33:28.283 [JavaFX Application Thread] DEBUG Input                - Clearing active input actions
20:33:28.284 [JavaFX Application Thread] DEBUG GameApplicationServi - Removing overlay from DialogSubScene and adding to FXGLDefaultMenu
20:33:28.285 [JavaFX Application Thread] DEBUG PrimaryStageWindow   - FXGLDefaultMenu <- DialogSubScene
20:33:28.286 [JavaFX Application Thread] DEBUG FXGLApplication      - Exiting FXGL
20:33:28.286 [JavaFX Application Thread] DEBUG LoopRunner           - Stopping loop
20:33:28.286 [JavaFX Application Thread] DEBUG SystemBundleService  - Saving FXGL system data
20:33:28.291 [JavaFX Application Thread] DEBUG FileSystemAccess     - Writing to: C:\Users\enric\Desktop\robe mie\Fermi\triennio\Informatica\Intellij\GiocoClasseQuarta\system\fxgl.bundle
20:33:28.298 [JavaFX Application Thread] DEBUG Async                - Shutting down background threads
20:33:28.298 [JavaFX Application Thread] DEBUG PrimaryStageWindow   - Closing main window
20:33:28.328 [JavaFX Application Thread] DEBUG Logger               - Closing Logger
