09:16:35.815 [main                     ] DEBUG Logger               - Configured Logger
09:16:35.836 [main                     ] DEBUG GameApplication      - Logging settings
Title: Pokemon boh
Version: 0.1
Width: 1000
Height: 720
Fullscreen: false
Intro: false
Profiling: false
Single step:false
App Mode: DEVELOPER
Menu Key: ESCAPE
Stage Style: DECORATED
Scene Factory: class com.game.pokemon.FabbricaScene

09:16:36.345 [JavaFX Application Thread] DEBUG FXGLApplication      - Initializing FXGL
09:16:36.371 [JavaFX Application Thread] INFO  Engine               - FXGL-17.3 (30.03.2023 11.49) on WINDOWS (J:22.0.1 FX:22-ea)
09:16:36.371 [JavaFX Application Thread] DEBUG Engine               - JRE Vendor Name: Oracle Corporation
09:16:36.372 [JavaFX Application Thread] DEBUG Engine               - Running on OS: Windows 11 version 10.0
09:16:36.372 [JavaFX Application Thread] DEBUG Engine               - Architecture: amd64
09:16:36.372 [JavaFX Application Thread] INFO  Engine               - Source code and latest versions at: https://github.com/AlmasB/FXGL
09:16:36.372 [JavaFX Application Thread] INFO  Engine               -       Ask questions and discuss at: https://github.com/AlmasB/FXGL/discussions
09:16:36.372 [JavaFX Application Thread] INFO  Engine               -              Join the FXGL chat at: https://gitter.im/AlmasB/FXGL
09:16:36.597 [JavaFX Application Thread] DEBUG PrimaryStageWindow   - Creating a JavaFX scene
09:16:36.688 [JavaFX Application Thread] DEBUG PrimaryStageWindow   - Target settings size: 1000.0 x 720.0
09:16:36.688 [JavaFX Application Thread] DEBUG PrimaryStageWindow   - Scaled scene size:    1000.0 x 720.0
09:16:36.689 [JavaFX Application Thread] DEBUG PrimaryStageWindow   - Scaled ratio: (1.0, 1.0)
09:16:36.690 [JavaFX Application Thread] DEBUG PrimaryStageWindow   - Set initial scene to FXGLStartupScene
09:16:36.694 [JavaFX Application Thread] DEBUG PrimaryStageWindow   - Opening main window
09:16:36.786 [JavaFX Application Thread] DEBUG PrimaryStageWindow   - Window border size: (16.0, 39.0)
09:16:36.786 [JavaFX Application Thread] DEBUG PrimaryStageWindow   - Scaled size: 1000.0 x 720.0
09:16:36.787 [JavaFX Application Thread] DEBUG PrimaryStageWindow   - Scaled ratio: (1.0, 1.0)
09:16:36.787 [JavaFX Application Thread] DEBUG PrimaryStageWindow   - Scene size: 1000.0 x 720.0
09:16:36.787 [JavaFX Application Thread] DEBUG PrimaryStageWindow   - Stage size: 1016.0 x 759.0
09:16:36.809 [FXGL Background Thread 1 ] DEBUG Engine               - Initializing environment variables
09:16:36.876 [FXGL Background Thread 1 ] DEBUG FXGLAssetLoaderServi - User app class for loading assets: class com.game.pokemon.PokemonApplication
09:16:36.877 [FXGL Background Thread 1 ] DEBUG GameApplicationServi - Applying CSS: fxgl_dark.css
09:16:36.877 [FXGL Background Thread 1 ] DEBUG FXGLAssetLoaderServi - Loading from file system: jar:file:///C:/Users/EnricoGhezzo/.m2/repository/com/github/almasb/fxgl/17.3/fxgl-17.3.jar!/fxglassets/ui/css/fxgl_dark.css
09:16:36.923 [FXGL Background Thread 1 ] DEBUG GameApplicationServi - Initializing application scenes
09:16:36.961 [FXGL Background Thread 1 ] DEBUG GameWorld            - Game world initialized
09:16:37.019 [FXGL Background Thread 1 ] DEBUG PhysicsWorld         - Physics world initialized: appHeight=720, physics.ppm=50,0
09:16:37.019 [FXGL Background Thread 1 ] DEBUG PhysicsWorld         - Using strategy: BRUTE_FORCE
09:16:37.023 [FXGL Background Thread 1 ] DEBUG GameScene            - Game scene initialized: 1000x720
09:16:37.035 [FXGL Background Thread 1 ] DEBUG FXGL.DefaultMenu     - createMenuBodyMainMenu()
09:16:37.054 [FXGL Background Thread 1 ] DEBUG FXGL.DefaultMenu     - createOptionsMenu()
09:16:37.066 [FXGL Background Thread 1 ] DEBUG FXGLAssetLoaderServi - Loading from file system: jar:file:///C:/Users/EnricoGhezzo/.m2/repository/com/github/almasb/fxgl/17.3/fxgl-17.3.jar!/fxglassets/textures/particles/smoke.png
09:16:37.156 [FXGL Background Thread 1 ] DEBUG FXGLAssetLoaderServi - Loading from file system: jar:file:///C:/Users/EnricoGhezzo/.m2/repository/com/github/almasb/fxgl/17.3/fxgl-17.3.jar!/fxglassets/textures/particles/trace_horizontal.png
09:16:37.187 [FXGL Background Thread 1 ] DEBUG FXGLAssetLoaderServi - Loading from file system: file:/C:/Users/EnricoGhezzo/OneDrive%20-%20I.I.S.%20Vendramin%20Corner/Desktop/Java/GiocoClasseQuarta/target/classes/assets/music/musicaMenu.mp3
09:16:37.339 [FXGL Background Thread 1 ] DEBUG FXGL.DefaultMenu     - createMenuBodyGameMenu()
09:16:37.341 [FXGL Background Thread 1 ] DEBUG FXGL.DefaultMenu     - createOptionsMenu()
09:16:37.351 [FXGL Background Thread 1 ] DEBUG GameApplicationServi - Application scenes initialized
09:16:37.364 [FXGL Background Thread 1 ] DEBUG SystemBundleService  - Loading FXGL system data
09:16:37.368 [FXGL Background Thread 1 ] DEBUG FileSystemAccess     - Reading from: C:\Users\EnricoGhezzo\OneDrive - I.I.S. Vendramin Corner\Desktop\Java\GiocoClasseQuarta\system\fxgl.bundle
09:16:37.378 [FXGL Background Thread 1 ] DEBUG SystemBundleService  - Bundle FXGL: {}
09:16:37.378 [FXGL Background Thread 1 ] DEBUG UpdaterService       - Checking for updates
09:16:37.405 [FXGL Background Thread 1 ] DEBUG FXGLApplication      - Loading default localization
09:16:37.406 [FXGL Background Thread 1 ] DEBUG FXGLAssetLoaderServi - Loading from file system: jar:file:///C:/Users/EnricoGhezzo/.m2/repository/com/github/almasb/fxgl/17.3/fxgl-17.3.jar!/fxglassets/languages/english.lang
09:16:37.406 [FXGL Background Thread 4 ] DEBUG FXGLApplication      - Loading fonts
09:16:37.407 [FXGL Background Thread 4 ] DEBUG FXGLAssetLoaderServi - Loading from file system: jar:file:///C:/Users/EnricoGhezzo/.m2/repository/com/github/almasb/fxgl/17.3/fxgl-17.3.jar!/fxglassets/ui/fonts/VarelaRound-Regular.ttf
09:16:37.440 [FXGL Background Thread 1 ] INFO  FXGLApplication      - FXGL initialization took: 0,631 sec
09:16:37.448 [JavaFX Application Thread] DEBUG Input                - Registered new binding: Move Right - D
09:16:37.448 [JavaFX Application Thread] DEBUG Input                - Registered new binding: Move Left - A
09:16:37.449 [JavaFX Application Thread] DEBUG Input                - Registered new binding: Move Up - W
09:16:37.449 [JavaFX Application Thread] DEBUG Input                - Registered new binding: Move Down - S
09:16:37.449 [JavaFX Application Thread] DEBUG Input                - Registered new binding: Talk - E
09:16:37.449 [JavaFX Application Thread] DEBUG Input                - Registered new binding: Attack - F
09:16:37.449 [JavaFX Application Thread] DEBUG FXGLAssetLoaderServi - Loading from file system: jar:file:///C:/Users/EnricoGhezzo/.m2/repository/com/github/almasb/fxgl/17.3/fxgl-17.3.jar!/fxglassets/textures/fxgl_icon.png
09:16:37.449 [FXGL Background Thread 4 ] DEBUG FXGLAssetLoaderServi - Loading from file system: jar:file:///C:/Users/EnricoGhezzo/.m2/repository/com/github/almasb/fxgl/17.3/fxgl-17.3.jar!/fxglassets/ui/fonts/Abel-Regular.ttf
09:16:37.462 [FXGL Background Thread 4 ] DEBUG FXGLAssetLoaderServi - Loading from file system: jar:file:///C:/Users/EnricoGhezzo/.m2/repository/com/github/almasb/fxgl/17.3/fxgl-17.3.jar!/fxglassets/ui/fonts/TerminalLandMono-Regular.otf
09:16:37.464 [JavaFX Application Thread] DEBUG FXGLAssetLoaderServi - Loading from file system: jar:file:///C:/Users/EnricoGhezzo/.m2/repository/com/github/almasb/fxgl/17.3/fxgl-17.3.jar!/fxglassets/textures/fxgl_default_cursor.png
09:16:37.467 [JavaFX Application Thread] DEBUG Input                - Registered new binding: Screenshot - CTRL+8
09:16:37.468 [JavaFX Application Thread] DEBUG Input                - Registered new binding: Dev Options - 1
09:16:37.468 [JavaFX Application Thread] DEBUG Input                - Registered new binding: Dev Console - 2
09:16:37.468 [JavaFX Application Thread] DEBUG Input                - Registered new binding: System info dump - CTRL+9
09:16:37.469 [JavaFX Application Thread] DEBUG Input                - Registered new binding: Restart - CTRL+R
09:16:37.469 [JavaFX Application Thread] DEBUG Input                - Registered new binding: Toggle Debug Camera - CTRL+7
09:16:37.473 [JavaFX Application Thread] DEBUG LoopRunner           - Starting loop
09:16:37.475 [FXGL Background Thread 4 ] DEBUG FXGLAssetLoaderServi - Loading from file system: jar:file:///C:/Users/EnricoGhezzo/.m2/repository/com/github/almasb/fxgl/17.3/fxgl-17.3.jar!/fxglassets/ui/fonts/Courier-Prime.ttf
09:16:37.489 [JavaFX Application Thread] DEBUG LoopRunner           - Initializing JavaFX AnimationTimerLoop
09:16:37.492 [JavaFX Application Thread] DEBUG Input                - Clearing active input actions
09:16:37.500 [JavaFX Application Thread] DEBUG GameApplicationServi - Removing overlay from FXGLStartupScene and adding to FXGLMainMenuDummyScene
09:16:37.503 [JavaFX Application Thread] DEBUG PrimaryStageWindow   - FXGLStartupScene -> FXGLMainMenuDummyScene
09:16:37.504 [JavaFX Application Thread] DEBUG PrimaryStageWindow   - Push state: MainMenu
09:16:37.509 [JavaFX Application Thread] DEBUG AudioPlayer          - Playing music com.almasb.fxgl.audio.Music@63868577
09:16:37.512 [JavaFX Application Thread] DEBUG Input                - Clearing active input actions
09:16:37.518 [JavaFX Application Thread] DEBUG GameApplicationServi - Removing overlay from FXGLMainMenuDummyScene and adding to MainMenu
09:16:37.519 [JavaFX Application Thread] DEBUG PrimaryStageWindow   - FXGLMainMenuDummyScene -> MainMenu
09:16:37.795 [JavaFX Application Thread] DEBUG FXGLApplication      - Registering font factories with UI factory
09:16:38.150 [FXGL Background Thread 2 ] INFO  UpdaterService       - Your current version:  17.3
09:16:38.150 [FXGL Background Thread 2 ] INFO  UpdaterService       - Latest stable version: 21.1
09:16:40.403 [FXGL Background Thread 3 ] DEBUG Engine               - Logging environment variables
09:16:40.403 [FXGL Background Thread 3 ] DEBUG Engine               - achievements: []
09:16:40.403 [FXGL Background Thread 3 ] DEBUG Engine               - actualHeight: 720.0
09:16:40.403 [FXGL Background Thread 3 ] DEBUG Engine               - actualHeightProperty: ReadOnlyDoubleProperty [value: 720.0]
09:16:40.403 [FXGL Background Thread 3 ] DEBUG Engine               - actualWidth: 1000.0
09:16:40.404 [FXGL Background Thread 3 ] DEBUG Engine               - actualWidthProperty: ReadOnlyDoubleProperty [value: 1000.0]
09:16:40.404 [FXGL Background Thread 3 ] DEBUG Engine               - appIcon: fxgl_icon.png
09:16:40.404 [FXGL Background Thread 3 ] DEBUG Engine               - applicationMode: DEVELOPER
09:16:40.404 [FXGL Background Thread 3 ] DEBUG Engine               - cSSList: [fxgl_dark.css]
09:16:40.404 [FXGL Background Thread 3 ] DEBUG Engine               - collisionDetectionStrategy: BRUTE_FORCE
09:16:40.404 [FXGL Background Thread 3 ] DEBUG Engine               - configClass: Optional.empty
09:16:40.404 [FXGL Background Thread 3 ] DEBUG Engine               - credits: []
09:16:40.404 [FXGL Background Thread 3 ] DEBUG Engine               - defaultCursor: CursorInfo(imageName=fxgl_default_cursor.png, hotspotX=7.0, hotspotY=6.0)
09:16:40.404 [FXGL Background Thread 3 ] DEBUG Engine               - devBBoxColorProperty: ObjectProperty [value: 0xff0000ff]
09:16:40.404 [FXGL Background Thread 3 ] DEBUG Engine               - devEnableDebugCameraProperty: BooleanProperty [value: false]
09:16:40.405 [FXGL Background Thread 3 ] DEBUG Engine               - devSensorColorProperty: ObjectProperty [value: 0xffff00ff]
09:16:40.405 [FXGL Background Thread 3 ] DEBUG Engine               - devShowBBoxProperty: BooleanProperty [value: false]
09:16:40.405 [FXGL Background Thread 3 ] DEBUG Engine               - devShowPositionProperty: BooleanProperty [value: false]
09:16:40.405 [FXGL Background Thread 3 ] DEBUG Engine               - enabledMenuItems: []
09:16:40.405 [FXGL Background Thread 3 ] DEBUG Engine               - engineServices: [class com.almasb.fxgl.app.services.FXGLAssetLoaderService, class com.almasb.fxgl.app.FXGLApplication$GameApplicationService, class com.almasb.fxgl.app.services.FXGLDialogService, class com.almasb.fxgl.app.services.IOTaskExecutorService, class com.almasb.fxgl.io.FileSystemService, class com.almasb.fxgl.localization.LocalizationService, class com.almasb.fxgl.app.services.SystemBundleService, class com.almasb.fxgl.profile.SaveLoadService, class com.almasb.fxgl.ui.FXGLUIFactoryServiceProvider, class com.almasb.fxgl.ui.FXGLDialogFactoryServiceProvider, class com.almasb.fxgl.audio.AudioPlayer, class com.almasb.fxgl.notification.impl.NotificationServiceProvider, class com.almasb.fxgl.achievement.AchievementService, class com.almasb.fxgl.cutscene.CutsceneService, class com.almasb.fxgl.minigames.MiniGameService, class com.almasb.fxgl.net.NetService, class com.almasb.fxgl.app.services.UpdaterService, class com.almasb.fxgl.dev.DevService]
09:16:40.405 [FXGL Background Thread 3 ] DEBUG Engine               - fontGame: Abel-Regular.ttf
09:16:40.405 [FXGL Background Thread 3 ] DEBUG Engine               - fontMono: TerminalLandMono-Regular.otf
09:16:40.405 [FXGL Background Thread 3 ] DEBUG Engine               - fontSizeScaleUI: 1.0
09:16:40.405 [FXGL Background Thread 3 ] DEBUG Engine               - fontText: Courier-Prime.ttf
09:16:40.405 [FXGL Background Thread 3 ] DEBUG Engine               - fontUI: VarelaRound-Regular.ttf
09:16:40.405 [FXGL Background Thread 3 ] DEBUG Engine               - fullScreen: BooleanProperty [value: false]
09:16:40.405 [FXGL Background Thread 3 ] DEBUG Engine               - gameDifficulty: MEDIUM
09:16:40.405 [FXGL Background Thread 3 ] DEBUG Engine               - gameDifficultyProperty: ObjectProperty [value: MEDIUM]
09:16:40.405 [FXGL Background Thread 3 ] DEBUG Engine               - globalMusicVolume: 0.5
09:16:40.406 [FXGL Background Thread 3 ] DEBUG Engine               - globalMusicVolumeProperty: DoubleProperty [value: 0.5]
09:16:40.406 [FXGL Background Thread 3 ] DEBUG Engine               - globalSoundVolume: 0.5
09:16:40.406 [FXGL Background Thread 3 ] DEBUG Engine               - globalSoundVolumeProperty: DoubleProperty [value: 0.5]
09:16:40.406 [FXGL Background Thread 3 ] DEBUG Engine               - height: 720
09:16:40.406 [FXGL Background Thread 3 ] DEBUG Engine               - is3D: false
09:16:40.406 [FXGL Background Thread 3 ] DEBUG Engine               - isAndroid: false
09:16:40.406 [FXGL Background Thread 3 ] DEBUG Engine               - isBrowser: false
09:16:40.406 [FXGL Background Thread 3 ] DEBUG Engine               - isClickFeedbackEnabled: false
09:16:40.406 [FXGL Background Thread 3 ] DEBUG Engine               - isCloseConfirmation: false
09:16:40.406 [FXGL Background Thread 3 ] DEBUG Engine               - isDesktop: true
09:16:40.406 [FXGL Background Thread 3 ] DEBUG Engine               - isDeveloperMenuEnabled: true
09:16:40.406 [FXGL Background Thread 3 ] DEBUG Engine               - isEmbedded: false
09:16:40.406 [FXGL Background Thread 3 ] DEBUG Engine               - isEntityPreloadEnabled: true
09:16:40.407 [FXGL Background Thread 3 ] DEBUG Engine               - isExperimentalTiledLargeMap: false
09:16:40.407 [FXGL Background Thread 3 ] DEBUG Engine               - isFileSystemWriteAllowed: true
09:16:40.407 [FXGL Background Thread 3 ] DEBUG Engine               - isFullScreenAllowed: false
09:16:40.407 [FXGL Background Thread 3 ] DEBUG Engine               - isFullScreenFromStart: false
09:16:40.407 [FXGL Background Thread 3 ] DEBUG Engine               - isGameMenuEnabled: true
09:16:40.407 [FXGL Background Thread 3 ] DEBUG Engine               - isIOS: false
09:16:40.407 [FXGL Background Thread 3 ] DEBUG Engine               - isIntroEnabled: false
09:16:40.407 [FXGL Background Thread 3 ] DEBUG Engine               - isLinux: false
09:16:40.407 [FXGL Background Thread 3 ] DEBUG Engine               - isMac: false
09:16:40.407 [FXGL Background Thread 3 ] DEBUG Engine               - isMainMenuEnabled: true
09:16:40.407 [FXGL Background Thread 3 ] DEBUG Engine               - isManualResizeEnabled: false
09:16:40.407 [FXGL Background Thread 3 ] DEBUG Engine               - isMobile: false
09:16:40.407 [FXGL Background Thread 3 ] DEBUG Engine               - isNative: false
09:16:40.407 [FXGL Background Thread 3 ] DEBUG Engine               - isPauseMusicWhenMinimized: true
09:16:40.408 [FXGL Background Thread 3 ] DEBUG Engine               - isPreserveResizeRatio: false
09:16:40.408 [FXGL Background Thread 3 ] DEBUG Engine               - isProfilingEnabled: false
09:16:40.408 [FXGL Background Thread 3 ] DEBUG Engine               - isScaleAffectedOnResize: true
09:16:40.408 [FXGL Background Thread 3 ] DEBUG Engine               - isSingleStep: false
09:16:40.408 [FXGL Background Thread 3 ] DEBUG Engine               - isUserProfileEnabled: false
09:16:40.408 [FXGL Background Thread 3 ] DEBUG Engine               - isWindows: true
09:16:40.408 [FXGL Background Thread 3 ] DEBUG Engine               - language: ObjectProperty [value: ENGLISH]
09:16:40.408 [FXGL Background Thread 3 ] DEBUG Engine               - menuKey: ESCAPE
09:16:40.408 [FXGL Background Thread 3 ] DEBUG Engine               - mouseSensitivity: 0.2
09:16:40.408 [FXGL Background Thread 3 ] DEBUG Engine               - notificationViewClass: class com.almasb.fxgl.notification.view.XboxNotificationView
09:16:40.408 [FXGL Background Thread 3 ] DEBUG Engine               - pixelsPerMeter: 50.0
09:16:40.408 [FXGL Background Thread 3 ] DEBUG Engine               - platform: WINDOWS
09:16:40.408 [FXGL Background Thread 3 ] DEBUG Engine               - prefHeightProperty: ReadOnlyDoubleProperty [value: 720.0]
09:16:40.408 [FXGL Background Thread 3 ] DEBUG Engine               - prefWidthProperty: ReadOnlyDoubleProperty [value: 1000.0]
09:16:40.408 [FXGL Background Thread 3 ] DEBUG Engine               - profileDir: profiles/
09:16:40.408 [FXGL Background Thread 3 ] DEBUG Engine               - profileName: StringProperty [value: DEFAULT]
09:16:40.408 [FXGL Background Thread 3 ] DEBUG Engine               - randomSeed: -1
09:16:40.409 [FXGL Background Thread 3 ] DEBUG Engine               - runtimeInfo: RuntimeInfo(platform=WINDOWS, version=17.3, build=30.03.2023 11.49)
09:16:40.409 [FXGL Background Thread 3 ] DEBUG Engine               - saveFileExt: sav
09:16:40.409 [FXGL Background Thread 3 ] DEBUG Engine               - scaledHeightProp$fxgl: DoubleProperty [bound, value: 720.0]
09:16:40.409 [FXGL Background Thread 3 ] DEBUG Engine               - scaledWidthProp$fxgl: DoubleProperty [bound, value: 1000.0]
09:16:40.409 [FXGL Background Thread 3 ] DEBUG Engine               - sceneFactory: com.game.pokemon.FabbricaScene@14c8f77f
09:16:40.409 [FXGL Background Thread 3 ] DEBUG Engine               - secondsIn24h: 60
09:16:40.409 [FXGL Background Thread 3 ] DEBUG Engine               - soundMenuBack: menu/back.wav
09:16:40.409 [FXGL Background Thread 3 ] DEBUG Engine               - soundMenuPress: menu/press.wav
09:16:40.409 [FXGL Background Thread 3 ] DEBUG Engine               - soundMenuSelect: menu/select.wav
09:16:40.409 [FXGL Background Thread 3 ] DEBUG Engine               - soundNotification: core/notification.wav
09:16:40.409 [FXGL Background Thread 3 ] DEBUG Engine               - stageStyle: DECORATED
09:16:40.409 [FXGL Background Thread 3 ] DEBUG Engine               - supportedLanguages: [ENGLISH, FRENCH, GERMAN, HUNGARIAN, RUSSIAN]
09:16:40.409 [FXGL Background Thread 3 ] DEBUG Engine               - ticksPerSecond: -1
09:16:40.409 [FXGL Background Thread 3 ] DEBUG Engine               - title: Pokemon boh
09:16:40.409 [FXGL Background Thread 3 ] DEBUG Engine               - urlGithub: https://github.com/AlmasB/FXGL
09:16:40.410 [FXGL Background Thread 3 ] DEBUG Engine               - urlLeaderboard: http://fxgl-top.herokuapp.com/
09:16:40.410 [FXGL Background Thread 3 ] DEBUG Engine               - urlPOM: https://raw.githubusercontent.com/AlmasB/FXGL/release/README.md
09:16:40.410 [FXGL Background Thread 3 ] DEBUG Engine               - userAppClass: class com.game.pokemon.PokemonApplication
09:16:40.410 [FXGL Background Thread 3 ] DEBUG Engine               - version: 0.1
09:16:40.410 [FXGL Background Thread 3 ] DEBUG Engine               - versionCheckDays: 7
09:16:40.410 [FXGL Background Thread 3 ] DEBUG Engine               - width: 1000
09:16:40.410 [FXGL Background Thread 3 ] DEBUG Engine               - Logging services
09:16:40.410 [FXGL Background Thread 3 ] DEBUG Engine               - class com.almasb.fxgl.app.services.FXGLAssetLoaderService
09:16:40.410 [FXGL Background Thread 3 ] DEBUG Engine               - class com.almasb.fxgl.app.FXGLApplication$GameApplicationService
09:16:40.410 [FXGL Background Thread 3 ] DEBUG Engine               - class com.almasb.fxgl.app.services.FXGLDialogService
09:16:40.410 [FXGL Background Thread 3 ] DEBUG Engine               - class com.almasb.fxgl.app.services.IOTaskExecutorService
09:16:40.410 [FXGL Background Thread 3 ] DEBUG Engine               - class com.almasb.fxgl.io.FileSystemService
09:16:40.410 [FXGL Background Thread 3 ] DEBUG Engine               - class com.almasb.fxgl.localization.LocalizationService
09:16:40.410 [FXGL Background Thread 3 ] DEBUG Engine               - class com.almasb.fxgl.app.services.SystemBundleService
09:16:40.410 [FXGL Background Thread 3 ] DEBUG Engine               - class com.almasb.fxgl.profile.SaveLoadService
09:16:40.410 [FXGL Background Thread 3 ] DEBUG Engine               - class com.almasb.fxgl.ui.FXGLUIFactoryServiceProvider
09:16:40.410 [FXGL Background Thread 3 ] DEBUG Engine               - class com.almasb.fxgl.ui.FXGLDialogFactoryServiceProvider
09:16:40.410 [FXGL Background Thread 3 ] DEBUG Engine               - class com.almasb.fxgl.audio.AudioPlayer
09:16:40.410 [FXGL Background Thread 3 ] DEBUG Engine               - class com.almasb.fxgl.notification.impl.NotificationServiceProvider
09:16:40.411 [FXGL Background Thread 3 ] DEBUG Engine               - class com.almasb.fxgl.achievement.AchievementService
09:16:40.411 [FXGL Background Thread 3 ] DEBUG Engine               - class com.almasb.fxgl.cutscene.CutsceneService
09:16:40.411 [FXGL Background Thread 3 ] DEBUG Engine               - class com.almasb.fxgl.minigames.MiniGameService
09:16:40.411 [FXGL Background Thread 3 ] DEBUG Engine               - class com.almasb.fxgl.net.NetService
09:16:40.411 [FXGL Background Thread 3 ] DEBUG Engine               - class com.almasb.fxgl.app.services.UpdaterService
09:16:40.411 [FXGL Background Thread 3 ] DEBUG Engine               - class com.almasb.fxgl.dev.DevService
09:16:41.505 [JavaFX Application Thread] DEBUG Menu                 - fireNewGame()
09:16:41.505 [JavaFX Application Thread] DEBUG GameApplicationServi - Starting new game
09:16:41.506 [JavaFX Application Thread] DEBUG AudioPlayer          - Stopping music com.almasb.fxgl.audio.Music@63868577
09:16:41.697 [JavaFX Application Thread] DEBUG PrimaryStageWindow   - Pop state: MainMenu
09:16:41.697 [JavaFX Application Thread] DEBUG Input                - Clearing active input actions
09:16:41.698 [JavaFX Application Thread] DEBUG GameApplicationServi - Removing overlay from MainMenu and adding to FXGLMainMenuDummyScene
09:16:41.699 [JavaFX Application Thread] DEBUG PrimaryStageWindow   - FXGLMainMenuDummyScene <- MainMenu
09:16:41.699 [JavaFX Application Thread] DEBUG Input                - Clearing active input actions
09:16:41.705 [JavaFX Application Thread] DEBUG GameApplicationServi - Removing overlay from FXGLMainMenuDummyScene and adding to FXGLLoadingScene
09:16:41.705 [JavaFX Application Thread] DEBUG PrimaryStageWindow   - FXGLMainMenuDummyScene -> FXGLLoadingScene
09:16:41.705 [JavaFX Application Thread] DEBUG GameApplicationServi - Clearing previous game
09:16:41.705 [JavaFX Application Thread] DEBUG GameScene            - Clearing game scene
09:16:41.705 [JavaFX Application Thread] DEBUG GameWorld            - Clearing game world
09:16:41.705 [JavaFX Application Thread] DEBUG PhysicsWorld         - Clearing physics world
09:16:41.707 [FXGL Background Thread 2 ] DEBUG FXGLApplication      - Initializing game
09:16:49.952 [FXGL Background Thread 2 ] WARN  TMXLevelLoader       - TiledMap generated from 1.10.2. Supported version: 1.9.0. Some features may not be parsed fully.
09:16:50.009 [FXGL Background Thread 2 ] DEBUG TMXLevelLoader       - Parsed TiledMap: file:/C:/Users/EnricoGhezzo/OneDrive%20-%20I.I.S.%20Vendramin%20Corner/Desktop/Java/GiocoClasseQuarta/target/classes/assets/levels/livello.tmx
09:16:50.013 [FXGL Background Thread 2 ] DEBUG TMXLevelLoader       - Creating tile layer entities
09:16:50.017 [FXGL Background Thread 2 ] DEBUG TilesetLoader        - Loading view for layer ground
09:16:50.050 [FXGL Background Thread 2 ] DEBUG TilesetLoader        - Created buffer with size 4000.0x4000.0
09:16:50.087 [FXGL Background Thread 2 ] WARN  TilesetLoader        - Diagonally flipped tiles are not currently supported
09:16:50.087 [FXGL Background Thread 2 ] WARN  TilesetLoader        - Diagonally flipped tiles are not currently supported
09:16:50.088 [FXGL Background Thread 2 ] WARN  TilesetLoader        - Diagonally flipped tiles are not currently supported
09:16:50.088 [FXGL Background Thread 2 ] WARN  TilesetLoader        - Diagonally flipped tiles are not currently supported
09:16:50.089 [FXGL Background Thread 2 ] WARN  TilesetLoader        - Diagonally flipped tiles are not currently supported
09:16:50.089 [FXGL Background Thread 2 ] WARN  TilesetLoader        - Diagonally flipped tiles are not currently supported
09:16:50.090 [FXGL Background Thread 2 ] WARN  TilesetLoader        - Diagonally flipped tiles are not currently supported
09:16:50.090 [FXGL Background Thread 2 ] WARN  TilesetLoader        - Diagonally flipped tiles are not currently supported
09:16:50.092 [FXGL Background Thread 2 ] WARN  TilesetLoader        - Diagonally flipped tiles are not currently supported
09:16:50.092 [FXGL Background Thread 2 ] WARN  TilesetLoader        - Diagonally flipped tiles are not currently supported
09:16:50.093 [FXGL Background Thread 2 ] WARN  TilesetLoader        - Diagonally flipped tiles are not currently supported
09:16:50.094 [FXGL Background Thread 2 ] WARN  TilesetLoader        - Diagonally flipped tiles are not currently supported
09:16:50.094 [FXGL Background Thread 2 ] WARN  TilesetLoader        - Diagonally flipped tiles are not currently supported
09:16:50.095 [FXGL Background Thread 2 ] WARN  TilesetLoader        - Diagonally flipped tiles are not currently supported
09:16:50.095 [FXGL Background Thread 2 ] WARN  TilesetLoader        - Diagonally flipped tiles are not currently supported
09:16:50.095 [FXGL Background Thread 2 ] WARN  TilesetLoader        - Diagonally flipped tiles are not currently supported
09:16:50.096 [FXGL Background Thread 2 ] WARN  TilesetLoader        - Diagonally flipped tiles are not currently supported
09:16:50.096 [FXGL Background Thread 2 ] WARN  TilesetLoader        - Diagonally flipped tiles are not currently supported
09:16:50.096 [FXGL Background Thread 2 ] WARN  TilesetLoader        - Diagonally flipped tiles are not currently supported
09:16:50.097 [FXGL Background Thread 2 ] WARN  TilesetLoader        - Diagonally flipped tiles are not currently supported
09:16:50.097 [FXGL Background Thread 2 ] WARN  TilesetLoader        - Diagonally flipped tiles are not currently supported
09:16:50.097 [FXGL Background Thread 2 ] WARN  TilesetLoader        - Diagonally flipped tiles are not currently supported
09:16:50.098 [FXGL Background Thread 2 ] WARN  TilesetLoader        - Diagonally flipped tiles are not currently supported
09:16:50.098 [FXGL Background Thread 2 ] WARN  TilesetLoader        - Diagonally flipped tiles are not currently supported
09:16:50.098 [FXGL Background Thread 2 ] WARN  TilesetLoader        - Diagonally flipped tiles are not currently supported
09:16:50.098 [FXGL Background Thread 2 ] WARN  TilesetLoader        - Diagonally flipped tiles are not currently supported
09:16:50.099 [FXGL Background Thread 2 ] WARN  TilesetLoader        - Diagonally flipped tiles are not currently supported
09:16:50.099 [FXGL Background Thread 2 ] WARN  TilesetLoader        - Diagonally flipped tiles are not currently supported
09:16:50.099 [FXGL Background Thread 2 ] WARN  TilesetLoader        - Diagonally flipped tiles are not currently supported
09:16:50.099 [FXGL Background Thread 2 ] WARN  TilesetLoader        - Diagonally flipped tiles are not currently supported
09:16:50.100 [FXGL Background Thread 2 ] WARN  TilesetLoader        - Diagonally flipped tiles are not currently supported
09:16:50.100 [FXGL Background Thread 2 ] WARN  TilesetLoader        - Diagonally flipped tiles are not currently supported
09:16:50.100 [FXGL Background Thread 2 ] WARN  TilesetLoader        - Diagonally flipped tiles are not currently supported
09:16:50.100 [FXGL Background Thread 2 ] WARN  TilesetLoader        - Diagonally flipped tiles are not currently supported
09:16:50.101 [FXGL Background Thread 2 ] WARN  TilesetLoader        - Diagonally flipped tiles are not currently supported
09:16:50.101 [FXGL Background Thread 2 ] WARN  TilesetLoader        - Diagonally flipped tiles are not currently supported
09:16:50.101 [FXGL Background Thread 2 ] WARN  TilesetLoader        - Diagonally flipped tiles are not currently supported
09:16:50.101 [FXGL Background Thread 2 ] WARN  TilesetLoader        - Diagonally flipped tiles are not currently supported
09:16:50.102 [FXGL Background Thread 2 ] WARN  TilesetLoader        - Diagonally flipped tiles are not currently supported
09:16:50.102 [FXGL Background Thread 2 ] WARN  TilesetLoader        - Diagonally flipped tiles are not currently supported
09:16:50.102 [FXGL Background Thread 2 ] WARN  TilesetLoader        - Diagonally flipped tiles are not currently supported
09:16:50.102 [FXGL Background Thread 2 ] WARN  TilesetLoader        - Diagonally flipped tiles are not currently supported
09:16:50.102 [FXGL Background Thread 2 ] WARN  TilesetLoader        - Diagonally flipped tiles are not currently supported
09:16:50.102 [FXGL Background Thread 2 ] WARN  TilesetLoader        - Diagonally flipped tiles are not currently supported
09:16:50.103 [FXGL Background Thread 2 ] WARN  TilesetLoader        - Diagonally flipped tiles are not currently supported
09:16:50.103 [FXGL Background Thread 2 ] WARN  TilesetLoader        - Diagonally flipped tiles are not currently supported
09:16:50.103 [FXGL Background Thread 2 ] WARN  TilesetLoader        - Diagonally flipped tiles are not currently supported
09:16:50.103 [FXGL Background Thread 2 ] WARN  TilesetLoader        - Diagonally flipped tiles are not currently supported
09:16:50.103 [FXGL Background Thread 2 ] WARN  TilesetLoader        - Diagonally flipped tiles are not currently supported
09:16:50.104 [FXGL Background Thread 2 ] WARN  TilesetLoader        - Diagonally flipped tiles are not currently supported
09:16:50.104 [FXGL Background Thread 2 ] WARN  TilesetLoader        - Diagonally flipped tiles are not currently supported
09:16:50.104 [FXGL Background Thread 2 ] WARN  TilesetLoader        - Diagonally flipped tiles are not currently supported
09:16:50.104 [FXGL Background Thread 2 ] WARN  TilesetLoader        - Diagonally flipped tiles are not currently supported
09:16:50.105 [FXGL Background Thread 2 ] WARN  TilesetLoader        - Diagonally flipped tiles are not currently supported
09:16:50.105 [FXGL Background Thread 2 ] WARN  TilesetLoader        - Diagonally flipped tiles are not currently supported
09:16:50.105 [FXGL Background Thread 2 ] WARN  TilesetLoader        - Diagonally flipped tiles are not currently supported
09:16:50.105 [FXGL Background Thread 2 ] WARN  TilesetLoader        - Diagonally flipped tiles are not currently supported
09:16:50.105 [FXGL Background Thread 2 ] WARN  TilesetLoader        - Diagonally flipped tiles are not currently supported
09:16:50.106 [FXGL Background Thread 2 ] WARN  TilesetLoader        - Diagonally flipped tiles are not currently supported
09:16:50.106 [FXGL Background Thread 2 ] WARN  TilesetLoader        - Diagonally flipped tiles are not currently supported
09:16:50.106 [FXGL Background Thread 2 ] WARN  TilesetLoader        - Diagonally flipped tiles are not currently supported
09:16:50.107 [FXGL Background Thread 2 ] WARN  TilesetLoader        - Diagonally flipped tiles are not currently supported
09:16:50.107 [FXGL Background Thread 2 ] WARN  TilesetLoader        - Diagonally flipped tiles are not currently supported
09:16:50.107 [FXGL Background Thread 2 ] WARN  TilesetLoader        - Diagonally flipped tiles are not currently supported
09:16:50.108 [FXGL Background Thread 2 ] WARN  TilesetLoader        - Diagonally flipped tiles are not currently supported
09:16:50.108 [FXGL Background Thread 2 ] WARN  TilesetLoader        - Diagonally flipped tiles are not currently supported
09:16:50.108 [FXGL Background Thread 2 ] WARN  TilesetLoader        - Diagonally flipped tiles are not currently supported
09:16:50.108 [FXGL Background Thread 2 ] WARN  TilesetLoader        - Diagonally flipped tiles are not currently supported
09:16:50.109 [FXGL Background Thread 2 ] WARN  TilesetLoader        - Diagonally flipped tiles are not currently supported
09:16:50.109 [FXGL Background Thread 2 ] WARN  TilesetLoader        - Diagonally flipped tiles are not currently supported
09:16:50.109 [FXGL Background Thread 2 ] WARN  TilesetLoader        - Diagonally flipped tiles are not currently supported
09:16:50.109 [FXGL Background Thread 2 ] WARN  TilesetLoader        - Diagonally flipped tiles are not currently supported
09:16:50.110 [FXGL Background Thread 2 ] WARN  TilesetLoader        - Diagonally flipped tiles are not currently supported
09:16:50.110 [FXGL Background Thread 2 ] WARN  TilesetLoader        - Diagonally flipped tiles are not currently supported
09:16:50.110 [FXGL Background Thread 2 ] WARN  TilesetLoader        - Diagonally flipped tiles are not currently supported
09:16:50.110 [FXGL Background Thread 2 ] WARN  TilesetLoader        - Diagonally flipped tiles are not currently supported
09:16:50.110 [FXGL Background Thread 2 ] WARN  TilesetLoader        - Diagonally flipped tiles are not currently supported
09:16:50.110 [FXGL Background Thread 2 ] WARN  TilesetLoader        - Diagonally flipped tiles are not currently supported
09:16:50.110 [FXGL Background Thread 2 ] WARN  TilesetLoader        - Diagonally flipped tiles are not currently supported
09:16:50.110 [FXGL Background Thread 2 ] WARN  TilesetLoader        - Diagonally flipped tiles are not currently supported
09:16:50.112 [FXGL Background Thread 2 ] WARN  TilesetLoader        - Diagonally flipped tiles are not currently supported
09:16:50.112 [FXGL Background Thread 2 ] WARN  TilesetLoader        - Diagonally flipped tiles are not currently supported
09:16:50.112 [FXGL Background Thread 2 ] WARN  TilesetLoader        - Diagonally flipped tiles are not currently supported
09:16:50.112 [FXGL Background Thread 2 ] WARN  TilesetLoader        - Diagonally flipped tiles are not currently supported
09:16:50.113 [FXGL Background Thread 2 ] WARN  TilesetLoader        - Diagonally flipped tiles are not currently supported
09:16:50.113 [FXGL Background Thread 2 ] WARN  TilesetLoader        - Diagonally flipped tiles are not currently supported
09:16:50.113 [FXGL Background Thread 2 ] WARN  TilesetLoader        - Diagonally flipped tiles are not currently supported
09:16:50.113 [FXGL Background Thread 2 ] WARN  TilesetLoader        - Diagonally flipped tiles are not currently supported
09:16:50.114 [FXGL Background Thread 2 ] WARN  TilesetLoader        - Diagonally flipped tiles are not currently supported
09:16:50.114 [FXGL Background Thread 2 ] WARN  TilesetLoader        - Diagonally flipped tiles are not currently supported
09:16:50.114 [FXGL Background Thread 2 ] WARN  TilesetLoader        - Diagonally flipped tiles are not currently supported
09:16:50.114 [FXGL Background Thread 2 ] WARN  TilesetLoader        - Diagonally flipped tiles are not currently supported
09:16:50.115 [FXGL Background Thread 2 ] WARN  TilesetLoader        - Diagonally flipped tiles are not currently supported
09:16:50.115 [FXGL Background Thread 2 ] WARN  TilesetLoader        - Diagonally flipped tiles are not currently supported
09:16:50.115 [FXGL Background Thread 2 ] WARN  TilesetLoader        - Diagonally flipped tiles are not currently supported
09:16:50.115 [FXGL Background Thread 2 ] WARN  TilesetLoader        - Diagonally flipped tiles are not currently supported
09:16:50.115 [FXGL Background Thread 2 ] WARN  TilesetLoader        - Diagonally flipped tiles are not currently supported
09:16:50.116 [FXGL Background Thread 2 ] WARN  TilesetLoader        - Diagonally flipped tiles are not currently supported
09:16:50.116 [FXGL Background Thread 2 ] WARN  TilesetLoader        - Diagonally flipped tiles are not currently supported
09:16:50.116 [FXGL Background Thread 2 ] WARN  TilesetLoader        - Diagonally flipped tiles are not currently supported
09:16:50.116 [FXGL Background Thread 2 ] WARN  TilesetLoader        - Diagonally flipped tiles are not currently supported
09:16:50.116 [FXGL Background Thread 2 ] WARN  TilesetLoader        - Diagonally flipped tiles are not currently supported
09:16:50.117 [FXGL Background Thread 2 ] WARN  TilesetLoader        - Diagonally flipped tiles are not currently supported
09:16:50.117 [FXGL Background Thread 2 ] WARN  TilesetLoader        - Diagonally flipped tiles are not currently supported
09:16:50.117 [FXGL Background Thread 2 ] WARN  TilesetLoader        - Diagonally flipped tiles are not currently supported
09:16:50.117 [FXGL Background Thread 2 ] WARN  TilesetLoader        - Diagonally flipped tiles are not currently supported
09:16:50.117 [FXGL Background Thread 2 ] WARN  TilesetLoader        - Diagonally flipped tiles are not currently supported
09:16:50.118 [FXGL Background Thread 2 ] WARN  TilesetLoader        - Diagonally flipped tiles are not currently supported
09:16:50.118 [FXGL Background Thread 2 ] WARN  TilesetLoader        - Diagonally flipped tiles are not currently supported
09:16:50.118 [FXGL Background Thread 2 ] WARN  TilesetLoader        - Diagonally flipped tiles are not currently supported
09:16:50.118 [FXGL Background Thread 2 ] WARN  TilesetLoader        - Diagonally flipped tiles are not currently supported
09:16:50.118 [FXGL Background Thread 2 ] WARN  TilesetLoader        - Diagonally flipped tiles are not currently supported
09:16:50.119 [FXGL Background Thread 2 ] WARN  TilesetLoader        - Diagonally flipped tiles are not currently supported
09:16:50.119 [FXGL Background Thread 2 ] WARN  TilesetLoader        - Diagonally flipped tiles are not currently supported
09:16:50.119 [FXGL Background Thread 2 ] WARN  TilesetLoader        - Diagonally flipped tiles are not currently supported
09:16:50.119 [FXGL Background Thread 2 ] WARN  TilesetLoader        - Diagonally flipped tiles are not currently supported
09:16:50.119 [FXGL Background Thread 2 ] WARN  TilesetLoader        - Diagonally flipped tiles are not currently supported
09:16:50.120 [FXGL Background Thread 2 ] WARN  TilesetLoader        - Diagonally flipped tiles are not currently supported
09:16:50.120 [FXGL Background Thread 2 ] WARN  TilesetLoader        - Diagonally flipped tiles are not currently supported
09:16:50.120 [FXGL Background Thread 2 ] WARN  TilesetLoader        - Diagonally flipped tiles are not currently supported
09:16:50.120 [FXGL Background Thread 2 ] WARN  TilesetLoader        - Diagonally flipped tiles are not currently supported
09:16:50.120 [FXGL Background Thread 2 ] WARN  TilesetLoader        - Diagonally flipped tiles are not currently supported
09:16:50.120 [FXGL Background Thread 2 ] WARN  TilesetLoader        - Diagonally flipped tiles are not currently supported
09:16:50.120 [FXGL Background Thread 2 ] WARN  TilesetLoader        - Diagonally flipped tiles are not currently supported
09:16:50.121 [FXGL Background Thread 2 ] WARN  TilesetLoader        - Diagonally flipped tiles are not currently supported
09:16:50.121 [FXGL Background Thread 2 ] WARN  TilesetLoader        - Diagonally flipped tiles are not currently supported
09:16:50.121 [FXGL Background Thread 2 ] WARN  TilesetLoader        - Diagonally flipped tiles are not currently supported
09:16:50.121 [FXGL Background Thread 2 ] WARN  TilesetLoader        - Diagonally flipped tiles are not currently supported
09:16:50.121 [FXGL Background Thread 2 ] WARN  TilesetLoader        - Diagonally flipped tiles are not currently supported
09:16:50.122 [FXGL Background Thread 2 ] WARN  TilesetLoader        - Diagonally flipped tiles are not currently supported
09:16:50.122 [FXGL Background Thread 2 ] WARN  TilesetLoader        - Diagonally flipped tiles are not currently supported
09:16:50.122 [FXGL Background Thread 2 ] WARN  TilesetLoader        - Diagonally flipped tiles are not currently supported
09:16:50.122 [FXGL Background Thread 2 ] WARN  TilesetLoader        - Diagonally flipped tiles are not currently supported
09:16:50.123 [FXGL Background Thread 2 ] WARN  TilesetLoader        - Diagonally flipped tiles are not currently supported
09:16:50.123 [FXGL Background Thread 2 ] WARN  TilesetLoader        - Diagonally flipped tiles are not currently supported
09:16:50.123 [FXGL Background Thread 2 ] WARN  TilesetLoader        - Diagonally flipped tiles are not currently supported
09:16:50.123 [FXGL Background Thread 2 ] WARN  TilesetLoader        - Diagonally flipped tiles are not currently supported
09:16:50.124 [FXGL Background Thread 2 ] WARN  TilesetLoader        - Diagonally flipped tiles are not currently supported
09:16:50.124 [FXGL Background Thread 2 ] WARN  TilesetLoader        - Diagonally flipped tiles are not currently supported
09:16:50.124 [FXGL Background Thread 2 ] WARN  TilesetLoader        - Diagonally flipped tiles are not currently supported
09:16:50.125 [FXGL Background Thread 2 ] WARN  TilesetLoader        - Diagonally flipped tiles are not currently supported
09:16:50.125 [FXGL Background Thread 2 ] WARN  TilesetLoader        - Diagonally flipped tiles are not currently supported
09:16:50.125 [FXGL Background Thread 2 ] WARN  TilesetLoader        - Diagonally flipped tiles are not currently supported
09:16:50.125 [FXGL Background Thread 2 ] WARN  TilesetLoader        - Diagonally flipped tiles are not currently supported
09:16:50.126 [FXGL Background Thread 2 ] WARN  TilesetLoader        - Diagonally flipped tiles are not currently supported
09:16:50.126 [FXGL Background Thread 2 ] WARN  TilesetLoader        - Diagonally flipped tiles are not currently supported
09:16:50.126 [FXGL Background Thread 2 ] WARN  TilesetLoader        - Diagonally flipped tiles are not currently supported
09:16:50.126 [FXGL Background Thread 2 ] WARN  TilesetLoader        - Diagonally flipped tiles are not currently supported
09:16:50.127 [FXGL Background Thread 2 ] WARN  TilesetLoader        - Diagonally flipped tiles are not currently supported
09:16:50.127 [FXGL Background Thread 2 ] WARN  TilesetLoader        - Diagonally flipped tiles are not currently supported
09:16:50.127 [FXGL Background Thread 2 ] WARN  TilesetLoader        - Diagonally flipped tiles are not currently supported
09:16:50.127 [FXGL Background Thread 2 ] WARN  TilesetLoader        - Diagonally flipped tiles are not currently supported
09:16:50.128 [FXGL Background Thread 2 ] WARN  TilesetLoader        - Diagonally flipped tiles are not currently supported
09:16:50.128 [FXGL Background Thread 2 ] WARN  TilesetLoader        - Diagonally flipped tiles are not currently supported
09:16:50.128 [FXGL Background Thread 2 ] WARN  TilesetLoader        - Diagonally flipped tiles are not currently supported
09:16:50.128 [FXGL Background Thread 2 ] WARN  TilesetLoader        - Diagonally flipped tiles are not currently supported
09:16:50.129 [FXGL Background Thread 2 ] WARN  TilesetLoader        - Diagonally flipped tiles are not currently supported
09:16:50.129 [FXGL Background Thread 2 ] WARN  TilesetLoader        - Diagonally flipped tiles are not currently supported
09:16:50.129 [FXGL Background Thread 2 ] WARN  TilesetLoader        - Diagonally flipped tiles are not currently supported
09:16:50.129 [FXGL Background Thread 2 ] WARN  TilesetLoader        - Diagonally flipped tiles are not currently supported
09:16:50.130 [FXGL Background Thread 2 ] WARN  TilesetLoader        - Diagonally flipped tiles are not currently supported
09:16:50.130 [FXGL Background Thread 2 ] WARN  TilesetLoader        - Diagonally flipped tiles are not currently supported
09:16:50.130 [FXGL Background Thread 2 ] WARN  TilesetLoader        - Diagonally flipped tiles are not currently supported
09:16:50.130 [FXGL Background Thread 2 ] WARN  TilesetLoader        - Diagonally flipped tiles are not currently supported
09:16:50.130 [FXGL Background Thread 2 ] WARN  TilesetLoader        - Diagonally flipped tiles are not currently supported
09:16:50.130 [FXGL Background Thread 2 ] WARN  TilesetLoader        - Diagonally flipped tiles are not currently supported
09:16:50.131 [FXGL Background Thread 2 ] WARN  TilesetLoader        - Diagonally flipped tiles are not currently supported
09:16:50.131 [FXGL Background Thread 2 ] WARN  TilesetLoader        - Diagonally flipped tiles are not currently supported
09:16:50.132 [FXGL Background Thread 2 ] WARN  TilesetLoader        - Diagonally flipped tiles are not currently supported
09:16:50.132 [FXGL Background Thread 2 ] WARN  TilesetLoader        - Diagonally flipped tiles are not currently supported
09:16:50.132 [FXGL Background Thread 2 ] WARN  TilesetLoader        - Diagonally flipped tiles are not currently supported
09:16:50.132 [FXGL Background Thread 2 ] WARN  TilesetLoader        - Diagonally flipped tiles are not currently supported
09:16:50.133 [FXGL Background Thread 2 ] WARN  TilesetLoader        - Diagonally flipped tiles are not currently supported
09:16:50.133 [FXGL Background Thread 2 ] WARN  TilesetLoader        - Diagonally flipped tiles are not currently supported
09:16:50.133 [FXGL Background Thread 2 ] WARN  TilesetLoader        - Diagonally flipped tiles are not currently supported
09:16:50.133 [FXGL Background Thread 2 ] WARN  TilesetLoader        - Diagonally flipped tiles are not currently supported
09:16:50.134 [FXGL Background Thread 2 ] WARN  TilesetLoader        - Diagonally flipped tiles are not currently supported
09:16:50.134 [FXGL Background Thread 2 ] WARN  TilesetLoader        - Diagonally flipped tiles are not currently supported
09:16:50.134 [FXGL Background Thread 2 ] WARN  TilesetLoader        - Diagonally flipped tiles are not currently supported
09:16:50.134 [FXGL Background Thread 2 ] WARN  TilesetLoader        - Diagonally flipped tiles are not currently supported
09:16:50.135 [FXGL Background Thread 2 ] WARN  TilesetLoader        - Diagonally flipped tiles are not currently supported
09:16:50.135 [FXGL Background Thread 2 ] WARN  TilesetLoader        - Diagonally flipped tiles are not currently supported
09:16:50.135 [FXGL Background Thread 2 ] WARN  TilesetLoader        - Diagonally flipped tiles are not currently supported
09:16:50.135 [FXGL Background Thread 2 ] WARN  TilesetLoader        - Diagonally flipped tiles are not currently supported
09:16:50.135 [FXGL Background Thread 2 ] WARN  TilesetLoader        - Diagonally flipped tiles are not currently supported
09:16:50.136 [FXGL Background Thread 2 ] WARN  TilesetLoader        - Diagonally flipped tiles are not currently supported
09:16:50.136 [FXGL Background Thread 2 ] WARN  TilesetLoader        - Diagonally flipped tiles are not currently supported
09:16:50.136 [FXGL Background Thread 2 ] WARN  TilesetLoader        - Diagonally flipped tiles are not currently supported
09:16:50.136 [FXGL Background Thread 2 ] WARN  TilesetLoader        - Diagonally flipped tiles are not currently supported
09:16:50.136 [FXGL Background Thread 2 ] WARN  TilesetLoader        - Diagonally flipped tiles are not currently supported
09:16:50.137 [FXGL Background Thread 2 ] WARN  TilesetLoader        - Diagonally flipped tiles are not currently supported
09:16:50.137 [FXGL Background Thread 2 ] WARN  TilesetLoader        - Diagonally flipped tiles are not currently supported
09:16:50.137 [FXGL Background Thread 2 ] WARN  TilesetLoader        - Diagonally flipped tiles are not currently supported
09:16:50.137 [FXGL Background Thread 2 ] WARN  TilesetLoader        - Diagonally flipped tiles are not currently supported
09:16:50.137 [FXGL Background Thread 2 ] WARN  TilesetLoader        - Diagonally flipped tiles are not currently supported
09:16:50.137 [FXGL Background Thread 2 ] WARN  TilesetLoader        - Diagonally flipped tiles are not currently supported
09:16:50.138 [FXGL Background Thread 2 ] WARN  TilesetLoader        - Diagonally flipped tiles are not currently supported
09:16:50.138 [FXGL Background Thread 2 ] WARN  TilesetLoader        - Diagonally flipped tiles are not currently supported
09:16:50.138 [FXGL Background Thread 2 ] WARN  TilesetLoader        - Diagonally flipped tiles are not currently supported
09:16:50.138 [FXGL Background Thread 2 ] WARN  TilesetLoader        - Diagonally flipped tiles are not currently supported
09:16:50.138 [FXGL Background Thread 2 ] WARN  TilesetLoader        - Diagonally flipped tiles are not currently supported
09:16:50.139 [FXGL Background Thread 2 ] WARN  TilesetLoader        - Diagonally flipped tiles are not currently supported
09:16:50.139 [FXGL Background Thread 2 ] WARN  TilesetLoader        - Diagonally flipped tiles are not currently supported
09:16:50.139 [FXGL Background Thread 2 ] WARN  TilesetLoader        - Diagonally flipped tiles are not currently supported
09:16:50.139 [FXGL Background Thread 2 ] WARN  TilesetLoader        - Diagonally flipped tiles are not currently supported
09:16:50.140 [FXGL Background Thread 2 ] WARN  TilesetLoader        - Diagonally flipped tiles are not currently supported
09:16:50.140 [FXGL Background Thread 2 ] WARN  TilesetLoader        - Diagonally flipped tiles are not currently supported
09:16:50.140 [FXGL Background Thread 2 ] WARN  TilesetLoader        - Diagonally flipped tiles are not currently supported
09:16:50.140 [FXGL Background Thread 2 ] WARN  TilesetLoader        - Diagonally flipped tiles are not currently supported
09:16:50.140 [FXGL Background Thread 2 ] WARN  TilesetLoader        - Diagonally flipped tiles are not currently supported
09:16:50.140 [FXGL Background Thread 2 ] WARN  TilesetLoader        - Diagonally flipped tiles are not currently supported
09:16:50.140 [FXGL Background Thread 2 ] WARN  TilesetLoader        - Diagonally flipped tiles are not currently supported
09:16:50.141 [FXGL Background Thread 2 ] WARN  TilesetLoader        - Diagonally flipped tiles are not currently supported
09:16:50.141 [FXGL Background Thread 2 ] WARN  TilesetLoader        - Diagonally flipped tiles are not currently supported
09:16:50.141 [FXGL Background Thread 2 ] WARN  TilesetLoader        - Diagonally flipped tiles are not currently supported
09:16:50.141 [FXGL Background Thread 2 ] WARN  TilesetLoader        - Diagonally flipped tiles are not currently supported
09:16:50.142 [FXGL Background Thread 2 ] WARN  TilesetLoader        - Diagonally flipped tiles are not currently supported
09:16:50.142 [FXGL Background Thread 2 ] WARN  TilesetLoader        - Diagonally flipped tiles are not currently supported
09:16:50.142 [FXGL Background Thread 2 ] WARN  TilesetLoader        - Diagonally flipped tiles are not currently supported
09:16:50.142 [FXGL Background Thread 2 ] WARN  TilesetLoader        - Diagonally flipped tiles are not currently supported
09:16:50.142 [FXGL Background Thread 2 ] WARN  TilesetLoader        - Diagonally flipped tiles are not currently supported
09:16:50.143 [FXGL Background Thread 2 ] WARN  TilesetLoader        - Diagonally flipped tiles are not currently supported
09:16:50.143 [FXGL Background Thread 2 ] WARN  TilesetLoader        - Diagonally flipped tiles are not currently supported
09:16:50.143 [FXGL Background Thread 2 ] WARN  TilesetLoader        - Diagonally flipped tiles are not currently supported
09:16:50.143 [FXGL Background Thread 2 ] WARN  TilesetLoader        - Diagonally flipped tiles are not currently supported
09:16:50.143 [FXGL Background Thread 2 ] WARN  TilesetLoader        - Diagonally flipped tiles are not currently supported
09:16:50.144 [FXGL Background Thread 2 ] WARN  TilesetLoader        - Diagonally flipped tiles are not currently supported
09:16:50.144 [FXGL Background Thread 2 ] WARN  TilesetLoader        - Diagonally flipped tiles are not currently supported
09:16:50.144 [FXGL Background Thread 2 ] WARN  TilesetLoader        - Diagonally flipped tiles are not currently supported
09:16:50.144 [FXGL Background Thread 2 ] WARN  TilesetLoader        - Diagonally flipped tiles are not currently supported
09:16:50.144 [FXGL Background Thread 2 ] WARN  TilesetLoader        - Diagonally flipped tiles are not currently supported
09:16:50.144 [FXGL Background Thread 2 ] WARN  TilesetLoader        - Diagonally flipped tiles are not currently supported
09:16:50.145 [FXGL Background Thread 2 ] WARN  TilesetLoader        - Diagonally flipped tiles are not currently supported
09:16:50.145 [FXGL Background Thread 2 ] WARN  TilesetLoader        - Diagonally flipped tiles are not currently supported
09:16:50.145 [FXGL Background Thread 2 ] WARN  TilesetLoader        - Diagonally flipped tiles are not currently supported
09:16:50.145 [FXGL Background Thread 2 ] WARN  TilesetLoader        - Diagonally flipped tiles are not currently supported
09:16:50.145 [FXGL Background Thread 2 ] WARN  TilesetLoader        - Diagonally flipped tiles are not currently supported
09:16:50.145 [FXGL Background Thread 2 ] WARN  TilesetLoader        - Diagonally flipped tiles are not currently supported
09:16:50.146 [FXGL Background Thread 2 ] WARN  TilesetLoader        - Diagonally flipped tiles are not currently supported
09:16:50.146 [FXGL Background Thread 2 ] WARN  TilesetLoader        - Diagonally flipped tiles are not currently supported
09:16:50.147 [FXGL Background Thread 2 ] WARN  TilesetLoader        - Diagonally flipped tiles are not currently supported
09:16:50.147 [FXGL Background Thread 2 ] WARN  TilesetLoader        - Diagonally flipped tiles are not currently supported
09:16:50.147 [FXGL Background Thread 2 ] WARN  TilesetLoader        - Diagonally flipped tiles are not currently supported
09:16:50.147 [FXGL Background Thread 2 ] WARN  TilesetLoader        - Diagonally flipped tiles are not currently supported
09:16:50.147 [FXGL Background Thread 2 ] WARN  TilesetLoader        - Diagonally flipped tiles are not currently supported
09:16:50.147 [FXGL Background Thread 2 ] WARN  TilesetLoader        - Diagonally flipped tiles are not currently supported
09:16:50.150 [FXGL Background Thread 2 ] WARN  TilesetLoader        - Diagonally flipped tiles are not currently supported
09:16:50.150 [FXGL Background Thread 2 ] WARN  TilesetLoader        - Diagonally flipped tiles are not currently supported
09:16:50.151 [FXGL Background Thread 2 ] WARN  TilesetLoader        - Diagonally flipped tiles are not currently supported
09:16:50.151 [FXGL Background Thread 2 ] WARN  TilesetLoader        - Diagonally flipped tiles are not currently supported
09:16:50.152 [FXGL Background Thread 2 ] WARN  TilesetLoader        - Diagonally flipped tiles are not currently supported
09:16:50.152 [FXGL Background Thread 2 ] WARN  TilesetLoader        - Diagonally flipped tiles are not currently supported
09:16:50.152 [FXGL Background Thread 2 ] WARN  TilesetLoader        - Diagonally flipped tiles are not currently supported
09:16:50.153 [FXGL Background Thread 2 ] WARN  TilesetLoader        - Diagonally flipped tiles are not currently supported
09:16:50.153 [FXGL Background Thread 2 ] WARN  TilesetLoader        - Diagonally flipped tiles are not currently supported
09:16:50.153 [FXGL Background Thread 2 ] WARN  TilesetLoader        - Diagonally flipped tiles are not currently supported
09:16:50.154 [FXGL Background Thread 2 ] WARN  TilesetLoader        - Diagonally flipped tiles are not currently supported
09:16:50.154 [FXGL Background Thread 2 ] WARN  TilesetLoader        - Diagonally flipped tiles are not currently supported
09:16:50.154 [FXGL Background Thread 2 ] WARN  TilesetLoader        - Diagonally flipped tiles are not currently supported
09:16:50.155 [FXGL Background Thread 2 ] WARN  TilesetLoader        - Diagonally flipped tiles are not currently supported
09:16:50.156 [FXGL Background Thread 2 ] WARN  TilesetLoader        - Diagonally flipped tiles are not currently supported
09:16:50.156 [FXGL Background Thread 2 ] WARN  TilesetLoader        - Diagonally flipped tiles are not currently supported
09:16:50.156 [FXGL Background Thread 2 ] WARN  TilesetLoader        - Diagonally flipped tiles are not currently supported
09:16:50.156 [FXGL Background Thread 2 ] WARN  TilesetLoader        - Diagonally flipped tiles are not currently supported
09:16:50.157 [FXGL Background Thread 2 ] WARN  TilesetLoader        - Diagonally flipped tiles are not currently supported
09:16:50.157 [FXGL Background Thread 2 ] WARN  TilesetLoader        - Diagonally flipped tiles are not currently supported
09:16:50.158 [FXGL Background Thread 2 ] WARN  TilesetLoader        - Diagonally flipped tiles are not currently supported
09:16:50.158 [FXGL Background Thread 2 ] WARN  TilesetLoader        - Diagonally flipped tiles are not currently supported
09:16:50.158 [FXGL Background Thread 2 ] WARN  TilesetLoader        - Diagonally flipped tiles are not currently supported
09:16:50.158 [FXGL Background Thread 2 ] WARN  TilesetLoader        - Diagonally flipped tiles are not currently supported
09:16:50.159 [FXGL Background Thread 2 ] WARN  TilesetLoader        - Diagonally flipped tiles are not currently supported
09:16:50.159 [FXGL Background Thread 2 ] WARN  TilesetLoader        - Diagonally flipped tiles are not currently supported
09:16:50.159 [FXGL Background Thread 2 ] WARN  TilesetLoader        - Diagonally flipped tiles are not currently supported
09:16:50.160 [FXGL Background Thread 2 ] WARN  TilesetLoader        - Diagonally flipped tiles are not currently supported
09:16:50.160 [FXGL Background Thread 2 ] WARN  TilesetLoader        - Diagonally flipped tiles are not currently supported
09:16:50.160 [FXGL Background Thread 2 ] WARN  TilesetLoader        - Diagonally flipped tiles are not currently supported
09:16:50.160 [FXGL Background Thread 2 ] WARN  TilesetLoader        - Diagonally flipped tiles are not currently supported
09:16:50.160 [FXGL Background Thread 2 ] WARN  TilesetLoader        - Diagonally flipped tiles are not currently supported
09:16:50.160 [FXGL Background Thread 2 ] WARN  TilesetLoader        - Diagonally flipped tiles are not currently supported
09:16:50.160 [FXGL Background Thread 2 ] WARN  TilesetLoader        - Diagonally flipped tiles are not currently supported
09:16:50.160 [FXGL Background Thread 2 ] WARN  TilesetLoader        - Diagonally flipped tiles are not currently supported
09:16:50.160 [FXGL Background Thread 2 ] WARN  TilesetLoader        - Diagonally flipped tiles are not currently supported
09:16:50.161 [FXGL Background Thread 2 ] WARN  TilesetLoader        - Diagonally flipped tiles are not currently supported
09:16:50.161 [FXGL Background Thread 2 ] WARN  TilesetLoader        - Diagonally flipped tiles are not currently supported
09:16:50.161 [FXGL Background Thread 2 ] WARN  TilesetLoader        - Diagonally flipped tiles are not currently supported
09:16:50.161 [FXGL Background Thread 2 ] WARN  TilesetLoader        - Diagonally flipped tiles are not currently supported
09:16:50.162 [FXGL Background Thread 2 ] WARN  TilesetLoader        - Diagonally flipped tiles are not currently supported
09:16:50.162 [FXGL Background Thread 2 ] WARN  TilesetLoader        - Diagonally flipped tiles are not currently supported
09:16:50.162 [FXGL Background Thread 2 ] WARN  TilesetLoader        - Diagonally flipped tiles are not currently supported
09:16:50.162 [FXGL Background Thread 2 ] WARN  TilesetLoader        - Diagonally flipped tiles are not currently supported
09:16:50.163 [FXGL Background Thread 2 ] WARN  TilesetLoader        - Diagonally flipped tiles are not currently supported
09:16:50.163 [FXGL Background Thread 2 ] WARN  TilesetLoader        - Diagonally flipped tiles are not currently supported
09:16:50.163 [FXGL Background Thread 2 ] WARN  TilesetLoader        - Diagonally flipped tiles are not currently supported
09:16:50.163 [FXGL Background Thread 2 ] WARN  TilesetLoader        - Diagonally flipped tiles are not currently supported
09:16:50.163 [FXGL Background Thread 2 ] WARN  TilesetLoader        - Diagonally flipped tiles are not currently supported
09:16:50.164 [FXGL Background Thread 2 ] WARN  TilesetLoader        - Diagonally flipped tiles are not currently supported
09:16:50.164 [FXGL Background Thread 2 ] WARN  TilesetLoader        - Diagonally flipped tiles are not currently supported
09:16:50.164 [FXGL Background Thread 2 ] WARN  TilesetLoader        - Diagonally flipped tiles are not currently supported
09:16:50.164 [FXGL Background Thread 2 ] WARN  TilesetLoader        - Diagonally flipped tiles are not currently supported
09:16:50.164 [FXGL Background Thread 2 ] WARN  TilesetLoader        - Diagonally flipped tiles are not currently supported
09:16:50.164 [FXGL Background Thread 2 ] WARN  TilesetLoader        - Diagonally flipped tiles are not currently supported
09:16:50.165 [FXGL Background Thread 2 ] WARN  TilesetLoader        - Diagonally flipped tiles are not currently supported
09:16:50.165 [FXGL Background Thread 2 ] WARN  TilesetLoader        - Diagonally flipped tiles are not currently supported
09:16:50.165 [FXGL Background Thread 2 ] WARN  TilesetLoader        - Diagonally flipped tiles are not currently supported
09:16:50.165 [FXGL Background Thread 2 ] WARN  TilesetLoader        - Diagonally flipped tiles are not currently supported
09:16:50.166 [FXGL Background Thread 2 ] WARN  TilesetLoader        - Diagonally flipped tiles are not currently supported
09:16:50.166 [FXGL Background Thread 2 ] WARN  TilesetLoader        - Diagonally flipped tiles are not currently supported
09:16:50.166 [FXGL Background Thread 2 ] WARN  TilesetLoader        - Diagonally flipped tiles are not currently supported
09:16:50.166 [FXGL Background Thread 2 ] WARN  TilesetLoader        - Diagonally flipped tiles are not currently supported
09:16:50.166 [FXGL Background Thread 2 ] WARN  TilesetLoader        - Diagonally flipped tiles are not currently supported
09:16:50.167 [FXGL Background Thread 2 ] WARN  TilesetLoader        - Diagonally flipped tiles are not currently supported
09:16:50.167 [FXGL Background Thread 2 ] WARN  TilesetLoader        - Diagonally flipped tiles are not currently supported
09:16:50.167 [FXGL Background Thread 2 ] WARN  TilesetLoader        - Diagonally flipped tiles are not currently supported
09:16:50.167 [FXGL Background Thread 2 ] WARN  TilesetLoader        - Diagonally flipped tiles are not currently supported
09:16:50.167 [FXGL Background Thread 2 ] WARN  TilesetLoader        - Diagonally flipped tiles are not currently supported
09:16:50.167 [FXGL Background Thread 2 ] WARN  TilesetLoader        - Diagonally flipped tiles are not currently supported
09:16:50.168 [FXGL Background Thread 2 ] WARN  TilesetLoader        - Diagonally flipped tiles are not currently supported
09:16:50.168 [FXGL Background Thread 2 ] WARN  TilesetLoader        - Diagonally flipped tiles are not currently supported
09:16:50.168 [FXGL Background Thread 2 ] WARN  TilesetLoader        - Diagonally flipped tiles are not currently supported
09:16:50.168 [FXGL Background Thread 2 ] WARN  TilesetLoader        - Diagonally flipped tiles are not currently supported
09:16:50.168 [FXGL Background Thread 2 ] WARN  TilesetLoader        - Diagonally flipped tiles are not currently supported
09:16:50.168 [FXGL Background Thread 2 ] WARN  TilesetLoader        - Diagonally flipped tiles are not currently supported
09:16:50.169 [FXGL Background Thread 2 ] WARN  TilesetLoader        - Diagonally flipped tiles are not currently supported
09:16:50.169 [FXGL Background Thread 2 ] WARN  TilesetLoader        - Diagonally flipped tiles are not currently supported
09:16:50.169 [FXGL Background Thread 2 ] WARN  TilesetLoader        - Diagonally flipped tiles are not currently supported
09:16:50.169 [FXGL Background Thread 2 ] WARN  TilesetLoader        - Diagonally flipped tiles are not currently supported
09:16:50.169 [FXGL Background Thread 2 ] WARN  TilesetLoader        - Diagonally flipped tiles are not currently supported
09:16:50.169 [FXGL Background Thread 2 ] WARN  TilesetLoader        - Diagonally flipped tiles are not currently supported
09:16:50.169 [FXGL Background Thread 2 ] WARN  TilesetLoader        - Diagonally flipped tiles are not currently supported
09:16:50.169 [FXGL Background Thread 2 ] WARN  TilesetLoader        - Diagonally flipped tiles are not currently supported
09:16:50.169 [FXGL Background Thread 2 ] WARN  TilesetLoader        - Diagonally flipped tiles are not currently supported
09:16:50.170 [FXGL Background Thread 2 ] WARN  TilesetLoader        - Diagonally flipped tiles are not currently supported
09:16:50.170 [FXGL Background Thread 2 ] WARN  TilesetLoader        - Diagonally flipped tiles are not currently supported
09:16:50.170 [FXGL Background Thread 2 ] WARN  TilesetLoader        - Diagonally flipped tiles are not currently supported
09:16:50.170 [FXGL Background Thread 2 ] WARN  TilesetLoader        - Diagonally flipped tiles are not currently supported
09:16:50.170 [FXGL Background Thread 2 ] WARN  TilesetLoader        - Diagonally flipped tiles are not currently supported
09:16:50.170 [FXGL Background Thread 2 ] WARN  TilesetLoader        - Diagonally flipped tiles are not currently supported
09:16:50.170 [FXGL Background Thread 2 ] WARN  TilesetLoader        - Diagonally flipped tiles are not currently supported
09:16:50.170 [FXGL Background Thread 2 ] WARN  TilesetLoader        - Diagonally flipped tiles are not currently supported
09:16:50.170 [FXGL Background Thread 2 ] WARN  TilesetLoader        - Diagonally flipped tiles are not currently supported
09:16:50.171 [FXGL Background Thread 2 ] WARN  TilesetLoader        - Diagonally flipped tiles are not currently supported
09:16:50.171 [FXGL Background Thread 2 ] WARN  TilesetLoader        - Diagonally flipped tiles are not currently supported
09:16:50.171 [FXGL Background Thread 2 ] WARN  TilesetLoader        - Diagonally flipped tiles are not currently supported
09:16:50.172 [FXGL Background Thread 2 ] WARN  TilesetLoader        - Diagonally flipped tiles are not currently supported
09:16:50.172 [FXGL Background Thread 2 ] WARN  TilesetLoader        - Diagonally flipped tiles are not currently supported
09:16:50.172 [FXGL Background Thread 2 ] WARN  TilesetLoader        - Diagonally flipped tiles are not currently supported
09:16:50.172 [FXGL Background Thread 2 ] WARN  TilesetLoader        - Diagonally flipped tiles are not currently supported
09:16:50.172 [FXGL Background Thread 2 ] WARN  TilesetLoader        - Diagonally flipped tiles are not currently supported
09:16:50.172 [FXGL Background Thread 2 ] WARN  TilesetLoader        - Diagonally flipped tiles are not currently supported
09:16:50.173 [FXGL Background Thread 2 ] WARN  TilesetLoader        - Diagonally flipped tiles are not currently supported
09:16:50.173 [FXGL Background Thread 2 ] WARN  TilesetLoader        - Diagonally flipped tiles are not currently supported
09:16:50.173 [FXGL Background Thread 2 ] WARN  TilesetLoader        - Diagonally flipped tiles are not currently supported
09:16:50.173 [FXGL Background Thread 2 ] WARN  TilesetLoader        - Diagonally flipped tiles are not currently supported
09:16:50.173 [FXGL Background Thread 2 ] WARN  TilesetLoader        - Diagonally flipped tiles are not currently supported
09:16:50.174 [FXGL Background Thread 2 ] WARN  TilesetLoader        - Diagonally flipped tiles are not currently supported
09:16:50.174 [FXGL Background Thread 2 ] WARN  TilesetLoader        - Diagonally flipped tiles are not currently supported
09:16:50.174 [FXGL Background Thread 2 ] WARN  TilesetLoader        - Diagonally flipped tiles are not currently supported
09:16:50.174 [FXGL Background Thread 2 ] WARN  TilesetLoader        - Diagonally flipped tiles are not currently supported
09:16:50.174 [FXGL Background Thread 2 ] WARN  TilesetLoader        - Diagonally flipped tiles are not currently supported
09:16:50.174 [FXGL Background Thread 2 ] WARN  TilesetLoader        - Diagonally flipped tiles are not currently supported
09:16:50.178 [FXGL Background Thread 2 ] DEBUG TMXLevelLoader       - Creating object layer entities
09:16:50.252 [FXGL Background Thread 2 ] DEBUG GameWorld            - Clearing removable entities
09:16:50.252 [FXGL Background Thread 2 ] DEBUG GameWorld            - Setting level: com.almasb.fxgl.entity.level.Level@478dd38b
09:16:50.274 [FXGL Background Thread 2 ] DEBUG FXGLAssetLoaderServi - Loading from file system: file:/C:/Users/EnricoGhezzo/OneDrive%20-%20I.I.S.%20Vendramin%20Corner/Desktop/Java/GiocoClasseQuarta/target/classes/assets/textures/matteolongobardi.png
09:16:50.290 [FXGL Background Thread 2 ] DEBUG FXGLAssetLoaderServi - Loading from file system: file:/C:/Users/EnricoGhezzo/OneDrive%20-%20I.I.S.%20Vendramin%20Corner/Desktop/Java/GiocoClasseQuarta/target/classes/assets/textures/corsalaterale/corsalaterale1.png
09:16:50.295 [FXGL Background Thread 2 ] DEBUG FXGLAssetLoaderServi - Loading from file system: file:/C:/Users/EnricoGhezzo/OneDrive%20-%20I.I.S.%20Vendramin%20Corner/Desktop/Java/GiocoClasseQuarta/target/classes/assets/textures/corsalaterale/corsalaterale2.png
09:16:50.298 [FXGL Background Thread 2 ] DEBUG FXGLAssetLoaderServi - Loading from file system: file:/C:/Users/EnricoGhezzo/OneDrive%20-%20I.I.S.%20Vendramin%20Corner/Desktop/Java/GiocoClasseQuarta/target/classes/assets/textures/corsalaterale/corsalaterale3.png
09:16:50.300 [FXGL Background Thread 2 ] DEBUG FXGLAssetLoaderServi - Loading from file system: file:/C:/Users/EnricoGhezzo/OneDrive%20-%20I.I.S.%20Vendramin%20Corner/Desktop/Java/GiocoClasseQuarta/target/classes/assets/textures/corsalaterale/corsalaterale4.png
09:16:50.304 [FXGL Background Thread 2 ] DEBUG FXGLAssetLoaderServi - Loading from file system: file:/C:/Users/EnricoGhezzo/OneDrive%20-%20I.I.S.%20Vendramin%20Corner/Desktop/Java/GiocoClasseQuarta/target/classes/assets/textures/corsalaterale/corsalaterale5.png
09:16:50.307 [FXGL Background Thread 2 ] DEBUG FXGLAssetLoaderServi - Loading from file system: file:/C:/Users/EnricoGhezzo/OneDrive%20-%20I.I.S.%20Vendramin%20Corner/Desktop/Java/GiocoClasseQuarta/target/classes/assets/textures/corsalaterale/corsalaterale6.png
09:16:50.310 [FXGL Background Thread 2 ] DEBUG FXGLAssetLoaderServi - Loading from file system: file:/C:/Users/EnricoGhezzo/OneDrive%20-%20I.I.S.%20Vendramin%20Corner/Desktop/Java/GiocoClasseQuarta/target/classes/assets/textures/corsasu/corsasu1.png
09:16:50.311 [FXGL Background Thread 2 ] DEBUG FXGLAssetLoaderServi - Loading from file system: file:/C:/Users/EnricoGhezzo/OneDrive%20-%20I.I.S.%20Vendramin%20Corner/Desktop/Java/GiocoClasseQuarta/target/classes/assets/textures/corsasu/corsasu2.png
09:16:50.315 [FXGL Background Thread 2 ] DEBUG FXGLAssetLoaderServi - Loading from file system: file:/C:/Users/EnricoGhezzo/OneDrive%20-%20I.I.S.%20Vendramin%20Corner/Desktop/Java/GiocoClasseQuarta/target/classes/assets/textures/corsasu/corsasu3.png
09:16:50.317 [FXGL Background Thread 2 ] DEBUG FXGLAssetLoaderServi - Loading from file system: file:/C:/Users/EnricoGhezzo/OneDrive%20-%20I.I.S.%20Vendramin%20Corner/Desktop/Java/GiocoClasseQuarta/target/classes/assets/textures/corsasu/corsasu4.png
09:16:50.318 [FXGL Background Thread 2 ] DEBUG FXGLAssetLoaderServi - Loading from file system: file:/C:/Users/EnricoGhezzo/OneDrive%20-%20I.I.S.%20Vendramin%20Corner/Desktop/Java/GiocoClasseQuarta/target/classes/assets/textures/corsasu/corsasu5.png
09:16:50.320 [FXGL Background Thread 2 ] DEBUG FXGLAssetLoaderServi - Loading from file system: file:/C:/Users/EnricoGhezzo/OneDrive%20-%20I.I.S.%20Vendramin%20Corner/Desktop/Java/GiocoClasseQuarta/target/classes/assets/textures/corsasu/corsasu6.png
09:16:50.323 [FXGL Background Thread 2 ] DEBUG FXGLAssetLoaderServi - Loading from file system: file:/C:/Users/EnricoGhezzo/OneDrive%20-%20I.I.S.%20Vendramin%20Corner/Desktop/Java/GiocoClasseQuarta/target/classes/assets/textures/corsagiu/corsagiu1.png
09:16:50.325 [FXGL Background Thread 2 ] DEBUG FXGLAssetLoaderServi - Loading from file system: file:/C:/Users/EnricoGhezzo/OneDrive%20-%20I.I.S.%20Vendramin%20Corner/Desktop/Java/GiocoClasseQuarta/target/classes/assets/textures/corsagiu/corsagiu2.png
09:16:50.327 [FXGL Background Thread 2 ] DEBUG FXGLAssetLoaderServi - Loading from file system: file:/C:/Users/EnricoGhezzo/OneDrive%20-%20I.I.S.%20Vendramin%20Corner/Desktop/Java/GiocoClasseQuarta/target/classes/assets/textures/corsagiu/corsagiu3.png
09:16:50.328 [FXGL Background Thread 2 ] DEBUG FXGLAssetLoaderServi - Loading from file system: file:/C:/Users/EnricoGhezzo/OneDrive%20-%20I.I.S.%20Vendramin%20Corner/Desktop/Java/GiocoClasseQuarta/target/classes/assets/textures/corsagiu/corsagiu4.png
09:16:50.329 [FXGL Background Thread 2 ] DEBUG FXGLAssetLoaderServi - Loading from file system: file:/C:/Users/EnricoGhezzo/OneDrive%20-%20I.I.S.%20Vendramin%20Corner/Desktop/Java/GiocoClasseQuarta/target/classes/assets/textures/corsagiu/corsagiu5.png
09:16:50.330 [FXGL Background Thread 2 ] DEBUG FXGLAssetLoaderServi - Loading from file system: file:/C:/Users/EnricoGhezzo/OneDrive%20-%20I.I.S.%20Vendramin%20Corner/Desktop/Java/GiocoClasseQuarta/target/classes/assets/textures/corsagiu/corsagiu6.png
09:16:50.333 [FXGL Background Thread 2 ] DEBUG FXGLAssetLoaderServi - Loading from file system: file:/C:/Users/EnricoGhezzo/OneDrive%20-%20I.I.S.%20Vendramin%20Corner/Desktop/Java/GiocoClasseQuarta/target/classes/assets/textures/canna/cannagiu1.png
09:16:50.334 [FXGL Background Thread 2 ] DEBUG FXGLAssetLoaderServi - Loading from file system: file:/C:/Users/EnricoGhezzo/OneDrive%20-%20I.I.S.%20Vendramin%20Corner/Desktop/Java/GiocoClasseQuarta/target/classes/assets/textures/canna/cannagiu2.png
09:16:50.336 [FXGL Background Thread 2 ] DEBUG FXGLAssetLoaderServi - Loading from file system: file:/C:/Users/EnricoGhezzo/OneDrive%20-%20I.I.S.%20Vendramin%20Corner/Desktop/Java/GiocoClasseQuarta/target/classes/assets/textures/canna/cannagiu3.png
09:16:50.337 [FXGL Background Thread 2 ] DEBUG FXGLAssetLoaderServi - Loading from file system: file:/C:/Users/EnricoGhezzo/OneDrive%20-%20I.I.S.%20Vendramin%20Corner/Desktop/Java/GiocoClasseQuarta/target/classes/assets/textures/canna/cannagiu4.png
09:16:50.339 [FXGL Background Thread 2 ] DEBUG FXGLAssetLoaderServi - Loading from file system: file:/C:/Users/EnricoGhezzo/OneDrive%20-%20I.I.S.%20Vendramin%20Corner/Desktop/Java/GiocoClasseQuarta/target/classes/assets/textures/canna/cannalaterale1.png
09:16:50.351 [FXGL Background Thread 2 ] DEBUG FXGLAssetLoaderServi - Loading from file system: file:/C:/Users/EnricoGhezzo/OneDrive%20-%20I.I.S.%20Vendramin%20Corner/Desktop/Java/GiocoClasseQuarta/target/classes/assets/textures/canna/cannalaterale2.png
09:16:50.353 [FXGL Background Thread 2 ] DEBUG FXGLAssetLoaderServi - Loading from file system: file:/C:/Users/EnricoGhezzo/OneDrive%20-%20I.I.S.%20Vendramin%20Corner/Desktop/Java/GiocoClasseQuarta/target/classes/assets/textures/canna/cannalaterale3.png
09:16:50.355 [FXGL Background Thread 2 ] DEBUG FXGLAssetLoaderServi - Loading from file system: file:/C:/Users/EnricoGhezzo/OneDrive%20-%20I.I.S.%20Vendramin%20Corner/Desktop/Java/GiocoClasseQuarta/target/classes/assets/textures/canna/cannalaterale4.png
09:16:50.360 [FXGL Background Thread 2 ] DEBUG FXGLAssetLoaderServi - Loading from file system: file:/C:/Users/EnricoGhezzo/OneDrive%20-%20I.I.S.%20Vendramin%20Corner/Desktop/Java/GiocoClasseQuarta/target/classes/assets/textures/canna/cannasu1.png
09:16:50.362 [FXGL Background Thread 2 ] DEBUG FXGLAssetLoaderServi - Loading from file system: file:/C:/Users/EnricoGhezzo/OneDrive%20-%20I.I.S.%20Vendramin%20Corner/Desktop/Java/GiocoClasseQuarta/target/classes/assets/textures/canna/cannasu2.png
09:16:50.364 [FXGL Background Thread 2 ] DEBUG FXGLAssetLoaderServi - Loading from file system: file:/C:/Users/EnricoGhezzo/OneDrive%20-%20I.I.S.%20Vendramin%20Corner/Desktop/Java/GiocoClasseQuarta/target/classes/assets/textures/canna/cannasu3.png
09:16:50.365 [FXGL Background Thread 2 ] DEBUG FXGLAssetLoaderServi - Loading from file system: file:/C:/Users/EnricoGhezzo/OneDrive%20-%20I.I.S.%20Vendramin%20Corner/Desktop/Java/GiocoClasseQuarta/target/classes/assets/textures/canna/cannasu4.png
09:16:50.373 [FXGL Background Thread 2 ] DEBUG FXGLAssetLoaderServi - Loading from file system: file:/C:/Users/EnricoGhezzo/OneDrive%20-%20I.I.S.%20Vendramin%20Corner/Desktop/Java/GiocoClasseQuarta/target/classes/assets/textures/safficorsagiu1.png
09:16:50.405 [FXGL Background Thread 2 ] DEBUG FXGLAssetLoaderServi - Loading from file system: file:/C:/Users/EnricoGhezzo/OneDrive%20-%20I.I.S.%20Vendramin%20Corner/Desktop/Java/GiocoClasseQuarta/target/classes/assets/textures/groudon/idle1.png
09:16:50.406 [FXGL Background Thread 2 ] DEBUG FXGLAssetLoaderServi - Loading from file system: file:/C:/Users/EnricoGhezzo/OneDrive%20-%20I.I.S.%20Vendramin%20Corner/Desktop/Java/GiocoClasseQuarta/target/classes/assets/textures/groudon/idle2.png
09:16:50.409 [FXGL Background Thread 2 ] DEBUG FXGLAssetLoaderServi - Loading from file system: file:/C:/Users/EnricoGhezzo/OneDrive%20-%20I.I.S.%20Vendramin%20Corner/Desktop/Java/GiocoClasseQuarta/target/classes/assets/textures/groudon/groudonlaterale1.png
09:16:50.410 [FXGL Background Thread 2 ] DEBUG FXGLAssetLoaderServi - Loading from file system: file:/C:/Users/EnricoGhezzo/OneDrive%20-%20I.I.S.%20Vendramin%20Corner/Desktop/Java/GiocoClasseQuarta/target/classes/assets/textures/groudon/groudonlaterale2.png
09:16:50.412 [FXGL Background Thread 2 ] DEBUG FXGLAssetLoaderServi - Loading from file system: file:/C:/Users/EnricoGhezzo/OneDrive%20-%20I.I.S.%20Vendramin%20Corner/Desktop/Java/GiocoClasseQuarta/target/classes/assets/textures/groudon/groudonlaterale3.png
09:16:50.414 [FXGL Background Thread 2 ] DEBUG FXGLAssetLoaderServi - Loading from file system: file:/C:/Users/EnricoGhezzo/OneDrive%20-%20I.I.S.%20Vendramin%20Corner/Desktop/Java/GiocoClasseQuarta/target/classes/assets/textures/groudon/groudonindietro1.png
09:16:50.415 [FXGL Background Thread 2 ] DEBUG FXGLAssetLoaderServi - Loading from file system: file:/C:/Users/EnricoGhezzo/OneDrive%20-%20I.I.S.%20Vendramin%20Corner/Desktop/Java/GiocoClasseQuarta/target/classes/assets/textures/groudon/groudonindietro2.png
09:16:50.417 [FXGL Background Thread 2 ] DEBUG FXGLAssetLoaderServi - Loading from file system: file:/C:/Users/EnricoGhezzo/OneDrive%20-%20I.I.S.%20Vendramin%20Corner/Desktop/Java/GiocoClasseQuarta/target/classes/assets/textures/groudon/groudonindietro3.png
09:16:50.419 [FXGL Background Thread 2 ] DEBUG FXGLAssetLoaderServi - Loading from file system: file:/C:/Users/EnricoGhezzo/OneDrive%20-%20I.I.S.%20Vendramin%20Corner/Desktop/Java/GiocoClasseQuarta/target/classes/assets/textures/groudon/groudonavanti1.png
09:16:50.420 [FXGL Background Thread 2 ] DEBUG FXGLAssetLoaderServi - Loading from file system: file:/C:/Users/EnricoGhezzo/OneDrive%20-%20I.I.S.%20Vendramin%20Corner/Desktop/Java/GiocoClasseQuarta/target/classes/assets/textures/groudon/groudonavanti2.png
09:16:50.422 [FXGL Background Thread 2 ] DEBUG FXGLAssetLoaderServi - Loading from file system: file:/C:/Users/EnricoGhezzo/OneDrive%20-%20I.I.S.%20Vendramin%20Corner/Desktop/Java/GiocoClasseQuarta/target/classes/assets/textures/groudon/groudonavanti3.png
09:16:50.425 [FXGL Background Thread 2 ] DEBUG FXGLAssetLoaderServi - Loading from file system: file:/C:/Users/EnricoGhezzo/OneDrive%20-%20I.I.S.%20Vendramin%20Corner/Desktop/Java/GiocoClasseQuarta/target/classes/assets/textures/groudon/morte1.png
09:16:50.427 [FXGL Background Thread 2 ] DEBUG FXGLAssetLoaderServi - Loading from file system: file:/C:/Users/EnricoGhezzo/OneDrive%20-%20I.I.S.%20Vendramin%20Corner/Desktop/Java/GiocoClasseQuarta/target/classes/assets/textures/groudon/morte2.png
09:16:50.428 [FXGL Background Thread 2 ] DEBUG FXGLAssetLoaderServi - Loading from file system: file:/C:/Users/EnricoGhezzo/OneDrive%20-%20I.I.S.%20Vendramin%20Corner/Desktop/Java/GiocoClasseQuarta/target/classes/assets/textures/groudon/morte3.png
09:16:50.430 [FXGL Background Thread 2 ] DEBUG FXGLAssetLoaderServi - Loading from file system: file:/C:/Users/EnricoGhezzo/OneDrive%20-%20I.I.S.%20Vendramin%20Corner/Desktop/Java/GiocoClasseQuarta/target/classes/assets/textures/groudon/morte4.png
09:16:50.430 [FXGL Background Thread 2 ] DEBUG FXGLAssetLoaderServi - Loading from file system: file:/C:/Users/EnricoGhezzo/OneDrive%20-%20I.I.S.%20Vendramin%20Corner/Desktop/Java/GiocoClasseQuarta/target/classes/assets/textures/groudon/morte5.png
09:16:50.433 [FXGL Background Thread 2 ] DEBUG FXGLAssetLoaderServi - Loading from file system: file:/C:/Users/EnricoGhezzo/OneDrive%20-%20I.I.S.%20Vendramin%20Corner/Desktop/Java/GiocoClasseQuarta/target/classes/assets/textures/groudon/morte6.png
09:16:50.433 [FXGL Background Thread 2 ] DEBUG FXGLAssetLoaderServi - Loading from file system: file:/C:/Users/EnricoGhezzo/OneDrive%20-%20I.I.S.%20Vendramin%20Corner/Desktop/Java/GiocoClasseQuarta/target/classes/assets/textures/groudon/morte7.png
09:16:50.436 [FXGL Background Thread 2 ] DEBUG FXGLAssetLoaderServi - Loading from file system: file:/C:/Users/EnricoGhezzo/OneDrive%20-%20I.I.S.%20Vendramin%20Corner/Desktop/Java/GiocoClasseQuarta/target/classes/assets/textures/groudon/morte8.png
09:16:50.437 [FXGL Background Thread 2 ] DEBUG FXGLAssetLoaderServi - Loading from file system: file:/C:/Users/EnricoGhezzo/OneDrive%20-%20I.I.S.%20Vendramin%20Corner/Desktop/Java/GiocoClasseQuarta/target/classes/assets/textures/groudon/morte9.png
09:16:50.438 [FXGL Background Thread 2 ] DEBUG FXGLAssetLoaderServi - Loading from file system: file:/C:/Users/EnricoGhezzo/OneDrive%20-%20I.I.S.%20Vendramin%20Corner/Desktop/Java/GiocoClasseQuarta/target/classes/assets/textures/groudon/morte10.png
09:16:50.440 [FXGL Background Thread 2 ] DEBUG FXGLAssetLoaderServi - Loading from file system: file:/C:/Users/EnricoGhezzo/OneDrive%20-%20I.I.S.%20Vendramin%20Corner/Desktop/Java/GiocoClasseQuarta/target/classes/assets/textures/groudon/morte11.png
09:16:50.442 [FXGL Background Thread 2 ] DEBUG FXGLAssetLoaderServi - Loading from file system: file:/C:/Users/EnricoGhezzo/OneDrive%20-%20I.I.S.%20Vendramin%20Corner/Desktop/Java/GiocoClasseQuarta/target/classes/assets/textures/groudon/morte12.png
09:16:50.445 [FXGL Background Thread 2 ] DEBUG FXGLAssetLoaderServi - Loading from file system: file:/C:/Users/EnricoGhezzo/OneDrive%20-%20I.I.S.%20Vendramin%20Corner/Desktop/Java/GiocoClasseQuarta/target/classes/assets/music/musicaSottofondo.mp3
09:16:50.448 [FXGL Background Thread 2 ] DEBUG AudioPlayer          - Playing music com.almasb.fxgl.audio.Music@5929cc7c
09:16:50.448 [FXGL Background Thread 2 ] INFO  FXGLApplication      - Game initialization took: 8,742 sec
09:16:50.461 [JavaFX Application Thread] DEBUG Input                - Clearing active input actions
09:16:50.466 [JavaFX Application Thread] DEBUG GameApplicationServi - Removing overlay from FXGLLoadingScene and adding to GameScene
09:16:50.469 [JavaFX Application Thread] DEBUG PrimaryStageWindow   - FXGLLoadingScene -> GameScene
09:17:04.109 [JavaFX Application Thread] DEBUG FXGLApplication      - Exiting FXGL
09:17:04.110 [JavaFX Application Thread] DEBUG LoopRunner           - Stopping loop
09:17:04.110 [JavaFX Application Thread] DEBUG SystemBundleService  - Saving FXGL system data
09:17:04.112 [JavaFX Application Thread] DEBUG FileSystemAccess     - Writing to: C:\Users\EnricoGhezzo\OneDrive - I.I.S. Vendramin Corner\Desktop\Java\GiocoClasseQuarta\system\fxgl.bundle
09:17:04.114 [JavaFX Application Thread] DEBUG Async                - Shutting down background threads
09:17:04.115 [JavaFX Application Thread] DEBUG PrimaryStageWindow   - Closing main window
09:17:04.127 [JavaFX Application Thread] DEBUG Logger               - Closing Logger
