10:20:20.726 [main                     ] DEBUG Logger               - Configured Logger
10:20:20.744 [main                     ] DEBUG GameApplication      - Logging settings
Title: Megaman
Version: 0.1
Width: 1536
Height: 864
Fullscreen: true
Intro: false
Profiling: false
Single step:false
App Mode: DEVELOPER
Menu Key: ESCAPE
Stage Style: DECORATED
Scene Factory: class com.almasb.fxgl.app.scene.SceneFactory

10:20:20.986 [JavaFX Application Thread] DEBUG FXGLApplication      - Initializing FXGL
10:20:20.991 [JavaFX Application Thread] INFO  Engine               - FXGL-17.3 (30.03.2023 11.49) on WINDOWS (J:22.0.1 FX:22-ea)
10:20:20.991 [JavaFX Application Thread] DEBUG Engine               - JRE Vendor Name: Oracle Corporation
10:20:20.991 [JavaFX Application Thread] DEBUG Engine               - Running on OS: Windows 11 version 10.0
10:20:20.991 [JavaFX Application Thread] DEBUG Engine               - Architecture: amd64
10:20:20.991 [JavaFX Application Thread] INFO  Engine               - Source code and latest versions at: https://github.com/AlmasB/FXGL
10:20:20.992 [JavaFX Application Thread] INFO  Engine               -       Ask questions and discuss at: https://github.com/AlmasB/FXGL/discussions
10:20:20.992 [JavaFX Application Thread] INFO  Engine               -              Join the FXGL chat at: https://gitter.im/AlmasB/FXGL
10:20:21.066 [JavaFX Application Thread] DEBUG PrimaryStageWindow   - Creating a JavaFX scene
10:20:21.109 [JavaFX Application Thread] DEBUG PrimaryStageWindow   - Target settings size: 1536.0 x 864.0
10:20:21.109 [JavaFX Application Thread] DEBUG PrimaryStageWindow   - Scaled scene size:    1536.0 x 864.0
10:20:21.109 [JavaFX Application Thread] DEBUG PrimaryStageWindow   - Scaled ratio: (1.0, 1.0)
10:20:21.110 [JavaFX Application Thread] DEBUG PrimaryStageWindow   - Set initial scene to FXGLStartupScene
10:20:21.114 [JavaFX Application Thread] DEBUG PrimaryStageWindow   - Opening main window
10:20:21.194 [JavaFX Application Thread] DEBUG PrimaryStageWindow   - Window border size: (14.4000244140625, 37.5999755859375)
10:20:21.194 [JavaFX Application Thread] DEBUG PrimaryStageWindow   - Scaled size: 1536.0 x 864.0
10:20:21.194 [JavaFX Application Thread] DEBUG PrimaryStageWindow   - Scaled ratio: (1.0, 1.0)
10:20:21.194 [JavaFX Application Thread] DEBUG PrimaryStageWindow   - Scene size: 1536.0 x 864.0
10:20:21.195 [JavaFX Application Thread] DEBUG PrimaryStageWindow   - Stage size: 1550.4000244140625 x 901.5999755859375
10:20:21.246 [JavaFX Application Thread] DEBUG PrimaryStageWindow   - Going fullscreen
10:20:21.253 [FXGL Background Thread 1 ] DEBUG Engine               - Initializing environment variables
10:20:21.295 [FXGL Background Thread 1 ] DEBUG FXGLAssetLoaderServi - User app class for loading assets: class com.game.megaman2.MegamanApplication
10:20:21.295 [FXGL Background Thread 1 ] DEBUG GameApplicationServi - Applying CSS: fxgl_dark.css
10:20:21.295 [FXGL Background Thread 1 ] DEBUG FXGLAssetLoaderServi - Loading from file system: jar:file:///C:/Users/enric/.m2/repository/com/github/almasb/fxgl/17.3/fxgl-17.3.jar!/fxglassets/ui/css/fxgl_dark.css
10:20:21.336 [FXGL Background Thread 1 ] DEBUG GameApplicationServi - Initializing application scenes
10:20:21.375 [FXGL Background Thread 1 ] DEBUG GameWorld            - Game world initialized
10:20:21.434 [FXGL Background Thread 1 ] DEBUG PhysicsWorld         - Physics world initialized: appHeight=864, physics.ppm=50,0
10:20:21.434 [FXGL Background Thread 1 ] DEBUG PhysicsWorld         - Using strategy: BRUTE_FORCE
10:20:21.436 [FXGL Background Thread 1 ] DEBUG GameScene            - Game scene initialized: 1536x864
10:20:21.446 [FXGL Background Thread 1 ] DEBUG FXGL.DefaultMenu     - createMenuBodyGameMenu()
10:20:21.457 [FXGL Background Thread 1 ] DEBUG FXGL.DefaultMenu     - createOptionsMenu()
10:20:21.464 [FXGL Background Thread 1 ] DEBUG FXGLAssetLoaderServi - Loading from file system: jar:file:///C:/Users/enric/.m2/repository/com/github/almasb/fxgl/17.3/fxgl-17.3.jar!/fxglassets/textures/particles/smoke.png
10:20:21.537 [FXGL Background Thread 1 ] DEBUG FXGLAssetLoaderServi - Loading from file system: jar:file:///C:/Users/enric/.m2/repository/com/github/almasb/fxgl/17.3/fxgl-17.3.jar!/fxglassets/textures/particles/trace_horizontal.png
10:20:21.562 [FXGL Background Thread 1 ] DEBUG GameApplicationServi - Application scenes initialized
10:20:21.576 [FXGL Background Thread 1 ] DEBUG SystemBundleService  - Loading FXGL system data
10:20:21.579 [FXGL Background Thread 1 ] DEBUG FileSystemAccess     - Reading from: C:\Users\enric\Desktop\robe mie\Fermi\triennio\Informatica\Intellij\GiocoClasseQuarta\system\fxgl.bundle
10:20:21.585 [FXGL Background Thread 1 ] DEBUG SystemBundleService  - Bundle FXGL: {}
10:20:21.585 [FXGL Background Thread 1 ] DEBUG UpdaterService       - Checking for updates
10:20:21.589 [FXGL Background Thread 4 ] DEBUG FXGLApplication      - Loading fonts
10:20:21.589 [FXGL Background Thread 4 ] DEBUG FXGLAssetLoaderServi - Loading from file system: jar:file:///C:/Users/enric/.m2/repository/com/github/almasb/fxgl/17.3/fxgl-17.3.jar!/fxglassets/ui/fonts/VarelaRound-Regular.ttf
10:20:21.590 [FXGL Background Thread 1 ] DEBUG FXGLApplication      - Loading default localization
10:20:21.590 [FXGL Background Thread 1 ] DEBUG FXGLAssetLoaderServi - Loading from file system: jar:file:///C:/Users/enric/.m2/repository/com/github/almasb/fxgl/17.3/fxgl-17.3.jar!/fxglassets/languages/english.lang
10:20:21.609 [FXGL Background Thread 1 ] INFO  FXGLApplication      - FXGL initialization took: 0,356 sec
10:20:21.620 [JavaFX Application Thread] DEBUG Input                - Registered new binding: Move Right - D
10:20:21.621 [JavaFX Application Thread] DEBUG Input                - Registered new binding: Move Left - A
10:20:21.621 [JavaFX Application Thread] DEBUG Input                - Registered new binding: Move Up - W
10:20:21.622 [JavaFX Application Thread] DEBUG Input                - Registered new binding: Move Down - S
10:20:21.622 [JavaFX Application Thread] DEBUG Input                - Registered new binding: action0 - F
10:20:21.623 [JavaFX Application Thread] DEBUG FXGLAssetLoaderServi - Loading from file system: jar:file:///C:/Users/enric/.m2/repository/com/github/almasb/fxgl/17.3/fxgl-17.3.jar!/fxglassets/textures/fxgl_icon.png
10:20:21.623 [FXGL Background Thread 4 ] DEBUG FXGLAssetLoaderServi - Loading from file system: jar:file:///C:/Users/enric/.m2/repository/com/github/almasb/fxgl/17.3/fxgl-17.3.jar!/fxglassets/ui/fonts/Abel-Regular.ttf
10:20:21.631 [FXGL Background Thread 4 ] DEBUG FXGLAssetLoaderServi - Loading from file system: jar:file:///C:/Users/enric/.m2/repository/com/github/almasb/fxgl/17.3/fxgl-17.3.jar!/fxglassets/ui/fonts/TerminalLandMono-Regular.otf
10:20:21.639 [JavaFX Application Thread] DEBUG FXGLAssetLoaderServi - Loading from file system: jar:file:///C:/Users/enric/.m2/repository/com/github/almasb/fxgl/17.3/fxgl-17.3.jar!/fxglassets/textures/fxgl_default_cursor.png
10:20:21.643 [JavaFX Application Thread] DEBUG Input                - Registered new binding: Screenshot - CTRL+8
10:20:21.644 [JavaFX Application Thread] DEBUG Input                - Registered new binding: System info dump - CTRL+9
10:20:21.644 [FXGL Background Thread 4 ] DEBUG FXGLAssetLoaderServi - Loading from file system: jar:file:///C:/Users/enric/.m2/repository/com/github/almasb/fxgl/17.3/fxgl-17.3.jar!/fxglassets/ui/fonts/Courier-Prime.ttf
10:20:21.644 [JavaFX Application Thread] DEBUG Input                - Registered new binding: Restart - CTRL+R
10:20:21.645 [JavaFX Application Thread] DEBUG Input                - Registered new binding: Toggle Debug Camera - CTRL+7
10:20:21.648 [JavaFX Application Thread] DEBUG LoopRunner           - Starting loop
10:20:21.648 [JavaFX Application Thread] DEBUG LoopRunner           - Initializing JavaFX AnimationTimerLoop
10:20:21.649 [JavaFX Application Thread] DEBUG GameApplicationServi - Starting new game
10:20:21.650 [JavaFX Application Thread] DEBUG Input                - Clearing active input actions
10:20:21.664 [JavaFX Application Thread] DEBUG GameApplicationServi - Removing overlay from FXGLStartupScene and adding to FXGLLoadingScene
10:20:21.665 [JavaFX Application Thread] DEBUG PrimaryStageWindow   - FXGLStartupScene -> FXGLLoadingScene
10:20:21.665 [JavaFX Application Thread] DEBUG GameApplicationServi - Clearing previous game
10:20:21.665 [JavaFX Application Thread] DEBUG GameScene            - Clearing game scene
10:20:21.665 [JavaFX Application Thread] DEBUG GameWorld            - Clearing game world
10:20:21.665 [JavaFX Application Thread] DEBUG PhysicsWorld         - Clearing physics world
10:20:21.666 [FXGL Background Thread 4 ] DEBUG FXGLApplication      - Initializing game
10:20:21.666 [JavaFX Application Thread] DEBUG FXGLApplication      - Registering font factories with UI factory
10:20:21.667 [FXGL Background Thread 4 ] DEBUG FXGLAssetLoaderServi - Loading from file system: file:/C:/Users/enric/Desktop/robe%20mie/Fermi/triennio/Informatica/Intellij/GiocoClasseQuarta/target/classes/assets/textures/corsa/corsa1.png
10:20:21.668 [FXGL Background Thread 4 ] DEBUG FXGLAssetLoaderServi - Loading from file system: file:/C:/Users/enric/Desktop/robe%20mie/Fermi/triennio/Informatica/Intellij/GiocoClasseQuarta/target/classes/assets/textures/corsa/corsa2.png
10:20:21.669 [FXGL Background Thread 4 ] DEBUG FXGLAssetLoaderServi - Loading from file system: file:/C:/Users/enric/Desktop/robe%20mie/Fermi/triennio/Informatica/Intellij/GiocoClasseQuarta/target/classes/assets/textures/corsa/corsa3.png
10:20:21.670 [FXGL Background Thread 4 ] DEBUG FXGLAssetLoaderServi - Loading from file system: file:/C:/Users/enric/Desktop/robe%20mie/Fermi/triennio/Informatica/Intellij/GiocoClasseQuarta/target/classes/assets/textures/corsa/corsa4.png
10:20:21.670 [FXGL Background Thread 4 ] DEBUG FXGLAssetLoaderServi - Loading from file system: file:/C:/Users/enric/Desktop/robe%20mie/Fermi/triennio/Informatica/Intellij/GiocoClasseQuarta/target/classes/assets/textures/corsa/corsa5.png
10:20:21.671 [FXGL Background Thread 4 ] DEBUG FXGLAssetLoaderServi - Loading from file system: file:/C:/Users/enric/Desktop/robe%20mie/Fermi/triennio/Informatica/Intellij/GiocoClasseQuarta/target/classes/assets/textures/corsa/corsa6.png
10:20:21.672 [FXGL Background Thread 4 ] DEBUG FXGLAssetLoaderServi - Loading from file system: file:/C:/Users/enric/Desktop/robe%20mie/Fermi/triennio/Informatica/Intellij/GiocoClasseQuarta/target/classes/assets/textures/corsa/corsa7.png
10:20:21.672 [FXGL Background Thread 4 ] DEBUG FXGLAssetLoaderServi - Loading from file system: file:/C:/Users/enric/Desktop/robe%20mie/Fermi/triennio/Informatica/Intellij/GiocoClasseQuarta/target/classes/assets/textures/corsa/corsa8.png
10:20:21.673 [FXGL Background Thread 4 ] DEBUG FXGLAssetLoaderServi - Loading from file system: file:/C:/Users/enric/Desktop/robe%20mie/Fermi/triennio/Informatica/Intellij/GiocoClasseQuarta/target/classes/assets/textures/corsa/corsa9.png
10:20:21.673 [FXGL Background Thread 4 ] DEBUG FXGLAssetLoaderServi - Loading from file system: file:/C:/Users/enric/Desktop/robe%20mie/Fermi/triennio/Informatica/Intellij/GiocoClasseQuarta/target/classes/assets/textures/corsa/corsa10.png
10:20:21.674 [FXGL Background Thread 4 ] DEBUG FXGLAssetLoaderServi - Loading from file system: file:/C:/Users/enric/Desktop/robe%20mie/Fermi/triennio/Informatica/Intellij/GiocoClasseQuarta/target/classes/assets/textures/corsa/corsa11.png
10:20:21.676 [FXGL Background Thread 4 ] DEBUG FXGLAssetLoaderServi - Loading from file system: file:/C:/Users/enric/Desktop/robe%20mie/Fermi/triennio/Informatica/Intellij/GiocoClasseQuarta/target/classes/assets/textures/spawn8.png
10:20:21.702 [FXGL Background Thread 4 ] DEBUG FXGLAssetLoaderServi - Loading from file system: file:/C:/Users/enric/Desktop/robe%20mie/Fermi/triennio/Informatica/Intellij/GiocoClasseQuarta/target/classes/assets/textures/sfondo1.jpg
10:20:21.729 [FXGL Background Thread 4 ] WARN  GameWorld            - Entity is already attached to world
10:20:21.730 [FXGL Background Thread 4 ] INFO  FXGLApplication      - Game initialization took: 0,064 sec
10:20:21.781 [JavaFX Application Thread] DEBUG Input                - Clearing active input actions
10:20:21.789 [JavaFX Application Thread] DEBUG GameApplicationServi - Removing overlay from FXGLLoadingScene and adding to GameScene
10:20:21.790 [JavaFX Application Thread] DEBUG PrimaryStageWindow   - FXGLLoadingScene -> GameScene
10:20:22.003 [FXGL Background Thread 2 ] INFO  UpdaterService       - Your current version:  17.3
10:20:22.003 [FXGL Background Thread 2 ] INFO  UpdaterService       - Latest stable version: 21.1
10:20:24.588 [FXGL Background Thread 3 ] DEBUG Engine               - Logging environment variables
10:20:24.589 [FXGL Background Thread 3 ] DEBUG Engine               - achievements: []
10:20:24.590 [FXGL Background Thread 3 ] DEBUG Engine               - actualHeight: 864.0
10:20:24.590 [FXGL Background Thread 3 ] DEBUG Engine               - actualHeightProperty: ReadOnlyDoubleProperty [value: 864.0]
10:20:24.590 [FXGL Background Thread 3 ] DEBUG Engine               - actualWidth: 1536.0
10:20:24.591 [FXGL Background Thread 3 ] DEBUG Engine               - actualWidthProperty: ReadOnlyDoubleProperty [value: 1536.0]
10:20:24.591 [FXGL Background Thread 3 ] DEBUG Engine               - appIcon: fxgl_icon.png
10:20:24.591 [FXGL Background Thread 3 ] DEBUG Engine               - applicationMode: DEVELOPER
10:20:24.591 [FXGL Background Thread 3 ] DEBUG Engine               - cSSList: [fxgl_dark.css]
10:20:24.591 [FXGL Background Thread 3 ] DEBUG Engine               - collisionDetectionStrategy: BRUTE_FORCE
10:20:24.592 [FXGL Background Thread 3 ] DEBUG Engine               - configClass: Optional.empty
10:20:24.592 [FXGL Background Thread 3 ] DEBUG Engine               - credits: []
10:20:24.593 [FXGL Background Thread 3 ] DEBUG Engine               - defaultCursor: CursorInfo(imageName=fxgl_default_cursor.png, hotspotX=7.0, hotspotY=6.0)
10:20:24.593 [FXGL Background Thread 3 ] DEBUG Engine               - devBBoxColorProperty: ObjectProperty [value: 0xff0000ff]
10:20:24.594 [FXGL Background Thread 3 ] DEBUG Engine               - devEnableDebugCameraProperty: BooleanProperty [value: false]
10:20:24.594 [FXGL Background Thread 3 ] DEBUG Engine               - devSensorColorProperty: ObjectProperty [value: 0xffff00ff]
10:20:24.594 [FXGL Background Thread 3 ] DEBUG Engine               - devShowBBoxProperty: BooleanProperty [value: false]
10:20:24.594 [FXGL Background Thread 3 ] DEBUG Engine               - devShowPositionProperty: BooleanProperty [value: false]
10:20:24.594 [FXGL Background Thread 3 ] DEBUG Engine               - enabledMenuItems: []
10:20:24.595 [FXGL Background Thread 3 ] DEBUG Engine               - engineServices: [class com.almasb.fxgl.app.services.FXGLAssetLoaderService, class com.almasb.fxgl.app.FXGLApplication$GameApplicationService, class com.almasb.fxgl.app.services.FXGLDialogService, class com.almasb.fxgl.app.services.IOTaskExecutorService, class com.almasb.fxgl.io.FileSystemService, class com.almasb.fxgl.localization.LocalizationService, class com.almasb.fxgl.app.services.SystemBundleService, class com.almasb.fxgl.profile.SaveLoadService, class com.almasb.fxgl.ui.FXGLUIFactoryServiceProvider, class com.almasb.fxgl.ui.FXGLDialogFactoryServiceProvider, class com.almasb.fxgl.audio.AudioPlayer, class com.almasb.fxgl.notification.impl.NotificationServiceProvider, class com.almasb.fxgl.achievement.AchievementService, class com.almasb.fxgl.cutscene.CutsceneService, class com.almasb.fxgl.minigames.MiniGameService, class com.almasb.fxgl.net.NetService, class com.almasb.fxgl.app.services.UpdaterService, class com.almasb.fxgl.dev.DevService]
10:20:24.595 [FXGL Background Thread 3 ] DEBUG Engine               - fontGame: Abel-Regular.ttf
10:20:24.595 [FXGL Background Thread 3 ] DEBUG Engine               - fontMono: TerminalLandMono-Regular.otf
10:20:24.595 [FXGL Background Thread 3 ] DEBUG Engine               - fontSizeScaleUI: 1.0
10:20:24.596 [FXGL Background Thread 3 ] DEBUG Engine               - fontText: Courier-Prime.ttf
10:20:24.596 [FXGL Background Thread 3 ] DEBUG Engine               - fontUI: VarelaRound-Regular.ttf
10:20:24.596 [FXGL Background Thread 3 ] DEBUG Engine               - fullScreen: BooleanProperty [value: true]
10:20:24.596 [FXGL Background Thread 3 ] DEBUG Engine               - gameDifficulty: MEDIUM
10:20:24.596 [FXGL Background Thread 3 ] DEBUG Engine               - gameDifficultyProperty: ObjectProperty [value: MEDIUM]
10:20:24.597 [FXGL Background Thread 3 ] DEBUG Engine               - globalMusicVolume: 0.5
10:20:24.597 [FXGL Background Thread 3 ] DEBUG Engine               - globalMusicVolumeProperty: DoubleProperty [value: 0.5]
10:20:24.597 [FXGL Background Thread 3 ] DEBUG Engine               - globalSoundVolume: 0.5
10:20:24.597 [FXGL Background Thread 3 ] DEBUG Engine               - globalSoundVolumeProperty: DoubleProperty [value: 0.5]
10:20:24.598 [FXGL Background Thread 3 ] DEBUG Engine               - height: 864
10:20:24.598 [FXGL Background Thread 3 ] DEBUG Engine               - is3D: false
10:20:24.598 [FXGL Background Thread 3 ] DEBUG Engine               - isAndroid: false
10:20:24.598 [FXGL Background Thread 3 ] DEBUG Engine               - isBrowser: false
10:20:24.598 [FXGL Background Thread 3 ] DEBUG Engine               - isClickFeedbackEnabled: false
10:20:24.598 [FXGL Background Thread 3 ] DEBUG Engine               - isCloseConfirmation: false
10:20:24.600 [FXGL Background Thread 3 ] DEBUG Engine               - isDesktop: true
10:20:24.600 [FXGL Background Thread 3 ] DEBUG Engine               - isDeveloperMenuEnabled: false
10:20:24.600 [FXGL Background Thread 3 ] DEBUG Engine               - isEmbedded: false
10:20:24.600 [FXGL Background Thread 3 ] DEBUG Engine               - isEntityPreloadEnabled: true
10:20:24.601 [FXGL Background Thread 3 ] DEBUG Engine               - isExperimentalTiledLargeMap: false
10:20:24.601 [FXGL Background Thread 3 ] DEBUG Engine               - isFileSystemWriteAllowed: true
10:20:24.601 [FXGL Background Thread 3 ] DEBUG Engine               - isFullScreenAllowed: true
10:20:24.601 [FXGL Background Thread 3 ] DEBUG Engine               - isFullScreenFromStart: true
10:20:24.601 [FXGL Background Thread 3 ] DEBUG Engine               - isGameMenuEnabled: true
10:20:24.602 [FXGL Background Thread 3 ] DEBUG Engine               - isIOS: false
10:20:24.602 [FXGL Background Thread 3 ] DEBUG Engine               - isIntroEnabled: false
10:20:24.602 [FXGL Background Thread 3 ] DEBUG Engine               - isLinux: false
10:20:24.602 [FXGL Background Thread 3 ] DEBUG Engine               - isMac: false
10:20:24.602 [FXGL Background Thread 3 ] DEBUG Engine               - isMainMenuEnabled: false
10:20:24.602 [FXGL Background Thread 3 ] DEBUG Engine               - isManualResizeEnabled: false
10:20:24.603 [FXGL Background Thread 3 ] DEBUG Engine               - isMobile: false
10:20:24.603 [FXGL Background Thread 3 ] DEBUG Engine               - isNative: false
10:20:24.603 [FXGL Background Thread 3 ] DEBUG Engine               - isPauseMusicWhenMinimized: true
10:20:24.603 [FXGL Background Thread 3 ] DEBUG Engine               - isPreserveResizeRatio: false
10:20:24.603 [FXGL Background Thread 3 ] DEBUG Engine               - isProfilingEnabled: false
10:20:24.604 [FXGL Background Thread 3 ] DEBUG Engine               - isScaleAffectedOnResize: true
10:20:24.604 [FXGL Background Thread 3 ] DEBUG Engine               - isSingleStep: false
10:20:24.604 [FXGL Background Thread 3 ] DEBUG Engine               - isUserProfileEnabled: false
10:20:24.604 [FXGL Background Thread 3 ] DEBUG Engine               - isWindows: true
10:20:24.604 [FXGL Background Thread 3 ] DEBUG Engine               - language: ObjectProperty [value: ENGLISH]
10:20:24.604 [FXGL Background Thread 3 ] DEBUG Engine               - menuKey: ESCAPE
10:20:24.605 [FXGL Background Thread 3 ] DEBUG Engine               - mouseSensitivity: 0.2
10:20:24.605 [FXGL Background Thread 3 ] DEBUG Engine               - notificationViewClass: class com.almasb.fxgl.notification.view.XboxNotificationView
10:20:24.605 [FXGL Background Thread 3 ] DEBUG Engine               - pixelsPerMeter: 50.0
10:20:24.605 [FXGL Background Thread 3 ] DEBUG Engine               - platform: WINDOWS
10:20:24.605 [FXGL Background Thread 3 ] DEBUG Engine               - prefHeightProperty: ReadOnlyDoubleProperty [value: 864.0]
10:20:24.606 [FXGL Background Thread 3 ] DEBUG Engine               - prefWidthProperty: ReadOnlyDoubleProperty [value: 1536.0]
10:20:24.606 [FXGL Background Thread 3 ] DEBUG Engine               - profileDir: profiles/
10:20:24.606 [FXGL Background Thread 3 ] DEBUG Engine               - profileName: StringProperty [value: DEFAULT]
10:20:24.606 [FXGL Background Thread 3 ] DEBUG Engine               - randomSeed: -1
10:20:24.607 [FXGL Background Thread 3 ] DEBUG Engine               - runtimeInfo: RuntimeInfo(platform=WINDOWS, version=17.3, build=30.03.2023 11.49)
10:20:24.607 [FXGL Background Thread 3 ] DEBUG Engine               - saveFileExt: sav
10:20:24.608 [FXGL Background Thread 3 ] DEBUG Engine               - scaledHeightProp$fxgl: DoubleProperty [bound, value: 864.0]
10:20:24.608 [FXGL Background Thread 3 ] DEBUG Engine               - scaledWidthProp$fxgl: DoubleProperty [bound, value: 1536.0]
10:20:24.608 [FXGL Background Thread 3 ] DEBUG Engine               - sceneFactory: com.almasb.fxgl.app.scene.SceneFactory@10b5a5fd
10:20:24.608 [FXGL Background Thread 3 ] DEBUG Engine               - secondsIn24h: 60
10:20:24.609 [FXGL Background Thread 3 ] DEBUG Engine               - soundMenuBack: menu/back.wav
10:20:24.609 [FXGL Background Thread 3 ] DEBUG Engine               - soundMenuPress: menu/press.wav
10:20:24.609 [FXGL Background Thread 3 ] DEBUG Engine               - soundMenuSelect: menu/select.wav
10:20:24.609 [FXGL Background Thread 3 ] DEBUG Engine               - soundNotification: core/notification.wav
10:20:24.609 [FXGL Background Thread 3 ] DEBUG Engine               - stageStyle: DECORATED
10:20:24.610 [FXGL Background Thread 3 ] DEBUG Engine               - supportedLanguages: [ENGLISH, FRENCH, GERMAN, HUNGARIAN, RUSSIAN]
10:20:24.610 [FXGL Background Thread 3 ] DEBUG Engine               - ticksPerSecond: -1
10:20:24.610 [FXGL Background Thread 3 ] DEBUG Engine               - title: Megaman
10:20:24.610 [FXGL Background Thread 3 ] DEBUG Engine               - urlGithub: https://github.com/AlmasB/FXGL
10:20:24.610 [FXGL Background Thread 3 ] DEBUG Engine               - urlLeaderboard: http://fxgl-top.herokuapp.com/
10:20:24.610 [FXGL Background Thread 3 ] DEBUG Engine               - urlPOM: https://raw.githubusercontent.com/AlmasB/FXGL/release/README.md
10:20:24.611 [FXGL Background Thread 3 ] DEBUG Engine               - userAppClass: class com.game.megaman2.MegamanApplication
10:20:24.611 [FXGL Background Thread 3 ] DEBUG Engine               - version: 0.1
10:20:24.611 [FXGL Background Thread 3 ] DEBUG Engine               - versionCheckDays: 7
10:20:24.611 [FXGL Background Thread 3 ] DEBUG Engine               - width: 1536
10:20:24.611 [FXGL Background Thread 3 ] DEBUG Engine               - Logging services
10:20:24.612 [FXGL Background Thread 3 ] DEBUG Engine               - class com.almasb.fxgl.app.services.FXGLAssetLoaderService
10:20:24.612 [FXGL Background Thread 3 ] DEBUG Engine               - class com.almasb.fxgl.app.FXGLApplication$GameApplicationService
10:20:24.612 [FXGL Background Thread 3 ] DEBUG Engine               - class com.almasb.fxgl.app.services.FXGLDialogService
10:20:24.612 [FXGL Background Thread 3 ] DEBUG Engine               - class com.almasb.fxgl.app.services.IOTaskExecutorService
10:20:24.612 [FXGL Background Thread 3 ] DEBUG Engine               - class com.almasb.fxgl.io.FileSystemService
10:20:24.612 [FXGL Background Thread 3 ] DEBUG Engine               - class com.almasb.fxgl.localization.LocalizationService
10:20:24.612 [FXGL Background Thread 3 ] DEBUG Engine               - class com.almasb.fxgl.app.services.SystemBundleService
10:20:24.613 [FXGL Background Thread 3 ] DEBUG Engine               - class com.almasb.fxgl.profile.SaveLoadService
10:20:24.613 [FXGL Background Thread 3 ] DEBUG Engine               - class com.almasb.fxgl.ui.FXGLUIFactoryServiceProvider
10:20:24.613 [FXGL Background Thread 3 ] DEBUG Engine               - class com.almasb.fxgl.ui.FXGLDialogFactoryServiceProvider
10:20:24.613 [FXGL Background Thread 3 ] DEBUG Engine               - class com.almasb.fxgl.audio.AudioPlayer
10:20:24.613 [FXGL Background Thread 3 ] DEBUG Engine               - class com.almasb.fxgl.notification.impl.NotificationServiceProvider
10:20:24.613 [FXGL Background Thread 3 ] DEBUG Engine               - class com.almasb.fxgl.achievement.AchievementService
10:20:24.613 [FXGL Background Thread 3 ] DEBUG Engine               - class com.almasb.fxgl.cutscene.CutsceneService
10:20:24.614 [FXGL Background Thread 3 ] DEBUG Engine               - class com.almasb.fxgl.minigames.MiniGameService
10:20:24.614 [FXGL Background Thread 3 ] DEBUG Engine               - class com.almasb.fxgl.net.NetService
10:20:24.614 [FXGL Background Thread 3 ] DEBUG Engine               - class com.almasb.fxgl.app.services.UpdaterService
10:20:24.614 [FXGL Background Thread 3 ] DEBUG Engine               - class com.almasb.fxgl.dev.DevService
10:20:57.519 [JavaFX Application Thread] WARN  FXGLAssetLoaderServi - Asset "/assets/sounds/drop.wav" was not found!
10:20:57.520 [JavaFX Application Thread] WARN  FXGLAssetLoaderServi - Failed to load SOUND
10:21:22.014 [JavaFX Application Thread] DEBUG PrimaryStageWindow   - Push state: FXGLDefaultMenu
10:21:22.019 [JavaFX Application Thread] DEBUG Input                - Clearing active input actions
10:21:22.033 [JavaFX Application Thread] DEBUG GameApplicationServi - Removing overlay from GameScene and adding to FXGLDefaultMenu
10:21:22.034 [JavaFX Application Thread] DEBUG PrimaryStageWindow   - GameScene -> FXGLDefaultMenu
10:21:23.613 [JavaFX Application Thread] DEBUG Menu                 - fireExit()
10:21:23.619 [JavaFX Application Thread] DEBUG PrimaryStageWindow   - Push state: DialogSubScene
10:21:23.620 [JavaFX Application Thread] DEBUG Input                - Clearing active input actions
10:21:23.621 [JavaFX Application Thread] DEBUG GameApplicationServi - Removing overlay from FXGLDefaultMenu and adding to DialogSubScene
10:21:23.622 [JavaFX Application Thread] DEBUG PrimaryStageWindow   - FXGLDefaultMenu -> DialogSubScene
10:21:24.883 [JavaFX Application Thread] DEBUG PrimaryStageWindow   - Pop state: DialogSubScene
10:21:24.884 [JavaFX Application Thread] DEBUG Input                - Clearing active input actions
10:21:24.885 [JavaFX Application Thread] DEBUG GameApplicationServi - Removing overlay from DialogSubScene and adding to FXGLDefaultMenu
10:21:24.886 [JavaFX Application Thread] DEBUG PrimaryStageWindow   - FXGLDefaultMenu <- DialogSubScene
10:21:24.886 [JavaFX Application Thread] DEBUG FXGLApplication      - Exiting FXGL
10:21:24.887 [JavaFX Application Thread] DEBUG LoopRunner           - Stopping loop
10:21:24.887 [JavaFX Application Thread] DEBUG SystemBundleService  - Saving FXGL system data
10:21:24.892 [JavaFX Application Thread] DEBUG FileSystemAccess     - Writing to: C:\Users\enric\Desktop\robe mie\Fermi\triennio\Informatica\Intellij\GiocoClasseQuarta\system\fxgl.bundle
10:21:24.897 [JavaFX Application Thread] DEBUG Async                - Shutting down background threads
10:21:24.898 [JavaFX Application Thread] DEBUG PrimaryStageWindow   - Closing main window
10:21:24.924 [JavaFX Application Thread] DEBUG Logger               - Closing Logger
