10:25:30.780 [main                     ] DEBUG Logger               - Configured Logger
10:25:30.802 [main                     ] DEBUG GameApplication      - Logging settings
Title: Megaman
Version: 0.1
Width: 1536
Height: 864
Fullscreen: true
Intro: false
Profiling: false
Single step:false
App Mode: DEVELOPER
Menu Key: ESCAPE
Stage Style: DECORATED
Scene Factory: class com.almasb.fxgl.app.scene.SceneFactory

10:25:31.062 [JavaFX Application Thread] DEBUG FXGLApplication      - Initializing FXGL
10:25:31.066 [JavaFX Application Thread] INFO  Engine               - FXGL-17.3 (30.03.2023 11.49) on WINDOWS (J:22.0.1 FX:22-ea)
10:25:31.066 [JavaFX Application Thread] DEBUG Engine               - JRE Vendor Name: Oracle Corporation
10:25:31.067 [JavaFX Application Thread] DEBUG Engine               - Running on OS: Windows 11 version 10.0
10:25:31.067 [JavaFX Application Thread] DEBUG Engine               - Architecture: amd64
10:25:31.067 [JavaFX Application Thread] INFO  Engine               - Source code and latest versions at: https://github.com/AlmasB/FXGL
10:25:31.067 [JavaFX Application Thread] INFO  Engine               -       Ask questions and discuss at: https://github.com/AlmasB/FXGL/discussions
10:25:31.067 [JavaFX Application Thread] INFO  Engine               -              Join the FXGL chat at: https://gitter.im/AlmasB/FXGL
10:25:31.140 [JavaFX Application Thread] DEBUG PrimaryStageWindow   - Creating a JavaFX scene
10:25:31.179 [JavaFX Application Thread] DEBUG PrimaryStageWindow   - Target settings size: 1536.0 x 864.0
10:25:31.179 [JavaFX Application Thread] DEBUG PrimaryStageWindow   - Scaled scene size:    1536.0 x 864.0
10:25:31.179 [JavaFX Application Thread] DEBUG PrimaryStageWindow   - Scaled ratio: (1.0, 1.0)
10:25:31.180 [JavaFX Application Thread] DEBUG PrimaryStageWindow   - Set initial scene to FXGLStartupScene
10:25:31.184 [JavaFX Application Thread] DEBUG PrimaryStageWindow   - Opening main window
10:25:31.257 [JavaFX Application Thread] DEBUG PrimaryStageWindow   - Window border size: (14.4000244140625, 37.5999755859375)
10:25:31.257 [JavaFX Application Thread] DEBUG PrimaryStageWindow   - Scaled size: 1536.0 x 864.0
10:25:31.257 [JavaFX Application Thread] DEBUG PrimaryStageWindow   - Scaled ratio: (1.0, 1.0)
10:25:31.257 [JavaFX Application Thread] DEBUG PrimaryStageWindow   - Scene size: 1536.0 x 864.0
10:25:31.258 [JavaFX Application Thread] DEBUG PrimaryStageWindow   - Stage size: 1550.4000244140625 x 901.5999755859375
10:25:31.308 [JavaFX Application Thread] DEBUG PrimaryStageWindow   - Going fullscreen
10:25:31.314 [FXGL Background Thread 1 ] DEBUG Engine               - Initializing environment variables
10:25:31.359 [FXGL Background Thread 1 ] DEBUG FXGLAssetLoaderServi - User app class for loading assets: class com.game.megaman2.MegamanApplication
10:25:31.359 [FXGL Background Thread 1 ] DEBUG GameApplicationServi - Applying CSS: fxgl_dark.css
10:25:31.359 [FXGL Background Thread 1 ] DEBUG FXGLAssetLoaderServi - Loading from file system: jar:file:///C:/Users/enric/.m2/repository/com/github/almasb/fxgl/17.3/fxgl-17.3.jar!/fxglassets/ui/css/fxgl_dark.css
10:25:31.396 [FXGL Background Thread 1 ] DEBUG GameApplicationServi - Initializing application scenes
10:25:31.430 [FXGL Background Thread 1 ] DEBUG GameWorld            - Game world initialized
10:25:31.487 [FXGL Background Thread 1 ] DEBUG PhysicsWorld         - Physics world initialized: appHeight=864, physics.ppm=50,0
10:25:31.488 [FXGL Background Thread 1 ] DEBUG PhysicsWorld         - Using strategy: BRUTE_FORCE
10:25:31.490 [FXGL Background Thread 1 ] DEBUG GameScene            - Game scene initialized: 1536x864
10:25:31.500 [FXGL Background Thread 1 ] DEBUG FXGL.DefaultMenu     - createMenuBodyGameMenu()
10:25:31.513 [FXGL Background Thread 1 ] DEBUG FXGL.DefaultMenu     - createOptionsMenu()
10:25:31.520 [FXGL Background Thread 1 ] DEBUG FXGLAssetLoaderServi - Loading from file system: jar:file:///C:/Users/enric/.m2/repository/com/github/almasb/fxgl/17.3/fxgl-17.3.jar!/fxglassets/textures/particles/smoke.png
10:25:31.604 [FXGL Background Thread 1 ] DEBUG FXGLAssetLoaderServi - Loading from file system: jar:file:///C:/Users/enric/.m2/repository/com/github/almasb/fxgl/17.3/fxgl-17.3.jar!/fxglassets/textures/particles/trace_horizontal.png
10:25:31.639 [FXGL Background Thread 1 ] DEBUG GameApplicationServi - Application scenes initialized
10:25:31.652 [FXGL Background Thread 1 ] DEBUG SystemBundleService  - Loading FXGL system data
10:25:31.656 [FXGL Background Thread 1 ] DEBUG FileSystemAccess     - Reading from: C:\Users\enric\Desktop\robe mie\Fermi\triennio\Informatica\Intellij\GiocoClasseQuarta\system\fxgl.bundle
10:25:31.661 [FXGL Background Thread 1 ] DEBUG SystemBundleService  - Bundle FXGL: {}
10:25:31.662 [FXGL Background Thread 1 ] DEBUG UpdaterService       - Checking for updates
10:25:31.667 [FXGL Background Thread 4 ] DEBUG FXGLApplication      - Loading fonts
10:25:31.668 [FXGL Background Thread 4 ] DEBUG FXGLAssetLoaderServi - Loading from file system: jar:file:///C:/Users/enric/.m2/repository/com/github/almasb/fxgl/17.3/fxgl-17.3.jar!/fxglassets/ui/fonts/VarelaRound-Regular.ttf
10:25:31.668 [FXGL Background Thread 1 ] DEBUG FXGLApplication      - Loading default localization
10:25:31.669 [FXGL Background Thread 1 ] DEBUG FXGLAssetLoaderServi - Loading from file system: jar:file:///C:/Users/enric/.m2/repository/com/github/almasb/fxgl/17.3/fxgl-17.3.jar!/fxglassets/languages/english.lang
10:25:31.688 [FXGL Background Thread 1 ] INFO  FXGLApplication      - FXGL initialization took: 0,374 sec
10:25:31.700 [JavaFX Application Thread] DEBUG Input                - Registered new binding: Move Right - D
10:25:31.700 [JavaFX Application Thread] DEBUG Input                - Registered new binding: Move Left - A
10:25:31.700 [JavaFX Application Thread] DEBUG Input                - Registered new binding: Move Up - W
10:25:31.700 [JavaFX Application Thread] DEBUG Input                - Registered new binding: Move Down - S
10:25:31.701 [JavaFX Application Thread] DEBUG Input                - Registered new binding: action0 - F
10:25:31.702 [JavaFX Application Thread] DEBUG FXGLAssetLoaderServi - Loading from file system: jar:file:///C:/Users/enric/.m2/repository/com/github/almasb/fxgl/17.3/fxgl-17.3.jar!/fxglassets/textures/fxgl_icon.png
10:25:31.702 [FXGL Background Thread 4 ] DEBUG FXGLAssetLoaderServi - Loading from file system: jar:file:///C:/Users/enric/.m2/repository/com/github/almasb/fxgl/17.3/fxgl-17.3.jar!/fxglassets/ui/fonts/Abel-Regular.ttf
10:25:31.713 [FXGL Background Thread 4 ] DEBUG FXGLAssetLoaderServi - Loading from file system: jar:file:///C:/Users/enric/.m2/repository/com/github/almasb/fxgl/17.3/fxgl-17.3.jar!/fxglassets/ui/fonts/TerminalLandMono-Regular.otf
10:25:31.721 [FXGL Background Thread 4 ] DEBUG FXGLAssetLoaderServi - Loading from file system: jar:file:///C:/Users/enric/.m2/repository/com/github/almasb/fxgl/17.3/fxgl-17.3.jar!/fxglassets/ui/fonts/Courier-Prime.ttf
10:25:31.727 [JavaFX Application Thread] DEBUG FXGLAssetLoaderServi - Loading from file system: jar:file:///C:/Users/enric/.m2/repository/com/github/almasb/fxgl/17.3/fxgl-17.3.jar!/fxglassets/textures/fxgl_default_cursor.png
10:25:31.729 [JavaFX Application Thread] DEBUG Input                - Registered new binding: Screenshot - CTRL+8
10:25:31.730 [JavaFX Application Thread] DEBUG Input                - Registered new binding: System info dump - CTRL+9
10:25:31.730 [JavaFX Application Thread] DEBUG Input                - Registered new binding: Restart - CTRL+R
10:25:31.730 [JavaFX Application Thread] DEBUG Input                - Registered new binding: Toggle Debug Camera - CTRL+7
10:25:31.734 [JavaFX Application Thread] DEBUG LoopRunner           - Starting loop
10:25:31.734 [JavaFX Application Thread] DEBUG LoopRunner           - Initializing JavaFX AnimationTimerLoop
10:25:31.737 [JavaFX Application Thread] DEBUG GameApplicationServi - Starting new game
10:25:31.737 [JavaFX Application Thread] DEBUG Input                - Clearing active input actions
10:25:31.750 [JavaFX Application Thread] DEBUG GameApplicationServi - Removing overlay from FXGLStartupScene and adding to FXGLLoadingScene
10:25:31.750 [JavaFX Application Thread] DEBUG PrimaryStageWindow   - FXGLStartupScene -> FXGLLoadingScene
10:25:31.750 [JavaFX Application Thread] DEBUG GameApplicationServi - Clearing previous game
10:25:31.750 [JavaFX Application Thread] DEBUG GameScene            - Clearing game scene
10:25:31.751 [JavaFX Application Thread] DEBUG GameWorld            - Clearing game world
10:25:31.751 [JavaFX Application Thread] DEBUG PhysicsWorld         - Clearing physics world
10:25:31.752 [FXGL Background Thread 4 ] DEBUG FXGLApplication      - Initializing game
10:25:31.752 [JavaFX Application Thread] DEBUG FXGLApplication      - Registering font factories with UI factory
10:25:31.754 [FXGL Background Thread 4 ] DEBUG FXGLAssetLoaderServi - Loading from file system: file:/C:/Users/enric/Desktop/robe%20mie/Fermi/triennio/Informatica/Intellij/GiocoClasseQuarta/target/classes/assets/textures/corsa/corsa1.png
10:25:31.755 [FXGL Background Thread 4 ] DEBUG FXGLAssetLoaderServi - Loading from file system: file:/C:/Users/enric/Desktop/robe%20mie/Fermi/triennio/Informatica/Intellij/GiocoClasseQuarta/target/classes/assets/textures/corsa/corsa2.png
10:25:31.756 [FXGL Background Thread 4 ] DEBUG FXGLAssetLoaderServi - Loading from file system: file:/C:/Users/enric/Desktop/robe%20mie/Fermi/triennio/Informatica/Intellij/GiocoClasseQuarta/target/classes/assets/textures/corsa/corsa3.png
10:25:31.757 [FXGL Background Thread 4 ] DEBUG FXGLAssetLoaderServi - Loading from file system: file:/C:/Users/enric/Desktop/robe%20mie/Fermi/triennio/Informatica/Intellij/GiocoClasseQuarta/target/classes/assets/textures/corsa/corsa4.png
10:25:31.758 [FXGL Background Thread 4 ] DEBUG FXGLAssetLoaderServi - Loading from file system: file:/C:/Users/enric/Desktop/robe%20mie/Fermi/triennio/Informatica/Intellij/GiocoClasseQuarta/target/classes/assets/textures/corsa/corsa5.png
10:25:31.759 [FXGL Background Thread 4 ] DEBUG FXGLAssetLoaderServi - Loading from file system: file:/C:/Users/enric/Desktop/robe%20mie/Fermi/triennio/Informatica/Intellij/GiocoClasseQuarta/target/classes/assets/textures/corsa/corsa6.png
10:25:31.760 [FXGL Background Thread 4 ] DEBUG FXGLAssetLoaderServi - Loading from file system: file:/C:/Users/enric/Desktop/robe%20mie/Fermi/triennio/Informatica/Intellij/GiocoClasseQuarta/target/classes/assets/textures/corsa/corsa7.png
10:25:31.761 [FXGL Background Thread 4 ] DEBUG FXGLAssetLoaderServi - Loading from file system: file:/C:/Users/enric/Desktop/robe%20mie/Fermi/triennio/Informatica/Intellij/GiocoClasseQuarta/target/classes/assets/textures/corsa/corsa8.png
10:25:31.762 [FXGL Background Thread 4 ] DEBUG FXGLAssetLoaderServi - Loading from file system: file:/C:/Users/enric/Desktop/robe%20mie/Fermi/triennio/Informatica/Intellij/GiocoClasseQuarta/target/classes/assets/textures/corsa/corsa9.png
10:25:31.763 [FXGL Background Thread 4 ] DEBUG FXGLAssetLoaderServi - Loading from file system: file:/C:/Users/enric/Desktop/robe%20mie/Fermi/triennio/Informatica/Intellij/GiocoClasseQuarta/target/classes/assets/textures/corsa/corsa10.png
10:25:31.764 [FXGL Background Thread 4 ] DEBUG FXGLAssetLoaderServi - Loading from file system: file:/C:/Users/enric/Desktop/robe%20mie/Fermi/triennio/Informatica/Intellij/GiocoClasseQuarta/target/classes/assets/textures/corsa/corsa11.png
10:25:31.767 [FXGL Background Thread 4 ] DEBUG FXGLAssetLoaderServi - Loading from file system: file:/C:/Users/enric/Desktop/robe%20mie/Fermi/triennio/Informatica/Intellij/GiocoClasseQuarta/target/classes/assets/textures/spawn8.png
10:25:31.795 [FXGL Background Thread 4 ] DEBUG FXGLAssetLoaderServi - Loading from file system: file:/C:/Users/enric/Desktop/robe%20mie/Fermi/triennio/Informatica/Intellij/GiocoClasseQuarta/target/classes/assets/textures/sfondo1.jpg
10:25:31.826 [FXGL Background Thread 4 ] WARN  GameWorld            - Entity is already attached to world
10:25:31.826 [FXGL Background Thread 4 ] INFO  FXGLApplication      - Game initialization took: 0,074 sec
10:25:31.861 [JavaFX Application Thread] DEBUG Input                - Clearing active input actions
10:25:31.872 [JavaFX Application Thread] DEBUG GameApplicationServi - Removing overlay from FXGLLoadingScene and adding to GameScene
10:25:31.872 [JavaFX Application Thread] DEBUG PrimaryStageWindow   - FXGLLoadingScene -> GameScene
10:25:32.076 [FXGL Background Thread 2 ] INFO  UpdaterService       - Your current version:  17.3
10:25:32.076 [FXGL Background Thread 2 ] INFO  UpdaterService       - Latest stable version: 21.1
10:25:34.694 [FXGL Background Thread 3 ] DEBUG Engine               - Logging environment variables
10:25:34.696 [FXGL Background Thread 3 ] DEBUG Engine               - achievements: []
10:25:34.696 [FXGL Background Thread 3 ] DEBUG Engine               - actualHeight: 864.0
10:25:34.696 [FXGL Background Thread 3 ] DEBUG Engine               - actualHeightProperty: ReadOnlyDoubleProperty [value: 864.0]
10:25:34.697 [FXGL Background Thread 3 ] DEBUG Engine               - actualWidth: 1536.0
10:25:34.697 [FXGL Background Thread 3 ] DEBUG Engine               - actualWidthProperty: ReadOnlyDoubleProperty [value: 1536.0]
10:25:34.697 [FXGL Background Thread 3 ] DEBUG Engine               - appIcon: fxgl_icon.png
10:25:34.697 [FXGL Background Thread 3 ] DEBUG Engine               - applicationMode: DEVELOPER
10:25:34.697 [FXGL Background Thread 3 ] DEBUG Engine               - cSSList: [fxgl_dark.css]
10:25:34.698 [FXGL Background Thread 3 ] DEBUG Engine               - collisionDetectionStrategy: BRUTE_FORCE
10:25:34.698 [FXGL Background Thread 3 ] DEBUG Engine               - configClass: Optional.empty
10:25:34.698 [FXGL Background Thread 3 ] DEBUG Engine               - credits: []
10:25:34.699 [FXGL Background Thread 3 ] DEBUG Engine               - defaultCursor: CursorInfo(imageName=fxgl_default_cursor.png, hotspotX=7.0, hotspotY=6.0)
10:25:34.700 [FXGL Background Thread 3 ] DEBUG Engine               - devBBoxColorProperty: ObjectProperty [value: 0xff0000ff]
10:25:34.700 [FXGL Background Thread 3 ] DEBUG Engine               - devEnableDebugCameraProperty: BooleanProperty [value: false]
10:25:34.700 [FXGL Background Thread 3 ] DEBUG Engine               - devSensorColorProperty: ObjectProperty [value: 0xffff00ff]
10:25:34.701 [FXGL Background Thread 3 ] DEBUG Engine               - devShowBBoxProperty: BooleanProperty [value: false]
10:25:34.701 [FXGL Background Thread 3 ] DEBUG Engine               - devShowPositionProperty: BooleanProperty [value: false]
10:25:34.701 [FXGL Background Thread 3 ] DEBUG Engine               - enabledMenuItems: []
10:25:34.702 [FXGL Background Thread 3 ] DEBUG Engine               - engineServices: [class com.almasb.fxgl.app.services.FXGLAssetLoaderService, class com.almasb.fxgl.app.FXGLApplication$GameApplicationService, class com.almasb.fxgl.app.services.FXGLDialogService, class com.almasb.fxgl.app.services.IOTaskExecutorService, class com.almasb.fxgl.io.FileSystemService, class com.almasb.fxgl.localization.LocalizationService, class com.almasb.fxgl.app.services.SystemBundleService, class com.almasb.fxgl.profile.SaveLoadService, class com.almasb.fxgl.ui.FXGLUIFactoryServiceProvider, class com.almasb.fxgl.ui.FXGLDialogFactoryServiceProvider, class com.almasb.fxgl.audio.AudioPlayer, class com.almasb.fxgl.notification.impl.NotificationServiceProvider, class com.almasb.fxgl.achievement.AchievementService, class com.almasb.fxgl.cutscene.CutsceneService, class com.almasb.fxgl.minigames.MiniGameService, class com.almasb.fxgl.net.NetService, class com.almasb.fxgl.app.services.UpdaterService, class com.almasb.fxgl.dev.DevService]
10:25:34.702 [FXGL Background Thread 3 ] DEBUG Engine               - fontGame: Abel-Regular.ttf
10:25:34.702 [FXGL Background Thread 3 ] DEBUG Engine               - fontMono: TerminalLandMono-Regular.otf
10:25:34.702 [FXGL Background Thread 3 ] DEBUG Engine               - fontSizeScaleUI: 1.0
10:25:34.702 [FXGL Background Thread 3 ] DEBUG Engine               - fontText: Courier-Prime.ttf
10:25:34.702 [FXGL Background Thread 3 ] DEBUG Engine               - fontUI: VarelaRound-Regular.ttf
10:25:34.703 [FXGL Background Thread 3 ] DEBUG Engine               - fullScreen: BooleanProperty [value: true]
10:25:34.703 [FXGL Background Thread 3 ] DEBUG Engine               - gameDifficulty: MEDIUM
10:25:34.703 [FXGL Background Thread 3 ] DEBUG Engine               - gameDifficultyProperty: ObjectProperty [value: MEDIUM]
10:25:34.703 [FXGL Background Thread 3 ] DEBUG Engine               - globalMusicVolume: 0.5
10:25:34.704 [FXGL Background Thread 3 ] DEBUG Engine               - globalMusicVolumeProperty: DoubleProperty [value: 0.5]
10:25:34.704 [FXGL Background Thread 3 ] DEBUG Engine               - globalSoundVolume: 0.5
10:25:34.704 [FXGL Background Thread 3 ] DEBUG Engine               - globalSoundVolumeProperty: DoubleProperty [value: 0.5]
10:25:34.704 [FXGL Background Thread 3 ] DEBUG Engine               - height: 864
10:25:34.705 [FXGL Background Thread 3 ] DEBUG Engine               - is3D: false
10:25:34.705 [FXGL Background Thread 3 ] DEBUG Engine               - isAndroid: false
10:25:34.705 [FXGL Background Thread 3 ] DEBUG Engine               - isBrowser: false
10:25:34.705 [FXGL Background Thread 3 ] DEBUG Engine               - isClickFeedbackEnabled: false
10:25:34.706 [FXGL Background Thread 3 ] DEBUG Engine               - isCloseConfirmation: false
10:25:34.706 [FXGL Background Thread 3 ] DEBUG Engine               - isDesktop: true
10:25:34.706 [FXGL Background Thread 3 ] DEBUG Engine               - isDeveloperMenuEnabled: false
10:25:34.706 [FXGL Background Thread 3 ] DEBUG Engine               - isEmbedded: false
10:25:34.707 [FXGL Background Thread 3 ] DEBUG Engine               - isEntityPreloadEnabled: true
10:25:34.707 [FXGL Background Thread 3 ] DEBUG Engine               - isExperimentalTiledLargeMap: false
10:25:34.707 [FXGL Background Thread 3 ] DEBUG Engine               - isFileSystemWriteAllowed: true
10:25:34.707 [FXGL Background Thread 3 ] DEBUG Engine               - isFullScreenAllowed: true
10:25:34.707 [FXGL Background Thread 3 ] DEBUG Engine               - isFullScreenFromStart: true
10:25:34.708 [FXGL Background Thread 3 ] DEBUG Engine               - isGameMenuEnabled: true
10:25:34.708 [FXGL Background Thread 3 ] DEBUG Engine               - isIOS: false
10:25:34.708 [FXGL Background Thread 3 ] DEBUG Engine               - isIntroEnabled: false
10:25:34.708 [FXGL Background Thread 3 ] DEBUG Engine               - isLinux: false
10:25:34.708 [FXGL Background Thread 3 ] DEBUG Engine               - isMac: false
10:25:34.709 [FXGL Background Thread 3 ] DEBUG Engine               - isMainMenuEnabled: false
10:25:34.709 [FXGL Background Thread 3 ] DEBUG Engine               - isManualResizeEnabled: false
10:25:34.709 [FXGL Background Thread 3 ] DEBUG Engine               - isMobile: false
10:25:34.709 [FXGL Background Thread 3 ] DEBUG Engine               - isNative: false
10:25:34.709 [FXGL Background Thread 3 ] DEBUG Engine               - isPauseMusicWhenMinimized: true
10:25:34.710 [FXGL Background Thread 3 ] DEBUG Engine               - isPreserveResizeRatio: false
10:25:34.710 [FXGL Background Thread 3 ] DEBUG Engine               - isProfilingEnabled: false
10:25:34.710 [FXGL Background Thread 3 ] DEBUG Engine               - isScaleAffectedOnResize: true
10:25:34.710 [FXGL Background Thread 3 ] DEBUG Engine               - isSingleStep: false
10:25:34.710 [FXGL Background Thread 3 ] DEBUG Engine               - isUserProfileEnabled: false
10:25:34.710 [FXGL Background Thread 3 ] DEBUG Engine               - isWindows: true
10:25:34.711 [FXGL Background Thread 3 ] DEBUG Engine               - language: ObjectProperty [value: ENGLISH]
10:25:34.711 [FXGL Background Thread 3 ] DEBUG Engine               - menuKey: ESCAPE
10:25:34.711 [FXGL Background Thread 3 ] DEBUG Engine               - mouseSensitivity: 0.2
10:25:34.711 [FXGL Background Thread 3 ] DEBUG Engine               - notificationViewClass: class com.almasb.fxgl.notification.view.XboxNotificationView
10:25:34.711 [FXGL Background Thread 3 ] DEBUG Engine               - pixelsPerMeter: 50.0
10:25:34.712 [FXGL Background Thread 3 ] DEBUG Engine               - platform: WINDOWS
10:25:34.712 [FXGL Background Thread 3 ] DEBUG Engine               - prefHeightProperty: ReadOnlyDoubleProperty [value: 864.0]
10:25:34.712 [FXGL Background Thread 3 ] DEBUG Engine               - prefWidthProperty: ReadOnlyDoubleProperty [value: 1536.0]
10:25:34.712 [FXGL Background Thread 3 ] DEBUG Engine               - profileDir: profiles/
10:25:34.713 [FXGL Background Thread 3 ] DEBUG Engine               - profileName: StringProperty [value: DEFAULT]
10:25:34.713 [FXGL Background Thread 3 ] DEBUG Engine               - randomSeed: -1
10:25:34.714 [FXGL Background Thread 3 ] DEBUG Engine               - runtimeInfo: RuntimeInfo(platform=WINDOWS, version=17.3, build=30.03.2023 11.49)
10:25:34.714 [FXGL Background Thread 3 ] DEBUG Engine               - saveFileExt: sav
10:25:34.714 [FXGL Background Thread 3 ] DEBUG Engine               - scaledHeightProp$fxgl: DoubleProperty [bound, value: 864.0]
10:25:34.714 [FXGL Background Thread 3 ] DEBUG Engine               - scaledWidthProp$fxgl: DoubleProperty [bound, value: 1536.0]
10:25:34.715 [FXGL Background Thread 3 ] DEBUG Engine               - sceneFactory: com.almasb.fxgl.app.scene.SceneFactory@742454c3
10:25:34.715 [FXGL Background Thread 3 ] DEBUG Engine               - secondsIn24h: 60
10:25:34.715 [FXGL Background Thread 3 ] DEBUG Engine               - soundMenuBack: menu/back.wav
10:25:34.715 [FXGL Background Thread 3 ] DEBUG Engine               - soundMenuPress: menu/press.wav
10:25:34.715 [FXGL Background Thread 3 ] DEBUG Engine               - soundMenuSelect: menu/select.wav
10:25:34.716 [FXGL Background Thread 3 ] DEBUG Engine               - soundNotification: core/notification.wav
10:25:34.716 [FXGL Background Thread 3 ] DEBUG Engine               - stageStyle: DECORATED
10:25:34.716 [FXGL Background Thread 3 ] DEBUG Engine               - supportedLanguages: [ENGLISH, FRENCH, GERMAN, HUNGARIAN, RUSSIAN]
10:25:34.716 [FXGL Background Thread 3 ] DEBUG Engine               - ticksPerSecond: -1
10:25:34.717 [FXGL Background Thread 3 ] DEBUG Engine               - title: Megaman
10:25:34.717 [FXGL Background Thread 3 ] DEBUG Engine               - urlGithub: https://github.com/AlmasB/FXGL
10:25:34.717 [FXGL Background Thread 3 ] DEBUG Engine               - urlLeaderboard: http://fxgl-top.herokuapp.com/
10:25:34.718 [FXGL Background Thread 3 ] DEBUG Engine               - urlPOM: https://raw.githubusercontent.com/AlmasB/FXGL/release/README.md
10:25:34.718 [FXGL Background Thread 3 ] DEBUG Engine               - userAppClass: class com.game.megaman2.MegamanApplication
10:25:34.718 [FXGL Background Thread 3 ] DEBUG Engine               - version: 0.1
10:25:34.719 [FXGL Background Thread 3 ] DEBUG Engine               - versionCheckDays: 7
10:25:34.719 [FXGL Background Thread 3 ] DEBUG Engine               - width: 1536
10:25:34.719 [FXGL Background Thread 3 ] DEBUG Engine               - Logging services
10:25:34.719 [FXGL Background Thread 3 ] DEBUG Engine               - class com.almasb.fxgl.app.services.FXGLAssetLoaderService
10:25:34.719 [FXGL Background Thread 3 ] DEBUG Engine               - class com.almasb.fxgl.app.FXGLApplication$GameApplicationService
10:25:34.720 [FXGL Background Thread 3 ] DEBUG Engine               - class com.almasb.fxgl.app.services.FXGLDialogService
10:25:34.720 [FXGL Background Thread 3 ] DEBUG Engine               - class com.almasb.fxgl.app.services.IOTaskExecutorService
10:25:34.720 [FXGL Background Thread 3 ] DEBUG Engine               - class com.almasb.fxgl.io.FileSystemService
10:25:34.720 [FXGL Background Thread 3 ] DEBUG Engine               - class com.almasb.fxgl.localization.LocalizationService
10:25:34.720 [FXGL Background Thread 3 ] DEBUG Engine               - class com.almasb.fxgl.app.services.SystemBundleService
10:25:34.721 [FXGL Background Thread 3 ] DEBUG Engine               - class com.almasb.fxgl.profile.SaveLoadService
10:25:34.721 [FXGL Background Thread 3 ] DEBUG Engine               - class com.almasb.fxgl.ui.FXGLUIFactoryServiceProvider
10:25:34.721 [FXGL Background Thread 3 ] DEBUG Engine               - class com.almasb.fxgl.ui.FXGLDialogFactoryServiceProvider
10:25:34.721 [FXGL Background Thread 3 ] DEBUG Engine               - class com.almasb.fxgl.audio.AudioPlayer
10:25:34.721 [FXGL Background Thread 3 ] DEBUG Engine               - class com.almasb.fxgl.notification.impl.NotificationServiceProvider
10:25:34.722 [FXGL Background Thread 3 ] DEBUG Engine               - class com.almasb.fxgl.achievement.AchievementService
10:25:34.722 [FXGL Background Thread 3 ] DEBUG Engine               - class com.almasb.fxgl.cutscene.CutsceneService
10:25:34.722 [FXGL Background Thread 3 ] DEBUG Engine               - class com.almasb.fxgl.minigames.MiniGameService
10:25:34.722 [FXGL Background Thread 3 ] DEBUG Engine               - class com.almasb.fxgl.net.NetService
10:25:34.723 [FXGL Background Thread 3 ] DEBUG Engine               - class com.almasb.fxgl.app.services.UpdaterService
10:25:34.723 [FXGL Background Thread 3 ] DEBUG Engine               - class com.almasb.fxgl.dev.DevService
10:25:37.882 [JavaFX Application Thread] DEBUG PrimaryStageWindow   - Push state: FXGLDefaultMenu
10:25:37.887 [JavaFX Application Thread] DEBUG Input                - Clearing active input actions
10:25:37.901 [JavaFX Application Thread] DEBUG GameApplicationServi - Removing overlay from GameScene and adding to FXGLDefaultMenu
10:25:37.902 [JavaFX Application Thread] DEBUG PrimaryStageWindow   - GameScene -> FXGLDefaultMenu
10:25:39.572 [JavaFX Application Thread] DEBUG Menu                 - fireExit()
10:25:39.573 [JavaFX Application Thread] DEBUG PrimaryStageWindow   - Push state: DialogSubScene
10:25:39.573 [JavaFX Application Thread] DEBUG Input                - Clearing active input actions
10:25:39.574 [JavaFX Application Thread] DEBUG GameApplicationServi - Removing overlay from FXGLDefaultMenu and adding to DialogSubScene
10:25:39.574 [JavaFX Application Thread] DEBUG PrimaryStageWindow   - FXGLDefaultMenu -> DialogSubScene
10:25:40.803 [JavaFX Application Thread] DEBUG PrimaryStageWindow   - Pop state: DialogSubScene
10:25:40.804 [JavaFX Application Thread] DEBUG Input                - Clearing active input actions
10:25:40.805 [JavaFX Application Thread] DEBUG GameApplicationServi - Removing overlay from DialogSubScene and adding to FXGLDefaultMenu
10:25:40.806 [JavaFX Application Thread] DEBUG PrimaryStageWindow   - FXGLDefaultMenu <- DialogSubScene
10:25:40.807 [JavaFX Application Thread] DEBUG FXGLApplication      - Exiting FXGL
10:25:40.807 [JavaFX Application Thread] DEBUG LoopRunner           - Stopping loop
10:25:40.807 [JavaFX Application Thread] DEBUG SystemBundleService  - Saving FXGL system data
10:25:40.812 [JavaFX Application Thread] DEBUG FileSystemAccess     - Writing to: C:\Users\enric\Desktop\robe mie\Fermi\triennio\Informatica\Intellij\GiocoClasseQuarta\system\fxgl.bundle
10:25:40.817 [JavaFX Application Thread] DEBUG Async                - Shutting down background threads
10:25:40.818 [JavaFX Application Thread] DEBUG PrimaryStageWindow   - Closing main window
10:25:40.865 [JavaFX Application Thread] DEBUG Logger               - Closing Logger
