19:47:38.118 [main                     ] DEBUG Logger               - Configured Logger
19:47:38.144 [main                     ] DEBUG GameApplication      - Logging settings
Title: Pokemon boh
Version: 0.1
Width: 1000
Height: 720
Fullscreen: false
Intro: false
Profiling: false
Single step:false
App Mode: DEVELOPER
Menu Key: ESCAPE
Stage Style: DECORATED
Scene Factory: class com.game.pokemon.FabbricaScene

19:47:38.422 [JavaFX Application Thread] DEBUG FXGLApplication      - Initializing FXGL
19:47:38.426 [JavaFX Application Thread] INFO  Engine               - FXGL-17.3 (30.03.2023 11.49) on WINDOWS (J:22.0.1 FX:22-ea)
19:47:38.427 [JavaFX Application Thread] DEBUG Engine               - JRE Vendor Name: Oracle Corporation
19:47:38.427 [JavaFX Application Thread] DEBUG Engine               - Running on OS: Windows 11 version 10.0
19:47:38.427 [JavaFX Application Thread] DEBUG Engine               - Architecture: amd64
19:47:38.427 [JavaFX Application Thread] INFO  Engine               - Source code and latest versions at: https://github.com/AlmasB/FXGL
19:47:38.428 [JavaFX Application Thread] INFO  Engine               -       Ask questions and discuss at: https://github.com/AlmasB/FXGL/discussions
19:47:38.428 [JavaFX Application Thread] INFO  Engine               -              Join the FXGL chat at: https://gitter.im/AlmasB/FXGL
19:47:38.508 [JavaFX Application Thread] DEBUG PrimaryStageWindow   - Creating a JavaFX scene
19:47:38.547 [JavaFX Application Thread] DEBUG PrimaryStageWindow   - Target settings size: 1000.0 x 720.0
19:47:38.548 [JavaFX Application Thread] DEBUG PrimaryStageWindow   - Scaled scene size:    1000.0 x 720.0
19:47:38.548 [JavaFX Application Thread] DEBUG PrimaryStageWindow   - Scaled ratio: (1.0, 1.0)
19:47:38.549 [JavaFX Application Thread] DEBUG PrimaryStageWindow   - Set initial scene to FXGLStartupScene
19:47:38.552 [JavaFX Application Thread] DEBUG PrimaryStageWindow   - Opening main window
19:47:38.633 [JavaFX Application Thread] DEBUG PrimaryStageWindow   - Window border size: (14.4000244140625, 37.5999755859375)
19:47:38.633 [JavaFX Application Thread] DEBUG PrimaryStageWindow   - Scaled size: 1000.0 x 720.0
19:47:38.634 [JavaFX Application Thread] DEBUG PrimaryStageWindow   - Scaled ratio: (1.0, 1.0)
19:47:38.634 [JavaFX Application Thread] DEBUG PrimaryStageWindow   - Scene size: 1000.0 x 720.0
19:47:38.635 [JavaFX Application Thread] DEBUG PrimaryStageWindow   - Stage size: 1014.4000244140625 x 757.5999755859375
19:47:38.644 [FXGL Background Thread 1 ] DEBUG Engine               - Initializing environment variables
19:47:38.702 [FXGL Background Thread 1 ] DEBUG FXGLAssetLoaderServi - User app class for loading assets: class com.game.pokemon.PokemonApplication
19:47:38.702 [FXGL Background Thread 1 ] DEBUG GameApplicationServi - Applying CSS: fxgl_dark.css
19:47:38.703 [FXGL Background Thread 1 ] DEBUG FXGLAssetLoaderServi - Loading from file system: jar:file:///C:/Users/enric/.m2/repository/com/github/almasb/fxgl/17.3/fxgl-17.3.jar!/fxglassets/ui/css/fxgl_dark.css
19:47:38.750 [FXGL Background Thread 1 ] DEBUG GameApplicationServi - Initializing application scenes
19:47:38.781 [FXGL Background Thread 1 ] DEBUG GameWorld            - Game world initialized
19:47:38.853 [FXGL Background Thread 1 ] DEBUG PhysicsWorld         - Physics world initialized: appHeight=720, physics.ppm=50,0
19:47:38.854 [FXGL Background Thread 1 ] DEBUG PhysicsWorld         - Using strategy: BRUTE_FORCE
19:47:38.856 [FXGL Background Thread 1 ] DEBUG GameScene            - Game scene initialized: 1000x720
19:47:38.864 [FXGL Background Thread 1 ] DEBUG FXGL.DefaultMenu     - createMenuBodyMainMenu()
19:47:38.873 [FXGL Background Thread 1 ] DEBUG FXGL.DefaultMenu     - createOptionsMenu()
19:47:38.880 [FXGL Background Thread 1 ] DEBUG FXGLAssetLoaderServi - Loading from file system: jar:file:///C:/Users/enric/.m2/repository/com/github/almasb/fxgl/17.3/fxgl-17.3.jar!/fxglassets/textures/particles/smoke.png
19:47:38.962 [FXGL Background Thread 1 ] DEBUG FXGLAssetLoaderServi - Loading from file system: jar:file:///C:/Users/enric/.m2/repository/com/github/almasb/fxgl/17.3/fxgl-17.3.jar!/fxglassets/textures/particles/trace_horizontal.png
19:47:38.991 [FXGL Background Thread 1 ] DEBUG FXGLAssetLoaderServi - Loading from file system: file:/C:/Users/enric/Desktop/robe%20mie/Fermi/triennio/Informatica/Intellij/GiocoClasseQuarta/target/classes/assets/music/musicaMenu.mp3
19:47:39.105 [FXGL Background Thread 1 ] DEBUG FXGL.DefaultMenu     - createMenuBodyGameMenu()
19:47:39.106 [FXGL Background Thread 1 ] DEBUG FXGL.DefaultMenu     - createOptionsMenu()
19:47:39.120 [FXGL Background Thread 1 ] DEBUG GameApplicationServi - Application scenes initialized
19:47:39.132 [FXGL Background Thread 1 ] DEBUG SystemBundleService  - Loading FXGL system data
19:47:39.137 [FXGL Background Thread 1 ] DEBUG FileSystemAccess     - Reading from: C:\Users\enric\Desktop\robe mie\Fermi\triennio\Informatica\Intellij\GiocoClasseQuarta\system\fxgl.bundle
19:47:39.145 [FXGL Background Thread 1 ] DEBUG SystemBundleService  - Bundle FXGL: {}
19:47:39.145 [FXGL Background Thread 1 ] DEBUG UpdaterService       - Checking for updates
19:47:39.174 [FXGL Background Thread 4 ] DEBUG FXGLApplication      - Loading fonts
19:47:39.175 [FXGL Background Thread 4 ] DEBUG FXGLAssetLoaderServi - Loading from file system: jar:file:///C:/Users/enric/.m2/repository/com/github/almasb/fxgl/17.3/fxgl-17.3.jar!/fxglassets/ui/fonts/VarelaRound-Regular.ttf
19:47:39.175 [FXGL Background Thread 1 ] DEBUG FXGLAssetLoaderServi - Loading from file system: jar:file:///C:/Users/enric/.m2/repository/com/github/almasb/fxgl/17.3/fxgl-17.3.jar!/fxglassets/languages/english.lang
19:47:39.197 [FXGL Background Thread 1 ] INFO  FXGLApplication      - FXGL initialization took: 0,552 sec
19:47:39.209 [JavaFX Application Thread] DEBUG Input                - Registered new binding: Move Right - D
19:47:39.209 [JavaFX Application Thread] DEBUG Input                - Registered new binding: Move Left - A
19:47:39.209 [JavaFX Application Thread] DEBUG Input                - Registered new binding: Move Up - W
19:47:39.209 [JavaFX Application Thread] DEBUG Input                - Registered new binding: Move Down - S
19:47:39.209 [JavaFX Application Thread] DEBUG Input                - Registered new binding: Talk - E
19:47:39.209 [JavaFX Application Thread] DEBUG Input                - Registered new binding: Attack - F
19:47:39.210 [JavaFX Application Thread] DEBUG FXGLAssetLoaderServi - Loading from file system: jar:file:///C:/Users/enric/.m2/repository/com/github/almasb/fxgl/17.3/fxgl-17.3.jar!/fxglassets/textures/fxgl_icon.png
19:47:39.224 [FXGL Background Thread 4 ] DEBUG FXGLAssetLoaderServi - Loading from file system: jar:file:///C:/Users/enric/.m2/repository/com/github/almasb/fxgl/17.3/fxgl-17.3.jar!/fxglassets/ui/fonts/Abel-Regular.ttf
19:47:39.233 [FXGL Background Thread 4 ] DEBUG FXGLAssetLoaderServi - Loading from file system: jar:file:///C:/Users/enric/.m2/repository/com/github/almasb/fxgl/17.3/fxgl-17.3.jar!/fxglassets/ui/fonts/TerminalLandMono-Regular.otf
19:47:39.235 [JavaFX Application Thread] DEBUG FXGLAssetLoaderServi - Loading from file system: jar:file:///C:/Users/enric/.m2/repository/com/github/almasb/fxgl/17.3/fxgl-17.3.jar!/fxglassets/textures/fxgl_default_cursor.png
19:47:39.238 [JavaFX Application Thread] DEBUG Input                - Registered new binding: Screenshot - CTRL+8
19:47:39.238 [JavaFX Application Thread] DEBUG Input                - Registered new binding: Dev Options - 1
19:47:39.240 [JavaFX Application Thread] DEBUG Input                - Registered new binding: Dev Console - 2
19:47:39.240 [JavaFX Application Thread] DEBUG Input                - Registered new binding: System info dump - CTRL+9
19:47:39.242 [JavaFX Application Thread] DEBUG Input                - Registered new binding: Restart - CTRL+R
19:47:39.243 [JavaFX Application Thread] DEBUG Input                - Registered new binding: Toggle Debug Camera - CTRL+7
19:47:39.244 [FXGL Background Thread 4 ] DEBUG FXGLAssetLoaderServi - Loading from file system: jar:file:///C:/Users/enric/.m2/repository/com/github/almasb/fxgl/17.3/fxgl-17.3.jar!/fxglassets/ui/fonts/Courier-Prime.ttf
19:47:39.246 [JavaFX Application Thread] DEBUG LoopRunner           - Starting loop
19:47:39.265 [JavaFX Application Thread] DEBUG LoopRunner           - Initializing JavaFX AnimationTimerLoop
19:47:39.267 [JavaFX Application Thread] DEBUG Input                - Clearing active input actions
19:47:39.279 [JavaFX Application Thread] DEBUG GameApplicationServi - Removing overlay from FXGLStartupScene and adding to FXGLMainMenuDummyScene
19:47:39.284 [JavaFX Application Thread] DEBUG PrimaryStageWindow   - FXGLStartupScene -> FXGLMainMenuDummyScene
19:47:39.284 [JavaFX Application Thread] DEBUG PrimaryStageWindow   - Push state: MainMenu
19:47:39.290 [JavaFX Application Thread] DEBUG AudioPlayer          - Playing music com.almasb.fxgl.audio.Music@45760bfc
19:47:39.292 [JavaFX Application Thread] DEBUG Input                - Clearing active input actions
19:47:39.308 [JavaFX Application Thread] DEBUG GameApplicationServi - Removing overlay from FXGLMainMenuDummyScene and adding to MainMenu
19:47:39.309 [JavaFX Application Thread] DEBUG PrimaryStageWindow   - FXGLMainMenuDummyScene -> MainMenu
19:47:39.318 [JavaFX Application Thread] DEBUG FXGLApplication      - Registering font factories with UI factory
19:47:39.658 [FXGL Background Thread 2 ] INFO  UpdaterService       - Your current version:  17.3
19:47:39.659 [FXGL Background Thread 2 ] INFO  UpdaterService       - Latest stable version: 21.1
19:47:40.537 [JavaFX Application Thread] DEBUG Menu                 - fireNewGame()
19:47:40.537 [JavaFX Application Thread] DEBUG GameApplicationServi - Starting new game
19:47:40.538 [JavaFX Application Thread] DEBUG AudioPlayer          - Stopping music com.almasb.fxgl.audio.Music@45760bfc
19:47:40.541 [JavaFX Application Thread] DEBUG PrimaryStageWindow   - Pop state: MainMenu
19:47:40.541 [JavaFX Application Thread] DEBUG Input                - Clearing active input actions
19:47:40.542 [JavaFX Application Thread] DEBUG GameApplicationServi - Removing overlay from MainMenu and adding to FXGLMainMenuDummyScene
19:47:40.544 [JavaFX Application Thread] DEBUG PrimaryStageWindow   - FXGLMainMenuDummyScene <- MainMenu
19:47:40.545 [JavaFX Application Thread] DEBUG Input                - Clearing active input actions
19:47:40.550 [JavaFX Application Thread] DEBUG GameApplicationServi - Removing overlay from FXGLMainMenuDummyScene and adding to FXGLLoadingScene
19:47:40.551 [JavaFX Application Thread] DEBUG PrimaryStageWindow   - FXGLMainMenuDummyScene -> FXGLLoadingScene
19:47:40.551 [JavaFX Application Thread] DEBUG GameApplicationServi - Clearing previous game
19:47:40.551 [JavaFX Application Thread] DEBUG GameScene            - Clearing game scene
19:47:40.551 [JavaFX Application Thread] DEBUG GameWorld            - Clearing game world
19:47:40.551 [JavaFX Application Thread] DEBUG PhysicsWorld         - Clearing physics world
19:47:40.553 [FXGL Background Thread 2 ] DEBUG FXGLApplication      - Initializing game
19:47:40.637 [FXGL Background Thread 2 ] WARN  TMXLevelLoader       - TiledMap generated from 1.10.2. Supported version: 1.9.0. Some features may not be parsed fully.
19:47:40.701 [FXGL Background Thread 2 ] DEBUG TMXLevelLoader       - Parsed TiledMap: file:/C:/Users/enric/Desktop/robe%20mie/Fermi/triennio/Informatica/Intellij/GiocoClasseQuarta/target/classes/assets/levels/livello.tmx
19:47:40.702 [FXGL Background Thread 2 ] DEBUG TMXLevelLoader       - Creating tile layer entities
19:47:40.703 [FXGL Background Thread 2 ] DEBUG TilesetLoader        - Loading view for layer ground
19:47:40.723 [FXGL Background Thread 2 ] DEBUG TilesetLoader        - Created buffer with size 4000.0x4000.0
19:47:40.733 [FXGL Background Thread 2 ] WARN  TilesetLoader        - Diagonally flipped tiles are not currently supported
19:47:40.733 [FXGL Background Thread 2 ] WARN  TilesetLoader        - Diagonally flipped tiles are not currently supported
19:47:40.735 [FXGL Background Thread 2 ] WARN  TilesetLoader        - Diagonally flipped tiles are not currently supported
19:47:40.735 [FXGL Background Thread 2 ] WARN  TilesetLoader        - Diagonally flipped tiles are not currently supported
19:47:40.737 [FXGL Background Thread 2 ] WARN  TilesetLoader        - Diagonally flipped tiles are not currently supported
19:47:40.737 [FXGL Background Thread 2 ] WARN  TilesetLoader        - Diagonally flipped tiles are not currently supported
19:47:40.738 [FXGL Background Thread 2 ] WARN  TilesetLoader        - Diagonally flipped tiles are not currently supported
19:47:40.738 [FXGL Background Thread 2 ] WARN  TilesetLoader        - Diagonally flipped tiles are not currently supported
19:47:40.739 [FXGL Background Thread 2 ] WARN  TilesetLoader        - Diagonally flipped tiles are not currently supported
19:47:40.740 [FXGL Background Thread 2 ] WARN  TilesetLoader        - Diagonally flipped tiles are not currently supported
19:47:40.741 [FXGL Background Thread 2 ] WARN  TilesetLoader        - Diagonally flipped tiles are not currently supported
19:47:40.741 [FXGL Background Thread 2 ] WARN  TilesetLoader        - Diagonally flipped tiles are not currently supported
19:47:40.743 [FXGL Background Thread 2 ] WARN  TilesetLoader        - Diagonally flipped tiles are not currently supported
19:47:40.743 [FXGL Background Thread 2 ] WARN  TilesetLoader        - Diagonally flipped tiles are not currently supported
19:47:40.744 [FXGL Background Thread 2 ] WARN  TilesetLoader        - Diagonally flipped tiles are not currently supported
19:47:40.744 [FXGL Background Thread 2 ] WARN  TilesetLoader        - Diagonally flipped tiles are not currently supported
19:47:40.745 [FXGL Background Thread 2 ] WARN  TilesetLoader        - Diagonally flipped tiles are not currently supported
19:47:40.745 [FXGL Background Thread 2 ] WARN  TilesetLoader        - Diagonally flipped tiles are not currently supported
19:47:40.746 [FXGL Background Thread 2 ] WARN  TilesetLoader        - Diagonally flipped tiles are not currently supported
19:47:40.747 [FXGL Background Thread 2 ] WARN  TilesetLoader        - Diagonally flipped tiles are not currently supported
19:47:40.747 [FXGL Background Thread 2 ] WARN  TilesetLoader        - Diagonally flipped tiles are not currently supported
19:47:40.748 [FXGL Background Thread 2 ] WARN  TilesetLoader        - Diagonally flipped tiles are not currently supported
19:47:40.748 [FXGL Background Thread 2 ] WARN  TilesetLoader        - Diagonally flipped tiles are not currently supported
19:47:40.748 [FXGL Background Thread 2 ] WARN  TilesetLoader        - Diagonally flipped tiles are not currently supported
19:47:40.749 [FXGL Background Thread 2 ] WARN  TilesetLoader        - Diagonally flipped tiles are not currently supported
19:47:40.749 [FXGL Background Thread 2 ] WARN  TilesetLoader        - Diagonally flipped tiles are not currently supported
19:47:40.750 [FXGL Background Thread 2 ] WARN  TilesetLoader        - Diagonally flipped tiles are not currently supported
19:47:40.750 [FXGL Background Thread 2 ] WARN  TilesetLoader        - Diagonally flipped tiles are not currently supported
19:47:40.752 [FXGL Background Thread 2 ] WARN  TilesetLoader        - Diagonally flipped tiles are not currently supported
19:47:40.752 [FXGL Background Thread 2 ] WARN  TilesetLoader        - Diagonally flipped tiles are not currently supported
19:47:40.753 [FXGL Background Thread 2 ] WARN  TilesetLoader        - Diagonally flipped tiles are not currently supported
19:47:40.754 [FXGL Background Thread 2 ] WARN  TilesetLoader        - Diagonally flipped tiles are not currently supported
19:47:40.754 [FXGL Background Thread 2 ] WARN  TilesetLoader        - Diagonally flipped tiles are not currently supported
19:47:40.754 [FXGL Background Thread 2 ] WARN  TilesetLoader        - Diagonally flipped tiles are not currently supported
19:47:40.755 [FXGL Background Thread 2 ] WARN  TilesetLoader        - Diagonally flipped tiles are not currently supported
19:47:40.755 [FXGL Background Thread 2 ] WARN  TilesetLoader        - Diagonally flipped tiles are not currently supported
19:47:40.756 [FXGL Background Thread 2 ] WARN  TilesetLoader        - Diagonally flipped tiles are not currently supported
19:47:40.756 [FXGL Background Thread 2 ] WARN  TilesetLoader        - Diagonally flipped tiles are not currently supported
19:47:40.757 [FXGL Background Thread 2 ] WARN  TilesetLoader        - Diagonally flipped tiles are not currently supported
19:47:40.757 [FXGL Background Thread 2 ] WARN  TilesetLoader        - Diagonally flipped tiles are not currently supported
19:47:40.757 [FXGL Background Thread 2 ] WARN  TilesetLoader        - Diagonally flipped tiles are not currently supported
19:47:40.758 [FXGL Background Thread 2 ] WARN  TilesetLoader        - Diagonally flipped tiles are not currently supported
19:47:40.758 [FXGL Background Thread 2 ] WARN  TilesetLoader        - Diagonally flipped tiles are not currently supported
19:47:40.758 [FXGL Background Thread 2 ] WARN  TilesetLoader        - Diagonally flipped tiles are not currently supported
19:47:40.759 [FXGL Background Thread 2 ] WARN  TilesetLoader        - Diagonally flipped tiles are not currently supported
19:47:40.759 [FXGL Background Thread 2 ] WARN  TilesetLoader        - Diagonally flipped tiles are not currently supported
19:47:40.760 [FXGL Background Thread 2 ] WARN  TilesetLoader        - Diagonally flipped tiles are not currently supported
19:47:40.760 [FXGL Background Thread 2 ] WARN  TilesetLoader        - Diagonally flipped tiles are not currently supported
19:47:40.760 [FXGL Background Thread 2 ] WARN  TilesetLoader        - Diagonally flipped tiles are not currently supported
19:47:40.760 [FXGL Background Thread 2 ] WARN  TilesetLoader        - Diagonally flipped tiles are not currently supported
19:47:40.761 [FXGL Background Thread 2 ] WARN  TilesetLoader        - Diagonally flipped tiles are not currently supported
19:47:40.761 [FXGL Background Thread 2 ] WARN  TilesetLoader        - Diagonally flipped tiles are not currently supported
19:47:40.762 [FXGL Background Thread 2 ] WARN  TilesetLoader        - Diagonally flipped tiles are not currently supported
19:47:40.762 [FXGL Background Thread 2 ] WARN  TilesetLoader        - Diagonally flipped tiles are not currently supported
19:47:40.762 [FXGL Background Thread 2 ] WARN  TilesetLoader        - Diagonally flipped tiles are not currently supported
19:47:40.763 [FXGL Background Thread 2 ] WARN  TilesetLoader        - Diagonally flipped tiles are not currently supported
19:47:40.763 [FXGL Background Thread 2 ] WARN  TilesetLoader        - Diagonally flipped tiles are not currently supported
19:47:40.763 [FXGL Background Thread 2 ] WARN  TilesetLoader        - Diagonally flipped tiles are not currently supported
19:47:40.764 [FXGL Background Thread 2 ] WARN  TilesetLoader        - Diagonally flipped tiles are not currently supported
19:47:40.764 [FXGL Background Thread 2 ] WARN  TilesetLoader        - Diagonally flipped tiles are not currently supported
19:47:40.765 [FXGL Background Thread 2 ] WARN  TilesetLoader        - Diagonally flipped tiles are not currently supported
19:47:40.765 [FXGL Background Thread 2 ] WARN  TilesetLoader        - Diagonally flipped tiles are not currently supported
19:47:40.765 [FXGL Background Thread 2 ] WARN  TilesetLoader        - Diagonally flipped tiles are not currently supported
19:47:40.765 [FXGL Background Thread 2 ] WARN  TilesetLoader        - Diagonally flipped tiles are not currently supported
19:47:40.766 [FXGL Background Thread 2 ] WARN  TilesetLoader        - Diagonally flipped tiles are not currently supported
19:47:40.766 [FXGL Background Thread 2 ] WARN  TilesetLoader        - Diagonally flipped tiles are not currently supported
19:47:40.767 [FXGL Background Thread 2 ] WARN  TilesetLoader        - Diagonally flipped tiles are not currently supported
19:47:40.767 [FXGL Background Thread 2 ] WARN  TilesetLoader        - Diagonally flipped tiles are not currently supported
19:47:40.768 [FXGL Background Thread 2 ] WARN  TilesetLoader        - Diagonally flipped tiles are not currently supported
19:47:40.768 [FXGL Background Thread 2 ] WARN  TilesetLoader        - Diagonally flipped tiles are not currently supported
19:47:40.768 [FXGL Background Thread 2 ] WARN  TilesetLoader        - Diagonally flipped tiles are not currently supported
19:47:40.768 [FXGL Background Thread 2 ] WARN  TilesetLoader        - Diagonally flipped tiles are not currently supported
19:47:40.770 [FXGL Background Thread 2 ] WARN  TilesetLoader        - Diagonally flipped tiles are not currently supported
19:47:40.770 [FXGL Background Thread 2 ] WARN  TilesetLoader        - Diagonally flipped tiles are not currently supported
19:47:40.771 [FXGL Background Thread 2 ] WARN  TilesetLoader        - Diagonally flipped tiles are not currently supported
19:47:40.771 [FXGL Background Thread 2 ] WARN  TilesetLoader        - Diagonally flipped tiles are not currently supported
19:47:40.771 [FXGL Background Thread 2 ] WARN  TilesetLoader        - Diagonally flipped tiles are not currently supported
19:47:40.772 [FXGL Background Thread 2 ] WARN  TilesetLoader        - Diagonally flipped tiles are not currently supported
19:47:40.772 [FXGL Background Thread 2 ] WARN  TilesetLoader        - Diagonally flipped tiles are not currently supported
19:47:40.772 [FXGL Background Thread 2 ] WARN  TilesetLoader        - Diagonally flipped tiles are not currently supported
19:47:40.773 [FXGL Background Thread 2 ] WARN  TilesetLoader        - Diagonally flipped tiles are not currently supported
19:47:40.773 [FXGL Background Thread 2 ] WARN  TilesetLoader        - Diagonally flipped tiles are not currently supported
19:47:40.774 [FXGL Background Thread 2 ] WARN  TilesetLoader        - Diagonally flipped tiles are not currently supported
19:47:40.774 [FXGL Background Thread 2 ] WARN  TilesetLoader        - Diagonally flipped tiles are not currently supported
19:47:40.774 [FXGL Background Thread 2 ] WARN  TilesetLoader        - Diagonally flipped tiles are not currently supported
19:47:40.775 [FXGL Background Thread 2 ] WARN  TilesetLoader        - Diagonally flipped tiles are not currently supported
19:47:40.775 [FXGL Background Thread 2 ] WARN  TilesetLoader        - Diagonally flipped tiles are not currently supported
19:47:40.775 [FXGL Background Thread 2 ] WARN  TilesetLoader        - Diagonally flipped tiles are not currently supported
19:47:40.776 [FXGL Background Thread 2 ] WARN  TilesetLoader        - Diagonally flipped tiles are not currently supported
19:47:40.776 [FXGL Background Thread 2 ] WARN  TilesetLoader        - Diagonally flipped tiles are not currently supported
19:47:40.776 [FXGL Background Thread 2 ] WARN  TilesetLoader        - Diagonally flipped tiles are not currently supported
19:47:40.777 [FXGL Background Thread 2 ] WARN  TilesetLoader        - Diagonally flipped tiles are not currently supported
19:47:40.777 [FXGL Background Thread 2 ] WARN  TilesetLoader        - Diagonally flipped tiles are not currently supported
19:47:40.777 [FXGL Background Thread 2 ] WARN  TilesetLoader        - Diagonally flipped tiles are not currently supported
19:47:40.778 [FXGL Background Thread 2 ] WARN  TilesetLoader        - Diagonally flipped tiles are not currently supported
19:47:40.778 [FXGL Background Thread 2 ] WARN  TilesetLoader        - Diagonally flipped tiles are not currently supported
19:47:40.778 [FXGL Background Thread 2 ] WARN  TilesetLoader        - Diagonally flipped tiles are not currently supported
19:47:40.779 [FXGL Background Thread 2 ] WARN  TilesetLoader        - Diagonally flipped tiles are not currently supported
19:47:40.779 [FXGL Background Thread 2 ] WARN  TilesetLoader        - Diagonally flipped tiles are not currently supported
19:47:40.779 [FXGL Background Thread 2 ] WARN  TilesetLoader        - Diagonally flipped tiles are not currently supported
19:47:40.780 [FXGL Background Thread 2 ] WARN  TilesetLoader        - Diagonally flipped tiles are not currently supported
19:47:40.780 [FXGL Background Thread 2 ] WARN  TilesetLoader        - Diagonally flipped tiles are not currently supported
19:47:40.780 [FXGL Background Thread 2 ] WARN  TilesetLoader        - Diagonally flipped tiles are not currently supported
19:47:40.780 [FXGL Background Thread 2 ] WARN  TilesetLoader        - Diagonally flipped tiles are not currently supported
19:47:40.781 [FXGL Background Thread 2 ] WARN  TilesetLoader        - Diagonally flipped tiles are not currently supported
19:47:40.781 [FXGL Background Thread 2 ] WARN  TilesetLoader        - Diagonally flipped tiles are not currently supported
19:47:40.782 [FXGL Background Thread 2 ] WARN  TilesetLoader        - Diagonally flipped tiles are not currently supported
19:47:40.782 [FXGL Background Thread 2 ] WARN  TilesetLoader        - Diagonally flipped tiles are not currently supported
19:47:40.782 [FXGL Background Thread 2 ] WARN  TilesetLoader        - Diagonally flipped tiles are not currently supported
19:47:40.782 [FXGL Background Thread 2 ] WARN  TilesetLoader        - Diagonally flipped tiles are not currently supported
19:47:40.783 [FXGL Background Thread 2 ] WARN  TilesetLoader        - Diagonally flipped tiles are not currently supported
19:47:40.783 [FXGL Background Thread 2 ] WARN  TilesetLoader        - Diagonally flipped tiles are not currently supported
19:47:40.784 [FXGL Background Thread 2 ] WARN  TilesetLoader        - Diagonally flipped tiles are not currently supported
19:47:40.784 [FXGL Background Thread 2 ] WARN  TilesetLoader        - Diagonally flipped tiles are not currently supported
19:47:40.785 [FXGL Background Thread 2 ] WARN  TilesetLoader        - Diagonally flipped tiles are not currently supported
19:47:40.785 [FXGL Background Thread 2 ] WARN  TilesetLoader        - Diagonally flipped tiles are not currently supported
19:47:40.785 [FXGL Background Thread 2 ] WARN  TilesetLoader        - Diagonally flipped tiles are not currently supported
19:47:40.786 [FXGL Background Thread 2 ] WARN  TilesetLoader        - Diagonally flipped tiles are not currently supported
19:47:40.786 [FXGL Background Thread 2 ] WARN  TilesetLoader        - Diagonally flipped tiles are not currently supported
19:47:40.787 [FXGL Background Thread 2 ] WARN  TilesetLoader        - Diagonally flipped tiles are not currently supported
19:47:40.787 [FXGL Background Thread 2 ] WARN  TilesetLoader        - Diagonally flipped tiles are not currently supported
19:47:40.788 [FXGL Background Thread 2 ] WARN  TilesetLoader        - Diagonally flipped tiles are not currently supported
19:47:40.788 [FXGL Background Thread 2 ] WARN  TilesetLoader        - Diagonally flipped tiles are not currently supported
19:47:40.788 [FXGL Background Thread 2 ] WARN  TilesetLoader        - Diagonally flipped tiles are not currently supported
19:47:40.789 [FXGL Background Thread 2 ] WARN  TilesetLoader        - Diagonally flipped tiles are not currently supported
19:47:40.789 [FXGL Background Thread 2 ] WARN  TilesetLoader        - Diagonally flipped tiles are not currently supported
19:47:40.790 [FXGL Background Thread 2 ] WARN  TilesetLoader        - Diagonally flipped tiles are not currently supported
19:47:40.790 [FXGL Background Thread 2 ] WARN  TilesetLoader        - Diagonally flipped tiles are not currently supported
19:47:40.790 [FXGL Background Thread 2 ] WARN  TilesetLoader        - Diagonally flipped tiles are not currently supported
19:47:40.790 [FXGL Background Thread 2 ] WARN  TilesetLoader        - Diagonally flipped tiles are not currently supported
19:47:40.792 [FXGL Background Thread 2 ] WARN  TilesetLoader        - Diagonally flipped tiles are not currently supported
19:47:40.792 [FXGL Background Thread 2 ] WARN  TilesetLoader        - Diagonally flipped tiles are not currently supported
19:47:40.792 [FXGL Background Thread 2 ] WARN  TilesetLoader        - Diagonally flipped tiles are not currently supported
19:47:40.793 [FXGL Background Thread 2 ] WARN  TilesetLoader        - Diagonally flipped tiles are not currently supported
19:47:40.798 [FXGL Background Thread 2 ] WARN  TilesetLoader        - Diagonally flipped tiles are not currently supported
19:47:40.798 [FXGL Background Thread 2 ] WARN  TilesetLoader        - Diagonally flipped tiles are not currently supported
19:47:40.798 [FXGL Background Thread 2 ] WARN  TilesetLoader        - Diagonally flipped tiles are not currently supported
19:47:40.799 [FXGL Background Thread 2 ] WARN  TilesetLoader        - Diagonally flipped tiles are not currently supported
19:47:40.799 [FXGL Background Thread 2 ] WARN  TilesetLoader        - Diagonally flipped tiles are not currently supported
19:47:40.799 [FXGL Background Thread 2 ] WARN  TilesetLoader        - Diagonally flipped tiles are not currently supported
19:47:40.800 [FXGL Background Thread 2 ] WARN  TilesetLoader        - Diagonally flipped tiles are not currently supported
19:47:40.800 [FXGL Background Thread 2 ] WARN  TilesetLoader        - Diagonally flipped tiles are not currently supported
19:47:40.800 [FXGL Background Thread 2 ] WARN  TilesetLoader        - Diagonally flipped tiles are not currently supported
19:47:40.800 [FXGL Background Thread 2 ] WARN  TilesetLoader        - Diagonally flipped tiles are not currently supported
19:47:40.802 [FXGL Background Thread 2 ] WARN  TilesetLoader        - Diagonally flipped tiles are not currently supported
19:47:40.802 [FXGL Background Thread 2 ] WARN  TilesetLoader        - Diagonally flipped tiles are not currently supported
19:47:40.802 [FXGL Background Thread 2 ] WARN  TilesetLoader        - Diagonally flipped tiles are not currently supported
19:47:40.802 [FXGL Background Thread 2 ] WARN  TilesetLoader        - Diagonally flipped tiles are not currently supported
19:47:40.803 [FXGL Background Thread 2 ] WARN  TilesetLoader        - Diagonally flipped tiles are not currently supported
19:47:40.803 [FXGL Background Thread 2 ] WARN  TilesetLoader        - Diagonally flipped tiles are not currently supported
19:47:40.804 [FXGL Background Thread 2 ] WARN  TilesetLoader        - Diagonally flipped tiles are not currently supported
19:47:40.804 [FXGL Background Thread 2 ] WARN  TilesetLoader        - Diagonally flipped tiles are not currently supported
19:47:40.805 [FXGL Background Thread 2 ] WARN  TilesetLoader        - Diagonally flipped tiles are not currently supported
19:47:40.805 [FXGL Background Thread 2 ] WARN  TilesetLoader        - Diagonally flipped tiles are not currently supported
19:47:40.805 [FXGL Background Thread 2 ] WARN  TilesetLoader        - Diagonally flipped tiles are not currently supported
19:47:40.805 [FXGL Background Thread 2 ] WARN  TilesetLoader        - Diagonally flipped tiles are not currently supported
19:47:40.806 [FXGL Background Thread 2 ] WARN  TilesetLoader        - Diagonally flipped tiles are not currently supported
19:47:40.806 [FXGL Background Thread 2 ] WARN  TilesetLoader        - Diagonally flipped tiles are not currently supported
19:47:40.806 [FXGL Background Thread 2 ] WARN  TilesetLoader        - Diagonally flipped tiles are not currently supported
19:47:40.807 [FXGL Background Thread 2 ] WARN  TilesetLoader        - Diagonally flipped tiles are not currently supported
19:47:40.807 [FXGL Background Thread 2 ] WARN  TilesetLoader        - Diagonally flipped tiles are not currently supported
19:47:40.808 [FXGL Background Thread 2 ] WARN  TilesetLoader        - Diagonally flipped tiles are not currently supported
19:47:40.808 [FXGL Background Thread 2 ] WARN  TilesetLoader        - Diagonally flipped tiles are not currently supported
19:47:40.809 [FXGL Background Thread 2 ] WARN  TilesetLoader        - Diagonally flipped tiles are not currently supported
19:47:40.809 [FXGL Background Thread 2 ] WARN  TilesetLoader        - Diagonally flipped tiles are not currently supported
19:47:40.809 [FXGL Background Thread 2 ] WARN  TilesetLoader        - Diagonally flipped tiles are not currently supported
19:47:40.810 [FXGL Background Thread 2 ] WARN  TilesetLoader        - Diagonally flipped tiles are not currently supported
19:47:40.810 [FXGL Background Thread 2 ] WARN  TilesetLoader        - Diagonally flipped tiles are not currently supported
19:47:40.810 [FXGL Background Thread 2 ] WARN  TilesetLoader        - Diagonally flipped tiles are not currently supported
19:47:40.810 [FXGL Background Thread 2 ] WARN  TilesetLoader        - Diagonally flipped tiles are not currently supported
19:47:40.811 [FXGL Background Thread 2 ] WARN  TilesetLoader        - Diagonally flipped tiles are not currently supported
19:47:40.811 [FXGL Background Thread 2 ] WARN  TilesetLoader        - Diagonally flipped tiles are not currently supported
19:47:40.811 [FXGL Background Thread 2 ] WARN  TilesetLoader        - Diagonally flipped tiles are not currently supported
19:47:40.811 [FXGL Background Thread 2 ] WARN  TilesetLoader        - Diagonally flipped tiles are not currently supported
19:47:40.812 [FXGL Background Thread 2 ] WARN  TilesetLoader        - Diagonally flipped tiles are not currently supported
19:47:40.812 [FXGL Background Thread 2 ] WARN  TilesetLoader        - Diagonally flipped tiles are not currently supported
19:47:40.812 [FXGL Background Thread 2 ] WARN  TilesetLoader        - Diagonally flipped tiles are not currently supported
19:47:40.813 [FXGL Background Thread 2 ] WARN  TilesetLoader        - Diagonally flipped tiles are not currently supported
19:47:40.813 [FXGL Background Thread 2 ] WARN  TilesetLoader        - Diagonally flipped tiles are not currently supported
19:47:40.813 [FXGL Background Thread 2 ] WARN  TilesetLoader        - Diagonally flipped tiles are not currently supported
19:47:40.814 [FXGL Background Thread 2 ] WARN  TilesetLoader        - Diagonally flipped tiles are not currently supported
19:47:40.814 [FXGL Background Thread 2 ] WARN  TilesetLoader        - Diagonally flipped tiles are not currently supported
19:47:40.814 [FXGL Background Thread 2 ] WARN  TilesetLoader        - Diagonally flipped tiles are not currently supported
19:47:40.814 [FXGL Background Thread 2 ] WARN  TilesetLoader        - Diagonally flipped tiles are not currently supported
19:47:40.815 [FXGL Background Thread 2 ] WARN  TilesetLoader        - Diagonally flipped tiles are not currently supported
19:47:40.815 [FXGL Background Thread 2 ] WARN  TilesetLoader        - Diagonally flipped tiles are not currently supported
19:47:40.815 [FXGL Background Thread 2 ] WARN  TilesetLoader        - Diagonally flipped tiles are not currently supported
19:47:40.816 [FXGL Background Thread 2 ] WARN  TilesetLoader        - Diagonally flipped tiles are not currently supported
19:47:40.816 [FXGL Background Thread 2 ] WARN  TilesetLoader        - Diagonally flipped tiles are not currently supported
19:47:40.816 [FXGL Background Thread 2 ] WARN  TilesetLoader        - Diagonally flipped tiles are not currently supported
19:47:40.817 [FXGL Background Thread 2 ] WARN  TilesetLoader        - Diagonally flipped tiles are not currently supported
19:47:40.817 [FXGL Background Thread 2 ] WARN  TilesetLoader        - Diagonally flipped tiles are not currently supported
19:47:40.818 [FXGL Background Thread 2 ] WARN  TilesetLoader        - Diagonally flipped tiles are not currently supported
19:47:40.818 [FXGL Background Thread 2 ] WARN  TilesetLoader        - Diagonally flipped tiles are not currently supported
19:47:40.818 [FXGL Background Thread 2 ] WARN  TilesetLoader        - Diagonally flipped tiles are not currently supported
19:47:40.818 [FXGL Background Thread 2 ] WARN  TilesetLoader        - Diagonally flipped tiles are not currently supported
19:47:40.819 [FXGL Background Thread 2 ] WARN  TilesetLoader        - Diagonally flipped tiles are not currently supported
19:47:40.819 [FXGL Background Thread 2 ] WARN  TilesetLoader        - Diagonally flipped tiles are not currently supported
19:47:40.820 [FXGL Background Thread 2 ] WARN  TilesetLoader        - Diagonally flipped tiles are not currently supported
19:47:40.820 [FXGL Background Thread 2 ] WARN  TilesetLoader        - Diagonally flipped tiles are not currently supported
19:47:40.820 [FXGL Background Thread 2 ] WARN  TilesetLoader        - Diagonally flipped tiles are not currently supported
19:47:40.821 [FXGL Background Thread 2 ] WARN  TilesetLoader        - Diagonally flipped tiles are not currently supported
19:47:40.821 [FXGL Background Thread 2 ] WARN  TilesetLoader        - Diagonally flipped tiles are not currently supported
19:47:40.821 [FXGL Background Thread 2 ] WARN  TilesetLoader        - Diagonally flipped tiles are not currently supported
19:47:40.822 [FXGL Background Thread 2 ] WARN  TilesetLoader        - Diagonally flipped tiles are not currently supported
19:47:40.822 [FXGL Background Thread 2 ] WARN  TilesetLoader        - Diagonally flipped tiles are not currently supported
19:47:40.822 [FXGL Background Thread 2 ] WARN  TilesetLoader        - Diagonally flipped tiles are not currently supported
19:47:40.822 [FXGL Background Thread 2 ] WARN  TilesetLoader        - Diagonally flipped tiles are not currently supported
19:47:40.823 [FXGL Background Thread 2 ] WARN  TilesetLoader        - Diagonally flipped tiles are not currently supported
19:47:40.823 [FXGL Background Thread 2 ] WARN  TilesetLoader        - Diagonally flipped tiles are not currently supported
19:47:40.823 [FXGL Background Thread 2 ] WARN  TilesetLoader        - Diagonally flipped tiles are not currently supported
19:47:40.823 [FXGL Background Thread 2 ] WARN  TilesetLoader        - Diagonally flipped tiles are not currently supported
19:47:40.824 [FXGL Background Thread 2 ] WARN  TilesetLoader        - Diagonally flipped tiles are not currently supported
19:47:40.824 [FXGL Background Thread 2 ] WARN  TilesetLoader        - Diagonally flipped tiles are not currently supported
19:47:40.825 [FXGL Background Thread 2 ] WARN  TilesetLoader        - Diagonally flipped tiles are not currently supported
19:47:40.825 [FXGL Background Thread 2 ] WARN  TilesetLoader        - Diagonally flipped tiles are not currently supported
19:47:40.825 [FXGL Background Thread 2 ] WARN  TilesetLoader        - Diagonally flipped tiles are not currently supported
19:47:40.825 [FXGL Background Thread 2 ] WARN  TilesetLoader        - Diagonally flipped tiles are not currently supported
19:47:40.826 [FXGL Background Thread 2 ] WARN  TilesetLoader        - Diagonally flipped tiles are not currently supported
19:47:40.826 [FXGL Background Thread 2 ] WARN  TilesetLoader        - Diagonally flipped tiles are not currently supported
19:47:40.826 [FXGL Background Thread 2 ] WARN  TilesetLoader        - Diagonally flipped tiles are not currently supported
19:47:40.826 [FXGL Background Thread 2 ] WARN  TilesetLoader        - Diagonally flipped tiles are not currently supported
19:47:40.827 [FXGL Background Thread 2 ] WARN  TilesetLoader        - Diagonally flipped tiles are not currently supported
19:47:40.827 [FXGL Background Thread 2 ] WARN  TilesetLoader        - Diagonally flipped tiles are not currently supported
19:47:40.827 [FXGL Background Thread 2 ] WARN  TilesetLoader        - Diagonally flipped tiles are not currently supported
19:47:40.827 [FXGL Background Thread 2 ] WARN  TilesetLoader        - Diagonally flipped tiles are not currently supported
19:47:40.828 [FXGL Background Thread 2 ] WARN  TilesetLoader        - Diagonally flipped tiles are not currently supported
19:47:40.828 [FXGL Background Thread 2 ] WARN  TilesetLoader        - Diagonally flipped tiles are not currently supported
19:47:40.828 [FXGL Background Thread 2 ] WARN  TilesetLoader        - Diagonally flipped tiles are not currently supported
19:47:40.829 [FXGL Background Thread 2 ] WARN  TilesetLoader        - Diagonally flipped tiles are not currently supported
19:47:40.829 [FXGL Background Thread 2 ] WARN  TilesetLoader        - Diagonally flipped tiles are not currently supported
19:47:40.829 [FXGL Background Thread 2 ] WARN  TilesetLoader        - Diagonally flipped tiles are not currently supported
19:47:40.830 [FXGL Background Thread 2 ] WARN  TilesetLoader        - Diagonally flipped tiles are not currently supported
19:47:40.830 [FXGL Background Thread 2 ] WARN  TilesetLoader        - Diagonally flipped tiles are not currently supported
19:47:40.830 [FXGL Background Thread 2 ] WARN  TilesetLoader        - Diagonally flipped tiles are not currently supported
19:47:40.830 [FXGL Background Thread 2 ] WARN  TilesetLoader        - Diagonally flipped tiles are not currently supported
19:47:40.830 [FXGL Background Thread 2 ] WARN  TilesetLoader        - Diagonally flipped tiles are not currently supported
19:47:40.830 [FXGL Background Thread 2 ] WARN  TilesetLoader        - Diagonally flipped tiles are not currently supported
19:47:40.832 [FXGL Background Thread 2 ] WARN  TilesetLoader        - Diagonally flipped tiles are not currently supported
19:47:40.832 [FXGL Background Thread 2 ] WARN  TilesetLoader        - Diagonally flipped tiles are not currently supported
19:47:40.833 [FXGL Background Thread 2 ] WARN  TilesetLoader        - Diagonally flipped tiles are not currently supported
19:47:40.833 [FXGL Background Thread 2 ] WARN  TilesetLoader        - Diagonally flipped tiles are not currently supported
19:47:40.833 [FXGL Background Thread 2 ] WARN  TilesetLoader        - Diagonally flipped tiles are not currently supported
19:47:40.834 [FXGL Background Thread 2 ] WARN  TilesetLoader        - Diagonally flipped tiles are not currently supported
19:47:40.835 [FXGL Background Thread 2 ] WARN  TilesetLoader        - Diagonally flipped tiles are not currently supported
19:47:40.835 [FXGL Background Thread 2 ] WARN  TilesetLoader        - Diagonally flipped tiles are not currently supported
19:47:40.836 [FXGL Background Thread 2 ] WARN  TilesetLoader        - Diagonally flipped tiles are not currently supported
19:47:40.836 [FXGL Background Thread 2 ] WARN  TilesetLoader        - Diagonally flipped tiles are not currently supported
19:47:40.837 [FXGL Background Thread 2 ] WARN  TilesetLoader        - Diagonally flipped tiles are not currently supported
19:47:40.837 [FXGL Background Thread 2 ] WARN  TilesetLoader        - Diagonally flipped tiles are not currently supported
19:47:40.838 [FXGL Background Thread 2 ] WARN  TilesetLoader        - Diagonally flipped tiles are not currently supported
19:47:40.838 [FXGL Background Thread 2 ] WARN  TilesetLoader        - Diagonally flipped tiles are not currently supported
19:47:40.838 [FXGL Background Thread 2 ] WARN  TilesetLoader        - Diagonally flipped tiles are not currently supported
19:47:40.838 [FXGL Background Thread 2 ] WARN  TilesetLoader        - Diagonally flipped tiles are not currently supported
19:47:40.838 [FXGL Background Thread 2 ] WARN  TilesetLoader        - Diagonally flipped tiles are not currently supported
19:47:40.838 [FXGL Background Thread 2 ] WARN  TilesetLoader        - Diagonally flipped tiles are not currently supported
19:47:40.839 [FXGL Background Thread 2 ] WARN  TilesetLoader        - Diagonally flipped tiles are not currently supported
19:47:40.839 [FXGL Background Thread 2 ] WARN  TilesetLoader        - Diagonally flipped tiles are not currently supported
19:47:40.840 [FXGL Background Thread 2 ] WARN  TilesetLoader        - Diagonally flipped tiles are not currently supported
19:47:40.840 [FXGL Background Thread 2 ] WARN  TilesetLoader        - Diagonally flipped tiles are not currently supported
19:47:40.841 [FXGL Background Thread 2 ] WARN  TilesetLoader        - Diagonally flipped tiles are not currently supported
19:47:40.841 [FXGL Background Thread 2 ] WARN  TilesetLoader        - Diagonally flipped tiles are not currently supported
19:47:40.842 [FXGL Background Thread 2 ] WARN  TilesetLoader        - Diagonally flipped tiles are not currently supported
19:47:40.842 [FXGL Background Thread 2 ] WARN  TilesetLoader        - Diagonally flipped tiles are not currently supported
19:47:40.842 [FXGL Background Thread 2 ] WARN  TilesetLoader        - Diagonally flipped tiles are not currently supported
19:47:40.842 [FXGL Background Thread 2 ] WARN  TilesetLoader        - Diagonally flipped tiles are not currently supported
19:47:40.843 [FXGL Background Thread 2 ] WARN  TilesetLoader        - Diagonally flipped tiles are not currently supported
19:47:40.843 [FXGL Background Thread 2 ] WARN  TilesetLoader        - Diagonally flipped tiles are not currently supported
19:47:40.843 [FXGL Background Thread 2 ] WARN  TilesetLoader        - Diagonally flipped tiles are not currently supported
19:47:40.843 [FXGL Background Thread 2 ] WARN  TilesetLoader        - Diagonally flipped tiles are not currently supported
19:47:40.844 [FXGL Background Thread 2 ] WARN  TilesetLoader        - Diagonally flipped tiles are not currently supported
19:47:40.844 [FXGL Background Thread 2 ] WARN  TilesetLoader        - Diagonally flipped tiles are not currently supported
19:47:40.845 [FXGL Background Thread 2 ] WARN  TilesetLoader        - Diagonally flipped tiles are not currently supported
19:47:40.845 [FXGL Background Thread 2 ] WARN  TilesetLoader        - Diagonally flipped tiles are not currently supported
19:47:40.845 [FXGL Background Thread 2 ] WARN  TilesetLoader        - Diagonally flipped tiles are not currently supported
19:47:40.845 [FXGL Background Thread 2 ] WARN  TilesetLoader        - Diagonally flipped tiles are not currently supported
19:47:40.846 [FXGL Background Thread 2 ] WARN  TilesetLoader        - Diagonally flipped tiles are not currently supported
19:47:40.846 [FXGL Background Thread 2 ] WARN  TilesetLoader        - Diagonally flipped tiles are not currently supported
19:47:40.846 [FXGL Background Thread 2 ] WARN  TilesetLoader        - Diagonally flipped tiles are not currently supported
19:47:40.846 [FXGL Background Thread 2 ] WARN  TilesetLoader        - Diagonally flipped tiles are not currently supported
19:47:40.847 [FXGL Background Thread 2 ] WARN  TilesetLoader        - Diagonally flipped tiles are not currently supported
19:47:40.847 [FXGL Background Thread 2 ] WARN  TilesetLoader        - Diagonally flipped tiles are not currently supported
19:47:40.847 [FXGL Background Thread 2 ] WARN  TilesetLoader        - Diagonally flipped tiles are not currently supported
19:47:40.847 [FXGL Background Thread 2 ] WARN  TilesetLoader        - Diagonally flipped tiles are not currently supported
19:47:40.848 [FXGL Background Thread 2 ] WARN  TilesetLoader        - Diagonally flipped tiles are not currently supported
19:47:40.848 [FXGL Background Thread 2 ] WARN  TilesetLoader        - Diagonally flipped tiles are not currently supported
19:47:40.849 [FXGL Background Thread 2 ] WARN  TilesetLoader        - Diagonally flipped tiles are not currently supported
19:47:40.849 [FXGL Background Thread 2 ] WARN  TilesetLoader        - Diagonally flipped tiles are not currently supported
19:47:40.850 [FXGL Background Thread 2 ] WARN  TilesetLoader        - Diagonally flipped tiles are not currently supported
19:47:40.850 [FXGL Background Thread 2 ] WARN  TilesetLoader        - Diagonally flipped tiles are not currently supported
19:47:40.851 [FXGL Background Thread 2 ] WARN  TilesetLoader        - Diagonally flipped tiles are not currently supported
19:47:40.851 [FXGL Background Thread 2 ] WARN  TilesetLoader        - Diagonally flipped tiles are not currently supported
19:47:40.851 [FXGL Background Thread 2 ] WARN  TilesetLoader        - Diagonally flipped tiles are not currently supported
19:47:40.852 [FXGL Background Thread 2 ] WARN  TilesetLoader        - Diagonally flipped tiles are not currently supported
19:47:40.852 [FXGL Background Thread 2 ] WARN  TilesetLoader        - Diagonally flipped tiles are not currently supported
19:47:40.852 [FXGL Background Thread 2 ] WARN  TilesetLoader        - Diagonally flipped tiles are not currently supported
19:47:40.853 [FXGL Background Thread 2 ] WARN  TilesetLoader        - Diagonally flipped tiles are not currently supported
19:47:40.853 [FXGL Background Thread 2 ] WARN  TilesetLoader        - Diagonally flipped tiles are not currently supported
19:47:40.853 [FXGL Background Thread 2 ] WARN  TilesetLoader        - Diagonally flipped tiles are not currently supported
19:47:40.853 [FXGL Background Thread 2 ] WARN  TilesetLoader        - Diagonally flipped tiles are not currently supported
19:47:40.854 [FXGL Background Thread 2 ] WARN  TilesetLoader        - Diagonally flipped tiles are not currently supported
19:47:40.854 [FXGL Background Thread 2 ] WARN  TilesetLoader        - Diagonally flipped tiles are not currently supported
19:47:40.854 [FXGL Background Thread 2 ] WARN  TilesetLoader        - Diagonally flipped tiles are not currently supported
19:47:40.854 [FXGL Background Thread 2 ] WARN  TilesetLoader        - Diagonally flipped tiles are not currently supported
19:47:40.855 [FXGL Background Thread 2 ] WARN  TilesetLoader        - Diagonally flipped tiles are not currently supported
19:47:40.855 [FXGL Background Thread 2 ] WARN  TilesetLoader        - Diagonally flipped tiles are not currently supported
19:47:40.855 [FXGL Background Thread 2 ] WARN  TilesetLoader        - Diagonally flipped tiles are not currently supported
19:47:40.855 [FXGL Background Thread 2 ] WARN  TilesetLoader        - Diagonally flipped tiles are not currently supported
19:47:40.856 [FXGL Background Thread 2 ] WARN  TilesetLoader        - Diagonally flipped tiles are not currently supported
19:47:40.856 [FXGL Background Thread 2 ] WARN  TilesetLoader        - Diagonally flipped tiles are not currently supported
19:47:40.856 [FXGL Background Thread 2 ] WARN  TilesetLoader        - Diagonally flipped tiles are not currently supported
19:47:40.856 [FXGL Background Thread 2 ] WARN  TilesetLoader        - Diagonally flipped tiles are not currently supported
19:47:40.857 [FXGL Background Thread 2 ] WARN  TilesetLoader        - Diagonally flipped tiles are not currently supported
19:47:40.857 [FXGL Background Thread 2 ] WARN  TilesetLoader        - Diagonally flipped tiles are not currently supported
19:47:40.857 [FXGL Background Thread 2 ] WARN  TilesetLoader        - Diagonally flipped tiles are not currently supported
19:47:40.857 [FXGL Background Thread 2 ] WARN  TilesetLoader        - Diagonally flipped tiles are not currently supported
19:47:40.858 [FXGL Background Thread 2 ] WARN  TilesetLoader        - Diagonally flipped tiles are not currently supported
19:47:40.858 [FXGL Background Thread 2 ] WARN  TilesetLoader        - Diagonally flipped tiles are not currently supported
19:47:40.858 [FXGL Background Thread 2 ] WARN  TilesetLoader        - Diagonally flipped tiles are not currently supported
19:47:40.858 [FXGL Background Thread 2 ] WARN  TilesetLoader        - Diagonally flipped tiles are not currently supported
19:47:40.858 [FXGL Background Thread 2 ] WARN  TilesetLoader        - Diagonally flipped tiles are not currently supported
19:47:40.858 [FXGL Background Thread 2 ] WARN  TilesetLoader        - Diagonally flipped tiles are not currently supported
19:47:40.858 [FXGL Background Thread 2 ] WARN  TilesetLoader        - Diagonally flipped tiles are not currently supported
19:47:40.858 [FXGL Background Thread 2 ] WARN  TilesetLoader        - Diagonally flipped tiles are not currently supported
19:47:40.859 [FXGL Background Thread 2 ] WARN  TilesetLoader        - Diagonally flipped tiles are not currently supported
19:47:40.862 [FXGL Background Thread 2 ] WARN  TilesetLoader        - Diagonally flipped tiles are not currently supported
19:47:40.863 [FXGL Background Thread 2 ] WARN  TilesetLoader        - Diagonally flipped tiles are not currently supported
19:47:40.863 [FXGL Background Thread 2 ] WARN  TilesetLoader        - Diagonally flipped tiles are not currently supported
19:47:40.863 [FXGL Background Thread 2 ] WARN  TilesetLoader        - Diagonally flipped tiles are not currently supported
19:47:40.864 [FXGL Background Thread 2 ] WARN  TilesetLoader        - Diagonally flipped tiles are not currently supported
19:47:40.864 [FXGL Background Thread 2 ] WARN  TilesetLoader        - Diagonally flipped tiles are not currently supported
19:47:40.864 [FXGL Background Thread 2 ] WARN  TilesetLoader        - Diagonally flipped tiles are not currently supported
19:47:40.865 [FXGL Background Thread 2 ] WARN  TilesetLoader        - Diagonally flipped tiles are not currently supported
19:47:40.865 [FXGL Background Thread 2 ] WARN  TilesetLoader        - Diagonally flipped tiles are not currently supported
19:47:40.865 [FXGL Background Thread 2 ] WARN  TilesetLoader        - Diagonally flipped tiles are not currently supported
19:47:40.866 [FXGL Background Thread 2 ] WARN  TilesetLoader        - Diagonally flipped tiles are not currently supported
19:47:40.866 [FXGL Background Thread 2 ] WARN  TilesetLoader        - Diagonally flipped tiles are not currently supported
19:47:40.866 [FXGL Background Thread 2 ] WARN  TilesetLoader        - Diagonally flipped tiles are not currently supported
19:47:40.866 [FXGL Background Thread 2 ] WARN  TilesetLoader        - Diagonally flipped tiles are not currently supported
19:47:40.866 [FXGL Background Thread 2 ] WARN  TilesetLoader        - Diagonally flipped tiles are not currently supported
19:47:40.867 [FXGL Background Thread 2 ] WARN  TilesetLoader        - Diagonally flipped tiles are not currently supported
19:47:40.867 [FXGL Background Thread 2 ] WARN  TilesetLoader        - Diagonally flipped tiles are not currently supported
19:47:40.867 [FXGL Background Thread 2 ] WARN  TilesetLoader        - Diagonally flipped tiles are not currently supported
19:47:40.868 [FXGL Background Thread 2 ] WARN  TilesetLoader        - Diagonally flipped tiles are not currently supported
19:47:40.868 [FXGL Background Thread 2 ] WARN  TilesetLoader        - Diagonally flipped tiles are not currently supported
19:47:40.868 [FXGL Background Thread 2 ] WARN  TilesetLoader        - Diagonally flipped tiles are not currently supported
19:47:40.868 [FXGL Background Thread 2 ] WARN  TilesetLoader        - Diagonally flipped tiles are not currently supported
19:47:40.868 [FXGL Background Thread 2 ] WARN  TilesetLoader        - Diagonally flipped tiles are not currently supported
19:47:40.869 [FXGL Background Thread 2 ] WARN  TilesetLoader        - Diagonally flipped tiles are not currently supported
19:47:40.869 [FXGL Background Thread 2 ] WARN  TilesetLoader        - Diagonally flipped tiles are not currently supported
19:47:40.869 [FXGL Background Thread 2 ] WARN  TilesetLoader        - Diagonally flipped tiles are not currently supported
19:47:40.869 [FXGL Background Thread 2 ] WARN  TilesetLoader        - Diagonally flipped tiles are not currently supported
19:47:40.869 [FXGL Background Thread 2 ] WARN  TilesetLoader        - Diagonally flipped tiles are not currently supported
19:47:40.869 [FXGL Background Thread 2 ] WARN  TilesetLoader        - Diagonally flipped tiles are not currently supported
19:47:40.871 [FXGL Background Thread 2 ] WARN  TilesetLoader        - Diagonally flipped tiles are not currently supported
19:47:40.871 [FXGL Background Thread 2 ] WARN  TilesetLoader        - Diagonally flipped tiles are not currently supported
19:47:40.871 [FXGL Background Thread 2 ] WARN  TilesetLoader        - Diagonally flipped tiles are not currently supported
19:47:40.871 [FXGL Background Thread 2 ] WARN  TilesetLoader        - Diagonally flipped tiles are not currently supported
19:47:40.872 [FXGL Background Thread 2 ] WARN  TilesetLoader        - Diagonally flipped tiles are not currently supported
19:47:40.872 [FXGL Background Thread 2 ] WARN  TilesetLoader        - Diagonally flipped tiles are not currently supported
19:47:40.890 [FXGL Background Thread 2 ] DEBUG TMXLevelLoader       - Creating object layer entities
19:47:40.991 [FXGL Background Thread 2 ] DEBUG GameWorld            - Clearing removable entities
19:47:40.992 [FXGL Background Thread 2 ] DEBUG GameWorld            - Setting level: com.almasb.fxgl.entity.level.Level@4e37f460
19:47:41.017 [FXGL Background Thread 2 ] DEBUG FXGLAssetLoaderServi - Loading from file system: file:/C:/Users/enric/Desktop/robe%20mie/Fermi/triennio/Informatica/Intellij/GiocoClasseQuarta/target/classes/assets/textures/matteolongobardi.png
19:47:41.021 [FXGL Background Thread 2 ] DEBUG FXGLAssetLoaderServi - Loading from file system: file:/C:/Users/enric/Desktop/robe%20mie/Fermi/triennio/Informatica/Intellij/GiocoClasseQuarta/target/classes/assets/textures/corsalaterale/corsalaterale1.png
19:47:41.021 [FXGL Background Thread 2 ] DEBUG FXGLAssetLoaderServi - Loading from file system: file:/C:/Users/enric/Desktop/robe%20mie/Fermi/triennio/Informatica/Intellij/GiocoClasseQuarta/target/classes/assets/textures/corsalaterale/corsalaterale2.png
19:47:41.022 [FXGL Background Thread 2 ] DEBUG FXGLAssetLoaderServi - Loading from file system: file:/C:/Users/enric/Desktop/robe%20mie/Fermi/triennio/Informatica/Intellij/GiocoClasseQuarta/target/classes/assets/textures/corsalaterale/corsalaterale3.png
19:47:41.023 [FXGL Background Thread 2 ] DEBUG FXGLAssetLoaderServi - Loading from file system: file:/C:/Users/enric/Desktop/robe%20mie/Fermi/triennio/Informatica/Intellij/GiocoClasseQuarta/target/classes/assets/textures/corsalaterale/corsalaterale4.png
19:47:41.024 [FXGL Background Thread 2 ] DEBUG FXGLAssetLoaderServi - Loading from file system: file:/C:/Users/enric/Desktop/robe%20mie/Fermi/triennio/Informatica/Intellij/GiocoClasseQuarta/target/classes/assets/textures/corsalaterale/corsalaterale5.png
19:47:41.024 [FXGL Background Thread 2 ] DEBUG FXGLAssetLoaderServi - Loading from file system: file:/C:/Users/enric/Desktop/robe%20mie/Fermi/triennio/Informatica/Intellij/GiocoClasseQuarta/target/classes/assets/textures/corsalaterale/corsalaterale6.png
19:47:41.025 [FXGL Background Thread 2 ] DEBUG FXGLAssetLoaderServi - Loading from file system: file:/C:/Users/enric/Desktop/robe%20mie/Fermi/triennio/Informatica/Intellij/GiocoClasseQuarta/target/classes/assets/textures/corsasu/corsasu1.png
19:47:41.026 [FXGL Background Thread 2 ] DEBUG FXGLAssetLoaderServi - Loading from file system: file:/C:/Users/enric/Desktop/robe%20mie/Fermi/triennio/Informatica/Intellij/GiocoClasseQuarta/target/classes/assets/textures/corsasu/corsasu2.png
19:47:41.026 [FXGL Background Thread 2 ] DEBUG FXGLAssetLoaderServi - Loading from file system: file:/C:/Users/enric/Desktop/robe%20mie/Fermi/triennio/Informatica/Intellij/GiocoClasseQuarta/target/classes/assets/textures/corsasu/corsasu3.png
19:47:41.027 [FXGL Background Thread 2 ] DEBUG FXGLAssetLoaderServi - Loading from file system: file:/C:/Users/enric/Desktop/robe%20mie/Fermi/triennio/Informatica/Intellij/GiocoClasseQuarta/target/classes/assets/textures/corsasu/corsasu4.png
19:47:41.027 [FXGL Background Thread 2 ] DEBUG FXGLAssetLoaderServi - Loading from file system: file:/C:/Users/enric/Desktop/robe%20mie/Fermi/triennio/Informatica/Intellij/GiocoClasseQuarta/target/classes/assets/textures/corsasu/corsasu5.png
19:47:41.028 [FXGL Background Thread 2 ] DEBUG FXGLAssetLoaderServi - Loading from file system: file:/C:/Users/enric/Desktop/robe%20mie/Fermi/triennio/Informatica/Intellij/GiocoClasseQuarta/target/classes/assets/textures/corsasu/corsasu6.png
19:47:41.028 [FXGL Background Thread 2 ] DEBUG FXGLAssetLoaderServi - Loading from file system: file:/C:/Users/enric/Desktop/robe%20mie/Fermi/triennio/Informatica/Intellij/GiocoClasseQuarta/target/classes/assets/textures/corsagiu/corsagiu1.png
19:47:41.029 [FXGL Background Thread 2 ] DEBUG FXGLAssetLoaderServi - Loading from file system: file:/C:/Users/enric/Desktop/robe%20mie/Fermi/triennio/Informatica/Intellij/GiocoClasseQuarta/target/classes/assets/textures/corsagiu/corsagiu2.png
19:47:41.029 [FXGL Background Thread 2 ] DEBUG FXGLAssetLoaderServi - Loading from file system: file:/C:/Users/enric/Desktop/robe%20mie/Fermi/triennio/Informatica/Intellij/GiocoClasseQuarta/target/classes/assets/textures/corsagiu/corsagiu3.png
19:47:41.030 [FXGL Background Thread 2 ] DEBUG FXGLAssetLoaderServi - Loading from file system: file:/C:/Users/enric/Desktop/robe%20mie/Fermi/triennio/Informatica/Intellij/GiocoClasseQuarta/target/classes/assets/textures/corsagiu/corsagiu4.png
19:47:41.031 [FXGL Background Thread 2 ] DEBUG FXGLAssetLoaderServi - Loading from file system: file:/C:/Users/enric/Desktop/robe%20mie/Fermi/triennio/Informatica/Intellij/GiocoClasseQuarta/target/classes/assets/textures/corsagiu/corsagiu5.png
19:47:41.031 [FXGL Background Thread 2 ] DEBUG FXGLAssetLoaderServi - Loading from file system: file:/C:/Users/enric/Desktop/robe%20mie/Fermi/triennio/Informatica/Intellij/GiocoClasseQuarta/target/classes/assets/textures/corsagiu/corsagiu6.png
19:47:41.032 [FXGL Background Thread 2 ] DEBUG FXGLAssetLoaderServi - Loading from file system: file:/C:/Users/enric/Desktop/robe%20mie/Fermi/triennio/Informatica/Intellij/GiocoClasseQuarta/target/classes/assets/textures/canna/cannagiu1.png
19:47:41.033 [FXGL Background Thread 2 ] DEBUG FXGLAssetLoaderServi - Loading from file system: file:/C:/Users/enric/Desktop/robe%20mie/Fermi/triennio/Informatica/Intellij/GiocoClasseQuarta/target/classes/assets/textures/canna/cannagiu2.png
19:47:41.033 [FXGL Background Thread 2 ] DEBUG FXGLAssetLoaderServi - Loading from file system: file:/C:/Users/enric/Desktop/robe%20mie/Fermi/triennio/Informatica/Intellij/GiocoClasseQuarta/target/classes/assets/textures/canna/cannagiu3.png
19:47:41.034 [FXGL Background Thread 2 ] DEBUG FXGLAssetLoaderServi - Loading from file system: file:/C:/Users/enric/Desktop/robe%20mie/Fermi/triennio/Informatica/Intellij/GiocoClasseQuarta/target/classes/assets/textures/canna/cannagiu4.png
19:47:41.035 [FXGL Background Thread 2 ] DEBUG FXGLAssetLoaderServi - Loading from file system: file:/C:/Users/enric/Desktop/robe%20mie/Fermi/triennio/Informatica/Intellij/GiocoClasseQuarta/target/classes/assets/textures/canna/cannalaterale1.png
19:47:41.036 [FXGL Background Thread 2 ] DEBUG FXGLAssetLoaderServi - Loading from file system: file:/C:/Users/enric/Desktop/robe%20mie/Fermi/triennio/Informatica/Intellij/GiocoClasseQuarta/target/classes/assets/textures/canna/cannalaterale2.png
19:47:41.037 [FXGL Background Thread 2 ] DEBUG FXGLAssetLoaderServi - Loading from file system: file:/C:/Users/enric/Desktop/robe%20mie/Fermi/triennio/Informatica/Intellij/GiocoClasseQuarta/target/classes/assets/textures/canna/cannalaterale3.png
19:47:41.037 [FXGL Background Thread 2 ] DEBUG FXGLAssetLoaderServi - Loading from file system: file:/C:/Users/enric/Desktop/robe%20mie/Fermi/triennio/Informatica/Intellij/GiocoClasseQuarta/target/classes/assets/textures/canna/cannalaterale4.png
19:47:41.038 [FXGL Background Thread 2 ] DEBUG FXGLAssetLoaderServi - Loading from file system: file:/C:/Users/enric/Desktop/robe%20mie/Fermi/triennio/Informatica/Intellij/GiocoClasseQuarta/target/classes/assets/textures/canna/cannasu1.png
19:47:41.038 [FXGL Background Thread 2 ] DEBUG FXGLAssetLoaderServi - Loading from file system: file:/C:/Users/enric/Desktop/robe%20mie/Fermi/triennio/Informatica/Intellij/GiocoClasseQuarta/target/classes/assets/textures/canna/cannasu2.png
19:47:41.039 [FXGL Background Thread 2 ] DEBUG FXGLAssetLoaderServi - Loading from file system: file:/C:/Users/enric/Desktop/robe%20mie/Fermi/triennio/Informatica/Intellij/GiocoClasseQuarta/target/classes/assets/textures/canna/cannasu3.png
19:47:41.039 [FXGL Background Thread 2 ] DEBUG FXGLAssetLoaderServi - Loading from file system: file:/C:/Users/enric/Desktop/robe%20mie/Fermi/triennio/Informatica/Intellij/GiocoClasseQuarta/target/classes/assets/textures/canna/cannasu4.png
19:47:41.047 [FXGL Background Thread 2 ] DEBUG FXGLAssetLoaderServi - Loading from file system: file:/C:/Users/enric/Desktop/robe%20mie/Fermi/triennio/Informatica/Intellij/GiocoClasseQuarta/target/classes/assets/textures/safficorsagiu1.png
19:47:41.048 [FXGL Background Thread 2 ] DEBUG FXGLAssetLoaderServi - Loading from file system: file:/C:/Users/enric/Desktop/robe%20mie/Fermi/triennio/Informatica/Intellij/GiocoClasseQuarta/target/classes/assets/textures/mancino.png
19:47:41.049 [FXGL Background Thread 2 ] DEBUG FXGLAssetLoaderServi - Loading from file system: file:/C:/Users/enric/Desktop/robe%20mie/Fermi/triennio/Informatica/Intellij/GiocoClasseQuarta/target/classes/assets/textures/biral.png
19:47:41.050 [FXGL Background Thread 2 ] DEBUG FXGLAssetLoaderServi - Loading from file system: file:/C:/Users/enric/Desktop/robe%20mie/Fermi/triennio/Informatica/Intellij/GiocoClasseQuarta/target/classes/assets/textures/zuccon.png
19:47:41.051 [FXGL Background Thread 2 ] DEBUG FXGLAssetLoaderServi - Loading from file system: file:/C:/Users/enric/Desktop/robe%20mie/Fermi/triennio/Informatica/Intellij/GiocoClasseQuarta/target/classes/assets/textures/distefano.png
19:47:41.052 [FXGL Background Thread 2 ] DEBUG FXGLAssetLoaderServi - Loading from file system: file:/C:/Users/enric/Desktop/robe%20mie/Fermi/triennio/Informatica/Intellij/GiocoClasseQuarta/target/classes/assets/textures/funes.png
19:47:41.054 [FXGL Background Thread 2 ] DEBUG FXGLAssetLoaderServi - Loading from file system: file:/C:/Users/enric/Desktop/robe%20mie/Fermi/triennio/Informatica/Intellij/GiocoClasseQuarta/target/classes/assets/textures/sandi.png
19:47:41.056 [FXGL Background Thread 2 ] DEBUG FXGLAssetLoaderServi - Loading from file system: file:/C:/Users/enric/Desktop/robe%20mie/Fermi/triennio/Informatica/Intellij/GiocoClasseQuarta/target/classes/assets/textures/pesenti.png
19:47:41.058 [FXGL Background Thread 2 ] DEBUG FXGLAssetLoaderServi - Loading from file system: file:/C:/Users/enric/Desktop/robe%20mie/Fermi/triennio/Informatica/Intellij/GiocoClasseQuarta/target/classes/assets/textures/penzo.png
19:47:41.058 [FXGL Background Thread 2 ] DEBUG FXGLAssetLoaderServi - Loading from file system: file:/C:/Users/enric/Desktop/robe%20mie/Fermi/triennio/Informatica/Intellij/GiocoClasseQuarta/target/classes/assets/textures/pagan.png
19:47:41.059 [FXGL Background Thread 2 ] DEBUG FXGLAssetLoaderServi - Loading from file system: file:/C:/Users/enric/Desktop/robe%20mie/Fermi/triennio/Informatica/Intellij/GiocoClasseQuarta/target/classes/assets/textures/steve.png
19:47:41.062 [FXGL Background Thread 2 ] DEBUG FXGLAssetLoaderServi - Loading from file system: file:/C:/Users/enric/Desktop/robe%20mie/Fermi/triennio/Informatica/Intellij/GiocoClasseQuarta/target/classes/assets/textures/groudon/idle1.png
19:47:41.063 [FXGL Background Thread 2 ] DEBUG FXGLAssetLoaderServi - Loading from file system: file:/C:/Users/enric/Desktop/robe%20mie/Fermi/triennio/Informatica/Intellij/GiocoClasseQuarta/target/classes/assets/textures/groudon/idle2.png
19:47:41.064 [FXGL Background Thread 2 ] DEBUG FXGLAssetLoaderServi - Loading from file system: file:/C:/Users/enric/Desktop/robe%20mie/Fermi/triennio/Informatica/Intellij/GiocoClasseQuarta/target/classes/assets/textures/groudon/groudonlaterale1.png
19:47:41.064 [FXGL Background Thread 2 ] DEBUG FXGLAssetLoaderServi - Loading from file system: file:/C:/Users/enric/Desktop/robe%20mie/Fermi/triennio/Informatica/Intellij/GiocoClasseQuarta/target/classes/assets/textures/groudon/groudonlaterale2.png
19:47:41.065 [FXGL Background Thread 2 ] DEBUG FXGLAssetLoaderServi - Loading from file system: file:/C:/Users/enric/Desktop/robe%20mie/Fermi/triennio/Informatica/Intellij/GiocoClasseQuarta/target/classes/assets/textures/groudon/groudonlaterale3.png
19:47:41.066 [FXGL Background Thread 2 ] DEBUG FXGLAssetLoaderServi - Loading from file system: file:/C:/Users/enric/Desktop/robe%20mie/Fermi/triennio/Informatica/Intellij/GiocoClasseQuarta/target/classes/assets/textures/groudon/groudonindietro1.png
19:47:41.067 [FXGL Background Thread 2 ] DEBUG FXGLAssetLoaderServi - Loading from file system: file:/C:/Users/enric/Desktop/robe%20mie/Fermi/triennio/Informatica/Intellij/GiocoClasseQuarta/target/classes/assets/textures/groudon/groudonindietro2.png
19:47:41.067 [FXGL Background Thread 2 ] DEBUG FXGLAssetLoaderServi - Loading from file system: file:/C:/Users/enric/Desktop/robe%20mie/Fermi/triennio/Informatica/Intellij/GiocoClasseQuarta/target/classes/assets/textures/groudon/groudonindietro3.png
19:47:41.069 [FXGL Background Thread 2 ] DEBUG FXGLAssetLoaderServi - Loading from file system: file:/C:/Users/enric/Desktop/robe%20mie/Fermi/triennio/Informatica/Intellij/GiocoClasseQuarta/target/classes/assets/textures/groudon/groudonavanti1.png
19:47:41.071 [FXGL Background Thread 2 ] DEBUG FXGLAssetLoaderServi - Loading from file system: file:/C:/Users/enric/Desktop/robe%20mie/Fermi/triennio/Informatica/Intellij/GiocoClasseQuarta/target/classes/assets/textures/groudon/groudonavanti2.png
19:47:41.072 [FXGL Background Thread 2 ] DEBUG FXGLAssetLoaderServi - Loading from file system: file:/C:/Users/enric/Desktop/robe%20mie/Fermi/triennio/Informatica/Intellij/GiocoClasseQuarta/target/classes/assets/textures/groudon/groudonavanti3.png
19:47:41.073 [FXGL Background Thread 2 ] DEBUG FXGLAssetLoaderServi - Loading from file system: file:/C:/Users/enric/Desktop/robe%20mie/Fermi/triennio/Informatica/Intellij/GiocoClasseQuarta/target/classes/assets/textures/groudon/morte1.png
19:47:41.074 [FXGL Background Thread 2 ] DEBUG FXGLAssetLoaderServi - Loading from file system: file:/C:/Users/enric/Desktop/robe%20mie/Fermi/triennio/Informatica/Intellij/GiocoClasseQuarta/target/classes/assets/textures/groudon/morte2.png
19:47:41.075 [FXGL Background Thread 2 ] DEBUG FXGLAssetLoaderServi - Loading from file system: file:/C:/Users/enric/Desktop/robe%20mie/Fermi/triennio/Informatica/Intellij/GiocoClasseQuarta/target/classes/assets/textures/groudon/morte3.png
19:47:41.076 [FXGL Background Thread 2 ] DEBUG FXGLAssetLoaderServi - Loading from file system: file:/C:/Users/enric/Desktop/robe%20mie/Fermi/triennio/Informatica/Intellij/GiocoClasseQuarta/target/classes/assets/textures/groudon/morte4.png
19:47:41.076 [FXGL Background Thread 2 ] DEBUG FXGLAssetLoaderServi - Loading from file system: file:/C:/Users/enric/Desktop/robe%20mie/Fermi/triennio/Informatica/Intellij/GiocoClasseQuarta/target/classes/assets/textures/groudon/morte5.png
19:47:41.077 [FXGL Background Thread 2 ] DEBUG FXGLAssetLoaderServi - Loading from file system: file:/C:/Users/enric/Desktop/robe%20mie/Fermi/triennio/Informatica/Intellij/GiocoClasseQuarta/target/classes/assets/textures/groudon/morte6.png
19:47:41.078 [FXGL Background Thread 2 ] DEBUG FXGLAssetLoaderServi - Loading from file system: file:/C:/Users/enric/Desktop/robe%20mie/Fermi/triennio/Informatica/Intellij/GiocoClasseQuarta/target/classes/assets/textures/groudon/morte7.png
19:47:41.078 [FXGL Background Thread 2 ] DEBUG FXGLAssetLoaderServi - Loading from file system: file:/C:/Users/enric/Desktop/robe%20mie/Fermi/triennio/Informatica/Intellij/GiocoClasseQuarta/target/classes/assets/textures/groudon/morte8.png
19:47:41.079 [FXGL Background Thread 2 ] DEBUG FXGLAssetLoaderServi - Loading from file system: file:/C:/Users/enric/Desktop/robe%20mie/Fermi/triennio/Informatica/Intellij/GiocoClasseQuarta/target/classes/assets/textures/groudon/morte9.png
19:47:41.080 [FXGL Background Thread 2 ] DEBUG FXGLAssetLoaderServi - Loading from file system: file:/C:/Users/enric/Desktop/robe%20mie/Fermi/triennio/Informatica/Intellij/GiocoClasseQuarta/target/classes/assets/textures/groudon/morte10.png
19:47:41.080 [FXGL Background Thread 2 ] DEBUG FXGLAssetLoaderServi - Loading from file system: file:/C:/Users/enric/Desktop/robe%20mie/Fermi/triennio/Informatica/Intellij/GiocoClasseQuarta/target/classes/assets/textures/groudon/morte11.png
19:47:41.082 [FXGL Background Thread 2 ] DEBUG FXGLAssetLoaderServi - Loading from file system: file:/C:/Users/enric/Desktop/robe%20mie/Fermi/triennio/Informatica/Intellij/GiocoClasseQuarta/target/classes/assets/textures/groudon/morte12.png
19:47:41.082 [FXGL Background Thread 2 ] DEBUG FXGLAssetLoaderServi - Loading from file system: file:/C:/Users/enric/Desktop/robe%20mie/Fermi/triennio/Informatica/Intellij/GiocoClasseQuarta/target/classes/assets/textures/groudon/attaccogiu1.png
19:47:41.083 [FXGL Background Thread 2 ] DEBUG FXGLAssetLoaderServi - Loading from file system: file:/C:/Users/enric/Desktop/robe%20mie/Fermi/triennio/Informatica/Intellij/GiocoClasseQuarta/target/classes/assets/textures/groudon/attaccogiu2.png
19:47:41.084 [FXGL Background Thread 2 ] DEBUG FXGLAssetLoaderServi - Loading from file system: file:/C:/Users/enric/Desktop/robe%20mie/Fermi/triennio/Informatica/Intellij/GiocoClasseQuarta/target/classes/assets/textures/groudon/attaccogiu3.png
19:47:41.085 [FXGL Background Thread 2 ] DEBUG FXGLAssetLoaderServi - Loading from file system: file:/C:/Users/enric/Desktop/robe%20mie/Fermi/triennio/Informatica/Intellij/GiocoClasseQuarta/target/classes/assets/textures/groudon/attaccolaterale1.png
19:47:41.086 [FXGL Background Thread 2 ] DEBUG FXGLAssetLoaderServi - Loading from file system: file:/C:/Users/enric/Desktop/robe%20mie/Fermi/triennio/Informatica/Intellij/GiocoClasseQuarta/target/classes/assets/textures/groudon/attaccolaterale2.png
19:47:41.087 [FXGL Background Thread 2 ] DEBUG FXGLAssetLoaderServi - Loading from file system: file:/C:/Users/enric/Desktop/robe%20mie/Fermi/triennio/Informatica/Intellij/GiocoClasseQuarta/target/classes/assets/textures/groudon/attaccolaterale3.png
19:47:41.088 [FXGL Background Thread 2 ] DEBUG FXGLAssetLoaderServi - Loading from file system: file:/C:/Users/enric/Desktop/robe%20mie/Fermi/triennio/Informatica/Intellij/GiocoClasseQuarta/target/classes/assets/textures/groudon/attaccosu1.png
19:47:41.088 [FXGL Background Thread 2 ] DEBUG FXGLAssetLoaderServi - Loading from file system: file:/C:/Users/enric/Desktop/robe%20mie/Fermi/triennio/Informatica/Intellij/GiocoClasseQuarta/target/classes/assets/textures/groudon/attaccosu2.png
19:47:41.089 [FXGL Background Thread 2 ] DEBUG FXGLAssetLoaderServi - Loading from file system: file:/C:/Users/enric/Desktop/robe%20mie/Fermi/triennio/Informatica/Intellij/GiocoClasseQuarta/target/classes/assets/textures/groudon/attaccosu3.png
19:47:41.092 [FXGL Background Thread 2 ] DEBUG FXGLAssetLoaderServi - Loading from file system: file:/C:/Users/enric/Desktop/robe%20mie/Fermi/triennio/Informatica/Intellij/GiocoClasseQuarta/target/classes/assets/textures/lapras/idle/spawn1.png
19:47:41.098 [FXGL Background Thread 2 ] DEBUG FXGLAssetLoaderServi - Loading from file system: file:/C:/Users/enric/Desktop/robe%20mie/Fermi/triennio/Informatica/Intellij/GiocoClasseQuarta/target/classes/assets/textures/lapras/idle/spawn2.png
19:47:41.100 [FXGL Background Thread 2 ] DEBUG FXGLAssetLoaderServi - Loading from file system: file:/C:/Users/enric/Desktop/robe%20mie/Fermi/triennio/Informatica/Intellij/GiocoClasseQuarta/target/classes/assets/textures/lapras/movimento/movimentolaterale/movimentolaterale1.png
19:47:41.101 [FXGL Background Thread 2 ] DEBUG FXGLAssetLoaderServi - Loading from file system: file:/C:/Users/enric/Desktop/robe%20mie/Fermi/triennio/Informatica/Intellij/GiocoClasseQuarta/target/classes/assets/textures/lapras/movimento/movimentolaterale/movimentolaterale2.png
19:47:41.102 [FXGL Background Thread 2 ] DEBUG FXGLAssetLoaderServi - Loading from file system: file:/C:/Users/enric/Desktop/robe%20mie/Fermi/triennio/Informatica/Intellij/GiocoClasseQuarta/target/classes/assets/textures/lapras/movimento/movimentolaterale/movimentolaterale3.png
19:47:41.103 [FXGL Background Thread 2 ] DEBUG FXGLAssetLoaderServi - Loading from file system: file:/C:/Users/enric/Desktop/robe%20mie/Fermi/triennio/Informatica/Intellij/GiocoClasseQuarta/target/classes/assets/textures/lapras/movimento/movimentosu/movimentosu1.png
19:47:41.105 [FXGL Background Thread 2 ] DEBUG FXGLAssetLoaderServi - Loading from file system: file:/C:/Users/enric/Desktop/robe%20mie/Fermi/triennio/Informatica/Intellij/GiocoClasseQuarta/target/classes/assets/textures/lapras/movimento/movimentosu/movimentosu2.png
19:47:41.105 [FXGL Background Thread 2 ] DEBUG FXGLAssetLoaderServi - Loading from file system: file:/C:/Users/enric/Desktop/robe%20mie/Fermi/triennio/Informatica/Intellij/GiocoClasseQuarta/target/classes/assets/textures/lapras/movimento/movimentosu/movimentosu3.png
19:47:41.106 [FXGL Background Thread 2 ] DEBUG FXGLAssetLoaderServi - Loading from file system: file:/C:/Users/enric/Desktop/robe%20mie/Fermi/triennio/Informatica/Intellij/GiocoClasseQuarta/target/classes/assets/textures/lapras/movimento/movimentogiu/movimentogiu1.png
19:47:41.107 [FXGL Background Thread 2 ] DEBUG FXGLAssetLoaderServi - Loading from file system: file:/C:/Users/enric/Desktop/robe%20mie/Fermi/triennio/Informatica/Intellij/GiocoClasseQuarta/target/classes/assets/textures/lapras/movimento/movimentogiu/movimentogiu2.png
19:47:41.107 [FXGL Background Thread 2 ] DEBUG FXGLAssetLoaderServi - Loading from file system: file:/C:/Users/enric/Desktop/robe%20mie/Fermi/triennio/Informatica/Intellij/GiocoClasseQuarta/target/classes/assets/textures/lapras/movimento/movimentogiu/movimentogiu3.png
19:47:41.108 [FXGL Background Thread 2 ] DEBUG FXGLAssetLoaderServi - Loading from file system: file:/C:/Users/enric/Desktop/robe%20mie/Fermi/triennio/Informatica/Intellij/GiocoClasseQuarta/target/classes/assets/textures/lapras/morte/morte1.png
19:47:41.109 [FXGL Background Thread 2 ] DEBUG FXGLAssetLoaderServi - Loading from file system: file:/C:/Users/enric/Desktop/robe%20mie/Fermi/triennio/Informatica/Intellij/GiocoClasseQuarta/target/classes/assets/textures/lapras/morte/morte2.png
19:47:41.110 [FXGL Background Thread 2 ] DEBUG FXGLAssetLoaderServi - Loading from file system: file:/C:/Users/enric/Desktop/robe%20mie/Fermi/triennio/Informatica/Intellij/GiocoClasseQuarta/target/classes/assets/textures/lapras/morte/morte3.png
19:47:41.110 [FXGL Background Thread 2 ] DEBUG FXGLAssetLoaderServi - Loading from file system: file:/C:/Users/enric/Desktop/robe%20mie/Fermi/triennio/Informatica/Intellij/GiocoClasseQuarta/target/classes/assets/textures/lapras/morte/morte4.png
19:47:41.111 [FXGL Background Thread 2 ] DEBUG FXGLAssetLoaderServi - Loading from file system: file:/C:/Users/enric/Desktop/robe%20mie/Fermi/triennio/Informatica/Intellij/GiocoClasseQuarta/target/classes/assets/textures/lapras/morte/morte5.png
19:47:41.112 [FXGL Background Thread 2 ] DEBUG FXGLAssetLoaderServi - Loading from file system: file:/C:/Users/enric/Desktop/robe%20mie/Fermi/triennio/Informatica/Intellij/GiocoClasseQuarta/target/classes/assets/textures/lapras/morte/morte6.png
19:47:41.112 [FXGL Background Thread 2 ] DEBUG FXGLAssetLoaderServi - Loading from file system: file:/C:/Users/enric/Desktop/robe%20mie/Fermi/triennio/Informatica/Intellij/GiocoClasseQuarta/target/classes/assets/textures/lapras/attacco/attaccogiu1.png
19:47:41.113 [FXGL Background Thread 2 ] DEBUG FXGLAssetLoaderServi - Loading from file system: file:/C:/Users/enric/Desktop/robe%20mie/Fermi/triennio/Informatica/Intellij/GiocoClasseQuarta/target/classes/assets/textures/lapras/attacco/attaccogiu2.png
19:47:41.115 [FXGL Background Thread 2 ] DEBUG FXGLAssetLoaderServi - Loading from file system: file:/C:/Users/enric/Desktop/robe%20mie/Fermi/triennio/Informatica/Intellij/GiocoClasseQuarta/target/classes/assets/textures/lapras/attacco/attaccolaterale1.png
19:47:41.116 [FXGL Background Thread 2 ] DEBUG FXGLAssetLoaderServi - Loading from file system: file:/C:/Users/enric/Desktop/robe%20mie/Fermi/triennio/Informatica/Intellij/GiocoClasseQuarta/target/classes/assets/textures/lapras/attacco/attaccolaterale2.png
19:47:41.117 [FXGL Background Thread 2 ] DEBUG FXGLAssetLoaderServi - Loading from file system: file:/C:/Users/enric/Desktop/robe%20mie/Fermi/triennio/Informatica/Intellij/GiocoClasseQuarta/target/classes/assets/textures/lapras/attacco/attaccosu1.png
19:47:41.118 [FXGL Background Thread 2 ] DEBUG FXGLAssetLoaderServi - Loading from file system: file:/C:/Users/enric/Desktop/robe%20mie/Fermi/triennio/Informatica/Intellij/GiocoClasseQuarta/target/classes/assets/textures/lapras/attacco/attaccosu2.png
19:47:41.121 [FXGL Background Thread 2 ] DEBUG FXGLAssetLoaderServi - Loading from file system: file:/C:/Users/enric/Desktop/robe%20mie/Fermi/triennio/Informatica/Intellij/GiocoClasseQuarta/target/classes/assets/music/musicaSottofondo.mp3
19:47:41.124 [FXGL Background Thread 2 ] DEBUG AudioPlayer          - Playing music com.almasb.fxgl.audio.Music@17c5743c
19:47:41.124 [FXGL Background Thread 2 ] DEBUG FXGLAssetLoaderServi - Loading from file system: file:/C:/Users/enric/Desktop/robe%20mie/Fermi/triennio/Informatica/Intellij/GiocoClasseQuarta/target/classes/assets/textures/bacheca.png
19:47:41.126 [FXGL Background Thread 2 ] DEBUG FXGLAssetLoaderServi - Loading from file system: file:/C:/Users/enric/Desktop/robe%20mie/Fermi/triennio/Informatica/Intellij/GiocoClasseQuarta/target/classes/assets/textures/groudon/iconagroudon.png
19:47:41.127 [FXGL Background Thread 2 ] DEBUG FXGLAssetLoaderServi - Loading from file system: file:/C:/Users/enric/Desktop/robe%20mie/Fermi/triennio/Informatica/Intellij/GiocoClasseQuarta/target/classes/assets/textures/lapras/iconalapras.png
19:47:41.128 [FXGL Background Thread 2 ] INFO  FXGLApplication      - Game initialization took: 0,574 sec
19:47:41.173 [JavaFX Application Thread] DEBUG Input                - Clearing active input actions
19:47:41.180 [JavaFX Application Thread] DEBUG GameApplicationServi - Removing overlay from FXGLLoadingScene and adding to GameScene
19:47:41.184 [JavaFX Application Thread] DEBUG PrimaryStageWindow   - FXGLLoadingScene -> GameScene
19:47:42.172 [FXGL Background Thread 3 ] DEBUG Engine               - Logging environment variables
19:47:42.173 [FXGL Background Thread 3 ] DEBUG Engine               - achievements: []
19:47:42.173 [FXGL Background Thread 3 ] DEBUG Engine               - actualHeight: 720.0
19:47:42.173 [FXGL Background Thread 3 ] DEBUG Engine               - actualHeightProperty: ReadOnlyDoubleProperty [value: 720.0]
19:47:42.173 [FXGL Background Thread 3 ] DEBUG Engine               - actualWidth: 1000.0
19:47:42.173 [FXGL Background Thread 3 ] DEBUG Engine               - actualWidthProperty: ReadOnlyDoubleProperty [value: 1000.0]
19:47:42.173 [FXGL Background Thread 3 ] DEBUG Engine               - appIcon: fxgl_icon.png
19:47:42.173 [FXGL Background Thread 3 ] DEBUG Engine               - applicationMode: DEVELOPER
19:47:42.173 [FXGL Background Thread 3 ] DEBUG Engine               - cSSList: [fxgl_dark.css]
19:47:42.173 [FXGL Background Thread 3 ] DEBUG Engine               - collisionDetectionStrategy: BRUTE_FORCE
19:47:42.173 [FXGL Background Thread 3 ] DEBUG Engine               - configClass: Optional.empty
19:47:42.173 [FXGL Background Thread 3 ] DEBUG Engine               - credits: []
19:47:42.173 [FXGL Background Thread 3 ] DEBUG Engine               - defaultCursor: CursorInfo(imageName=fxgl_default_cursor.png, hotspotX=7.0, hotspotY=6.0)
19:47:42.173 [FXGL Background Thread 3 ] DEBUG Engine               - devBBoxColorProperty: ObjectProperty [value: 0xff0000ff]
19:47:42.173 [FXGL Background Thread 3 ] DEBUG Engine               - devEnableDebugCameraProperty: BooleanProperty [value: false]
19:47:42.173 [FXGL Background Thread 3 ] DEBUG Engine               - devSensorColorProperty: ObjectProperty [value: 0xffff00ff]
19:47:42.173 [FXGL Background Thread 3 ] DEBUG Engine               - devShowBBoxProperty: BooleanProperty [value: false]
19:47:42.173 [FXGL Background Thread 3 ] DEBUG Engine               - devShowPositionProperty: BooleanProperty [value: false]
19:47:42.173 [FXGL Background Thread 3 ] DEBUG Engine               - enabledMenuItems: []
19:47:42.173 [FXGL Background Thread 3 ] DEBUG Engine               - engineServices: [class com.almasb.fxgl.app.services.FXGLAssetLoaderService, class com.almasb.fxgl.app.FXGLApplication$GameApplicationService, class com.almasb.fxgl.app.services.FXGLDialogService, class com.almasb.fxgl.app.services.IOTaskExecutorService, class com.almasb.fxgl.io.FileSystemService, class com.almasb.fxgl.localization.LocalizationService, class com.almasb.fxgl.app.services.SystemBundleService, class com.almasb.fxgl.profile.SaveLoadService, class com.almasb.fxgl.ui.FXGLUIFactoryServiceProvider, class com.almasb.fxgl.ui.FXGLDialogFactoryServiceProvider, class com.almasb.fxgl.audio.AudioPlayer, class com.almasb.fxgl.notification.impl.NotificationServiceProvider, class com.almasb.fxgl.achievement.AchievementService, class com.almasb.fxgl.cutscene.CutsceneService, class com.almasb.fxgl.minigames.MiniGameService, class com.almasb.fxgl.net.NetService, class com.almasb.fxgl.app.services.UpdaterService, class com.almasb.fxgl.dev.DevService]
19:47:42.173 [FXGL Background Thread 3 ] DEBUG Engine               - fontGame: Abel-Regular.ttf
19:47:42.173 [FXGL Background Thread 3 ] DEBUG Engine               - fontMono: TerminalLandMono-Regular.otf
19:47:42.174 [FXGL Background Thread 3 ] DEBUG Engine               - fontSizeScaleUI: 1.0
19:47:42.174 [FXGL Background Thread 3 ] DEBUG Engine               - fontText: Courier-Prime.ttf
19:47:42.174 [FXGL Background Thread 3 ] DEBUG Engine               - fontUI: VarelaRound-Regular.ttf
19:47:42.174 [FXGL Background Thread 3 ] DEBUG Engine               - fullScreen: BooleanProperty [value: false]
19:47:42.174 [FXGL Background Thread 3 ] DEBUG Engine               - gameDifficulty: MEDIUM
19:47:42.174 [FXGL Background Thread 3 ] DEBUG Engine               - gameDifficultyProperty: ObjectProperty [value: MEDIUM]
19:47:42.174 [FXGL Background Thread 3 ] DEBUG Engine               - globalMusicVolume: 0.5
19:47:42.174 [FXGL Background Thread 3 ] DEBUG Engine               - globalMusicVolumeProperty: DoubleProperty [value: 0.5]
19:47:42.174 [FXGL Background Thread 3 ] DEBUG Engine               - globalSoundVolume: 0.5
19:47:42.174 [FXGL Background Thread 3 ] DEBUG Engine               - globalSoundVolumeProperty: DoubleProperty [value: 0.5]
19:47:42.174 [FXGL Background Thread 3 ] DEBUG Engine               - height: 720
19:47:42.174 [FXGL Background Thread 3 ] DEBUG Engine               - is3D: false
19:47:42.174 [FXGL Background Thread 3 ] DEBUG Engine               - isAndroid: false
19:47:42.174 [FXGL Background Thread 3 ] DEBUG Engine               - isBrowser: false
19:47:42.174 [FXGL Background Thread 3 ] DEBUG Engine               - isClickFeedbackEnabled: false
19:47:42.174 [FXGL Background Thread 3 ] DEBUG Engine               - isCloseConfirmation: false
19:47:42.174 [FXGL Background Thread 3 ] DEBUG Engine               - isDesktop: true
19:47:42.174 [FXGL Background Thread 3 ] DEBUG Engine               - isDeveloperMenuEnabled: true
19:47:42.174 [FXGL Background Thread 3 ] DEBUG Engine               - isEmbedded: false
19:47:42.174 [FXGL Background Thread 3 ] DEBUG Engine               - isEntityPreloadEnabled: true
19:47:42.174 [FXGL Background Thread 3 ] DEBUG Engine               - isExperimentalTiledLargeMap: false
19:47:42.174 [FXGL Background Thread 3 ] DEBUG Engine               - isFileSystemWriteAllowed: true
19:47:42.174 [FXGL Background Thread 3 ] DEBUG Engine               - isFullScreenAllowed: false
19:47:42.174 [FXGL Background Thread 3 ] DEBUG Engine               - isFullScreenFromStart: false
19:47:42.174 [FXGL Background Thread 3 ] DEBUG Engine               - isGameMenuEnabled: true
19:47:42.174 [FXGL Background Thread 3 ] DEBUG Engine               - isIOS: false
19:47:42.174 [FXGL Background Thread 3 ] DEBUG Engine               - isIntroEnabled: false
19:47:42.174 [FXGL Background Thread 3 ] DEBUG Engine               - isLinux: false
19:47:42.174 [FXGL Background Thread 3 ] DEBUG Engine               - isMac: false
19:47:42.174 [FXGL Background Thread 3 ] DEBUG Engine               - isMainMenuEnabled: true
19:47:42.174 [FXGL Background Thread 3 ] DEBUG Engine               - isManualResizeEnabled: false
19:47:42.174 [FXGL Background Thread 3 ] DEBUG Engine               - isMobile: false
19:47:42.174 [FXGL Background Thread 3 ] DEBUG Engine               - isNative: false
19:47:42.174 [FXGL Background Thread 3 ] DEBUG Engine               - isPauseMusicWhenMinimized: true
19:47:42.174 [FXGL Background Thread 3 ] DEBUG Engine               - isPreserveResizeRatio: false
19:47:42.174 [FXGL Background Thread 3 ] DEBUG Engine               - isProfilingEnabled: false
19:47:42.174 [FXGL Background Thread 3 ] DEBUG Engine               - isScaleAffectedOnResize: true
19:47:42.174 [FXGL Background Thread 3 ] DEBUG Engine               - isSingleStep: false
19:47:42.174 [FXGL Background Thread 3 ] DEBUG Engine               - isUserProfileEnabled: false
19:47:42.174 [FXGL Background Thread 3 ] DEBUG Engine               - isWindows: true
19:47:42.174 [FXGL Background Thread 3 ] DEBUG Engine               - language: ObjectProperty [value: ENGLISH]
19:47:42.174 [FXGL Background Thread 3 ] DEBUG Engine               - menuKey: ESCAPE
19:47:42.174 [FXGL Background Thread 3 ] DEBUG Engine               - mouseSensitivity: 0.2
19:47:42.174 [FXGL Background Thread 3 ] DEBUG Engine               - notificationViewClass: class com.almasb.fxgl.notification.view.XboxNotificationView
19:47:42.174 [FXGL Background Thread 3 ] DEBUG Engine               - pixelsPerMeter: 50.0
19:47:42.174 [FXGL Background Thread 3 ] DEBUG Engine               - platform: WINDOWS
19:47:42.174 [FXGL Background Thread 3 ] DEBUG Engine               - prefHeightProperty: ReadOnlyDoubleProperty [value: 720.0]
19:47:42.174 [FXGL Background Thread 3 ] DEBUG Engine               - prefWidthProperty: ReadOnlyDoubleProperty [value: 1000.0]
19:47:42.174 [FXGL Background Thread 3 ] DEBUG Engine               - profileDir: profiles/
19:47:42.174 [FXGL Background Thread 3 ] DEBUG Engine               - profileName: StringProperty [value: DEFAULT]
19:47:42.174 [FXGL Background Thread 3 ] DEBUG Engine               - randomSeed: -1
19:47:42.175 [FXGL Background Thread 3 ] DEBUG Engine               - runtimeInfo: RuntimeInfo(platform=WINDOWS, version=17.3, build=30.03.2023 11.49)
19:47:42.175 [FXGL Background Thread 3 ] DEBUG Engine               - saveFileExt: sav
19:47:42.175 [FXGL Background Thread 3 ] DEBUG Engine               - scaledHeightProp$fxgl: DoubleProperty [bound, value: 720.0]
19:47:42.175 [FXGL Background Thread 3 ] DEBUG Engine               - scaledWidthProp$fxgl: DoubleProperty [bound, value: 1000.0]
19:47:42.175 [FXGL Background Thread 3 ] DEBUG Engine               - sceneFactory: com.game.pokemon.FabbricaScene@14452fd
19:47:42.175 [FXGL Background Thread 3 ] DEBUG Engine               - secondsIn24h: 60
19:47:42.175 [FXGL Background Thread 3 ] DEBUG Engine               - soundMenuBack: menu/back.wav
19:47:42.175 [FXGL Background Thread 3 ] DEBUG Engine               - soundMenuPress: menu/press.wav
19:47:42.175 [FXGL Background Thread 3 ] DEBUG Engine               - soundMenuSelect: menu/select.wav
19:47:42.175 [FXGL Background Thread 3 ] DEBUG Engine               - soundNotification: core/notification.wav
19:47:42.175 [FXGL Background Thread 3 ] DEBUG Engine               - stageStyle: DECORATED
19:47:42.175 [FXGL Background Thread 3 ] DEBUG Engine               - supportedLanguages: [ENGLISH, FRENCH, GERMAN, HUNGARIAN, RUSSIAN]
19:47:42.175 [FXGL Background Thread 3 ] DEBUG Engine               - ticksPerSecond: -1
19:47:42.175 [FXGL Background Thread 3 ] DEBUG Engine               - title: Pokemon boh
19:47:42.175 [FXGL Background Thread 3 ] DEBUG Engine               - urlGithub: https://github.com/AlmasB/FXGL
19:47:42.175 [FXGL Background Thread 3 ] DEBUG Engine               - urlLeaderboard: http://fxgl-top.herokuapp.com/
19:47:42.175 [FXGL Background Thread 3 ] DEBUG Engine               - urlPOM: https://raw.githubusercontent.com/AlmasB/FXGL/release/README.md
19:47:42.175 [FXGL Background Thread 3 ] DEBUG Engine               - userAppClass: class com.game.pokemon.PokemonApplication
19:47:42.175 [FXGL Background Thread 3 ] DEBUG Engine               - version: 0.1
19:47:42.175 [FXGL Background Thread 3 ] DEBUG Engine               - versionCheckDays: 7
19:47:42.175 [FXGL Background Thread 3 ] DEBUG Engine               - width: 1000
19:47:42.175 [FXGL Background Thread 3 ] DEBUG Engine               - Logging services
19:47:42.175 [FXGL Background Thread 3 ] DEBUG Engine               - class com.almasb.fxgl.app.services.FXGLAssetLoaderService
19:47:42.175 [FXGL Background Thread 3 ] DEBUG Engine               - class com.almasb.fxgl.app.FXGLApplication$GameApplicationService
19:47:42.175 [FXGL Background Thread 3 ] DEBUG Engine               - class com.almasb.fxgl.app.services.FXGLDialogService
19:47:42.175 [FXGL Background Thread 3 ] DEBUG Engine               - class com.almasb.fxgl.app.services.IOTaskExecutorService
19:47:42.175 [FXGL Background Thread 3 ] DEBUG Engine               - class com.almasb.fxgl.io.FileSystemService
19:47:42.175 [FXGL Background Thread 3 ] DEBUG Engine               - class com.almasb.fxgl.localization.LocalizationService
19:47:42.175 [FXGL Background Thread 3 ] DEBUG Engine               - class com.almasb.fxgl.app.services.SystemBundleService
19:47:42.175 [FXGL Background Thread 3 ] DEBUG Engine               - class com.almasb.fxgl.profile.SaveLoadService
19:47:42.175 [FXGL Background Thread 3 ] DEBUG Engine               - class com.almasb.fxgl.ui.FXGLUIFactoryServiceProvider
19:47:42.175 [FXGL Background Thread 3 ] DEBUG Engine               - class com.almasb.fxgl.ui.FXGLDialogFactoryServiceProvider
19:47:42.175 [FXGL Background Thread 3 ] DEBUG Engine               - class com.almasb.fxgl.audio.AudioPlayer
19:47:42.175 [FXGL Background Thread 3 ] DEBUG Engine               - class com.almasb.fxgl.notification.impl.NotificationServiceProvider
19:47:42.175 [FXGL Background Thread 3 ] DEBUG Engine               - class com.almasb.fxgl.achievement.AchievementService
19:47:42.175 [FXGL Background Thread 3 ] DEBUG Engine               - class com.almasb.fxgl.cutscene.CutsceneService
19:47:42.175 [FXGL Background Thread 3 ] DEBUG Engine               - class com.almasb.fxgl.minigames.MiniGameService
19:47:42.175 [FXGL Background Thread 3 ] DEBUG Engine               - class com.almasb.fxgl.net.NetService
19:47:42.175 [FXGL Background Thread 3 ] DEBUG Engine               - class com.almasb.fxgl.app.services.UpdaterService
19:47:42.175 [FXGL Background Thread 3 ] DEBUG Engine               - class com.almasb.fxgl.dev.DevService
19:47:47.148 [JavaFX Application Thread] DEBUG FXGLApplication      - Exiting FXGL
19:47:47.150 [JavaFX Application Thread] DEBUG LoopRunner           - Stopping loop
19:47:47.150 [JavaFX Application Thread] DEBUG SystemBundleService  - Saving FXGL system data
19:47:47.156 [JavaFX Application Thread] DEBUG FileSystemAccess     - Writing to: C:\Users\enric\Desktop\robe mie\Fermi\triennio\Informatica\Intellij\GiocoClasseQuarta\system\fxgl.bundle
19:47:47.162 [JavaFX Application Thread] DEBUG Async                - Shutting down background threads
19:47:47.162 [JavaFX Application Thread] DEBUG PrimaryStageWindow   - Closing main window
19:47:47.187 [JavaFX Application Thread] DEBUG Logger               - Closing Logger
