12:03:29.027 [main                     ] DEBUG Logger               - Configured Logger
12:03:29.048 [main                     ] DEBUG GameApplication      - Logging settings
Title: Megaman
Version: 0.1
Width: 1536
Height: 864
Fullscreen: true
Intro: false
Profiling: false
Single step:false
App Mode: DEVELOPER
Menu Key: ESCAPE
Stage Style: DECORATED
Scene Factory: class com.almasb.fxgl.app.scene.SceneFactory

12:03:29.399 [JavaFX Application Thread] DEBUG FXGLApplication      - Initializing FXGL
12:03:29.406 [JavaFX Application Thread] INFO  Engine               - FXGL-17.3 (30.03.2023 11.49) on WINDOWS (J:22.0.1 FX:22-ea)
12:03:29.406 [JavaFX Application Thread] DEBUG Engine               - JRE Vendor Name: Oracle Corporation
12:03:29.407 [JavaFX Application Thread] DEBUG Engine               - Running on OS: Windows 11 version 10.0
12:03:29.407 [JavaFX Application Thread] DEBUG Engine               - Architecture: amd64
12:03:29.407 [JavaFX Application Thread] INFO  Engine               - Source code and latest versions at: https://github.com/AlmasB/FXGL
12:03:29.407 [JavaFX Application Thread] INFO  Engine               -       Ask questions and discuss at: https://github.com/AlmasB/FXGL/discussions
12:03:29.407 [JavaFX Application Thread] INFO  Engine               -              Join the FXGL chat at: https://gitter.im/AlmasB/FXGL
12:03:29.492 [JavaFX Application Thread] DEBUG PrimaryStageWindow   - Creating a JavaFX scene
12:03:29.533 [JavaFX Application Thread] DEBUG PrimaryStageWindow   - Target settings size: 1536.0 x 864.0
12:03:29.533 [JavaFX Application Thread] DEBUG PrimaryStageWindow   - Scaled scene size:    1536.0 x 864.0
12:03:29.533 [JavaFX Application Thread] DEBUG PrimaryStageWindow   - Scaled ratio: (1.0, 1.0)
12:03:29.534 [JavaFX Application Thread] DEBUG PrimaryStageWindow   - Set initial scene to FXGLStartupScene
12:03:29.538 [JavaFX Application Thread] DEBUG PrimaryStageWindow   - Opening main window
12:03:29.606 [JavaFX Application Thread] DEBUG PrimaryStageWindow   - Window border size: (14.4000244140625, 37.5999755859375)
12:03:29.606 [JavaFX Application Thread] DEBUG PrimaryStageWindow   - Scaled size: 1536.0 x 864.0
12:03:29.606 [JavaFX Application Thread] DEBUG PrimaryStageWindow   - Scaled ratio: (1.0, 1.0)
12:03:29.607 [JavaFX Application Thread] DEBUG PrimaryStageWindow   - Scene size: 1536.0 x 864.0
12:03:29.607 [JavaFX Application Thread] DEBUG PrimaryStageWindow   - Stage size: 1550.4000244140625 x 901.5999755859375
12:03:29.661 [JavaFX Application Thread] DEBUG PrimaryStageWindow   - Going fullscreen
12:03:29.669 [FXGL Background Thread 1 ] DEBUG Engine               - Initializing environment variables
12:03:29.721 [FXGL Background Thread 1 ] DEBUG FXGLAssetLoaderServi - User app class for loading assets: class com.game.megaman2.MegamanApplication
12:03:29.722 [FXGL Background Thread 1 ] DEBUG GameApplicationServi - Applying CSS: fxgl_dark.css
12:03:29.722 [FXGL Background Thread 1 ] DEBUG FXGLAssetLoaderServi - Loading from file system: jar:file:///C:/Users/enric/.m2/repository/com/github/almasb/fxgl/17.3/fxgl-17.3.jar!/fxglassets/ui/css/fxgl_dark.css
12:03:29.765 [FXGL Background Thread 1 ] DEBUG GameApplicationServi - Initializing application scenes
12:03:29.804 [FXGL Background Thread 1 ] DEBUG GameWorld            - Game world initialized
12:03:29.864 [FXGL Background Thread 1 ] DEBUG PhysicsWorld         - Physics world initialized: appHeight=864, physics.ppm=50,0
12:03:29.865 [FXGL Background Thread 1 ] DEBUG PhysicsWorld         - Using strategy: BRUTE_FORCE
12:03:29.868 [FXGL Background Thread 1 ] DEBUG GameScene            - Game scene initialized: 1536x864
12:03:29.878 [FXGL Background Thread 1 ] DEBUG FXGL.DefaultMenu     - createMenuBodyGameMenu()
12:03:29.887 [FXGL Background Thread 1 ] DEBUG FXGL.DefaultMenu     - createOptionsMenu()
12:03:29.894 [FXGL Background Thread 1 ] DEBUG FXGLAssetLoaderServi - Loading from file system: jar:file:///C:/Users/enric/.m2/repository/com/github/almasb/fxgl/17.3/fxgl-17.3.jar!/fxglassets/textures/particles/smoke.png
12:03:29.967 [FXGL Background Thread 1 ] DEBUG FXGLAssetLoaderServi - Loading from file system: jar:file:///C:/Users/enric/.m2/repository/com/github/almasb/fxgl/17.3/fxgl-17.3.jar!/fxglassets/textures/particles/trace_horizontal.png
12:03:29.993 [FXGL Background Thread 1 ] DEBUG GameApplicationServi - Application scenes initialized
12:03:30.004 [FXGL Background Thread 1 ] DEBUG SystemBundleService  - Loading FXGL system data
12:03:30.007 [FXGL Background Thread 1 ] DEBUG FileSystemAccess     - Reading from: C:\Users\enric\Desktop\robe mie\Fermi\triennio\Informatica\Intellij\GiocoClasseQuarta\system\fxgl.bundle
12:03:30.013 [FXGL Background Thread 1 ] DEBUG SystemBundleService  - Bundle FXGL: {}
12:03:30.013 [FXGL Background Thread 1 ] DEBUG UpdaterService       - Checking for updates
12:03:30.017 [FXGL Background Thread 4 ] DEBUG FXGLApplication      - Loading fonts
12:03:30.017 [FXGL Background Thread 1 ] DEBUG FXGLApplication      - Loading default localization
12:03:30.017 [FXGL Background Thread 4 ] DEBUG FXGLAssetLoaderServi - Loading from file system: jar:file:///C:/Users/enric/.m2/repository/com/github/almasb/fxgl/17.3/fxgl-17.3.jar!/fxglassets/ui/fonts/VarelaRound-Regular.ttf
12:03:30.018 [FXGL Background Thread 1 ] DEBUG FXGLAssetLoaderServi - Loading from file system: jar:file:///C:/Users/enric/.m2/repository/com/github/almasb/fxgl/17.3/fxgl-17.3.jar!/fxglassets/languages/english.lang
12:03:30.036 [FXGL Background Thread 1 ] INFO  FXGLApplication      - FXGL initialization took: 0,367 sec
12:03:30.047 [JavaFX Application Thread] DEBUG Input                - Registered new binding: Move Right - D
12:03:30.048 [JavaFX Application Thread] DEBUG Input                - Registered new binding: Move Left - A
12:03:30.048 [JavaFX Application Thread] DEBUG Input                - Registered new binding: Move Up - W
12:03:30.048 [JavaFX Application Thread] DEBUG Input                - Registered new binding: Move Down - S
12:03:30.049 [JavaFX Application Thread] DEBUG Input                - Registered new binding: action0 - F
12:03:30.050 [JavaFX Application Thread] DEBUG FXGLAssetLoaderServi - Loading from file system: jar:file:///C:/Users/enric/.m2/repository/com/github/almasb/fxgl/17.3/fxgl-17.3.jar!/fxglassets/textures/fxgl_icon.png
12:03:30.056 [FXGL Background Thread 4 ] DEBUG FXGLAssetLoaderServi - Loading from file system: jar:file:///C:/Users/enric/.m2/repository/com/github/almasb/fxgl/17.3/fxgl-17.3.jar!/fxglassets/ui/fonts/Abel-Regular.ttf
12:03:30.069 [FXGL Background Thread 4 ] DEBUG FXGLAssetLoaderServi - Loading from file system: jar:file:///C:/Users/enric/.m2/repository/com/github/almasb/fxgl/17.3/fxgl-17.3.jar!/fxglassets/ui/fonts/TerminalLandMono-Regular.otf
12:03:30.073 [JavaFX Application Thread] DEBUG FXGLAssetLoaderServi - Loading from file system: jar:file:///C:/Users/enric/.m2/repository/com/github/almasb/fxgl/17.3/fxgl-17.3.jar!/fxglassets/textures/fxgl_default_cursor.png
12:03:30.075 [JavaFX Application Thread] DEBUG Input                - Registered new binding: Screenshot - CTRL+8
12:03:30.076 [JavaFX Application Thread] DEBUG Input                - Registered new binding: System info dump - CTRL+9
12:03:30.077 [JavaFX Application Thread] DEBUG Input                - Registered new binding: Restart - CTRL+R
12:03:30.078 [JavaFX Application Thread] DEBUG Input                - Registered new binding: Toggle Debug Camera - CTRL+7
12:03:30.079 [FXGL Background Thread 4 ] DEBUG FXGLAssetLoaderServi - Loading from file system: jar:file:///C:/Users/enric/.m2/repository/com/github/almasb/fxgl/17.3/fxgl-17.3.jar!/fxglassets/ui/fonts/Courier-Prime.ttf
12:03:30.081 [JavaFX Application Thread] DEBUG LoopRunner           - Starting loop
12:03:30.081 [JavaFX Application Thread] DEBUG LoopRunner           - Initializing JavaFX AnimationTimerLoop
12:03:30.082 [JavaFX Application Thread] DEBUG GameApplicationServi - Starting new game
12:03:30.083 [JavaFX Application Thread] DEBUG Input                - Clearing active input actions
12:03:30.099 [JavaFX Application Thread] DEBUG GameApplicationServi - Removing overlay from FXGLStartupScene and adding to FXGLLoadingScene
12:03:30.100 [JavaFX Application Thread] DEBUG PrimaryStageWindow   - FXGLStartupScene -> FXGLLoadingScene
12:03:30.100 [JavaFX Application Thread] DEBUG GameApplicationServi - Clearing previous game
12:03:30.100 [JavaFX Application Thread] DEBUG GameScene            - Clearing game scene
12:03:30.100 [JavaFX Application Thread] DEBUG GameWorld            - Clearing game world
12:03:30.100 [JavaFX Application Thread] DEBUG PhysicsWorld         - Clearing physics world
12:03:30.101 [FXGL Background Thread 4 ] DEBUG FXGLApplication      - Initializing game
12:03:30.104 [FXGL Background Thread 4 ] DEBUG FXGLAssetLoaderServi - Loading from file system: file:/C:/Users/enric/Desktop/robe%20mie/Fermi/triennio/Informatica/Intellij/GiocoClasseQuarta/target/classes/assets/textures/corsa/corsa1.png
12:03:30.105 [FXGL Background Thread 4 ] DEBUG FXGLAssetLoaderServi - Loading from file system: file:/C:/Users/enric/Desktop/robe%20mie/Fermi/triennio/Informatica/Intellij/GiocoClasseQuarta/target/classes/assets/textures/corsa/corsa2.png
12:03:30.106 [FXGL Background Thread 4 ] DEBUG FXGLAssetLoaderServi - Loading from file system: file:/C:/Users/enric/Desktop/robe%20mie/Fermi/triennio/Informatica/Intellij/GiocoClasseQuarta/target/classes/assets/textures/corsa/corsa3.png
12:03:30.107 [FXGL Background Thread 4 ] DEBUG FXGLAssetLoaderServi - Loading from file system: file:/C:/Users/enric/Desktop/robe%20mie/Fermi/triennio/Informatica/Intellij/GiocoClasseQuarta/target/classes/assets/textures/corsa/corsa4.png
12:03:30.108 [FXGL Background Thread 4 ] DEBUG FXGLAssetLoaderServi - Loading from file system: file:/C:/Users/enric/Desktop/robe%20mie/Fermi/triennio/Informatica/Intellij/GiocoClasseQuarta/target/classes/assets/textures/corsa/corsa5.png
12:03:30.109 [FXGL Background Thread 4 ] DEBUG FXGLAssetLoaderServi - Loading from file system: file:/C:/Users/enric/Desktop/robe%20mie/Fermi/triennio/Informatica/Intellij/GiocoClasseQuarta/target/classes/assets/textures/corsa/corsa6.png
12:03:30.110 [FXGL Background Thread 4 ] DEBUG FXGLAssetLoaderServi - Loading from file system: file:/C:/Users/enric/Desktop/robe%20mie/Fermi/triennio/Informatica/Intellij/GiocoClasseQuarta/target/classes/assets/textures/corsa/corsa7.png
12:03:30.111 [FXGL Background Thread 4 ] DEBUG FXGLAssetLoaderServi - Loading from file system: file:/C:/Users/enric/Desktop/robe%20mie/Fermi/triennio/Informatica/Intellij/GiocoClasseQuarta/target/classes/assets/textures/corsa/corsa8.png
12:03:30.112 [FXGL Background Thread 4 ] DEBUG FXGLAssetLoaderServi - Loading from file system: file:/C:/Users/enric/Desktop/robe%20mie/Fermi/triennio/Informatica/Intellij/GiocoClasseQuarta/target/classes/assets/textures/corsa/corsa9.png
12:03:30.113 [FXGL Background Thread 4 ] DEBUG FXGLAssetLoaderServi - Loading from file system: file:/C:/Users/enric/Desktop/robe%20mie/Fermi/triennio/Informatica/Intellij/GiocoClasseQuarta/target/classes/assets/textures/corsa/corsa10.png
12:03:30.114 [FXGL Background Thread 4 ] DEBUG FXGLAssetLoaderServi - Loading from file system: file:/C:/Users/enric/Desktop/robe%20mie/Fermi/triennio/Informatica/Intellij/GiocoClasseQuarta/target/classes/assets/textures/corsa/corsa11.png
12:03:30.117 [FXGL Background Thread 4 ] DEBUG FXGLAssetLoaderServi - Loading from file system: file:/C:/Users/enric/Desktop/robe%20mie/Fermi/triennio/Informatica/Intellij/GiocoClasseQuarta/target/classes/assets/textures/spawn8.png
12:03:30.150 [FXGL Background Thread 4 ] DEBUG FXGLAssetLoaderServi - Loading from file system: file:/C:/Users/enric/Desktop/robe%20mie/Fermi/triennio/Informatica/Intellij/GiocoClasseQuarta/target/classes/assets/textures/sfondo1.jpg
12:03:30.159 [JavaFX Application Thread] DEBUG FXGLApplication      - Registering font factories with UI factory
12:03:30.183 [FXGL Background Thread 4 ] WARN  GameWorld            - Entity is already attached to world
12:03:30.184 [FXGL Background Thread 4 ] INFO  FXGLApplication      - Game initialization took: 0,082 sec
12:03:30.229 [JavaFX Application Thread] DEBUG Input                - Clearing active input actions
12:03:30.243 [JavaFX Application Thread] DEBUG GameApplicationServi - Removing overlay from FXGLLoadingScene and adding to GameScene
12:03:30.243 [JavaFX Application Thread] DEBUG PrimaryStageWindow   - FXGLLoadingScene -> GameScene
12:03:30.465 [FXGL Background Thread 2 ] INFO  UpdaterService       - Your current version:  17.3
12:03:30.465 [FXGL Background Thread 2 ] INFO  UpdaterService       - Latest stable version: 21.1
12:03:33.016 [FXGL Background Thread 3 ] DEBUG Engine               - Logging environment variables
12:03:33.018 [FXGL Background Thread 3 ] DEBUG Engine               - achievements: []
12:03:33.019 [FXGL Background Thread 3 ] DEBUG Engine               - actualHeight: 864.0
12:03:33.019 [FXGL Background Thread 3 ] DEBUG Engine               - actualHeightProperty: ReadOnlyDoubleProperty [value: 864.0]
12:03:33.019 [FXGL Background Thread 3 ] DEBUG Engine               - actualWidth: 1536.0
12:03:33.020 [FXGL Background Thread 3 ] DEBUG Engine               - actualWidthProperty: ReadOnlyDoubleProperty [value: 1536.0]
12:03:33.020 [FXGL Background Thread 3 ] DEBUG Engine               - appIcon: fxgl_icon.png
12:03:33.020 [FXGL Background Thread 3 ] DEBUG Engine               - applicationMode: DEVELOPER
12:03:33.020 [FXGL Background Thread 3 ] DEBUG Engine               - cSSList: [fxgl_dark.css]
12:03:33.020 [FXGL Background Thread 3 ] DEBUG Engine               - collisionDetectionStrategy: BRUTE_FORCE
12:03:33.021 [FXGL Background Thread 3 ] DEBUG Engine               - configClass: Optional.empty
12:03:33.021 [FXGL Background Thread 3 ] DEBUG Engine               - credits: []
12:03:33.022 [FXGL Background Thread 3 ] DEBUG Engine               - defaultCursor: CursorInfo(imageName=fxgl_default_cursor.png, hotspotX=7.0, hotspotY=6.0)
12:03:33.022 [FXGL Background Thread 3 ] DEBUG Engine               - devBBoxColorProperty: ObjectProperty [value: 0xff0000ff]
12:03:33.023 [FXGL Background Thread 3 ] DEBUG Engine               - devEnableDebugCameraProperty: BooleanProperty [value: false]
12:03:33.023 [FXGL Background Thread 3 ] DEBUG Engine               - devSensorColorProperty: ObjectProperty [value: 0xffff00ff]
12:03:33.023 [FXGL Background Thread 3 ] DEBUG Engine               - devShowBBoxProperty: BooleanProperty [value: false]
12:03:33.023 [FXGL Background Thread 3 ] DEBUG Engine               - devShowPositionProperty: BooleanProperty [value: false]
12:03:33.023 [FXGL Background Thread 3 ] DEBUG Engine               - enabledMenuItems: []
12:03:33.024 [FXGL Background Thread 3 ] DEBUG Engine               - engineServices: [class com.almasb.fxgl.app.services.FXGLAssetLoaderService, class com.almasb.fxgl.app.FXGLApplication$GameApplicationService, class com.almasb.fxgl.app.services.FXGLDialogService, class com.almasb.fxgl.app.services.IOTaskExecutorService, class com.almasb.fxgl.io.FileSystemService, class com.almasb.fxgl.localization.LocalizationService, class com.almasb.fxgl.app.services.SystemBundleService, class com.almasb.fxgl.profile.SaveLoadService, class com.almasb.fxgl.ui.FXGLUIFactoryServiceProvider, class com.almasb.fxgl.ui.FXGLDialogFactoryServiceProvider, class com.almasb.fxgl.audio.AudioPlayer, class com.almasb.fxgl.notification.impl.NotificationServiceProvider, class com.almasb.fxgl.achievement.AchievementService, class com.almasb.fxgl.cutscene.CutsceneService, class com.almasb.fxgl.minigames.MiniGameService, class com.almasb.fxgl.net.NetService, class com.almasb.fxgl.app.services.UpdaterService, class com.almasb.fxgl.dev.DevService]
12:03:33.024 [FXGL Background Thread 3 ] DEBUG Engine               - fontGame: Abel-Regular.ttf
12:03:33.024 [FXGL Background Thread 3 ] DEBUG Engine               - fontMono: TerminalLandMono-Regular.otf
12:03:33.024 [FXGL Background Thread 3 ] DEBUG Engine               - fontSizeScaleUI: 1.0
12:03:33.025 [FXGL Background Thread 3 ] DEBUG Engine               - fontText: Courier-Prime.ttf
12:03:33.025 [FXGL Background Thread 3 ] DEBUG Engine               - fontUI: VarelaRound-Regular.ttf
12:03:33.025 [FXGL Background Thread 3 ] DEBUG Engine               - fullScreen: BooleanProperty [value: true]
12:03:33.025 [FXGL Background Thread 3 ] DEBUG Engine               - gameDifficulty: MEDIUM
12:03:33.025 [FXGL Background Thread 3 ] DEBUG Engine               - gameDifficultyProperty: ObjectProperty [value: MEDIUM]
12:03:33.026 [FXGL Background Thread 3 ] DEBUG Engine               - globalMusicVolume: 0.5
12:03:33.026 [FXGL Background Thread 3 ] DEBUG Engine               - globalMusicVolumeProperty: DoubleProperty [value: 0.5]
12:03:33.026 [FXGL Background Thread 3 ] DEBUG Engine               - globalSoundVolume: 0.5
12:03:33.026 [FXGL Background Thread 3 ] DEBUG Engine               - globalSoundVolumeProperty: DoubleProperty [value: 0.5]
12:03:33.027 [FXGL Background Thread 3 ] DEBUG Engine               - height: 864
12:03:33.027 [FXGL Background Thread 3 ] DEBUG Engine               - is3D: false
12:03:33.027 [FXGL Background Thread 3 ] DEBUG Engine               - isAndroid: false
12:03:33.027 [FXGL Background Thread 3 ] DEBUG Engine               - isBrowser: false
12:03:33.028 [FXGL Background Thread 3 ] DEBUG Engine               - isClickFeedbackEnabled: false
12:03:33.028 [FXGL Background Thread 3 ] DEBUG Engine               - isCloseConfirmation: false
12:03:33.028 [FXGL Background Thread 3 ] DEBUG Engine               - isDesktop: true
12:03:33.028 [FXGL Background Thread 3 ] DEBUG Engine               - isDeveloperMenuEnabled: false
12:03:33.028 [FXGL Background Thread 3 ] DEBUG Engine               - isEmbedded: false
12:03:33.029 [FXGL Background Thread 3 ] DEBUG Engine               - isEntityPreloadEnabled: true
12:03:33.029 [FXGL Background Thread 3 ] DEBUG Engine               - isExperimentalTiledLargeMap: false
12:03:33.029 [FXGL Background Thread 3 ] DEBUG Engine               - isFileSystemWriteAllowed: true
12:03:33.029 [FXGL Background Thread 3 ] DEBUG Engine               - isFullScreenAllowed: true
12:03:33.029 [FXGL Background Thread 3 ] DEBUG Engine               - isFullScreenFromStart: true
12:03:33.030 [FXGL Background Thread 3 ] DEBUG Engine               - isGameMenuEnabled: true
12:03:33.030 [FXGL Background Thread 3 ] DEBUG Engine               - isIOS: false
12:03:33.030 [FXGL Background Thread 3 ] DEBUG Engine               - isIntroEnabled: false
12:03:33.030 [FXGL Background Thread 3 ] DEBUG Engine               - isLinux: false
12:03:33.030 [FXGL Background Thread 3 ] DEBUG Engine               - isMac: false
12:03:33.030 [FXGL Background Thread 3 ] DEBUG Engine               - isMainMenuEnabled: false
12:03:33.031 [FXGL Background Thread 3 ] DEBUG Engine               - isManualResizeEnabled: false
12:03:33.031 [FXGL Background Thread 3 ] DEBUG Engine               - isMobile: false
12:03:33.031 [FXGL Background Thread 3 ] DEBUG Engine               - isNative: false
12:03:33.031 [FXGL Background Thread 3 ] DEBUG Engine               - isPauseMusicWhenMinimized: true
12:03:33.031 [FXGL Background Thread 3 ] DEBUG Engine               - isPreserveResizeRatio: false
12:03:33.031 [FXGL Background Thread 3 ] DEBUG Engine               - isProfilingEnabled: false
12:03:33.032 [FXGL Background Thread 3 ] DEBUG Engine               - isScaleAffectedOnResize: true
12:03:33.032 [FXGL Background Thread 3 ] DEBUG Engine               - isSingleStep: false
12:03:33.032 [FXGL Background Thread 3 ] DEBUG Engine               - isUserProfileEnabled: false
12:03:33.032 [FXGL Background Thread 3 ] DEBUG Engine               - isWindows: true
12:03:33.032 [FXGL Background Thread 3 ] DEBUG Engine               - language: ObjectProperty [value: ENGLISH]
12:03:33.032 [FXGL Background Thread 3 ] DEBUG Engine               - menuKey: ESCAPE
12:03:33.033 [FXGL Background Thread 3 ] DEBUG Engine               - mouseSensitivity: 0.2
12:03:33.033 [FXGL Background Thread 3 ] DEBUG Engine               - notificationViewClass: class com.almasb.fxgl.notification.view.XboxNotificationView
12:03:33.033 [FXGL Background Thread 3 ] DEBUG Engine               - pixelsPerMeter: 50.0
12:03:33.033 [FXGL Background Thread 3 ] DEBUG Engine               - platform: WINDOWS
12:03:33.033 [FXGL Background Thread 3 ] DEBUG Engine               - prefHeightProperty: ReadOnlyDoubleProperty [value: 864.0]
12:03:33.034 [FXGL Background Thread 3 ] DEBUG Engine               - prefWidthProperty: ReadOnlyDoubleProperty [value: 1536.0]
12:03:33.034 [FXGL Background Thread 3 ] DEBUG Engine               - profileDir: profiles/
12:03:33.034 [FXGL Background Thread 3 ] DEBUG Engine               - profileName: StringProperty [value: DEFAULT]
12:03:33.034 [FXGL Background Thread 3 ] DEBUG Engine               - randomSeed: -1
12:03:33.035 [FXGL Background Thread 3 ] DEBUG Engine               - runtimeInfo: RuntimeInfo(platform=WINDOWS, version=17.3, build=30.03.2023 11.49)
12:03:33.035 [FXGL Background Thread 3 ] DEBUG Engine               - saveFileExt: sav
12:03:33.036 [FXGL Background Thread 3 ] DEBUG Engine               - scaledHeightProp$fxgl: DoubleProperty [bound, value: 864.0]
12:03:33.036 [FXGL Background Thread 3 ] DEBUG Engine               - scaledWidthProp$fxgl: DoubleProperty [bound, value: 1536.0]
12:03:33.036 [FXGL Background Thread 3 ] DEBUG Engine               - sceneFactory: com.almasb.fxgl.app.scene.SceneFactory@3cfee72c
12:03:33.037 [FXGL Background Thread 3 ] DEBUG Engine               - secondsIn24h: 60
12:03:33.037 [FXGL Background Thread 3 ] DEBUG Engine               - soundMenuBack: menu/back.wav
12:03:33.037 [FXGL Background Thread 3 ] DEBUG Engine               - soundMenuPress: menu/press.wav
12:03:33.038 [FXGL Background Thread 3 ] DEBUG Engine               - soundMenuSelect: menu/select.wav
12:03:33.038 [FXGL Background Thread 3 ] DEBUG Engine               - soundNotification: core/notification.wav
12:03:33.038 [FXGL Background Thread 3 ] DEBUG Engine               - stageStyle: DECORATED
12:03:33.038 [FXGL Background Thread 3 ] DEBUG Engine               - supportedLanguages: [ENGLISH, FRENCH, GERMAN, HUNGARIAN, RUSSIAN]
12:03:33.038 [FXGL Background Thread 3 ] DEBUG Engine               - ticksPerSecond: -1
12:03:33.039 [FXGL Background Thread 3 ] DEBUG Engine               - title: Megaman
12:03:33.039 [FXGL Background Thread 3 ] DEBUG Engine               - urlGithub: https://github.com/AlmasB/FXGL
12:03:33.039 [FXGL Background Thread 3 ] DEBUG Engine               - urlLeaderboard: http://fxgl-top.herokuapp.com/
12:03:33.039 [FXGL Background Thread 3 ] DEBUG Engine               - urlPOM: https://raw.githubusercontent.com/AlmasB/FXGL/release/README.md
12:03:33.039 [FXGL Background Thread 3 ] DEBUG Engine               - userAppClass: class com.game.megaman2.MegamanApplication
12:03:33.040 [FXGL Background Thread 3 ] DEBUG Engine               - version: 0.1
12:03:33.040 [FXGL Background Thread 3 ] DEBUG Engine               - versionCheckDays: 7
12:03:33.040 [FXGL Background Thread 3 ] DEBUG Engine               - width: 1536
12:03:33.040 [FXGL Background Thread 3 ] DEBUG Engine               - Logging services
12:03:33.040 [FXGL Background Thread 3 ] DEBUG Engine               - class com.almasb.fxgl.app.services.FXGLAssetLoaderService
12:03:33.040 [FXGL Background Thread 3 ] DEBUG Engine               - class com.almasb.fxgl.app.FXGLApplication$GameApplicationService
12:03:33.041 [FXGL Background Thread 3 ] DEBUG Engine               - class com.almasb.fxgl.app.services.FXGLDialogService
12:03:33.041 [FXGL Background Thread 3 ] DEBUG Engine               - class com.almasb.fxgl.app.services.IOTaskExecutorService
12:03:33.041 [FXGL Background Thread 3 ] DEBUG Engine               - class com.almasb.fxgl.io.FileSystemService
12:03:33.041 [FXGL Background Thread 3 ] DEBUG Engine               - class com.almasb.fxgl.localization.LocalizationService
12:03:33.041 [FXGL Background Thread 3 ] DEBUG Engine               - class com.almasb.fxgl.app.services.SystemBundleService
12:03:33.041 [FXGL Background Thread 3 ] DEBUG Engine               - class com.almasb.fxgl.profile.SaveLoadService
12:03:33.041 [FXGL Background Thread 3 ] DEBUG Engine               - class com.almasb.fxgl.ui.FXGLUIFactoryServiceProvider
12:03:33.042 [FXGL Background Thread 3 ] DEBUG Engine               - class com.almasb.fxgl.ui.FXGLDialogFactoryServiceProvider
12:03:33.042 [FXGL Background Thread 3 ] DEBUG Engine               - class com.almasb.fxgl.audio.AudioPlayer
12:03:33.042 [FXGL Background Thread 3 ] DEBUG Engine               - class com.almasb.fxgl.notification.impl.NotificationServiceProvider
12:03:33.042 [FXGL Background Thread 3 ] DEBUG Engine               - class com.almasb.fxgl.achievement.AchievementService
12:03:33.042 [FXGL Background Thread 3 ] DEBUG Engine               - class com.almasb.fxgl.cutscene.CutsceneService
12:03:33.042 [FXGL Background Thread 3 ] DEBUG Engine               - class com.almasb.fxgl.minigames.MiniGameService
12:03:33.042 [FXGL Background Thread 3 ] DEBUG Engine               - class com.almasb.fxgl.net.NetService
12:03:33.042 [FXGL Background Thread 3 ] DEBUG Engine               - class com.almasb.fxgl.app.services.UpdaterService
12:03:33.043 [FXGL Background Thread 3 ] DEBUG Engine               - class com.almasb.fxgl.dev.DevService
12:03:36.467 [JavaFX Application Thread] DEBUG PrimaryStageWindow   - Push state: FXGLDefaultMenu
12:03:36.473 [JavaFX Application Thread] DEBUG Input                - Clearing active input actions
12:03:36.488 [JavaFX Application Thread] DEBUG GameApplicationServi - Removing overlay from GameScene and adding to FXGLDefaultMenu
12:03:36.489 [JavaFX Application Thread] DEBUG PrimaryStageWindow   - GameScene -> FXGLDefaultMenu
12:03:37.976 [JavaFX Application Thread] DEBUG Menu                 - fireExit()
12:03:37.978 [JavaFX Application Thread] DEBUG PrimaryStageWindow   - Push state: DialogSubScene
12:03:37.978 [JavaFX Application Thread] DEBUG Input                - Clearing active input actions
12:03:37.979 [JavaFX Application Thread] DEBUG GameApplicationServi - Removing overlay from FXGLDefaultMenu and adding to DialogSubScene
12:03:37.979 [JavaFX Application Thread] DEBUG PrimaryStageWindow   - FXGLDefaultMenu -> DialogSubScene
12:03:39.151 [JavaFX Application Thread] DEBUG PrimaryStageWindow   - Pop state: DialogSubScene
12:03:39.151 [JavaFX Application Thread] DEBUG Input                - Clearing active input actions
12:03:39.153 [JavaFX Application Thread] DEBUG GameApplicationServi - Removing overlay from DialogSubScene and adding to FXGLDefaultMenu
12:03:39.154 [JavaFX Application Thread] DEBUG PrimaryStageWindow   - FXGLDefaultMenu <- DialogSubScene
12:03:39.154 [JavaFX Application Thread] DEBUG FXGLApplication      - Exiting FXGL
12:03:39.154 [JavaFX Application Thread] DEBUG LoopRunner           - Stopping loop
12:03:39.154 [JavaFX Application Thread] DEBUG SystemBundleService  - Saving FXGL system data
12:03:39.160 [JavaFX Application Thread] DEBUG FileSystemAccess     - Writing to: C:\Users\enric\Desktop\robe mie\Fermi\triennio\Informatica\Intellij\GiocoClasseQuarta\system\fxgl.bundle
12:03:39.165 [JavaFX Application Thread] DEBUG Async                - Shutting down background threads
12:03:39.165 [JavaFX Application Thread] DEBUG PrimaryStageWindow   - Closing main window
12:03:39.199 [JavaFX Application Thread] DEBUG Logger               - Closing Logger
