10:51:42.147 [main                     ] DEBUG Logger               - Configured Logger
10:51:42.159 [main                     ] DEBUG GameApplication      - Logging settings
Title: Megaman
Version: 0.1
Width: 1920
Height: 1080
Fullscreen: true
Intro: false
Profiling: false
Single step:false
App Mode: DEVELOPER
Menu Key: ESCAPE
Stage Style: DECORATED
Scene Factory: class com.almasb.fxgl.app.scene.SceneFactory

10:51:42.403 [JavaFX Application Thread] DEBUG FXGLApplication      - Initializing FXGL
10:51:42.407 [JavaFX Application Thread] INFO  Engine               - FXGL-17.3 (30.03.2023 11.49) on WINDOWS (J:22.0.1 FX:22-ea)
10:51:42.407 [JavaFX Application Thread] DEBUG Engine               - JRE Vendor Name: Oracle Corporation
10:51:42.407 [JavaFX Application Thread] DEBUG Engine               - Running on OS: Windows 11 version 10.0
10:51:42.408 [JavaFX Application Thread] DEBUG Engine               - Architecture: amd64
10:51:42.408 [JavaFX Application Thread] INFO  Engine               - Source code and latest versions at: https://github.com/AlmasB/FXGL
10:51:42.408 [JavaFX Application Thread] INFO  Engine               -       Ask questions and discuss at: https://github.com/AlmasB/FXGL/discussions
10:51:42.408 [JavaFX Application Thread] INFO  Engine               -              Join the FXGL chat at: https://gitter.im/AlmasB/FXGL
10:51:42.488 [JavaFX Application Thread] DEBUG PrimaryStageWindow   - Creating a JavaFX scene
10:51:42.528 [JavaFX Application Thread] DEBUG PrimaryStageWindow   - Target settings size: 1920.0 x 1080.0
10:51:42.528 [JavaFX Application Thread] DEBUG PrimaryStageWindow   - Scaled scene size:    1920.0 x 1080.0
10:51:42.528 [JavaFX Application Thread] DEBUG PrimaryStageWindow   - Scaled ratio: (1.0, 1.0)
10:51:42.530 [JavaFX Application Thread] DEBUG PrimaryStageWindow   - Set initial scene to FXGLStartupScene
10:51:42.533 [JavaFX Application Thread] DEBUG PrimaryStageWindow   - Opening main window
10:51:42.605 [JavaFX Application Thread] DEBUG PrimaryStageWindow   - Window border size: (16.0, 39.0)
10:51:42.605 [JavaFX Application Thread] DEBUG PrimaryStageWindow   - Scaled size: 1920.0 x 1080.0
10:51:42.605 [JavaFX Application Thread] DEBUG PrimaryStageWindow   - Scaled ratio: (1.0, 1.0)
10:51:42.606 [JavaFX Application Thread] DEBUG PrimaryStageWindow   - Scene size: 1920.0 x 1080.0
10:51:42.606 [JavaFX Application Thread] DEBUG PrimaryStageWindow   - Stage size: 1936.0 x 1119.0
10:51:42.678 [JavaFX Application Thread] DEBUG PrimaryStageWindow   - Going fullscreen
10:51:42.694 [FXGL Background Thread 1 ] DEBUG Engine               - Initializing environment variables
10:51:42.738 [FXGL Background Thread 1 ] DEBUG FXGLAssetLoaderServi - User app class for loading assets: class com.game.megaman2.MegamanApplication
10:51:42.738 [FXGL Background Thread 1 ] DEBUG GameApplicationServi - Applying CSS: fxgl_dark.css
10:51:42.739 [FXGL Background Thread 1 ] DEBUG FXGLAssetLoaderServi - Loading from file system: jar:file:///C:/Users/EnricoGhezzo/.m2/repository/com/github/almasb/fxgl/17.3/fxgl-17.3.jar!/fxglassets/ui/css/fxgl_dark.css
10:51:42.777 [FXGL Background Thread 1 ] DEBUG GameApplicationServi - Initializing application scenes
10:51:42.809 [FXGL Background Thread 1 ] DEBUG GameWorld            - Game world initialized
10:51:42.868 [FXGL Background Thread 1 ] DEBUG PhysicsWorld         - Physics world initialized: appHeight=1080, physics.ppm=50,0
10:51:42.868 [FXGL Background Thread 1 ] DEBUG PhysicsWorld         - Using strategy: BRUTE_FORCE
10:51:42.870 [FXGL Background Thread 1 ] DEBUG GameScene            - Game scene initialized: 1920x1080
10:51:42.882 [FXGL Background Thread 1 ] DEBUG FXGL.DefaultMenu     - createMenuBodyGameMenu()
10:51:42.894 [FXGL Background Thread 1 ] DEBUG FXGL.DefaultMenu     - createOptionsMenu()
10:51:42.901 [FXGL Background Thread 1 ] DEBUG FXGLAssetLoaderServi - Loading from file system: jar:file:///C:/Users/EnricoGhezzo/.m2/repository/com/github/almasb/fxgl/17.3/fxgl-17.3.jar!/fxglassets/textures/particles/smoke.png
10:51:42.970 [FXGL Background Thread 1 ] DEBUG FXGLAssetLoaderServi - Loading from file system: jar:file:///C:/Users/EnricoGhezzo/.m2/repository/com/github/almasb/fxgl/17.3/fxgl-17.3.jar!/fxglassets/textures/particles/trace_horizontal.png
10:51:42.991 [FXGL Background Thread 1 ] DEBUG GameApplicationServi - Application scenes initialized
10:51:43.003 [FXGL Background Thread 1 ] DEBUG SystemBundleService  - Loading FXGL system data
10:51:43.007 [FXGL Background Thread 1 ] DEBUG FileSystemAccess     - Reading from: C:\Users\EnricoGhezzo\OneDrive - I.I.S. Vendramin Corner\Desktop\Java\GiocoClasseQuarta\system\fxgl.bundle
10:51:43.014 [FXGL Background Thread 1 ] DEBUG SystemBundleService  - Bundle FXGL: {}
10:51:43.014 [FXGL Background Thread 1 ] DEBUG UpdaterService       - Checking for updates
10:51:43.017 [FXGL Background Thread 4 ] DEBUG FXGLApplication      - Loading fonts
10:51:43.018 [FXGL Background Thread 4 ] DEBUG FXGLAssetLoaderServi - Loading from file system: jar:file:///C:/Users/EnricoGhezzo/.m2/repository/com/github/almasb/fxgl/17.3/fxgl-17.3.jar!/fxglassets/ui/fonts/VarelaRound-Regular.ttf
10:51:43.018 [FXGL Background Thread 1 ] DEBUG FXGLApplication      - Loading default localization
10:51:43.018 [FXGL Background Thread 1 ] DEBUG FXGLAssetLoaderServi - Loading from file system: jar:file:///C:/Users/EnricoGhezzo/.m2/repository/com/github/almasb/fxgl/17.3/fxgl-17.3.jar!/fxglassets/languages/english.lang
10:51:43.046 [FXGL Background Thread 1 ] INFO  FXGLApplication      - FXGL initialization took: 0,352 sec
10:51:43.055 [FXGL Background Thread 4 ] DEBUG FXGLAssetLoaderServi - Loading from file system: jar:file:///C:/Users/EnricoGhezzo/.m2/repository/com/github/almasb/fxgl/17.3/fxgl-17.3.jar!/fxglassets/ui/fonts/Abel-Regular.ttf
10:51:43.056 [JavaFX Application Thread] DEBUG Input                - Registered new binding: Move Right - D
10:51:43.057 [JavaFX Application Thread] DEBUG Input                - Registered new binding: Move Left - A
10:51:43.057 [JavaFX Application Thread] DEBUG Input                - Registered new binding: Jump - Space
10:51:43.058 [JavaFX Application Thread] DEBUG FXGLAssetLoaderServi - Loading from file system: jar:file:///C:/Users/EnricoGhezzo/.m2/repository/com/github/almasb/fxgl/17.3/fxgl-17.3.jar!/fxglassets/textures/fxgl_icon.png
10:51:43.064 [FXGL Background Thread 4 ] DEBUG FXGLAssetLoaderServi - Loading from file system: jar:file:///C:/Users/EnricoGhezzo/.m2/repository/com/github/almasb/fxgl/17.3/fxgl-17.3.jar!/fxglassets/ui/fonts/TerminalLandMono-Regular.otf
10:51:43.074 [FXGL Background Thread 4 ] DEBUG FXGLAssetLoaderServi - Loading from file system: jar:file:///C:/Users/EnricoGhezzo/.m2/repository/com/github/almasb/fxgl/17.3/fxgl-17.3.jar!/fxglassets/ui/fonts/Courier-Prime.ttf
10:51:43.075 [JavaFX Application Thread] DEBUG FXGLAssetLoaderServi - Loading from file system: jar:file:///C:/Users/EnricoGhezzo/.m2/repository/com/github/almasb/fxgl/17.3/fxgl-17.3.jar!/fxglassets/textures/fxgl_default_cursor.png
10:51:43.076 [JavaFX Application Thread] DEBUG Input                - Registered new binding: Screenshot - CTRL+8
10:51:43.077 [JavaFX Application Thread] DEBUG Input                - Registered new binding: System info dump - CTRL+9
10:51:43.077 [JavaFX Application Thread] DEBUG Input                - Registered new binding: Restart - CTRL+R
10:51:43.078 [JavaFX Application Thread] DEBUG Input                - Registered new binding: Toggle Debug Camera - CTRL+7
10:51:43.081 [JavaFX Application Thread] DEBUG LoopRunner           - Starting loop
10:51:43.082 [JavaFX Application Thread] DEBUG LoopRunner           - Initializing JavaFX AnimationTimerLoop
10:51:43.083 [JavaFX Application Thread] DEBUG GameApplicationServi - Starting new game
10:51:43.083 [JavaFX Application Thread] DEBUG Input                - Clearing active input actions
10:51:43.093 [JavaFX Application Thread] DEBUG GameApplicationServi - Removing overlay from FXGLStartupScene and adding to FXGLLoadingScene
10:51:43.093 [JavaFX Application Thread] DEBUG PrimaryStageWindow   - FXGLStartupScene -> FXGLLoadingScene
10:51:43.093 [JavaFX Application Thread] DEBUG GameApplicationServi - Clearing previous game
10:51:43.094 [JavaFX Application Thread] DEBUG GameScene            - Clearing game scene
10:51:43.094 [JavaFX Application Thread] DEBUG GameWorld            - Clearing game world
10:51:43.094 [JavaFX Application Thread] DEBUG PhysicsWorld         - Clearing physics world
10:51:43.095 [FXGL Background Thread 4 ] DEBUG FXGLApplication      - Initializing game
10:51:43.095 [JavaFX Application Thread] DEBUG FXGLApplication      - Registering font factories with UI factory
10:51:43.096 [FXGL Background Thread 4 ] DEBUG FXGLAssetLoaderServi - Loading from file system: file:/C:/Users/EnricoGhezzo/OneDrive%20-%20I.I.S.%20Vendramin%20Corner/Desktop/Java/GiocoClasseQuarta/target/classes/assets/textures/spawn8.png
10:51:43.138 [FXGL Background Thread 4 ] DEBUG FXGLAssetLoaderServi - Loading from file system: file:/C:/Users/EnricoGhezzo/OneDrive%20-%20I.I.S.%20Vendramin%20Corner/Desktop/Java/GiocoClasseQuarta/target/classes/assets/textures/corsa/corsa1.png
10:51:43.139 [FXGL Background Thread 4 ] DEBUG FXGLAssetLoaderServi - Loading from file system: file:/C:/Users/EnricoGhezzo/OneDrive%20-%20I.I.S.%20Vendramin%20Corner/Desktop/Java/GiocoClasseQuarta/target/classes/assets/textures/corsa/corsa2.png
10:51:43.140 [FXGL Background Thread 4 ] DEBUG FXGLAssetLoaderServi - Loading from file system: file:/C:/Users/EnricoGhezzo/OneDrive%20-%20I.I.S.%20Vendramin%20Corner/Desktop/Java/GiocoClasseQuarta/target/classes/assets/textures/corsa/corsa3.png
10:51:43.141 [FXGL Background Thread 4 ] DEBUG FXGLAssetLoaderServi - Loading from file system: file:/C:/Users/EnricoGhezzo/OneDrive%20-%20I.I.S.%20Vendramin%20Corner/Desktop/Java/GiocoClasseQuarta/target/classes/assets/textures/corsa/corsa4.png
10:51:43.142 [FXGL Background Thread 4 ] DEBUG FXGLAssetLoaderServi - Loading from file system: file:/C:/Users/EnricoGhezzo/OneDrive%20-%20I.I.S.%20Vendramin%20Corner/Desktop/Java/GiocoClasseQuarta/target/classes/assets/textures/corsa/corsa5.png
10:51:43.144 [FXGL Background Thread 4 ] DEBUG FXGLAssetLoaderServi - Loading from file system: file:/C:/Users/EnricoGhezzo/OneDrive%20-%20I.I.S.%20Vendramin%20Corner/Desktop/Java/GiocoClasseQuarta/target/classes/assets/textures/corsa/corsa6.png
10:51:43.145 [FXGL Background Thread 4 ] DEBUG FXGLAssetLoaderServi - Loading from file system: file:/C:/Users/EnricoGhezzo/OneDrive%20-%20I.I.S.%20Vendramin%20Corner/Desktop/Java/GiocoClasseQuarta/target/classes/assets/textures/corsa/corsa7.png
10:51:43.146 [FXGL Background Thread 4 ] DEBUG FXGLAssetLoaderServi - Loading from file system: file:/C:/Users/EnricoGhezzo/OneDrive%20-%20I.I.S.%20Vendramin%20Corner/Desktop/Java/GiocoClasseQuarta/target/classes/assets/textures/corsa/corsa8.png
10:51:43.148 [FXGL Background Thread 4 ] DEBUG FXGLAssetLoaderServi - Loading from file system: file:/C:/Users/EnricoGhezzo/OneDrive%20-%20I.I.S.%20Vendramin%20Corner/Desktop/Java/GiocoClasseQuarta/target/classes/assets/textures/corsa/corsa9.png
10:51:43.149 [FXGL Background Thread 4 ] DEBUG FXGLAssetLoaderServi - Loading from file system: file:/C:/Users/EnricoGhezzo/OneDrive%20-%20I.I.S.%20Vendramin%20Corner/Desktop/Java/GiocoClasseQuarta/target/classes/assets/textures/corsa/corsa10.png
10:51:43.150 [FXGL Background Thread 4 ] DEBUG FXGLAssetLoaderServi - Loading from file system: file:/C:/Users/EnricoGhezzo/OneDrive%20-%20I.I.S.%20Vendramin%20Corner/Desktop/Java/GiocoClasseQuarta/target/classes/assets/textures/corsa/corsa11.png
10:51:43.152 [FXGL Background Thread 4 ] DEBUG FXGLAssetLoaderServi - Loading from file system: file:/C:/Users/EnricoGhezzo/OneDrive%20-%20I.I.S.%20Vendramin%20Corner/Desktop/Java/GiocoClasseQuarta/target/classes/assets/textures/sfondo1.jpg
10:51:43.174 [FXGL Background Thread 4 ] INFO  FXGLApplication      - Game initialization took: 0,080 sec
10:51:43.218 [JavaFX Application Thread] DEBUG Input                - Clearing active input actions
10:51:43.225 [JavaFX Application Thread] DEBUG GameApplicationServi - Removing overlay from FXGLLoadingScene and adding to GameScene
10:51:43.225 [JavaFX Application Thread] DEBUG PrimaryStageWindow   - FXGLLoadingScene -> GameScene
10:51:43.394 [FXGL Background Thread 2 ] INFO  UpdaterService       - Your current version:  17.3
10:51:43.394 [FXGL Background Thread 2 ] INFO  UpdaterService       - Latest stable version: 21.1
10:51:46.017 [FXGL Background Thread 3 ] DEBUG Engine               - Logging environment variables
10:51:46.019 [FXGL Background Thread 3 ] DEBUG Engine               - achievements: []
10:51:46.019 [FXGL Background Thread 3 ] DEBUG Engine               - actualHeight: 1080.0
10:51:46.020 [FXGL Background Thread 3 ] DEBUG Engine               - actualHeightProperty: ReadOnlyDoubleProperty [value: 1080.0]
10:51:46.020 [FXGL Background Thread 3 ] DEBUG Engine               - actualWidth: 1920.0
10:51:46.020 [FXGL Background Thread 3 ] DEBUG Engine               - actualWidthProperty: ReadOnlyDoubleProperty [value: 1920.0]
10:51:46.020 [FXGL Background Thread 3 ] DEBUG Engine               - appIcon: fxgl_icon.png
10:51:46.021 [FXGL Background Thread 3 ] DEBUG Engine               - applicationMode: DEVELOPER
10:51:46.021 [FXGL Background Thread 3 ] DEBUG Engine               - cSSList: [fxgl_dark.css]
10:51:46.021 [FXGL Background Thread 3 ] DEBUG Engine               - collisionDetectionStrategy: BRUTE_FORCE
10:51:46.021 [FXGL Background Thread 3 ] DEBUG Engine               - configClass: Optional.empty
10:51:46.021 [FXGL Background Thread 3 ] DEBUG Engine               - credits: []
10:51:46.023 [FXGL Background Thread 3 ] DEBUG Engine               - defaultCursor: CursorInfo(imageName=fxgl_default_cursor.png, hotspotX=7.0, hotspotY=6.0)
10:51:46.023 [FXGL Background Thread 3 ] DEBUG Engine               - devBBoxColorProperty: ObjectProperty [value: 0xff0000ff]
10:51:46.024 [FXGL Background Thread 3 ] DEBUG Engine               - devEnableDebugCameraProperty: BooleanProperty [value: false]
10:51:46.024 [FXGL Background Thread 3 ] DEBUG Engine               - devSensorColorProperty: ObjectProperty [value: 0xffff00ff]
10:51:46.025 [FXGL Background Thread 3 ] DEBUG Engine               - devShowBBoxProperty: BooleanProperty [value: false]
10:51:46.025 [FXGL Background Thread 3 ] DEBUG Engine               - devShowPositionProperty: BooleanProperty [value: false]
10:51:46.025 [FXGL Background Thread 3 ] DEBUG Engine               - enabledMenuItems: []
10:51:46.026 [FXGL Background Thread 3 ] DEBUG Engine               - engineServices: [class com.almasb.fxgl.app.services.FXGLAssetLoaderService, class com.almasb.fxgl.app.FXGLApplication$GameApplicationService, class com.almasb.fxgl.app.services.FXGLDialogService, class com.almasb.fxgl.app.services.IOTaskExecutorService, class com.almasb.fxgl.io.FileSystemService, class com.almasb.fxgl.localization.LocalizationService, class com.almasb.fxgl.app.services.SystemBundleService, class com.almasb.fxgl.profile.SaveLoadService, class com.almasb.fxgl.ui.FXGLUIFactoryServiceProvider, class com.almasb.fxgl.ui.FXGLDialogFactoryServiceProvider, class com.almasb.fxgl.audio.AudioPlayer, class com.almasb.fxgl.notification.impl.NotificationServiceProvider, class com.almasb.fxgl.achievement.AchievementService, class com.almasb.fxgl.cutscene.CutsceneService, class com.almasb.fxgl.minigames.MiniGameService, class com.almasb.fxgl.net.NetService, class com.almasb.fxgl.app.services.UpdaterService, class com.almasb.fxgl.dev.DevService]
10:51:46.026 [FXGL Background Thread 3 ] DEBUG Engine               - fontGame: Abel-Regular.ttf
10:51:46.026 [FXGL Background Thread 3 ] DEBUG Engine               - fontMono: TerminalLandMono-Regular.otf
10:51:46.026 [FXGL Background Thread 3 ] DEBUG Engine               - fontSizeScaleUI: 1.0
10:51:46.026 [FXGL Background Thread 3 ] DEBUG Engine               - fontText: Courier-Prime.ttf
10:51:46.027 [FXGL Background Thread 3 ] DEBUG Engine               - fontUI: VarelaRound-Regular.ttf
10:51:46.027 [FXGL Background Thread 3 ] DEBUG Engine               - fullScreen: BooleanProperty [value: true]
10:51:46.027 [FXGL Background Thread 3 ] DEBUG Engine               - gameDifficulty: MEDIUM
10:51:46.027 [FXGL Background Thread 3 ] DEBUG Engine               - gameDifficultyProperty: ObjectProperty [value: MEDIUM]
10:51:46.027 [FXGL Background Thread 3 ] DEBUG Engine               - globalMusicVolume: 0.5
10:51:46.028 [FXGL Background Thread 3 ] DEBUG Engine               - globalMusicVolumeProperty: DoubleProperty [value: 0.5]
10:51:46.028 [FXGL Background Thread 3 ] DEBUG Engine               - globalSoundVolume: 0.5
10:51:46.028 [FXGL Background Thread 3 ] DEBUG Engine               - globalSoundVolumeProperty: DoubleProperty [value: 0.5]
10:51:46.028 [FXGL Background Thread 3 ] DEBUG Engine               - height: 1080
10:51:46.029 [FXGL Background Thread 3 ] DEBUG Engine               - is3D: false
10:51:46.029 [FXGL Background Thread 3 ] DEBUG Engine               - isAndroid: false
10:51:46.029 [FXGL Background Thread 3 ] DEBUG Engine               - isBrowser: false
10:51:46.029 [FXGL Background Thread 3 ] DEBUG Engine               - isClickFeedbackEnabled: false
10:51:46.029 [FXGL Background Thread 3 ] DEBUG Engine               - isCloseConfirmation: false
10:51:46.030 [FXGL Background Thread 3 ] DEBUG Engine               - isDesktop: true
10:51:46.030 [FXGL Background Thread 3 ] DEBUG Engine               - isDeveloperMenuEnabled: false
10:51:46.030 [FXGL Background Thread 3 ] DEBUG Engine               - isEmbedded: false
10:51:46.030 [FXGL Background Thread 3 ] DEBUG Engine               - isEntityPreloadEnabled: true
10:51:46.030 [FXGL Background Thread 3 ] DEBUG Engine               - isExperimentalTiledLargeMap: false
10:51:46.030 [FXGL Background Thread 3 ] DEBUG Engine               - isFileSystemWriteAllowed: true
10:51:46.031 [FXGL Background Thread 3 ] DEBUG Engine               - isFullScreenAllowed: true
10:51:46.031 [FXGL Background Thread 3 ] DEBUG Engine               - isFullScreenFromStart: true
10:51:46.031 [FXGL Background Thread 3 ] DEBUG Engine               - isGameMenuEnabled: true
10:51:46.031 [FXGL Background Thread 3 ] DEBUG Engine               - isIOS: false
10:51:46.031 [FXGL Background Thread 3 ] DEBUG Engine               - isIntroEnabled: false
10:51:46.031 [FXGL Background Thread 3 ] DEBUG Engine               - isLinux: false
10:51:46.031 [FXGL Background Thread 3 ] DEBUG Engine               - isMac: false
10:51:46.032 [FXGL Background Thread 3 ] DEBUG Engine               - isMainMenuEnabled: false
10:51:46.032 [FXGL Background Thread 3 ] DEBUG Engine               - isManualResizeEnabled: false
10:51:46.032 [FXGL Background Thread 3 ] DEBUG Engine               - isMobile: false
10:51:46.032 [FXGL Background Thread 3 ] DEBUG Engine               - isNative: false
10:51:46.032 [FXGL Background Thread 3 ] DEBUG Engine               - isPauseMusicWhenMinimized: true
10:51:46.032 [FXGL Background Thread 3 ] DEBUG Engine               - isPreserveResizeRatio: false
10:51:46.032 [FXGL Background Thread 3 ] DEBUG Engine               - isProfilingEnabled: false
10:51:46.032 [FXGL Background Thread 3 ] DEBUG Engine               - isScaleAffectedOnResize: true
10:51:46.033 [FXGL Background Thread 3 ] DEBUG Engine               - isSingleStep: false
10:51:46.033 [FXGL Background Thread 3 ] DEBUG Engine               - isUserProfileEnabled: false
10:51:46.033 [FXGL Background Thread 3 ] DEBUG Engine               - isWindows: true
10:51:46.033 [FXGL Background Thread 3 ] DEBUG Engine               - language: ObjectProperty [value: ENGLISH]
10:51:46.033 [FXGL Background Thread 3 ] DEBUG Engine               - menuKey: ESCAPE
10:51:46.033 [FXGL Background Thread 3 ] DEBUG Engine               - mouseSensitivity: 0.2
10:51:46.033 [FXGL Background Thread 3 ] DEBUG Engine               - notificationViewClass: class com.almasb.fxgl.notification.view.XboxNotificationView
10:51:46.034 [FXGL Background Thread 3 ] DEBUG Engine               - pixelsPerMeter: 50.0
10:51:46.034 [FXGL Background Thread 3 ] DEBUG Engine               - platform: WINDOWS
10:51:46.034 [FXGL Background Thread 3 ] DEBUG Engine               - prefHeightProperty: ReadOnlyDoubleProperty [value: 1080.0]
10:51:46.034 [FXGL Background Thread 3 ] DEBUG Engine               - prefWidthProperty: ReadOnlyDoubleProperty [value: 1920.0]
10:51:46.034 [FXGL Background Thread 3 ] DEBUG Engine               - profileDir: profiles/
10:51:46.034 [FXGL Background Thread 3 ] DEBUG Engine               - profileName: StringProperty [value: DEFAULT]
10:51:46.034 [FXGL Background Thread 3 ] DEBUG Engine               - randomSeed: -1
10:51:46.035 [FXGL Background Thread 3 ] DEBUG Engine               - runtimeInfo: RuntimeInfo(platform=WINDOWS, version=17.3, build=30.03.2023 11.49)
10:51:46.035 [FXGL Background Thread 3 ] DEBUG Engine               - saveFileExt: sav
10:51:46.035 [FXGL Background Thread 3 ] DEBUG Engine               - scaledHeightProp$fxgl: DoubleProperty [bound, value: 1080.0]
10:51:46.035 [FXGL Background Thread 3 ] DEBUG Engine               - scaledWidthProp$fxgl: DoubleProperty [bound, value: 1920.0]
10:51:46.035 [FXGL Background Thread 3 ] DEBUG Engine               - sceneFactory: com.almasb.fxgl.app.scene.SceneFactory@2864c1e0
10:51:46.036 [FXGL Background Thread 3 ] DEBUG Engine               - secondsIn24h: 60
10:51:46.036 [FXGL Background Thread 3 ] DEBUG Engine               - soundMenuBack: menu/back.wav
10:51:46.036 [FXGL Background Thread 3 ] DEBUG Engine               - soundMenuPress: menu/press.wav
10:51:46.036 [FXGL Background Thread 3 ] DEBUG Engine               - soundMenuSelect: menu/select.wav
10:51:46.036 [FXGL Background Thread 3 ] DEBUG Engine               - soundNotification: core/notification.wav
10:51:46.036 [FXGL Background Thread 3 ] DEBUG Engine               - stageStyle: DECORATED
10:51:46.036 [FXGL Background Thread 3 ] DEBUG Engine               - supportedLanguages: [ENGLISH, FRENCH, GERMAN, HUNGARIAN, RUSSIAN]
10:51:46.036 [FXGL Background Thread 3 ] DEBUG Engine               - ticksPerSecond: -1
10:51:46.036 [FXGL Background Thread 3 ] DEBUG Engine               - title: Megaman
10:51:46.037 [FXGL Background Thread 3 ] DEBUG Engine               - urlGithub: https://github.com/AlmasB/FXGL
10:51:46.037 [FXGL Background Thread 3 ] DEBUG Engine               - urlLeaderboard: http://fxgl-top.herokuapp.com/
10:51:46.037 [FXGL Background Thread 3 ] DEBUG Engine               - urlPOM: https://raw.githubusercontent.com/AlmasB/FXGL/release/README.md
10:51:46.037 [FXGL Background Thread 3 ] DEBUG Engine               - userAppClass: class com.game.megaman2.MegamanApplication
10:51:46.037 [FXGL Background Thread 3 ] DEBUG Engine               - version: 0.1
10:51:46.037 [FXGL Background Thread 3 ] DEBUG Engine               - versionCheckDays: 7
10:51:46.037 [FXGL Background Thread 3 ] DEBUG Engine               - width: 1920
10:51:46.037 [FXGL Background Thread 3 ] DEBUG Engine               - Logging services
10:51:46.037 [FXGL Background Thread 3 ] DEBUG Engine               - class com.almasb.fxgl.app.services.FXGLAssetLoaderService
10:51:46.037 [FXGL Background Thread 3 ] DEBUG Engine               - class com.almasb.fxgl.app.FXGLApplication$GameApplicationService
10:51:46.038 [FXGL Background Thread 3 ] DEBUG Engine               - class com.almasb.fxgl.app.services.FXGLDialogService
10:51:46.038 [FXGL Background Thread 3 ] DEBUG Engine               - class com.almasb.fxgl.app.services.IOTaskExecutorService
10:51:46.038 [FXGL Background Thread 3 ] DEBUG Engine               - class com.almasb.fxgl.io.FileSystemService
10:51:46.038 [FXGL Background Thread 3 ] DEBUG Engine               - class com.almasb.fxgl.localization.LocalizationService
10:51:46.038 [FXGL Background Thread 3 ] DEBUG Engine               - class com.almasb.fxgl.app.services.SystemBundleService
10:51:46.038 [FXGL Background Thread 3 ] DEBUG Engine               - class com.almasb.fxgl.profile.SaveLoadService
10:51:46.038 [FXGL Background Thread 3 ] DEBUG Engine               - class com.almasb.fxgl.ui.FXGLUIFactoryServiceProvider
10:51:46.038 [FXGL Background Thread 3 ] DEBUG Engine               - class com.almasb.fxgl.ui.FXGLDialogFactoryServiceProvider
10:51:46.038 [FXGL Background Thread 3 ] DEBUG Engine               - class com.almasb.fxgl.audio.AudioPlayer
10:51:46.038 [FXGL Background Thread 3 ] DEBUG Engine               - class com.almasb.fxgl.notification.impl.NotificationServiceProvider
10:51:46.038 [FXGL Background Thread 3 ] DEBUG Engine               - class com.almasb.fxgl.achievement.AchievementService
10:51:46.038 [FXGL Background Thread 3 ] DEBUG Engine               - class com.almasb.fxgl.cutscene.CutsceneService
10:51:46.039 [FXGL Background Thread 3 ] DEBUG Engine               - class com.almasb.fxgl.minigames.MiniGameService
10:51:46.039 [FXGL Background Thread 3 ] DEBUG Engine               - class com.almasb.fxgl.net.NetService
10:51:46.039 [FXGL Background Thread 3 ] DEBUG Engine               - class com.almasb.fxgl.app.services.UpdaterService
10:51:46.039 [FXGL Background Thread 3 ] DEBUG Engine               - class com.almasb.fxgl.dev.DevService
10:51:46.255 [JavaFX Application Thread] DEBUG PrimaryStageWindow   - Push state: FXGLDefaultMenu
10:51:46.258 [JavaFX Application Thread] DEBUG Input                - Clearing active input actions
10:51:46.275 [JavaFX Application Thread] DEBUG GameApplicationServi - Removing overlay from GameScene and adding to FXGLDefaultMenu
10:51:46.275 [JavaFX Application Thread] DEBUG PrimaryStageWindow   - GameScene -> FXGLDefaultMenu
10:51:47.506 [JavaFX Application Thread] DEBUG Menu                 - fireExit()
10:51:47.511 [JavaFX Application Thread] DEBUG PrimaryStageWindow   - Push state: DialogSubScene
10:51:47.511 [JavaFX Application Thread] DEBUG Input                - Clearing active input actions
10:51:47.511 [JavaFX Application Thread] DEBUG GameApplicationServi - Removing overlay from FXGLDefaultMenu and adding to DialogSubScene
10:51:47.512 [JavaFX Application Thread] DEBUG PrimaryStageWindow   - FXGLDefaultMenu -> DialogSubScene
10:51:48.451 [JavaFX Application Thread] DEBUG PrimaryStageWindow   - Pop state: DialogSubScene
10:51:48.451 [JavaFX Application Thread] DEBUG Input                - Clearing active input actions
10:51:48.452 [JavaFX Application Thread] DEBUG GameApplicationServi - Removing overlay from DialogSubScene and adding to FXGLDefaultMenu
10:51:48.452 [JavaFX Application Thread] DEBUG PrimaryStageWindow   - FXGLDefaultMenu <- DialogSubScene
10:51:48.452 [JavaFX Application Thread] DEBUG FXGLApplication      - Exiting FXGL
10:51:48.453 [JavaFX Application Thread] DEBUG LoopRunner           - Stopping loop
10:51:48.453 [JavaFX Application Thread] DEBUG SystemBundleService  - Saving FXGL system data
10:51:48.456 [JavaFX Application Thread] DEBUG FileSystemAccess     - Writing to: C:\Users\EnricoGhezzo\OneDrive - I.I.S. Vendramin Corner\Desktop\Java\GiocoClasseQuarta\system\fxgl.bundle
10:51:48.458 [JavaFX Application Thread] DEBUG Async                - Shutting down background threads
10:51:48.458 [JavaFX Application Thread] DEBUG PrimaryStageWindow   - Closing main window
10:51:48.484 [JavaFX Application Thread] DEBUG Logger               - Closing Logger
