20:22:13.499 [main                     ] DEBUG Logger               - Configured Logger
20:22:13.517 [main                     ] DEBUG GameApplication      - Logging settings
Title: Megaman
Version: 0.1
Width: 1536
Height: 864
Fullscreen: true
Intro: false
Profiling: false
Single step:false
App Mode: DEVELOPER
Menu Key: ESCAPE
Stage Style: DECORATED
Scene Factory: class com.almasb.fxgl.app.scene.SceneFactory

20:22:13.801 [JavaFX Application Thread] DEBUG FXGLApplication      - Initializing FXGL
20:22:13.806 [JavaFX Application Thread] INFO  Engine               - FXGL-17.3 (30.03.2023 11.49) on WINDOWS (J:22.0.1 FX:22-ea)
20:22:13.806 [JavaFX Application Thread] DEBUG Engine               - JRE Vendor Name: Oracle Corporation
20:22:13.807 [JavaFX Application Thread] DEBUG Engine               - Running on OS: Windows 11 version 10.0
20:22:13.807 [JavaFX Application Thread] DEBUG Engine               - Architecture: amd64
20:22:13.807 [JavaFX Application Thread] INFO  Engine               - Source code and latest versions at: https://github.com/AlmasB/FXGL
20:22:13.807 [JavaFX Application Thread] INFO  Engine               -       Ask questions and discuss at: https://github.com/AlmasB/FXGL/discussions
20:22:13.807 [JavaFX Application Thread] INFO  Engine               -              Join the FXGL chat at: https://gitter.im/AlmasB/FXGL
20:22:13.891 [JavaFX Application Thread] DEBUG PrimaryStageWindow   - Creating a JavaFX scene
20:22:13.928 [JavaFX Application Thread] DEBUG PrimaryStageWindow   - Target settings size: 1536.0 x 864.0
20:22:13.928 [JavaFX Application Thread] DEBUG PrimaryStageWindow   - Scaled scene size:    1536.0 x 864.0
20:22:13.928 [JavaFX Application Thread] DEBUG PrimaryStageWindow   - Scaled ratio: (1.0, 1.0)
20:22:13.929 [JavaFX Application Thread] DEBUG PrimaryStageWindow   - Set initial scene to FXGLStartupScene
20:22:13.932 [JavaFX Application Thread] DEBUG PrimaryStageWindow   - Opening main window
20:22:14.008 [JavaFX Application Thread] DEBUG PrimaryStageWindow   - Window border size: (14.4000244140625, 37.5999755859375)
20:22:14.009 [JavaFX Application Thread] DEBUG PrimaryStageWindow   - Scaled size: 1536.0 x 864.0
20:22:14.009 [JavaFX Application Thread] DEBUG PrimaryStageWindow   - Scaled ratio: (1.0, 1.0)
20:22:14.009 [JavaFX Application Thread] DEBUG PrimaryStageWindow   - Scene size: 1536.0 x 864.0
20:22:14.010 [JavaFX Application Thread] DEBUG PrimaryStageWindow   - Stage size: 1550.4000244140625 x 901.5999755859375
20:22:14.067 [JavaFX Application Thread] DEBUG PrimaryStageWindow   - Going fullscreen
20:22:14.074 [FXGL Background Thread 1 ] DEBUG Engine               - Initializing environment variables
20:22:14.130 [FXGL Background Thread 1 ] DEBUG FXGLAssetLoaderServi - User app class for loading assets: class com.game.megaman2.MegamanApplication
20:22:14.130 [FXGL Background Thread 1 ] DEBUG GameApplicationServi - Applying CSS: fxgl_dark.css
20:22:14.130 [FXGL Background Thread 1 ] DEBUG FXGLAssetLoaderServi - Loading from file system: jar:file:///C:/Users/enric/.m2/repository/com/github/almasb/fxgl/17.3/fxgl-17.3.jar!/fxglassets/ui/css/fxgl_dark.css
20:22:14.169 [FXGL Background Thread 1 ] DEBUG GameApplicationServi - Initializing application scenes
20:22:14.206 [FXGL Background Thread 1 ] DEBUG GameWorld            - Game world initialized
20:22:14.262 [FXGL Background Thread 1 ] DEBUG PhysicsWorld         - Physics world initialized: appHeight=864, physics.ppm=50,0
20:22:14.263 [FXGL Background Thread 1 ] DEBUG PhysicsWorld         - Using strategy: BRUTE_FORCE
20:22:14.267 [FXGL Background Thread 1 ] DEBUG GameScene            - Game scene initialized: 1536x864
20:22:14.277 [FXGL Background Thread 1 ] DEBUG FXGL.DefaultMenu     - createMenuBodyGameMenu()
20:22:14.287 [FXGL Background Thread 1 ] DEBUG FXGL.DefaultMenu     - createOptionsMenu()
20:22:14.294 [FXGL Background Thread 1 ] DEBUG FXGLAssetLoaderServi - Loading from file system: jar:file:///C:/Users/enric/.m2/repository/com/github/almasb/fxgl/17.3/fxgl-17.3.jar!/fxglassets/textures/particles/smoke.png
20:22:14.378 [FXGL Background Thread 1 ] DEBUG FXGLAssetLoaderServi - Loading from file system: jar:file:///C:/Users/enric/.m2/repository/com/github/almasb/fxgl/17.3/fxgl-17.3.jar!/fxglassets/textures/particles/trace_horizontal.png
20:22:14.406 [FXGL Background Thread 1 ] DEBUG GameApplicationServi - Application scenes initialized
20:22:14.417 [FXGL Background Thread 1 ] DEBUG SystemBundleService  - Loading FXGL system data
20:22:14.421 [FXGL Background Thread 1 ] DEBUG FileSystemAccess     - Reading from: C:\Users\enric\Desktop\robe mie\Fermi\triennio\Informatica\Intellij\GiocoClasseQuarta\system\fxgl.bundle
20:22:14.428 [FXGL Background Thread 1 ] DEBUG SystemBundleService  - Bundle FXGL: {}
20:22:14.428 [FXGL Background Thread 1 ] DEBUG UpdaterService       - Checking for updates
20:22:14.434 [FXGL Background Thread 4 ] DEBUG FXGLApplication      - Loading fonts
20:22:14.435 [FXGL Background Thread 4 ] DEBUG FXGLAssetLoaderServi - Loading from file system: jar:file:///C:/Users/enric/.m2/repository/com/github/almasb/fxgl/17.3/fxgl-17.3.jar!/fxglassets/ui/fonts/VarelaRound-Regular.ttf
20:22:14.435 [FXGL Background Thread 1 ] DEBUG FXGLApplication      - Loading default localization
20:22:14.436 [FXGL Background Thread 1 ] DEBUG FXGLAssetLoaderServi - Loading from file system: jar:file:///C:/Users/enric/.m2/repository/com/github/almasb/fxgl/17.3/fxgl-17.3.jar!/fxglassets/languages/english.lang
20:22:14.457 [FXGL Background Thread 1 ] INFO  FXGLApplication      - FXGL initialization took: 0,383 sec
20:22:14.467 [JavaFX Application Thread] DEBUG Input                - Registered new binding: Move Right - D
20:22:14.467 [JavaFX Application Thread] DEBUG Input                - Registered new binding: Move Left - A
20:22:14.468 [JavaFX Application Thread] DEBUG Input                - Registered new binding: Move Up - W
20:22:14.468 [JavaFX Application Thread] DEBUG Input                - Registered new binding: Move Down - S
20:22:14.469 [JavaFX Application Thread] DEBUG Input                - Registered new binding: action0 - F
20:22:14.469 [JavaFX Application Thread] DEBUG FXGLAssetLoaderServi - Loading from file system: jar:file:///C:/Users/enric/.m2/repository/com/github/almasb/fxgl/17.3/fxgl-17.3.jar!/fxglassets/textures/fxgl_icon.png
20:22:14.474 [FXGL Background Thread 4 ] DEBUG FXGLAssetLoaderServi - Loading from file system: jar:file:///C:/Users/enric/.m2/repository/com/github/almasb/fxgl/17.3/fxgl-17.3.jar!/fxglassets/ui/fonts/Abel-Regular.ttf
20:22:14.484 [FXGL Background Thread 4 ] DEBUG FXGLAssetLoaderServi - Loading from file system: jar:file:///C:/Users/enric/.m2/repository/com/github/almasb/fxgl/17.3/fxgl-17.3.jar!/fxglassets/ui/fonts/TerminalLandMono-Regular.otf
20:22:14.491 [JavaFX Application Thread] DEBUG FXGLAssetLoaderServi - Loading from file system: jar:file:///C:/Users/enric/.m2/repository/com/github/almasb/fxgl/17.3/fxgl-17.3.jar!/fxglassets/textures/fxgl_default_cursor.png
20:22:14.493 [JavaFX Application Thread] DEBUG Input                - Registered new binding: Screenshot - CTRL+8
20:22:14.493 [JavaFX Application Thread] DEBUG Input                - Registered new binding: System info dump - CTRL+9
20:22:14.494 [FXGL Background Thread 4 ] DEBUG FXGLAssetLoaderServi - Loading from file system: jar:file:///C:/Users/enric/.m2/repository/com/github/almasb/fxgl/17.3/fxgl-17.3.jar!/fxglassets/ui/fonts/Courier-Prime.ttf
20:22:14.494 [JavaFX Application Thread] DEBUG Input                - Registered new binding: Restart - CTRL+R
20:22:14.494 [JavaFX Application Thread] DEBUG Input                - Registered new binding: Toggle Debug Camera - CTRL+7
20:22:14.497 [JavaFX Application Thread] DEBUG LoopRunner           - Starting loop
20:22:14.497 [JavaFX Application Thread] DEBUG LoopRunner           - Initializing JavaFX AnimationTimerLoop
20:22:14.498 [JavaFX Application Thread] DEBUG GameApplicationServi - Starting new game
20:22:14.499 [JavaFX Application Thread] DEBUG Input                - Clearing active input actions
20:22:14.518 [JavaFX Application Thread] DEBUG GameApplicationServi - Removing overlay from FXGLStartupScene and adding to FXGLLoadingScene
20:22:14.519 [JavaFX Application Thread] DEBUG PrimaryStageWindow   - FXGLStartupScene -> FXGLLoadingScene
20:22:14.519 [JavaFX Application Thread] DEBUG GameApplicationServi - Clearing previous game
20:22:14.519 [JavaFX Application Thread] DEBUG GameScene            - Clearing game scene
20:22:14.519 [JavaFX Application Thread] DEBUG GameWorld            - Clearing game world
20:22:14.519 [JavaFX Application Thread] DEBUG PhysicsWorld         - Clearing physics world
20:22:14.521 [FXGL Background Thread 4 ] DEBUG FXGLApplication      - Initializing game
20:22:14.521 [JavaFX Application Thread] DEBUG FXGLApplication      - Registering font factories with UI factory
20:22:14.522 [FXGL Background Thread 4 ] DEBUG FXGLAssetLoaderServi - Loading from file system: file:/C:/Users/enric/Desktop/robe%20mie/Fermi/triennio/Informatica/Intellij/GiocoClasseQuarta/target/classes/assets/textures/spawn8.png
20:22:14.560 [FXGL Background Thread 4 ] DEBUG FXGLAssetLoaderServi - Loading from file system: file:/C:/Users/enric/Desktop/robe%20mie/Fermi/triennio/Informatica/Intellij/GiocoClasseQuarta/target/classes/assets/textures/corsa/corsa1.png
20:22:14.562 [FXGL Background Thread 4 ] DEBUG FXGLAssetLoaderServi - Loading from file system: file:/C:/Users/enric/Desktop/robe%20mie/Fermi/triennio/Informatica/Intellij/GiocoClasseQuarta/target/classes/assets/textures/corsa/corsa2.png
20:22:14.564 [FXGL Background Thread 4 ] DEBUG FXGLAssetLoaderServi - Loading from file system: file:/C:/Users/enric/Desktop/robe%20mie/Fermi/triennio/Informatica/Intellij/GiocoClasseQuarta/target/classes/assets/textures/corsa/corsa3.png
20:22:14.565 [FXGL Background Thread 4 ] DEBUG FXGLAssetLoaderServi - Loading from file system: file:/C:/Users/enric/Desktop/robe%20mie/Fermi/triennio/Informatica/Intellij/GiocoClasseQuarta/target/classes/assets/textures/corsa/corsa4.png
20:22:14.566 [FXGL Background Thread 4 ] DEBUG FXGLAssetLoaderServi - Loading from file system: file:/C:/Users/enric/Desktop/robe%20mie/Fermi/triennio/Informatica/Intellij/GiocoClasseQuarta/target/classes/assets/textures/corsa/corsa5.png
20:22:14.568 [FXGL Background Thread 4 ] DEBUG FXGLAssetLoaderServi - Loading from file system: file:/C:/Users/enric/Desktop/robe%20mie/Fermi/triennio/Informatica/Intellij/GiocoClasseQuarta/target/classes/assets/textures/corsa/corsa6.png
20:22:14.570 [FXGL Background Thread 4 ] DEBUG FXGLAssetLoaderServi - Loading from file system: file:/C:/Users/enric/Desktop/robe%20mie/Fermi/triennio/Informatica/Intellij/GiocoClasseQuarta/target/classes/assets/textures/corsa/corsa7.png
20:22:14.571 [FXGL Background Thread 4 ] DEBUG FXGLAssetLoaderServi - Loading from file system: file:/C:/Users/enric/Desktop/robe%20mie/Fermi/triennio/Informatica/Intellij/GiocoClasseQuarta/target/classes/assets/textures/corsa/corsa8.png
20:22:14.572 [FXGL Background Thread 4 ] DEBUG FXGLAssetLoaderServi - Loading from file system: file:/C:/Users/enric/Desktop/robe%20mie/Fermi/triennio/Informatica/Intellij/GiocoClasseQuarta/target/classes/assets/textures/corsa/corsa9.png
20:22:14.573 [FXGL Background Thread 4 ] DEBUG FXGLAssetLoaderServi - Loading from file system: file:/C:/Users/enric/Desktop/robe%20mie/Fermi/triennio/Informatica/Intellij/GiocoClasseQuarta/target/classes/assets/textures/corsa/corsa10.png
20:22:14.574 [FXGL Background Thread 4 ] DEBUG FXGLAssetLoaderServi - Loading from file system: file:/C:/Users/enric/Desktop/robe%20mie/Fermi/triennio/Informatica/Intellij/GiocoClasseQuarta/target/classes/assets/textures/corsa/corsa11.png
20:22:14.584 [FXGL Background Thread 4 ] DEBUG FXGLAssetLoaderServi - Loading from file system: file:/C:/Users/enric/Desktop/robe%20mie/Fermi/triennio/Informatica/Intellij/GiocoClasseQuarta/target/classes/assets/textures/sfondo1.jpg
20:22:14.617 [FXGL Background Thread 4 ] INFO  FXGLApplication      - Game initialization took: 0,097 sec
20:22:14.646 [JavaFX Application Thread] DEBUG Input                - Clearing active input actions
20:22:14.663 [JavaFX Application Thread] DEBUG GameApplicationServi - Removing overlay from FXGLLoadingScene and adding to GameScene
20:22:14.664 [JavaFX Application Thread] DEBUG PrimaryStageWindow   - FXGLLoadingScene -> GameScene
20:22:15.070 [FXGL Background Thread 2 ] INFO  UpdaterService       - Your current version:  17.3
20:22:15.081 [FXGL Background Thread 2 ] INFO  UpdaterService       - Latest stable version: 21.1
20:22:17.431 [FXGL Background Thread 3 ] DEBUG Engine               - Logging environment variables
20:22:17.433 [FXGL Background Thread 3 ] DEBUG Engine               - achievements: []
20:22:17.433 [FXGL Background Thread 3 ] DEBUG Engine               - actualHeight: 864.0
20:22:17.433 [FXGL Background Thread 3 ] DEBUG Engine               - actualHeightProperty: ReadOnlyDoubleProperty [value: 864.0]
20:22:17.434 [FXGL Background Thread 3 ] DEBUG Engine               - actualWidth: 1536.0
20:22:17.434 [FXGL Background Thread 3 ] DEBUG Engine               - actualWidthProperty: ReadOnlyDoubleProperty [value: 1536.0]
20:22:17.434 [FXGL Background Thread 3 ] DEBUG Engine               - appIcon: fxgl_icon.png
20:22:17.434 [FXGL Background Thread 3 ] DEBUG Engine               - applicationMode: DEVELOPER
20:22:17.434 [FXGL Background Thread 3 ] DEBUG Engine               - cSSList: [fxgl_dark.css]
20:22:17.435 [FXGL Background Thread 3 ] DEBUG Engine               - collisionDetectionStrategy: BRUTE_FORCE
20:22:17.435 [FXGL Background Thread 3 ] DEBUG Engine               - configClass: Optional.empty
20:22:17.435 [FXGL Background Thread 3 ] DEBUG Engine               - credits: []
20:22:17.436 [FXGL Background Thread 3 ] DEBUG Engine               - defaultCursor: CursorInfo(imageName=fxgl_default_cursor.png, hotspotX=7.0, hotspotY=6.0)
20:22:17.437 [FXGL Background Thread 3 ] DEBUG Engine               - devBBoxColorProperty: ObjectProperty [value: 0xff0000ff]
20:22:17.437 [FXGL Background Thread 3 ] DEBUG Engine               - devEnableDebugCameraProperty: BooleanProperty [value: false]
20:22:17.437 [FXGL Background Thread 3 ] DEBUG Engine               - devSensorColorProperty: ObjectProperty [value: 0xffff00ff]
20:22:17.437 [FXGL Background Thread 3 ] DEBUG Engine               - devShowBBoxProperty: BooleanProperty [value: false]
20:22:17.438 [FXGL Background Thread 3 ] DEBUG Engine               - devShowPositionProperty: BooleanProperty [value: false]
20:22:17.438 [FXGL Background Thread 3 ] DEBUG Engine               - enabledMenuItems: []
20:22:17.438 [FXGL Background Thread 3 ] DEBUG Engine               - engineServices: [class com.almasb.fxgl.app.services.FXGLAssetLoaderService, class com.almasb.fxgl.app.FXGLApplication$GameApplicationService, class com.almasb.fxgl.app.services.FXGLDialogService, class com.almasb.fxgl.app.services.IOTaskExecutorService, class com.almasb.fxgl.io.FileSystemService, class com.almasb.fxgl.localization.LocalizationService, class com.almasb.fxgl.app.services.SystemBundleService, class com.almasb.fxgl.profile.SaveLoadService, class com.almasb.fxgl.ui.FXGLUIFactoryServiceProvider, class com.almasb.fxgl.ui.FXGLDialogFactoryServiceProvider, class com.almasb.fxgl.audio.AudioPlayer, class com.almasb.fxgl.notification.impl.NotificationServiceProvider, class com.almasb.fxgl.achievement.AchievementService, class com.almasb.fxgl.cutscene.CutsceneService, class com.almasb.fxgl.minigames.MiniGameService, class com.almasb.fxgl.net.NetService, class com.almasb.fxgl.app.services.UpdaterService, class com.almasb.fxgl.dev.DevService]
20:22:17.438 [FXGL Background Thread 3 ] DEBUG Engine               - fontGame: Abel-Regular.ttf
20:22:17.438 [FXGL Background Thread 3 ] DEBUG Engine               - fontMono: TerminalLandMono-Regular.otf
20:22:17.439 [FXGL Background Thread 3 ] DEBUG Engine               - fontSizeScaleUI: 1.0
20:22:17.439 [FXGL Background Thread 3 ] DEBUG Engine               - fontText: Courier-Prime.ttf
20:22:17.439 [FXGL Background Thread 3 ] DEBUG Engine               - fontUI: VarelaRound-Regular.ttf
20:22:17.439 [FXGL Background Thread 3 ] DEBUG Engine               - fullScreen: BooleanProperty [value: true]
20:22:17.439 [FXGL Background Thread 3 ] DEBUG Engine               - gameDifficulty: MEDIUM
20:22:17.440 [FXGL Background Thread 3 ] DEBUG Engine               - gameDifficultyProperty: ObjectProperty [value: MEDIUM]
20:22:17.440 [FXGL Background Thread 3 ] DEBUG Engine               - globalMusicVolume: 0.5
20:22:17.440 [FXGL Background Thread 3 ] DEBUG Engine               - globalMusicVolumeProperty: DoubleProperty [value: 0.5]
20:22:17.441 [FXGL Background Thread 3 ] DEBUG Engine               - globalSoundVolume: 0.5
20:22:17.441 [FXGL Background Thread 3 ] DEBUG Engine               - globalSoundVolumeProperty: DoubleProperty [value: 0.5]
20:22:17.441 [FXGL Background Thread 3 ] DEBUG Engine               - height: 864
20:22:17.441 [FXGL Background Thread 3 ] DEBUG Engine               - is3D: false
20:22:17.441 [FXGL Background Thread 3 ] DEBUG Engine               - isAndroid: false
20:22:17.442 [FXGL Background Thread 3 ] DEBUG Engine               - isBrowser: false
20:22:17.442 [FXGL Background Thread 3 ] DEBUG Engine               - isClickFeedbackEnabled: false
20:22:17.442 [FXGL Background Thread 3 ] DEBUG Engine               - isCloseConfirmation: false
20:22:17.442 [FXGL Background Thread 3 ] DEBUG Engine               - isDesktop: true
20:22:17.443 [FXGL Background Thread 3 ] DEBUG Engine               - isDeveloperMenuEnabled: false
20:22:17.443 [FXGL Background Thread 3 ] DEBUG Engine               - isEmbedded: false
20:22:17.443 [FXGL Background Thread 3 ] DEBUG Engine               - isEntityPreloadEnabled: true
20:22:17.443 [FXGL Background Thread 3 ] DEBUG Engine               - isExperimentalTiledLargeMap: false
20:22:17.443 [FXGL Background Thread 3 ] DEBUG Engine               - isFileSystemWriteAllowed: true
20:22:17.444 [FXGL Background Thread 3 ] DEBUG Engine               - isFullScreenAllowed: true
20:22:17.444 [FXGL Background Thread 3 ] DEBUG Engine               - isFullScreenFromStart: true
20:22:17.444 [FXGL Background Thread 3 ] DEBUG Engine               - isGameMenuEnabled: true
20:22:17.444 [FXGL Background Thread 3 ] DEBUG Engine               - isIOS: false
20:22:17.445 [FXGL Background Thread 3 ] DEBUG Engine               - isIntroEnabled: false
20:22:17.445 [FXGL Background Thread 3 ] DEBUG Engine               - isLinux: false
20:22:17.445 [FXGL Background Thread 3 ] DEBUG Engine               - isMac: false
20:22:17.445 [FXGL Background Thread 3 ] DEBUG Engine               - isMainMenuEnabled: false
20:22:17.446 [FXGL Background Thread 3 ] DEBUG Engine               - isManualResizeEnabled: false
20:22:17.446 [FXGL Background Thread 3 ] DEBUG Engine               - isMobile: false
20:22:17.446 [FXGL Background Thread 3 ] DEBUG Engine               - isNative: false
20:22:17.447 [FXGL Background Thread 3 ] DEBUG Engine               - isPauseMusicWhenMinimized: true
20:22:17.447 [FXGL Background Thread 3 ] DEBUG Engine               - isPreserveResizeRatio: false
20:22:17.447 [FXGL Background Thread 3 ] DEBUG Engine               - isProfilingEnabled: false
20:22:17.447 [FXGL Background Thread 3 ] DEBUG Engine               - isScaleAffectedOnResize: true
20:22:17.448 [FXGL Background Thread 3 ] DEBUG Engine               - isSingleStep: false
20:22:17.448 [FXGL Background Thread 3 ] DEBUG Engine               - isUserProfileEnabled: false
20:22:17.448 [FXGL Background Thread 3 ] DEBUG Engine               - isWindows: true
20:22:17.448 [FXGL Background Thread 3 ] DEBUG Engine               - language: ObjectProperty [value: ENGLISH]
20:22:17.448 [FXGL Background Thread 3 ] DEBUG Engine               - menuKey: ESCAPE
20:22:17.449 [FXGL Background Thread 3 ] DEBUG Engine               - mouseSensitivity: 0.2
20:22:17.449 [FXGL Background Thread 3 ] DEBUG Engine               - notificationViewClass: class com.almasb.fxgl.notification.view.XboxNotificationView
20:22:17.449 [FXGL Background Thread 3 ] DEBUG Engine               - pixelsPerMeter: 50.0
20:22:17.449 [FXGL Background Thread 3 ] DEBUG Engine               - platform: WINDOWS
20:22:17.449 [FXGL Background Thread 3 ] DEBUG Engine               - prefHeightProperty: ReadOnlyDoubleProperty [value: 864.0]
20:22:17.450 [FXGL Background Thread 3 ] DEBUG Engine               - prefWidthProperty: ReadOnlyDoubleProperty [value: 1536.0]
20:22:17.450 [FXGL Background Thread 3 ] DEBUG Engine               - profileDir: profiles/
20:22:17.450 [FXGL Background Thread 3 ] DEBUG Engine               - profileName: StringProperty [value: DEFAULT]
20:22:17.450 [FXGL Background Thread 3 ] DEBUG Engine               - randomSeed: -1
20:22:17.451 [FXGL Background Thread 3 ] DEBUG Engine               - runtimeInfo: RuntimeInfo(platform=WINDOWS, version=17.3, build=30.03.2023 11.49)
20:22:17.451 [FXGL Background Thread 3 ] DEBUG Engine               - saveFileExt: sav
20:22:17.452 [FXGL Background Thread 3 ] DEBUG Engine               - scaledHeightProp$fxgl: DoubleProperty [bound, value: 864.0]
20:22:17.452 [FXGL Background Thread 3 ] DEBUG Engine               - scaledWidthProp$fxgl: DoubleProperty [bound, value: 1536.0]
20:22:17.452 [FXGL Background Thread 3 ] DEBUG Engine               - sceneFactory: com.almasb.fxgl.app.scene.SceneFactory@40c13459
20:22:17.452 [FXGL Background Thread 3 ] DEBUG Engine               - secondsIn24h: 60
20:22:17.452 [FXGL Background Thread 3 ] DEBUG Engine               - soundMenuBack: menu/back.wav
20:22:17.453 [FXGL Background Thread 3 ] DEBUG Engine               - soundMenuPress: menu/press.wav
20:22:17.453 [FXGL Background Thread 3 ] DEBUG Engine               - soundMenuSelect: menu/select.wav
20:22:17.453 [FXGL Background Thread 3 ] DEBUG Engine               - soundNotification: core/notification.wav
20:22:17.453 [FXGL Background Thread 3 ] DEBUG Engine               - stageStyle: DECORATED
20:22:17.454 [FXGL Background Thread 3 ] DEBUG Engine               - supportedLanguages: [ENGLISH, FRENCH, GERMAN, HUNGARIAN, RUSSIAN]
20:22:17.454 [FXGL Background Thread 3 ] DEBUG Engine               - ticksPerSecond: -1
20:22:17.454 [FXGL Background Thread 3 ] DEBUG Engine               - title: Megaman
20:22:17.454 [FXGL Background Thread 3 ] DEBUG Engine               - urlGithub: https://github.com/AlmasB/FXGL
20:22:17.454 [FXGL Background Thread 3 ] DEBUG Engine               - urlLeaderboard: http://fxgl-top.herokuapp.com/
20:22:17.454 [FXGL Background Thread 3 ] DEBUG Engine               - urlPOM: https://raw.githubusercontent.com/AlmasB/FXGL/release/README.md
20:22:17.455 [FXGL Background Thread 3 ] DEBUG Engine               - userAppClass: class com.game.megaman2.MegamanApplication
20:22:17.455 [FXGL Background Thread 3 ] DEBUG Engine               - version: 0.1
20:22:17.455 [FXGL Background Thread 3 ] DEBUG Engine               - versionCheckDays: 7
20:22:17.455 [FXGL Background Thread 3 ] DEBUG Engine               - width: 1536
20:22:17.455 [FXGL Background Thread 3 ] DEBUG Engine               - Logging services
20:22:17.455 [FXGL Background Thread 3 ] DEBUG Engine               - class com.almasb.fxgl.app.services.FXGLAssetLoaderService
20:22:17.456 [FXGL Background Thread 3 ] DEBUG Engine               - class com.almasb.fxgl.app.FXGLApplication$GameApplicationService
20:22:17.456 [FXGL Background Thread 3 ] DEBUG Engine               - class com.almasb.fxgl.app.services.FXGLDialogService
20:22:17.456 [FXGL Background Thread 3 ] DEBUG Engine               - class com.almasb.fxgl.app.services.IOTaskExecutorService
20:22:17.456 [FXGL Background Thread 3 ] DEBUG Engine               - class com.almasb.fxgl.io.FileSystemService
20:22:17.456 [FXGL Background Thread 3 ] DEBUG Engine               - class com.almasb.fxgl.localization.LocalizationService
20:22:17.456 [FXGL Background Thread 3 ] DEBUG Engine               - class com.almasb.fxgl.app.services.SystemBundleService
20:22:17.456 [FXGL Background Thread 3 ] DEBUG Engine               - class com.almasb.fxgl.profile.SaveLoadService
20:22:17.457 [FXGL Background Thread 3 ] DEBUG Engine               - class com.almasb.fxgl.ui.FXGLUIFactoryServiceProvider
20:22:17.457 [FXGL Background Thread 3 ] DEBUG Engine               - class com.almasb.fxgl.ui.FXGLDialogFactoryServiceProvider
20:22:17.457 [FXGL Background Thread 3 ] DEBUG Engine               - class com.almasb.fxgl.audio.AudioPlayer
20:22:17.457 [FXGL Background Thread 3 ] DEBUG Engine               - class com.almasb.fxgl.notification.impl.NotificationServiceProvider
20:22:17.457 [FXGL Background Thread 3 ] DEBUG Engine               - class com.almasb.fxgl.achievement.AchievementService
20:22:17.457 [FXGL Background Thread 3 ] DEBUG Engine               - class com.almasb.fxgl.cutscene.CutsceneService
20:22:17.457 [FXGL Background Thread 3 ] DEBUG Engine               - class com.almasb.fxgl.minigames.MiniGameService
20:22:17.458 [FXGL Background Thread 3 ] DEBUG Engine               - class com.almasb.fxgl.net.NetService
20:22:17.458 [FXGL Background Thread 3 ] DEBUG Engine               - class com.almasb.fxgl.app.services.UpdaterService
20:22:17.458 [FXGL Background Thread 3 ] DEBUG Engine               - class com.almasb.fxgl.dev.DevService
20:22:19.996 [JavaFX Application Thread] DEBUG PrimaryStageWindow   - Push state: FXGLDefaultMenu
20:22:20.003 [JavaFX Application Thread] DEBUG Input                - Clearing active input actions
20:22:20.018 [JavaFX Application Thread] DEBUG GameApplicationServi - Removing overlay from GameScene and adding to FXGLDefaultMenu
20:22:20.020 [JavaFX Application Thread] DEBUG PrimaryStageWindow   - GameScene -> FXGLDefaultMenu
20:22:21.372 [JavaFX Application Thread] DEBUG Menu                 - fireExit()
20:22:21.374 [JavaFX Application Thread] DEBUG PrimaryStageWindow   - Push state: DialogSubScene
20:22:21.374 [JavaFX Application Thread] DEBUG Input                - Clearing active input actions
20:22:21.374 [JavaFX Application Thread] DEBUG GameApplicationServi - Removing overlay from FXGLDefaultMenu and adding to DialogSubScene
20:22:21.374 [JavaFX Application Thread] DEBUG PrimaryStageWindow   - FXGLDefaultMenu -> DialogSubScene
20:22:23.281 [JavaFX Application Thread] DEBUG PrimaryStageWindow   - Pop state: DialogSubScene
20:22:23.281 [JavaFX Application Thread] DEBUG Input                - Clearing active input actions
20:22:23.283 [JavaFX Application Thread] DEBUG GameApplicationServi - Removing overlay from DialogSubScene and adding to FXGLDefaultMenu
20:22:23.284 [JavaFX Application Thread] DEBUG PrimaryStageWindow   - FXGLDefaultMenu <- DialogSubScene
20:22:23.285 [JavaFX Application Thread] DEBUG FXGLApplication      - Exiting FXGL
20:22:23.285 [JavaFX Application Thread] DEBUG LoopRunner           - Stopping loop
20:22:23.285 [JavaFX Application Thread] DEBUG SystemBundleService  - Saving FXGL system data
20:22:23.290 [JavaFX Application Thread] DEBUG FileSystemAccess     - Writing to: C:\Users\enric\Desktop\robe mie\Fermi\triennio\Informatica\Intellij\GiocoClasseQuarta\system\fxgl.bundle
20:22:23.295 [JavaFX Application Thread] DEBUG Async                - Shutting down background threads
20:22:23.295 [JavaFX Application Thread] DEBUG PrimaryStageWindow   - Closing main window
20:22:23.336 [JavaFX Application Thread] DEBUG Logger               - Closing Logger
