16:33:08.512 [main                     ] DEBUG Logger               - Configured Logger
16:33:08.532 [main                     ] DEBUG GameApplication      - Logging settings
Title: Pokemon boh
Version: 0.1
Width: 1000
Height: 720
Fullscreen: false
Intro: false
Profiling: false
Single step:false
App Mode: DEVELOPER
Menu Key: ESCAPE
Stage Style: DECORATED
Scene Factory: class com.game.pokemon.FabbricaScene

16:33:08.814 [JavaFX Application Thread] DEBUG FXGLApplication      - Initializing FXGL
16:33:08.818 [JavaFX Application Thread] INFO  Engine               - FXGL-17.3 (30.03.2023 11.49) on WINDOWS (J:22.0.1 FX:22-ea)
16:33:08.818 [JavaFX Application Thread] DEBUG Engine               - JRE Vendor Name: Oracle Corporation
16:33:08.818 [JavaFX Application Thread] DEBUG Engine               - Running on OS: Windows 11 version 10.0
16:33:08.818 [JavaFX Application Thread] DEBUG Engine               - Architecture: amd64
16:33:08.818 [JavaFX Application Thread] INFO  Engine               - Source code and latest versions at: https://github.com/AlmasB/FXGL
16:33:08.818 [JavaFX Application Thread] INFO  Engine               -       Ask questions and discuss at: https://github.com/AlmasB/FXGL/discussions
16:33:08.819 [JavaFX Application Thread] INFO  Engine               -              Join the FXGL chat at: https://gitter.im/AlmasB/FXGL
16:33:08.898 [JavaFX Application Thread] DEBUG PrimaryStageWindow   - Creating a JavaFX scene
16:33:08.958 [JavaFX Application Thread] DEBUG PrimaryStageWindow   - Target settings size: 1000.0 x 720.0
16:33:08.958 [JavaFX Application Thread] DEBUG PrimaryStageWindow   - Scaled scene size:    1000.0 x 720.0
16:33:08.958 [JavaFX Application Thread] DEBUG PrimaryStageWindow   - Scaled ratio: (1.0, 1.0)
16:33:08.959 [JavaFX Application Thread] DEBUG PrimaryStageWindow   - Set initial scene to FXGLStartupScene
16:33:08.963 [JavaFX Application Thread] DEBUG PrimaryStageWindow   - Opening main window
16:33:09.050 [JavaFX Application Thread] DEBUG PrimaryStageWindow   - Window border size: (14.4000244140625, 37.5999755859375)
16:33:09.050 [JavaFX Application Thread] DEBUG PrimaryStageWindow   - Scaled size: 1000.0 x 720.0
16:33:09.051 [JavaFX Application Thread] DEBUG PrimaryStageWindow   - Scaled ratio: (1.0, 1.0)
16:33:09.051 [JavaFX Application Thread] DEBUG PrimaryStageWindow   - Scene size: 1000.0 x 720.0
16:33:09.051 [JavaFX Application Thread] DEBUG PrimaryStageWindow   - Stage size: 1014.4000244140625 x 757.5999755859375
16:33:09.057 [FXGL Background Thread 1 ] DEBUG Engine               - Initializing environment variables
16:33:09.100 [FXGL Background Thread 1 ] DEBUG FXGLAssetLoaderServi - User app class for loading assets: class com.game.pokemon.PokemonApplication
16:33:09.101 [FXGL Background Thread 1 ] DEBUG GameApplicationServi - Applying CSS: fxgl_dark.css
16:33:09.101 [FXGL Background Thread 1 ] DEBUG FXGLAssetLoaderServi - Loading from file system: jar:file:///C:/Users/enric/.m2/repository/com/github/almasb/fxgl/17.3/fxgl-17.3.jar!/fxglassets/ui/css/fxgl_dark.css
16:33:09.144 [FXGL Background Thread 1 ] DEBUG GameApplicationServi - Initializing application scenes
16:33:09.178 [FXGL Background Thread 1 ] DEBUG GameWorld            - Game world initialized
16:33:09.233 [FXGL Background Thread 1 ] DEBUG PhysicsWorld         - Physics world initialized: appHeight=720, physics.ppm=50,0
16:33:09.233 [FXGL Background Thread 1 ] DEBUG PhysicsWorld         - Using strategy: BRUTE_FORCE
16:33:09.237 [FXGL Background Thread 1 ] DEBUG GameScene            - Game scene initialized: 1000x720
16:33:09.245 [FXGL Background Thread 1 ] DEBUG FXGL.DefaultMenu     - createMenuBodyMainMenu()
16:33:09.254 [FXGL Background Thread 1 ] DEBUG FXGL.DefaultMenu     - createOptionsMenu()
16:33:09.261 [FXGL Background Thread 1 ] DEBUG FXGLAssetLoaderServi - Loading from file system: jar:file:///C:/Users/enric/.m2/repository/com/github/almasb/fxgl/17.3/fxgl-17.3.jar!/fxglassets/textures/particles/smoke.png
16:33:09.328 [FXGL Background Thread 1 ] DEBUG FXGLAssetLoaderServi - Loading from file system: jar:file:///C:/Users/enric/.m2/repository/com/github/almasb/fxgl/17.3/fxgl-17.3.jar!/fxglassets/textures/particles/trace_horizontal.png
16:33:09.355 [FXGL Background Thread 1 ] DEBUG FXGL.DefaultMenu     - createMenuBodyGameMenu()
16:33:09.356 [FXGL Background Thread 1 ] DEBUG FXGL.DefaultMenu     - createOptionsMenu()
16:33:09.368 [FXGL Background Thread 1 ] DEBUG GameApplicationServi - Application scenes initialized
16:33:09.381 [FXGL Background Thread 1 ] DEBUG SystemBundleService  - Loading FXGL system data
16:33:09.384 [FXGL Background Thread 1 ] DEBUG FileSystemAccess     - Reading from: C:\Users\enric\Desktop\robe mie\Fermi\triennio\Informatica\Intellij\GiocoClasseQuarta\system\fxgl.bundle
16:33:09.389 [FXGL Background Thread 1 ] DEBUG SystemBundleService  - Bundle FXGL: {}
16:33:09.390 [FXGL Background Thread 1 ] DEBUG UpdaterService       - Checking for updates
16:33:09.395 [FXGL Background Thread 4 ] DEBUG FXGLApplication      - Loading fonts
16:33:09.395 [FXGL Background Thread 4 ] DEBUG FXGLAssetLoaderServi - Loading from file system: jar:file:///C:/Users/enric/.m2/repository/com/github/almasb/fxgl/17.3/fxgl-17.3.jar!/fxglassets/ui/fonts/VarelaRound-Regular.ttf
16:33:09.395 [FXGL Background Thread 1 ] DEBUG FXGLApplication      - Loading default localization
16:33:09.396 [FXGL Background Thread 1 ] DEBUG FXGLAssetLoaderServi - Loading from file system: jar:file:///C:/Users/enric/.m2/repository/com/github/almasb/fxgl/17.3/fxgl-17.3.jar!/fxglassets/languages/english.lang
16:33:09.420 [FXGL Background Thread 1 ] INFO  FXGLApplication      - FXGL initialization took: 0,359 sec
16:33:09.429 [JavaFX Application Thread] DEBUG Input                - Registered new binding: Move Right - D
16:33:09.430 [JavaFX Application Thread] DEBUG Input                - Registered new binding: Move Left - A
16:33:09.430 [JavaFX Application Thread] DEBUG Input                - Registered new binding: Move Up - W
16:33:09.430 [JavaFX Application Thread] DEBUG Input                - Registered new binding: Move Down - S
16:33:09.430 [JavaFX Application Thread] DEBUG FXGLAssetLoaderServi - Loading from file system: jar:file:///C:/Users/enric/.m2/repository/com/github/almasb/fxgl/17.3/fxgl-17.3.jar!/fxglassets/textures/fxgl_icon.png
16:33:09.438 [FXGL Background Thread 4 ] DEBUG FXGLAssetLoaderServi - Loading from file system: jar:file:///C:/Users/enric/.m2/repository/com/github/almasb/fxgl/17.3/fxgl-17.3.jar!/fxglassets/ui/fonts/Abel-Regular.ttf
16:33:09.448 [FXGL Background Thread 4 ] DEBUG FXGLAssetLoaderServi - Loading from file system: jar:file:///C:/Users/enric/.m2/repository/com/github/almasb/fxgl/17.3/fxgl-17.3.jar!/fxglassets/ui/fonts/TerminalLandMono-Regular.otf
16:33:09.450 [JavaFX Application Thread] DEBUG FXGLAssetLoaderServi - Loading from file system: jar:file:///C:/Users/enric/.m2/repository/com/github/almasb/fxgl/17.3/fxgl-17.3.jar!/fxglassets/textures/fxgl_default_cursor.png
16:33:09.453 [JavaFX Application Thread] DEBUG Input                - Registered new binding: Screenshot - CTRL+8
16:33:09.454 [JavaFX Application Thread] DEBUG Input                - Registered new binding: System info dump - CTRL+9
16:33:09.454 [JavaFX Application Thread] DEBUG Input                - Registered new binding: Restart - CTRL+R
16:33:09.454 [JavaFX Application Thread] DEBUG Input                - Registered new binding: Toggle Debug Camera - CTRL+7
16:33:09.456 [FXGL Background Thread 4 ] DEBUG FXGLAssetLoaderServi - Loading from file system: jar:file:///C:/Users/enric/.m2/repository/com/github/almasb/fxgl/17.3/fxgl-17.3.jar!/fxglassets/ui/fonts/Courier-Prime.ttf
16:33:09.457 [JavaFX Application Thread] DEBUG LoopRunner           - Starting loop
16:33:09.457 [JavaFX Application Thread] DEBUG LoopRunner           - Initializing JavaFX AnimationTimerLoop
16:33:09.459 [JavaFX Application Thread] DEBUG Input                - Clearing active input actions
16:33:09.466 [JavaFX Application Thread] DEBUG GameApplicationServi - Removing overlay from FXGLStartupScene and adding to FXGLMainMenuDummyScene
16:33:09.467 [JavaFX Application Thread] DEBUG PrimaryStageWindow   - FXGLStartupScene -> FXGLMainMenuDummyScene
16:33:09.467 [JavaFX Application Thread] DEBUG PrimaryStageWindow   - Push state: FXGLDefaultMenu
16:33:09.476 [JavaFX Application Thread] DEBUG Input                - Clearing active input actions
16:33:09.482 [JavaFX Application Thread] DEBUG GameApplicationServi - Removing overlay from FXGLMainMenuDummyScene and adding to FXGLDefaultMenu
16:33:09.482 [JavaFX Application Thread] DEBUG PrimaryStageWindow   - FXGLMainMenuDummyScene -> FXGLDefaultMenu
16:33:09.549 [JavaFX Application Thread] DEBUG FXGLApplication      - Registering font factories with UI factory
16:33:10.460 [FXGL Background Thread 2 ] INFO  UpdaterService       - Your current version:  17.3
16:33:10.460 [FXGL Background Thread 2 ] INFO  UpdaterService       - Latest stable version: 21.1
16:33:10.819 [JavaFX Application Thread] DEBUG Menu                 - fireNewGame()
16:33:10.819 [JavaFX Application Thread] DEBUG GameApplicationServi - Starting new game
16:33:10.820 [JavaFX Application Thread] DEBUG PrimaryStageWindow   - Pop state: FXGLDefaultMenu
16:33:10.820 [JavaFX Application Thread] DEBUG Input                - Clearing active input actions
16:33:10.821 [JavaFX Application Thread] DEBUG GameApplicationServi - Removing overlay from FXGLDefaultMenu and adding to FXGLMainMenuDummyScene
16:33:10.821 [JavaFX Application Thread] DEBUG PrimaryStageWindow   - FXGLMainMenuDummyScene <- FXGLDefaultMenu
16:33:10.821 [JavaFX Application Thread] DEBUG Input                - Clearing active input actions
16:33:10.827 [JavaFX Application Thread] DEBUG GameApplicationServi - Removing overlay from FXGLMainMenuDummyScene and adding to FXGLLoadingScene
16:33:10.827 [JavaFX Application Thread] DEBUG PrimaryStageWindow   - FXGLMainMenuDummyScene -> FXGLLoadingScene
16:33:10.827 [JavaFX Application Thread] DEBUG GameApplicationServi - Clearing previous game
16:33:10.827 [JavaFX Application Thread] DEBUG GameScene            - Clearing game scene
16:33:10.827 [JavaFX Application Thread] DEBUG GameWorld            - Clearing game world
16:33:10.827 [JavaFX Application Thread] DEBUG PhysicsWorld         - Clearing physics world
16:33:10.830 [FXGL Background Thread 2 ] DEBUG FXGLApplication      - Initializing game
16:33:10.834 [FXGL Background Thread 2 ] DEBUG FXGLAssetLoaderServi - Loading from file system: file:/C:/Users/enric/Desktop/robe%20mie/Fermi/triennio/Informatica/Intellij/GiocoClasseQuarta/target/classes/assets/textures/matteolongobardi.png
16:33:10.859 [FXGL Background Thread 2 ] DEBUG FXGLAssetLoaderServi - Loading from file system: file:/C:/Users/enric/Desktop/robe%20mie/Fermi/triennio/Informatica/Intellij/GiocoClasseQuarta/target/classes/assets/textures/corsalaterale/corsalaterale1.png
16:33:10.860 [FXGL Background Thread 2 ] DEBUG FXGLAssetLoaderServi - Loading from file system: file:/C:/Users/enric/Desktop/robe%20mie/Fermi/triennio/Informatica/Intellij/GiocoClasseQuarta/target/classes/assets/textures/corsalaterale/corsalaterale2.png
16:33:10.871 [FXGL Background Thread 2 ] DEBUG FXGLAssetLoaderServi - Loading from file system: file:/C:/Users/enric/Desktop/robe%20mie/Fermi/triennio/Informatica/Intellij/GiocoClasseQuarta/target/classes/assets/textures/corsalaterale/corsalaterale3.png
16:33:10.872 [FXGL Background Thread 2 ] DEBUG FXGLAssetLoaderServi - Loading from file system: file:/C:/Users/enric/Desktop/robe%20mie/Fermi/triennio/Informatica/Intellij/GiocoClasseQuarta/target/classes/assets/textures/corsalaterale/corsalaterale4.png
16:33:10.887 [FXGL Background Thread 2 ] DEBUG FXGLAssetLoaderServi - Loading from file system: file:/C:/Users/enric/Desktop/robe%20mie/Fermi/triennio/Informatica/Intellij/GiocoClasseQuarta/target/classes/assets/textures/corsalaterale/corsalaterale5.png
16:33:10.888 [FXGL Background Thread 2 ] DEBUG FXGLAssetLoaderServi - Loading from file system: file:/C:/Users/enric/Desktop/robe%20mie/Fermi/triennio/Informatica/Intellij/GiocoClasseQuarta/target/classes/assets/textures/corsalaterale/corsalaterale6.png
16:33:10.889 [FXGL Background Thread 2 ] WARN  FXGLAssetLoaderServi - Asset "/assets/textures/corsalaterale/corsalaterale7.png" was not found!
16:33:10.889 [FXGL Background Thread 2 ] WARN  FXGLAssetLoaderServi - Failed to load IMAGE
16:33:10.911 [FXGL Background Thread 2 ] WARN  FXGLAssetLoaderServi - Asset "/assets/textures/corsalaterale/corsalaterale8.png" was not found!
16:33:10.911 [FXGL Background Thread 2 ] WARN  FXGLAssetLoaderServi - Failed to load IMAGE
16:33:10.911 [FXGL Background Thread 2 ] WARN  FXGLAssetLoaderServi - Asset "/assets/textures/corsalaterale/corsalaterale9.png" was not found!
16:33:10.911 [FXGL Background Thread 2 ] WARN  FXGLAssetLoaderServi - Failed to load IMAGE
16:33:10.912 [FXGL Background Thread 2 ] WARN  FXGLAssetLoaderServi - Asset "/assets/textures/corsalaterale/corsalaterale10.png" was not found!
16:33:10.912 [FXGL Background Thread 2 ] WARN  FXGLAssetLoaderServi - Failed to load IMAGE
16:33:10.912 [FXGL Background Thread 2 ] WARN  FXGLAssetLoaderServi - Asset "/assets/textures/corsalaterale/corsalaterale11.png" was not found!
16:33:10.912 [FXGL Background Thread 2 ] WARN  FXGLAssetLoaderServi - Failed to load IMAGE
16:33:10.915 [FXGL Background Thread 2 ] DEBUG FXGLAssetLoaderServi - Loading from file system: file:/C:/Users/enric/Desktop/robe%20mie/Fermi/triennio/Informatica/Intellij/GiocoClasseQuarta/target/classes/assets/textures/sfondo1.jpg
16:33:10.934 [FXGL Background Thread 2 ] INFO  FXGLApplication      - Game initialization took: 0,104 sec
16:33:10.939 [JavaFX Application Thread] DEBUG Input                - Clearing active input actions
16:33:10.945 [JavaFX Application Thread] DEBUG GameApplicationServi - Removing overlay from FXGLLoadingScene and adding to GameScene
16:33:10.945 [JavaFX Application Thread] DEBUG PrimaryStageWindow   - FXGLLoadingScene -> GameScene
16:33:12.394 [FXGL Background Thread 3 ] DEBUG Engine               - Logging environment variables
16:33:12.396 [FXGL Background Thread 3 ] DEBUG Engine               - achievements: []
16:33:12.396 [FXGL Background Thread 3 ] DEBUG Engine               - actualHeight: 720.0
16:33:12.397 [FXGL Background Thread 3 ] DEBUG Engine               - actualHeightProperty: ReadOnlyDoubleProperty [value: 720.0]
16:33:12.397 [FXGL Background Thread 3 ] DEBUG Engine               - actualWidth: 1000.0
16:33:12.397 [FXGL Background Thread 3 ] DEBUG Engine               - actualWidthProperty: ReadOnlyDoubleProperty [value: 1000.0]
16:33:12.397 [FXGL Background Thread 3 ] DEBUG Engine               - appIcon: fxgl_icon.png
16:33:12.397 [FXGL Background Thread 3 ] DEBUG Engine               - applicationMode: DEVELOPER
16:33:12.398 [FXGL Background Thread 3 ] DEBUG Engine               - cSSList: [fxgl_dark.css]
16:33:12.398 [FXGL Background Thread 3 ] DEBUG Engine               - collisionDetectionStrategy: BRUTE_FORCE
16:33:12.398 [FXGL Background Thread 3 ] DEBUG Engine               - configClass: Optional.empty
16:33:12.398 [FXGL Background Thread 3 ] DEBUG Engine               - credits: []
16:33:12.399 [FXGL Background Thread 3 ] DEBUG Engine               - defaultCursor: CursorInfo(imageName=fxgl_default_cursor.png, hotspotX=7.0, hotspotY=6.0)
16:33:12.400 [FXGL Background Thread 3 ] DEBUG Engine               - devBBoxColorProperty: ObjectProperty [value: 0xff0000ff]
16:33:12.400 [FXGL Background Thread 3 ] DEBUG Engine               - devEnableDebugCameraProperty: BooleanProperty [value: false]
16:33:12.400 [FXGL Background Thread 3 ] DEBUG Engine               - devSensorColorProperty: ObjectProperty [value: 0xffff00ff]
16:33:12.400 [FXGL Background Thread 3 ] DEBUG Engine               - devShowBBoxProperty: BooleanProperty [value: false]
16:33:12.401 [FXGL Background Thread 3 ] DEBUG Engine               - devShowPositionProperty: BooleanProperty [value: false]
16:33:12.401 [FXGL Background Thread 3 ] DEBUG Engine               - enabledMenuItems: []
16:33:12.401 [FXGL Background Thread 3 ] DEBUG Engine               - engineServices: [class com.almasb.fxgl.app.services.FXGLAssetLoaderService, class com.almasb.fxgl.app.FXGLApplication$GameApplicationService, class com.almasb.fxgl.app.services.FXGLDialogService, class com.almasb.fxgl.app.services.IOTaskExecutorService, class com.almasb.fxgl.io.FileSystemService, class com.almasb.fxgl.localization.LocalizationService, class com.almasb.fxgl.app.services.SystemBundleService, class com.almasb.fxgl.profile.SaveLoadService, class com.almasb.fxgl.ui.FXGLUIFactoryServiceProvider, class com.almasb.fxgl.ui.FXGLDialogFactoryServiceProvider, class com.almasb.fxgl.audio.AudioPlayer, class com.almasb.fxgl.notification.impl.NotificationServiceProvider, class com.almasb.fxgl.achievement.AchievementService, class com.almasb.fxgl.cutscene.CutsceneService, class com.almasb.fxgl.minigames.MiniGameService, class com.almasb.fxgl.net.NetService, class com.almasb.fxgl.app.services.UpdaterService, class com.almasb.fxgl.dev.DevService]
16:33:12.401 [FXGL Background Thread 3 ] DEBUG Engine               - fontGame: Abel-Regular.ttf
16:33:12.402 [FXGL Background Thread 3 ] DEBUG Engine               - fontMono: TerminalLandMono-Regular.otf
16:33:12.402 [FXGL Background Thread 3 ] DEBUG Engine               - fontSizeScaleUI: 1.0
16:33:12.402 [FXGL Background Thread 3 ] DEBUG Engine               - fontText: Courier-Prime.ttf
16:33:12.402 [FXGL Background Thread 3 ] DEBUG Engine               - fontUI: VarelaRound-Regular.ttf
16:33:12.402 [FXGL Background Thread 3 ] DEBUG Engine               - fullScreen: BooleanProperty [value: false]
16:33:12.402 [FXGL Background Thread 3 ] DEBUG Engine               - gameDifficulty: MEDIUM
16:33:12.403 [FXGL Background Thread 3 ] DEBUG Engine               - gameDifficultyProperty: ObjectProperty [value: MEDIUM]
16:33:12.403 [FXGL Background Thread 3 ] DEBUG Engine               - globalMusicVolume: 0.5
16:33:12.403 [FXGL Background Thread 3 ] DEBUG Engine               - globalMusicVolumeProperty: DoubleProperty [value: 0.5]
16:33:12.403 [FXGL Background Thread 3 ] DEBUG Engine               - globalSoundVolume: 0.5
16:33:12.404 [FXGL Background Thread 3 ] DEBUG Engine               - globalSoundVolumeProperty: DoubleProperty [value: 0.5]
16:33:12.404 [FXGL Background Thread 3 ] DEBUG Engine               - height: 720
16:33:12.404 [FXGL Background Thread 3 ] DEBUG Engine               - is3D: false
16:33:12.404 [FXGL Background Thread 3 ] DEBUG Engine               - isAndroid: false
16:33:12.404 [FXGL Background Thread 3 ] DEBUG Engine               - isBrowser: false
16:33:12.405 [FXGL Background Thread 3 ] DEBUG Engine               - isClickFeedbackEnabled: false
16:33:12.405 [FXGL Background Thread 3 ] DEBUG Engine               - isCloseConfirmation: false
16:33:12.405 [FXGL Background Thread 3 ] DEBUG Engine               - isDesktop: true
16:33:12.405 [FXGL Background Thread 3 ] DEBUG Engine               - isDeveloperMenuEnabled: false
16:33:12.405 [FXGL Background Thread 3 ] DEBUG Engine               - isEmbedded: false
16:33:12.405 [FXGL Background Thread 3 ] DEBUG Engine               - isEntityPreloadEnabled: true
16:33:12.406 [FXGL Background Thread 3 ] DEBUG Engine               - isExperimentalTiledLargeMap: false
16:33:12.406 [FXGL Background Thread 3 ] DEBUG Engine               - isFileSystemWriteAllowed: true
16:33:12.406 [FXGL Background Thread 3 ] DEBUG Engine               - isFullScreenAllowed: false
16:33:12.406 [FXGL Background Thread 3 ] DEBUG Engine               - isFullScreenFromStart: false
16:33:12.406 [FXGL Background Thread 3 ] DEBUG Engine               - isGameMenuEnabled: true
16:33:12.406 [FXGL Background Thread 3 ] DEBUG Engine               - isIOS: false
16:33:12.407 [FXGL Background Thread 3 ] DEBUG Engine               - isIntroEnabled: false
16:33:12.407 [FXGL Background Thread 3 ] DEBUG Engine               - isLinux: false
16:33:12.407 [FXGL Background Thread 3 ] DEBUG Engine               - isMac: false
16:33:12.407 [FXGL Background Thread 3 ] DEBUG Engine               - isMainMenuEnabled: true
16:33:12.407 [FXGL Background Thread 3 ] DEBUG Engine               - isManualResizeEnabled: false
16:33:12.407 [FXGL Background Thread 3 ] DEBUG Engine               - isMobile: false
16:33:12.408 [FXGL Background Thread 3 ] DEBUG Engine               - isNative: false
16:33:12.408 [FXGL Background Thread 3 ] DEBUG Engine               - isPauseMusicWhenMinimized: true
16:33:12.408 [FXGL Background Thread 3 ] DEBUG Engine               - isPreserveResizeRatio: false
16:33:12.408 [FXGL Background Thread 3 ] DEBUG Engine               - isProfilingEnabled: false
16:33:12.408 [FXGL Background Thread 3 ] DEBUG Engine               - isScaleAffectedOnResize: true
16:33:12.408 [FXGL Background Thread 3 ] DEBUG Engine               - isSingleStep: false
16:33:12.409 [FXGL Background Thread 3 ] DEBUG Engine               - isUserProfileEnabled: false
16:33:12.409 [FXGL Background Thread 3 ] DEBUG Engine               - isWindows: true
16:33:12.409 [FXGL Background Thread 3 ] DEBUG Engine               - language: ObjectProperty [value: ENGLISH]
16:33:12.409 [FXGL Background Thread 3 ] DEBUG Engine               - menuKey: ESCAPE
16:33:12.410 [FXGL Background Thread 3 ] DEBUG Engine               - mouseSensitivity: 0.2
16:33:12.410 [FXGL Background Thread 3 ] DEBUG Engine               - notificationViewClass: class com.almasb.fxgl.notification.view.XboxNotificationView
16:33:12.410 [FXGL Background Thread 3 ] DEBUG Engine               - pixelsPerMeter: 50.0
16:33:12.410 [FXGL Background Thread 3 ] DEBUG Engine               - platform: WINDOWS
16:33:12.410 [FXGL Background Thread 3 ] DEBUG Engine               - prefHeightProperty: ReadOnlyDoubleProperty [value: 720.0]
16:33:12.411 [FXGL Background Thread 3 ] DEBUG Engine               - prefWidthProperty: ReadOnlyDoubleProperty [value: 1000.0]
16:33:12.411 [FXGL Background Thread 3 ] DEBUG Engine               - profileDir: profiles/
16:33:12.411 [FXGL Background Thread 3 ] DEBUG Engine               - profileName: StringProperty [value: DEFAULT]
16:33:12.411 [FXGL Background Thread 3 ] DEBUG Engine               - randomSeed: -1
16:33:12.412 [FXGL Background Thread 3 ] DEBUG Engine               - runtimeInfo: RuntimeInfo(platform=WINDOWS, version=17.3, build=30.03.2023 11.49)
16:33:12.412 [FXGL Background Thread 3 ] DEBUG Engine               - saveFileExt: sav
16:33:12.413 [FXGL Background Thread 3 ] DEBUG Engine               - scaledHeightProp$fxgl: DoubleProperty [bound, value: 720.0]
16:33:12.413 [FXGL Background Thread 3 ] DEBUG Engine               - scaledWidthProp$fxgl: DoubleProperty [bound, value: 1000.0]
16:33:12.413 [FXGL Background Thread 3 ] DEBUG Engine               - sceneFactory: com.game.pokemon.FabbricaScene@66a10664
16:33:12.413 [FXGL Background Thread 3 ] DEBUG Engine               - secondsIn24h: 60
16:33:12.413 [FXGL Background Thread 3 ] DEBUG Engine               - soundMenuBack: menu/back.wav
16:33:12.413 [FXGL Background Thread 3 ] DEBUG Engine               - soundMenuPress: menu/press.wav
16:33:12.414 [FXGL Background Thread 3 ] DEBUG Engine               - soundMenuSelect: menu/select.wav
16:33:12.414 [FXGL Background Thread 3 ] DEBUG Engine               - soundNotification: core/notification.wav
16:33:12.414 [FXGL Background Thread 3 ] DEBUG Engine               - stageStyle: DECORATED
16:33:12.414 [FXGL Background Thread 3 ] DEBUG Engine               - supportedLanguages: [ENGLISH, FRENCH, GERMAN, HUNGARIAN, RUSSIAN]
16:33:12.414 [FXGL Background Thread 3 ] DEBUG Engine               - ticksPerSecond: -1
16:33:12.414 [FXGL Background Thread 3 ] DEBUG Engine               - title: Pokemon boh
16:33:12.415 [FXGL Background Thread 3 ] DEBUG Engine               - urlGithub: https://github.com/AlmasB/FXGL
16:33:12.415 [FXGL Background Thread 3 ] DEBUG Engine               - urlLeaderboard: http://fxgl-top.herokuapp.com/
16:33:12.415 [FXGL Background Thread 3 ] DEBUG Engine               - urlPOM: https://raw.githubusercontent.com/AlmasB/FXGL/release/README.md
16:33:12.415 [FXGL Background Thread 3 ] DEBUG Engine               - userAppClass: class com.game.pokemon.PokemonApplication
16:33:12.415 [FXGL Background Thread 3 ] DEBUG Engine               - version: 0.1
16:33:12.415 [FXGL Background Thread 3 ] DEBUG Engine               - versionCheckDays: 7
16:33:12.415 [FXGL Background Thread 3 ] DEBUG Engine               - width: 1000
16:33:12.416 [FXGL Background Thread 3 ] DEBUG Engine               - Logging services
16:33:12.416 [FXGL Background Thread 3 ] DEBUG Engine               - class com.almasb.fxgl.app.services.FXGLAssetLoaderService
16:33:12.416 [FXGL Background Thread 3 ] DEBUG Engine               - class com.almasb.fxgl.app.FXGLApplication$GameApplicationService
16:33:12.416 [FXGL Background Thread 3 ] DEBUG Engine               - class com.almasb.fxgl.app.services.FXGLDialogService
16:33:12.416 [FXGL Background Thread 3 ] DEBUG Engine               - class com.almasb.fxgl.app.services.IOTaskExecutorService
16:33:12.416 [FXGL Background Thread 3 ] DEBUG Engine               - class com.almasb.fxgl.io.FileSystemService
16:33:12.416 [FXGL Background Thread 3 ] DEBUG Engine               - class com.almasb.fxgl.localization.LocalizationService
16:33:12.417 [FXGL Background Thread 3 ] DEBUG Engine               - class com.almasb.fxgl.app.services.SystemBundleService
16:33:12.417 [FXGL Background Thread 3 ] DEBUG Engine               - class com.almasb.fxgl.profile.SaveLoadService
16:33:12.417 [FXGL Background Thread 3 ] DEBUG Engine               - class com.almasb.fxgl.ui.FXGLUIFactoryServiceProvider
16:33:12.417 [FXGL Background Thread 3 ] DEBUG Engine               - class com.almasb.fxgl.ui.FXGLDialogFactoryServiceProvider
16:33:12.417 [FXGL Background Thread 3 ] DEBUG Engine               - class com.almasb.fxgl.audio.AudioPlayer
16:33:12.417 [FXGL Background Thread 3 ] DEBUG Engine               - class com.almasb.fxgl.notification.impl.NotificationServiceProvider
16:33:12.417 [FXGL Background Thread 3 ] DEBUG Engine               - class com.almasb.fxgl.achievement.AchievementService
16:33:12.418 [FXGL Background Thread 3 ] DEBUG Engine               - class com.almasb.fxgl.cutscene.CutsceneService
16:33:12.418 [FXGL Background Thread 3 ] DEBUG Engine               - class com.almasb.fxgl.minigames.MiniGameService
16:33:12.418 [FXGL Background Thread 3 ] DEBUG Engine               - class com.almasb.fxgl.net.NetService
16:33:12.418 [FXGL Background Thread 3 ] DEBUG Engine               - class com.almasb.fxgl.app.services.UpdaterService
16:33:12.418 [FXGL Background Thread 3 ] DEBUG Engine               - class com.almasb.fxgl.dev.DevService
16:33:30.696 [JavaFX Application Thread] DEBUG FXGLApplication      - Exiting FXGL
16:33:30.697 [JavaFX Application Thread] DEBUG LoopRunner           - Stopping loop
16:33:30.697 [JavaFX Application Thread] DEBUG SystemBundleService  - Saving FXGL system data
16:33:30.703 [JavaFX Application Thread] DEBUG FileSystemAccess     - Writing to: C:\Users\enric\Desktop\robe mie\Fermi\triennio\Informatica\Intellij\GiocoClasseQuarta\system\fxgl.bundle
16:33:30.705 [JavaFX Application Thread] DEBUG Async                - Shutting down background threads
16:33:30.706 [JavaFX Application Thread] DEBUG PrimaryStageWindow   - Closing main window
16:33:30.715 [JavaFX Application Thread] DEBUG Logger               - Closing Logger
