22:30:55.997 [main                     ] DEBUG Logger               - Configured Logger
22:30:56.017 [main                     ] DEBUG GameApplication      - Logging settings
Title: Pokemon boh
Version: 0.1
Width: 1000
Height: 720
Fullscreen: false
Intro: false
Profiling: false
Single step:false
App Mode: DEVELOPER
Menu Key: ESCAPE
Stage Style: DECORATED
Scene Factory: class com.game.pokemon.FabbricaScene

22:30:56.274 [JavaFX Application Thread] DEBUG FXGLApplication      - Initializing FXGL
22:30:56.277 [JavaFX Application Thread] INFO  Engine               - FXGL-17.3 (30.03.2023 11.49) on WINDOWS (J:22.0.1 FX:22-ea)
22:30:56.278 [JavaFX Application Thread] DEBUG Engine               - JRE Vendor Name: Oracle Corporation
22:30:56.278 [JavaFX Application Thread] DEBUG Engine               - Running on OS: Windows 11 version 10.0
22:30:56.278 [JavaFX Application Thread] DEBUG Engine               - Architecture: amd64
22:30:56.278 [JavaFX Application Thread] INFO  Engine               - Source code and latest versions at: https://github.com/AlmasB/FXGL
22:30:56.278 [JavaFX Application Thread] INFO  Engine               -       Ask questions and discuss at: https://github.com/AlmasB/FXGL/discussions
22:30:56.278 [JavaFX Application Thread] INFO  Engine               -              Join the FXGL chat at: https://gitter.im/AlmasB/FXGL
22:30:56.354 [JavaFX Application Thread] DEBUG PrimaryStageWindow   - Creating a JavaFX scene
22:30:56.391 [JavaFX Application Thread] DEBUG PrimaryStageWindow   - Target settings size: 1000.0 x 720.0
22:30:56.391 [JavaFX Application Thread] DEBUG PrimaryStageWindow   - Scaled scene size:    1000.0 x 720.0
22:30:56.391 [JavaFX Application Thread] DEBUG PrimaryStageWindow   - Scaled ratio: (1.0, 1.0)
22:30:56.392 [JavaFX Application Thread] DEBUG PrimaryStageWindow   - Set initial scene to FXGLStartupScene
22:30:56.395 [JavaFX Application Thread] DEBUG PrimaryStageWindow   - Opening main window
22:30:56.468 [JavaFX Application Thread] DEBUG PrimaryStageWindow   - Window border size: (14.4000244140625, 37.5999755859375)
22:30:56.468 [JavaFX Application Thread] DEBUG PrimaryStageWindow   - Scaled size: 1000.0 x 720.0
22:30:56.468 [JavaFX Application Thread] DEBUG PrimaryStageWindow   - Scaled ratio: (1.0, 1.0)
22:30:56.469 [JavaFX Application Thread] DEBUG PrimaryStageWindow   - Scene size: 1000.0 x 720.0
22:30:56.469 [JavaFX Application Thread] DEBUG PrimaryStageWindow   - Stage size: 1014.4000244140625 x 757.5999755859375
22:30:56.476 [FXGL Background Thread 1 ] DEBUG Engine               - Initializing environment variables
22:30:56.525 [FXGL Background Thread 1 ] DEBUG FXGLAssetLoaderServi - User app class for loading assets: class com.game.pokemon.PokemonApplication
22:30:56.525 [FXGL Background Thread 1 ] DEBUG GameApplicationServi - Applying CSS: fxgl_dark.css
22:30:56.526 [FXGL Background Thread 1 ] DEBUG FXGLAssetLoaderServi - Loading from file system: jar:file:///C:/Users/enric/.m2/repository/com/github/almasb/fxgl/17.3/fxgl-17.3.jar!/fxglassets/ui/css/fxgl_dark.css
22:30:56.571 [FXGL Background Thread 1 ] DEBUG GameApplicationServi - Initializing application scenes
22:30:56.606 [FXGL Background Thread 1 ] DEBUG GameWorld            - Game world initialized
22:30:56.666 [FXGL Background Thread 1 ] DEBUG PhysicsWorld         - Physics world initialized: appHeight=720, physics.ppm=50,0
22:30:56.666 [FXGL Background Thread 1 ] DEBUG PhysicsWorld         - Using strategy: BRUTE_FORCE
22:30:56.670 [FXGL Background Thread 1 ] DEBUG GameScene            - Game scene initialized: 1000x720
22:30:56.678 [FXGL Background Thread 1 ] DEBUG FXGL.DefaultMenu     - createMenuBodyMainMenu()
22:30:56.687 [FXGL Background Thread 1 ] DEBUG FXGL.DefaultMenu     - createOptionsMenu()
22:30:56.693 [FXGL Background Thread 1 ] DEBUG FXGLAssetLoaderServi - Loading from file system: jar:file:///C:/Users/enric/.m2/repository/com/github/almasb/fxgl/17.3/fxgl-17.3.jar!/fxglassets/textures/particles/smoke.png
22:30:56.765 [FXGL Background Thread 1 ] DEBUG FXGLAssetLoaderServi - Loading from file system: jar:file:///C:/Users/enric/.m2/repository/com/github/almasb/fxgl/17.3/fxgl-17.3.jar!/fxglassets/textures/particles/trace_horizontal.png
22:30:56.794 [FXGL Background Thread 1 ] DEBUG FXGLAssetLoaderServi - Loading from file system: file:/C:/Users/enric/Desktop/robe%20mie/Fermi/triennio/Informatica/Intellij/GiocoClasseQuarta/target/classes/assets/music/musicaMenu.mp3
22:30:56.886 [FXGL Background Thread 1 ] DEBUG FXGL.DefaultMenu     - createMenuBodyGameMenu()
22:30:56.887 [FXGL Background Thread 1 ] DEBUG FXGL.DefaultMenu     - createOptionsMenu()
22:30:56.898 [FXGL Background Thread 1 ] DEBUG GameApplicationServi - Application scenes initialized
22:30:56.908 [FXGL Background Thread 1 ] DEBUG SystemBundleService  - Loading FXGL system data
22:30:56.911 [FXGL Background Thread 1 ] DEBUG FileSystemAccess     - Reading from: C:\Users\enric\Desktop\robe mie\Fermi\triennio\Informatica\Intellij\GiocoClasseQuarta\system\fxgl.bundle
22:30:56.919 [FXGL Background Thread 1 ] DEBUG SystemBundleService  - Bundle FXGL: {}
22:30:56.919 [FXGL Background Thread 1 ] DEBUG UpdaterService       - Checking for updates
22:30:56.942 [FXGL Background Thread 4 ] DEBUG FXGLApplication      - Loading fonts
22:30:56.943 [FXGL Background Thread 1 ] DEBUG FXGLApplication      - Loading default localization
22:30:56.943 [FXGL Background Thread 4 ] DEBUG FXGLAssetLoaderServi - Loading from file system: jar:file:///C:/Users/enric/.m2/repository/com/github/almasb/fxgl/17.3/fxgl-17.3.jar!/fxglassets/ui/fonts/VarelaRound-Regular.ttf
22:30:56.943 [FXGL Background Thread 1 ] DEBUG FXGLAssetLoaderServi - Loading from file system: jar:file:///C:/Users/enric/.m2/repository/com/github/almasb/fxgl/17.3/fxgl-17.3.jar!/fxglassets/languages/english.lang
22:30:56.958 [FXGL Background Thread 1 ] INFO  FXGLApplication      - FXGL initialization took: 0,482 sec
22:30:56.967 [JavaFX Application Thread] DEBUG Input                - Registered new binding: Move Right - D
22:30:56.967 [JavaFX Application Thread] DEBUG Input                - Registered new binding: Move Left - A
22:30:56.968 [JavaFX Application Thread] DEBUG Input                - Registered new binding: Move Up - W
22:30:56.968 [JavaFX Application Thread] DEBUG Input                - Registered new binding: Move Down - S
22:30:56.968 [JavaFX Application Thread] DEBUG Input                - Registered new binding: Talk - E
22:30:56.968 [JavaFX Application Thread] DEBUG Input                - Registered new binding: Attack - F
22:30:56.968 [JavaFX Application Thread] DEBUG FXGLAssetLoaderServi - Loading from file system: jar:file:///C:/Users/enric/.m2/repository/com/github/almasb/fxgl/17.3/fxgl-17.3.jar!/fxglassets/textures/fxgl_icon.png
22:30:56.973 [FXGL Background Thread 4 ] DEBUG FXGLAssetLoaderServi - Loading from file system: jar:file:///C:/Users/enric/.m2/repository/com/github/almasb/fxgl/17.3/fxgl-17.3.jar!/fxglassets/ui/fonts/Abel-Regular.ttf
22:30:56.981 [FXGL Background Thread 4 ] DEBUG FXGLAssetLoaderServi - Loading from file system: jar:file:///C:/Users/enric/.m2/repository/com/github/almasb/fxgl/17.3/fxgl-17.3.jar!/fxglassets/ui/fonts/TerminalLandMono-Regular.otf
22:30:56.989 [JavaFX Application Thread] DEBUG FXGLAssetLoaderServi - Loading from file system: jar:file:///C:/Users/enric/.m2/repository/com/github/almasb/fxgl/17.3/fxgl-17.3.jar!/fxglassets/textures/fxgl_default_cursor.png
22:30:56.990 [FXGL Background Thread 4 ] DEBUG FXGLAssetLoaderServi - Loading from file system: jar:file:///C:/Users/enric/.m2/repository/com/github/almasb/fxgl/17.3/fxgl-17.3.jar!/fxglassets/ui/fonts/Courier-Prime.ttf
22:30:56.991 [JavaFX Application Thread] DEBUG Input                - Registered new binding: Screenshot - CTRL+8
22:30:56.991 [JavaFX Application Thread] DEBUG Input                - Registered new binding: Dev Options - 1
22:30:56.991 [JavaFX Application Thread] DEBUG Input                - Registered new binding: Dev Console - 2
22:30:56.992 [JavaFX Application Thread] DEBUG Input                - Registered new binding: System info dump - CTRL+9
22:30:56.992 [JavaFX Application Thread] DEBUG Input                - Registered new binding: Restart - CTRL+R
22:30:56.992 [JavaFX Application Thread] DEBUG Input                - Registered new binding: Toggle Debug Camera - CTRL+7
22:30:56.996 [JavaFX Application Thread] DEBUG LoopRunner           - Starting loop
22:30:57.013 [JavaFX Application Thread] DEBUG LoopRunner           - Initializing JavaFX AnimationTimerLoop
22:30:57.016 [JavaFX Application Thread] DEBUG Input                - Clearing active input actions
22:30:57.030 [JavaFX Application Thread] DEBUG GameApplicationServi - Removing overlay from FXGLStartupScene and adding to FXGLMainMenuDummyScene
22:30:57.036 [JavaFX Application Thread] DEBUG PrimaryStageWindow   - FXGLStartupScene -> FXGLMainMenuDummyScene
22:30:57.036 [JavaFX Application Thread] DEBUG PrimaryStageWindow   - Push state: MainMenu
22:30:57.050 [JavaFX Application Thread] DEBUG AudioPlayer          - Playing music com.almasb.fxgl.audio.Music@4b8045fd
22:30:57.053 [JavaFX Application Thread] DEBUG Input                - Clearing active input actions
22:30:57.062 [JavaFX Application Thread] DEBUG GameApplicationServi - Removing overlay from FXGLMainMenuDummyScene and adding to MainMenu
22:30:57.063 [JavaFX Application Thread] DEBUG PrimaryStageWindow   - FXGLMainMenuDummyScene -> MainMenu
22:30:57.063 [JavaFX Application Thread] DEBUG FXGLApplication      - Registering font factories with UI factory
22:30:57.518 [FXGL Background Thread 2 ] INFO  UpdaterService       - Your current version:  17.3
22:30:57.519 [FXGL Background Thread 2 ] INFO  UpdaterService       - Latest stable version: 21.1
22:30:59.816 [JavaFX Application Thread] DEBUG FXGLApplication      - Exiting FXGL
22:30:59.817 [JavaFX Application Thread] DEBUG LoopRunner           - Stopping loop
22:30:59.817 [JavaFX Application Thread] DEBUG SystemBundleService  - Saving FXGL system data
22:30:59.822 [JavaFX Application Thread] DEBUG FileSystemAccess     - Writing to: C:\Users\enric\Desktop\robe mie\Fermi\triennio\Informatica\Intellij\GiocoClasseQuarta\system\fxgl.bundle
22:30:59.828 [JavaFX Application Thread] DEBUG Async                - Shutting down background threads
22:30:59.829 [JavaFX Application Thread] DEBUG PrimaryStageWindow   - Closing main window
22:30:59.849 [JavaFX Application Thread] DEBUG Logger               - Closing Logger
