23:08:29.208 [main                     ] DEBUG Logger               - Configured Logger
23:08:29.234 [main                     ] DEBUG GameApplication      - Logging settings
Title: Pokemon boh
Version: 0.1
Width: 1000
Height: 720
Fullscreen: false
Intro: false
Profiling: false
Single step:false
App Mode: DEVELOPER
Menu Key: ESCAPE
Stage Style: DECORATED
Scene Factory: class com.game.pokemon.FabbricaScene

23:08:29.541 [JavaFX Application Thread] DEBUG FXGLApplication      - Initializing FXGL
23:08:29.545 [JavaFX Application Thread] INFO  Engine               - FXGL-17.3 (30.03.2023 11.49) on WINDOWS (J:22.0.1 FX:22-ea)
23:08:29.545 [JavaFX Application Thread] DEBUG Engine               - JRE Vendor Name: Oracle Corporation
23:08:29.546 [JavaFX Application Thread] DEBUG Engine               - Running on OS: Windows 11 version 10.0
23:08:29.546 [JavaFX Application Thread] DEBUG Engine               - Architecture: amd64
23:08:29.546 [JavaFX Application Thread] INFO  Engine               - Source code and latest versions at: https://github.com/AlmasB/FXGL
23:08:29.546 [JavaFX Application Thread] INFO  Engine               -       Ask questions and discuss at: https://github.com/AlmasB/FXGL/discussions
23:08:29.546 [JavaFX Application Thread] INFO  Engine               -              Join the FXGL chat at: https://gitter.im/AlmasB/FXGL
23:08:29.628 [JavaFX Application Thread] DEBUG PrimaryStageWindow   - Creating a JavaFX scene
23:08:29.669 [JavaFX Application Thread] DEBUG PrimaryStageWindow   - Target settings size: 1000.0 x 720.0
23:08:29.669 [JavaFX Application Thread] DEBUG PrimaryStageWindow   - Scaled scene size:    1000.0 x 720.0
23:08:29.669 [JavaFX Application Thread] DEBUG PrimaryStageWindow   - Scaled ratio: (1.0, 1.0)
23:08:29.670 [JavaFX Application Thread] DEBUG PrimaryStageWindow   - Set initial scene to FXGLStartupScene
23:08:29.673 [JavaFX Application Thread] DEBUG PrimaryStageWindow   - Opening main window
23:08:29.752 [JavaFX Application Thread] DEBUG PrimaryStageWindow   - Window border size: (14.4000244140625, 37.5999755859375)
23:08:29.752 [JavaFX Application Thread] DEBUG PrimaryStageWindow   - Scaled size: 1000.0 x 720.0
23:08:29.752 [JavaFX Application Thread] DEBUG PrimaryStageWindow   - Scaled ratio: (1.0, 1.0)
23:08:29.752 [JavaFX Application Thread] DEBUG PrimaryStageWindow   - Scene size: 1000.0 x 720.0
23:08:29.753 [JavaFX Application Thread] DEBUG PrimaryStageWindow   - Stage size: 1014.4000244140625 x 757.5999755859375
23:08:29.761 [FXGL Background Thread 1 ] DEBUG Engine               - Initializing environment variables
23:08:29.822 [FXGL Background Thread 1 ] DEBUG FXGLAssetLoaderServi - User app class for loading assets: class com.game.pokemon.PokemonApplication
23:08:29.822 [FXGL Background Thread 1 ] DEBUG GameApplicationServi - Applying CSS: fxgl_dark.css
23:08:29.822 [FXGL Background Thread 1 ] DEBUG FXGLAssetLoaderServi - Loading from file system: jar:file:///C:/Users/enric/.m2/repository/com/github/almasb/fxgl/17.3/fxgl-17.3.jar!/fxglassets/ui/css/fxgl_dark.css
23:08:29.874 [FXGL Background Thread 1 ] DEBUG GameApplicationServi - Initializing application scenes
23:08:29.917 [FXGL Background Thread 1 ] DEBUG GameWorld            - Game world initialized
23:08:29.980 [FXGL Background Thread 1 ] DEBUG PhysicsWorld         - Physics world initialized: appHeight=720, physics.ppm=50,0
23:08:29.980 [FXGL Background Thread 1 ] DEBUG PhysicsWorld         - Using strategy: BRUTE_FORCE
23:08:29.983 [FXGL Background Thread 1 ] DEBUG GameScene            - Game scene initialized: 1000x720
23:08:29.995 [FXGL Background Thread 1 ] DEBUG FXGL.DefaultMenu     - createMenuBodyMainMenu()
23:08:30.004 [FXGL Background Thread 1 ] DEBUG FXGL.DefaultMenu     - createOptionsMenu()
23:08:30.010 [FXGL Background Thread 1 ] DEBUG FXGLAssetLoaderServi - Loading from file system: jar:file:///C:/Users/enric/.m2/repository/com/github/almasb/fxgl/17.3/fxgl-17.3.jar!/fxglassets/textures/particles/smoke.png
23:08:30.086 [FXGL Background Thread 1 ] DEBUG FXGLAssetLoaderServi - Loading from file system: jar:file:///C:/Users/enric/.m2/repository/com/github/almasb/fxgl/17.3/fxgl-17.3.jar!/fxglassets/textures/particles/trace_horizontal.png
23:08:30.120 [FXGL Background Thread 1 ] DEBUG FXGL.DefaultMenu     - createMenuBodyGameMenu()
23:08:30.121 [FXGL Background Thread 1 ] DEBUG FXGL.DefaultMenu     - createOptionsMenu()
23:08:30.133 [FXGL Background Thread 1 ] DEBUG GameApplicationServi - Application scenes initialized
23:08:30.144 [FXGL Background Thread 1 ] DEBUG SystemBundleService  - Loading FXGL system data
23:08:30.147 [FXGL Background Thread 1 ] DEBUG FileSystemAccess     - Reading from: C:\Users\enric\Desktop\robe mie\Fermi\triennio\Informatica\Intellij\GiocoClasseQuarta\system\fxgl.bundle
23:08:30.152 [FXGL Background Thread 1 ] DEBUG SystemBundleService  - Bundle FXGL: {}
23:08:30.152 [FXGL Background Thread 1 ] DEBUG UpdaterService       - Checking for updates
23:08:30.155 [FXGL Background Thread 4 ] DEBUG FXGLApplication      - Loading fonts
23:08:30.155 [FXGL Background Thread 1 ] DEBUG FXGLApplication      - Loading default localization
23:08:30.155 [FXGL Background Thread 4 ] DEBUG FXGLAssetLoaderServi - Loading from file system: jar:file:///C:/Users/enric/.m2/repository/com/github/almasb/fxgl/17.3/fxgl-17.3.jar!/fxglassets/ui/fonts/VarelaRound-Regular.ttf
23:08:30.155 [FXGL Background Thread 1 ] DEBUG FXGLAssetLoaderServi - Loading from file system: jar:file:///C:/Users/enric/.m2/repository/com/github/almasb/fxgl/17.3/fxgl-17.3.jar!/fxglassets/languages/english.lang
23:08:30.175 [FXGL Background Thread 1 ] INFO  FXGLApplication      - FXGL initialization took: 0,415 sec
23:08:30.188 [JavaFX Application Thread] DEBUG Input                - Registered new binding: Move Right - D
23:08:30.189 [JavaFX Application Thread] DEBUG Input                - Registered new binding: Move Left - A
23:08:30.189 [JavaFX Application Thread] DEBUG Input                - Registered new binding: Move Up - W
23:08:30.189 [JavaFX Application Thread] DEBUG Input                - Registered new binding: Move Down - S
23:08:30.190 [JavaFX Application Thread] DEBUG FXGLAssetLoaderServi - Loading from file system: jar:file:///C:/Users/enric/.m2/repository/com/github/almasb/fxgl/17.3/fxgl-17.3.jar!/fxglassets/textures/fxgl_icon.png
23:08:30.195 [FXGL Background Thread 4 ] DEBUG FXGLAssetLoaderServi - Loading from file system: jar:file:///C:/Users/enric/.m2/repository/com/github/almasb/fxgl/17.3/fxgl-17.3.jar!/fxglassets/ui/fonts/Abel-Regular.ttf
23:08:30.205 [FXGL Background Thread 4 ] DEBUG FXGLAssetLoaderServi - Loading from file system: jar:file:///C:/Users/enric/.m2/repository/com/github/almasb/fxgl/17.3/fxgl-17.3.jar!/fxglassets/ui/fonts/TerminalLandMono-Regular.otf
23:08:30.213 [JavaFX Application Thread] DEBUG FXGLAssetLoaderServi - Loading from file system: jar:file:///C:/Users/enric/.m2/repository/com/github/almasb/fxgl/17.3/fxgl-17.3.jar!/fxglassets/textures/fxgl_default_cursor.png
23:08:30.214 [FXGL Background Thread 4 ] DEBUG FXGLAssetLoaderServi - Loading from file system: jar:file:///C:/Users/enric/.m2/repository/com/github/almasb/fxgl/17.3/fxgl-17.3.jar!/fxglassets/ui/fonts/Courier-Prime.ttf
23:08:30.216 [JavaFX Application Thread] DEBUG Input                - Registered new binding: Screenshot - CTRL+8
23:08:30.216 [JavaFX Application Thread] DEBUG Input                - Registered new binding: System info dump - CTRL+9
23:08:30.217 [JavaFX Application Thread] DEBUG Input                - Registered new binding: Restart - CTRL+R
23:08:30.217 [JavaFX Application Thread] DEBUG Input                - Registered new binding: Toggle Debug Camera - CTRL+7
23:08:30.220 [JavaFX Application Thread] DEBUG LoopRunner           - Starting loop
23:08:30.220 [JavaFX Application Thread] DEBUG LoopRunner           - Initializing JavaFX AnimationTimerLoop
23:08:30.223 [JavaFX Application Thread] DEBUG Input                - Clearing active input actions
23:08:30.231 [JavaFX Application Thread] DEBUG GameApplicationServi - Removing overlay from FXGLStartupScene and adding to FXGLMainMenuDummyScene
23:08:30.231 [JavaFX Application Thread] DEBUG PrimaryStageWindow   - FXGLStartupScene -> FXGLMainMenuDummyScene
23:08:30.232 [JavaFX Application Thread] DEBUG PrimaryStageWindow   - Push state: FXGLDefaultMenu
23:08:30.238 [JavaFX Application Thread] DEBUG Input                - Clearing active input actions
23:08:30.249 [JavaFX Application Thread] DEBUG GameApplicationServi - Removing overlay from FXGLMainMenuDummyScene and adding to FXGLDefaultMenu
23:08:30.250 [JavaFX Application Thread] DEBUG PrimaryStageWindow   - FXGLMainMenuDummyScene -> FXGLDefaultMenu
23:08:30.250 [JavaFX Application Thread] DEBUG FXGLApplication      - Registering font factories with UI factory
23:08:30.616 [FXGL Background Thread 2 ] INFO  UpdaterService       - Your current version:  17.3
23:08:30.616 [FXGL Background Thread 2 ] INFO  UpdaterService       - Latest stable version: 21.1
23:08:33.154 [FXGL Background Thread 3 ] DEBUG Engine               - Logging environment variables
23:08:33.156 [FXGL Background Thread 3 ] DEBUG Engine               - achievements: []
23:08:33.156 [FXGL Background Thread 3 ] DEBUG Engine               - actualHeight: 720.0
23:08:33.156 [FXGL Background Thread 3 ] DEBUG Engine               - actualHeightProperty: ReadOnlyDoubleProperty [value: 720.0]
23:08:33.157 [FXGL Background Thread 3 ] DEBUG Engine               - actualWidth: 1000.0
23:08:33.157 [FXGL Background Thread 3 ] DEBUG Engine               - actualWidthProperty: ReadOnlyDoubleProperty [value: 1000.0]
23:08:33.157 [FXGL Background Thread 3 ] DEBUG Engine               - appIcon: fxgl_icon.png
23:08:33.157 [FXGL Background Thread 3 ] DEBUG Engine               - applicationMode: DEVELOPER
23:08:33.158 [FXGL Background Thread 3 ] DEBUG Engine               - cSSList: [fxgl_dark.css]
23:08:33.158 [FXGL Background Thread 3 ] DEBUG Engine               - collisionDetectionStrategy: BRUTE_FORCE
23:08:33.158 [FXGL Background Thread 3 ] DEBUG Engine               - configClass: Optional.empty
23:08:33.158 [FXGL Background Thread 3 ] DEBUG Engine               - credits: []
23:08:33.159 [FXGL Background Thread 3 ] DEBUG Engine               - defaultCursor: CursorInfo(imageName=fxgl_default_cursor.png, hotspotX=7.0, hotspotY=6.0)
23:08:33.159 [FXGL Background Thread 3 ] DEBUG Engine               - devBBoxColorProperty: ObjectProperty [value: 0xff0000ff]
23:08:33.160 [FXGL Background Thread 3 ] DEBUG Engine               - devEnableDebugCameraProperty: BooleanProperty [value: false]
23:08:33.160 [FXGL Background Thread 3 ] DEBUG Engine               - devSensorColorProperty: ObjectProperty [value: 0xffff00ff]
23:08:33.160 [FXGL Background Thread 3 ] DEBUG Engine               - devShowBBoxProperty: BooleanProperty [value: false]
23:08:33.161 [FXGL Background Thread 3 ] DEBUG Engine               - devShowPositionProperty: BooleanProperty [value: false]
23:08:33.161 [FXGL Background Thread 3 ] DEBUG Engine               - enabledMenuItems: []
23:08:33.161 [FXGL Background Thread 3 ] DEBUG Engine               - engineServices: [class com.almasb.fxgl.app.services.FXGLAssetLoaderService, class com.almasb.fxgl.app.FXGLApplication$GameApplicationService, class com.almasb.fxgl.app.services.FXGLDialogService, class com.almasb.fxgl.app.services.IOTaskExecutorService, class com.almasb.fxgl.io.FileSystemService, class com.almasb.fxgl.localization.LocalizationService, class com.almasb.fxgl.app.services.SystemBundleService, class com.almasb.fxgl.profile.SaveLoadService, class com.almasb.fxgl.ui.FXGLUIFactoryServiceProvider, class com.almasb.fxgl.ui.FXGLDialogFactoryServiceProvider, class com.almasb.fxgl.audio.AudioPlayer, class com.almasb.fxgl.notification.impl.NotificationServiceProvider, class com.almasb.fxgl.achievement.AchievementService, class com.almasb.fxgl.cutscene.CutsceneService, class com.almasb.fxgl.minigames.MiniGameService, class com.almasb.fxgl.net.NetService, class com.almasb.fxgl.app.services.UpdaterService, class com.almasb.fxgl.dev.DevService]
23:08:33.161 [FXGL Background Thread 3 ] DEBUG Engine               - fontGame: Abel-Regular.ttf
23:08:33.161 [FXGL Background Thread 3 ] DEBUG Engine               - fontMono: TerminalLandMono-Regular.otf
23:08:33.162 [FXGL Background Thread 3 ] DEBUG Engine               - fontSizeScaleUI: 1.0
23:08:33.162 [FXGL Background Thread 3 ] DEBUG Engine               - fontText: Courier-Prime.ttf
23:08:33.162 [FXGL Background Thread 3 ] DEBUG Engine               - fontUI: VarelaRound-Regular.ttf
23:08:33.162 [FXGL Background Thread 3 ] DEBUG Engine               - fullScreen: BooleanProperty [value: false]
23:08:33.162 [FXGL Background Thread 3 ] DEBUG Engine               - gameDifficulty: MEDIUM
23:08:33.163 [FXGL Background Thread 3 ] DEBUG Engine               - gameDifficultyProperty: ObjectProperty [value: MEDIUM]
23:08:33.163 [FXGL Background Thread 3 ] DEBUG Engine               - globalMusicVolume: 0.5
23:08:33.163 [FXGL Background Thread 3 ] DEBUG Engine               - globalMusicVolumeProperty: DoubleProperty [value: 0.5]
23:08:33.163 [FXGL Background Thread 3 ] DEBUG Engine               - globalSoundVolume: 0.5
23:08:33.164 [FXGL Background Thread 3 ] DEBUG Engine               - globalSoundVolumeProperty: DoubleProperty [value: 0.5]
23:08:33.164 [FXGL Background Thread 3 ] DEBUG Engine               - height: 720
23:08:33.164 [FXGL Background Thread 3 ] DEBUG Engine               - is3D: false
23:08:33.165 [FXGL Background Thread 3 ] DEBUG Engine               - isAndroid: false
23:08:33.165 [FXGL Background Thread 3 ] DEBUG Engine               - isBrowser: false
23:08:33.165 [FXGL Background Thread 3 ] DEBUG Engine               - isClickFeedbackEnabled: false
23:08:33.165 [FXGL Background Thread 3 ] DEBUG Engine               - isCloseConfirmation: false
23:08:33.166 [FXGL Background Thread 3 ] DEBUG Engine               - isDesktop: true
23:08:33.166 [FXGL Background Thread 3 ] DEBUG Engine               - isDeveloperMenuEnabled: false
23:08:33.166 [FXGL Background Thread 3 ] DEBUG Engine               - isEmbedded: false
23:08:33.166 [FXGL Background Thread 3 ] DEBUG Engine               - isEntityPreloadEnabled: true
23:08:33.166 [FXGL Background Thread 3 ] DEBUG Engine               - isExperimentalTiledLargeMap: false
23:08:33.166 [FXGL Background Thread 3 ] DEBUG Engine               - isFileSystemWriteAllowed: true
23:08:33.167 [FXGL Background Thread 3 ] DEBUG Engine               - isFullScreenAllowed: false
23:08:33.167 [FXGL Background Thread 3 ] DEBUG Engine               - isFullScreenFromStart: false
23:08:33.167 [FXGL Background Thread 3 ] DEBUG Engine               - isGameMenuEnabled: true
23:08:33.167 [FXGL Background Thread 3 ] DEBUG Engine               - isIOS: false
23:08:33.167 [FXGL Background Thread 3 ] DEBUG Engine               - isIntroEnabled: false
23:08:33.168 [FXGL Background Thread 3 ] DEBUG Engine               - isLinux: false
23:08:33.168 [FXGL Background Thread 3 ] DEBUG Engine               - isMac: false
23:08:33.168 [FXGL Background Thread 3 ] DEBUG Engine               - isMainMenuEnabled: true
23:08:33.168 [FXGL Background Thread 3 ] DEBUG Engine               - isManualResizeEnabled: false
23:08:33.168 [FXGL Background Thread 3 ] DEBUG Engine               - isMobile: false
23:08:33.169 [FXGL Background Thread 3 ] DEBUG Engine               - isNative: false
23:08:33.169 [FXGL Background Thread 3 ] DEBUG Engine               - isPauseMusicWhenMinimized: true
23:08:33.169 [FXGL Background Thread 3 ] DEBUG Engine               - isPreserveResizeRatio: false
23:08:33.170 [FXGL Background Thread 3 ] DEBUG Engine               - isProfilingEnabled: false
23:08:33.170 [FXGL Background Thread 3 ] DEBUG Engine               - isScaleAffectedOnResize: true
23:08:33.170 [FXGL Background Thread 3 ] DEBUG Engine               - isSingleStep: false
23:08:33.170 [FXGL Background Thread 3 ] DEBUG Engine               - isUserProfileEnabled: false
23:08:33.171 [FXGL Background Thread 3 ] DEBUG Engine               - isWindows: true
23:08:33.171 [FXGL Background Thread 3 ] DEBUG Engine               - language: ObjectProperty [value: ENGLISH]
23:08:33.171 [FXGL Background Thread 3 ] DEBUG Engine               - menuKey: ESCAPE
23:08:33.171 [FXGL Background Thread 3 ] DEBUG Engine               - mouseSensitivity: 0.2
23:08:33.171 [FXGL Background Thread 3 ] DEBUG Engine               - notificationViewClass: class com.almasb.fxgl.notification.view.XboxNotificationView
23:08:33.172 [FXGL Background Thread 3 ] DEBUG Engine               - pixelsPerMeter: 50.0
23:08:33.172 [FXGL Background Thread 3 ] DEBUG Engine               - platform: WINDOWS
23:08:33.172 [FXGL Background Thread 3 ] DEBUG Engine               - prefHeightProperty: ReadOnlyDoubleProperty [value: 720.0]
23:08:33.172 [FXGL Background Thread 3 ] DEBUG Engine               - prefWidthProperty: ReadOnlyDoubleProperty [value: 1000.0]
23:08:33.173 [FXGL Background Thread 3 ] DEBUG Engine               - profileDir: profiles/
23:08:33.173 [FXGL Background Thread 3 ] DEBUG Engine               - profileName: StringProperty [value: DEFAULT]
23:08:33.173 [FXGL Background Thread 3 ] DEBUG Engine               - randomSeed: -1
23:08:33.174 [FXGL Background Thread 3 ] DEBUG Engine               - runtimeInfo: RuntimeInfo(platform=WINDOWS, version=17.3, build=30.03.2023 11.49)
23:08:33.175 [FXGL Background Thread 3 ] DEBUG Engine               - saveFileExt: sav
23:08:33.175 [FXGL Background Thread 3 ] DEBUG Engine               - scaledHeightProp$fxgl: DoubleProperty [bound, value: 720.0]
23:08:33.175 [FXGL Background Thread 3 ] DEBUG Engine               - scaledWidthProp$fxgl: DoubleProperty [bound, value: 1000.0]
23:08:33.176 [FXGL Background Thread 3 ] DEBUG Engine               - sceneFactory: com.game.pokemon.FabbricaScene@79ec9b55
23:08:33.176 [FXGL Background Thread 3 ] DEBUG Engine               - secondsIn24h: 60
23:08:33.176 [FXGL Background Thread 3 ] DEBUG Engine               - soundMenuBack: menu/back.wav
23:08:33.176 [FXGL Background Thread 3 ] DEBUG Engine               - soundMenuPress: menu/press.wav
23:08:33.176 [FXGL Background Thread 3 ] DEBUG Engine               - soundMenuSelect: menu/select.wav
23:08:33.177 [FXGL Background Thread 3 ] DEBUG Engine               - soundNotification: core/notification.wav
23:08:33.177 [FXGL Background Thread 3 ] DEBUG Engine               - stageStyle: DECORATED
23:08:33.177 [FXGL Background Thread 3 ] DEBUG Engine               - supportedLanguages: [ENGLISH, FRENCH, GERMAN, HUNGARIAN, RUSSIAN]
23:08:33.177 [FXGL Background Thread 3 ] DEBUG Engine               - ticksPerSecond: -1
23:08:33.177 [FXGL Background Thread 3 ] DEBUG Engine               - title: Pokemon boh
23:08:33.178 [FXGL Background Thread 3 ] DEBUG Engine               - urlGithub: https://github.com/AlmasB/FXGL
23:08:33.178 [FXGL Background Thread 3 ] DEBUG Engine               - urlLeaderboard: http://fxgl-top.herokuapp.com/
23:08:33.178 [FXGL Background Thread 3 ] DEBUG Engine               - urlPOM: https://raw.githubusercontent.com/AlmasB/FXGL/release/README.md
23:08:33.178 [FXGL Background Thread 3 ] DEBUG Engine               - userAppClass: class com.game.pokemon.PokemonApplication
23:08:33.178 [FXGL Background Thread 3 ] DEBUG Engine               - version: 0.1
23:08:33.178 [FXGL Background Thread 3 ] DEBUG Engine               - versionCheckDays: 7
23:08:33.179 [FXGL Background Thread 3 ] DEBUG Engine               - width: 1000
23:08:33.179 [FXGL Background Thread 3 ] DEBUG Engine               - Logging services
23:08:33.179 [FXGL Background Thread 3 ] DEBUG Engine               - class com.almasb.fxgl.app.services.FXGLAssetLoaderService
23:08:33.179 [FXGL Background Thread 3 ] DEBUG Engine               - class com.almasb.fxgl.app.FXGLApplication$GameApplicationService
23:08:33.179 [FXGL Background Thread 3 ] DEBUG Engine               - class com.almasb.fxgl.app.services.FXGLDialogService
23:08:33.179 [FXGL Background Thread 3 ] DEBUG Engine               - class com.almasb.fxgl.app.services.IOTaskExecutorService
23:08:33.180 [FXGL Background Thread 3 ] DEBUG Engine               - class com.almasb.fxgl.io.FileSystemService
23:08:33.180 [FXGL Background Thread 3 ] DEBUG Engine               - class com.almasb.fxgl.localization.LocalizationService
23:08:33.180 [FXGL Background Thread 3 ] DEBUG Engine               - class com.almasb.fxgl.app.services.SystemBundleService
23:08:33.180 [FXGL Background Thread 3 ] DEBUG Engine               - class com.almasb.fxgl.profile.SaveLoadService
23:08:33.181 [FXGL Background Thread 3 ] DEBUG Engine               - class com.almasb.fxgl.ui.FXGLUIFactoryServiceProvider
23:08:33.181 [FXGL Background Thread 3 ] DEBUG Engine               - class com.almasb.fxgl.ui.FXGLDialogFactoryServiceProvider
23:08:33.181 [FXGL Background Thread 3 ] DEBUG Engine               - class com.almasb.fxgl.audio.AudioPlayer
23:08:33.181 [FXGL Background Thread 3 ] DEBUG Engine               - class com.almasb.fxgl.notification.impl.NotificationServiceProvider
23:08:33.181 [FXGL Background Thread 3 ] DEBUG Engine               - class com.almasb.fxgl.achievement.AchievementService
23:08:33.181 [FXGL Background Thread 3 ] DEBUG Engine               - class com.almasb.fxgl.cutscene.CutsceneService
23:08:33.181 [FXGL Background Thread 3 ] DEBUG Engine               - class com.almasb.fxgl.minigames.MiniGameService
23:08:33.182 [FXGL Background Thread 3 ] DEBUG Engine               - class com.almasb.fxgl.net.NetService
23:08:33.182 [FXGL Background Thread 3 ] DEBUG Engine               - class com.almasb.fxgl.app.services.UpdaterService
23:08:33.182 [FXGL Background Thread 3 ] DEBUG Engine               - class com.almasb.fxgl.dev.DevService
23:08:36.436 [JavaFX Application Thread] DEBUG Menu                 - fireNewGame()
23:08:36.436 [JavaFX Application Thread] DEBUG GameApplicationServi - Starting new game
23:08:36.438 [JavaFX Application Thread] DEBUG PrimaryStageWindow   - Pop state: FXGLDefaultMenu
23:08:36.438 [JavaFX Application Thread] DEBUG Input                - Clearing active input actions
23:08:36.438 [JavaFX Application Thread] DEBUG GameApplicationServi - Removing overlay from FXGLDefaultMenu and adding to FXGLMainMenuDummyScene
23:08:36.439 [JavaFX Application Thread] DEBUG PrimaryStageWindow   - FXGLMainMenuDummyScene <- FXGLDefaultMenu
23:08:36.439 [JavaFX Application Thread] DEBUG Input                - Clearing active input actions
23:08:36.451 [JavaFX Application Thread] DEBUG GameApplicationServi - Removing overlay from FXGLMainMenuDummyScene and adding to FXGLLoadingScene
23:08:36.452 [JavaFX Application Thread] DEBUG PrimaryStageWindow   - FXGLMainMenuDummyScene -> FXGLLoadingScene
23:08:36.452 [JavaFX Application Thread] DEBUG GameApplicationServi - Clearing previous game
23:08:36.452 [JavaFX Application Thread] DEBUG GameScene            - Clearing game scene
23:08:36.452 [JavaFX Application Thread] DEBUG GameWorld            - Clearing game world
23:08:36.452 [JavaFX Application Thread] DEBUG PhysicsWorld         - Clearing physics world
23:08:36.454 [FXGL Background Thread 2 ] DEBUG FXGLApplication      - Initializing game
23:08:36.524 [FXGL Background Thread 2 ] WARN  TMXLevelLoader       - TiledMap generated from 1.10.2. Supported version: 1.9.0. Some features may not be parsed fully.
23:08:36.561 [FXGL Background Thread 2 ] DEBUG TMXLevelLoader       - Parsed TiledMap: file:/C:/Users/enric/Desktop/robe%20mie/Fermi/triennio/Informatica/Intellij/GiocoClasseQuarta/target/classes/assets/levels/livello.tmx
23:08:36.562 [FXGL Background Thread 2 ] DEBUG TMXLevelLoader       - Creating tile layer entities
23:08:36.564 [FXGL Background Thread 2 ] DEBUG TilesetLoader        - Loading view for layer ground
23:08:36.581 [FXGL Background Thread 2 ] DEBUG TilesetLoader        - Created buffer with size 3200.0x3200.0
23:08:36.673 [FXGL Background Thread 2 ] DEBUG TMXLevelLoader       - Creating object layer entities
23:08:36.692 [FXGL Background Thread 2 ] DEBUG GameWorld            - Clearing removable entities
23:08:36.692 [FXGL Background Thread 2 ] DEBUG GameWorld            - Setting level: com.almasb.fxgl.entity.level.Level@680c5885
23:08:36.707 [FXGL Background Thread 2 ] DEBUG FXGLAssetLoaderServi - Loading from file system: file:/C:/Users/enric/Desktop/robe%20mie/Fermi/triennio/Informatica/Intellij/GiocoClasseQuarta/target/classes/assets/textures/matteolongobardi.png
23:08:36.713 [FXGL Background Thread 2 ] DEBUG FXGLAssetLoaderServi - Loading from file system: file:/C:/Users/enric/Desktop/robe%20mie/Fermi/triennio/Informatica/Intellij/GiocoClasseQuarta/target/classes/assets/textures/corsalaterale/corsalaterale1.png
23:08:36.715 [FXGL Background Thread 2 ] DEBUG FXGLAssetLoaderServi - Loading from file system: file:/C:/Users/enric/Desktop/robe%20mie/Fermi/triennio/Informatica/Intellij/GiocoClasseQuarta/target/classes/assets/textures/corsalaterale/corsalaterale2.png
23:08:36.716 [FXGL Background Thread 2 ] DEBUG FXGLAssetLoaderServi - Loading from file system: file:/C:/Users/enric/Desktop/robe%20mie/Fermi/triennio/Informatica/Intellij/GiocoClasseQuarta/target/classes/assets/textures/corsalaterale/corsalaterale3.png
23:08:36.716 [FXGL Background Thread 2 ] DEBUG FXGLAssetLoaderServi - Loading from file system: file:/C:/Users/enric/Desktop/robe%20mie/Fermi/triennio/Informatica/Intellij/GiocoClasseQuarta/target/classes/assets/textures/corsalaterale/corsalaterale4.png
23:08:36.718 [FXGL Background Thread 2 ] DEBUG FXGLAssetLoaderServi - Loading from file system: file:/C:/Users/enric/Desktop/robe%20mie/Fermi/triennio/Informatica/Intellij/GiocoClasseQuarta/target/classes/assets/textures/corsalaterale/corsalaterale5.png
23:08:36.719 [FXGL Background Thread 2 ] DEBUG FXGLAssetLoaderServi - Loading from file system: file:/C:/Users/enric/Desktop/robe%20mie/Fermi/triennio/Informatica/Intellij/GiocoClasseQuarta/target/classes/assets/textures/corsalaterale/corsalaterale6.png
23:08:36.721 [FXGL Background Thread 2 ] DEBUG FXGLAssetLoaderServi - Loading from file system: file:/C:/Users/enric/Desktop/robe%20mie/Fermi/triennio/Informatica/Intellij/GiocoClasseQuarta/target/classes/assets/textures/corsasu/corsasu1.png
23:08:36.722 [FXGL Background Thread 2 ] DEBUG FXGLAssetLoaderServi - Loading from file system: file:/C:/Users/enric/Desktop/robe%20mie/Fermi/triennio/Informatica/Intellij/GiocoClasseQuarta/target/classes/assets/textures/corsasu/corsasu2.png
23:08:36.723 [FXGL Background Thread 2 ] DEBUG FXGLAssetLoaderServi - Loading from file system: file:/C:/Users/enric/Desktop/robe%20mie/Fermi/triennio/Informatica/Intellij/GiocoClasseQuarta/target/classes/assets/textures/corsasu/corsasu3.png
23:08:36.723 [FXGL Background Thread 2 ] DEBUG FXGLAssetLoaderServi - Loading from file system: file:/C:/Users/enric/Desktop/robe%20mie/Fermi/triennio/Informatica/Intellij/GiocoClasseQuarta/target/classes/assets/textures/corsasu/corsasu4.png
23:08:36.724 [FXGL Background Thread 2 ] DEBUG FXGLAssetLoaderServi - Loading from file system: file:/C:/Users/enric/Desktop/robe%20mie/Fermi/triennio/Informatica/Intellij/GiocoClasseQuarta/target/classes/assets/textures/corsasu/corsasu5.png
23:08:36.725 [FXGL Background Thread 2 ] DEBUG FXGLAssetLoaderServi - Loading from file system: file:/C:/Users/enric/Desktop/robe%20mie/Fermi/triennio/Informatica/Intellij/GiocoClasseQuarta/target/classes/assets/textures/corsasu/corsasu6.png
23:08:36.727 [FXGL Background Thread 2 ] DEBUG FXGLAssetLoaderServi - Loading from file system: file:/C:/Users/enric/Desktop/robe%20mie/Fermi/triennio/Informatica/Intellij/GiocoClasseQuarta/target/classes/assets/textures/corsagiu/corsagiu1.png
23:08:36.728 [FXGL Background Thread 2 ] DEBUG FXGLAssetLoaderServi - Loading from file system: file:/C:/Users/enric/Desktop/robe%20mie/Fermi/triennio/Informatica/Intellij/GiocoClasseQuarta/target/classes/assets/textures/corsagiu/corsagiu2.png
23:08:36.729 [FXGL Background Thread 2 ] DEBUG FXGLAssetLoaderServi - Loading from file system: file:/C:/Users/enric/Desktop/robe%20mie/Fermi/triennio/Informatica/Intellij/GiocoClasseQuarta/target/classes/assets/textures/corsagiu/corsagiu3.png
23:08:36.730 [FXGL Background Thread 2 ] DEBUG FXGLAssetLoaderServi - Loading from file system: file:/C:/Users/enric/Desktop/robe%20mie/Fermi/triennio/Informatica/Intellij/GiocoClasseQuarta/target/classes/assets/textures/corsagiu/corsagiu4.png
23:08:36.730 [FXGL Background Thread 2 ] DEBUG FXGLAssetLoaderServi - Loading from file system: file:/C:/Users/enric/Desktop/robe%20mie/Fermi/triennio/Informatica/Intellij/GiocoClasseQuarta/target/classes/assets/textures/corsagiu/corsagiu5.png
23:08:36.731 [FXGL Background Thread 2 ] DEBUG FXGLAssetLoaderServi - Loading from file system: file:/C:/Users/enric/Desktop/robe%20mie/Fermi/triennio/Informatica/Intellij/GiocoClasseQuarta/target/classes/assets/textures/corsagiu/corsagiu6.png
23:08:36.733 [FXGL Background Thread 2 ] INFO  FXGLApplication      - Game initialization took: 0,279 sec
23:08:36.736 [JavaFX Application Thread] DEBUG Input                - Clearing active input actions
23:08:36.743 [JavaFX Application Thread] DEBUG GameApplicationServi - Removing overlay from FXGLLoadingScene and adding to GameScene
23:08:36.743 [JavaFX Application Thread] DEBUG PrimaryStageWindow   - FXGLLoadingScene -> GameScene
23:08:54.879 [JavaFX Application Thread] DEBUG PrimaryStageWindow   - Push state: FXGLDefaultMenu
23:08:54.880 [JavaFX Application Thread] DEBUG Input                - Clearing active input actions
23:08:54.883 [JavaFX Application Thread] DEBUG GameApplicationServi - Removing overlay from GameScene and adding to FXGLDefaultMenu
23:08:54.884 [JavaFX Application Thread] DEBUG PrimaryStageWindow   - GameScene -> FXGLDefaultMenu
23:08:56.256 [JavaFX Application Thread] DEBUG Menu                 - fireExitToMainMenu()
23:08:56.263 [JavaFX Application Thread] DEBUG PrimaryStageWindow   - Push state: DialogSubScene
23:08:56.263 [JavaFX Application Thread] DEBUG Input                - Clearing active input actions
23:08:56.264 [JavaFX Application Thread] DEBUG GameApplicationServi - Removing overlay from FXGLDefaultMenu and adding to DialogSubScene
23:08:56.265 [JavaFX Application Thread] DEBUG PrimaryStageWindow   - FXGLDefaultMenu -> DialogSubScene
23:08:57.361 [JavaFX Application Thread] DEBUG PrimaryStageWindow   - Pop state: DialogSubScene
23:08:57.362 [JavaFX Application Thread] DEBUG Input                - Clearing active input actions
23:08:57.363 [JavaFX Application Thread] DEBUG GameApplicationServi - Removing overlay from DialogSubScene and adding to FXGLDefaultMenu
23:08:57.364 [JavaFX Application Thread] DEBUG PrimaryStageWindow   - FXGLDefaultMenu <- DialogSubScene
23:08:57.364 [JavaFX Application Thread] DEBUG PrimaryStageWindow   - Pop state: FXGLDefaultMenu
23:08:57.364 [JavaFX Application Thread] DEBUG Input                - Clearing active input actions
23:08:57.365 [JavaFX Application Thread] DEBUG GameApplicationServi - Removing overlay from FXGLDefaultMenu and adding to GameScene
23:08:57.365 [JavaFX Application Thread] DEBUG PrimaryStageWindow   - GameScene <- FXGLDefaultMenu
23:08:57.365 [JavaFX Application Thread] DEBUG Input                - Clearing active input actions
23:08:57.378 [JavaFX Application Thread] DEBUG GameApplicationServi - Removing overlay from GameScene and adding to FXGLMainMenuDummyScene
23:08:57.379 [JavaFX Application Thread] DEBUG PrimaryStageWindow   - GameScene -> FXGLMainMenuDummyScene
23:08:57.379 [JavaFX Application Thread] DEBUG PrimaryStageWindow   - Push state: FXGLDefaultMenu
23:08:57.379 [JavaFX Application Thread] DEBUG Input                - Clearing active input actions
23:08:57.389 [JavaFX Application Thread] DEBUG GameApplicationServi - Removing overlay from FXGLMainMenuDummyScene and adding to FXGLDefaultMenu
23:08:57.390 [JavaFX Application Thread] DEBUG PrimaryStageWindow   - FXGLMainMenuDummyScene -> FXGLDefaultMenu
23:08:58.864 [JavaFX Application Thread] DEBUG Menu                 - fireExit()
23:08:58.866 [JavaFX Application Thread] DEBUG PrimaryStageWindow   - Push state: DialogSubScene
23:08:58.866 [JavaFX Application Thread] DEBUG Input                - Clearing active input actions
23:08:58.868 [JavaFX Application Thread] DEBUG GameApplicationServi - Removing overlay from FXGLDefaultMenu and adding to DialogSubScene
23:08:58.869 [JavaFX Application Thread] DEBUG PrimaryStageWindow   - FXGLDefaultMenu -> DialogSubScene
23:08:59.956 [JavaFX Application Thread] DEBUG PrimaryStageWindow   - Pop state: DialogSubScene
23:08:59.956 [JavaFX Application Thread] DEBUG Input                - Clearing active input actions
23:08:59.957 [JavaFX Application Thread] DEBUG GameApplicationServi - Removing overlay from DialogSubScene and adding to FXGLDefaultMenu
23:08:59.958 [JavaFX Application Thread] DEBUG PrimaryStageWindow   - FXGLDefaultMenu <- DialogSubScene
23:08:59.958 [JavaFX Application Thread] DEBUG FXGLApplication      - Exiting FXGL
23:08:59.958 [JavaFX Application Thread] DEBUG LoopRunner           - Stopping loop
23:08:59.958 [JavaFX Application Thread] DEBUG SystemBundleService  - Saving FXGL system data
23:08:59.964 [JavaFX Application Thread] DEBUG FileSystemAccess     - Writing to: C:\Users\enric\Desktop\robe mie\Fermi\triennio\Informatica\Intellij\GiocoClasseQuarta\system\fxgl.bundle
23:08:59.970 [JavaFX Application Thread] DEBUG Async                - Shutting down background threads
23:08:59.971 [JavaFX Application Thread] DEBUG PrimaryStageWindow   - Closing main window
23:09:00.021 [JavaFX Application Thread] DEBUG Logger               - Closing Logger
