20:41:30.722 [main                     ] DEBUG Logger               - Configured Logger
20:41:30.750 [main                     ] DEBUG GameApplication      - Logging settings
Title: Pokemon boh
Version: 0.1
Width: 1000
Height: 720
Fullscreen: false
Intro: false
Profiling: false
Single step:false
App Mode: DEVELOPER
Menu Key: ESCAPE
Stage Style: DECORATED
Scene Factory: class com.game.pokemon.FabbricaScene

20:41:31.044 [JavaFX Application Thread] DEBUG FXGLApplication      - Initializing FXGL
20:41:31.048 [JavaFX Application Thread] INFO  Engine               - FXGL-17.3 (30.03.2023 11.49) on WINDOWS (J:22.0.1 FX:22-ea)
20:41:31.048 [JavaFX Application Thread] DEBUG Engine               - JRE Vendor Name: Oracle Corporation
20:41:31.049 [JavaFX Application Thread] DEBUG Engine               - Running on OS: Windows 11 version 10.0
20:41:31.049 [JavaFX Application Thread] DEBUG Engine               - Architecture: amd64
20:41:31.049 [JavaFX Application Thread] INFO  Engine               - Source code and latest versions at: https://github.com/AlmasB/FXGL
20:41:31.049 [JavaFX Application Thread] INFO  Engine               -       Ask questions and discuss at: https://github.com/AlmasB/FXGL/discussions
20:41:31.049 [JavaFX Application Thread] INFO  Engine               -              Join the FXGL chat at: https://gitter.im/AlmasB/FXGL
20:41:31.139 [JavaFX Application Thread] DEBUG PrimaryStageWindow   - Creating a JavaFX scene
20:41:31.185 [JavaFX Application Thread] DEBUG PrimaryStageWindow   - Target settings size: 1000.0 x 720.0
20:41:31.186 [JavaFX Application Thread] DEBUG PrimaryStageWindow   - Scaled scene size:    1000.0 x 720.0
20:41:31.186 [JavaFX Application Thread] DEBUG PrimaryStageWindow   - Scaled ratio: (1.0, 1.0)
20:41:31.187 [JavaFX Application Thread] DEBUG PrimaryStageWindow   - Set initial scene to FXGLStartupScene
20:41:31.190 [JavaFX Application Thread] DEBUG PrimaryStageWindow   - Opening main window
20:41:31.271 [JavaFX Application Thread] DEBUG PrimaryStageWindow   - Window border size: (14.4000244140625, 37.5999755859375)
20:41:31.272 [JavaFX Application Thread] DEBUG PrimaryStageWindow   - Scaled size: 1000.0 x 720.0
20:41:31.272 [JavaFX Application Thread] DEBUG PrimaryStageWindow   - Scaled ratio: (1.0, 1.0)
20:41:31.272 [JavaFX Application Thread] DEBUG PrimaryStageWindow   - Scene size: 1000.0 x 720.0
20:41:31.272 [JavaFX Application Thread] DEBUG PrimaryStageWindow   - Stage size: 1014.4000244140625 x 757.5999755859375
20:41:31.280 [FXGL Background Thread 1 ] DEBUG Engine               - Initializing environment variables
20:41:31.334 [FXGL Background Thread 1 ] DEBUG FXGLAssetLoaderServi - User app class for loading assets: class com.game.pokemon.PokemonApplication
20:41:31.335 [FXGL Background Thread 1 ] DEBUG GameApplicationServi - Applying CSS: fxgl_dark.css
20:41:31.335 [FXGL Background Thread 1 ] DEBUG FXGLAssetLoaderServi - Loading from file system: jar:file:///C:/Users/enric/.m2/repository/com/github/almasb/fxgl/17.3/fxgl-17.3.jar!/fxglassets/ui/css/fxgl_dark.css
20:41:31.384 [FXGL Background Thread 1 ] DEBUG GameApplicationServi - Initializing application scenes
20:41:31.430 [FXGL Background Thread 1 ] DEBUG GameWorld            - Game world initialized
20:41:31.489 [FXGL Background Thread 1 ] DEBUG PhysicsWorld         - Physics world initialized: appHeight=720, physics.ppm=50,0
20:41:31.489 [FXGL Background Thread 1 ] DEBUG PhysicsWorld         - Using strategy: BRUTE_FORCE
20:41:31.493 [FXGL Background Thread 1 ] DEBUG GameScene            - Game scene initialized: 1000x720
20:41:31.503 [FXGL Background Thread 1 ] DEBUG FXGL.DefaultMenu     - createMenuBodyMainMenu()
20:41:31.512 [FXGL Background Thread 1 ] DEBUG FXGL.DefaultMenu     - createOptionsMenu()
20:41:31.518 [FXGL Background Thread 1 ] DEBUG FXGLAssetLoaderServi - Loading from file system: jar:file:///C:/Users/enric/.m2/repository/com/github/almasb/fxgl/17.3/fxgl-17.3.jar!/fxglassets/textures/particles/smoke.png
20:41:31.601 [FXGL Background Thread 1 ] DEBUG FXGLAssetLoaderServi - Loading from file system: jar:file:///C:/Users/enric/.m2/repository/com/github/almasb/fxgl/17.3/fxgl-17.3.jar!/fxglassets/textures/particles/trace_horizontal.png
20:41:31.627 [FXGL Background Thread 1 ] DEBUG FXGL.DefaultMenu     - createMenuBodyGameMenu()
20:41:31.628 [FXGL Background Thread 1 ] DEBUG FXGL.DefaultMenu     - createOptionsMenu()
20:41:31.641 [FXGL Background Thread 1 ] DEBUG GameApplicationServi - Application scenes initialized
20:41:31.653 [FXGL Background Thread 1 ] DEBUG SystemBundleService  - Loading FXGL system data
20:41:31.656 [FXGL Background Thread 1 ] DEBUG FileSystemAccess     - Reading from: C:\Users\enric\Desktop\robe mie\Fermi\triennio\Informatica\Intellij\GiocoClasseQuarta\system\fxgl.bundle
20:41:31.662 [FXGL Background Thread 1 ] DEBUG SystemBundleService  - Bundle FXGL: {}
20:41:31.662 [FXGL Background Thread 1 ] DEBUG UpdaterService       - Checking for updates
20:41:31.666 [FXGL Background Thread 4 ] DEBUG FXGLApplication      - Loading fonts
20:41:31.667 [FXGL Background Thread 1 ] DEBUG FXGLApplication      - Loading default localization
20:41:31.667 [FXGL Background Thread 4 ] DEBUG FXGLAssetLoaderServi - Loading from file system: jar:file:///C:/Users/enric/.m2/repository/com/github/almasb/fxgl/17.3/fxgl-17.3.jar!/fxglassets/ui/fonts/VarelaRound-Regular.ttf
20:41:31.667 [FXGL Background Thread 1 ] DEBUG FXGLAssetLoaderServi - Loading from file system: jar:file:///C:/Users/enric/.m2/repository/com/github/almasb/fxgl/17.3/fxgl-17.3.jar!/fxglassets/languages/english.lang
20:41:31.687 [FXGL Background Thread 1 ] INFO  FXGLApplication      - FXGL initialization took: 0,407 sec
20:41:31.698 [JavaFX Application Thread] DEBUG Input                - Registered new binding: Move Right - D
20:41:31.699 [JavaFX Application Thread] DEBUG Input                - Registered new binding: Move Left - A
20:41:31.699 [JavaFX Application Thread] DEBUG Input                - Registered new binding: Move Up - W
20:41:31.699 [JavaFX Application Thread] DEBUG Input                - Registered new binding: Move Down - S
20:41:31.700 [JavaFX Application Thread] DEBUG FXGLAssetLoaderServi - Loading from file system: jar:file:///C:/Users/enric/.m2/repository/com/github/almasb/fxgl/17.3/fxgl-17.3.jar!/fxglassets/textures/fxgl_icon.png
20:41:31.706 [FXGL Background Thread 4 ] DEBUG FXGLAssetLoaderServi - Loading from file system: jar:file:///C:/Users/enric/.m2/repository/com/github/almasb/fxgl/17.3/fxgl-17.3.jar!/fxglassets/ui/fonts/Abel-Regular.ttf
20:41:31.715 [FXGL Background Thread 4 ] DEBUG FXGLAssetLoaderServi - Loading from file system: jar:file:///C:/Users/enric/.m2/repository/com/github/almasb/fxgl/17.3/fxgl-17.3.jar!/fxglassets/ui/fonts/TerminalLandMono-Regular.otf
20:41:31.724 [FXGL Background Thread 4 ] DEBUG FXGLAssetLoaderServi - Loading from file system: jar:file:///C:/Users/enric/.m2/repository/com/github/almasb/fxgl/17.3/fxgl-17.3.jar!/fxglassets/ui/fonts/Courier-Prime.ttf
20:41:31.726 [JavaFX Application Thread] DEBUG FXGLAssetLoaderServi - Loading from file system: jar:file:///C:/Users/enric/.m2/repository/com/github/almasb/fxgl/17.3/fxgl-17.3.jar!/fxglassets/textures/fxgl_default_cursor.png
20:41:31.729 [JavaFX Application Thread] DEBUG Input                - Registered new binding: Screenshot - CTRL+8
20:41:31.729 [JavaFX Application Thread] DEBUG Input                - Registered new binding: System info dump - CTRL+9
20:41:31.729 [JavaFX Application Thread] DEBUG Input                - Registered new binding: Restart - CTRL+R
20:41:31.730 [JavaFX Application Thread] DEBUG Input                - Registered new binding: Toggle Debug Camera - CTRL+7
20:41:31.732 [JavaFX Application Thread] DEBUG LoopRunner           - Starting loop
20:41:31.732 [JavaFX Application Thread] DEBUG LoopRunner           - Initializing JavaFX AnimationTimerLoop
20:41:31.735 [JavaFX Application Thread] DEBUG Input                - Clearing active input actions
20:41:31.744 [JavaFX Application Thread] DEBUG GameApplicationServi - Removing overlay from FXGLStartupScene and adding to FXGLMainMenuDummyScene
20:41:31.744 [JavaFX Application Thread] DEBUG PrimaryStageWindow   - FXGLStartupScene -> FXGLMainMenuDummyScene
20:41:31.744 [JavaFX Application Thread] DEBUG PrimaryStageWindow   - Push state: FXGLDefaultMenu
20:41:31.750 [JavaFX Application Thread] DEBUG Input                - Clearing active input actions
20:41:31.758 [JavaFX Application Thread] DEBUG GameApplicationServi - Removing overlay from FXGLMainMenuDummyScene and adding to FXGLDefaultMenu
20:41:31.759 [JavaFX Application Thread] DEBUG PrimaryStageWindow   - FXGLMainMenuDummyScene -> FXGLDefaultMenu
20:41:31.765 [JavaFX Application Thread] DEBUG FXGLApplication      - Registering font factories with UI factory
20:41:32.144 [FXGL Background Thread 2 ] INFO  UpdaterService       - Your current version:  17.3
20:41:32.145 [FXGL Background Thread 2 ] INFO  UpdaterService       - Latest stable version: 21.1
20:41:32.889 [JavaFX Application Thread] DEBUG Menu                 - fireNewGame()
20:41:32.889 [JavaFX Application Thread] DEBUG GameApplicationServi - Starting new game
20:41:32.891 [JavaFX Application Thread] DEBUG PrimaryStageWindow   - Pop state: FXGLDefaultMenu
20:41:32.891 [JavaFX Application Thread] DEBUG Input                - Clearing active input actions
20:41:32.892 [JavaFX Application Thread] DEBUG GameApplicationServi - Removing overlay from FXGLDefaultMenu and adding to FXGLMainMenuDummyScene
20:41:32.892 [JavaFX Application Thread] DEBUG PrimaryStageWindow   - FXGLMainMenuDummyScene <- FXGLDefaultMenu
20:41:32.893 [JavaFX Application Thread] DEBUG Input                - Clearing active input actions
20:41:32.900 [JavaFX Application Thread] DEBUG GameApplicationServi - Removing overlay from FXGLMainMenuDummyScene and adding to FXGLLoadingScene
20:41:32.900 [JavaFX Application Thread] DEBUG PrimaryStageWindow   - FXGLMainMenuDummyScene -> FXGLLoadingScene
20:41:32.900 [JavaFX Application Thread] DEBUG GameApplicationServi - Clearing previous game
20:41:32.900 [JavaFX Application Thread] DEBUG GameScene            - Clearing game scene
20:41:32.900 [JavaFX Application Thread] DEBUG GameWorld            - Clearing game world
20:41:32.900 [JavaFX Application Thread] DEBUG PhysicsWorld         - Clearing physics world
20:41:32.903 [FXGL Background Thread 2 ] DEBUG FXGLApplication      - Initializing game
20:41:32.910 [FXGL Background Thread 2 ] DEBUG FXGLAssetLoaderServi - Loading from file system: file:/C:/Users/enric/Desktop/robe%20mie/Fermi/triennio/Informatica/Intellij/GiocoClasseQuarta/target/classes/assets/textures/matteolongobardi.png
20:41:32.939 [FXGL Background Thread 2 ] DEBUG FXGLAssetLoaderServi - Loading from file system: file:/C:/Users/enric/Desktop/robe%20mie/Fermi/triennio/Informatica/Intellij/GiocoClasseQuarta/target/classes/assets/textures/corsalaterale/corsalaterale1.png
20:41:32.940 [FXGL Background Thread 2 ] DEBUG FXGLAssetLoaderServi - Loading from file system: file:/C:/Users/enric/Desktop/robe%20mie/Fermi/triennio/Informatica/Intellij/GiocoClasseQuarta/target/classes/assets/textures/corsalaterale/corsalaterale2.png
20:41:32.942 [FXGL Background Thread 2 ] DEBUG FXGLAssetLoaderServi - Loading from file system: file:/C:/Users/enric/Desktop/robe%20mie/Fermi/triennio/Informatica/Intellij/GiocoClasseQuarta/target/classes/assets/textures/corsalaterale/corsalaterale3.png
20:41:32.943 [FXGL Background Thread 2 ] DEBUG FXGLAssetLoaderServi - Loading from file system: file:/C:/Users/enric/Desktop/robe%20mie/Fermi/triennio/Informatica/Intellij/GiocoClasseQuarta/target/classes/assets/textures/corsalaterale/corsalaterale4.png
20:41:32.945 [FXGL Background Thread 2 ] DEBUG FXGLAssetLoaderServi - Loading from file system: file:/C:/Users/enric/Desktop/robe%20mie/Fermi/triennio/Informatica/Intellij/GiocoClasseQuarta/target/classes/assets/textures/corsalaterale/corsalaterale5.png
20:41:32.945 [FXGL Background Thread 2 ] DEBUG FXGLAssetLoaderServi - Loading from file system: file:/C:/Users/enric/Desktop/robe%20mie/Fermi/triennio/Informatica/Intellij/GiocoClasseQuarta/target/classes/assets/textures/corsalaterale/corsalaterale6.png
20:41:32.946 [FXGL Background Thread 2 ] DEBUG FXGLAssetLoaderServi - Loading from file system: file:/C:/Users/enric/Desktop/robe%20mie/Fermi/triennio/Informatica/Intellij/GiocoClasseQuarta/target/classes/assets/textures/corsasu/corsasu1.png
20:41:32.947 [FXGL Background Thread 2 ] DEBUG FXGLAssetLoaderServi - Loading from file system: file:/C:/Users/enric/Desktop/robe%20mie/Fermi/triennio/Informatica/Intellij/GiocoClasseQuarta/target/classes/assets/textures/corsasu/corsasu2.png
20:41:32.948 [FXGL Background Thread 2 ] DEBUG FXGLAssetLoaderServi - Loading from file system: file:/C:/Users/enric/Desktop/robe%20mie/Fermi/triennio/Informatica/Intellij/GiocoClasseQuarta/target/classes/assets/textures/corsasu/corsasu3.png
20:41:32.948 [FXGL Background Thread 2 ] DEBUG FXGLAssetLoaderServi - Loading from file system: file:/C:/Users/enric/Desktop/robe%20mie/Fermi/triennio/Informatica/Intellij/GiocoClasseQuarta/target/classes/assets/textures/corsasu/corsasu4.png
20:41:32.949 [FXGL Background Thread 2 ] DEBUG FXGLAssetLoaderServi - Loading from file system: file:/C:/Users/enric/Desktop/robe%20mie/Fermi/triennio/Informatica/Intellij/GiocoClasseQuarta/target/classes/assets/textures/corsasu/corsasu5.png
20:41:32.950 [FXGL Background Thread 2 ] DEBUG FXGLAssetLoaderServi - Loading from file system: file:/C:/Users/enric/Desktop/robe%20mie/Fermi/triennio/Informatica/Intellij/GiocoClasseQuarta/target/classes/assets/textures/corsasu/corsasu6.png
20:41:32.950 [FXGL Background Thread 2 ] DEBUG FXGLAssetLoaderServi - Loading from file system: file:/C:/Users/enric/Desktop/robe%20mie/Fermi/triennio/Informatica/Intellij/GiocoClasseQuarta/target/classes/assets/textures/corsagiu/corsagiu1.png
20:41:32.951 [FXGL Background Thread 2 ] DEBUG FXGLAssetLoaderServi - Loading from file system: file:/C:/Users/enric/Desktop/robe%20mie/Fermi/triennio/Informatica/Intellij/GiocoClasseQuarta/target/classes/assets/textures/corsagiu/corsagiu2.png
20:41:32.952 [FXGL Background Thread 2 ] DEBUG FXGLAssetLoaderServi - Loading from file system: file:/C:/Users/enric/Desktop/robe%20mie/Fermi/triennio/Informatica/Intellij/GiocoClasseQuarta/target/classes/assets/textures/corsagiu/corsagiu3.png
20:41:32.952 [FXGL Background Thread 2 ] DEBUG FXGLAssetLoaderServi - Loading from file system: file:/C:/Users/enric/Desktop/robe%20mie/Fermi/triennio/Informatica/Intellij/GiocoClasseQuarta/target/classes/assets/textures/corsagiu/corsagiu4.png
20:41:32.953 [FXGL Background Thread 2 ] DEBUG FXGLAssetLoaderServi - Loading from file system: file:/C:/Users/enric/Desktop/robe%20mie/Fermi/triennio/Informatica/Intellij/GiocoClasseQuarta/target/classes/assets/textures/corsagiu/corsagiu5.png
20:41:32.954 [FXGL Background Thread 2 ] DEBUG FXGLAssetLoaderServi - Loading from file system: file:/C:/Users/enric/Desktop/robe%20mie/Fermi/triennio/Informatica/Intellij/GiocoClasseQuarta/target/classes/assets/textures/corsagiu/corsagiu6.png
20:41:33.004 [FXGL Background Thread 2 ] WARN  TMXLevelLoader       - TiledMap generated from 1.10.2. Supported version: 1.9.0. Some features may not be parsed fully.
20:41:33.049 [FXGL Background Thread 2 ] DEBUG TMXLevelLoader       - Parsed TiledMap: file:/C:/Users/enric/Desktop/robe%20mie/Fermi/triennio/Informatica/Intellij/GiocoClasseQuarta/target/classes/assets/levels/livello.tmx
20:41:33.049 [FXGL Background Thread 2 ] DEBUG TMXLevelLoader       - Creating tile layer entities
20:41:33.050 [FXGL Background Thread 2 ] DEBUG TilesetLoader        - Loading view for layer ground
20:41:33.064 [FXGL Background Thread 2 ] DEBUG TilesetLoader        - Created buffer with size 3200.0x3200.0
20:41:33.140 [FXGL Background Thread 2 ] DEBUG TMXLevelLoader       - Creating object layer entities
20:41:33.142 [FXGL Background Thread 2 ] DEBUG GameWorld            - Clearing removable entities
20:41:33.144 [FXGL Background Thread 2 ] DEBUG GameWorld            - Setting level: com.almasb.fxgl.entity.level.Level@56a1ff40
20:41:33.146 [FXGL Background Thread 2 ] INFO  FXGLApplication      - Game initialization took: 0,243 sec
20:41:33.156 [JavaFX Application Thread] DEBUG Input                - Clearing active input actions
20:41:33.163 [JavaFX Application Thread] DEBUG GameApplicationServi - Removing overlay from FXGLLoadingScene and adding to GameScene
20:41:33.163 [JavaFX Application Thread] DEBUG PrimaryStageWindow   - FXGLLoadingScene -> GameScene
20:41:34.203 [JavaFX Application Thread] DEBUG LoopRunner           - Stopping loop
20:41:34.208 [JavaFX Application Thread] FATAL FXGLApplication      - Uncaught Exception:
java.lang.IllegalArgumentException: Component PhysicsComponent not found!
	at com.almasb.fxgl.entity@17.3/com.almasb.fxgl.entity.Entity.getComponent(Entity.java:366)
	at com.game.megaman2/com.game.pokemon.PokemonApplication$1.onAction(PokemonApplication.java:37)
	at com.almasb.fxgl.core@17.3/com.almasb.fxgl.input.UserAction.action$fxgl_core(UserAction.kt:38)
	at com.almasb.fxgl.core@17.3/com.almasb.fxgl.input.Input.update(Input.kt:288)
	at com.almasb.fxgl.scene@17.3/com.almasb.fxgl.scene.Scene.update(Scene.kt:103)
	at com.almasb.fxgl.all@17.3/com.almasb.fxgl.app.MainWindow$update$1.invoke(MainWindow.kt:115)
	at com.almasb.fxgl.all@17.3/com.almasb.fxgl.app.MainWindow$update$1.invoke(MainWindow.kt:115)
	at com.almasb.fxgl.core@17.3/com.almasb.fxgl.core.fsm.StateMachine.runOnActiveStates(StateMachine.kt:69)
	at com.almasb.fxgl.all@17.3/com.almasb.fxgl.app.MainWindow.update(MainWindow.kt:115)
	at com.almasb.fxgl.all@17.3/com.almasb.fxgl.app.FXGLApplication$GameApplicationService.onUpdate(FXGLApplication.kt:426)
	at com.almasb.fxgl.all@17.3/com.almasb.fxgl.app.Engine.loop(Engine.kt:134)
	at com.almasb.fxgl.all@17.3/com.almasb.fxgl.app.Engine.access$loop(Engine.kt:24)
	at com.almasb.fxgl.all@17.3/com.almasb.fxgl.app.Engine$loop$1.invoke(Engine.kt:28)
	at com.almasb.fxgl.all@17.3/com.almasb.fxgl.app.Engine$loop$1.invoke(Engine.kt:28)
	at com.almasb.fxgl.all@17.3/com.almasb.fxgl.app.LoopRunner.frame(LoopRunner.kt:103)
	at com.almasb.fxgl.all@17.3/com.almasb.fxgl.app.LoopRunner.access$frame(LoopRunner.kt:23)
	at com.almasb.fxgl.all@17.3/com.almasb.fxgl.app.LoopRunner$impl$2$1.onTick(LoopRunner.kt:57)
	at com.almasb.fxgl.all@17.3/com.almasb.fxgl.app.AnimationTimerLoop$timer$1.handle(LoopRunner.kt:137)
	at javafx.graphics@22-ea/javafx.animation.AnimationTimer$AnimationTimerReceiver.lambda$handle$0(AnimationTimer.java:59)
	at java.base/java.security.AccessController.doPrivileged(AccessController.java:400)
	at javafx.graphics@22-ea/javafx.animation.AnimationTimer$AnimationTimerReceiver.handle(AnimationTimer.java:58)
	at javafx.graphics@22-ea/com.sun.scenario.animation.AbstractPrimaryTimer.timePulseImpl(AbstractPrimaryTimer.java:356)
	at javafx.graphics@22-ea/com.sun.scenario.animation.AbstractPrimaryTimer$MainLoop.run(AbstractPrimaryTimer.java:266)
	at javafx.graphics@22-ea/com.sun.javafx.tk.quantum.QuantumToolkit.pulse(QuantumToolkit.java:588)
	at javafx.graphics@22-ea/com.sun.javafx.tk.quantum.QuantumToolkit.pulse(QuantumToolkit.java:572)
	at javafx.graphics@22-ea/com.sun.javafx.tk.quantum.QuantumToolkit.pulseFromQueue(QuantumToolkit.java:565)
	at javafx.graphics@22-ea/com.sun.javafx.tk.quantum.QuantumToolkit.lambda$runToolkit$11(QuantumToolkit.java:352)
	at javafx.graphics@22-ea/com.sun.glass.ui.InvokeLaterDispatcher$Future.run(InvokeLaterDispatcher.java:95)
	at javafx.graphics@22-ea/com.sun.glass.ui.win.WinApplication._runLoop(Native Method)
	at javafx.graphics@22-ea/com.sun.glass.ui.win.WinApplication.lambda$runLoop$3(WinApplication.java:185)
	at java.base/java.lang.Thread.run(Thread.java:1570)

20:41:34.209 [JavaFX Application Thread] FATAL FXGLApplication      - Application will now exit
20:41:34.255 [JavaFX Application Thread] DEBUG PrimaryStageWindow   - Push state: ErrorSubScene
20:41:34.255 [JavaFX Application Thread] DEBUG Input                - Clearing active input actions
20:41:34.261 [JavaFX Application Thread] DEBUG GameApplicationServi - Removing overlay from GameScene and adding to ErrorSubScene
20:41:34.261 [JavaFX Application Thread] DEBUG PrimaryStageWindow   - GameScene -> ErrorSubScene
20:41:34.665 [FXGL Background Thread 3 ] DEBUG Engine               - Logging environment variables
20:41:34.666 [FXGL Background Thread 3 ] DEBUG Engine               - achievements: []
20:41:34.667 [FXGL Background Thread 3 ] DEBUG Engine               - actualHeight: 720.0
20:41:34.667 [FXGL Background Thread 3 ] DEBUG Engine               - actualHeightProperty: ReadOnlyDoubleProperty [value: 720.0]
20:41:34.667 [FXGL Background Thread 3 ] DEBUG Engine               - actualWidth: 1000.0
20:41:34.667 [FXGL Background Thread 3 ] DEBUG Engine               - actualWidthProperty: ReadOnlyDoubleProperty [value: 1000.0]
20:41:34.667 [FXGL Background Thread 3 ] DEBUG Engine               - appIcon: fxgl_icon.png
20:41:34.667 [FXGL Background Thread 3 ] DEBUG Engine               - applicationMode: DEVELOPER
20:41:34.668 [FXGL Background Thread 3 ] DEBUG Engine               - cSSList: [fxgl_dark.css]
20:41:34.668 [FXGL Background Thread 3 ] DEBUG Engine               - collisionDetectionStrategy: BRUTE_FORCE
20:41:34.668 [FXGL Background Thread 3 ] DEBUG Engine               - configClass: Optional.empty
20:41:34.668 [FXGL Background Thread 3 ] DEBUG Engine               - credits: []
20:41:34.669 [FXGL Background Thread 3 ] DEBUG Engine               - defaultCursor: CursorInfo(imageName=fxgl_default_cursor.png, hotspotX=7.0, hotspotY=6.0)
20:41:34.669 [FXGL Background Thread 3 ] DEBUG Engine               - devBBoxColorProperty: ObjectProperty [value: 0xff0000ff]
20:41:34.669 [FXGL Background Thread 3 ] DEBUG Engine               - devEnableDebugCameraProperty: BooleanProperty [value: false]
20:41:34.670 [FXGL Background Thread 3 ] DEBUG Engine               - devSensorColorProperty: ObjectProperty [value: 0xffff00ff]
20:41:34.670 [FXGL Background Thread 3 ] DEBUG Engine               - devShowBBoxProperty: BooleanProperty [value: false]
20:41:34.670 [FXGL Background Thread 3 ] DEBUG Engine               - devShowPositionProperty: BooleanProperty [value: false]
20:41:34.670 [FXGL Background Thread 3 ] DEBUG Engine               - enabledMenuItems: []
20:41:34.670 [FXGL Background Thread 3 ] DEBUG Engine               - engineServices: [class com.almasb.fxgl.app.services.FXGLAssetLoaderService, class com.almasb.fxgl.app.FXGLApplication$GameApplicationService, class com.almasb.fxgl.app.services.FXGLDialogService, class com.almasb.fxgl.app.services.IOTaskExecutorService, class com.almasb.fxgl.io.FileSystemService, class com.almasb.fxgl.localization.LocalizationService, class com.almasb.fxgl.app.services.SystemBundleService, class com.almasb.fxgl.profile.SaveLoadService, class com.almasb.fxgl.ui.FXGLUIFactoryServiceProvider, class com.almasb.fxgl.ui.FXGLDialogFactoryServiceProvider, class com.almasb.fxgl.audio.AudioPlayer, class com.almasb.fxgl.notification.impl.NotificationServiceProvider, class com.almasb.fxgl.achievement.AchievementService, class com.almasb.fxgl.cutscene.CutsceneService, class com.almasb.fxgl.minigames.MiniGameService, class com.almasb.fxgl.net.NetService, class com.almasb.fxgl.app.services.UpdaterService, class com.almasb.fxgl.dev.DevService]
20:41:34.670 [FXGL Background Thread 3 ] DEBUG Engine               - fontGame: Abel-Regular.ttf
20:41:34.671 [FXGL Background Thread 3 ] DEBUG Engine               - fontMono: TerminalLandMono-Regular.otf
20:41:34.671 [FXGL Background Thread 3 ] DEBUG Engine               - fontSizeScaleUI: 1.0
20:41:34.671 [FXGL Background Thread 3 ] DEBUG Engine               - fontText: Courier-Prime.ttf
20:41:34.671 [FXGL Background Thread 3 ] DEBUG Engine               - fontUI: VarelaRound-Regular.ttf
20:41:34.671 [FXGL Background Thread 3 ] DEBUG Engine               - fullScreen: BooleanProperty [value: false]
20:41:34.671 [FXGL Background Thread 3 ] DEBUG Engine               - gameDifficulty: MEDIUM
20:41:34.671 [FXGL Background Thread 3 ] DEBUG Engine               - gameDifficultyProperty: ObjectProperty [value: MEDIUM]
20:41:34.671 [FXGL Background Thread 3 ] DEBUG Engine               - globalMusicVolume: 0.5
20:41:34.672 [FXGL Background Thread 3 ] DEBUG Engine               - globalMusicVolumeProperty: DoubleProperty [value: 0.5]
20:41:34.672 [FXGL Background Thread 3 ] DEBUG Engine               - globalSoundVolume: 0.5
20:41:34.672 [FXGL Background Thread 3 ] DEBUG Engine               - globalSoundVolumeProperty: DoubleProperty [value: 0.5]
20:41:34.672 [FXGL Background Thread 3 ] DEBUG Engine               - height: 720
20:41:34.672 [FXGL Background Thread 3 ] DEBUG Engine               - is3D: false
20:41:34.672 [FXGL Background Thread 3 ] DEBUG Engine               - isAndroid: false
20:41:34.673 [FXGL Background Thread 3 ] DEBUG Engine               - isBrowser: false
20:41:34.673 [FXGL Background Thread 3 ] DEBUG Engine               - isClickFeedbackEnabled: false
20:41:34.673 [FXGL Background Thread 3 ] DEBUG Engine               - isCloseConfirmation: false
20:41:34.673 [FXGL Background Thread 3 ] DEBUG Engine               - isDesktop: true
20:41:34.673 [FXGL Background Thread 3 ] DEBUG Engine               - isDeveloperMenuEnabled: false
20:41:34.673 [FXGL Background Thread 3 ] DEBUG Engine               - isEmbedded: false
20:41:34.673 [FXGL Background Thread 3 ] DEBUG Engine               - isEntityPreloadEnabled: true
20:41:34.674 [FXGL Background Thread 3 ] DEBUG Engine               - isExperimentalTiledLargeMap: false
20:41:34.674 [FXGL Background Thread 3 ] DEBUG Engine               - isFileSystemWriteAllowed: true
20:41:34.674 [FXGL Background Thread 3 ] DEBUG Engine               - isFullScreenAllowed: false
20:41:34.674 [FXGL Background Thread 3 ] DEBUG Engine               - isFullScreenFromStart: false
20:41:34.674 [FXGL Background Thread 3 ] DEBUG Engine               - isGameMenuEnabled: true
20:41:34.675 [FXGL Background Thread 3 ] DEBUG Engine               - isIOS: false
20:41:34.675 [FXGL Background Thread 3 ] DEBUG Engine               - isIntroEnabled: false
20:41:34.675 [FXGL Background Thread 3 ] DEBUG Engine               - isLinux: false
20:41:34.675 [FXGL Background Thread 3 ] DEBUG Engine               - isMac: false
20:41:34.675 [FXGL Background Thread 3 ] DEBUG Engine               - isMainMenuEnabled: true
20:41:34.676 [FXGL Background Thread 3 ] DEBUG Engine               - isManualResizeEnabled: false
20:41:34.676 [FXGL Background Thread 3 ] DEBUG Engine               - isMobile: false
20:41:34.676 [FXGL Background Thread 3 ] DEBUG Engine               - isNative: false
20:41:34.676 [FXGL Background Thread 3 ] DEBUG Engine               - isPauseMusicWhenMinimized: true
20:41:34.676 [FXGL Background Thread 3 ] DEBUG Engine               - isPreserveResizeRatio: false
20:41:34.677 [FXGL Background Thread 3 ] DEBUG Engine               - isProfilingEnabled: false
20:41:34.677 [FXGL Background Thread 3 ] DEBUG Engine               - isScaleAffectedOnResize: true
20:41:34.677 [FXGL Background Thread 3 ] DEBUG Engine               - isSingleStep: false
20:41:34.677 [FXGL Background Thread 3 ] DEBUG Engine               - isUserProfileEnabled: false
20:41:34.677 [FXGL Background Thread 3 ] DEBUG Engine               - isWindows: true
20:41:34.677 [FXGL Background Thread 3 ] DEBUG Engine               - language: ObjectProperty [value: ENGLISH]
20:41:34.677 [FXGL Background Thread 3 ] DEBUG Engine               - menuKey: ESCAPE
20:41:34.678 [FXGL Background Thread 3 ] DEBUG Engine               - mouseSensitivity: 0.2
20:41:34.678 [FXGL Background Thread 3 ] DEBUG Engine               - notificationViewClass: class com.almasb.fxgl.notification.view.XboxNotificationView
20:41:34.678 [FXGL Background Thread 3 ] DEBUG Engine               - pixelsPerMeter: 50.0
20:41:34.678 [FXGL Background Thread 3 ] DEBUG Engine               - platform: WINDOWS
20:41:34.678 [FXGL Background Thread 3 ] DEBUG Engine               - prefHeightProperty: ReadOnlyDoubleProperty [value: 720.0]
20:41:34.678 [FXGL Background Thread 3 ] DEBUG Engine               - prefWidthProperty: ReadOnlyDoubleProperty [value: 1000.0]
20:41:34.678 [FXGL Background Thread 3 ] DEBUG Engine               - profileDir: profiles/
20:41:34.679 [FXGL Background Thread 3 ] DEBUG Engine               - profileName: StringProperty [value: DEFAULT]
20:41:34.679 [FXGL Background Thread 3 ] DEBUG Engine               - randomSeed: -1
20:41:34.679 [FXGL Background Thread 3 ] DEBUG Engine               - runtimeInfo: RuntimeInfo(platform=WINDOWS, version=17.3, build=30.03.2023 11.49)
20:41:34.679 [FXGL Background Thread 3 ] DEBUG Engine               - saveFileExt: sav
20:41:34.680 [FXGL Background Thread 3 ] DEBUG Engine               - scaledHeightProp$fxgl: DoubleProperty [bound, value: 720.0]
20:41:34.680 [FXGL Background Thread 3 ] DEBUG Engine               - scaledWidthProp$fxgl: DoubleProperty [bound, value: 1000.0]
20:41:34.680 [FXGL Background Thread 3 ] DEBUG Engine               - sceneFactory: com.game.pokemon.FabbricaScene@67c22094
20:41:34.680 [FXGL Background Thread 3 ] DEBUG Engine               - secondsIn24h: 60
20:41:34.680 [FXGL Background Thread 3 ] DEBUG Engine               - soundMenuBack: menu/back.wav
20:41:34.681 [FXGL Background Thread 3 ] DEBUG Engine               - soundMenuPress: menu/press.wav
20:41:34.681 [FXGL Background Thread 3 ] DEBUG Engine               - soundMenuSelect: menu/select.wav
20:41:34.681 [FXGL Background Thread 3 ] DEBUG Engine               - soundNotification: core/notification.wav
20:41:34.681 [FXGL Background Thread 3 ] DEBUG Engine               - stageStyle: DECORATED
20:41:34.682 [FXGL Background Thread 3 ] DEBUG Engine               - supportedLanguages: [ENGLISH, FRENCH, GERMAN, HUNGARIAN, RUSSIAN]
20:41:34.682 [FXGL Background Thread 3 ] DEBUG Engine               - ticksPerSecond: -1
20:41:34.682 [FXGL Background Thread 3 ] DEBUG Engine               - title: Pokemon boh
20:41:34.682 [FXGL Background Thread 3 ] DEBUG Engine               - urlGithub: https://github.com/AlmasB/FXGL
20:41:34.682 [FXGL Background Thread 3 ] DEBUG Engine               - urlLeaderboard: http://fxgl-top.herokuapp.com/
20:41:34.682 [FXGL Background Thread 3 ] DEBUG Engine               - urlPOM: https://raw.githubusercontent.com/AlmasB/FXGL/release/README.md
20:41:34.683 [FXGL Background Thread 3 ] DEBUG Engine               - userAppClass: class com.game.pokemon.PokemonApplication
20:41:34.683 [FXGL Background Thread 3 ] DEBUG Engine               - version: 0.1
20:41:34.683 [FXGL Background Thread 3 ] DEBUG Engine               - versionCheckDays: 7
20:41:34.683 [FXGL Background Thread 3 ] DEBUG Engine               - width: 1000
20:41:34.683 [FXGL Background Thread 3 ] DEBUG Engine               - Logging services
20:41:34.683 [FXGL Background Thread 3 ] DEBUG Engine               - class com.almasb.fxgl.app.services.FXGLAssetLoaderService
20:41:34.683 [FXGL Background Thread 3 ] DEBUG Engine               - class com.almasb.fxgl.app.FXGLApplication$GameApplicationService
20:41:34.683 [FXGL Background Thread 3 ] DEBUG Engine               - class com.almasb.fxgl.app.services.FXGLDialogService
20:41:34.684 [FXGL Background Thread 3 ] DEBUG Engine               - class com.almasb.fxgl.app.services.IOTaskExecutorService
20:41:34.684 [FXGL Background Thread 3 ] DEBUG Engine               - class com.almasb.fxgl.io.FileSystemService
20:41:34.684 [FXGL Background Thread 3 ] DEBUG Engine               - class com.almasb.fxgl.localization.LocalizationService
20:41:34.684 [FXGL Background Thread 3 ] DEBUG Engine               - class com.almasb.fxgl.app.services.SystemBundleService
20:41:34.684 [FXGL Background Thread 3 ] DEBUG Engine               - class com.almasb.fxgl.profile.SaveLoadService
20:41:34.684 [FXGL Background Thread 3 ] DEBUG Engine               - class com.almasb.fxgl.ui.FXGLUIFactoryServiceProvider
20:41:34.684 [FXGL Background Thread 3 ] DEBUG Engine               - class com.almasb.fxgl.ui.FXGLDialogFactoryServiceProvider
20:41:34.684 [FXGL Background Thread 3 ] DEBUG Engine               - class com.almasb.fxgl.audio.AudioPlayer
20:41:34.684 [FXGL Background Thread 3 ] DEBUG Engine               - class com.almasb.fxgl.notification.impl.NotificationServiceProvider
20:41:34.684 [FXGL Background Thread 3 ] DEBUG Engine               - class com.almasb.fxgl.achievement.AchievementService
20:41:34.684 [FXGL Background Thread 3 ] DEBUG Engine               - class com.almasb.fxgl.cutscene.CutsceneService
20:41:34.685 [FXGL Background Thread 3 ] DEBUG Engine               - class com.almasb.fxgl.minigames.MiniGameService
20:41:34.685 [FXGL Background Thread 3 ] DEBUG Engine               - class com.almasb.fxgl.net.NetService
20:41:34.685 [FXGL Background Thread 3 ] DEBUG Engine               - class com.almasb.fxgl.app.services.UpdaterService
20:41:34.685 [FXGL Background Thread 3 ] DEBUG Engine               - class com.almasb.fxgl.dev.DevService
20:41:39.231 [JavaFX Application Thread] DEBUG FXGLApplication      - Exiting FXGL
20:41:39.231 [JavaFX Application Thread] DEBUG Async                - Shutting down background threads
20:41:39.231 [JavaFX Application Thread] DEBUG PrimaryStageWindow   - Closing main window
20:41:39.242 [JavaFX Application Thread] DEBUG Logger               - Closing Logger
