20:06:12.663 [main                     ] DEBUG Logger               - Configured Logger
20:06:12.697 [main                     ] DEBUG GameApplication      - Logging settings
Title: Megaman
Version: 0.1
Width: 800
Height: 600
Fullscreen: false
Intro: false
Profiling: false
Single step:false
App Mode: DEVELOPER
Menu Key: ESCAPE
Stage Style: DECORATED
Scene Factory: class com.almasb.fxgl.app.scene.SceneFactory

20:06:12.995 [JavaFX Application Thread] DEBUG FXGLApplication      - Initializing FXGL
20:06:12.999 [JavaFX Application Thread] INFO  Engine               - FXGL-17.3 (30.03.2023 11.49) on WINDOWS (J:22.0.1 FX:22-ea)
20:06:13.000 [JavaFX Application Thread] DEBUG Engine               - JRE Vendor Name: Oracle Corporation
20:06:13.000 [JavaFX Application Thread] DEBUG Engine               - Running on OS: Windows 11 version 10.0
20:06:13.000 [JavaFX Application Thread] DEBUG Engine               - Architecture: amd64
20:06:13.000 [JavaFX Application Thread] INFO  Engine               - Source code and latest versions at: https://github.com/AlmasB/FXGL
20:06:13.000 [JavaFX Application Thread] INFO  Engine               -       Ask questions and discuss at: https://github.com/AlmasB/FXGL/discussions
20:06:13.000 [JavaFX Application Thread] INFO  Engine               -              Join the FXGL chat at: https://gitter.im/AlmasB/FXGL
20:06:13.082 [JavaFX Application Thread] DEBUG PrimaryStageWindow   - Creating a JavaFX scene
20:06:13.125 [JavaFX Application Thread] DEBUG PrimaryStageWindow   - Target settings size: 800.0 x 600.0
20:06:13.125 [JavaFX Application Thread] DEBUG PrimaryStageWindow   - Scaled scene size:    800.0 x 600.0
20:06:13.126 [JavaFX Application Thread] DEBUG PrimaryStageWindow   - Scaled ratio: (1.0, 1.0)
20:06:13.126 [JavaFX Application Thread] DEBUG PrimaryStageWindow   - Set initial scene to FXGLStartupScene
20:06:13.129 [JavaFX Application Thread] DEBUG PrimaryStageWindow   - Opening main window
20:06:13.212 [JavaFX Application Thread] DEBUG PrimaryStageWindow   - Window border size: (14.4000244140625, 37.5999755859375)
20:06:13.213 [JavaFX Application Thread] DEBUG PrimaryStageWindow   - Scaled size: 800.0 x 600.0
20:06:13.213 [JavaFX Application Thread] DEBUG PrimaryStageWindow   - Scaled ratio: (1.0, 1.0)
20:06:13.213 [JavaFX Application Thread] DEBUG PrimaryStageWindow   - Scene size: 800.0 x 600.0
20:06:13.213 [JavaFX Application Thread] DEBUG PrimaryStageWindow   - Stage size: 814.4000244140625 x 637.5999755859375
20:06:13.221 [FXGL Background Thread 1 ] DEBUG Engine               - Initializing environment variables
20:06:13.280 [FXGL Background Thread 1 ] DEBUG FXGLAssetLoaderServi - User app class for loading assets: class com.game.megaman2.MegamanApplication
20:06:13.280 [FXGL Background Thread 1 ] DEBUG GameApplicationServi - Applying CSS: fxgl_dark.css
20:06:13.281 [FXGL Background Thread 1 ] DEBUG FXGLAssetLoaderServi - Loading from file system: jar:file:///C:/Users/enric/.m2/repository/com/github/almasb/fxgl/17.3/fxgl-17.3.jar!/fxglassets/ui/css/fxgl_dark.css
20:06:13.336 [FXGL Background Thread 1 ] DEBUG GameApplicationServi - Initializing application scenes
20:06:13.422 [FXGL Background Thread 1 ] DEBUG GameWorld            - Game world initialized
20:06:13.536 [FXGL Background Thread 1 ] DEBUG PhysicsWorld         - Physics world initialized: appHeight=600, physics.ppm=50,0
20:06:13.536 [FXGL Background Thread 1 ] DEBUG PhysicsWorld         - Using strategy: BRUTE_FORCE
20:06:13.539 [FXGL Background Thread 1 ] DEBUG GameScene            - Game scene initialized: 800x600
20:06:13.549 [FXGL Background Thread 1 ] DEBUG FXGL.DefaultMenu     - createMenuBodyGameMenu()
20:06:13.562 [FXGL Background Thread 1 ] DEBUG FXGL.DefaultMenu     - createOptionsMenu()
20:06:13.569 [FXGL Background Thread 1 ] DEBUG FXGLAssetLoaderServi - Loading from file system: jar:file:///C:/Users/enric/.m2/repository/com/github/almasb/fxgl/17.3/fxgl-17.3.jar!/fxglassets/textures/particles/smoke.png
20:06:13.640 [FXGL Background Thread 1 ] DEBUG FXGLAssetLoaderServi - Loading from file system: jar:file:///C:/Users/enric/.m2/repository/com/github/almasb/fxgl/17.3/fxgl-17.3.jar!/fxglassets/textures/particles/trace_horizontal.png
20:06:13.663 [FXGL Background Thread 1 ] DEBUG GameApplicationServi - Application scenes initialized
20:06:13.675 [FXGL Background Thread 1 ] DEBUG SystemBundleService  - Loading FXGL system data
20:06:13.678 [FXGL Background Thread 1 ] DEBUG FileSystemAccess     - Reading from: C:\Users\enric\Desktop\robe mie\Fermi\triennio\Informatica\Intellij\GiocoClasseQuarta\system\fxgl.bundle
20:06:13.684 [FXGL Background Thread 1 ] DEBUG SystemBundleService  - Bundle FXGL: {}
20:06:13.684 [FXGL Background Thread 1 ] DEBUG UpdaterService       - Checking for updates
20:06:13.688 [FXGL Background Thread 4 ] DEBUG FXGLApplication      - Loading fonts
20:06:13.688 [FXGL Background Thread 4 ] DEBUG FXGLAssetLoaderServi - Loading from file system: jar:file:///C:/Users/enric/.m2/repository/com/github/almasb/fxgl/17.3/fxgl-17.3.jar!/fxglassets/ui/fonts/VarelaRound-Regular.ttf
20:06:13.688 [FXGL Background Thread 1 ] DEBUG FXGLApplication      - Loading default localization
20:06:13.689 [FXGL Background Thread 1 ] DEBUG FXGLAssetLoaderServi - Loading from file system: jar:file:///C:/Users/enric/.m2/repository/com/github/almasb/fxgl/17.3/fxgl-17.3.jar!/fxglassets/languages/english.lang
20:06:13.712 [FXGL Background Thread 1 ] INFO  FXGLApplication      - FXGL initialization took: 0,492 sec
20:06:13.724 [JavaFX Application Thread] DEBUG Input                - Registered new binding: action0 - D
20:06:13.725 [JavaFX Application Thread] DEBUG Input                - Registered new binding: action1 - A
20:06:13.725 [JavaFX Application Thread] DEBUG Input                - Registered new binding: action2 - W
20:06:13.726 [JavaFX Application Thread] DEBUG Input                - Registered new binding: action3 - S
20:06:13.727 [JavaFX Application Thread] DEBUG Input                - Registered new binding: action4 - F
20:06:13.727 [JavaFX Application Thread] DEBUG FXGLAssetLoaderServi - Loading from file system: jar:file:///C:/Users/enric/.m2/repository/com/github/almasb/fxgl/17.3/fxgl-17.3.jar!/fxglassets/textures/fxgl_icon.png
20:06:13.731 [FXGL Background Thread 4 ] DEBUG FXGLAssetLoaderServi - Loading from file system: jar:file:///C:/Users/enric/.m2/repository/com/github/almasb/fxgl/17.3/fxgl-17.3.jar!/fxglassets/ui/fonts/Abel-Regular.ttf
20:06:13.744 [FXGL Background Thread 4 ] DEBUG FXGLAssetLoaderServi - Loading from file system: jar:file:///C:/Users/enric/.m2/repository/com/github/almasb/fxgl/17.3/fxgl-17.3.jar!/fxglassets/ui/fonts/TerminalLandMono-Regular.otf
20:06:13.753 [JavaFX Application Thread] DEBUG FXGLAssetLoaderServi - Loading from file system: jar:file:///C:/Users/enric/.m2/repository/com/github/almasb/fxgl/17.3/fxgl-17.3.jar!/fxglassets/textures/fxgl_default_cursor.png
20:06:13.753 [FXGL Background Thread 4 ] DEBUG FXGLAssetLoaderServi - Loading from file system: jar:file:///C:/Users/enric/.m2/repository/com/github/almasb/fxgl/17.3/fxgl-17.3.jar!/fxglassets/ui/fonts/Courier-Prime.ttf
20:06:13.756 [JavaFX Application Thread] DEBUG Input                - Registered new binding: Screenshot - CTRL+8
20:06:13.756 [JavaFX Application Thread] DEBUG Input                - Registered new binding: System info dump - CTRL+9
20:06:13.757 [JavaFX Application Thread] DEBUG Input                - Registered new binding: Restart - CTRL+R
20:06:13.757 [JavaFX Application Thread] DEBUG Input                - Registered new binding: Toggle Debug Camera - CTRL+7
20:06:13.761 [JavaFX Application Thread] DEBUG LoopRunner           - Starting loop
20:06:13.762 [JavaFX Application Thread] DEBUG LoopRunner           - Initializing JavaFX AnimationTimerLoop
20:06:13.763 [JavaFX Application Thread] DEBUG GameApplicationServi - Starting new game
20:06:13.763 [JavaFX Application Thread] DEBUG Input                - Clearing active input actions
20:06:13.775 [JavaFX Application Thread] DEBUG GameApplicationServi - Removing overlay from FXGLStartupScene and adding to FXGLLoadingScene
20:06:13.776 [JavaFX Application Thread] DEBUG PrimaryStageWindow   - FXGLStartupScene -> FXGLLoadingScene
20:06:13.776 [JavaFX Application Thread] DEBUG GameApplicationServi - Clearing previous game
20:06:13.776 [JavaFX Application Thread] DEBUG GameScene            - Clearing game scene
20:06:13.776 [JavaFX Application Thread] DEBUG GameWorld            - Clearing game world
20:06:13.776 [JavaFX Application Thread] DEBUG PhysicsWorld         - Clearing physics world
20:06:13.778 [FXGL Background Thread 1 ] DEBUG FXGLApplication      - Initializing game
20:06:13.780 [FXGL Background Thread 1 ] DEBUG FXGLAssetLoaderServi - Loading from file system: file:/C:/Users/enric/Desktop/robe%20mie/Fermi/triennio/Informatica/Intellij/GiocoClasseQuarta/target/classes/assets/textures/spawn8.png
20:06:13.831 [JavaFX Application Thread] DEBUG LoopRunner           - Stopping loop
20:06:13.832 [JavaFX Application Thread] FATAL FXGLApplication      - Uncaught Exception:
java.lang.RuntimeException: Initialization failed
	at com.almasb.fxgl.all@17.3/com.almasb.fxgl.app.FXGLApplication$InitAppTask.failed(FXGLApplication.kt:343)
	at javafx.graphics@22-ea/javafx.concurrent.Task.setState(Task.java:710)
	at javafx.graphics@22-ea/javafx.concurrent.Task$TaskCallable.lambda$call$2(Task.java:1429)
	at javafx.graphics@22-ea/com.sun.javafx.application.PlatformImpl.lambda$runLater$10(PlatformImpl.java:456)
	at java.base/java.security.AccessController.doPrivileged(AccessController.java:400)
	at javafx.graphics@22-ea/com.sun.javafx.application.PlatformImpl.lambda$runLater$11(PlatformImpl.java:455)
	at javafx.graphics@22-ea/com.sun.glass.ui.InvokeLaterDispatcher$Future.run(InvokeLaterDispatcher.java:95)
	at javafx.graphics@22-ea/com.sun.glass.ui.win.WinApplication._runLoop(Native Method)
	at javafx.graphics@22-ea/com.sun.glass.ui.win.WinApplication.lambda$runLoop$3(WinApplication.java:185)
	at java.base/java.lang.Thread.run(Thread.java:1570)
Caused by: java.lang.IllegalArgumentException: Invalid URL: Invalid URL or resource not found
	at javafx.graphics@22-ea/javafx.scene.image.Image.validateUrl(Image.java:1133)
	at javafx.graphics@22-ea/javafx.scene.image.Image.<init>(Image.java:664)
	at com.game.megaman2/com.game.megaman2.MegamanApplication.initUI(MegamanApplication.java:67)
	at com.almasb.fxgl.all@17.3/com.almasb.fxgl.app.FXGLApplication$InitAppTask.call(FXGLApplication.kt:321)
	at com.almasb.fxgl.all@17.3/com.almasb.fxgl.app.FXGLApplication$InitAppTask.call(FXGLApplication.kt:311)
	at javafx.graphics@22-ea/javafx.concurrent.Task$TaskCallable.call(Task.java:1399)
	at java.base/java.util.concurrent.FutureTask.run(FutureTask.java:317)
	at java.base/java.util.concurrent.Executors$RunnableAdapter.call(Executors.java:572)
	at java.base/java.util.concurrent.FutureTask.run(FutureTask.java:317)
	at java.base/java.util.concurrent.ThreadPoolExecutor.runWorker(ThreadPoolExecutor.java:1144)
	at java.base/java.util.concurrent.ThreadPoolExecutor$Worker.run(ThreadPoolExecutor.java:642)
	... 1 more
Caused by: java.lang.IllegalArgumentException: Invalid URL or resource not found
	at javafx.graphics@22-ea/javafx.scene.image.Image.validateUrl(Image.java:1122)
	... 11 more

20:06:13.833 [JavaFX Application Thread] FATAL FXGLApplication      - Application will now exit
20:06:13.860 [JavaFX Application Thread] DEBUG PrimaryStageWindow   - Push state: ErrorSubScene
20:06:13.861 [JavaFX Application Thread] DEBUG Input                - Clearing active input actions
20:06:13.872 [JavaFX Application Thread] DEBUG GameApplicationServi - Removing overlay from FXGLLoadingScene and adding to ErrorSubScene
20:06:13.873 [JavaFX Application Thread] DEBUG PrimaryStageWindow   - FXGLLoadingScene -> ErrorSubScene
20:06:13.873 [JavaFX Application Thread] DEBUG FXGLApplication      - Registering font factories with UI factory
20:06:14.195 [FXGL Background Thread 2 ] INFO  UpdaterService       - Your current version:  17.3
20:06:14.195 [FXGL Background Thread 2 ] INFO  UpdaterService       - Latest stable version: 21.1
20:06:16.688 [FXGL Background Thread 3 ] DEBUG Engine               - Logging environment variables
20:06:16.690 [FXGL Background Thread 3 ] DEBUG Engine               - achievements: []
20:06:16.690 [FXGL Background Thread 3 ] DEBUG Engine               - actualHeight: 600.0
20:06:16.690 [FXGL Background Thread 3 ] DEBUG Engine               - actualHeightProperty: ReadOnlyDoubleProperty [value: 600.0]
20:06:16.691 [FXGL Background Thread 3 ] DEBUG Engine               - actualWidth: 800.0
20:06:16.691 [FXGL Background Thread 3 ] DEBUG Engine               - actualWidthProperty: ReadOnlyDoubleProperty [value: 800.0]
20:06:16.691 [FXGL Background Thread 3 ] DEBUG Engine               - appIcon: fxgl_icon.png
20:06:16.692 [FXGL Background Thread 3 ] DEBUG Engine               - applicationMode: DEVELOPER
20:06:16.692 [FXGL Background Thread 3 ] DEBUG Engine               - cSSList: [fxgl_dark.css]
20:06:16.692 [FXGL Background Thread 3 ] DEBUG Engine               - collisionDetectionStrategy: BRUTE_FORCE
20:06:16.692 [FXGL Background Thread 3 ] DEBUG Engine               - configClass: Optional.empty
20:06:16.693 [FXGL Background Thread 3 ] DEBUG Engine               - credits: []
20:06:16.694 [FXGL Background Thread 3 ] DEBUG Engine               - defaultCursor: CursorInfo(imageName=fxgl_default_cursor.png, hotspotX=7.0, hotspotY=6.0)
20:06:16.695 [FXGL Background Thread 3 ] DEBUG Engine               - devBBoxColorProperty: ObjectProperty [value: 0xff0000ff]
20:06:16.695 [FXGL Background Thread 3 ] DEBUG Engine               - devEnableDebugCameraProperty: BooleanProperty [value: false]
20:06:16.696 [FXGL Background Thread 3 ] DEBUG Engine               - devSensorColorProperty: ObjectProperty [value: 0xffff00ff]
20:06:16.696 [FXGL Background Thread 3 ] DEBUG Engine               - devShowBBoxProperty: BooleanProperty [value: false]
20:06:16.696 [FXGL Background Thread 3 ] DEBUG Engine               - devShowPositionProperty: BooleanProperty [value: false]
20:06:16.696 [FXGL Background Thread 3 ] DEBUG Engine               - enabledMenuItems: []
20:06:16.697 [FXGL Background Thread 3 ] DEBUG Engine               - engineServices: [class com.almasb.fxgl.app.services.FXGLAssetLoaderService, class com.almasb.fxgl.app.FXGLApplication$GameApplicationService, class com.almasb.fxgl.app.services.FXGLDialogService, class com.almasb.fxgl.app.services.IOTaskExecutorService, class com.almasb.fxgl.io.FileSystemService, class com.almasb.fxgl.localization.LocalizationService, class com.almasb.fxgl.app.services.SystemBundleService, class com.almasb.fxgl.profile.SaveLoadService, class com.almasb.fxgl.ui.FXGLUIFactoryServiceProvider, class com.almasb.fxgl.ui.FXGLDialogFactoryServiceProvider, class com.almasb.fxgl.audio.AudioPlayer, class com.almasb.fxgl.notification.impl.NotificationServiceProvider, class com.almasb.fxgl.achievement.AchievementService, class com.almasb.fxgl.cutscene.CutsceneService, class com.almasb.fxgl.minigames.MiniGameService, class com.almasb.fxgl.net.NetService, class com.almasb.fxgl.app.services.UpdaterService, class com.almasb.fxgl.dev.DevService]
20:06:16.697 [FXGL Background Thread 3 ] DEBUG Engine               - fontGame: Abel-Regular.ttf
20:06:16.697 [FXGL Background Thread 3 ] DEBUG Engine               - fontMono: TerminalLandMono-Regular.otf
20:06:16.697 [FXGL Background Thread 3 ] DEBUG Engine               - fontSizeScaleUI: 1.0
20:06:16.698 [FXGL Background Thread 3 ] DEBUG Engine               - fontText: Courier-Prime.ttf
20:06:16.698 [FXGL Background Thread 3 ] DEBUG Engine               - fontUI: VarelaRound-Regular.ttf
20:06:16.698 [FXGL Background Thread 3 ] DEBUG Engine               - fullScreen: BooleanProperty [value: false]
20:06:16.698 [FXGL Background Thread 3 ] DEBUG Engine               - gameDifficulty: MEDIUM
20:06:16.698 [FXGL Background Thread 3 ] DEBUG Engine               - gameDifficultyProperty: ObjectProperty [value: MEDIUM]
20:06:16.699 [FXGL Background Thread 3 ] DEBUG Engine               - globalMusicVolume: 0.5
20:06:16.699 [FXGL Background Thread 3 ] DEBUG Engine               - globalMusicVolumeProperty: DoubleProperty [value: 0.5]
20:06:16.699 [FXGL Background Thread 3 ] DEBUG Engine               - globalSoundVolume: 0.5
20:06:16.699 [FXGL Background Thread 3 ] DEBUG Engine               - globalSoundVolumeProperty: DoubleProperty [value: 0.5]
20:06:16.700 [FXGL Background Thread 3 ] DEBUG Engine               - height: 600
20:06:16.700 [FXGL Background Thread 3 ] DEBUG Engine               - is3D: false
20:06:16.700 [FXGL Background Thread 3 ] DEBUG Engine               - isAndroid: false
20:06:16.700 [FXGL Background Thread 3 ] DEBUG Engine               - isBrowser: false
20:06:16.700 [FXGL Background Thread 3 ] DEBUG Engine               - isClickFeedbackEnabled: false
20:06:16.701 [FXGL Background Thread 3 ] DEBUG Engine               - isCloseConfirmation: false
20:06:16.701 [FXGL Background Thread 3 ] DEBUG Engine               - isDesktop: true
20:06:16.701 [FXGL Background Thread 3 ] DEBUG Engine               - isDeveloperMenuEnabled: false
20:06:16.701 [FXGL Background Thread 3 ] DEBUG Engine               - isEmbedded: false
20:06:16.701 [FXGL Background Thread 3 ] DEBUG Engine               - isEntityPreloadEnabled: true
20:06:16.702 [FXGL Background Thread 3 ] DEBUG Engine               - isExperimentalTiledLargeMap: false
20:06:16.702 [FXGL Background Thread 3 ] DEBUG Engine               - isFileSystemWriteAllowed: true
20:06:16.702 [FXGL Background Thread 3 ] DEBUG Engine               - isFullScreenAllowed: false
20:06:16.702 [FXGL Background Thread 3 ] DEBUG Engine               - isFullScreenFromStart: false
20:06:16.703 [FXGL Background Thread 3 ] DEBUG Engine               - isGameMenuEnabled: true
20:06:16.703 [FXGL Background Thread 3 ] DEBUG Engine               - isIOS: false
20:06:16.703 [FXGL Background Thread 3 ] DEBUG Engine               - isIntroEnabled: false
20:06:16.704 [FXGL Background Thread 3 ] DEBUG Engine               - isLinux: false
20:06:16.704 [FXGL Background Thread 3 ] DEBUG Engine               - isMac: false
20:06:16.704 [FXGL Background Thread 3 ] DEBUG Engine               - isMainMenuEnabled: false
20:06:16.704 [FXGL Background Thread 3 ] DEBUG Engine               - isManualResizeEnabled: false
20:06:16.704 [FXGL Background Thread 3 ] DEBUG Engine               - isMobile: false
20:06:16.705 [FXGL Background Thread 3 ] DEBUG Engine               - isNative: false
20:06:16.705 [FXGL Background Thread 3 ] DEBUG Engine               - isPauseMusicWhenMinimized: true
20:06:16.705 [FXGL Background Thread 3 ] DEBUG Engine               - isPreserveResizeRatio: false
20:06:16.705 [FXGL Background Thread 3 ] DEBUG Engine               - isProfilingEnabled: false
20:06:16.705 [FXGL Background Thread 3 ] DEBUG Engine               - isScaleAffectedOnResize: true
20:06:16.706 [FXGL Background Thread 3 ] DEBUG Engine               - isSingleStep: false
20:06:16.706 [FXGL Background Thread 3 ] DEBUG Engine               - isUserProfileEnabled: false
20:06:16.706 [FXGL Background Thread 3 ] DEBUG Engine               - isWindows: true
20:06:16.706 [FXGL Background Thread 3 ] DEBUG Engine               - language: ObjectProperty [value: ENGLISH]
20:06:16.706 [FXGL Background Thread 3 ] DEBUG Engine               - menuKey: ESCAPE
20:06:16.707 [FXGL Background Thread 3 ] DEBUG Engine               - mouseSensitivity: 0.2
20:06:16.707 [FXGL Background Thread 3 ] DEBUG Engine               - notificationViewClass: class com.almasb.fxgl.notification.view.XboxNotificationView
20:06:16.707 [FXGL Background Thread 3 ] DEBUG Engine               - pixelsPerMeter: 50.0
20:06:16.707 [FXGL Background Thread 3 ] DEBUG Engine               - platform: WINDOWS
20:06:16.708 [FXGL Background Thread 3 ] DEBUG Engine               - prefHeightProperty: ReadOnlyDoubleProperty [value: 600.0]
20:06:16.708 [FXGL Background Thread 3 ] DEBUG Engine               - prefWidthProperty: ReadOnlyDoubleProperty [value: 800.0]
20:06:16.708 [FXGL Background Thread 3 ] DEBUG Engine               - profileDir: profiles/
20:06:16.709 [FXGL Background Thread 3 ] DEBUG Engine               - profileName: StringProperty [value: DEFAULT]
20:06:16.709 [FXGL Background Thread 3 ] DEBUG Engine               - randomSeed: -1
20:06:16.710 [FXGL Background Thread 3 ] DEBUG Engine               - runtimeInfo: RuntimeInfo(platform=WINDOWS, version=17.3, build=30.03.2023 11.49)
20:06:16.710 [FXGL Background Thread 3 ] DEBUG Engine               - saveFileExt: sav
20:06:16.710 [FXGL Background Thread 3 ] DEBUG Engine               - scaledHeightProp$fxgl: DoubleProperty [bound, value: 600.0]
20:06:16.710 [FXGL Background Thread 3 ] DEBUG Engine               - scaledWidthProp$fxgl: DoubleProperty [bound, value: 800.0]
20:06:16.710 [FXGL Background Thread 3 ] DEBUG Engine               - sceneFactory: com.almasb.fxgl.app.scene.SceneFactory@2e931ae9
20:06:16.711 [FXGL Background Thread 3 ] DEBUG Engine               - secondsIn24h: 60
20:06:16.711 [FXGL Background Thread 3 ] DEBUG Engine               - soundMenuBack: menu/back.wav
20:06:16.711 [FXGL Background Thread 3 ] DEBUG Engine               - soundMenuPress: menu/press.wav
20:06:16.711 [FXGL Background Thread 3 ] DEBUG Engine               - soundMenuSelect: menu/select.wav
20:06:16.711 [FXGL Background Thread 3 ] DEBUG Engine               - soundNotification: core/notification.wav
20:06:16.712 [FXGL Background Thread 3 ] DEBUG Engine               - stageStyle: DECORATED
20:06:16.712 [FXGL Background Thread 3 ] DEBUG Engine               - supportedLanguages: [ENGLISH, FRENCH, GERMAN, HUNGARIAN, RUSSIAN]
20:06:16.712 [FXGL Background Thread 3 ] DEBUG Engine               - ticksPerSecond: -1
20:06:16.712 [FXGL Background Thread 3 ] DEBUG Engine               - title: Megaman
20:06:16.712 [FXGL Background Thread 3 ] DEBUG Engine               - urlGithub: https://github.com/AlmasB/FXGL
20:06:16.713 [FXGL Background Thread 3 ] DEBUG Engine               - urlLeaderboard: http://fxgl-top.herokuapp.com/
20:06:16.713 [FXGL Background Thread 3 ] DEBUG Engine               - urlPOM: https://raw.githubusercontent.com/AlmasB/FXGL/release/README.md
20:06:16.713 [FXGL Background Thread 3 ] DEBUG Engine               - userAppClass: class com.game.megaman2.MegamanApplication
20:06:16.713 [FXGL Background Thread 3 ] DEBUG Engine               - version: 0.1
20:06:16.713 [FXGL Background Thread 3 ] DEBUG Engine               - versionCheckDays: 7
20:06:16.714 [FXGL Background Thread 3 ] DEBUG Engine               - width: 800
20:06:16.714 [FXGL Background Thread 3 ] DEBUG Engine               - Logging services
20:06:16.714 [FXGL Background Thread 3 ] DEBUG Engine               - class com.almasb.fxgl.app.services.FXGLAssetLoaderService
20:06:16.714 [FXGL Background Thread 3 ] DEBUG Engine               - class com.almasb.fxgl.app.FXGLApplication$GameApplicationService
20:06:16.714 [FXGL Background Thread 3 ] DEBUG Engine               - class com.almasb.fxgl.app.services.FXGLDialogService
20:06:16.714 [FXGL Background Thread 3 ] DEBUG Engine               - class com.almasb.fxgl.app.services.IOTaskExecutorService
20:06:16.715 [FXGL Background Thread 3 ] DEBUG Engine               - class com.almasb.fxgl.io.FileSystemService
20:06:16.715 [FXGL Background Thread 3 ] DEBUG Engine               - class com.almasb.fxgl.localization.LocalizationService
20:06:16.715 [FXGL Background Thread 3 ] DEBUG Engine               - class com.almasb.fxgl.app.services.SystemBundleService
20:06:16.715 [FXGL Background Thread 3 ] DEBUG Engine               - class com.almasb.fxgl.profile.SaveLoadService
20:06:16.715 [FXGL Background Thread 3 ] DEBUG Engine               - class com.almasb.fxgl.ui.FXGLUIFactoryServiceProvider
20:06:16.715 [FXGL Background Thread 3 ] DEBUG Engine               - class com.almasb.fxgl.ui.FXGLDialogFactoryServiceProvider
20:06:16.715 [FXGL Background Thread 3 ] DEBUG Engine               - class com.almasb.fxgl.audio.AudioPlayer
20:06:16.716 [FXGL Background Thread 3 ] DEBUG Engine               - class com.almasb.fxgl.notification.impl.NotificationServiceProvider
20:06:16.716 [FXGL Background Thread 3 ] DEBUG Engine               - class com.almasb.fxgl.achievement.AchievementService
20:06:16.716 [FXGL Background Thread 3 ] DEBUG Engine               - class com.almasb.fxgl.cutscene.CutsceneService
20:06:16.716 [FXGL Background Thread 3 ] DEBUG Engine               - class com.almasb.fxgl.minigames.MiniGameService
20:06:16.716 [FXGL Background Thread 3 ] DEBUG Engine               - class com.almasb.fxgl.net.NetService
20:06:16.716 [FXGL Background Thread 3 ] DEBUG Engine               - class com.almasb.fxgl.app.services.UpdaterService
20:06:16.716 [FXGL Background Thread 3 ] DEBUG Engine               - class com.almasb.fxgl.dev.DevService
20:06:24.222 [JavaFX Application Thread] DEBUG FXGLApplication      - Exiting FXGL
20:06:24.223 [JavaFX Application Thread] DEBUG Async                - Shutting down background threads
20:06:24.223 [JavaFX Application Thread] DEBUG PrimaryStageWindow   - Closing main window
20:06:24.248 [JavaFX Application Thread] DEBUG Logger               - Closing Logger
