13:55:02.720 [main                     ] DEBUG Logger               - Configured Logger
13:55:02.811 [main                     ] DEBUG GameApplication      - Logging settings
Title: Pokemon boh
Version: 0.1
Width: 1000
Height: 720
Fullscreen: false
Intro: true
Profiling: false
Single step:false
App Mode: DEVELOPER
Menu Key: ESCAPE
Stage Style: DECORATED
Scene Factory: class com.game.pokemon.FabbricaScene

13:55:03.373 [JavaFX Application Thread] DEBUG FXGLApplication      - Initializing FXGL
13:55:03.386 [JavaFX Application Thread] INFO  Engine               - FXGL-17.3 (30.03.2023 11.49) on WINDOWS (J:22.0.1 FX:22-ea)
13:55:03.387 [JavaFX Application Thread] DEBUG Engine               - JRE Vendor Name: Oracle Corporation
13:55:03.387 [JavaFX Application Thread] DEBUG Engine               - Running on OS: Windows 10 version 10.0
13:55:03.387 [JavaFX Application Thread] DEBUG Engine               - Architecture: amd64
13:55:03.387 [JavaFX Application Thread] INFO  Engine               - Source code and latest versions at: https://github.com/AlmasB/FXGL
13:55:03.387 [JavaFX Application Thread] INFO  Engine               -       Ask questions and discuss at: https://github.com/AlmasB/FXGL/discussions
13:55:03.387 [JavaFX Application Thread] INFO  Engine               -              Join the FXGL chat at: https://gitter.im/AlmasB/FXGL
13:55:03.518 [JavaFX Application Thread] DEBUG PrimaryStageWindow   - Creating a JavaFX scene
13:55:03.590 [JavaFX Application Thread] DEBUG PrimaryStageWindow   - Target settings size: 1000.0 x 720.0
13:55:03.590 [JavaFX Application Thread] DEBUG PrimaryStageWindow   - Scaled scene size:    1000.0 x 720.0
13:55:03.590 [JavaFX Application Thread] DEBUG PrimaryStageWindow   - Scaled ratio: (1.0, 1.0)
13:55:03.591 [JavaFX Application Thread] DEBUG PrimaryStageWindow   - Set initial scene to FXGLStartupScene
13:55:03.594 [JavaFX Application Thread] DEBUG PrimaryStageWindow   - Opening main window
13:55:03.656 [JavaFX Application Thread] DEBUG PrimaryStageWindow   - Window border size: (16.0, 39.0)
13:55:03.656 [JavaFX Application Thread] DEBUG PrimaryStageWindow   - Scaled size: 1000.0 x 720.0
13:55:03.656 [JavaFX Application Thread] DEBUG PrimaryStageWindow   - Scaled ratio: (1.0, 1.0)
13:55:03.656 [JavaFX Application Thread] DEBUG PrimaryStageWindow   - Scene size: 1000.0 x 720.0
13:55:03.657 [JavaFX Application Thread] DEBUG PrimaryStageWindow   - Stage size: 1016.0 x 759.0
13:55:03.669 [FXGL Background Thread 1 ] DEBUG Engine               - Initializing environment variables
13:55:03.720 [FXGL Background Thread 1 ] DEBUG FXGLAssetLoaderServi - User app class for loading assets: class com.game.pokemon.PokemonApplication
13:55:03.721 [FXGL Background Thread 1 ] DEBUG GameApplicationServi - Applying CSS: fxgl_dark.css
13:55:03.722 [FXGL Background Thread 1 ] DEBUG FXGLAssetLoaderServi - Loading from file system: jar:file:///C:/Users/MatteoLombardi/.m2/repository/com/github/almasb/fxgl/17.3/fxgl-17.3.jar!/fxglassets/ui/css/fxgl_dark.css
13:55:03.757 [FXGL Background Thread 1 ] DEBUG GameApplicationServi - Initializing application scenes
13:55:03.787 [FXGL Background Thread 1 ] DEBUG GameWorld            - Game world initialized
13:55:03.834 [FXGL Background Thread 1 ] DEBUG PhysicsWorld         - Physics world initialized: appHeight=720, physics.ppm=50.0
13:55:03.834 [FXGL Background Thread 1 ] DEBUG PhysicsWorld         - Using strategy: BRUTE_FORCE
13:55:03.837 [FXGL Background Thread 1 ] DEBUG GameScene            - Game scene initialized: 1000x720
13:55:03.839 [FXGL Background Thread 1 ] DEBUG FXGLAssetLoaderServi - Loading from file system: jar:file:///C:/Users/MatteoLombardi/.m2/repository/com/github/almasb/fxgl/17.3/fxgl-17.3.jar!/fxglassets/textures/intro/fxgl_logo.png
13:55:03.858 [FXGL Background Thread 1 ] DEBUG FXGLAssetLoaderServi - Loading from file system: jar:file:///C:/Users/MatteoLombardi/.m2/repository/com/github/almasb/fxgl/17.3/fxgl-17.3.jar!/fxglassets/textures/intro/javafx_logo.png
13:55:03.949 [FXGL Background Thread 1 ] DEBUG FXGL.DefaultMenu     - createMenuBodyMainMenu()
13:55:03.962 [FXGL Background Thread 1 ] DEBUG FXGL.DefaultMenu     - createOptionsMenu()
13:55:03.970 [FXGL Background Thread 1 ] DEBUG FXGLAssetLoaderServi - Loading from file system: jar:file:///C:/Users/MatteoLombardi/.m2/repository/com/github/almasb/fxgl/17.3/fxgl-17.3.jar!/fxglassets/textures/particles/smoke.png
13:55:04.019 [FXGL Background Thread 1 ] DEBUG FXGLAssetLoaderServi - Loading from file system: jar:file:///C:/Users/MatteoLombardi/.m2/repository/com/github/almasb/fxgl/17.3/fxgl-17.3.jar!/fxglassets/textures/particles/trace_horizontal.png
13:55:04.039 [FXGL Background Thread 1 ] DEBUG FXGLAssetLoaderServi - Loading from file system: file:/C:/Users/MatteoLombardi/IdeaProjects/GiocoClasseQuarta/target/classes/assets/music/musicaMenu.mp3
13:55:04.221 [FXGL Background Thread 1 ] DEBUG FXGL.DefaultMenu     - createMenuBodyGameMenu()
13:55:04.223 [FXGL Background Thread 1 ] DEBUG FXGL.DefaultMenu     - createOptionsMenu()
13:55:04.231 [FXGL Background Thread 1 ] DEBUG GameApplicationServi - Application scenes initialized
13:55:04.240 [FXGL Background Thread 1 ] DEBUG SystemBundleService  - Loading FXGL system data
13:55:04.243 [FXGL Background Thread 1 ] DEBUG FileSystemAccess     - Reading from: C:\Users\MatteoLombardi\IdeaProjects\GiocoClasseQuarta\system\fxgl.bundle
13:55:04.249 [FXGL Background Thread 1 ] DEBUG SystemBundleService  - Bundle FXGL: {}
13:55:04.249 [FXGL Background Thread 1 ] DEBUG UpdaterService       - Checking for updates
13:55:04.252 [FXGL Background Thread 4 ] DEBUG FXGLApplication      - Loading fonts
13:55:04.253 [FXGL Background Thread 1 ] DEBUG FXGLApplication      - Loading default localization
13:55:04.253 [FXGL Background Thread 4 ] DEBUG FXGLAssetLoaderServi - Loading from file system: jar:file:///C:/Users/MatteoLombardi/.m2/repository/com/github/almasb/fxgl/17.3/fxgl-17.3.jar!/fxglassets/ui/fonts/VarelaRound-Regular.ttf
13:55:04.253 [FXGL Background Thread 1 ] DEBUG FXGLAssetLoaderServi - Loading from file system: jar:file:///C:/Users/MatteoLombardi/.m2/repository/com/github/almasb/fxgl/17.3/fxgl-17.3.jar!/fxglassets/languages/english.lang
13:55:04.271 [FXGL Background Thread 1 ] INFO  FXGLApplication      - FXGL initialization took: 0.602 sec
13:55:04.278 [FXGL Background Thread 4 ] DEBUG FXGLAssetLoaderServi - Loading from file system: jar:file:///C:/Users/MatteoLombardi/.m2/repository/com/github/almasb/fxgl/17.3/fxgl-17.3.jar!/fxglassets/ui/fonts/Abel-Regular.ttf
13:55:04.278 [JavaFX Application Thread] DEBUG Input                - Registered new binding: Move Right - D
13:55:04.279 [JavaFX Application Thread] DEBUG Input                - Registered new binding: Move Left - A
13:55:04.279 [JavaFX Application Thread] DEBUG Input                - Registered new binding: Move Up - W
13:55:04.279 [JavaFX Application Thread] DEBUG Input                - Registered new binding: Move Down - S
13:55:04.279 [JavaFX Application Thread] DEBUG FXGLAssetLoaderServi - Loading from file system: jar:file:///C:/Users/MatteoLombardi/.m2/repository/com/github/almasb/fxgl/17.3/fxgl-17.3.jar!/fxglassets/textures/fxgl_icon.png
13:55:04.285 [FXGL Background Thread 4 ] DEBUG FXGLAssetLoaderServi - Loading from file system: jar:file:///C:/Users/MatteoLombardi/.m2/repository/com/github/almasb/fxgl/17.3/fxgl-17.3.jar!/fxglassets/ui/fonts/TerminalLandMono-Regular.otf
13:55:04.289 [JavaFX Application Thread] DEBUG FXGLAssetLoaderServi - Loading from file system: jar:file:///C:/Users/MatteoLombardi/.m2/repository/com/github/almasb/fxgl/17.3/fxgl-17.3.jar!/fxglassets/textures/fxgl_default_cursor.png
13:55:04.290 [JavaFX Application Thread] DEBUG Input                - Registered new binding: Screenshot - CTRL+8
13:55:04.291 [JavaFX Application Thread] DEBUG Input                - Registered new binding: System info dump - CTRL+9
13:55:04.291 [JavaFX Application Thread] DEBUG Input                - Registered new binding: Restart - CTRL+R
13:55:04.292 [FXGL Background Thread 4 ] DEBUG FXGLAssetLoaderServi - Loading from file system: jar:file:///C:/Users/MatteoLombardi/.m2/repository/com/github/almasb/fxgl/17.3/fxgl-17.3.jar!/fxglassets/ui/fonts/Courier-Prime.ttf
13:55:04.293 [JavaFX Application Thread] DEBUG Input                - Registered new binding: Toggle Debug Camera - CTRL+7
13:55:04.295 [JavaFX Application Thread] DEBUG LoopRunner           - Starting loop
13:55:04.295 [JavaFX Application Thread] DEBUG LoopRunner           - Initializing JavaFX AnimationTimerLoop
13:55:04.325 [JavaFX Application Thread] DEBUG Input                - Clearing active input actions
13:55:04.331 [JavaFX Application Thread] DEBUG GameApplicationServi - Removing overlay from FXGLStartupScene and adding to FXGLIntroScene
13:55:04.332 [JavaFX Application Thread] DEBUG PrimaryStageWindow   - FXGLStartupScene -> FXGLIntroScene
13:55:04.332 [JavaFX Application Thread] DEBUG FXGLApplication      - Registering font factories with UI factory
13:55:04.705 [FXGL Background Thread 2 ] INFO  UpdaterService       - Your current version:  17.3
13:55:04.706 [FXGL Background Thread 2 ] INFO  UpdaterService       - Latest stable version: 21.1
13:55:07.252 [FXGL Background Thread 3 ] DEBUG Engine               - Logging environment variables
13:55:07.254 [FXGL Background Thread 3 ] DEBUG Engine               - achievements: []
13:55:07.254 [FXGL Background Thread 3 ] DEBUG Engine               - actualHeight: 720.0
13:55:07.254 [FXGL Background Thread 3 ] DEBUG Engine               - actualHeightProperty: ReadOnlyDoubleProperty [value: 720.0]
13:55:07.255 [FXGL Background Thread 3 ] DEBUG Engine               - actualWidth: 1000.0
13:55:07.255 [FXGL Background Thread 3 ] DEBUG Engine               - actualWidthProperty: ReadOnlyDoubleProperty [value: 1000.0]
13:55:07.255 [FXGL Background Thread 3 ] DEBUG Engine               - appIcon: fxgl_icon.png
13:55:07.255 [FXGL Background Thread 3 ] DEBUG Engine               - applicationMode: DEVELOPER
13:55:07.256 [FXGL Background Thread 3 ] DEBUG Engine               - cSSList: [fxgl_dark.css]
13:55:07.256 [FXGL Background Thread 3 ] DEBUG Engine               - collisionDetectionStrategy: BRUTE_FORCE
13:55:07.256 [FXGL Background Thread 3 ] DEBUG Engine               - configClass: Optional.empty
13:55:07.256 [FXGL Background Thread 3 ] DEBUG Engine               - credits: []
13:55:07.256 [FXGL Background Thread 3 ] DEBUG Engine               - defaultCursor: CursorInfo(imageName=fxgl_default_cursor.png, hotspotX=7.0, hotspotY=6.0)
13:55:07.257 [FXGL Background Thread 3 ] DEBUG Engine               - devBBoxColorProperty: ObjectProperty [value: 0xff0000ff]
13:55:07.257 [FXGL Background Thread 3 ] DEBUG Engine               - devEnableDebugCameraProperty: BooleanProperty [value: false]
13:55:07.257 [FXGL Background Thread 3 ] DEBUG Engine               - devSensorColorProperty: ObjectProperty [value: 0xffff00ff]
13:55:07.257 [FXGL Background Thread 3 ] DEBUG Engine               - devShowBBoxProperty: BooleanProperty [value: false]
13:55:07.257 [FXGL Background Thread 3 ] DEBUG Engine               - devShowPositionProperty: BooleanProperty [value: false]
13:55:07.257 [FXGL Background Thread 3 ] DEBUG Engine               - enabledMenuItems: []
13:55:07.257 [FXGL Background Thread 3 ] DEBUG Engine               - engineServices: [class com.almasb.fxgl.app.services.FXGLAssetLoaderService, class com.almasb.fxgl.app.FXGLApplication$GameApplicationService, class com.almasb.fxgl.app.services.FXGLDialogService, class com.almasb.fxgl.app.services.IOTaskExecutorService, class com.almasb.fxgl.io.FileSystemService, class com.almasb.fxgl.localization.LocalizationService, class com.almasb.fxgl.app.services.SystemBundleService, class com.almasb.fxgl.profile.SaveLoadService, class com.almasb.fxgl.ui.FXGLUIFactoryServiceProvider, class com.almasb.fxgl.ui.FXGLDialogFactoryServiceProvider, class com.almasb.fxgl.audio.AudioPlayer, class com.almasb.fxgl.notification.impl.NotificationServiceProvider, class com.almasb.fxgl.achievement.AchievementService, class com.almasb.fxgl.cutscene.CutsceneService, class com.almasb.fxgl.minigames.MiniGameService, class com.almasb.fxgl.net.NetService, class com.almasb.fxgl.app.services.UpdaterService, class com.almasb.fxgl.dev.DevService]
13:55:07.257 [FXGL Background Thread 3 ] DEBUG Engine               - fontGame: Abel-Regular.ttf
13:55:07.257 [FXGL Background Thread 3 ] DEBUG Engine               - fontMono: TerminalLandMono-Regular.otf
13:55:07.257 [FXGL Background Thread 3 ] DEBUG Engine               - fontSizeScaleUI: 1.0
13:55:07.257 [FXGL Background Thread 3 ] DEBUG Engine               - fontText: Courier-Prime.ttf
13:55:07.257 [FXGL Background Thread 3 ] DEBUG Engine               - fontUI: VarelaRound-Regular.ttf
13:55:07.257 [FXGL Background Thread 3 ] DEBUG Engine               - fullScreen: BooleanProperty [value: false]
13:55:07.257 [FXGL Background Thread 3 ] DEBUG Engine               - gameDifficulty: MEDIUM
13:55:07.257 [FXGL Background Thread 3 ] DEBUG Engine               - gameDifficultyProperty: ObjectProperty [value: MEDIUM]
13:55:07.257 [FXGL Background Thread 3 ] DEBUG Engine               - globalMusicVolume: 0.5
13:55:07.257 [FXGL Background Thread 3 ] DEBUG Engine               - globalMusicVolumeProperty: DoubleProperty [value: 0.5]
13:55:07.257 [FXGL Background Thread 3 ] DEBUG Engine               - globalSoundVolume: 0.5
13:55:07.257 [FXGL Background Thread 3 ] DEBUG Engine               - globalSoundVolumeProperty: DoubleProperty [value: 0.5]
13:55:07.258 [FXGL Background Thread 3 ] DEBUG Engine               - height: 720
13:55:07.258 [FXGL Background Thread 3 ] DEBUG Engine               - is3D: false
13:55:07.258 [FXGL Background Thread 3 ] DEBUG Engine               - isAndroid: false
13:55:07.258 [FXGL Background Thread 3 ] DEBUG Engine               - isBrowser: false
13:55:07.258 [FXGL Background Thread 3 ] DEBUG Engine               - isClickFeedbackEnabled: false
13:55:07.258 [FXGL Background Thread 3 ] DEBUG Engine               - isCloseConfirmation: false
13:55:07.258 [FXGL Background Thread 3 ] DEBUG Engine               - isDesktop: true
13:55:07.258 [FXGL Background Thread 3 ] DEBUG Engine               - isDeveloperMenuEnabled: false
13:55:07.258 [FXGL Background Thread 3 ] DEBUG Engine               - isEmbedded: false
13:55:07.258 [FXGL Background Thread 3 ] DEBUG Engine               - isEntityPreloadEnabled: true
13:55:07.258 [FXGL Background Thread 3 ] DEBUG Engine               - isExperimentalTiledLargeMap: false
13:55:07.258 [FXGL Background Thread 3 ] DEBUG Engine               - isFileSystemWriteAllowed: true
13:55:07.258 [FXGL Background Thread 3 ] DEBUG Engine               - isFullScreenAllowed: false
13:55:07.258 [FXGL Background Thread 3 ] DEBUG Engine               - isFullScreenFromStart: false
13:55:07.258 [FXGL Background Thread 3 ] DEBUG Engine               - isGameMenuEnabled: true
13:55:07.258 [FXGL Background Thread 3 ] DEBUG Engine               - isIOS: false
13:55:07.258 [FXGL Background Thread 3 ] DEBUG Engine               - isIntroEnabled: true
13:55:07.258 [FXGL Background Thread 3 ] DEBUG Engine               - isLinux: false
13:55:07.258 [FXGL Background Thread 3 ] DEBUG Engine               - isMac: false
13:55:07.258 [FXGL Background Thread 3 ] DEBUG Engine               - isMainMenuEnabled: true
13:55:07.258 [FXGL Background Thread 3 ] DEBUG Engine               - isManualResizeEnabled: false
13:55:07.258 [FXGL Background Thread 3 ] DEBUG Engine               - isMobile: false
13:55:07.258 [FXGL Background Thread 3 ] DEBUG Engine               - isNative: false
13:55:07.259 [FXGL Background Thread 3 ] DEBUG Engine               - isPauseMusicWhenMinimized: true
13:55:07.259 [FXGL Background Thread 3 ] DEBUG Engine               - isPreserveResizeRatio: false
13:55:07.259 [FXGL Background Thread 3 ] DEBUG Engine               - isProfilingEnabled: false
13:55:07.259 [FXGL Background Thread 3 ] DEBUG Engine               - isScaleAffectedOnResize: true
13:55:07.259 [FXGL Background Thread 3 ] DEBUG Engine               - isSingleStep: false
13:55:07.259 [FXGL Background Thread 3 ] DEBUG Engine               - isUserProfileEnabled: false
13:55:07.259 [FXGL Background Thread 3 ] DEBUG Engine               - isWindows: true
13:55:07.259 [FXGL Background Thread 3 ] DEBUG Engine               - language: ObjectProperty [value: ENGLISH]
13:55:07.259 [FXGL Background Thread 3 ] DEBUG Engine               - menuKey: ESCAPE
13:55:07.259 [FXGL Background Thread 3 ] DEBUG Engine               - mouseSensitivity: 0.2
13:55:07.259 [FXGL Background Thread 3 ] DEBUG Engine               - notificationViewClass: class com.almasb.fxgl.notification.view.XboxNotificationView
13:55:07.259 [FXGL Background Thread 3 ] DEBUG Engine               - pixelsPerMeter: 50.0
13:55:07.259 [FXGL Background Thread 3 ] DEBUG Engine               - platform: WINDOWS
13:55:07.259 [FXGL Background Thread 3 ] DEBUG Engine               - prefHeightProperty: ReadOnlyDoubleProperty [value: 720.0]
13:55:07.259 [FXGL Background Thread 3 ] DEBUG Engine               - prefWidthProperty: ReadOnlyDoubleProperty [value: 1000.0]
13:55:07.259 [FXGL Background Thread 3 ] DEBUG Engine               - profileDir: profiles/
13:55:07.259 [FXGL Background Thread 3 ] DEBUG Engine               - profileName: StringProperty [value: DEFAULT]
13:55:07.259 [FXGL Background Thread 3 ] DEBUG Engine               - randomSeed: -1
13:55:07.259 [FXGL Background Thread 3 ] DEBUG Engine               - runtimeInfo: RuntimeInfo(platform=WINDOWS, version=17.3, build=30.03.2023 11.49)
13:55:07.260 [FXGL Background Thread 3 ] DEBUG Engine               - saveFileExt: sav
13:55:07.260 [FXGL Background Thread 3 ] DEBUG Engine               - scaledHeightProp$fxgl: DoubleProperty [bound, value: 720.0]
13:55:07.260 [FXGL Background Thread 3 ] DEBUG Engine               - scaledWidthProp$fxgl: DoubleProperty [bound, value: 1000.0]
13:55:07.260 [FXGL Background Thread 3 ] DEBUG Engine               - sceneFactory: com.game.pokemon.FabbricaScene@55632b9f
13:55:07.260 [FXGL Background Thread 3 ] DEBUG Engine               - secondsIn24h: 60
13:55:07.260 [FXGL Background Thread 3 ] DEBUG Engine               - soundMenuBack: menu/back.wav
13:55:07.260 [FXGL Background Thread 3 ] DEBUG Engine               - soundMenuPress: menu/press.wav
13:55:07.260 [FXGL Background Thread 3 ] DEBUG Engine               - soundMenuSelect: menu/select.wav
13:55:07.260 [FXGL Background Thread 3 ] DEBUG Engine               - soundNotification: core/notification.wav
13:55:07.260 [FXGL Background Thread 3 ] DEBUG Engine               - stageStyle: DECORATED
13:55:07.260 [FXGL Background Thread 3 ] DEBUG Engine               - supportedLanguages: [ENGLISH, FRENCH, GERMAN, HUNGARIAN, RUSSIAN]
13:55:07.260 [FXGL Background Thread 3 ] DEBUG Engine               - ticksPerSecond: -1
13:55:07.260 [FXGL Background Thread 3 ] DEBUG Engine               - title: Pokemon boh
13:55:07.260 [FXGL Background Thread 3 ] DEBUG Engine               - urlGithub: https://github.com/AlmasB/FXGL
13:55:07.260 [FXGL Background Thread 3 ] DEBUG Engine               - urlLeaderboard: http://fxgl-top.herokuapp.com/
13:55:07.260 [FXGL Background Thread 3 ] DEBUG Engine               - urlPOM: https://raw.githubusercontent.com/AlmasB/FXGL/release/README.md
13:55:07.260 [FXGL Background Thread 3 ] DEBUG Engine               - userAppClass: class com.game.pokemon.PokemonApplication
13:55:07.260 [FXGL Background Thread 3 ] DEBUG Engine               - version: 0.1
13:55:07.260 [FXGL Background Thread 3 ] DEBUG Engine               - versionCheckDays: 7
13:55:07.260 [FXGL Background Thread 3 ] DEBUG Engine               - width: 1000
13:55:07.260 [FXGL Background Thread 3 ] DEBUG Engine               - Logging services
13:55:07.260 [FXGL Background Thread 3 ] DEBUG Engine               - class com.almasb.fxgl.app.services.FXGLAssetLoaderService
13:55:07.260 [FXGL Background Thread 3 ] DEBUG Engine               - class com.almasb.fxgl.app.FXGLApplication$GameApplicationService
13:55:07.260 [FXGL Background Thread 3 ] DEBUG Engine               - class com.almasb.fxgl.app.services.FXGLDialogService
13:55:07.260 [FXGL Background Thread 3 ] DEBUG Engine               - class com.almasb.fxgl.app.services.IOTaskExecutorService
13:55:07.261 [FXGL Background Thread 3 ] DEBUG Engine               - class com.almasb.fxgl.io.FileSystemService
13:55:07.261 [FXGL Background Thread 3 ] DEBUG Engine               - class com.almasb.fxgl.localization.LocalizationService
13:55:07.261 [FXGL Background Thread 3 ] DEBUG Engine               - class com.almasb.fxgl.app.services.SystemBundleService
13:55:07.261 [FXGL Background Thread 3 ] DEBUG Engine               - class com.almasb.fxgl.profile.SaveLoadService
13:55:07.261 [FXGL Background Thread 3 ] DEBUG Engine               - class com.almasb.fxgl.ui.FXGLUIFactoryServiceProvider
13:55:07.261 [FXGL Background Thread 3 ] DEBUG Engine               - class com.almasb.fxgl.ui.FXGLDialogFactoryServiceProvider
13:55:07.261 [FXGL Background Thread 3 ] DEBUG Engine               - class com.almasb.fxgl.audio.AudioPlayer
13:55:07.261 [FXGL Background Thread 3 ] DEBUG Engine               - class com.almasb.fxgl.notification.impl.NotificationServiceProvider
13:55:07.261 [FXGL Background Thread 3 ] DEBUG Engine               - class com.almasb.fxgl.achievement.AchievementService
13:55:07.261 [FXGL Background Thread 3 ] DEBUG Engine               - class com.almasb.fxgl.cutscene.CutsceneService
13:55:07.261 [FXGL Background Thread 3 ] DEBUG Engine               - class com.almasb.fxgl.minigames.MiniGameService
13:55:07.261 [FXGL Background Thread 3 ] DEBUG Engine               - class com.almasb.fxgl.net.NetService
13:55:07.261 [FXGL Background Thread 3 ] DEBUG Engine               - class com.almasb.fxgl.app.services.UpdaterService
13:55:07.261 [FXGL Background Thread 3 ] DEBUG Engine               - class com.almasb.fxgl.dev.DevService
13:55:12.262 [JavaFX Application Thread] DEBUG Input                - Clearing active input actions
13:55:12.273 [JavaFX Application Thread] DEBUG GameApplicationServi - Removing overlay from FXGLIntroScene and adding to FXGLMainMenuDummyScene
13:55:12.274 [JavaFX Application Thread] DEBUG PrimaryStageWindow   - FXGLIntroScene -> FXGLMainMenuDummyScene
13:55:12.274 [JavaFX Application Thread] DEBUG PrimaryStageWindow   - Push state: MainMenu
13:55:12.277 [JavaFX Application Thread] DEBUG AudioPlayer          - Playing music com.almasb.fxgl.audio.Music@467e59c1
13:55:12.279 [JavaFX Application Thread] DEBUG Input                - Clearing active input actions
13:55:12.285 [JavaFX Application Thread] DEBUG GameApplicationServi - Removing overlay from FXGLMainMenuDummyScene and adding to MainMenu
13:55:12.286 [JavaFX Application Thread] DEBUG PrimaryStageWindow   - FXGLMainMenuDummyScene -> MainMenu
13:55:13.120 [JavaFX Application Thread] DEBUG Menu                 - fireNewGame()
13:55:13.120 [JavaFX Application Thread] DEBUG GameApplicationServi - Starting new game
13:55:13.120 [JavaFX Application Thread] DEBUG AudioPlayer          - Stopping music com.almasb.fxgl.audio.Music@467e59c1
13:55:13.124 [JavaFX Application Thread] DEBUG PrimaryStageWindow   - Pop state: MainMenu
13:55:13.124 [JavaFX Application Thread] DEBUG Input                - Clearing active input actions
13:55:13.124 [JavaFX Application Thread] DEBUG GameApplicationServi - Removing overlay from MainMenu and adding to FXGLMainMenuDummyScene
13:55:13.125 [JavaFX Application Thread] DEBUG PrimaryStageWindow   - FXGLMainMenuDummyScene <- MainMenu
13:55:13.125 [JavaFX Application Thread] DEBUG Input                - Clearing active input actions
13:55:13.129 [JavaFX Application Thread] DEBUG GameApplicationServi - Removing overlay from FXGLMainMenuDummyScene and adding to FXGLLoadingScene
13:55:13.129 [JavaFX Application Thread] DEBUG PrimaryStageWindow   - FXGLMainMenuDummyScene -> FXGLLoadingScene
13:55:13.129 [JavaFX Application Thread] DEBUG GameApplicationServi - Clearing previous game
13:55:13.129 [JavaFX Application Thread] DEBUG GameScene            - Clearing game scene
13:55:13.129 [JavaFX Application Thread] DEBUG GameWorld            - Clearing game world
13:55:13.129 [JavaFX Application Thread] DEBUG PhysicsWorld         - Clearing physics world
13:55:13.132 [FXGL Background Thread 2 ] DEBUG FXGLApplication      - Initializing game
13:55:13.155 [FXGL Background Thread 2 ] WARN  FXGLAssetLoaderServi - Asset "/assets/levels/livello.tmx" was not found!
13:55:13.162 [JavaFX Application Thread] DEBUG LoopRunner           - Stopping loop
13:55:13.163 [JavaFX Application Thread] FATAL FXGLApplication      - Uncaught Exception:
java.lang.RuntimeException: Initialization failed
	at com.almasb.fxgl.all@17.3/com.almasb.fxgl.app.FXGLApplication$InitAppTask.failed(FXGLApplication.kt:343)
	at javafx.graphics@22-ea/javafx.concurrent.Task.setState(Task.java:710)
	at javafx.graphics@22-ea/javafx.concurrent.Task$TaskCallable.lambda$call$2(Task.java:1429)
	at javafx.graphics@22-ea/com.sun.javafx.application.PlatformImpl.lambda$runLater$10(PlatformImpl.java:456)
	at java.base/java.security.AccessController.doPrivileged(AccessController.java:400)
	at javafx.graphics@22-ea/com.sun.javafx.application.PlatformImpl.lambda$runLater$11(PlatformImpl.java:455)
	at javafx.graphics@22-ea/com.sun.glass.ui.InvokeLaterDispatcher$Future.run(InvokeLaterDispatcher.java:95)
	at javafx.graphics@22-ea/com.sun.glass.ui.win.WinApplication._runLoop(Native Method)
	at javafx.graphics@22-ea/com.sun.glass.ui.win.WinApplication.lambda$runLoop$3(WinApplication.java:185)
	at java.base/java.lang.Thread.run(Thread.java:1570)
Caused by: java.lang.IllegalArgumentException: Loading level failed. Asset not found: livello.tmx
	at com.almasb.fxgl.all@17.3/com.almasb.fxgl.app.services.FXGLAssetLoaderService.loadLevel(FXGLAssetLoaderService.kt:427)
	at com.almasb.fxgl.all@17.3/com.almasb.fxgl.dsl.FXGL$Companion.setLevelFromMap(FXGL.kt:634)
	at com.almasb.fxgl.all@17.3/com.almasb.fxgl.dsl.FXGL.setLevelFromMap(FXGL.kt)
	at com.game.megaman2/com.game.pokemon.PokemonApplication.initGame(PokemonApplication.java:109)
	at com.almasb.fxgl.all@17.3/com.almasb.fxgl.app.FXGLApplication$InitAppTask.initGame(FXGLApplication.kt:339)
	at com.almasb.fxgl.all@17.3/com.almasb.fxgl.app.FXGLApplication$InitAppTask.call(FXGLApplication.kt:319)
	at com.almasb.fxgl.all@17.3/com.almasb.fxgl.app.FXGLApplication$InitAppTask.call(FXGLApplication.kt:311)
	at javafx.graphics@22-ea/javafx.concurrent.Task$TaskCallable.call(Task.java:1399)
	at java.base/java.util.concurrent.FutureTask.run(FutureTask.java:317)
	at java.base/java.util.concurrent.Executors$RunnableAdapter.call(Executors.java:572)
	at java.base/java.util.concurrent.FutureTask.run(FutureTask.java:317)
	at java.base/java.util.concurrent.ThreadPoolExecutor.runWorker(ThreadPoolExecutor.java:1144)
	at java.base/java.util.concurrent.ThreadPoolExecutor$Worker.run(ThreadPoolExecutor.java:642)
	... 1 more

13:55:13.163 [JavaFX Application Thread] FATAL FXGLApplication      - Application will now exit
13:55:13.176 [JavaFX Application Thread] DEBUG PrimaryStageWindow   - Push state: ErrorSubScene
13:55:13.176 [JavaFX Application Thread] DEBUG Input                - Clearing active input actions
13:55:13.177 [JavaFX Application Thread] DEBUG GameApplicationServi - Removing overlay from FXGLLoadingScene and adding to ErrorSubScene
13:55:13.178 [JavaFX Application Thread] DEBUG PrimaryStageWindow   - FXGLLoadingScene -> ErrorSubScene
13:55:24.701 [JavaFX Application Thread] DEBUG FXGLApplication      - Exiting FXGL
13:55:24.701 [JavaFX Application Thread] DEBUG Async                - Shutting down background threads
13:55:24.701 [JavaFX Application Thread] DEBUG PrimaryStageWindow   - Closing main window
13:55:24.710 [JavaFX Application Thread] DEBUG Logger               - Closing Logger
