22:22:04.201 [main                     ] DEBUG Logger               - Configured Logger
22:22:04.228 [main                     ] DEBUG GameApplication      - Logging settings
Title: Megaman
Version: 0.1
Width: 1536
Height: 864
Fullscreen: true
Intro: false
Profiling: false
Single step:false
App Mode: DEVELOPER
Menu Key: ESCAPE
Stage Style: DECORATED
Scene Factory: class com.almasb.fxgl.app.scene.SceneFactory

22:22:04.634 [JavaFX Application Thread] DEBUG FXGLApplication      - Initializing FXGL
22:22:04.641 [JavaFX Application Thread] INFO  Engine               - FXGL-17.3 (30.03.2023 11.49) on WINDOWS (J:22.0.1 FX:22-ea)
22:22:04.641 [JavaFX Application Thread] DEBUG Engine               - JRE Vendor Name: Oracle Corporation
22:22:04.641 [JavaFX Application Thread] DEBUG Engine               - Running on OS: Windows 11 version 10.0
22:22:04.642 [JavaFX Application Thread] DEBUG Engine               - Architecture: amd64
22:22:04.642 [JavaFX Application Thread] INFO  Engine               - Source code and latest versions at: https://github.com/AlmasB/FXGL
22:22:04.642 [JavaFX Application Thread] INFO  Engine               -       Ask questions and discuss at: https://github.com/AlmasB/FXGL/discussions
22:22:04.642 [JavaFX Application Thread] INFO  Engine               -              Join the FXGL chat at: https://gitter.im/AlmasB/FXGL
22:22:04.757 [JavaFX Application Thread] DEBUG PrimaryStageWindow   - Creating a JavaFX scene
22:22:04.817 [JavaFX Application Thread] DEBUG PrimaryStageWindow   - Target settings size: 1536.0 x 864.0
22:22:04.819 [JavaFX Application Thread] DEBUG PrimaryStageWindow   - Scaled scene size:    1536.0 x 864.0
22:22:04.819 [JavaFX Application Thread] DEBUG PrimaryStageWindow   - Scaled ratio: (1.0, 1.0)
22:22:04.820 [JavaFX Application Thread] DEBUG PrimaryStageWindow   - Set initial scene to FXGLStartupScene
22:22:04.826 [JavaFX Application Thread] DEBUG PrimaryStageWindow   - Opening main window
22:22:04.929 [JavaFX Application Thread] DEBUG PrimaryStageWindow   - Window border size: (14.4000244140625, 37.5999755859375)
22:22:04.929 [JavaFX Application Thread] DEBUG PrimaryStageWindow   - Scaled size: 1536.0 x 864.0
22:22:04.930 [JavaFX Application Thread] DEBUG PrimaryStageWindow   - Scaled ratio: (1.0, 1.0)
22:22:04.930 [JavaFX Application Thread] DEBUG PrimaryStageWindow   - Scene size: 1536.0 x 864.0
22:22:04.931 [JavaFX Application Thread] DEBUG PrimaryStageWindow   - Stage size: 1550.4000244140625 x 901.5999755859375
22:22:05.010 [JavaFX Application Thread] DEBUG PrimaryStageWindow   - Going fullscreen
22:22:05.021 [FXGL Background Thread 1 ] DEBUG Engine               - Initializing environment variables
22:22:05.092 [FXGL Background Thread 1 ] DEBUG FXGLAssetLoaderServi - User app class for loading assets: class com.game.megaman2.MegamanApplication
22:22:05.092 [FXGL Background Thread 1 ] DEBUG GameApplicationServi - Applying CSS: fxgl_dark.css
22:22:05.093 [FXGL Background Thread 1 ] DEBUG FXGLAssetLoaderServi - Loading from file system: jar:file:///C:/Users/enric/.m2/repository/com/github/almasb/fxgl/17.3/fxgl-17.3.jar!/fxglassets/ui/css/fxgl_dark.css
22:22:05.159 [FXGL Background Thread 1 ] DEBUG GameApplicationServi - Initializing application scenes
22:22:05.203 [FXGL Background Thread 1 ] DEBUG GameWorld            - Game world initialized
22:22:05.286 [FXGL Background Thread 1 ] DEBUG PhysicsWorld         - Physics world initialized: appHeight=864, physics.ppm=50,0
22:22:05.287 [FXGL Background Thread 1 ] DEBUG PhysicsWorld         - Using strategy: BRUTE_FORCE
22:22:05.291 [FXGL Background Thread 1 ] DEBUG GameScene            - Game scene initialized: 1536x864
22:22:05.309 [FXGL Background Thread 1 ] DEBUG FXGL.DefaultMenu     - createMenuBodyGameMenu()
22:22:05.329 [FXGL Background Thread 1 ] DEBUG FXGL.DefaultMenu     - createOptionsMenu()
22:22:05.345 [FXGL Background Thread 1 ] DEBUG FXGLAssetLoaderServi - Loading from file system: jar:file:///C:/Users/enric/.m2/repository/com/github/almasb/fxgl/17.3/fxgl-17.3.jar!/fxglassets/textures/particles/smoke.png
22:22:05.461 [FXGL Background Thread 1 ] DEBUG FXGLAssetLoaderServi - Loading from file system: jar:file:///C:/Users/enric/.m2/repository/com/github/almasb/fxgl/17.3/fxgl-17.3.jar!/fxglassets/textures/particles/trace_horizontal.png
22:22:05.496 [FXGL Background Thread 1 ] DEBUG GameApplicationServi - Application scenes initialized
22:22:05.517 [FXGL Background Thread 1 ] DEBUG SystemBundleService  - Loading FXGL system data
22:22:05.522 [FXGL Background Thread 1 ] DEBUG FileSystemAccess     - Reading from: C:\Users\enric\Desktop\robe mie\Fermi\triennio\Informatica\Intellij\GiocoClasseQuarta\system\fxgl.bundle
22:22:05.532 [FXGL Background Thread 1 ] DEBUG SystemBundleService  - Bundle FXGL: {}
22:22:05.532 [FXGL Background Thread 1 ] DEBUG UpdaterService       - Checking for updates
22:22:05.539 [FXGL Background Thread 4 ] DEBUG FXGLApplication      - Loading fonts
22:22:05.539 [FXGL Background Thread 4 ] DEBUG FXGLAssetLoaderServi - Loading from file system: jar:file:///C:/Users/enric/.m2/repository/com/github/almasb/fxgl/17.3/fxgl-17.3.jar!/fxglassets/ui/fonts/VarelaRound-Regular.ttf
22:22:05.540 [FXGL Background Thread 1 ] DEBUG FXGLApplication      - Loading default localization
22:22:05.541 [FXGL Background Thread 1 ] DEBUG FXGLAssetLoaderServi - Loading from file system: jar:file:///C:/Users/enric/.m2/repository/com/github/almasb/fxgl/17.3/fxgl-17.3.jar!/fxglassets/languages/english.lang
22:22:05.563 [FXGL Background Thread 1 ] INFO  FXGLApplication      - FXGL initialization took: 0,542 sec
22:22:05.579 [JavaFX Application Thread] DEBUG Input                - Registered new binding: Move Right - D
22:22:05.579 [JavaFX Application Thread] DEBUG Input                - Registered new binding: Move Left - A
22:22:05.581 [JavaFX Application Thread] DEBUG Input                - Registered new binding: Jump - Space
22:22:05.581 [JavaFX Application Thread] DEBUG FXGLAssetLoaderServi - Loading from file system: jar:file:///C:/Users/enric/.m2/repository/com/github/almasb/fxgl/17.3/fxgl-17.3.jar!/fxglassets/textures/fxgl_icon.png
22:22:05.593 [FXGL Background Thread 4 ] DEBUG FXGLAssetLoaderServi - Loading from file system: jar:file:///C:/Users/enric/.m2/repository/com/github/almasb/fxgl/17.3/fxgl-17.3.jar!/fxglassets/ui/fonts/Abel-Regular.ttf
22:22:05.600 [JavaFX Application Thread] DEBUG FXGLAssetLoaderServi - Loading from file system: jar:file:///C:/Users/enric/.m2/repository/com/github/almasb/fxgl/17.3/fxgl-17.3.jar!/fxglassets/textures/fxgl_default_cursor.png
22:22:05.603 [JavaFX Application Thread] DEBUG Input                - Registered new binding: Screenshot - CTRL+8
22:22:05.603 [JavaFX Application Thread] DEBUG Input                - Registered new binding: System info dump - CTRL+9
22:22:05.604 [JavaFX Application Thread] DEBUG Input                - Registered new binding: Restart - CTRL+R
22:22:05.604 [FXGL Background Thread 4 ] DEBUG FXGLAssetLoaderServi - Loading from file system: jar:file:///C:/Users/enric/.m2/repository/com/github/almasb/fxgl/17.3/fxgl-17.3.jar!/fxglassets/ui/fonts/TerminalLandMono-Regular.otf
22:22:05.605 [JavaFX Application Thread] DEBUG Input                - Registered new binding: Toggle Debug Camera - CTRL+7
22:22:05.608 [JavaFX Application Thread] DEBUG LoopRunner           - Starting loop
22:22:05.608 [JavaFX Application Thread] DEBUG LoopRunner           - Initializing JavaFX AnimationTimerLoop
22:22:05.610 [JavaFX Application Thread] DEBUG GameApplicationServi - Starting new game
22:22:05.612 [JavaFX Application Thread] DEBUG Input                - Clearing active input actions
22:22:05.615 [FXGL Background Thread 4 ] DEBUG FXGLAssetLoaderServi - Loading from file system: jar:file:///C:/Users/enric/.m2/repository/com/github/almasb/fxgl/17.3/fxgl-17.3.jar!/fxglassets/ui/fonts/Courier-Prime.ttf
22:22:05.623 [JavaFX Application Thread] DEBUG GameApplicationServi - Removing overlay from FXGLStartupScene and adding to FXGLLoadingScene
22:22:05.624 [JavaFX Application Thread] DEBUG PrimaryStageWindow   - FXGLStartupScene -> FXGLLoadingScene
22:22:05.625 [JavaFX Application Thread] DEBUG GameApplicationServi - Clearing previous game
22:22:05.625 [JavaFX Application Thread] DEBUG GameScene            - Clearing game scene
22:22:05.625 [JavaFX Application Thread] DEBUG GameWorld            - Clearing game world
22:22:05.625 [JavaFX Application Thread] DEBUG PhysicsWorld         - Clearing physics world
22:22:05.627 [FXGL Background Thread 1 ] DEBUG FXGLApplication      - Initializing game
22:22:05.629 [FXGL Background Thread 1 ] DEBUG FXGLAssetLoaderServi - Loading from file system: file:/C:/Users/enric/Desktop/robe%20mie/Fermi/triennio/Informatica/Intellij/GiocoClasseQuarta/target/classes/assets/textures/spawn8.png
22:22:05.682 [FXGL Background Thread 1 ] DEBUG FXGLAssetLoaderServi - Loading from file system: file:/C:/Users/enric/Desktop/robe%20mie/Fermi/triennio/Informatica/Intellij/GiocoClasseQuarta/target/classes/assets/textures/corsa/corsa1.png
22:22:05.683 [FXGL Background Thread 1 ] DEBUG FXGLAssetLoaderServi - Loading from file system: file:/C:/Users/enric/Desktop/robe%20mie/Fermi/triennio/Informatica/Intellij/GiocoClasseQuarta/target/classes/assets/textures/corsa/corsa2.png
22:22:05.685 [FXGL Background Thread 1 ] DEBUG FXGLAssetLoaderServi - Loading from file system: file:/C:/Users/enric/Desktop/robe%20mie/Fermi/triennio/Informatica/Intellij/GiocoClasseQuarta/target/classes/assets/textures/corsa/corsa3.png
22:22:05.687 [FXGL Background Thread 1 ] DEBUG FXGLAssetLoaderServi - Loading from file system: file:/C:/Users/enric/Desktop/robe%20mie/Fermi/triennio/Informatica/Intellij/GiocoClasseQuarta/target/classes/assets/textures/corsa/corsa4.png
22:22:05.689 [FXGL Background Thread 1 ] DEBUG FXGLAssetLoaderServi - Loading from file system: file:/C:/Users/enric/Desktop/robe%20mie/Fermi/triennio/Informatica/Intellij/GiocoClasseQuarta/target/classes/assets/textures/corsa/corsa5.png
22:22:05.691 [FXGL Background Thread 1 ] DEBUG FXGLAssetLoaderServi - Loading from file system: file:/C:/Users/enric/Desktop/robe%20mie/Fermi/triennio/Informatica/Intellij/GiocoClasseQuarta/target/classes/assets/textures/corsa/corsa6.png
22:22:05.691 [JavaFX Application Thread] DEBUG FXGLApplication      - Registering font factories with UI factory
22:22:05.692 [FXGL Background Thread 1 ] DEBUG FXGLAssetLoaderServi - Loading from file system: file:/C:/Users/enric/Desktop/robe%20mie/Fermi/triennio/Informatica/Intellij/GiocoClasseQuarta/target/classes/assets/textures/corsa/corsa7.png
22:22:05.694 [FXGL Background Thread 1 ] DEBUG FXGLAssetLoaderServi - Loading from file system: file:/C:/Users/enric/Desktop/robe%20mie/Fermi/triennio/Informatica/Intellij/GiocoClasseQuarta/target/classes/assets/textures/corsa/corsa8.png
22:22:05.696 [FXGL Background Thread 1 ] DEBUG FXGLAssetLoaderServi - Loading from file system: file:/C:/Users/enric/Desktop/robe%20mie/Fermi/triennio/Informatica/Intellij/GiocoClasseQuarta/target/classes/assets/textures/corsa/corsa9.png
22:22:05.697 [FXGL Background Thread 1 ] DEBUG FXGLAssetLoaderServi - Loading from file system: file:/C:/Users/enric/Desktop/robe%20mie/Fermi/triennio/Informatica/Intellij/GiocoClasseQuarta/target/classes/assets/textures/corsa/corsa10.png
22:22:05.698 [FXGL Background Thread 1 ] DEBUG FXGLAssetLoaderServi - Loading from file system: file:/C:/Users/enric/Desktop/robe%20mie/Fermi/triennio/Informatica/Intellij/GiocoClasseQuarta/target/classes/assets/textures/corsa/corsa11.png
22:22:05.704 [FXGL Background Thread 1 ] DEBUG FXGLAssetLoaderServi - Loading from file system: file:/C:/Users/enric/Desktop/robe%20mie/Fermi/triennio/Informatica/Intellij/GiocoClasseQuarta/target/classes/assets/textures/sfondo1.jpg
22:22:05.740 [FXGL Background Thread 1 ] INFO  FXGLApplication      - Game initialization took: 0,113 sec
22:22:05.761 [JavaFX Application Thread] DEBUG Input                - Clearing active input actions
22:22:05.778 [JavaFX Application Thread] DEBUG GameApplicationServi - Removing overlay from FXGLLoadingScene and adding to GameScene
22:22:05.779 [JavaFX Application Thread] DEBUG PrimaryStageWindow   - FXGLLoadingScene -> GameScene
22:22:06.107 [FXGL Background Thread 2 ] INFO  UpdaterService       - Your current version:  17.3
22:22:06.107 [FXGL Background Thread 2 ] INFO  UpdaterService       - Latest stable version: 21.1
22:22:08.539 [FXGL Background Thread 3 ] DEBUG Engine               - Logging environment variables
22:22:08.540 [FXGL Background Thread 3 ] DEBUG Engine               - achievements: []
22:22:08.540 [FXGL Background Thread 3 ] DEBUG Engine               - actualHeight: 864.0
22:22:08.540 [FXGL Background Thread 3 ] DEBUG Engine               - actualHeightProperty: ReadOnlyDoubleProperty [value: 864.0]
22:22:08.540 [FXGL Background Thread 3 ] DEBUG Engine               - actualWidth: 1536.0
22:22:08.540 [FXGL Background Thread 3 ] DEBUG Engine               - actualWidthProperty: ReadOnlyDoubleProperty [value: 1536.0]
22:22:08.540 [FXGL Background Thread 3 ] DEBUG Engine               - appIcon: fxgl_icon.png
22:22:08.540 [FXGL Background Thread 3 ] DEBUG Engine               - applicationMode: DEVELOPER
22:22:08.540 [FXGL Background Thread 3 ] DEBUG Engine               - cSSList: [fxgl_dark.css]
22:22:08.540 [FXGL Background Thread 3 ] DEBUG Engine               - collisionDetectionStrategy: BRUTE_FORCE
22:22:08.540 [FXGL Background Thread 3 ] DEBUG Engine               - configClass: Optional.empty
22:22:08.541 [FXGL Background Thread 3 ] DEBUG Engine               - credits: []
22:22:08.541 [FXGL Background Thread 3 ] DEBUG Engine               - defaultCursor: CursorInfo(imageName=fxgl_default_cursor.png, hotspotX=7.0, hotspotY=6.0)
22:22:08.542 [FXGL Background Thread 3 ] DEBUG Engine               - devBBoxColorProperty: ObjectProperty [value: 0xff0000ff]
22:22:08.542 [FXGL Background Thread 3 ] DEBUG Engine               - devEnableDebugCameraProperty: BooleanProperty [value: false]
22:22:08.542 [FXGL Background Thread 3 ] DEBUG Engine               - devSensorColorProperty: ObjectProperty [value: 0xffff00ff]
22:22:08.542 [FXGL Background Thread 3 ] DEBUG Engine               - devShowBBoxProperty: BooleanProperty [value: false]
22:22:08.542 [FXGL Background Thread 3 ] DEBUG Engine               - devShowPositionProperty: BooleanProperty [value: false]
22:22:08.542 [FXGL Background Thread 3 ] DEBUG Engine               - enabledMenuItems: []
22:22:08.542 [FXGL Background Thread 3 ] DEBUG Engine               - engineServices: [class com.almasb.fxgl.app.services.FXGLAssetLoaderService, class com.almasb.fxgl.app.FXGLApplication$GameApplicationService, class com.almasb.fxgl.app.services.FXGLDialogService, class com.almasb.fxgl.app.services.IOTaskExecutorService, class com.almasb.fxgl.io.FileSystemService, class com.almasb.fxgl.localization.LocalizationService, class com.almasb.fxgl.app.services.SystemBundleService, class com.almasb.fxgl.profile.SaveLoadService, class com.almasb.fxgl.ui.FXGLUIFactoryServiceProvider, class com.almasb.fxgl.ui.FXGLDialogFactoryServiceProvider, class com.almasb.fxgl.audio.AudioPlayer, class com.almasb.fxgl.notification.impl.NotificationServiceProvider, class com.almasb.fxgl.achievement.AchievementService, class com.almasb.fxgl.cutscene.CutsceneService, class com.almasb.fxgl.minigames.MiniGameService, class com.almasb.fxgl.net.NetService, class com.almasb.fxgl.app.services.UpdaterService, class com.almasb.fxgl.dev.DevService]
22:22:08.542 [FXGL Background Thread 3 ] DEBUG Engine               - fontGame: Abel-Regular.ttf
22:22:08.542 [FXGL Background Thread 3 ] DEBUG Engine               - fontMono: TerminalLandMono-Regular.otf
22:22:08.542 [FXGL Background Thread 3 ] DEBUG Engine               - fontSizeScaleUI: 1.0
22:22:08.542 [FXGL Background Thread 3 ] DEBUG Engine               - fontText: Courier-Prime.ttf
22:22:08.543 [FXGL Background Thread 3 ] DEBUG Engine               - fontUI: VarelaRound-Regular.ttf
22:22:08.543 [FXGL Background Thread 3 ] DEBUG Engine               - fullScreen: BooleanProperty [value: true]
22:22:08.543 [FXGL Background Thread 3 ] DEBUG Engine               - gameDifficulty: MEDIUM
22:22:08.543 [FXGL Background Thread 3 ] DEBUG Engine               - gameDifficultyProperty: ObjectProperty [value: MEDIUM]
22:22:08.543 [FXGL Background Thread 3 ] DEBUG Engine               - globalMusicVolume: 0.5
22:22:08.543 [FXGL Background Thread 3 ] DEBUG Engine               - globalMusicVolumeProperty: DoubleProperty [value: 0.5]
22:22:08.543 [FXGL Background Thread 3 ] DEBUG Engine               - globalSoundVolume: 0.5
22:22:08.543 [FXGL Background Thread 3 ] DEBUG Engine               - globalSoundVolumeProperty: DoubleProperty [value: 0.5]
22:22:08.543 [FXGL Background Thread 3 ] DEBUG Engine               - height: 864
22:22:08.543 [FXGL Background Thread 3 ] DEBUG Engine               - is3D: false
22:22:08.543 [FXGL Background Thread 3 ] DEBUG Engine               - isAndroid: false
22:22:08.543 [FXGL Background Thread 3 ] DEBUG Engine               - isBrowser: false
22:22:08.544 [FXGL Background Thread 3 ] DEBUG Engine               - isClickFeedbackEnabled: false
22:22:08.544 [FXGL Background Thread 3 ] DEBUG Engine               - isCloseConfirmation: false
22:22:08.544 [FXGL Background Thread 3 ] DEBUG Engine               - isDesktop: true
22:22:08.544 [FXGL Background Thread 3 ] DEBUG Engine               - isDeveloperMenuEnabled: false
22:22:08.544 [FXGL Background Thread 3 ] DEBUG Engine               - isEmbedded: false
22:22:08.544 [FXGL Background Thread 3 ] DEBUG Engine               - isEntityPreloadEnabled: true
22:22:08.544 [FXGL Background Thread 3 ] DEBUG Engine               - isExperimentalTiledLargeMap: false
22:22:08.544 [FXGL Background Thread 3 ] DEBUG Engine               - isFileSystemWriteAllowed: true
22:22:08.544 [FXGL Background Thread 3 ] DEBUG Engine               - isFullScreenAllowed: true
22:22:08.544 [FXGL Background Thread 3 ] DEBUG Engine               - isFullScreenFromStart: true
22:22:08.544 [FXGL Background Thread 3 ] DEBUG Engine               - isGameMenuEnabled: true
22:22:08.544 [FXGL Background Thread 3 ] DEBUG Engine               - isIOS: false
22:22:08.544 [FXGL Background Thread 3 ] DEBUG Engine               - isIntroEnabled: false
22:22:08.544 [FXGL Background Thread 3 ] DEBUG Engine               - isLinux: false
22:22:08.544 [FXGL Background Thread 3 ] DEBUG Engine               - isMac: false
22:22:08.544 [FXGL Background Thread 3 ] DEBUG Engine               - isMainMenuEnabled: false
22:22:08.544 [FXGL Background Thread 3 ] DEBUG Engine               - isManualResizeEnabled: false
22:22:08.544 [FXGL Background Thread 3 ] DEBUG Engine               - isMobile: false
22:22:08.545 [FXGL Background Thread 3 ] DEBUG Engine               - isNative: false
22:22:08.545 [FXGL Background Thread 3 ] DEBUG Engine               - isPauseMusicWhenMinimized: true
22:22:08.545 [FXGL Background Thread 3 ] DEBUG Engine               - isPreserveResizeRatio: false
22:22:08.545 [FXGL Background Thread 3 ] DEBUG Engine               - isProfilingEnabled: false
22:22:08.545 [FXGL Background Thread 3 ] DEBUG Engine               - isScaleAffectedOnResize: true
22:22:08.545 [FXGL Background Thread 3 ] DEBUG Engine               - isSingleStep: false
22:22:08.545 [FXGL Background Thread 3 ] DEBUG Engine               - isUserProfileEnabled: false
22:22:08.545 [FXGL Background Thread 3 ] DEBUG Engine               - isWindows: true
22:22:08.545 [FXGL Background Thread 3 ] DEBUG Engine               - language: ObjectProperty [value: ENGLISH]
22:22:08.545 [FXGL Background Thread 3 ] DEBUG Engine               - menuKey: ESCAPE
22:22:08.545 [FXGL Background Thread 3 ] DEBUG Engine               - mouseSensitivity: 0.2
22:22:08.545 [FXGL Background Thread 3 ] DEBUG Engine               - notificationViewClass: class com.almasb.fxgl.notification.view.XboxNotificationView
22:22:08.545 [FXGL Background Thread 3 ] DEBUG Engine               - pixelsPerMeter: 50.0
22:22:08.545 [FXGL Background Thread 3 ] DEBUG Engine               - platform: WINDOWS
22:22:08.545 [FXGL Background Thread 3 ] DEBUG Engine               - prefHeightProperty: ReadOnlyDoubleProperty [value: 864.0]
22:22:08.545 [FXGL Background Thread 3 ] DEBUG Engine               - prefWidthProperty: ReadOnlyDoubleProperty [value: 1536.0]
22:22:08.545 [FXGL Background Thread 3 ] DEBUG Engine               - profileDir: profiles/
22:22:08.545 [FXGL Background Thread 3 ] DEBUG Engine               - profileName: StringProperty [value: DEFAULT]
22:22:08.545 [FXGL Background Thread 3 ] DEBUG Engine               - randomSeed: -1
22:22:08.546 [FXGL Background Thread 3 ] DEBUG Engine               - runtimeInfo: RuntimeInfo(platform=WINDOWS, version=17.3, build=30.03.2023 11.49)
22:22:08.546 [FXGL Background Thread 3 ] DEBUG Engine               - saveFileExt: sav
22:22:08.546 [FXGL Background Thread 3 ] DEBUG Engine               - scaledHeightProp$fxgl: DoubleProperty [bound, value: 864.0]
22:22:08.546 [FXGL Background Thread 3 ] DEBUG Engine               - scaledWidthProp$fxgl: DoubleProperty [bound, value: 1536.0]
22:22:08.546 [FXGL Background Thread 3 ] DEBUG Engine               - sceneFactory: com.almasb.fxgl.app.scene.SceneFactory@318b6037
22:22:08.546 [FXGL Background Thread 3 ] DEBUG Engine               - secondsIn24h: 60
22:22:08.546 [FXGL Background Thread 3 ] DEBUG Engine               - soundMenuBack: menu/back.wav
22:22:08.546 [FXGL Background Thread 3 ] DEBUG Engine               - soundMenuPress: menu/press.wav
22:22:08.546 [FXGL Background Thread 3 ] DEBUG Engine               - soundMenuSelect: menu/select.wav
22:22:08.546 [FXGL Background Thread 3 ] DEBUG Engine               - soundNotification: core/notification.wav
22:22:08.546 [FXGL Background Thread 3 ] DEBUG Engine               - stageStyle: DECORATED
22:22:08.546 [FXGL Background Thread 3 ] DEBUG Engine               - supportedLanguages: [ENGLISH, FRENCH, GERMAN, HUNGARIAN, RUSSIAN]
22:22:08.546 [FXGL Background Thread 3 ] DEBUG Engine               - ticksPerSecond: -1
22:22:08.546 [FXGL Background Thread 3 ] DEBUG Engine               - title: Megaman
22:22:08.546 [FXGL Background Thread 3 ] DEBUG Engine               - urlGithub: https://github.com/AlmasB/FXGL
22:22:08.546 [FXGL Background Thread 3 ] DEBUG Engine               - urlLeaderboard: http://fxgl-top.herokuapp.com/
22:22:08.546 [FXGL Background Thread 3 ] DEBUG Engine               - urlPOM: https://raw.githubusercontent.com/AlmasB/FXGL/release/README.md
22:22:08.546 [FXGL Background Thread 3 ] DEBUG Engine               - userAppClass: class com.game.megaman2.MegamanApplication
22:22:08.547 [FXGL Background Thread 3 ] DEBUG Engine               - version: 0.1
22:22:08.547 [FXGL Background Thread 3 ] DEBUG Engine               - versionCheckDays: 7
22:22:08.547 [FXGL Background Thread 3 ] DEBUG Engine               - width: 1536
22:22:08.547 [FXGL Background Thread 3 ] DEBUG Engine               - Logging services
22:22:08.547 [FXGL Background Thread 3 ] DEBUG Engine               - class com.almasb.fxgl.app.services.FXGLAssetLoaderService
22:22:08.547 [FXGL Background Thread 3 ] DEBUG Engine               - class com.almasb.fxgl.app.FXGLApplication$GameApplicationService
22:22:08.547 [FXGL Background Thread 3 ] DEBUG Engine               - class com.almasb.fxgl.app.services.FXGLDialogService
22:22:08.547 [FXGL Background Thread 3 ] DEBUG Engine               - class com.almasb.fxgl.app.services.IOTaskExecutorService
22:22:08.547 [FXGL Background Thread 3 ] DEBUG Engine               - class com.almasb.fxgl.io.FileSystemService
22:22:08.547 [FXGL Background Thread 3 ] DEBUG Engine               - class com.almasb.fxgl.localization.LocalizationService
22:22:08.547 [FXGL Background Thread 3 ] DEBUG Engine               - class com.almasb.fxgl.app.services.SystemBundleService
22:22:08.547 [FXGL Background Thread 3 ] DEBUG Engine               - class com.almasb.fxgl.profile.SaveLoadService
22:22:08.547 [FXGL Background Thread 3 ] DEBUG Engine               - class com.almasb.fxgl.ui.FXGLUIFactoryServiceProvider
22:22:08.547 [FXGL Background Thread 3 ] DEBUG Engine               - class com.almasb.fxgl.ui.FXGLDialogFactoryServiceProvider
22:22:08.547 [FXGL Background Thread 3 ] DEBUG Engine               - class com.almasb.fxgl.audio.AudioPlayer
22:22:08.547 [FXGL Background Thread 3 ] DEBUG Engine               - class com.almasb.fxgl.notification.impl.NotificationServiceProvider
22:22:08.547 [FXGL Background Thread 3 ] DEBUG Engine               - class com.almasb.fxgl.achievement.AchievementService
22:22:08.547 [FXGL Background Thread 3 ] DEBUG Engine               - class com.almasb.fxgl.cutscene.CutsceneService
22:22:08.547 [FXGL Background Thread 3 ] DEBUG Engine               - class com.almasb.fxgl.minigames.MiniGameService
22:22:08.547 [FXGL Background Thread 3 ] DEBUG Engine               - class com.almasb.fxgl.net.NetService
22:22:08.547 [FXGL Background Thread 3 ] DEBUG Engine               - class com.almasb.fxgl.app.services.UpdaterService
22:22:08.547 [FXGL Background Thread 3 ] DEBUG Engine               - class com.almasb.fxgl.dev.DevService
22:22:09.458 [JavaFX Application Thread] DEBUG PrimaryStageWindow   - Push state: FXGLDefaultMenu
22:22:09.462 [JavaFX Application Thread] DEBUG Input                - Clearing active input actions
22:22:09.472 [JavaFX Application Thread] DEBUG GameApplicationServi - Removing overlay from GameScene and adding to FXGLDefaultMenu
22:22:09.473 [JavaFX Application Thread] DEBUG PrimaryStageWindow   - GameScene -> FXGLDefaultMenu
22:22:10.450 [JavaFX Application Thread] DEBUG Menu                 - fireExit()
22:22:10.455 [JavaFX Application Thread] DEBUG PrimaryStageWindow   - Push state: DialogSubScene
22:22:10.455 [JavaFX Application Thread] DEBUG Input                - Clearing active input actions
22:22:10.456 [JavaFX Application Thread] DEBUG GameApplicationServi - Removing overlay from FXGLDefaultMenu and adding to DialogSubScene
22:22:10.456 [JavaFX Application Thread] DEBUG PrimaryStageWindow   - FXGLDefaultMenu -> DialogSubScene
22:22:11.003 [JavaFX Application Thread] DEBUG PrimaryStageWindow   - Pop state: DialogSubScene
22:22:11.004 [JavaFX Application Thread] DEBUG Input                - Clearing active input actions
22:22:11.004 [JavaFX Application Thread] DEBUG GameApplicationServi - Removing overlay from DialogSubScene and adding to FXGLDefaultMenu
22:22:11.004 [JavaFX Application Thread] DEBUG PrimaryStageWindow   - FXGLDefaultMenu <- DialogSubScene
22:22:11.005 [JavaFX Application Thread] DEBUG FXGLApplication      - Exiting FXGL
22:22:11.005 [JavaFX Application Thread] DEBUG LoopRunner           - Stopping loop
22:22:11.005 [JavaFX Application Thread] DEBUG SystemBundleService  - Saving FXGL system data
22:22:11.008 [JavaFX Application Thread] DEBUG FileSystemAccess     - Writing to: C:\Users\enric\Desktop\robe mie\Fermi\triennio\Informatica\Intellij\GiocoClasseQuarta\system\fxgl.bundle
22:22:11.009 [JavaFX Application Thread] DEBUG Async                - Shutting down background threads
22:22:11.009 [JavaFX Application Thread] DEBUG PrimaryStageWindow   - Closing main window
22:22:11.032 [JavaFX Application Thread] DEBUG Logger               - Closing Logger
