16:42:23.299 [main                     ] DEBUG Logger               - Configured Logger
16:42:23.320 [main                     ] DEBUG GameApplication      - Logging settings
Title: Megaman
Version: 0.1
Width: 600
Height: 600
Fullscreen: false
Intro: false
Profiling: false
Single step:false
App Mode: DEVELOPER
Menu Key: ESCAPE
Stage Style: DECORATED
Scene Factory: class com.almasb.fxgl.app.scene.SceneFactory

16:42:23.569 [JavaFX Application Thread] DEBUG FXGLApplication      - Initializing FXGL
16:42:23.572 [JavaFX Application Thread] INFO  Engine               - FXGL-17.3 (30.03.2023 11.49) on WINDOWS (J:22.0.1 FX:22-ea)
16:42:23.573 [JavaFX Application Thread] DEBUG Engine               - JRE Vendor Name: Oracle Corporation
16:42:23.573 [JavaFX Application Thread] DEBUG Engine               - Running on OS: Windows 11 version 10.0
16:42:23.573 [JavaFX Application Thread] DEBUG Engine               - Architecture: amd64
16:42:23.573 [JavaFX Application Thread] INFO  Engine               - Source code and latest versions at: https://github.com/AlmasB/FXGL
16:42:23.573 [JavaFX Application Thread] INFO  Engine               -       Ask questions and discuss at: https://github.com/AlmasB/FXGL/discussions
16:42:23.574 [JavaFX Application Thread] INFO  Engine               -              Join the FXGL chat at: https://gitter.im/AlmasB/FXGL
16:42:23.653 [JavaFX Application Thread] DEBUG PrimaryStageWindow   - Creating a JavaFX scene
16:42:23.692 [JavaFX Application Thread] DEBUG PrimaryStageWindow   - Target settings size: 600.0 x 600.0
16:42:23.692 [JavaFX Application Thread] DEBUG PrimaryStageWindow   - Scaled scene size:    600.0 x 600.0
16:42:23.692 [JavaFX Application Thread] DEBUG PrimaryStageWindow   - Scaled ratio: (1.0, 1.0)
16:42:23.693 [JavaFX Application Thread] DEBUG PrimaryStageWindow   - Set initial scene to FXGLStartupScene
16:42:23.696 [JavaFX Application Thread] DEBUG PrimaryStageWindow   - Opening main window
16:42:23.756 [JavaFX Application Thread] DEBUG PrimaryStageWindow   - Window border size: (16.0, 39.0)
16:42:23.756 [JavaFX Application Thread] DEBUG PrimaryStageWindow   - Scaled size: 600.0 x 600.0
16:42:23.756 [JavaFX Application Thread] DEBUG PrimaryStageWindow   - Scaled ratio: (1.0, 1.0)
16:42:23.757 [JavaFX Application Thread] DEBUG PrimaryStageWindow   - Scene size: 600.0 x 600.0
16:42:23.757 [JavaFX Application Thread] DEBUG PrimaryStageWindow   - Stage size: 616.0 x 639.0
16:42:23.763 [FXGL Background Thread 1 ] DEBUG Engine               - Initializing environment variables
16:42:23.816 [FXGL Background Thread 1 ] DEBUG FXGLAssetLoaderServi - User app class for loading assets: class com.game.megaman2.MegamanApplication
16:42:23.816 [FXGL Background Thread 1 ] DEBUG GameApplicationServi - Applying CSS: fxgl_dark.css
16:42:23.816 [FXGL Background Thread 1 ] DEBUG FXGLAssetLoaderServi - Loading from file system: jar:file:///C:/Users/EnricoGhezzo/.m2/repository/com/github/almasb/fxgl/17.3/fxgl-17.3.jar!/fxglassets/ui/css/fxgl_dark.css
16:42:23.860 [FXGL Background Thread 1 ] DEBUG GameApplicationServi - Initializing application scenes
16:42:23.899 [FXGL Background Thread 1 ] DEBUG GameWorld            - Game world initialized
16:42:23.956 [FXGL Background Thread 1 ] DEBUG PhysicsWorld         - Physics world initialized: appHeight=600, physics.ppm=50,0
16:42:23.957 [FXGL Background Thread 1 ] DEBUG PhysicsWorld         - Using strategy: BRUTE_FORCE
16:42:23.962 [FXGL Background Thread 1 ] DEBUG GameScene            - Game scene initialized: 600x600
16:42:23.970 [FXGL Background Thread 1 ] WARN  FXGL.DefaultMenu     - FXGLDefaultMenu is not designed for resolutions < 800x600
16:42:23.970 [FXGL Background Thread 1 ] DEBUG FXGL.DefaultMenu     - createMenuBodyGameMenu()
16:42:23.982 [FXGL Background Thread 1 ] DEBUG FXGL.DefaultMenu     - createOptionsMenu()
16:42:23.988 [FXGL Background Thread 1 ] DEBUG FXGLAssetLoaderServi - Loading from file system: jar:file:///C:/Users/EnricoGhezzo/.m2/repository/com/github/almasb/fxgl/17.3/fxgl-17.3.jar!/fxglassets/textures/particles/smoke.png
16:42:24.076 [FXGL Background Thread 1 ] DEBUG FXGLAssetLoaderServi - Loading from file system: jar:file:///C:/Users/EnricoGhezzo/.m2/repository/com/github/almasb/fxgl/17.3/fxgl-17.3.jar!/fxglassets/textures/particles/trace_horizontal.png
16:42:24.100 [FXGL Background Thread 1 ] DEBUG GameApplicationServi - Application scenes initialized
16:42:24.111 [FXGL Background Thread 1 ] DEBUG SystemBundleService  - Loading FXGL system data
16:42:24.115 [FXGL Background Thread 1 ] DEBUG FileSystemAccess     - Reading from: C:\Users\EnricoGhezzo\IdeaProjects\Megaman2\system\fxgl.bundle
16:42:24.121 [FXGL Background Thread 1 ] DEBUG SystemBundleService  - Bundle FXGL: {}
16:42:24.121 [FXGL Background Thread 1 ] DEBUG UpdaterService       - Checking for updates
16:42:24.124 [FXGL Background Thread 4 ] DEBUG FXGLApplication      - Loading fonts
16:42:24.124 [FXGL Background Thread 4 ] DEBUG FXGLAssetLoaderServi - Loading from file system: jar:file:///C:/Users/EnricoGhezzo/.m2/repository/com/github/almasb/fxgl/17.3/fxgl-17.3.jar!/fxglassets/ui/fonts/VarelaRound-Regular.ttf
16:42:24.124 [FXGL Background Thread 1 ] DEBUG FXGLApplication      - Loading default localization
16:42:24.125 [FXGL Background Thread 1 ] DEBUG FXGLAssetLoaderServi - Loading from file system: jar:file:///C:/Users/EnricoGhezzo/.m2/repository/com/github/almasb/fxgl/17.3/fxgl-17.3.jar!/fxglassets/languages/english.lang
16:42:24.156 [FXGL Background Thread 1 ] INFO  FXGLApplication      - FXGL initialization took: 0,392 sec
16:42:24.160 [FXGL Background Thread 4 ] DEBUG FXGLAssetLoaderServi - Loading from file system: jar:file:///C:/Users/EnricoGhezzo/.m2/repository/com/github/almasb/fxgl/17.3/fxgl-17.3.jar!/fxglassets/ui/fonts/Abel-Regular.ttf
16:42:24.166 [JavaFX Application Thread] DEBUG Input                - Registered new binding: action0 - D
16:42:24.166 [JavaFX Application Thread] DEBUG Input                - Registered new binding: action1 - A
16:42:24.166 [JavaFX Application Thread] DEBUG Input                - Registered new binding: action2 - W
16:42:24.167 [JavaFX Application Thread] DEBUG Input                - Registered new binding: action3 - S
16:42:24.167 [JavaFX Application Thread] DEBUG Input                - Registered new binding: action4 - F
16:42:24.167 [FXGL Background Thread 4 ] DEBUG FXGLAssetLoaderServi - Loading from file system: jar:file:///C:/Users/EnricoGhezzo/.m2/repository/com/github/almasb/fxgl/17.3/fxgl-17.3.jar!/fxglassets/ui/fonts/TerminalLandMono-Regular.otf
16:42:24.167 [JavaFX Application Thread] DEBUG FXGLAssetLoaderServi - Loading from file system: jar:file:///C:/Users/EnricoGhezzo/.m2/repository/com/github/almasb/fxgl/17.3/fxgl-17.3.jar!/fxglassets/textures/fxgl_icon.png
16:42:24.175 [FXGL Background Thread 4 ] DEBUG FXGLAssetLoaderServi - Loading from file system: jar:file:///C:/Users/EnricoGhezzo/.m2/repository/com/github/almasb/fxgl/17.3/fxgl-17.3.jar!/fxglassets/ui/fonts/Courier-Prime.ttf
16:42:24.187 [JavaFX Application Thread] DEBUG FXGLAssetLoaderServi - Loading from file system: jar:file:///C:/Users/EnricoGhezzo/.m2/repository/com/github/almasb/fxgl/17.3/fxgl-17.3.jar!/fxglassets/textures/fxgl_default_cursor.png
16:42:24.190 [JavaFX Application Thread] DEBUG Input                - Registered new binding: Screenshot - CTRL+8
16:42:24.191 [JavaFX Application Thread] DEBUG Input                - Registered new binding: System info dump - CTRL+9
16:42:24.191 [JavaFX Application Thread] DEBUG Input                - Registered new binding: Restart - CTRL+R
16:42:24.191 [JavaFX Application Thread] DEBUG Input                - Registered new binding: Toggle Debug Camera - CTRL+7
16:42:24.193 [JavaFX Application Thread] DEBUG LoopRunner           - Starting loop
16:42:24.193 [JavaFX Application Thread] DEBUG LoopRunner           - Initializing JavaFX AnimationTimerLoop
16:42:24.194 [JavaFX Application Thread] DEBUG GameApplicationServi - Starting new game
16:42:24.195 [JavaFX Application Thread] DEBUG Input                - Clearing active input actions
16:42:24.204 [JavaFX Application Thread] DEBUG GameApplicationServi - Removing overlay from FXGLStartupScene and adding to FXGLLoadingScene
16:42:24.204 [JavaFX Application Thread] DEBUG PrimaryStageWindow   - FXGLStartupScene -> FXGLLoadingScene
16:42:24.204 [JavaFX Application Thread] DEBUG GameApplicationServi - Clearing previous game
16:42:24.204 [JavaFX Application Thread] DEBUG GameScene            - Clearing game scene
16:42:24.204 [JavaFX Application Thread] DEBUG GameWorld            - Clearing game world
16:42:24.204 [JavaFX Application Thread] DEBUG PhysicsWorld         - Clearing physics world
16:42:24.207 [FXGL Background Thread 4 ] DEBUG FXGLApplication      - Initializing game
16:42:24.207 [JavaFX Application Thread] DEBUG FXGLApplication      - Registering font factories with UI factory
16:42:24.213 [FXGL Background Thread 4 ] WARN  FXGLAssetLoaderServi - Asset "/assets/textures/spawn8.png" was not found!
16:42:24.213 [FXGL Background Thread 4 ] WARN  FXGLAssetLoaderServi - Failed to load IMAGE
16:42:24.294 [FXGL Background Thread 4 ] WARN  FXGLAssetLoaderServi - Asset "/assets/textures/spawn8.png" was not found!
16:42:24.294 [FXGL Background Thread 4 ] WARN  FXGLAssetLoaderServi - Failed to load IMAGE
16:42:24.295 [FXGL Background Thread 4 ] INFO  FXGLApplication      - Game initialization took: 0,088 sec
16:42:24.312 [JavaFX Application Thread] DEBUG Input                - Clearing active input actions
16:42:24.318 [JavaFX Application Thread] DEBUG GameApplicationServi - Removing overlay from FXGLLoadingScene and adding to GameScene
16:42:24.319 [JavaFX Application Thread] DEBUG PrimaryStageWindow   - FXGLLoadingScene -> GameScene
16:42:24.495 [FXGL Background Thread 2 ] INFO  UpdaterService       - Your current version:  17.3
16:42:24.495 [FXGL Background Thread 2 ] INFO  UpdaterService       - Latest stable version: 21.1
16:42:26.476 [JavaFX Application Thread] DEBUG FXGLApplication      - Exiting FXGL
16:42:26.476 [JavaFX Application Thread] DEBUG LoopRunner           - Stopping loop
16:42:26.476 [JavaFX Application Thread] DEBUG SystemBundleService  - Saving FXGL system data
16:42:26.478 [JavaFX Application Thread] DEBUG FileSystemAccess     - Writing to: C:\Users\EnricoGhezzo\IdeaProjects\Megaman2\system\fxgl.bundle
16:42:26.480 [JavaFX Application Thread] DEBUG Async                - Shutting down background threads
16:42:26.480 [JavaFX Application Thread] DEBUG PrimaryStageWindow   - Closing main window
16:42:26.492 [JavaFX Application Thread] DEBUG Logger               - Closing Logger
