08:59:40.545 [main                     ] DEBUG Logger               - Configured Logger
08:59:40.567 [main                     ] DEBUG GameApplication      - Logging settings
Title: Megaman
Version: 0.1
Width: 1536
Height: 864
Fullscreen: true
Intro: false
Profiling: false
Single step:false
App Mode: DEVELOPER
Menu Key: ESCAPE
Stage Style: DECORATED
Scene Factory: class com.almasb.fxgl.app.scene.SceneFactory

08:59:40.833 [JavaFX Application Thread] DEBUG FXGLApplication      - Initializing FXGL
08:59:40.839 [JavaFX Application Thread] INFO  Engine               - FXGL-17.3 (30.03.2023 11.49) on WINDOWS (J:22.0.1 FX:22-ea)
08:59:40.839 [JavaFX Application Thread] DEBUG Engine               - JRE Vendor Name: Oracle Corporation
08:59:40.840 [JavaFX Application Thread] DEBUG Engine               - Running on OS: Windows 11 version 10.0
08:59:40.840 [JavaFX Application Thread] DEBUG Engine               - Architecture: amd64
08:59:40.840 [JavaFX Application Thread] INFO  Engine               - Source code and latest versions at: https://github.com/AlmasB/FXGL
08:59:40.840 [JavaFX Application Thread] INFO  Engine               -       Ask questions and discuss at: https://github.com/AlmasB/FXGL/discussions
08:59:40.840 [JavaFX Application Thread] INFO  Engine               -              Join the FXGL chat at: https://gitter.im/AlmasB/FXGL
08:59:40.917 [JavaFX Application Thread] DEBUG PrimaryStageWindow   - Creating a JavaFX scene
08:59:40.956 [JavaFX Application Thread] DEBUG PrimaryStageWindow   - Target settings size: 1536.0 x 864.0
08:59:40.957 [JavaFX Application Thread] DEBUG PrimaryStageWindow   - Scaled scene size:    1536.0 x 864.0
08:59:40.957 [JavaFX Application Thread] DEBUG PrimaryStageWindow   - Scaled ratio: (1.0, 1.0)
08:59:40.958 [JavaFX Application Thread] DEBUG PrimaryStageWindow   - Set initial scene to FXGLStartupScene
08:59:40.961 [JavaFX Application Thread] DEBUG PrimaryStageWindow   - Opening main window
08:59:41.038 [JavaFX Application Thread] DEBUG PrimaryStageWindow   - Window border size: (14.4000244140625, 37.5999755859375)
08:59:41.038 [JavaFX Application Thread] DEBUG PrimaryStageWindow   - Scaled size: 1536.0 x 864.0
08:59:41.038 [JavaFX Application Thread] DEBUG PrimaryStageWindow   - Scaled ratio: (1.0, 1.0)
08:59:41.039 [JavaFX Application Thread] DEBUG PrimaryStageWindow   - Scene size: 1536.0 x 864.0
08:59:41.039 [JavaFX Application Thread] DEBUG PrimaryStageWindow   - Stage size: 1550.4000244140625 x 901.5999755859375
08:59:41.091 [JavaFX Application Thread] DEBUG PrimaryStageWindow   - Going fullscreen
08:59:41.099 [FXGL Background Thread 1 ] DEBUG Engine               - Initializing environment variables
08:59:41.143 [FXGL Background Thread 1 ] DEBUG FXGLAssetLoaderServi - User app class for loading assets: class com.game.megaman2.MegamanApplication
08:59:41.143 [FXGL Background Thread 1 ] DEBUG GameApplicationServi - Applying CSS: fxgl_dark.css
08:59:41.144 [FXGL Background Thread 1 ] DEBUG FXGLAssetLoaderServi - Loading from file system: jar:file:///C:/Users/enric/.m2/repository/com/github/almasb/fxgl/17.3/fxgl-17.3.jar!/fxglassets/ui/css/fxgl_dark.css
08:59:41.186 [FXGL Background Thread 1 ] DEBUG GameApplicationServi - Initializing application scenes
08:59:41.230 [FXGL Background Thread 1 ] DEBUG GameWorld            - Game world initialized
08:59:41.284 [FXGL Background Thread 1 ] DEBUG PhysicsWorld         - Physics world initialized: appHeight=864, physics.ppm=50,0
08:59:41.285 [FXGL Background Thread 1 ] DEBUG PhysicsWorld         - Using strategy: BRUTE_FORCE
08:59:41.287 [FXGL Background Thread 1 ] DEBUG GameScene            - Game scene initialized: 1536x864
08:59:41.300 [FXGL Background Thread 1 ] DEBUG FXGL.DefaultMenu     - createMenuBodyGameMenu()
08:59:41.309 [FXGL Background Thread 1 ] DEBUG FXGL.DefaultMenu     - createOptionsMenu()
08:59:41.315 [FXGL Background Thread 1 ] DEBUG FXGLAssetLoaderServi - Loading from file system: jar:file:///C:/Users/enric/.m2/repository/com/github/almasb/fxgl/17.3/fxgl-17.3.jar!/fxglassets/textures/particles/smoke.png
08:59:41.393 [FXGL Background Thread 1 ] DEBUG FXGLAssetLoaderServi - Loading from file system: jar:file:///C:/Users/enric/.m2/repository/com/github/almasb/fxgl/17.3/fxgl-17.3.jar!/fxglassets/textures/particles/trace_horizontal.png
08:59:41.420 [FXGL Background Thread 1 ] DEBUG GameApplicationServi - Application scenes initialized
08:59:41.431 [FXGL Background Thread 1 ] DEBUG SystemBundleService  - Loading FXGL system data
08:59:41.435 [FXGL Background Thread 1 ] DEBUG FileSystemAccess     - Reading from: C:\Users\enric\Desktop\robe mie\Fermi\triennio\Informatica\Intellij\GiocoClasseQuarta\system\fxgl.bundle
08:59:41.442 [FXGL Background Thread 1 ] DEBUG SystemBundleService  - Bundle FXGL: {}
08:59:41.442 [FXGL Background Thread 1 ] DEBUG UpdaterService       - Checking for updates
08:59:41.447 [FXGL Background Thread 4 ] DEBUG FXGLApplication      - Loading fonts
08:59:41.447 [FXGL Background Thread 4 ] DEBUG FXGLAssetLoaderServi - Loading from file system: jar:file:///C:/Users/enric/.m2/repository/com/github/almasb/fxgl/17.3/fxgl-17.3.jar!/fxglassets/ui/fonts/VarelaRound-Regular.ttf
08:59:41.449 [FXGL Background Thread 1 ] DEBUG FXGLApplication      - Loading default localization
08:59:41.450 [FXGL Background Thread 1 ] DEBUG FXGLAssetLoaderServi - Loading from file system: jar:file:///C:/Users/enric/.m2/repository/com/github/almasb/fxgl/17.3/fxgl-17.3.jar!/fxglassets/languages/english.lang
08:59:41.475 [FXGL Background Thread 1 ] INFO  FXGLApplication      - FXGL initialization took: 0,377 sec
08:59:41.487 [JavaFX Application Thread] DEBUG Input                - Registered new binding: Move Right - D
08:59:41.488 [JavaFX Application Thread] DEBUG Input                - Registered new binding: Move Left - A
08:59:41.488 [JavaFX Application Thread] DEBUG Input                - Registered new binding: Jump - Space
08:59:41.488 [JavaFX Application Thread] DEBUG FXGLAssetLoaderServi - Loading from file system: jar:file:///C:/Users/enric/.m2/repository/com/github/almasb/fxgl/17.3/fxgl-17.3.jar!/fxglassets/textures/fxgl_icon.png
08:59:41.493 [FXGL Background Thread 4 ] DEBUG FXGLAssetLoaderServi - Loading from file system: jar:file:///C:/Users/enric/.m2/repository/com/github/almasb/fxgl/17.3/fxgl-17.3.jar!/fxglassets/ui/fonts/Abel-Regular.ttf
08:59:41.502 [FXGL Background Thread 4 ] DEBUG FXGLAssetLoaderServi - Loading from file system: jar:file:///C:/Users/enric/.m2/repository/com/github/almasb/fxgl/17.3/fxgl-17.3.jar!/fxglassets/ui/fonts/TerminalLandMono-Regular.otf
08:59:41.509 [JavaFX Application Thread] DEBUG FXGLAssetLoaderServi - Loading from file system: jar:file:///C:/Users/enric/.m2/repository/com/github/almasb/fxgl/17.3/fxgl-17.3.jar!/fxglassets/textures/fxgl_default_cursor.png
08:59:41.511 [FXGL Background Thread 4 ] DEBUG FXGLAssetLoaderServi - Loading from file system: jar:file:///C:/Users/enric/.m2/repository/com/github/almasb/fxgl/17.3/fxgl-17.3.jar!/fxglassets/ui/fonts/Courier-Prime.ttf
08:59:41.511 [JavaFX Application Thread] DEBUG Input                - Registered new binding: Screenshot - CTRL+8
08:59:41.512 [JavaFX Application Thread] DEBUG Input                - Registered new binding: System info dump - CTRL+9
08:59:41.512 [JavaFX Application Thread] DEBUG Input                - Registered new binding: Restart - CTRL+R
08:59:41.513 [JavaFX Application Thread] DEBUG Input                - Registered new binding: Toggle Debug Camera - CTRL+7
08:59:41.515 [JavaFX Application Thread] DEBUG LoopRunner           - Starting loop
08:59:41.515 [JavaFX Application Thread] DEBUG LoopRunner           - Initializing JavaFX AnimationTimerLoop
08:59:41.516 [JavaFX Application Thread] DEBUG GameApplicationServi - Starting new game
08:59:41.517 [JavaFX Application Thread] DEBUG Input                - Clearing active input actions
08:59:41.535 [JavaFX Application Thread] DEBUG GameApplicationServi - Removing overlay from FXGLStartupScene and adding to FXGLLoadingScene
08:59:41.535 [JavaFX Application Thread] DEBUG PrimaryStageWindow   - FXGLStartupScene -> FXGLLoadingScene
08:59:41.535 [JavaFX Application Thread] DEBUG GameApplicationServi - Clearing previous game
08:59:41.535 [JavaFX Application Thread] DEBUG GameScene            - Clearing game scene
08:59:41.536 [JavaFX Application Thread] DEBUG GameWorld            - Clearing game world
08:59:41.536 [JavaFX Application Thread] DEBUG PhysicsWorld         - Clearing physics world
08:59:41.537 [JavaFX Application Thread] DEBUG FXGLApplication      - Registering font factories with UI factory
08:59:41.537 [FXGL Background Thread 4 ] DEBUG FXGLApplication      - Initializing game
08:59:41.539 [FXGL Background Thread 4 ] DEBUG FXGLAssetLoaderServi - Loading from file system: file:/C:/Users/enric/Desktop/robe%20mie/Fermi/triennio/Informatica/Intellij/GiocoClasseQuarta/target/classes/assets/textures/spawn8.png
08:59:41.581 [FXGL Background Thread 4 ] DEBUG FXGLAssetLoaderServi - Loading from file system: file:/C:/Users/enric/Desktop/robe%20mie/Fermi/triennio/Informatica/Intellij/GiocoClasseQuarta/target/classes/assets/textures/corsa/corsa1.png
08:59:41.582 [FXGL Background Thread 4 ] DEBUG FXGLAssetLoaderServi - Loading from file system: file:/C:/Users/enric/Desktop/robe%20mie/Fermi/triennio/Informatica/Intellij/GiocoClasseQuarta/target/classes/assets/textures/corsa/corsa2.png
08:59:41.584 [FXGL Background Thread 4 ] DEBUG FXGLAssetLoaderServi - Loading from file system: file:/C:/Users/enric/Desktop/robe%20mie/Fermi/triennio/Informatica/Intellij/GiocoClasseQuarta/target/classes/assets/textures/corsa/corsa3.png
08:59:41.585 [FXGL Background Thread 4 ] DEBUG FXGLAssetLoaderServi - Loading from file system: file:/C:/Users/enric/Desktop/robe%20mie/Fermi/triennio/Informatica/Intellij/GiocoClasseQuarta/target/classes/assets/textures/corsa/corsa4.png
08:59:41.586 [FXGL Background Thread 4 ] DEBUG FXGLAssetLoaderServi - Loading from file system: file:/C:/Users/enric/Desktop/robe%20mie/Fermi/triennio/Informatica/Intellij/GiocoClasseQuarta/target/classes/assets/textures/corsa/corsa5.png
08:59:41.588 [FXGL Background Thread 4 ] DEBUG FXGLAssetLoaderServi - Loading from file system: file:/C:/Users/enric/Desktop/robe%20mie/Fermi/triennio/Informatica/Intellij/GiocoClasseQuarta/target/classes/assets/textures/corsa/corsa6.png
08:59:41.589 [FXGL Background Thread 4 ] DEBUG FXGLAssetLoaderServi - Loading from file system: file:/C:/Users/enric/Desktop/robe%20mie/Fermi/triennio/Informatica/Intellij/GiocoClasseQuarta/target/classes/assets/textures/corsa/corsa7.png
08:59:41.591 [FXGL Background Thread 4 ] DEBUG FXGLAssetLoaderServi - Loading from file system: file:/C:/Users/enric/Desktop/robe%20mie/Fermi/triennio/Informatica/Intellij/GiocoClasseQuarta/target/classes/assets/textures/corsa/corsa8.png
08:59:41.592 [FXGL Background Thread 4 ] DEBUG FXGLAssetLoaderServi - Loading from file system: file:/C:/Users/enric/Desktop/robe%20mie/Fermi/triennio/Informatica/Intellij/GiocoClasseQuarta/target/classes/assets/textures/corsa/corsa9.png
08:59:41.593 [FXGL Background Thread 4 ] DEBUG FXGLAssetLoaderServi - Loading from file system: file:/C:/Users/enric/Desktop/robe%20mie/Fermi/triennio/Informatica/Intellij/GiocoClasseQuarta/target/classes/assets/textures/corsa/corsa10.png
08:59:41.594 [FXGL Background Thread 4 ] DEBUG FXGLAssetLoaderServi - Loading from file system: file:/C:/Users/enric/Desktop/robe%20mie/Fermi/triennio/Informatica/Intellij/GiocoClasseQuarta/target/classes/assets/textures/corsa/corsa11.png
08:59:41.597 [FXGL Background Thread 4 ] DEBUG FXGLAssetLoaderServi - Loading from file system: file:/C:/Users/enric/Desktop/robe%20mie/Fermi/triennio/Informatica/Intellij/GiocoClasseQuarta/target/classes/assets/textures/sfondo1.jpg
08:59:41.625 [FXGL Background Thread 4 ] INFO  FXGLApplication      - Game initialization took: 0,088 sec
08:59:41.655 [JavaFX Application Thread] DEBUG Input                - Clearing active input actions
08:59:41.666 [JavaFX Application Thread] DEBUG GameApplicationServi - Removing overlay from FXGLLoadingScene and adding to GameScene
08:59:41.667 [JavaFX Application Thread] DEBUG PrimaryStageWindow   - FXGLLoadingScene -> GameScene
08:59:41.669 [FXGL Background Thread 2 ] WARN  UpdaterService       - Failed to find updates: java.net.UnknownHostException: raw.githubusercontent.com
08:59:44.446 [FXGL Background Thread 3 ] DEBUG Engine               - Logging environment variables
08:59:44.448 [FXGL Background Thread 3 ] DEBUG Engine               - achievements: []
08:59:44.448 [FXGL Background Thread 3 ] DEBUG Engine               - actualHeight: 864.0
08:59:44.449 [FXGL Background Thread 3 ] DEBUG Engine               - actualHeightProperty: ReadOnlyDoubleProperty [value: 864.0]
08:59:44.449 [FXGL Background Thread 3 ] DEBUG Engine               - actualWidth: 1536.0
08:59:44.449 [FXGL Background Thread 3 ] DEBUG Engine               - actualWidthProperty: ReadOnlyDoubleProperty [value: 1536.0]
08:59:44.449 [FXGL Background Thread 3 ] DEBUG Engine               - appIcon: fxgl_icon.png
08:59:44.450 [FXGL Background Thread 3 ] DEBUG Engine               - applicationMode: DEVELOPER
08:59:44.450 [FXGL Background Thread 3 ] DEBUG Engine               - cSSList: [fxgl_dark.css]
08:59:44.450 [FXGL Background Thread 3 ] DEBUG Engine               - collisionDetectionStrategy: BRUTE_FORCE
08:59:44.450 [FXGL Background Thread 3 ] DEBUG Engine               - configClass: Optional.empty
08:59:44.451 [FXGL Background Thread 3 ] DEBUG Engine               - credits: []
08:59:44.452 [FXGL Background Thread 3 ] DEBUG Engine               - defaultCursor: CursorInfo(imageName=fxgl_default_cursor.png, hotspotX=7.0, hotspotY=6.0)
08:59:44.453 [FXGL Background Thread 3 ] DEBUG Engine               - devBBoxColorProperty: ObjectProperty [value: 0xff0000ff]
08:59:44.453 [FXGL Background Thread 3 ] DEBUG Engine               - devEnableDebugCameraProperty: BooleanProperty [value: false]
08:59:44.454 [FXGL Background Thread 3 ] DEBUG Engine               - devSensorColorProperty: ObjectProperty [value: 0xffff00ff]
08:59:44.454 [FXGL Background Thread 3 ] DEBUG Engine               - devShowBBoxProperty: BooleanProperty [value: false]
08:59:44.454 [FXGL Background Thread 3 ] DEBUG Engine               - devShowPositionProperty: BooleanProperty [value: false]
08:59:44.455 [FXGL Background Thread 3 ] DEBUG Engine               - enabledMenuItems: []
08:59:44.455 [FXGL Background Thread 3 ] DEBUG Engine               - engineServices: [class com.almasb.fxgl.app.services.FXGLAssetLoaderService, class com.almasb.fxgl.app.FXGLApplication$GameApplicationService, class com.almasb.fxgl.app.services.FXGLDialogService, class com.almasb.fxgl.app.services.IOTaskExecutorService, class com.almasb.fxgl.io.FileSystemService, class com.almasb.fxgl.localization.LocalizationService, class com.almasb.fxgl.app.services.SystemBundleService, class com.almasb.fxgl.profile.SaveLoadService, class com.almasb.fxgl.ui.FXGLUIFactoryServiceProvider, class com.almasb.fxgl.ui.FXGLDialogFactoryServiceProvider, class com.almasb.fxgl.audio.AudioPlayer, class com.almasb.fxgl.notification.impl.NotificationServiceProvider, class com.almasb.fxgl.achievement.AchievementService, class com.almasb.fxgl.cutscene.CutsceneService, class com.almasb.fxgl.minigames.MiniGameService, class com.almasb.fxgl.net.NetService, class com.almasb.fxgl.app.services.UpdaterService, class com.almasb.fxgl.dev.DevService]
08:59:44.456 [FXGL Background Thread 3 ] DEBUG Engine               - fontGame: Abel-Regular.ttf
08:59:44.456 [FXGL Background Thread 3 ] DEBUG Engine               - fontMono: TerminalLandMono-Regular.otf
08:59:44.456 [FXGL Background Thread 3 ] DEBUG Engine               - fontSizeScaleUI: 1.0
08:59:44.456 [FXGL Background Thread 3 ] DEBUG Engine               - fontText: Courier-Prime.ttf
08:59:44.456 [FXGL Background Thread 3 ] DEBUG Engine               - fontUI: VarelaRound-Regular.ttf
08:59:44.457 [FXGL Background Thread 3 ] DEBUG Engine               - fullScreen: BooleanProperty [value: true]
08:59:44.457 [FXGL Background Thread 3 ] DEBUG Engine               - gameDifficulty: MEDIUM
08:59:44.457 [FXGL Background Thread 3 ] DEBUG Engine               - gameDifficultyProperty: ObjectProperty [value: MEDIUM]
08:59:44.457 [FXGL Background Thread 3 ] DEBUG Engine               - globalMusicVolume: 0.5
08:59:44.458 [FXGL Background Thread 3 ] DEBUG Engine               - globalMusicVolumeProperty: DoubleProperty [value: 0.5]
08:59:44.458 [FXGL Background Thread 3 ] DEBUG Engine               - globalSoundVolume: 0.5
08:59:44.458 [FXGL Background Thread 3 ] DEBUG Engine               - globalSoundVolumeProperty: DoubleProperty [value: 0.5]
08:59:44.458 [FXGL Background Thread 3 ] DEBUG Engine               - height: 864
08:59:44.459 [FXGL Background Thread 3 ] DEBUG Engine               - is3D: false
08:59:44.459 [FXGL Background Thread 3 ] DEBUG Engine               - isAndroid: false
08:59:44.459 [FXGL Background Thread 3 ] DEBUG Engine               - isBrowser: false
08:59:44.459 [FXGL Background Thread 3 ] DEBUG Engine               - isClickFeedbackEnabled: false
08:59:44.459 [FXGL Background Thread 3 ] DEBUG Engine               - isCloseConfirmation: false
08:59:44.460 [FXGL Background Thread 3 ] DEBUG Engine               - isDesktop: true
08:59:44.460 [FXGL Background Thread 3 ] DEBUG Engine               - isDeveloperMenuEnabled: false
08:59:44.460 [FXGL Background Thread 3 ] DEBUG Engine               - isEmbedded: false
08:59:44.460 [FXGL Background Thread 3 ] DEBUG Engine               - isEntityPreloadEnabled: true
08:59:44.461 [FXGL Background Thread 3 ] DEBUG Engine               - isExperimentalTiledLargeMap: false
08:59:44.461 [FXGL Background Thread 3 ] DEBUG Engine               - isFileSystemWriteAllowed: true
08:59:44.461 [FXGL Background Thread 3 ] DEBUG Engine               - isFullScreenAllowed: true
08:59:44.461 [FXGL Background Thread 3 ] DEBUG Engine               - isFullScreenFromStart: true
08:59:44.461 [FXGL Background Thread 3 ] DEBUG Engine               - isGameMenuEnabled: true
08:59:44.462 [FXGL Background Thread 3 ] DEBUG Engine               - isIOS: false
08:59:44.462 [FXGL Background Thread 3 ] DEBUG Engine               - isIntroEnabled: false
08:59:44.462 [FXGL Background Thread 3 ] DEBUG Engine               - isLinux: false
08:59:44.462 [FXGL Background Thread 3 ] DEBUG Engine               - isMac: false
08:59:44.463 [FXGL Background Thread 3 ] DEBUG Engine               - isMainMenuEnabled: false
08:59:44.463 [FXGL Background Thread 3 ] DEBUG Engine               - isManualResizeEnabled: false
08:59:44.463 [FXGL Background Thread 3 ] DEBUG Engine               - isMobile: false
08:59:44.463 [FXGL Background Thread 3 ] DEBUG Engine               - isNative: false
08:59:44.463 [FXGL Background Thread 3 ] DEBUG Engine               - isPauseMusicWhenMinimized: true
08:59:44.464 [FXGL Background Thread 3 ] DEBUG Engine               - isPreserveResizeRatio: false
08:59:44.464 [FXGL Background Thread 3 ] DEBUG Engine               - isProfilingEnabled: false
08:59:44.464 [FXGL Background Thread 3 ] DEBUG Engine               - isScaleAffectedOnResize: true
08:59:44.464 [FXGL Background Thread 3 ] DEBUG Engine               - isSingleStep: false
08:59:44.464 [FXGL Background Thread 3 ] DEBUG Engine               - isUserProfileEnabled: false
08:59:44.465 [FXGL Background Thread 3 ] DEBUG Engine               - isWindows: true
08:59:44.465 [FXGL Background Thread 3 ] DEBUG Engine               - language: ObjectProperty [value: ENGLISH]
08:59:44.465 [FXGL Background Thread 3 ] DEBUG Engine               - menuKey: ESCAPE
08:59:44.465 [FXGL Background Thread 3 ] DEBUG Engine               - mouseSensitivity: 0.2
08:59:44.465 [FXGL Background Thread 3 ] DEBUG Engine               - notificationViewClass: class com.almasb.fxgl.notification.view.XboxNotificationView
08:59:44.466 [FXGL Background Thread 3 ] DEBUG Engine               - pixelsPerMeter: 50.0
08:59:44.466 [FXGL Background Thread 3 ] DEBUG Engine               - platform: WINDOWS
08:59:44.466 [FXGL Background Thread 3 ] DEBUG Engine               - prefHeightProperty: ReadOnlyDoubleProperty [value: 864.0]
08:59:44.466 [FXGL Background Thread 3 ] DEBUG Engine               - prefWidthProperty: ReadOnlyDoubleProperty [value: 1536.0]
08:59:44.467 [FXGL Background Thread 3 ] DEBUG Engine               - profileDir: profiles/
08:59:44.467 [FXGL Background Thread 3 ] DEBUG Engine               - profileName: StringProperty [value: DEFAULT]
08:59:44.467 [FXGL Background Thread 3 ] DEBUG Engine               - randomSeed: -1
08:59:44.469 [FXGL Background Thread 3 ] DEBUG Engine               - runtimeInfo: RuntimeInfo(platform=WINDOWS, version=17.3, build=30.03.2023 11.49)
08:59:44.469 [FXGL Background Thread 3 ] DEBUG Engine               - saveFileExt: sav
08:59:44.470 [FXGL Background Thread 3 ] DEBUG Engine               - scaledHeightProp$fxgl: DoubleProperty [bound, value: 864.0]
08:59:44.470 [FXGL Background Thread 3 ] DEBUG Engine               - scaledWidthProp$fxgl: DoubleProperty [bound, value: 1536.0]
08:59:44.471 [FXGL Background Thread 3 ] DEBUG Engine               - sceneFactory: com.almasb.fxgl.app.scene.SceneFactory@9fe47bc
08:59:44.472 [FXGL Background Thread 3 ] DEBUG Engine               - secondsIn24h: 60
08:59:44.472 [FXGL Background Thread 3 ] DEBUG Engine               - soundMenuBack: menu/back.wav
08:59:44.472 [FXGL Background Thread 3 ] DEBUG Engine               - soundMenuPress: menu/press.wav
08:59:44.473 [FXGL Background Thread 3 ] DEBUG Engine               - soundMenuSelect: menu/select.wav
08:59:44.473 [FXGL Background Thread 3 ] DEBUG Engine               - soundNotification: core/notification.wav
08:59:44.473 [FXGL Background Thread 3 ] DEBUG Engine               - stageStyle: DECORATED
08:59:44.473 [FXGL Background Thread 3 ] DEBUG Engine               - supportedLanguages: [ENGLISH, FRENCH, GERMAN, HUNGARIAN, RUSSIAN]
08:59:44.473 [FXGL Background Thread 3 ] DEBUG Engine               - ticksPerSecond: -1
08:59:44.474 [FXGL Background Thread 3 ] DEBUG Engine               - title: Megaman
08:59:44.474 [FXGL Background Thread 3 ] DEBUG Engine               - urlGithub: https://github.com/AlmasB/FXGL
08:59:44.474 [FXGL Background Thread 3 ] DEBUG Engine               - urlLeaderboard: http://fxgl-top.herokuapp.com/
08:59:44.474 [FXGL Background Thread 3 ] DEBUG Engine               - urlPOM: https://raw.githubusercontent.com/AlmasB/FXGL/release/README.md
08:59:44.474 [FXGL Background Thread 3 ] DEBUG Engine               - userAppClass: class com.game.megaman2.MegamanApplication
08:59:44.475 [FXGL Background Thread 3 ] DEBUG Engine               - version: 0.1
08:59:44.475 [FXGL Background Thread 3 ] DEBUG Engine               - versionCheckDays: 7
08:59:44.475 [FXGL Background Thread 3 ] DEBUG Engine               - width: 1536
08:59:44.475 [FXGL Background Thread 3 ] DEBUG Engine               - Logging services
08:59:44.475 [FXGL Background Thread 3 ] DEBUG Engine               - class com.almasb.fxgl.app.services.FXGLAssetLoaderService
08:59:44.475 [FXGL Background Thread 3 ] DEBUG Engine               - class com.almasb.fxgl.app.FXGLApplication$GameApplicationService
08:59:44.476 [FXGL Background Thread 3 ] DEBUG Engine               - class com.almasb.fxgl.app.services.FXGLDialogService
08:59:44.476 [FXGL Background Thread 3 ] DEBUG Engine               - class com.almasb.fxgl.app.services.IOTaskExecutorService
08:59:44.476 [FXGL Background Thread 3 ] DEBUG Engine               - class com.almasb.fxgl.io.FileSystemService
08:59:44.476 [FXGL Background Thread 3 ] DEBUG Engine               - class com.almasb.fxgl.localization.LocalizationService
08:59:44.476 [FXGL Background Thread 3 ] DEBUG Engine               - class com.almasb.fxgl.app.services.SystemBundleService
08:59:44.476 [FXGL Background Thread 3 ] DEBUG Engine               - class com.almasb.fxgl.profile.SaveLoadService
08:59:44.476 [FXGL Background Thread 3 ] DEBUG Engine               - class com.almasb.fxgl.ui.FXGLUIFactoryServiceProvider
08:59:44.476 [FXGL Background Thread 3 ] DEBUG Engine               - class com.almasb.fxgl.ui.FXGLDialogFactoryServiceProvider
08:59:44.476 [FXGL Background Thread 3 ] DEBUG Engine               - class com.almasb.fxgl.audio.AudioPlayer
08:59:44.477 [FXGL Background Thread 3 ] DEBUG Engine               - class com.almasb.fxgl.notification.impl.NotificationServiceProvider
08:59:44.477 [FXGL Background Thread 3 ] DEBUG Engine               - class com.almasb.fxgl.achievement.AchievementService
08:59:44.477 [FXGL Background Thread 3 ] DEBUG Engine               - class com.almasb.fxgl.cutscene.CutsceneService
08:59:44.477 [FXGL Background Thread 3 ] DEBUG Engine               - class com.almasb.fxgl.minigames.MiniGameService
08:59:44.477 [FXGL Background Thread 3 ] DEBUG Engine               - class com.almasb.fxgl.net.NetService
08:59:44.477 [FXGL Background Thread 3 ] DEBUG Engine               - class com.almasb.fxgl.app.services.UpdaterService
08:59:44.477 [FXGL Background Thread 3 ] DEBUG Engine               - class com.almasb.fxgl.dev.DevService
08:59:45.154 [JavaFX Application Thread] DEBUG PrimaryStageWindow   - Push state: FXGLDefaultMenu
08:59:45.160 [JavaFX Application Thread] DEBUG Input                - Clearing active input actions
08:59:45.176 [JavaFX Application Thread] DEBUG GameApplicationServi - Removing overlay from GameScene and adding to FXGLDefaultMenu
08:59:45.177 [JavaFX Application Thread] DEBUG PrimaryStageWindow   - GameScene -> FXGLDefaultMenu
08:59:46.704 [JavaFX Application Thread] DEBUG Menu                 - fireExit()
08:59:46.706 [JavaFX Application Thread] DEBUG PrimaryStageWindow   - Push state: DialogSubScene
08:59:46.706 [JavaFX Application Thread] DEBUG Input                - Clearing active input actions
08:59:46.708 [JavaFX Application Thread] DEBUG GameApplicationServi - Removing overlay from FXGLDefaultMenu and adding to DialogSubScene
08:59:46.708 [JavaFX Application Thread] DEBUG PrimaryStageWindow   - FXGLDefaultMenu -> DialogSubScene
08:59:47.994 [JavaFX Application Thread] DEBUG PrimaryStageWindow   - Pop state: DialogSubScene
08:59:47.995 [JavaFX Application Thread] DEBUG Input                - Clearing active input actions
08:59:47.997 [JavaFX Application Thread] DEBUG GameApplicationServi - Removing overlay from DialogSubScene and adding to FXGLDefaultMenu
08:59:47.998 [JavaFX Application Thread] DEBUG PrimaryStageWindow   - FXGLDefaultMenu <- DialogSubScene
08:59:47.998 [JavaFX Application Thread] DEBUG FXGLApplication      - Exiting FXGL
08:59:47.998 [JavaFX Application Thread] DEBUG LoopRunner           - Stopping loop
08:59:47.998 [JavaFX Application Thread] DEBUG SystemBundleService  - Saving FXGL system data
08:59:48.005 [JavaFX Application Thread] DEBUG FileSystemAccess     - Writing to: C:\Users\enric\Desktop\robe mie\Fermi\triennio\Informatica\Intellij\GiocoClasseQuarta\system\fxgl.bundle
08:59:48.010 [JavaFX Application Thread] DEBUG Async                - Shutting down background threads
08:59:48.011 [JavaFX Application Thread] DEBUG PrimaryStageWindow   - Closing main window
08:59:48.038 [JavaFX Application Thread] DEBUG Logger               - Closing Logger
