22:21:43.971 [main                     ] DEBUG Logger               - Configured Logger
22:21:43.994 [main                     ] DEBUG GameApplication      - Logging settings
Title: Pokemon boh
Version: 0.1
Width: 1000
Height: 720
Fullscreen: false
Intro: false
Profiling: false
Single step:false
App Mode: DEVELOPER
Menu Key: ESCAPE
Stage Style: DECORATED
Scene Factory: class com.game.pokemon.FabbricaScene

22:21:44.251 [JavaFX Application Thread] DEBUG FXGLApplication      - Initializing FXGL
22:21:44.254 [JavaFX Application Thread] INFO  Engine               - FXGL-17.3 (30.03.2023 11.49) on WINDOWS (J:22.0.1 FX:22-ea)
22:21:44.255 [JavaFX Application Thread] DEBUG Engine               - JRE Vendor Name: Oracle Corporation
22:21:44.255 [JavaFX Application Thread] DEBUG Engine               - Running on OS: Windows 11 version 10.0
22:21:44.255 [JavaFX Application Thread] DEBUG Engine               - Architecture: amd64
22:21:44.255 [JavaFX Application Thread] INFO  Engine               - Source code and latest versions at: https://github.com/AlmasB/FXGL
22:21:44.255 [JavaFX Application Thread] INFO  Engine               -       Ask questions and discuss at: https://github.com/AlmasB/FXGL/discussions
22:21:44.255 [JavaFX Application Thread] INFO  Engine               -              Join the FXGL chat at: https://gitter.im/AlmasB/FXGL
22:21:44.325 [JavaFX Application Thread] DEBUG PrimaryStageWindow   - Creating a JavaFX scene
22:21:44.362 [JavaFX Application Thread] DEBUG PrimaryStageWindow   - Target settings size: 1000.0 x 720.0
22:21:44.363 [JavaFX Application Thread] DEBUG PrimaryStageWindow   - Scaled scene size:    1000.0 x 720.0
22:21:44.363 [JavaFX Application Thread] DEBUG PrimaryStageWindow   - Scaled ratio: (1.0, 1.0)
22:21:44.363 [JavaFX Application Thread] DEBUG PrimaryStageWindow   - Set initial scene to FXGLStartupScene
22:21:44.366 [JavaFX Application Thread] DEBUG PrimaryStageWindow   - Opening main window
22:21:44.441 [JavaFX Application Thread] DEBUG PrimaryStageWindow   - Window border size: (14.4000244140625, 37.5999755859375)
22:21:44.442 [JavaFX Application Thread] DEBUG PrimaryStageWindow   - Scaled size: 1000.0 x 720.0
22:21:44.442 [JavaFX Application Thread] DEBUG PrimaryStageWindow   - Scaled ratio: (1.0, 1.0)
22:21:44.442 [JavaFX Application Thread] DEBUG PrimaryStageWindow   - Scene size: 1000.0 x 720.0
22:21:44.442 [JavaFX Application Thread] DEBUG PrimaryStageWindow   - Stage size: 1014.4000244140625 x 757.5999755859375
22:21:44.448 [FXGL Background Thread 1 ] DEBUG Engine               - Initializing environment variables
22:21:44.492 [FXGL Background Thread 1 ] DEBUG FXGLAssetLoaderServi - User app class for loading assets: class com.game.pokemon.PokemonApplication
22:21:44.493 [FXGL Background Thread 1 ] DEBUG GameApplicationServi - Applying CSS: fxgl_dark.css
22:21:44.493 [FXGL Background Thread 1 ] DEBUG FXGLAssetLoaderServi - Loading from file system: jar:file:///C:/Users/enric/.m2/repository/com/github/almasb/fxgl/17.3/fxgl-17.3.jar!/fxglassets/ui/css/fxgl_dark.css
22:21:44.535 [FXGL Background Thread 1 ] DEBUG GameApplicationServi - Initializing application scenes
22:21:44.572 [FXGL Background Thread 1 ] DEBUG GameWorld            - Game world initialized
22:21:44.626 [FXGL Background Thread 1 ] DEBUG PhysicsWorld         - Physics world initialized: appHeight=720, physics.ppm=50,0
22:21:44.626 [FXGL Background Thread 1 ] DEBUG PhysicsWorld         - Using strategy: BRUTE_FORCE
22:21:44.630 [FXGL Background Thread 1 ] DEBUG GameScene            - Game scene initialized: 1000x720
22:21:44.636 [FXGL Background Thread 1 ] DEBUG FXGL.DefaultMenu     - createMenuBodyMainMenu()
22:21:44.647 [FXGL Background Thread 1 ] DEBUG FXGL.DefaultMenu     - createOptionsMenu()
22:21:44.657 [FXGL Background Thread 1 ] DEBUG FXGLAssetLoaderServi - Loading from file system: jar:file:///C:/Users/enric/.m2/repository/com/github/almasb/fxgl/17.3/fxgl-17.3.jar!/fxglassets/textures/particles/smoke.png
22:21:44.728 [FXGL Background Thread 1 ] DEBUG FXGLAssetLoaderServi - Loading from file system: jar:file:///C:/Users/enric/.m2/repository/com/github/almasb/fxgl/17.3/fxgl-17.3.jar!/fxglassets/textures/particles/trace_horizontal.png
22:21:44.757 [FXGL Background Thread 1 ] DEBUG FXGLAssetLoaderServi - Loading from file system: file:/C:/Users/enric/Desktop/robe%20mie/Fermi/triennio/Informatica/Intellij/GiocoClasseQuarta/target/classes/assets/music/musicaMenu.mp3
22:21:44.850 [FXGL Background Thread 1 ] DEBUG FXGL.DefaultMenu     - createMenuBodyGameMenu()
22:21:44.851 [FXGL Background Thread 1 ] DEBUG FXGL.DefaultMenu     - createOptionsMenu()
22:21:44.863 [FXGL Background Thread 1 ] DEBUG GameApplicationServi - Application scenes initialized
22:21:44.871 [FXGL Background Thread 1 ] DEBUG SystemBundleService  - Loading FXGL system data
22:21:44.873 [FXGL Background Thread 1 ] DEBUG FileSystemAccess     - Reading from: C:\Users\enric\Desktop\robe mie\Fermi\triennio\Informatica\Intellij\GiocoClasseQuarta\system\fxgl.bundle
22:21:44.881 [FXGL Background Thread 1 ] DEBUG SystemBundleService  - Bundle FXGL: {}
22:21:44.881 [FXGL Background Thread 1 ] DEBUG UpdaterService       - Checking for updates
22:21:44.902 [FXGL Background Thread 4 ] DEBUG FXGLApplication      - Loading fonts
22:21:44.902 [FXGL Background Thread 1 ] DEBUG FXGLApplication      - Loading default localization
22:21:44.902 [FXGL Background Thread 4 ] DEBUG FXGLAssetLoaderServi - Loading from file system: jar:file:///C:/Users/enric/.m2/repository/com/github/almasb/fxgl/17.3/fxgl-17.3.jar!/fxglassets/ui/fonts/VarelaRound-Regular.ttf
22:21:44.903 [FXGL Background Thread 1 ] DEBUG FXGLAssetLoaderServi - Loading from file system: jar:file:///C:/Users/enric/.m2/repository/com/github/almasb/fxgl/17.3/fxgl-17.3.jar!/fxglassets/languages/english.lang
22:21:44.917 [FXGL Background Thread 1 ] INFO  FXGLApplication      - FXGL initialization took: 0,469 sec
22:21:44.926 [JavaFX Application Thread] DEBUG Input                - Registered new binding: Move Right - D
22:21:44.926 [JavaFX Application Thread] DEBUG Input                - Registered new binding: Move Left - A
22:21:44.926 [JavaFX Application Thread] DEBUG Input                - Registered new binding: Move Up - W
22:21:44.927 [JavaFX Application Thread] DEBUG Input                - Registered new binding: Move Down - S
22:21:44.927 [JavaFX Application Thread] DEBUG Input                - Registered new binding: Talk - E
22:21:44.927 [JavaFX Application Thread] DEBUG Input                - Registered new binding: Attack - F
22:21:44.927 [JavaFX Application Thread] DEBUG FXGLAssetLoaderServi - Loading from file system: jar:file:///C:/Users/enric/.m2/repository/com/github/almasb/fxgl/17.3/fxgl-17.3.jar!/fxglassets/textures/fxgl_icon.png
22:21:44.934 [FXGL Background Thread 4 ] DEBUG FXGLAssetLoaderServi - Loading from file system: jar:file:///C:/Users/enric/.m2/repository/com/github/almasb/fxgl/17.3/fxgl-17.3.jar!/fxglassets/ui/fonts/Abel-Regular.ttf
22:21:44.942 [FXGL Background Thread 4 ] DEBUG FXGLAssetLoaderServi - Loading from file system: jar:file:///C:/Users/enric/.m2/repository/com/github/almasb/fxgl/17.3/fxgl-17.3.jar!/fxglassets/ui/fonts/TerminalLandMono-Regular.otf
22:21:44.951 [JavaFX Application Thread] DEBUG FXGLAssetLoaderServi - Loading from file system: jar:file:///C:/Users/enric/.m2/repository/com/github/almasb/fxgl/17.3/fxgl-17.3.jar!/fxglassets/textures/fxgl_default_cursor.png
22:21:44.951 [FXGL Background Thread 4 ] DEBUG FXGLAssetLoaderServi - Loading from file system: jar:file:///C:/Users/enric/.m2/repository/com/github/almasb/fxgl/17.3/fxgl-17.3.jar!/fxglassets/ui/fonts/Courier-Prime.ttf
22:21:44.954 [JavaFX Application Thread] DEBUG Input                - Registered new binding: Screenshot - CTRL+8
22:21:44.954 [JavaFX Application Thread] DEBUG Input                - Registered new binding: Dev Options - 1
22:21:44.954 [JavaFX Application Thread] DEBUG Input                - Registered new binding: Dev Console - 2
22:21:44.955 [JavaFX Application Thread] DEBUG Input                - Registered new binding: System info dump - CTRL+9
22:21:44.955 [JavaFX Application Thread] DEBUG Input                - Registered new binding: Restart - CTRL+R
22:21:44.956 [JavaFX Application Thread] DEBUG Input                - Registered new binding: Toggle Debug Camera - CTRL+7
22:21:44.959 [JavaFX Application Thread] DEBUG LoopRunner           - Starting loop
22:21:44.975 [JavaFX Application Thread] DEBUG LoopRunner           - Initializing JavaFX AnimationTimerLoop
22:21:44.978 [JavaFX Application Thread] DEBUG Input                - Clearing active input actions
22:21:44.989 [JavaFX Application Thread] DEBUG GameApplicationServi - Removing overlay from FXGLStartupScene and adding to FXGLMainMenuDummyScene
22:21:44.994 [JavaFX Application Thread] DEBUG PrimaryStageWindow   - FXGLStartupScene -> FXGLMainMenuDummyScene
22:21:44.995 [JavaFX Application Thread] DEBUG PrimaryStageWindow   - Push state: MainMenu
22:21:45.002 [JavaFX Application Thread] DEBUG AudioPlayer          - Playing music com.almasb.fxgl.audio.Music@1042d74
22:21:45.004 [JavaFX Application Thread] DEBUG Input                - Clearing active input actions
22:21:45.023 [JavaFX Application Thread] DEBUG GameApplicationServi - Removing overlay from FXGLMainMenuDummyScene and adding to MainMenu
22:21:45.024 [JavaFX Application Thread] DEBUG PrimaryStageWindow   - FXGLMainMenuDummyScene -> MainMenu
22:21:45.032 [JavaFX Application Thread] DEBUG FXGLApplication      - Registering font factories with UI factory
22:21:45.303 [FXGL Background Thread 2 ] INFO  UpdaterService       - Your current version:  17.3
22:21:45.303 [FXGL Background Thread 2 ] INFO  UpdaterService       - Latest stable version: 21.1
22:21:46.295 [JavaFX Application Thread] DEBUG Menu                 - fireNewGame()
22:21:46.295 [JavaFX Application Thread] DEBUG GameApplicationServi - Starting new game
22:21:46.296 [JavaFX Application Thread] DEBUG AudioPlayer          - Stopping music com.almasb.fxgl.audio.Music@1042d74
22:21:46.299 [JavaFX Application Thread] DEBUG PrimaryStageWindow   - Pop state: MainMenu
22:21:46.299 [JavaFX Application Thread] DEBUG Input                - Clearing active input actions
22:21:46.300 [JavaFX Application Thread] DEBUG GameApplicationServi - Removing overlay from MainMenu and adding to FXGLMainMenuDummyScene
22:21:46.302 [JavaFX Application Thread] DEBUG PrimaryStageWindow   - FXGLMainMenuDummyScene <- MainMenu
22:21:46.302 [JavaFX Application Thread] DEBUG Input                - Clearing active input actions
22:21:46.308 [JavaFX Application Thread] DEBUG GameApplicationServi - Removing overlay from FXGLMainMenuDummyScene and adding to FXGLLoadingScene
22:21:46.309 [JavaFX Application Thread] DEBUG PrimaryStageWindow   - FXGLMainMenuDummyScene -> FXGLLoadingScene
22:21:46.309 [JavaFX Application Thread] DEBUG GameApplicationServi - Clearing previous game
22:21:46.309 [JavaFX Application Thread] DEBUG GameScene            - Clearing game scene
22:21:46.309 [JavaFX Application Thread] DEBUG GameWorld            - Clearing game world
22:21:46.309 [JavaFX Application Thread] DEBUG PhysicsWorld         - Clearing physics world
22:21:46.311 [FXGL Background Thread 2 ] DEBUG FXGLApplication      - Initializing game
22:21:46.375 [FXGL Background Thread 2 ] WARN  TMXLevelLoader       - TiledMap generated from 1.10.2. Supported version: 1.9.0. Some features may not be parsed fully.
22:21:46.428 [FXGL Background Thread 2 ] DEBUG TMXLevelLoader       - Parsed TiledMap: file:/C:/Users/enric/Desktop/robe%20mie/Fermi/triennio/Informatica/Intellij/GiocoClasseQuarta/target/classes/assets/levels/livello.tmx
22:21:46.431 [FXGL Background Thread 2 ] DEBUG TMXLevelLoader       - Creating tile layer entities
22:21:46.432 [FXGL Background Thread 2 ] DEBUG TilesetLoader        - Loading view for layer ground
22:21:46.454 [FXGL Background Thread 2 ] DEBUG TilesetLoader        - Created buffer with size 4000.0x4000.0
22:21:46.465 [FXGL Background Thread 2 ] WARN  TilesetLoader        - Diagonally flipped tiles are not currently supported
22:21:46.465 [FXGL Background Thread 2 ] WARN  TilesetLoader        - Diagonally flipped tiles are not currently supported
22:21:46.466 [FXGL Background Thread 2 ] WARN  TilesetLoader        - Diagonally flipped tiles are not currently supported
22:21:46.466 [FXGL Background Thread 2 ] WARN  TilesetLoader        - Diagonally flipped tiles are not currently supported
22:21:46.467 [FXGL Background Thread 2 ] WARN  TilesetLoader        - Diagonally flipped tiles are not currently supported
22:21:46.467 [FXGL Background Thread 2 ] WARN  TilesetLoader        - Diagonally flipped tiles are not currently supported
22:21:46.468 [FXGL Background Thread 2 ] WARN  TilesetLoader        - Diagonally flipped tiles are not currently supported
22:21:46.468 [FXGL Background Thread 2 ] WARN  TilesetLoader        - Diagonally flipped tiles are not currently supported
22:21:46.469 [FXGL Background Thread 2 ] WARN  TilesetLoader        - Diagonally flipped tiles are not currently supported
22:21:46.469 [FXGL Background Thread 2 ] WARN  TilesetLoader        - Diagonally flipped tiles are not currently supported
22:21:46.470 [FXGL Background Thread 2 ] WARN  TilesetLoader        - Diagonally flipped tiles are not currently supported
22:21:46.470 [FXGL Background Thread 2 ] WARN  TilesetLoader        - Diagonally flipped tiles are not currently supported
22:21:46.470 [FXGL Background Thread 2 ] WARN  TilesetLoader        - Diagonally flipped tiles are not currently supported
22:21:46.471 [FXGL Background Thread 2 ] WARN  TilesetLoader        - Diagonally flipped tiles are not currently supported
22:21:46.471 [FXGL Background Thread 2 ] WARN  TilesetLoader        - Diagonally flipped tiles are not currently supported
22:21:46.471 [FXGL Background Thread 2 ] WARN  TilesetLoader        - Diagonally flipped tiles are not currently supported
22:21:46.472 [FXGL Background Thread 2 ] WARN  TilesetLoader        - Diagonally flipped tiles are not currently supported
22:21:46.472 [FXGL Background Thread 2 ] WARN  TilesetLoader        - Diagonally flipped tiles are not currently supported
22:21:46.473 [FXGL Background Thread 2 ] WARN  TilesetLoader        - Diagonally flipped tiles are not currently supported
22:21:46.473 [FXGL Background Thread 2 ] WARN  TilesetLoader        - Diagonally flipped tiles are not currently supported
22:21:46.473 [FXGL Background Thread 2 ] WARN  TilesetLoader        - Diagonally flipped tiles are not currently supported
22:21:46.473 [FXGL Background Thread 2 ] WARN  TilesetLoader        - Diagonally flipped tiles are not currently supported
22:21:46.474 [FXGL Background Thread 2 ] WARN  TilesetLoader        - Diagonally flipped tiles are not currently supported
22:21:46.474 [FXGL Background Thread 2 ] WARN  TilesetLoader        - Diagonally flipped tiles are not currently supported
22:21:46.475 [FXGL Background Thread 2 ] WARN  TilesetLoader        - Diagonally flipped tiles are not currently supported
22:21:46.475 [FXGL Background Thread 2 ] WARN  TilesetLoader        - Diagonally flipped tiles are not currently supported
22:21:46.475 [FXGL Background Thread 2 ] WARN  TilesetLoader        - Diagonally flipped tiles are not currently supported
22:21:46.476 [FXGL Background Thread 2 ] WARN  TilesetLoader        - Diagonally flipped tiles are not currently supported
22:21:46.476 [FXGL Background Thread 2 ] WARN  TilesetLoader        - Diagonally flipped tiles are not currently supported
22:21:46.477 [FXGL Background Thread 2 ] WARN  TilesetLoader        - Diagonally flipped tiles are not currently supported
22:21:46.477 [FXGL Background Thread 2 ] WARN  TilesetLoader        - Diagonally flipped tiles are not currently supported
22:21:46.477 [FXGL Background Thread 2 ] WARN  TilesetLoader        - Diagonally flipped tiles are not currently supported
22:21:46.477 [FXGL Background Thread 2 ] WARN  TilesetLoader        - Diagonally flipped tiles are not currently supported
22:21:46.479 [FXGL Background Thread 2 ] WARN  TilesetLoader        - Diagonally flipped tiles are not currently supported
22:21:46.479 [FXGL Background Thread 2 ] WARN  TilesetLoader        - Diagonally flipped tiles are not currently supported
22:21:46.480 [FXGL Background Thread 2 ] WARN  TilesetLoader        - Diagonally flipped tiles are not currently supported
22:21:46.480 [FXGL Background Thread 2 ] WARN  TilesetLoader        - Diagonally flipped tiles are not currently supported
22:21:46.481 [FXGL Background Thread 2 ] WARN  TilesetLoader        - Diagonally flipped tiles are not currently supported
22:21:46.481 [FXGL Background Thread 2 ] WARN  TilesetLoader        - Diagonally flipped tiles are not currently supported
22:21:46.481 [FXGL Background Thread 2 ] WARN  TilesetLoader        - Diagonally flipped tiles are not currently supported
22:21:46.482 [FXGL Background Thread 2 ] WARN  TilesetLoader        - Diagonally flipped tiles are not currently supported
22:21:46.482 [FXGL Background Thread 2 ] WARN  TilesetLoader        - Diagonally flipped tiles are not currently supported
22:21:46.482 [FXGL Background Thread 2 ] WARN  TilesetLoader        - Diagonally flipped tiles are not currently supported
22:21:46.483 [FXGL Background Thread 2 ] WARN  TilesetLoader        - Diagonally flipped tiles are not currently supported
22:21:46.483 [FXGL Background Thread 2 ] WARN  TilesetLoader        - Diagonally flipped tiles are not currently supported
22:21:46.483 [FXGL Background Thread 2 ] WARN  TilesetLoader        - Diagonally flipped tiles are not currently supported
22:21:46.484 [FXGL Background Thread 2 ] WARN  TilesetLoader        - Diagonally flipped tiles are not currently supported
22:21:46.484 [FXGL Background Thread 2 ] WARN  TilesetLoader        - Diagonally flipped tiles are not currently supported
22:21:46.484 [FXGL Background Thread 2 ] WARN  TilesetLoader        - Diagonally flipped tiles are not currently supported
22:21:46.485 [FXGL Background Thread 2 ] WARN  TilesetLoader        - Diagonally flipped tiles are not currently supported
22:21:46.485 [FXGL Background Thread 2 ] WARN  TilesetLoader        - Diagonally flipped tiles are not currently supported
22:21:46.485 [FXGL Background Thread 2 ] WARN  TilesetLoader        - Diagonally flipped tiles are not currently supported
22:21:46.486 [FXGL Background Thread 2 ] WARN  TilesetLoader        - Diagonally flipped tiles are not currently supported
22:21:46.486 [FXGL Background Thread 2 ] WARN  TilesetLoader        - Diagonally flipped tiles are not currently supported
22:21:46.486 [FXGL Background Thread 2 ] WARN  TilesetLoader        - Diagonally flipped tiles are not currently supported
22:21:46.486 [FXGL Background Thread 2 ] WARN  TilesetLoader        - Diagonally flipped tiles are not currently supported
22:21:46.486 [FXGL Background Thread 2 ] WARN  TilesetLoader        - Diagonally flipped tiles are not currently supported
22:21:46.487 [FXGL Background Thread 2 ] WARN  TilesetLoader        - Diagonally flipped tiles are not currently supported
22:21:46.487 [FXGL Background Thread 2 ] WARN  TilesetLoader        - Diagonally flipped tiles are not currently supported
22:21:46.487 [FXGL Background Thread 2 ] WARN  TilesetLoader        - Diagonally flipped tiles are not currently supported
22:21:46.488 [FXGL Background Thread 2 ] WARN  TilesetLoader        - Diagonally flipped tiles are not currently supported
22:21:46.488 [FXGL Background Thread 2 ] WARN  TilesetLoader        - Diagonally flipped tiles are not currently supported
22:21:46.488 [FXGL Background Thread 2 ] WARN  TilesetLoader        - Diagonally flipped tiles are not currently supported
22:21:46.489 [FXGL Background Thread 2 ] WARN  TilesetLoader        - Diagonally flipped tiles are not currently supported
22:21:46.489 [FXGL Background Thread 2 ] WARN  TilesetLoader        - Diagonally flipped tiles are not currently supported
22:21:46.489 [FXGL Background Thread 2 ] WARN  TilesetLoader        - Diagonally flipped tiles are not currently supported
22:21:46.490 [FXGL Background Thread 2 ] WARN  TilesetLoader        - Diagonally flipped tiles are not currently supported
22:21:46.490 [FXGL Background Thread 2 ] WARN  TilesetLoader        - Diagonally flipped tiles are not currently supported
22:21:46.490 [FXGL Background Thread 2 ] WARN  TilesetLoader        - Diagonally flipped tiles are not currently supported
22:21:46.491 [FXGL Background Thread 2 ] WARN  TilesetLoader        - Diagonally flipped tiles are not currently supported
22:21:46.491 [FXGL Background Thread 2 ] WARN  TilesetLoader        - Diagonally flipped tiles are not currently supported
22:21:46.491 [FXGL Background Thread 2 ] WARN  TilesetLoader        - Diagonally flipped tiles are not currently supported
22:21:46.491 [FXGL Background Thread 2 ] WARN  TilesetLoader        - Diagonally flipped tiles are not currently supported
22:21:46.492 [FXGL Background Thread 2 ] WARN  TilesetLoader        - Diagonally flipped tiles are not currently supported
22:21:46.492 [FXGL Background Thread 2 ] WARN  TilesetLoader        - Diagonally flipped tiles are not currently supported
22:21:46.492 [FXGL Background Thread 2 ] WARN  TilesetLoader        - Diagonally flipped tiles are not currently supported
22:21:46.493 [FXGL Background Thread 2 ] WARN  TilesetLoader        - Diagonally flipped tiles are not currently supported
22:21:46.493 [FXGL Background Thread 2 ] WARN  TilesetLoader        - Diagonally flipped tiles are not currently supported
22:21:46.493 [FXGL Background Thread 2 ] WARN  TilesetLoader        - Diagonally flipped tiles are not currently supported
22:21:46.493 [FXGL Background Thread 2 ] WARN  TilesetLoader        - Diagonally flipped tiles are not currently supported
22:21:46.494 [FXGL Background Thread 2 ] WARN  TilesetLoader        - Diagonally flipped tiles are not currently supported
22:21:46.494 [FXGL Background Thread 2 ] WARN  TilesetLoader        - Diagonally flipped tiles are not currently supported
22:21:46.495 [FXGL Background Thread 2 ] WARN  TilesetLoader        - Diagonally flipped tiles are not currently supported
22:21:46.495 [FXGL Background Thread 2 ] WARN  TilesetLoader        - Diagonally flipped tiles are not currently supported
22:21:46.496 [FXGL Background Thread 2 ] WARN  TilesetLoader        - Diagonally flipped tiles are not currently supported
22:21:46.496 [FXGL Background Thread 2 ] WARN  TilesetLoader        - Diagonally flipped tiles are not currently supported
22:21:46.497 [FXGL Background Thread 2 ] WARN  TilesetLoader        - Diagonally flipped tiles are not currently supported
22:21:46.498 [FXGL Background Thread 2 ] WARN  TilesetLoader        - Diagonally flipped tiles are not currently supported
22:21:46.498 [FXGL Background Thread 2 ] WARN  TilesetLoader        - Diagonally flipped tiles are not currently supported
22:21:46.499 [FXGL Background Thread 2 ] WARN  TilesetLoader        - Diagonally flipped tiles are not currently supported
22:21:46.499 [FXGL Background Thread 2 ] WARN  TilesetLoader        - Diagonally flipped tiles are not currently supported
22:21:46.499 [FXGL Background Thread 2 ] WARN  TilesetLoader        - Diagonally flipped tiles are not currently supported
22:21:46.499 [FXGL Background Thread 2 ] WARN  TilesetLoader        - Diagonally flipped tiles are not currently supported
22:21:46.499 [FXGL Background Thread 2 ] WARN  TilesetLoader        - Diagonally flipped tiles are not currently supported
22:21:46.500 [FXGL Background Thread 2 ] WARN  TilesetLoader        - Diagonally flipped tiles are not currently supported
22:21:46.500 [FXGL Background Thread 2 ] WARN  TilesetLoader        - Diagonally flipped tiles are not currently supported
22:21:46.500 [FXGL Background Thread 2 ] WARN  TilesetLoader        - Diagonally flipped tiles are not currently supported
22:21:46.501 [FXGL Background Thread 2 ] WARN  TilesetLoader        - Diagonally flipped tiles are not currently supported
22:21:46.501 [FXGL Background Thread 2 ] WARN  TilesetLoader        - Diagonally flipped tiles are not currently supported
22:21:46.501 [FXGL Background Thread 2 ] WARN  TilesetLoader        - Diagonally flipped tiles are not currently supported
22:21:46.502 [FXGL Background Thread 2 ] WARN  TilesetLoader        - Diagonally flipped tiles are not currently supported
22:21:46.502 [FXGL Background Thread 2 ] WARN  TilesetLoader        - Diagonally flipped tiles are not currently supported
22:21:46.502 [FXGL Background Thread 2 ] WARN  TilesetLoader        - Diagonally flipped tiles are not currently supported
22:21:46.502 [FXGL Background Thread 2 ] WARN  TilesetLoader        - Diagonally flipped tiles are not currently supported
22:21:46.503 [FXGL Background Thread 2 ] WARN  TilesetLoader        - Diagonally flipped tiles are not currently supported
22:21:46.503 [FXGL Background Thread 2 ] WARN  TilesetLoader        - Diagonally flipped tiles are not currently supported
22:21:46.503 [FXGL Background Thread 2 ] WARN  TilesetLoader        - Diagonally flipped tiles are not currently supported
22:21:46.503 [FXGL Background Thread 2 ] WARN  TilesetLoader        - Diagonally flipped tiles are not currently supported
22:21:46.504 [FXGL Background Thread 2 ] WARN  TilesetLoader        - Diagonally flipped tiles are not currently supported
22:21:46.504 [FXGL Background Thread 2 ] WARN  TilesetLoader        - Diagonally flipped tiles are not currently supported
22:21:46.505 [FXGL Background Thread 2 ] WARN  TilesetLoader        - Diagonally flipped tiles are not currently supported
22:21:46.505 [FXGL Background Thread 2 ] WARN  TilesetLoader        - Diagonally flipped tiles are not currently supported
22:21:46.505 [FXGL Background Thread 2 ] WARN  TilesetLoader        - Diagonally flipped tiles are not currently supported
22:21:46.505 [FXGL Background Thread 2 ] WARN  TilesetLoader        - Diagonally flipped tiles are not currently supported
22:21:46.506 [FXGL Background Thread 2 ] WARN  TilesetLoader        - Diagonally flipped tiles are not currently supported
22:21:46.506 [FXGL Background Thread 2 ] WARN  TilesetLoader        - Diagonally flipped tiles are not currently supported
22:21:46.506 [FXGL Background Thread 2 ] WARN  TilesetLoader        - Diagonally flipped tiles are not currently supported
22:21:46.507 [FXGL Background Thread 2 ] WARN  TilesetLoader        - Diagonally flipped tiles are not currently supported
22:21:46.507 [FXGL Background Thread 2 ] WARN  TilesetLoader        - Diagonally flipped tiles are not currently supported
22:21:46.507 [FXGL Background Thread 2 ] WARN  TilesetLoader        - Diagonally flipped tiles are not currently supported
22:21:46.507 [FXGL Background Thread 2 ] WARN  TilesetLoader        - Diagonally flipped tiles are not currently supported
22:21:46.507 [FXGL Background Thread 2 ] WARN  TilesetLoader        - Diagonally flipped tiles are not currently supported
22:21:46.508 [FXGL Background Thread 2 ] WARN  TilesetLoader        - Diagonally flipped tiles are not currently supported
22:21:46.508 [FXGL Background Thread 2 ] WARN  TilesetLoader        - Diagonally flipped tiles are not currently supported
22:21:46.508 [FXGL Background Thread 2 ] WARN  TilesetLoader        - Diagonally flipped tiles are not currently supported
22:21:46.508 [FXGL Background Thread 2 ] WARN  TilesetLoader        - Diagonally flipped tiles are not currently supported
22:21:46.509 [FXGL Background Thread 2 ] WARN  TilesetLoader        - Diagonally flipped tiles are not currently supported
22:21:46.509 [FXGL Background Thread 2 ] WARN  TilesetLoader        - Diagonally flipped tiles are not currently supported
22:21:46.509 [FXGL Background Thread 2 ] WARN  TilesetLoader        - Diagonally flipped tiles are not currently supported
22:21:46.509 [FXGL Background Thread 2 ] WARN  TilesetLoader        - Diagonally flipped tiles are not currently supported
22:21:46.510 [FXGL Background Thread 2 ] WARN  TilesetLoader        - Diagonally flipped tiles are not currently supported
22:21:46.510 [FXGL Background Thread 2 ] WARN  TilesetLoader        - Diagonally flipped tiles are not currently supported
22:21:46.510 [FXGL Background Thread 2 ] WARN  TilesetLoader        - Diagonally flipped tiles are not currently supported
22:21:46.511 [FXGL Background Thread 2 ] WARN  TilesetLoader        - Diagonally flipped tiles are not currently supported
22:21:46.511 [FXGL Background Thread 2 ] WARN  TilesetLoader        - Diagonally flipped tiles are not currently supported
22:21:46.511 [FXGL Background Thread 2 ] WARN  TilesetLoader        - Diagonally flipped tiles are not currently supported
22:21:46.512 [FXGL Background Thread 2 ] WARN  TilesetLoader        - Diagonally flipped tiles are not currently supported
22:21:46.512 [FXGL Background Thread 2 ] WARN  TilesetLoader        - Diagonally flipped tiles are not currently supported
22:21:46.512 [FXGL Background Thread 2 ] WARN  TilesetLoader        - Diagonally flipped tiles are not currently supported
22:21:46.512 [FXGL Background Thread 2 ] WARN  TilesetLoader        - Diagonally flipped tiles are not currently supported
22:21:46.513 [FXGL Background Thread 2 ] WARN  TilesetLoader        - Diagonally flipped tiles are not currently supported
22:21:46.513 [FXGL Background Thread 2 ] WARN  TilesetLoader        - Diagonally flipped tiles are not currently supported
22:21:46.513 [FXGL Background Thread 2 ] WARN  TilesetLoader        - Diagonally flipped tiles are not currently supported
22:21:46.514 [FXGL Background Thread 2 ] WARN  TilesetLoader        - Diagonally flipped tiles are not currently supported
22:21:46.514 [FXGL Background Thread 2 ] WARN  TilesetLoader        - Diagonally flipped tiles are not currently supported
22:21:46.514 [FXGL Background Thread 2 ] WARN  TilesetLoader        - Diagonally flipped tiles are not currently supported
22:21:46.515 [FXGL Background Thread 2 ] WARN  TilesetLoader        - Diagonally flipped tiles are not currently supported
22:21:46.515 [FXGL Background Thread 2 ] WARN  TilesetLoader        - Diagonally flipped tiles are not currently supported
22:21:46.515 [FXGL Background Thread 2 ] WARN  TilesetLoader        - Diagonally flipped tiles are not currently supported
22:21:46.515 [FXGL Background Thread 2 ] WARN  TilesetLoader        - Diagonally flipped tiles are not currently supported
22:21:46.515 [FXGL Background Thread 2 ] WARN  TilesetLoader        - Diagonally flipped tiles are not currently supported
22:21:46.515 [FXGL Background Thread 2 ] WARN  TilesetLoader        - Diagonally flipped tiles are not currently supported
22:21:46.517 [FXGL Background Thread 2 ] WARN  TilesetLoader        - Diagonally flipped tiles are not currently supported
22:21:46.517 [FXGL Background Thread 2 ] WARN  TilesetLoader        - Diagonally flipped tiles are not currently supported
22:21:46.517 [FXGL Background Thread 2 ] WARN  TilesetLoader        - Diagonally flipped tiles are not currently supported
22:21:46.517 [FXGL Background Thread 2 ] WARN  TilesetLoader        - Diagonally flipped tiles are not currently supported
22:21:46.518 [FXGL Background Thread 2 ] WARN  TilesetLoader        - Diagonally flipped tiles are not currently supported
22:21:46.518 [FXGL Background Thread 2 ] WARN  TilesetLoader        - Diagonally flipped tiles are not currently supported
22:21:46.518 [FXGL Background Thread 2 ] WARN  TilesetLoader        - Diagonally flipped tiles are not currently supported
22:21:46.519 [FXGL Background Thread 2 ] WARN  TilesetLoader        - Diagonally flipped tiles are not currently supported
22:21:46.519 [FXGL Background Thread 2 ] WARN  TilesetLoader        - Diagonally flipped tiles are not currently supported
22:21:46.519 [FXGL Background Thread 2 ] WARN  TilesetLoader        - Diagonally flipped tiles are not currently supported
22:21:46.520 [FXGL Background Thread 2 ] WARN  TilesetLoader        - Diagonally flipped tiles are not currently supported
22:21:46.520 [FXGL Background Thread 2 ] WARN  TilesetLoader        - Diagonally flipped tiles are not currently supported
22:21:46.521 [FXGL Background Thread 2 ] WARN  TilesetLoader        - Diagonally flipped tiles are not currently supported
22:21:46.521 [FXGL Background Thread 2 ] WARN  TilesetLoader        - Diagonally flipped tiles are not currently supported
22:21:46.521 [FXGL Background Thread 2 ] WARN  TilesetLoader        - Diagonally flipped tiles are not currently supported
22:21:46.521 [FXGL Background Thread 2 ] WARN  TilesetLoader        - Diagonally flipped tiles are not currently supported
22:21:46.522 [FXGL Background Thread 2 ] WARN  TilesetLoader        - Diagonally flipped tiles are not currently supported
22:21:46.522 [FXGL Background Thread 2 ] WARN  TilesetLoader        - Diagonally flipped tiles are not currently supported
22:21:46.522 [FXGL Background Thread 2 ] WARN  TilesetLoader        - Diagonally flipped tiles are not currently supported
22:21:46.522 [FXGL Background Thread 2 ] WARN  TilesetLoader        - Diagonally flipped tiles are not currently supported
22:21:46.523 [FXGL Background Thread 2 ] WARN  TilesetLoader        - Diagonally flipped tiles are not currently supported
22:21:46.523 [FXGL Background Thread 2 ] WARN  TilesetLoader        - Diagonally flipped tiles are not currently supported
22:21:46.523 [FXGL Background Thread 2 ] WARN  TilesetLoader        - Diagonally flipped tiles are not currently supported
22:21:46.523 [FXGL Background Thread 2 ] WARN  TilesetLoader        - Diagonally flipped tiles are not currently supported
22:21:46.524 [FXGL Background Thread 2 ] WARN  TilesetLoader        - Diagonally flipped tiles are not currently supported
22:21:46.524 [FXGL Background Thread 2 ] WARN  TilesetLoader        - Diagonally flipped tiles are not currently supported
22:21:46.524 [FXGL Background Thread 2 ] WARN  TilesetLoader        - Diagonally flipped tiles are not currently supported
22:21:46.524 [FXGL Background Thread 2 ] WARN  TilesetLoader        - Diagonally flipped tiles are not currently supported
22:21:46.525 [FXGL Background Thread 2 ] WARN  TilesetLoader        - Diagonally flipped tiles are not currently supported
22:21:46.525 [FXGL Background Thread 2 ] WARN  TilesetLoader        - Diagonally flipped tiles are not currently supported
22:21:46.525 [FXGL Background Thread 2 ] WARN  TilesetLoader        - Diagonally flipped tiles are not currently supported
22:21:46.525 [FXGL Background Thread 2 ] WARN  TilesetLoader        - Diagonally flipped tiles are not currently supported
22:21:46.526 [FXGL Background Thread 2 ] WARN  TilesetLoader        - Diagonally flipped tiles are not currently supported
22:21:46.526 [FXGL Background Thread 2 ] WARN  TilesetLoader        - Diagonally flipped tiles are not currently supported
22:21:46.526 [FXGL Background Thread 2 ] WARN  TilesetLoader        - Diagonally flipped tiles are not currently supported
22:21:46.526 [FXGL Background Thread 2 ] WARN  TilesetLoader        - Diagonally flipped tiles are not currently supported
22:21:46.527 [FXGL Background Thread 2 ] WARN  TilesetLoader        - Diagonally flipped tiles are not currently supported
22:21:46.527 [FXGL Background Thread 2 ] WARN  TilesetLoader        - Diagonally flipped tiles are not currently supported
22:21:46.527 [FXGL Background Thread 2 ] WARN  TilesetLoader        - Diagonally flipped tiles are not currently supported
22:21:46.528 [FXGL Background Thread 2 ] WARN  TilesetLoader        - Diagonally flipped tiles are not currently supported
22:21:46.528 [FXGL Background Thread 2 ] WARN  TilesetLoader        - Diagonally flipped tiles are not currently supported
22:21:46.529 [FXGL Background Thread 2 ] WARN  TilesetLoader        - Diagonally flipped tiles are not currently supported
22:21:46.529 [FXGL Background Thread 2 ] WARN  TilesetLoader        - Diagonally flipped tiles are not currently supported
22:21:46.529 [FXGL Background Thread 2 ] WARN  TilesetLoader        - Diagonally flipped tiles are not currently supported
22:21:46.530 [FXGL Background Thread 2 ] WARN  TilesetLoader        - Diagonally flipped tiles are not currently supported
22:21:46.530 [FXGL Background Thread 2 ] WARN  TilesetLoader        - Diagonally flipped tiles are not currently supported
22:21:46.530 [FXGL Background Thread 2 ] WARN  TilesetLoader        - Diagonally flipped tiles are not currently supported
22:21:46.531 [FXGL Background Thread 2 ] WARN  TilesetLoader        - Diagonally flipped tiles are not currently supported
22:21:46.531 [FXGL Background Thread 2 ] WARN  TilesetLoader        - Diagonally flipped tiles are not currently supported
22:21:46.531 [FXGL Background Thread 2 ] WARN  TilesetLoader        - Diagonally flipped tiles are not currently supported
22:21:46.531 [FXGL Background Thread 2 ] WARN  TilesetLoader        - Diagonally flipped tiles are not currently supported
22:21:46.532 [FXGL Background Thread 2 ] WARN  TilesetLoader        - Diagonally flipped tiles are not currently supported
22:21:46.532 [FXGL Background Thread 2 ] WARN  TilesetLoader        - Diagonally flipped tiles are not currently supported
22:21:46.532 [FXGL Background Thread 2 ] WARN  TilesetLoader        - Diagonally flipped tiles are not currently supported
22:21:46.533 [FXGL Background Thread 2 ] WARN  TilesetLoader        - Diagonally flipped tiles are not currently supported
22:21:46.533 [FXGL Background Thread 2 ] WARN  TilesetLoader        - Diagonally flipped tiles are not currently supported
22:21:46.535 [FXGL Background Thread 2 ] WARN  TilesetLoader        - Diagonally flipped tiles are not currently supported
22:21:46.535 [FXGL Background Thread 2 ] WARN  TilesetLoader        - Diagonally flipped tiles are not currently supported
22:21:46.535 [FXGL Background Thread 2 ] WARN  TilesetLoader        - Diagonally flipped tiles are not currently supported
22:21:46.535 [FXGL Background Thread 2 ] WARN  TilesetLoader        - Diagonally flipped tiles are not currently supported
22:21:46.536 [FXGL Background Thread 2 ] WARN  TilesetLoader        - Diagonally flipped tiles are not currently supported
22:21:46.536 [FXGL Background Thread 2 ] WARN  TilesetLoader        - Diagonally flipped tiles are not currently supported
22:21:46.537 [FXGL Background Thread 2 ] WARN  TilesetLoader        - Diagonally flipped tiles are not currently supported
22:21:46.537 [FXGL Background Thread 2 ] WARN  TilesetLoader        - Diagonally flipped tiles are not currently supported
22:21:46.537 [FXGL Background Thread 2 ] WARN  TilesetLoader        - Diagonally flipped tiles are not currently supported
22:21:46.537 [FXGL Background Thread 2 ] WARN  TilesetLoader        - Diagonally flipped tiles are not currently supported
22:21:46.538 [FXGL Background Thread 2 ] WARN  TilesetLoader        - Diagonally flipped tiles are not currently supported
22:21:46.538 [FXGL Background Thread 2 ] WARN  TilesetLoader        - Diagonally flipped tiles are not currently supported
22:21:46.538 [FXGL Background Thread 2 ] WARN  TilesetLoader        - Diagonally flipped tiles are not currently supported
22:21:46.538 [FXGL Background Thread 2 ] WARN  TilesetLoader        - Diagonally flipped tiles are not currently supported
22:21:46.538 [FXGL Background Thread 2 ] WARN  TilesetLoader        - Diagonally flipped tiles are not currently supported
22:21:46.538 [FXGL Background Thread 2 ] WARN  TilesetLoader        - Diagonally flipped tiles are not currently supported
22:21:46.539 [FXGL Background Thread 2 ] WARN  TilesetLoader        - Diagonally flipped tiles are not currently supported
22:21:46.539 [FXGL Background Thread 2 ] WARN  TilesetLoader        - Diagonally flipped tiles are not currently supported
22:21:46.539 [FXGL Background Thread 2 ] WARN  TilesetLoader        - Diagonally flipped tiles are not currently supported
22:21:46.539 [FXGL Background Thread 2 ] WARN  TilesetLoader        - Diagonally flipped tiles are not currently supported
22:21:46.540 [FXGL Background Thread 2 ] WARN  TilesetLoader        - Diagonally flipped tiles are not currently supported
22:21:46.540 [FXGL Background Thread 2 ] WARN  TilesetLoader        - Diagonally flipped tiles are not currently supported
22:21:46.540 [FXGL Background Thread 2 ] WARN  TilesetLoader        - Diagonally flipped tiles are not currently supported
22:21:46.540 [FXGL Background Thread 2 ] WARN  TilesetLoader        - Diagonally flipped tiles are not currently supported
22:21:46.541 [FXGL Background Thread 2 ] WARN  TilesetLoader        - Diagonally flipped tiles are not currently supported
22:21:46.541 [FXGL Background Thread 2 ] WARN  TilesetLoader        - Diagonally flipped tiles are not currently supported
22:21:46.541 [FXGL Background Thread 2 ] WARN  TilesetLoader        - Diagonally flipped tiles are not currently supported
22:21:46.541 [FXGL Background Thread 2 ] WARN  TilesetLoader        - Diagonally flipped tiles are not currently supported
22:21:46.542 [FXGL Background Thread 2 ] WARN  TilesetLoader        - Diagonally flipped tiles are not currently supported
22:21:46.542 [FXGL Background Thread 2 ] WARN  TilesetLoader        - Diagonally flipped tiles are not currently supported
22:21:46.543 [FXGL Background Thread 2 ] WARN  TilesetLoader        - Diagonally flipped tiles are not currently supported
22:21:46.543 [FXGL Background Thread 2 ] WARN  TilesetLoader        - Diagonally flipped tiles are not currently supported
22:21:46.544 [FXGL Background Thread 2 ] WARN  TilesetLoader        - Diagonally flipped tiles are not currently supported
22:21:46.544 [FXGL Background Thread 2 ] WARN  TilesetLoader        - Diagonally flipped tiles are not currently supported
22:21:46.544 [FXGL Background Thread 2 ] WARN  TilesetLoader        - Diagonally flipped tiles are not currently supported
22:21:46.544 [FXGL Background Thread 2 ] WARN  TilesetLoader        - Diagonally flipped tiles are not currently supported
22:21:46.545 [FXGL Background Thread 2 ] WARN  TilesetLoader        - Diagonally flipped tiles are not currently supported
22:21:46.545 [FXGL Background Thread 2 ] WARN  TilesetLoader        - Diagonally flipped tiles are not currently supported
22:21:46.545 [FXGL Background Thread 2 ] WARN  TilesetLoader        - Diagonally flipped tiles are not currently supported
22:21:46.546 [FXGL Background Thread 2 ] WARN  TilesetLoader        - Diagonally flipped tiles are not currently supported
22:21:46.546 [FXGL Background Thread 2 ] WARN  TilesetLoader        - Diagonally flipped tiles are not currently supported
22:21:46.546 [FXGL Background Thread 2 ] WARN  TilesetLoader        - Diagonally flipped tiles are not currently supported
22:21:46.547 [FXGL Background Thread 2 ] WARN  TilesetLoader        - Diagonally flipped tiles are not currently supported
22:21:46.547 [FXGL Background Thread 2 ] WARN  TilesetLoader        - Diagonally flipped tiles are not currently supported
22:21:46.548 [FXGL Background Thread 2 ] WARN  TilesetLoader        - Diagonally flipped tiles are not currently supported
22:21:46.548 [FXGL Background Thread 2 ] WARN  TilesetLoader        - Diagonally flipped tiles are not currently supported
22:21:46.548 [FXGL Background Thread 2 ] WARN  TilesetLoader        - Diagonally flipped tiles are not currently supported
22:21:46.548 [FXGL Background Thread 2 ] WARN  TilesetLoader        - Diagonally flipped tiles are not currently supported
22:21:46.549 [FXGL Background Thread 2 ] WARN  TilesetLoader        - Diagonally flipped tiles are not currently supported
22:21:46.549 [FXGL Background Thread 2 ] WARN  TilesetLoader        - Diagonally flipped tiles are not currently supported
22:21:46.549 [FXGL Background Thread 2 ] WARN  TilesetLoader        - Diagonally flipped tiles are not currently supported
22:21:46.549 [FXGL Background Thread 2 ] WARN  TilesetLoader        - Diagonally flipped tiles are not currently supported
22:21:46.550 [FXGL Background Thread 2 ] WARN  TilesetLoader        - Diagonally flipped tiles are not currently supported
22:21:46.550 [FXGL Background Thread 2 ] WARN  TilesetLoader        - Diagonally flipped tiles are not currently supported
22:21:46.551 [FXGL Background Thread 2 ] WARN  TilesetLoader        - Diagonally flipped tiles are not currently supported
22:21:46.551 [FXGL Background Thread 2 ] WARN  TilesetLoader        - Diagonally flipped tiles are not currently supported
22:21:46.551 [FXGL Background Thread 2 ] WARN  TilesetLoader        - Diagonally flipped tiles are not currently supported
22:21:46.551 [FXGL Background Thread 2 ] WARN  TilesetLoader        - Diagonally flipped tiles are not currently supported
22:21:46.552 [FXGL Background Thread 2 ] WARN  TilesetLoader        - Diagonally flipped tiles are not currently supported
22:21:46.552 [FXGL Background Thread 2 ] WARN  TilesetLoader        - Diagonally flipped tiles are not currently supported
22:21:46.552 [FXGL Background Thread 2 ] WARN  TilesetLoader        - Diagonally flipped tiles are not currently supported
22:21:46.552 [FXGL Background Thread 2 ] WARN  TilesetLoader        - Diagonally flipped tiles are not currently supported
22:21:46.553 [FXGL Background Thread 2 ] WARN  TilesetLoader        - Diagonally flipped tiles are not currently supported
22:21:46.553 [FXGL Background Thread 2 ] WARN  TilesetLoader        - Diagonally flipped tiles are not currently supported
22:21:46.553 [FXGL Background Thread 2 ] WARN  TilesetLoader        - Diagonally flipped tiles are not currently supported
22:21:46.554 [FXGL Background Thread 2 ] WARN  TilesetLoader        - Diagonally flipped tiles are not currently supported
22:21:46.554 [FXGL Background Thread 2 ] WARN  TilesetLoader        - Diagonally flipped tiles are not currently supported
22:21:46.554 [FXGL Background Thread 2 ] WARN  TilesetLoader        - Diagonally flipped tiles are not currently supported
22:21:46.554 [FXGL Background Thread 2 ] WARN  TilesetLoader        - Diagonally flipped tiles are not currently supported
22:21:46.554 [FXGL Background Thread 2 ] WARN  TilesetLoader        - Diagonally flipped tiles are not currently supported
22:21:46.555 [FXGL Background Thread 2 ] WARN  TilesetLoader        - Diagonally flipped tiles are not currently supported
22:21:46.555 [FXGL Background Thread 2 ] WARN  TilesetLoader        - Diagonally flipped tiles are not currently supported
22:21:46.555 [FXGL Background Thread 2 ] WARN  TilesetLoader        - Diagonally flipped tiles are not currently supported
22:21:46.555 [FXGL Background Thread 2 ] WARN  TilesetLoader        - Diagonally flipped tiles are not currently supported
22:21:46.556 [FXGL Background Thread 2 ] WARN  TilesetLoader        - Diagonally flipped tiles are not currently supported
22:21:46.556 [FXGL Background Thread 2 ] WARN  TilesetLoader        - Diagonally flipped tiles are not currently supported
22:21:46.556 [FXGL Background Thread 2 ] WARN  TilesetLoader        - Diagonally flipped tiles are not currently supported
22:21:46.556 [FXGL Background Thread 2 ] WARN  TilesetLoader        - Diagonally flipped tiles are not currently supported
22:21:46.556 [FXGL Background Thread 2 ] WARN  TilesetLoader        - Diagonally flipped tiles are not currently supported
22:21:46.556 [FXGL Background Thread 2 ] WARN  TilesetLoader        - Diagonally flipped tiles are not currently supported
22:21:46.556 [FXGL Background Thread 2 ] WARN  TilesetLoader        - Diagonally flipped tiles are not currently supported
22:21:46.557 [FXGL Background Thread 2 ] WARN  TilesetLoader        - Diagonally flipped tiles are not currently supported
22:21:46.557 [FXGL Background Thread 2 ] WARN  TilesetLoader        - Diagonally flipped tiles are not currently supported
22:21:46.557 [FXGL Background Thread 2 ] WARN  TilesetLoader        - Diagonally flipped tiles are not currently supported
22:21:46.558 [FXGL Background Thread 2 ] WARN  TilesetLoader        - Diagonally flipped tiles are not currently supported
22:21:46.558 [FXGL Background Thread 2 ] WARN  TilesetLoader        - Diagonally flipped tiles are not currently supported
22:21:46.558 [FXGL Background Thread 2 ] WARN  TilesetLoader        - Diagonally flipped tiles are not currently supported
22:21:46.559 [FXGL Background Thread 2 ] WARN  TilesetLoader        - Diagonally flipped tiles are not currently supported
22:21:46.559 [FXGL Background Thread 2 ] WARN  TilesetLoader        - Diagonally flipped tiles are not currently supported
22:21:46.559 [FXGL Background Thread 2 ] WARN  TilesetLoader        - Diagonally flipped tiles are not currently supported
22:21:46.559 [FXGL Background Thread 2 ] WARN  TilesetLoader        - Diagonally flipped tiles are not currently supported
22:21:46.560 [FXGL Background Thread 2 ] WARN  TilesetLoader        - Diagonally flipped tiles are not currently supported
22:21:46.560 [FXGL Background Thread 2 ] WARN  TilesetLoader        - Diagonally flipped tiles are not currently supported
22:21:46.560 [FXGL Background Thread 2 ] WARN  TilesetLoader        - Diagonally flipped tiles are not currently supported
22:21:46.560 [FXGL Background Thread 2 ] WARN  TilesetLoader        - Diagonally flipped tiles are not currently supported
22:21:46.561 [FXGL Background Thread 2 ] WARN  TilesetLoader        - Diagonally flipped tiles are not currently supported
22:21:46.561 [FXGL Background Thread 2 ] WARN  TilesetLoader        - Diagonally flipped tiles are not currently supported
22:21:46.562 [FXGL Background Thread 2 ] WARN  TilesetLoader        - Diagonally flipped tiles are not currently supported
22:21:46.562 [FXGL Background Thread 2 ] WARN  TilesetLoader        - Diagonally flipped tiles are not currently supported
22:21:46.562 [FXGL Background Thread 2 ] WARN  TilesetLoader        - Diagonally flipped tiles are not currently supported
22:21:46.562 [FXGL Background Thread 2 ] WARN  TilesetLoader        - Diagonally flipped tiles are not currently supported
22:21:46.563 [FXGL Background Thread 2 ] WARN  TilesetLoader        - Diagonally flipped tiles are not currently supported
22:21:46.565 [FXGL Background Thread 2 ] WARN  TilesetLoader        - Diagonally flipped tiles are not currently supported
22:21:46.565 [FXGL Background Thread 2 ] WARN  TilesetLoader        - Diagonally flipped tiles are not currently supported
22:21:46.566 [FXGL Background Thread 2 ] WARN  TilesetLoader        - Diagonally flipped tiles are not currently supported
22:21:46.566 [FXGL Background Thread 2 ] WARN  TilesetLoader        - Diagonally flipped tiles are not currently supported
22:21:46.566 [FXGL Background Thread 2 ] WARN  TilesetLoader        - Diagonally flipped tiles are not currently supported
22:21:46.566 [FXGL Background Thread 2 ] WARN  TilesetLoader        - Diagonally flipped tiles are not currently supported
22:21:46.567 [FXGL Background Thread 2 ] WARN  TilesetLoader        - Diagonally flipped tiles are not currently supported
22:21:46.567 [FXGL Background Thread 2 ] WARN  TilesetLoader        - Diagonally flipped tiles are not currently supported
22:21:46.567 [FXGL Background Thread 2 ] WARN  TilesetLoader        - Diagonally flipped tiles are not currently supported
22:21:46.567 [FXGL Background Thread 2 ] WARN  TilesetLoader        - Diagonally flipped tiles are not currently supported
22:21:46.567 [FXGL Background Thread 2 ] WARN  TilesetLoader        - Diagonally flipped tiles are not currently supported
22:21:46.567 [FXGL Background Thread 2 ] WARN  TilesetLoader        - Diagonally flipped tiles are not currently supported
22:21:46.568 [FXGL Background Thread 2 ] WARN  TilesetLoader        - Diagonally flipped tiles are not currently supported
22:21:46.568 [FXGL Background Thread 2 ] WARN  TilesetLoader        - Diagonally flipped tiles are not currently supported
22:21:46.568 [FXGL Background Thread 2 ] WARN  TilesetLoader        - Diagonally flipped tiles are not currently supported
22:21:46.568 [FXGL Background Thread 2 ] WARN  TilesetLoader        - Diagonally flipped tiles are not currently supported
22:21:46.568 [FXGL Background Thread 2 ] WARN  TilesetLoader        - Diagonally flipped tiles are not currently supported
22:21:46.569 [FXGL Background Thread 2 ] WARN  TilesetLoader        - Diagonally flipped tiles are not currently supported
22:21:46.569 [FXGL Background Thread 2 ] WARN  TilesetLoader        - Diagonally flipped tiles are not currently supported
22:21:46.569 [FXGL Background Thread 2 ] WARN  TilesetLoader        - Diagonally flipped tiles are not currently supported
22:21:46.569 [FXGL Background Thread 2 ] WARN  TilesetLoader        - Diagonally flipped tiles are not currently supported
22:21:46.570 [FXGL Background Thread 2 ] WARN  TilesetLoader        - Diagonally flipped tiles are not currently supported
22:21:46.570 [FXGL Background Thread 2 ] WARN  TilesetLoader        - Diagonally flipped tiles are not currently supported
22:21:46.570 [FXGL Background Thread 2 ] WARN  TilesetLoader        - Diagonally flipped tiles are not currently supported
22:21:46.570 [FXGL Background Thread 2 ] WARN  TilesetLoader        - Diagonally flipped tiles are not currently supported
22:21:46.570 [FXGL Background Thread 2 ] WARN  TilesetLoader        - Diagonally flipped tiles are not currently supported
22:21:46.570 [FXGL Background Thread 2 ] WARN  TilesetLoader        - Diagonally flipped tiles are not currently supported
22:21:46.571 [FXGL Background Thread 2 ] WARN  TilesetLoader        - Diagonally flipped tiles are not currently supported
22:21:46.571 [FXGL Background Thread 2 ] WARN  TilesetLoader        - Diagonally flipped tiles are not currently supported
22:21:46.571 [FXGL Background Thread 2 ] WARN  TilesetLoader        - Diagonally flipped tiles are not currently supported
22:21:46.572 [FXGL Background Thread 2 ] WARN  TilesetLoader        - Diagonally flipped tiles are not currently supported
22:21:46.572 [FXGL Background Thread 2 ] WARN  TilesetLoader        - Diagonally flipped tiles are not currently supported
22:21:46.572 [FXGL Background Thread 2 ] WARN  TilesetLoader        - Diagonally flipped tiles are not currently supported
22:21:46.573 [FXGL Background Thread 2 ] WARN  TilesetLoader        - Diagonally flipped tiles are not currently supported
22:21:46.573 [FXGL Background Thread 2 ] WARN  TilesetLoader        - Diagonally flipped tiles are not currently supported
22:21:46.573 [FXGL Background Thread 2 ] WARN  TilesetLoader        - Diagonally flipped tiles are not currently supported
22:21:46.574 [FXGL Background Thread 2 ] WARN  TilesetLoader        - Diagonally flipped tiles are not currently supported
22:21:46.574 [FXGL Background Thread 2 ] WARN  TilesetLoader        - Diagonally flipped tiles are not currently supported
22:21:46.574 [FXGL Background Thread 2 ] WARN  TilesetLoader        - Diagonally flipped tiles are not currently supported
22:21:46.574 [FXGL Background Thread 2 ] WARN  TilesetLoader        - Diagonally flipped tiles are not currently supported
22:21:46.574 [FXGL Background Thread 2 ] WARN  TilesetLoader        - Diagonally flipped tiles are not currently supported
22:21:46.574 [FXGL Background Thread 2 ] WARN  TilesetLoader        - Diagonally flipped tiles are not currently supported
22:21:46.581 [FXGL Background Thread 2 ] WARN  TilesetLoader        - Diagonally flipped tiles are not currently supported
22:21:46.581 [FXGL Background Thread 2 ] WARN  TilesetLoader        - Diagonally flipped tiles are not currently supported
22:21:46.581 [FXGL Background Thread 2 ] WARN  TilesetLoader        - Diagonally flipped tiles are not currently supported
22:21:46.582 [FXGL Background Thread 2 ] WARN  TilesetLoader        - Diagonally flipped tiles are not currently supported
22:21:46.582 [FXGL Background Thread 2 ] WARN  TilesetLoader        - Diagonally flipped tiles are not currently supported
22:21:46.582 [FXGL Background Thread 2 ] WARN  TilesetLoader        - Diagonally flipped tiles are not currently supported
22:21:46.582 [FXGL Background Thread 2 ] WARN  TilesetLoader        - Diagonally flipped tiles are not currently supported
22:21:46.583 [FXGL Background Thread 2 ] WARN  TilesetLoader        - Diagonally flipped tiles are not currently supported
22:21:46.587 [FXGL Background Thread 2 ] DEBUG TMXLevelLoader       - Creating object layer entities
22:21:46.641 [FXGL Background Thread 2 ] DEBUG GameWorld            - Clearing removable entities
22:21:46.642 [FXGL Background Thread 2 ] DEBUG GameWorld            - Setting level: com.almasb.fxgl.entity.level.Level@7c3c6020
22:21:46.658 [FXGL Background Thread 2 ] DEBUG FXGLAssetLoaderServi - Loading from file system: file:/C:/Users/enric/Desktop/robe%20mie/Fermi/triennio/Informatica/Intellij/GiocoClasseQuarta/target/classes/assets/textures/matteolongobardi.png
22:21:46.661 [FXGL Background Thread 2 ] DEBUG FXGLAssetLoaderServi - Loading from file system: file:/C:/Users/enric/Desktop/robe%20mie/Fermi/triennio/Informatica/Intellij/GiocoClasseQuarta/target/classes/assets/textures/corsalaterale/corsalaterale1.png
22:21:46.662 [FXGL Background Thread 2 ] DEBUG FXGLAssetLoaderServi - Loading from file system: file:/C:/Users/enric/Desktop/robe%20mie/Fermi/triennio/Informatica/Intellij/GiocoClasseQuarta/target/classes/assets/textures/corsalaterale/corsalaterale2.png
22:21:46.662 [FXGL Background Thread 2 ] DEBUG FXGLAssetLoaderServi - Loading from file system: file:/C:/Users/enric/Desktop/robe%20mie/Fermi/triennio/Informatica/Intellij/GiocoClasseQuarta/target/classes/assets/textures/corsalaterale/corsalaterale3.png
22:21:46.663 [FXGL Background Thread 2 ] DEBUG FXGLAssetLoaderServi - Loading from file system: file:/C:/Users/enric/Desktop/robe%20mie/Fermi/triennio/Informatica/Intellij/GiocoClasseQuarta/target/classes/assets/textures/corsalaterale/corsalaterale4.png
22:21:46.664 [FXGL Background Thread 2 ] DEBUG FXGLAssetLoaderServi - Loading from file system: file:/C:/Users/enric/Desktop/robe%20mie/Fermi/triennio/Informatica/Intellij/GiocoClasseQuarta/target/classes/assets/textures/corsalaterale/corsalaterale5.png
22:21:46.664 [FXGL Background Thread 2 ] DEBUG FXGLAssetLoaderServi - Loading from file system: file:/C:/Users/enric/Desktop/robe%20mie/Fermi/triennio/Informatica/Intellij/GiocoClasseQuarta/target/classes/assets/textures/corsalaterale/corsalaterale6.png
22:21:46.665 [FXGL Background Thread 2 ] DEBUG FXGLAssetLoaderServi - Loading from file system: file:/C:/Users/enric/Desktop/robe%20mie/Fermi/triennio/Informatica/Intellij/GiocoClasseQuarta/target/classes/assets/textures/corsasu/corsasu1.png
22:21:46.665 [FXGL Background Thread 2 ] DEBUG FXGLAssetLoaderServi - Loading from file system: file:/C:/Users/enric/Desktop/robe%20mie/Fermi/triennio/Informatica/Intellij/GiocoClasseQuarta/target/classes/assets/textures/corsasu/corsasu2.png
22:21:46.666 [FXGL Background Thread 2 ] DEBUG FXGLAssetLoaderServi - Loading from file system: file:/C:/Users/enric/Desktop/robe%20mie/Fermi/triennio/Informatica/Intellij/GiocoClasseQuarta/target/classes/assets/textures/corsasu/corsasu3.png
22:21:46.666 [FXGL Background Thread 2 ] DEBUG FXGLAssetLoaderServi - Loading from file system: file:/C:/Users/enric/Desktop/robe%20mie/Fermi/triennio/Informatica/Intellij/GiocoClasseQuarta/target/classes/assets/textures/corsasu/corsasu4.png
22:21:46.666 [FXGL Background Thread 2 ] DEBUG FXGLAssetLoaderServi - Loading from file system: file:/C:/Users/enric/Desktop/robe%20mie/Fermi/triennio/Informatica/Intellij/GiocoClasseQuarta/target/classes/assets/textures/corsasu/corsasu5.png
22:21:46.667 [FXGL Background Thread 2 ] DEBUG FXGLAssetLoaderServi - Loading from file system: file:/C:/Users/enric/Desktop/robe%20mie/Fermi/triennio/Informatica/Intellij/GiocoClasseQuarta/target/classes/assets/textures/corsasu/corsasu6.png
22:21:46.668 [FXGL Background Thread 2 ] DEBUG FXGLAssetLoaderServi - Loading from file system: file:/C:/Users/enric/Desktop/robe%20mie/Fermi/triennio/Informatica/Intellij/GiocoClasseQuarta/target/classes/assets/textures/corsagiu/corsagiu1.png
22:21:46.668 [FXGL Background Thread 2 ] DEBUG FXGLAssetLoaderServi - Loading from file system: file:/C:/Users/enric/Desktop/robe%20mie/Fermi/triennio/Informatica/Intellij/GiocoClasseQuarta/target/classes/assets/textures/corsagiu/corsagiu2.png
22:21:46.669 [FXGL Background Thread 2 ] DEBUG FXGLAssetLoaderServi - Loading from file system: file:/C:/Users/enric/Desktop/robe%20mie/Fermi/triennio/Informatica/Intellij/GiocoClasseQuarta/target/classes/assets/textures/corsagiu/corsagiu3.png
22:21:46.670 [FXGL Background Thread 2 ] DEBUG FXGLAssetLoaderServi - Loading from file system: file:/C:/Users/enric/Desktop/robe%20mie/Fermi/triennio/Informatica/Intellij/GiocoClasseQuarta/target/classes/assets/textures/corsagiu/corsagiu4.png
22:21:46.671 [FXGL Background Thread 2 ] DEBUG FXGLAssetLoaderServi - Loading from file system: file:/C:/Users/enric/Desktop/robe%20mie/Fermi/triennio/Informatica/Intellij/GiocoClasseQuarta/target/classes/assets/textures/corsagiu/corsagiu5.png
22:21:46.672 [FXGL Background Thread 2 ] DEBUG FXGLAssetLoaderServi - Loading from file system: file:/C:/Users/enric/Desktop/robe%20mie/Fermi/triennio/Informatica/Intellij/GiocoClasseQuarta/target/classes/assets/textures/corsagiu/corsagiu6.png
22:21:46.673 [FXGL Background Thread 2 ] DEBUG FXGLAssetLoaderServi - Loading from file system: file:/C:/Users/enric/Desktop/robe%20mie/Fermi/triennio/Informatica/Intellij/GiocoClasseQuarta/target/classes/assets/textures/canna/cannagiu1.png
22:21:46.673 [FXGL Background Thread 2 ] DEBUG FXGLAssetLoaderServi - Loading from file system: file:/C:/Users/enric/Desktop/robe%20mie/Fermi/triennio/Informatica/Intellij/GiocoClasseQuarta/target/classes/assets/textures/canna/cannagiu2.png
22:21:46.674 [FXGL Background Thread 2 ] DEBUG FXGLAssetLoaderServi - Loading from file system: file:/C:/Users/enric/Desktop/robe%20mie/Fermi/triennio/Informatica/Intellij/GiocoClasseQuarta/target/classes/assets/textures/canna/cannagiu3.png
22:21:46.674 [FXGL Background Thread 2 ] DEBUG FXGLAssetLoaderServi - Loading from file system: file:/C:/Users/enric/Desktop/robe%20mie/Fermi/triennio/Informatica/Intellij/GiocoClasseQuarta/target/classes/assets/textures/canna/cannagiu4.png
22:21:46.675 [FXGL Background Thread 2 ] DEBUG FXGLAssetLoaderServi - Loading from file system: file:/C:/Users/enric/Desktop/robe%20mie/Fermi/triennio/Informatica/Intellij/GiocoClasseQuarta/target/classes/assets/textures/canna/cannalaterale1.png
22:21:46.675 [FXGL Background Thread 2 ] DEBUG FXGLAssetLoaderServi - Loading from file system: file:/C:/Users/enric/Desktop/robe%20mie/Fermi/triennio/Informatica/Intellij/GiocoClasseQuarta/target/classes/assets/textures/canna/cannalaterale2.png
22:21:46.676 [FXGL Background Thread 2 ] DEBUG FXGLAssetLoaderServi - Loading from file system: file:/C:/Users/enric/Desktop/robe%20mie/Fermi/triennio/Informatica/Intellij/GiocoClasseQuarta/target/classes/assets/textures/canna/cannalaterale3.png
22:21:46.677 [FXGL Background Thread 2 ] DEBUG FXGLAssetLoaderServi - Loading from file system: file:/C:/Users/enric/Desktop/robe%20mie/Fermi/triennio/Informatica/Intellij/GiocoClasseQuarta/target/classes/assets/textures/canna/cannalaterale4.png
22:21:46.678 [FXGL Background Thread 2 ] DEBUG FXGLAssetLoaderServi - Loading from file system: file:/C:/Users/enric/Desktop/robe%20mie/Fermi/triennio/Informatica/Intellij/GiocoClasseQuarta/target/classes/assets/textures/canna/cannasu1.png
22:21:46.679 [FXGL Background Thread 2 ] DEBUG FXGLAssetLoaderServi - Loading from file system: file:/C:/Users/enric/Desktop/robe%20mie/Fermi/triennio/Informatica/Intellij/GiocoClasseQuarta/target/classes/assets/textures/canna/cannasu2.png
22:21:46.679 [FXGL Background Thread 2 ] DEBUG FXGLAssetLoaderServi - Loading from file system: file:/C:/Users/enric/Desktop/robe%20mie/Fermi/triennio/Informatica/Intellij/GiocoClasseQuarta/target/classes/assets/textures/canna/cannasu3.png
22:21:46.680 [FXGL Background Thread 2 ] DEBUG FXGLAssetLoaderServi - Loading from file system: file:/C:/Users/enric/Desktop/robe%20mie/Fermi/triennio/Informatica/Intellij/GiocoClasseQuarta/target/classes/assets/textures/canna/cannasu4.png
22:21:46.692 [FXGL Background Thread 2 ] DEBUG FXGLAssetLoaderServi - Loading from file system: file:/C:/Users/enric/Desktop/robe%20mie/Fermi/triennio/Informatica/Intellij/GiocoClasseQuarta/target/classes/assets/textures/safficorsagiu1.png
22:21:46.695 [FXGL Background Thread 2 ] DEBUG FXGLAssetLoaderServi - Loading from file system: file:/C:/Users/enric/Desktop/robe%20mie/Fermi/triennio/Informatica/Intellij/GiocoClasseQuarta/target/classes/assets/textures/groudon/idle1.png
22:21:46.696 [FXGL Background Thread 2 ] DEBUG FXGLAssetLoaderServi - Loading from file system: file:/C:/Users/enric/Desktop/robe%20mie/Fermi/triennio/Informatica/Intellij/GiocoClasseQuarta/target/classes/assets/textures/groudon/idle2.png
22:21:46.696 [FXGL Background Thread 2 ] DEBUG FXGLAssetLoaderServi - Loading from file system: file:/C:/Users/enric/Desktop/robe%20mie/Fermi/triennio/Informatica/Intellij/GiocoClasseQuarta/target/classes/assets/textures/groudon/groudonlaterale1.png
22:21:46.697 [FXGL Background Thread 2 ] DEBUG FXGLAssetLoaderServi - Loading from file system: file:/C:/Users/enric/Desktop/robe%20mie/Fermi/triennio/Informatica/Intellij/GiocoClasseQuarta/target/classes/assets/textures/groudon/groudonlaterale2.png
22:21:46.697 [FXGL Background Thread 2 ] DEBUG FXGLAssetLoaderServi - Loading from file system: file:/C:/Users/enric/Desktop/robe%20mie/Fermi/triennio/Informatica/Intellij/GiocoClasseQuarta/target/classes/assets/textures/groudon/groudonlaterale3.png
22:21:46.698 [FXGL Background Thread 2 ] DEBUG FXGLAssetLoaderServi - Loading from file system: file:/C:/Users/enric/Desktop/robe%20mie/Fermi/triennio/Informatica/Intellij/GiocoClasseQuarta/target/classes/assets/textures/groudon/groudonindietro1.png
22:21:46.700 [FXGL Background Thread 2 ] DEBUG FXGLAssetLoaderServi - Loading from file system: file:/C:/Users/enric/Desktop/robe%20mie/Fermi/triennio/Informatica/Intellij/GiocoClasseQuarta/target/classes/assets/textures/groudon/groudonindietro2.png
22:21:46.701 [FXGL Background Thread 2 ] DEBUG FXGLAssetLoaderServi - Loading from file system: file:/C:/Users/enric/Desktop/robe%20mie/Fermi/triennio/Informatica/Intellij/GiocoClasseQuarta/target/classes/assets/textures/groudon/groudonindietro3.png
22:21:46.702 [FXGL Background Thread 2 ] DEBUG FXGLAssetLoaderServi - Loading from file system: file:/C:/Users/enric/Desktop/robe%20mie/Fermi/triennio/Informatica/Intellij/GiocoClasseQuarta/target/classes/assets/textures/groudon/groudonavanti1.png
22:21:46.703 [FXGL Background Thread 2 ] DEBUG FXGLAssetLoaderServi - Loading from file system: file:/C:/Users/enric/Desktop/robe%20mie/Fermi/triennio/Informatica/Intellij/GiocoClasseQuarta/target/classes/assets/textures/groudon/groudonavanti2.png
22:21:46.703 [FXGL Background Thread 2 ] DEBUG FXGLAssetLoaderServi - Loading from file system: file:/C:/Users/enric/Desktop/robe%20mie/Fermi/triennio/Informatica/Intellij/GiocoClasseQuarta/target/classes/assets/textures/groudon/groudonavanti3.png
22:21:46.704 [FXGL Background Thread 2 ] DEBUG FXGLAssetLoaderServi - Loading from file system: file:/C:/Users/enric/Desktop/robe%20mie/Fermi/triennio/Informatica/Intellij/GiocoClasseQuarta/target/classes/assets/music/musicaSottofondo.mp3
22:21:46.710 [FXGL Background Thread 2 ] DEBUG AudioPlayer          - Playing music com.almasb.fxgl.audio.Music@858fc9d
22:21:46.711 [FXGL Background Thread 2 ] INFO  FXGLApplication      - Game initialization took: 0,401 sec
22:21:46.751 [JavaFX Application Thread] DEBUG Input                - Clearing active input actions
22:21:46.758 [JavaFX Application Thread] DEBUG GameApplicationServi - Removing overlay from FXGLLoadingScene and adding to GameScene
22:21:46.761 [JavaFX Application Thread] DEBUG PrimaryStageWindow   - FXGLLoadingScene -> GameScene
22:21:47.903 [FXGL Background Thread 3 ] DEBUG Engine               - Logging environment variables
22:21:47.903 [FXGL Background Thread 3 ] DEBUG Engine               - achievements: []
22:21:47.903 [FXGL Background Thread 3 ] DEBUG Engine               - actualHeight: 720.0
22:21:47.904 [FXGL Background Thread 3 ] DEBUG Engine               - actualHeightProperty: ReadOnlyDoubleProperty [value: 720.0]
22:21:47.904 [FXGL Background Thread 3 ] DEBUG Engine               - actualWidth: 1000.0
22:21:47.904 [FXGL Background Thread 3 ] DEBUG Engine               - actualWidthProperty: ReadOnlyDoubleProperty [value: 1000.0]
22:21:47.904 [FXGL Background Thread 3 ] DEBUG Engine               - appIcon: fxgl_icon.png
22:21:47.904 [FXGL Background Thread 3 ] DEBUG Engine               - applicationMode: DEVELOPER
22:21:47.904 [FXGL Background Thread 3 ] DEBUG Engine               - cSSList: [fxgl_dark.css]
22:21:47.904 [FXGL Background Thread 3 ] DEBUG Engine               - collisionDetectionStrategy: BRUTE_FORCE
22:21:47.904 [FXGL Background Thread 3 ] DEBUG Engine               - configClass: Optional.empty
22:21:47.904 [FXGL Background Thread 3 ] DEBUG Engine               - credits: []
22:21:47.904 [FXGL Background Thread 3 ] DEBUG Engine               - defaultCursor: CursorInfo(imageName=fxgl_default_cursor.png, hotspotX=7.0, hotspotY=6.0)
22:21:47.904 [FXGL Background Thread 3 ] DEBUG Engine               - devBBoxColorProperty: ObjectProperty [value: 0xff0000ff]
22:21:47.904 [FXGL Background Thread 3 ] DEBUG Engine               - devEnableDebugCameraProperty: BooleanProperty [value: false]
22:21:47.904 [FXGL Background Thread 3 ] DEBUG Engine               - devSensorColorProperty: ObjectProperty [value: 0xffff00ff]
22:21:47.904 [FXGL Background Thread 3 ] DEBUG Engine               - devShowBBoxProperty: BooleanProperty [value: false]
22:21:47.904 [FXGL Background Thread 3 ] DEBUG Engine               - devShowPositionProperty: BooleanProperty [value: false]
22:21:47.904 [FXGL Background Thread 3 ] DEBUG Engine               - enabledMenuItems: []
22:21:47.904 [FXGL Background Thread 3 ] DEBUG Engine               - engineServices: [class com.almasb.fxgl.app.services.FXGLAssetLoaderService, class com.almasb.fxgl.app.FXGLApplication$GameApplicationService, class com.almasb.fxgl.app.services.FXGLDialogService, class com.almasb.fxgl.app.services.IOTaskExecutorService, class com.almasb.fxgl.io.FileSystemService, class com.almasb.fxgl.localization.LocalizationService, class com.almasb.fxgl.app.services.SystemBundleService, class com.almasb.fxgl.profile.SaveLoadService, class com.almasb.fxgl.ui.FXGLUIFactoryServiceProvider, class com.almasb.fxgl.ui.FXGLDialogFactoryServiceProvider, class com.almasb.fxgl.audio.AudioPlayer, class com.almasb.fxgl.notification.impl.NotificationServiceProvider, class com.almasb.fxgl.achievement.AchievementService, class com.almasb.fxgl.cutscene.CutsceneService, class com.almasb.fxgl.minigames.MiniGameService, class com.almasb.fxgl.net.NetService, class com.almasb.fxgl.app.services.UpdaterService, class com.almasb.fxgl.dev.DevService]
22:21:47.904 [FXGL Background Thread 3 ] DEBUG Engine               - fontGame: Abel-Regular.ttf
22:21:47.904 [FXGL Background Thread 3 ] DEBUG Engine               - fontMono: TerminalLandMono-Regular.otf
22:21:47.904 [FXGL Background Thread 3 ] DEBUG Engine               - fontSizeScaleUI: 1.0
22:21:47.904 [FXGL Background Thread 3 ] DEBUG Engine               - fontText: Courier-Prime.ttf
22:21:47.905 [FXGL Background Thread 3 ] DEBUG Engine               - fontUI: VarelaRound-Regular.ttf
22:21:47.905 [FXGL Background Thread 3 ] DEBUG Engine               - fullScreen: BooleanProperty [value: false]
22:21:47.905 [FXGL Background Thread 3 ] DEBUG Engine               - gameDifficulty: MEDIUM
22:21:47.905 [FXGL Background Thread 3 ] DEBUG Engine               - gameDifficultyProperty: ObjectProperty [value: MEDIUM]
22:21:47.905 [FXGL Background Thread 3 ] DEBUG Engine               - globalMusicVolume: 0.5
22:21:47.905 [FXGL Background Thread 3 ] DEBUG Engine               - globalMusicVolumeProperty: DoubleProperty [value: 0.5]
22:21:47.905 [FXGL Background Thread 3 ] DEBUG Engine               - globalSoundVolume: 0.5
22:21:47.905 [FXGL Background Thread 3 ] DEBUG Engine               - globalSoundVolumeProperty: DoubleProperty [value: 0.5]
22:21:47.905 [FXGL Background Thread 3 ] DEBUG Engine               - height: 720
22:21:47.905 [FXGL Background Thread 3 ] DEBUG Engine               - is3D: false
22:21:47.905 [FXGL Background Thread 3 ] DEBUG Engine               - isAndroid: false
22:21:47.905 [FXGL Background Thread 3 ] DEBUG Engine               - isBrowser: false
22:21:47.905 [FXGL Background Thread 3 ] DEBUG Engine               - isClickFeedbackEnabled: false
22:21:47.905 [FXGL Background Thread 3 ] DEBUG Engine               - isCloseConfirmation: false
22:21:47.905 [FXGL Background Thread 3 ] DEBUG Engine               - isDesktop: true
22:21:47.905 [FXGL Background Thread 3 ] DEBUG Engine               - isDeveloperMenuEnabled: true
22:21:47.905 [FXGL Background Thread 3 ] DEBUG Engine               - isEmbedded: false
22:21:47.905 [FXGL Background Thread 3 ] DEBUG Engine               - isEntityPreloadEnabled: true
22:21:47.905 [FXGL Background Thread 3 ] DEBUG Engine               - isExperimentalTiledLargeMap: false
22:21:47.905 [FXGL Background Thread 3 ] DEBUG Engine               - isFileSystemWriteAllowed: true
22:21:47.905 [FXGL Background Thread 3 ] DEBUG Engine               - isFullScreenAllowed: false
22:21:47.905 [FXGL Background Thread 3 ] DEBUG Engine               - isFullScreenFromStart: false
22:21:47.905 [FXGL Background Thread 3 ] DEBUG Engine               - isGameMenuEnabled: true
22:21:47.905 [FXGL Background Thread 3 ] DEBUG Engine               - isIOS: false
22:21:47.905 [FXGL Background Thread 3 ] DEBUG Engine               - isIntroEnabled: false
22:21:47.905 [FXGL Background Thread 3 ] DEBUG Engine               - isLinux: false
22:21:47.905 [FXGL Background Thread 3 ] DEBUG Engine               - isMac: false
22:21:47.905 [FXGL Background Thread 3 ] DEBUG Engine               - isMainMenuEnabled: true
22:21:47.905 [FXGL Background Thread 3 ] DEBUG Engine               - isManualResizeEnabled: false
22:21:47.906 [FXGL Background Thread 3 ] DEBUG Engine               - isMobile: false
22:21:47.906 [FXGL Background Thread 3 ] DEBUG Engine               - isNative: false
22:21:47.906 [FXGL Background Thread 3 ] DEBUG Engine               - isPauseMusicWhenMinimized: true
22:21:47.906 [FXGL Background Thread 3 ] DEBUG Engine               - isPreserveResizeRatio: false
22:21:47.906 [FXGL Background Thread 3 ] DEBUG Engine               - isProfilingEnabled: false
22:21:47.906 [FXGL Background Thread 3 ] DEBUG Engine               - isScaleAffectedOnResize: true
22:21:47.906 [FXGL Background Thread 3 ] DEBUG Engine               - isSingleStep: false
22:21:47.906 [FXGL Background Thread 3 ] DEBUG Engine               - isUserProfileEnabled: false
22:21:47.906 [FXGL Background Thread 3 ] DEBUG Engine               - isWindows: true
22:21:47.906 [FXGL Background Thread 3 ] DEBUG Engine               - language: ObjectProperty [value: ENGLISH]
22:21:47.906 [FXGL Background Thread 3 ] DEBUG Engine               - menuKey: ESCAPE
22:21:47.906 [FXGL Background Thread 3 ] DEBUG Engine               - mouseSensitivity: 0.2
22:21:47.906 [FXGL Background Thread 3 ] DEBUG Engine               - notificationViewClass: class com.almasb.fxgl.notification.view.XboxNotificationView
22:21:47.906 [FXGL Background Thread 3 ] DEBUG Engine               - pixelsPerMeter: 50.0
22:21:47.906 [FXGL Background Thread 3 ] DEBUG Engine               - platform: WINDOWS
22:21:47.906 [FXGL Background Thread 3 ] DEBUG Engine               - prefHeightProperty: ReadOnlyDoubleProperty [value: 720.0]
22:21:47.906 [FXGL Background Thread 3 ] DEBUG Engine               - prefWidthProperty: ReadOnlyDoubleProperty [value: 1000.0]
22:21:47.906 [FXGL Background Thread 3 ] DEBUG Engine               - profileDir: profiles/
22:21:47.906 [FXGL Background Thread 3 ] DEBUG Engine               - profileName: StringProperty [value: DEFAULT]
22:21:47.906 [FXGL Background Thread 3 ] DEBUG Engine               - randomSeed: -1
22:21:47.906 [FXGL Background Thread 3 ] DEBUG Engine               - runtimeInfo: RuntimeInfo(platform=WINDOWS, version=17.3, build=30.03.2023 11.49)
22:21:47.906 [FXGL Background Thread 3 ] DEBUG Engine               - saveFileExt: sav
22:21:47.907 [FXGL Background Thread 3 ] DEBUG Engine               - scaledHeightProp$fxgl: DoubleProperty [bound, value: 720.0]
22:21:47.907 [FXGL Background Thread 3 ] DEBUG Engine               - scaledWidthProp$fxgl: DoubleProperty [bound, value: 1000.0]
22:21:47.907 [FXGL Background Thread 3 ] DEBUG Engine               - sceneFactory: com.game.pokemon.FabbricaScene@1bd6dba5
22:21:47.907 [FXGL Background Thread 3 ] DEBUG Engine               - secondsIn24h: 60
22:21:47.907 [FXGL Background Thread 3 ] DEBUG Engine               - soundMenuBack: menu/back.wav
22:21:47.907 [FXGL Background Thread 3 ] DEBUG Engine               - soundMenuPress: menu/press.wav
22:21:47.907 [FXGL Background Thread 3 ] DEBUG Engine               - soundMenuSelect: menu/select.wav
22:21:47.907 [FXGL Background Thread 3 ] DEBUG Engine               - soundNotification: core/notification.wav
22:21:47.907 [FXGL Background Thread 3 ] DEBUG Engine               - stageStyle: DECORATED
22:21:47.907 [FXGL Background Thread 3 ] DEBUG Engine               - supportedLanguages: [ENGLISH, FRENCH, GERMAN, HUNGARIAN, RUSSIAN]
22:21:47.907 [FXGL Background Thread 3 ] DEBUG Engine               - ticksPerSecond: -1
22:21:47.907 [FXGL Background Thread 3 ] DEBUG Engine               - title: Pokemon boh
22:21:47.907 [FXGL Background Thread 3 ] DEBUG Engine               - urlGithub: https://github.com/AlmasB/FXGL
22:21:47.907 [FXGL Background Thread 3 ] DEBUG Engine               - urlLeaderboard: http://fxgl-top.herokuapp.com/
22:21:47.907 [FXGL Background Thread 3 ] DEBUG Engine               - urlPOM: https://raw.githubusercontent.com/AlmasB/FXGL/release/README.md
22:21:47.907 [FXGL Background Thread 3 ] DEBUG Engine               - userAppClass: class com.game.pokemon.PokemonApplication
22:21:47.907 [FXGL Background Thread 3 ] DEBUG Engine               - version: 0.1
22:21:47.907 [FXGL Background Thread 3 ] DEBUG Engine               - versionCheckDays: 7
22:21:47.907 [FXGL Background Thread 3 ] DEBUG Engine               - width: 1000
22:21:47.907 [FXGL Background Thread 3 ] DEBUG Engine               - Logging services
22:21:47.907 [FXGL Background Thread 3 ] DEBUG Engine               - class com.almasb.fxgl.app.services.FXGLAssetLoaderService
22:21:47.907 [FXGL Background Thread 3 ] DEBUG Engine               - class com.almasb.fxgl.app.FXGLApplication$GameApplicationService
22:21:47.907 [FXGL Background Thread 3 ] DEBUG Engine               - class com.almasb.fxgl.app.services.FXGLDialogService
22:21:47.907 [FXGL Background Thread 3 ] DEBUG Engine               - class com.almasb.fxgl.app.services.IOTaskExecutorService
22:21:47.907 [FXGL Background Thread 3 ] DEBUG Engine               - class com.almasb.fxgl.io.FileSystemService
22:21:47.907 [FXGL Background Thread 3 ] DEBUG Engine               - class com.almasb.fxgl.localization.LocalizationService
22:21:47.907 [FXGL Background Thread 3 ] DEBUG Engine               - class com.almasb.fxgl.app.services.SystemBundleService
22:21:47.907 [FXGL Background Thread 3 ] DEBUG Engine               - class com.almasb.fxgl.profile.SaveLoadService
22:21:47.907 [FXGL Background Thread 3 ] DEBUG Engine               - class com.almasb.fxgl.ui.FXGLUIFactoryServiceProvider
22:21:47.907 [FXGL Background Thread 3 ] DEBUG Engine               - class com.almasb.fxgl.ui.FXGLDialogFactoryServiceProvider
22:21:47.908 [FXGL Background Thread 3 ] DEBUG Engine               - class com.almasb.fxgl.audio.AudioPlayer
22:21:47.908 [FXGL Background Thread 3 ] DEBUG Engine               - class com.almasb.fxgl.notification.impl.NotificationServiceProvider
22:21:47.908 [FXGL Background Thread 3 ] DEBUG Engine               - class com.almasb.fxgl.achievement.AchievementService
22:21:47.908 [FXGL Background Thread 3 ] DEBUG Engine               - class com.almasb.fxgl.cutscene.CutsceneService
22:21:47.908 [FXGL Background Thread 3 ] DEBUG Engine               - class com.almasb.fxgl.minigames.MiniGameService
22:21:47.908 [FXGL Background Thread 3 ] DEBUG Engine               - class com.almasb.fxgl.net.NetService
22:21:47.908 [FXGL Background Thread 3 ] DEBUG Engine               - class com.almasb.fxgl.app.services.UpdaterService
22:21:47.908 [FXGL Background Thread 3 ] DEBUG Engine               - class com.almasb.fxgl.dev.DevService
22:22:10.587 [JavaFX Application Thread] DEBUG FXGLApplication      - Exiting FXGL
22:22:10.588 [JavaFX Application Thread] DEBUG LoopRunner           - Stopping loop
22:22:10.588 [JavaFX Application Thread] DEBUG SystemBundleService  - Saving FXGL system data
22:22:10.594 [JavaFX Application Thread] DEBUG FileSystemAccess     - Writing to: C:\Users\enric\Desktop\robe mie\Fermi\triennio\Informatica\Intellij\GiocoClasseQuarta\system\fxgl.bundle
22:22:10.600 [JavaFX Application Thread] DEBUG Async                - Shutting down background threads
22:22:10.600 [JavaFX Application Thread] DEBUG PrimaryStageWindow   - Closing main window
22:22:10.623 [JavaFX Application Thread] DEBUG Logger               - Closing Logger
