21:00:31.186 [main                     ] DEBUG Logger               - Configured Logger
21:00:31.209 [main                     ] DEBUG GameApplication      - Logging settings
Title: Pokemon boh
Version: 0.1
Width: 1000
Height: 720
Fullscreen: false
Intro: false
Profiling: false
Single step:false
App Mode: DEVELOPER
Menu Key: ESCAPE
Stage Style: DECORATED
Scene Factory: class com.game.pokemon.FabbricaScene

21:00:31.471 [JavaFX Application Thread] DEBUG FXGLApplication      - Initializing FXGL
21:00:31.475 [JavaFX Application Thread] INFO  Engine               - FXGL-17.3 (30.03.2023 11.49) on WINDOWS (J:22.0.1 FX:22-ea)
21:00:31.475 [JavaFX Application Thread] DEBUG Engine               - JRE Vendor Name: Oracle Corporation
21:00:31.476 [JavaFX Application Thread] DEBUG Engine               - Running on OS: Windows 11 version 10.0
21:00:31.476 [JavaFX Application Thread] DEBUG Engine               - Architecture: amd64
21:00:31.476 [JavaFX Application Thread] INFO  Engine               - Source code and latest versions at: https://github.com/AlmasB/FXGL
21:00:31.476 [JavaFX Application Thread] INFO  Engine               -       Ask questions and discuss at: https://github.com/AlmasB/FXGL/discussions
21:00:31.476 [JavaFX Application Thread] INFO  Engine               -              Join the FXGL chat at: https://gitter.im/AlmasB/FXGL
21:00:31.540 [JavaFX Application Thread] DEBUG PrimaryStageWindow   - Creating a JavaFX scene
21:00:31.579 [JavaFX Application Thread] DEBUG PrimaryStageWindow   - Target settings size: 1000.0 x 720.0
21:00:31.579 [JavaFX Application Thread] DEBUG PrimaryStageWindow   - Scaled scene size:    1000.0 x 720.0
21:00:31.580 [JavaFX Application Thread] DEBUG PrimaryStageWindow   - Scaled ratio: (1.0, 1.0)
21:00:31.580 [JavaFX Application Thread] DEBUG PrimaryStageWindow   - Set initial scene to FXGLStartupScene
21:00:31.583 [JavaFX Application Thread] DEBUG PrimaryStageWindow   - Opening main window
21:00:31.656 [JavaFX Application Thread] DEBUG PrimaryStageWindow   - Window border size: (14.4000244140625, 37.5999755859375)
21:00:31.656 [JavaFX Application Thread] DEBUG PrimaryStageWindow   - Scaled size: 1000.0 x 720.0
21:00:31.657 [JavaFX Application Thread] DEBUG PrimaryStageWindow   - Scaled ratio: (1.0, 1.0)
21:00:31.657 [JavaFX Application Thread] DEBUG PrimaryStageWindow   - Scene size: 1000.0 x 720.0
21:00:31.657 [JavaFX Application Thread] DEBUG PrimaryStageWindow   - Stage size: 1014.4000244140625 x 757.5999755859375
21:00:31.664 [FXGL Background Thread 1 ] DEBUG Engine               - Initializing environment variables
21:00:31.717 [FXGL Background Thread 1 ] DEBUG FXGLAssetLoaderServi - User app class for loading assets: class com.game.pokemon.PokemonApplication
21:00:31.718 [FXGL Background Thread 1 ] DEBUG GameApplicationServi - Applying CSS: fxgl_dark.css
21:00:31.718 [FXGL Background Thread 1 ] DEBUG FXGLAssetLoaderServi - Loading from file system: jar:file:///C:/Users/enric/.m2/repository/com/github/almasb/fxgl/17.3/fxgl-17.3.jar!/fxglassets/ui/css/fxgl_dark.css
21:00:31.763 [FXGL Background Thread 1 ] DEBUG GameApplicationServi - Initializing application scenes
21:00:31.799 [FXGL Background Thread 1 ] DEBUG GameWorld            - Game world initialized
21:00:31.851 [FXGL Background Thread 1 ] DEBUG PhysicsWorld         - Physics world initialized: appHeight=720, physics.ppm=50,0
21:00:31.851 [FXGL Background Thread 1 ] DEBUG PhysicsWorld         - Using strategy: BRUTE_FORCE
21:00:31.853 [FXGL Background Thread 1 ] DEBUG GameScene            - Game scene initialized: 1000x720
21:00:31.862 [FXGL Background Thread 1 ] DEBUG FXGL.DefaultMenu     - createMenuBodyMainMenu()
21:00:31.873 [FXGL Background Thread 1 ] DEBUG FXGL.DefaultMenu     - createOptionsMenu()
21:00:31.880 [FXGL Background Thread 1 ] DEBUG FXGLAssetLoaderServi - Loading from file system: jar:file:///C:/Users/enric/.m2/repository/com/github/almasb/fxgl/17.3/fxgl-17.3.jar!/fxglassets/textures/particles/smoke.png
21:00:31.955 [FXGL Background Thread 1 ] DEBUG FXGLAssetLoaderServi - Loading from file system: jar:file:///C:/Users/enric/.m2/repository/com/github/almasb/fxgl/17.3/fxgl-17.3.jar!/fxglassets/textures/particles/trace_horizontal.png
21:00:31.981 [FXGL Background Thread 1 ] DEBUG FXGLAssetLoaderServi - Loading from file system: file:/C:/Users/enric/Desktop/robe%20mie/Fermi/triennio/Informatica/Intellij/GiocoClasseQuarta/target/classes/assets/music/musicaMenu.mp3
21:00:32.068 [FXGL Background Thread 1 ] DEBUG FXGL.DefaultMenu     - createMenuBodyGameMenu()
21:00:32.069 [FXGL Background Thread 1 ] DEBUG FXGL.DefaultMenu     - createOptionsMenu()
21:00:32.082 [FXGL Background Thread 1 ] DEBUG GameApplicationServi - Application scenes initialized
21:00:32.090 [FXGL Background Thread 1 ] DEBUG SystemBundleService  - Loading FXGL system data
21:00:32.092 [FXGL Background Thread 1 ] DEBUG FileSystemAccess     - Reading from: C:\Users\enric\Desktop\robe mie\Fermi\triennio\Informatica\Intellij\GiocoClasseQuarta\system\fxgl.bundle
21:00:32.098 [FXGL Background Thread 1 ] DEBUG SystemBundleService  - Bundle FXGL: {}
21:00:32.098 [FXGL Background Thread 1 ] DEBUG UpdaterService       - Checking for updates
21:00:32.101 [FXGL Background Thread 4 ] DEBUG FXGLApplication      - Loading fonts
21:00:32.101 [FXGL Background Thread 4 ] DEBUG FXGLAssetLoaderServi - Loading from file system: jar:file:///C:/Users/enric/.m2/repository/com/github/almasb/fxgl/17.3/fxgl-17.3.jar!/fxglassets/ui/fonts/VarelaRound-Regular.ttf
21:00:32.102 [FXGL Background Thread 1 ] DEBUG FXGLApplication      - Loading default localization
21:00:32.103 [FXGL Background Thread 1 ] DEBUG FXGLAssetLoaderServi - Loading from file system: jar:file:///C:/Users/enric/.m2/repository/com/github/almasb/fxgl/17.3/fxgl-17.3.jar!/fxglassets/languages/english.lang
21:00:32.117 [FXGL Background Thread 1 ] INFO  FXGLApplication      - FXGL initialization took: 0,454 sec
21:00:32.126 [JavaFX Application Thread] DEBUG Input                - Registered new binding: Move Right - D
21:00:32.126 [JavaFX Application Thread] DEBUG Input                - Registered new binding: Move Left - A
21:00:32.126 [JavaFX Application Thread] DEBUG Input                - Registered new binding: Move Up - W
21:00:32.126 [JavaFX Application Thread] DEBUG Input                - Registered new binding: Move Down - S
21:00:32.127 [JavaFX Application Thread] DEBUG FXGLAssetLoaderServi - Loading from file system: jar:file:///C:/Users/enric/.m2/repository/com/github/almasb/fxgl/17.3/fxgl-17.3.jar!/fxglassets/textures/fxgl_icon.png
21:00:32.134 [FXGL Background Thread 4 ] DEBUG FXGLAssetLoaderServi - Loading from file system: jar:file:///C:/Users/enric/.m2/repository/com/github/almasb/fxgl/17.3/fxgl-17.3.jar!/fxglassets/ui/fonts/Abel-Regular.ttf
21:00:32.141 [FXGL Background Thread 4 ] DEBUG FXGLAssetLoaderServi - Loading from file system: jar:file:///C:/Users/enric/.m2/repository/com/github/almasb/fxgl/17.3/fxgl-17.3.jar!/fxglassets/ui/fonts/TerminalLandMono-Regular.otf
21:00:32.145 [JavaFX Application Thread] DEBUG FXGLAssetLoaderServi - Loading from file system: jar:file:///C:/Users/enric/.m2/repository/com/github/almasb/fxgl/17.3/fxgl-17.3.jar!/fxglassets/textures/fxgl_default_cursor.png
21:00:32.147 [JavaFX Application Thread] DEBUG Input                - Registered new binding: Screenshot - CTRL+8
21:00:32.147 [JavaFX Application Thread] DEBUG Input                - Registered new binding: System info dump - CTRL+9
21:00:32.147 [JavaFX Application Thread] DEBUG Input                - Registered new binding: Restart - CTRL+R
21:00:32.148 [JavaFX Application Thread] DEBUG Input                - Registered new binding: Toggle Debug Camera - CTRL+7
21:00:32.150 [JavaFX Application Thread] DEBUG LoopRunner           - Starting loop
21:00:32.150 [JavaFX Application Thread] DEBUG LoopRunner           - Initializing JavaFX AnimationTimerLoop
21:00:32.150 [FXGL Background Thread 4 ] DEBUG FXGLAssetLoaderServi - Loading from file system: jar:file:///C:/Users/enric/.m2/repository/com/github/almasb/fxgl/17.3/fxgl-17.3.jar!/fxglassets/ui/fonts/Courier-Prime.ttf
21:00:32.152 [JavaFX Application Thread] DEBUG Input                - Clearing active input actions
21:00:32.167 [JavaFX Application Thread] DEBUG GameApplicationServi - Removing overlay from FXGLStartupScene and adding to FXGLMainMenuDummyScene
21:00:32.167 [JavaFX Application Thread] DEBUG PrimaryStageWindow   - FXGLStartupScene -> FXGLMainMenuDummyScene
21:00:32.167 [JavaFX Application Thread] DEBUG PrimaryStageWindow   - Push state: MainMenu
21:00:32.172 [JavaFX Application Thread] DEBUG AudioPlayer          - Playing music com.almasb.fxgl.audio.Music@26c84d6f
21:00:32.174 [JavaFX Application Thread] DEBUG Input                - Clearing active input actions
21:00:32.185 [JavaFX Application Thread] DEBUG GameApplicationServi - Removing overlay from FXGLMainMenuDummyScene and adding to MainMenu
21:00:32.185 [JavaFX Application Thread] DEBUG PrimaryStageWindow   - FXGLMainMenuDummyScene -> MainMenu
21:00:32.192 [JavaFX Application Thread] DEBUG FXGLApplication      - Registering font factories with UI factory
21:00:32.546 [FXGL Background Thread 2 ] INFO  UpdaterService       - Your current version:  17.3
21:00:32.546 [FXGL Background Thread 2 ] INFO  UpdaterService       - Latest stable version: 21.1
21:00:33.303 [JavaFX Application Thread] DEBUG Menu                 - fireNewGame()
21:00:33.303 [JavaFX Application Thread] DEBUG GameApplicationServi - Starting new game
21:00:33.303 [JavaFX Application Thread] DEBUG AudioPlayer          - Stopping music com.almasb.fxgl.audio.Music@26c84d6f
21:00:33.306 [JavaFX Application Thread] DEBUG PrimaryStageWindow   - Pop state: MainMenu
21:00:33.306 [JavaFX Application Thread] DEBUG Input                - Clearing active input actions
21:00:33.306 [JavaFX Application Thread] DEBUG GameApplicationServi - Removing overlay from MainMenu and adding to FXGLMainMenuDummyScene
21:00:33.307 [JavaFX Application Thread] DEBUG PrimaryStageWindow   - FXGLMainMenuDummyScene <- MainMenu
21:00:33.307 [JavaFX Application Thread] DEBUG Input                - Clearing active input actions
21:00:33.311 [JavaFX Application Thread] DEBUG GameApplicationServi - Removing overlay from FXGLMainMenuDummyScene and adding to FXGLLoadingScene
21:00:33.311 [JavaFX Application Thread] DEBUG PrimaryStageWindow   - FXGLMainMenuDummyScene -> FXGLLoadingScene
21:00:33.311 [JavaFX Application Thread] DEBUG GameApplicationServi - Clearing previous game
21:00:33.312 [JavaFX Application Thread] DEBUG GameScene            - Clearing game scene
21:00:33.312 [JavaFX Application Thread] DEBUG GameWorld            - Clearing game world
21:00:33.312 [JavaFX Application Thread] DEBUG PhysicsWorld         - Clearing physics world
21:00:33.313 [FXGL Background Thread 2 ] DEBUG FXGLApplication      - Initializing game
21:00:33.358 [FXGL Background Thread 2 ] WARN  TMXLevelLoader       - TiledMap generated from 1.10.2. Supported version: 1.9.0. Some features may not be parsed fully.
21:00:33.399 [FXGL Background Thread 2 ] DEBUG TMXLevelLoader       - Parsed TiledMap: file:/C:/Users/enric/Desktop/robe%20mie/Fermi/triennio/Informatica/Intellij/GiocoClasseQuarta/target/classes/assets/levels/livello.tmx
21:00:33.400 [FXGL Background Thread 2 ] DEBUG TMXLevelLoader       - Creating tile layer entities
21:00:33.401 [FXGL Background Thread 2 ] DEBUG TilesetLoader        - Loading view for layer ground
21:00:33.413 [FXGL Background Thread 2 ] DEBUG TilesetLoader        - Created buffer with size 3200.0x3200.0
21:00:33.484 [FXGL Background Thread 2 ] DEBUG TMXLevelLoader       - Creating object layer entities
21:00:33.496 [FXGL Background Thread 2 ] DEBUG GameWorld            - Clearing removable entities
21:00:33.496 [FXGL Background Thread 2 ] DEBUG GameWorld            - Setting level: com.almasb.fxgl.entity.level.Level@46838401
21:00:33.504 [FXGL Background Thread 2 ] DEBUG FXGLAssetLoaderServi - Loading from file system: file:/C:/Users/enric/Desktop/robe%20mie/Fermi/triennio/Informatica/Intellij/GiocoClasseQuarta/target/classes/assets/textures/matteolongobardi.png
21:00:33.508 [FXGL Background Thread 2 ] DEBUG FXGLAssetLoaderServi - Loading from file system: file:/C:/Users/enric/Desktop/robe%20mie/Fermi/triennio/Informatica/Intellij/GiocoClasseQuarta/target/classes/assets/textures/corsalaterale/corsalaterale1.png
21:00:33.509 [FXGL Background Thread 2 ] DEBUG FXGLAssetLoaderServi - Loading from file system: file:/C:/Users/enric/Desktop/robe%20mie/Fermi/triennio/Informatica/Intellij/GiocoClasseQuarta/target/classes/assets/textures/corsalaterale/corsalaterale2.png
21:00:33.509 [FXGL Background Thread 2 ] DEBUG FXGLAssetLoaderServi - Loading from file system: file:/C:/Users/enric/Desktop/robe%20mie/Fermi/triennio/Informatica/Intellij/GiocoClasseQuarta/target/classes/assets/textures/corsalaterale/corsalaterale3.png
21:00:33.510 [FXGL Background Thread 2 ] DEBUG FXGLAssetLoaderServi - Loading from file system: file:/C:/Users/enric/Desktop/robe%20mie/Fermi/triennio/Informatica/Intellij/GiocoClasseQuarta/target/classes/assets/textures/corsalaterale/corsalaterale4.png
21:00:33.511 [FXGL Background Thread 2 ] DEBUG FXGLAssetLoaderServi - Loading from file system: file:/C:/Users/enric/Desktop/robe%20mie/Fermi/triennio/Informatica/Intellij/GiocoClasseQuarta/target/classes/assets/textures/corsalaterale/corsalaterale5.png
21:00:33.512 [FXGL Background Thread 2 ] DEBUG FXGLAssetLoaderServi - Loading from file system: file:/C:/Users/enric/Desktop/robe%20mie/Fermi/triennio/Informatica/Intellij/GiocoClasseQuarta/target/classes/assets/textures/corsalaterale/corsalaterale6.png
21:00:33.512 [FXGL Background Thread 2 ] DEBUG FXGLAssetLoaderServi - Loading from file system: file:/C:/Users/enric/Desktop/robe%20mie/Fermi/triennio/Informatica/Intellij/GiocoClasseQuarta/target/classes/assets/textures/corsasu/corsasu1.png
21:00:33.513 [FXGL Background Thread 2 ] DEBUG FXGLAssetLoaderServi - Loading from file system: file:/C:/Users/enric/Desktop/robe%20mie/Fermi/triennio/Informatica/Intellij/GiocoClasseQuarta/target/classes/assets/textures/corsasu/corsasu2.png
21:00:33.514 [FXGL Background Thread 2 ] DEBUG FXGLAssetLoaderServi - Loading from file system: file:/C:/Users/enric/Desktop/robe%20mie/Fermi/triennio/Informatica/Intellij/GiocoClasseQuarta/target/classes/assets/textures/corsasu/corsasu3.png
21:00:33.515 [FXGL Background Thread 2 ] DEBUG FXGLAssetLoaderServi - Loading from file system: file:/C:/Users/enric/Desktop/robe%20mie/Fermi/triennio/Informatica/Intellij/GiocoClasseQuarta/target/classes/assets/textures/corsasu/corsasu4.png
21:00:33.516 [FXGL Background Thread 2 ] DEBUG FXGLAssetLoaderServi - Loading from file system: file:/C:/Users/enric/Desktop/robe%20mie/Fermi/triennio/Informatica/Intellij/GiocoClasseQuarta/target/classes/assets/textures/corsasu/corsasu5.png
21:00:33.517 [FXGL Background Thread 2 ] DEBUG FXGLAssetLoaderServi - Loading from file system: file:/C:/Users/enric/Desktop/robe%20mie/Fermi/triennio/Informatica/Intellij/GiocoClasseQuarta/target/classes/assets/textures/corsasu/corsasu6.png
21:00:33.518 [FXGL Background Thread 2 ] DEBUG FXGLAssetLoaderServi - Loading from file system: file:/C:/Users/enric/Desktop/robe%20mie/Fermi/triennio/Informatica/Intellij/GiocoClasseQuarta/target/classes/assets/textures/corsagiu/corsagiu1.png
21:00:33.519 [FXGL Background Thread 2 ] DEBUG FXGLAssetLoaderServi - Loading from file system: file:/C:/Users/enric/Desktop/robe%20mie/Fermi/triennio/Informatica/Intellij/GiocoClasseQuarta/target/classes/assets/textures/corsagiu/corsagiu2.png
21:00:33.519 [FXGL Background Thread 2 ] DEBUG FXGLAssetLoaderServi - Loading from file system: file:/C:/Users/enric/Desktop/robe%20mie/Fermi/triennio/Informatica/Intellij/GiocoClasseQuarta/target/classes/assets/textures/corsagiu/corsagiu3.png
21:00:33.520 [FXGL Background Thread 2 ] DEBUG FXGLAssetLoaderServi - Loading from file system: file:/C:/Users/enric/Desktop/robe%20mie/Fermi/triennio/Informatica/Intellij/GiocoClasseQuarta/target/classes/assets/textures/corsagiu/corsagiu4.png
21:00:33.520 [FXGL Background Thread 2 ] DEBUG FXGLAssetLoaderServi - Loading from file system: file:/C:/Users/enric/Desktop/robe%20mie/Fermi/triennio/Informatica/Intellij/GiocoClasseQuarta/target/classes/assets/textures/corsagiu/corsagiu5.png
21:00:33.521 [FXGL Background Thread 2 ] DEBUG FXGLAssetLoaderServi - Loading from file system: file:/C:/Users/enric/Desktop/robe%20mie/Fermi/triennio/Informatica/Intellij/GiocoClasseQuarta/target/classes/assets/textures/corsagiu/corsagiu6.png
21:00:33.523 [FXGL Background Thread 2 ] DEBUG FXGLAssetLoaderServi - Loading from file system: file:/C:/Users/enric/Desktop/robe%20mie/Fermi/triennio/Informatica/Intellij/GiocoClasseQuarta/target/classes/assets/music/musicaSottofondo.mp3
21:00:33.525 [FXGL Background Thread 2 ] DEBUG AudioPlayer          - Playing music com.almasb.fxgl.audio.Music@4adc59d5
21:00:33.525 [FXGL Background Thread 2 ] INFO  FXGLApplication      - Game initialization took: 0,212 sec
21:00:33.530 [JavaFX Application Thread] DEBUG Input                - Clearing active input actions
21:00:33.534 [JavaFX Application Thread] DEBUG GameApplicationServi - Removing overlay from FXGLLoadingScene and adding to GameScene
21:00:33.535 [JavaFX Application Thread] DEBUG PrimaryStageWindow   - FXGLLoadingScene -> GameScene
21:00:35.100 [FXGL Background Thread 3 ] DEBUG Engine               - Logging environment variables
21:00:35.102 [FXGL Background Thread 3 ] DEBUG Engine               - achievements: []
21:00:35.102 [FXGL Background Thread 3 ] DEBUG Engine               - actualHeight: 720.0
21:00:35.103 [FXGL Background Thread 3 ] DEBUG Engine               - actualHeightProperty: ReadOnlyDoubleProperty [value: 720.0]
21:00:35.103 [FXGL Background Thread 3 ] DEBUG Engine               - actualWidth: 1000.0
21:00:35.103 [FXGL Background Thread 3 ] DEBUG Engine               - actualWidthProperty: ReadOnlyDoubleProperty [value: 1000.0]
21:00:35.103 [FXGL Background Thread 3 ] DEBUG Engine               - appIcon: fxgl_icon.png
21:00:35.104 [FXGL Background Thread 3 ] DEBUG Engine               - applicationMode: DEVELOPER
21:00:35.104 [FXGL Background Thread 3 ] DEBUG Engine               - cSSList: [fxgl_dark.css]
21:00:35.104 [FXGL Background Thread 3 ] DEBUG Engine               - collisionDetectionStrategy: BRUTE_FORCE
21:00:35.104 [FXGL Background Thread 3 ] DEBUG Engine               - configClass: Optional.empty
21:00:35.105 [FXGL Background Thread 3 ] DEBUG Engine               - credits: []
21:00:35.105 [FXGL Background Thread 3 ] DEBUG Engine               - defaultCursor: CursorInfo(imageName=fxgl_default_cursor.png, hotspotX=7.0, hotspotY=6.0)
21:00:35.106 [FXGL Background Thread 3 ] DEBUG Engine               - devBBoxColorProperty: ObjectProperty [value: 0xff0000ff]
21:00:35.106 [FXGL Background Thread 3 ] DEBUG Engine               - devEnableDebugCameraProperty: BooleanProperty [value: false]
21:00:35.107 [FXGL Background Thread 3 ] DEBUG Engine               - devSensorColorProperty: ObjectProperty [value: 0xffff00ff]
21:00:35.107 [FXGL Background Thread 3 ] DEBUG Engine               - devShowBBoxProperty: BooleanProperty [value: false]
21:00:35.107 [FXGL Background Thread 3 ] DEBUG Engine               - devShowPositionProperty: BooleanProperty [value: false]
21:00:35.107 [FXGL Background Thread 3 ] DEBUG Engine               - enabledMenuItems: []
21:00:35.108 [FXGL Background Thread 3 ] DEBUG Engine               - engineServices: [class com.almasb.fxgl.app.services.FXGLAssetLoaderService, class com.almasb.fxgl.app.FXGLApplication$GameApplicationService, class com.almasb.fxgl.app.services.FXGLDialogService, class com.almasb.fxgl.app.services.IOTaskExecutorService, class com.almasb.fxgl.io.FileSystemService, class com.almasb.fxgl.localization.LocalizationService, class com.almasb.fxgl.app.services.SystemBundleService, class com.almasb.fxgl.profile.SaveLoadService, class com.almasb.fxgl.ui.FXGLUIFactoryServiceProvider, class com.almasb.fxgl.ui.FXGLDialogFactoryServiceProvider, class com.almasb.fxgl.audio.AudioPlayer, class com.almasb.fxgl.notification.impl.NotificationServiceProvider, class com.almasb.fxgl.achievement.AchievementService, class com.almasb.fxgl.cutscene.CutsceneService, class com.almasb.fxgl.minigames.MiniGameService, class com.almasb.fxgl.net.NetService, class com.almasb.fxgl.app.services.UpdaterService, class com.almasb.fxgl.dev.DevService]
21:00:35.108 [FXGL Background Thread 3 ] DEBUG Engine               - fontGame: Abel-Regular.ttf
21:00:35.108 [FXGL Background Thread 3 ] DEBUG Engine               - fontMono: TerminalLandMono-Regular.otf
21:00:35.108 [FXGL Background Thread 3 ] DEBUG Engine               - fontSizeScaleUI: 1.0
21:00:35.108 [FXGL Background Thread 3 ] DEBUG Engine               - fontText: Courier-Prime.ttf
21:00:35.109 [FXGL Background Thread 3 ] DEBUG Engine               - fontUI: VarelaRound-Regular.ttf
21:00:35.109 [FXGL Background Thread 3 ] DEBUG Engine               - fullScreen: BooleanProperty [value: false]
21:00:35.109 [FXGL Background Thread 3 ] DEBUG Engine               - gameDifficulty: MEDIUM
21:00:35.109 [FXGL Background Thread 3 ] DEBUG Engine               - gameDifficultyProperty: ObjectProperty [value: MEDIUM]
21:00:35.109 [FXGL Background Thread 3 ] DEBUG Engine               - globalMusicVolume: 0.5
21:00:35.109 [FXGL Background Thread 3 ] DEBUG Engine               - globalMusicVolumeProperty: DoubleProperty [value: 0.5]
21:00:35.109 [FXGL Background Thread 3 ] DEBUG Engine               - globalSoundVolume: 0.5
21:00:35.110 [FXGL Background Thread 3 ] DEBUG Engine               - globalSoundVolumeProperty: DoubleProperty [value: 0.5]
21:00:35.110 [FXGL Background Thread 3 ] DEBUG Engine               - height: 720
21:00:35.110 [FXGL Background Thread 3 ] DEBUG Engine               - is3D: false
21:00:35.110 [FXGL Background Thread 3 ] DEBUG Engine               - isAndroid: false
21:00:35.110 [FXGL Background Thread 3 ] DEBUG Engine               - isBrowser: false
21:00:35.110 [FXGL Background Thread 3 ] DEBUG Engine               - isClickFeedbackEnabled: false
21:00:35.111 [FXGL Background Thread 3 ] DEBUG Engine               - isCloseConfirmation: false
21:00:35.111 [FXGL Background Thread 3 ] DEBUG Engine               - isDesktop: true
21:00:35.111 [FXGL Background Thread 3 ] DEBUG Engine               - isDeveloperMenuEnabled: false
21:00:35.111 [FXGL Background Thread 3 ] DEBUG Engine               - isEmbedded: false
21:00:35.111 [FXGL Background Thread 3 ] DEBUG Engine               - isEntityPreloadEnabled: true
21:00:35.112 [FXGL Background Thread 3 ] DEBUG Engine               - isExperimentalTiledLargeMap: false
21:00:35.112 [FXGL Background Thread 3 ] DEBUG Engine               - isFileSystemWriteAllowed: true
21:00:35.112 [FXGL Background Thread 3 ] DEBUG Engine               - isFullScreenAllowed: false
21:00:35.112 [FXGL Background Thread 3 ] DEBUG Engine               - isFullScreenFromStart: false
21:00:35.112 [FXGL Background Thread 3 ] DEBUG Engine               - isGameMenuEnabled: true
21:00:35.113 [FXGL Background Thread 3 ] DEBUG Engine               - isIOS: false
21:00:35.113 [FXGL Background Thread 3 ] DEBUG Engine               - isIntroEnabled: false
21:00:35.113 [FXGL Background Thread 3 ] DEBUG Engine               - isLinux: false
21:00:35.113 [FXGL Background Thread 3 ] DEBUG Engine               - isMac: false
21:00:35.114 [FXGL Background Thread 3 ] DEBUG Engine               - isMainMenuEnabled: true
21:00:35.114 [FXGL Background Thread 3 ] DEBUG Engine               - isManualResizeEnabled: false
21:00:35.114 [FXGL Background Thread 3 ] DEBUG Engine               - isMobile: false
21:00:35.114 [FXGL Background Thread 3 ] DEBUG Engine               - isNative: false
21:00:35.114 [FXGL Background Thread 3 ] DEBUG Engine               - isPauseMusicWhenMinimized: true
21:00:35.115 [FXGL Background Thread 3 ] DEBUG Engine               - isPreserveResizeRatio: false
21:00:35.115 [FXGL Background Thread 3 ] DEBUG Engine               - isProfilingEnabled: false
21:00:35.115 [FXGL Background Thread 3 ] DEBUG Engine               - isScaleAffectedOnResize: true
21:00:35.115 [FXGL Background Thread 3 ] DEBUG Engine               - isSingleStep: false
21:00:35.115 [FXGL Background Thread 3 ] DEBUG Engine               - isUserProfileEnabled: false
21:00:35.115 [FXGL Background Thread 3 ] DEBUG Engine               - isWindows: true
21:00:35.116 [FXGL Background Thread 3 ] DEBUG Engine               - language: ObjectProperty [value: ENGLISH]
21:00:35.116 [FXGL Background Thread 3 ] DEBUG Engine               - menuKey: ESCAPE
21:00:35.116 [FXGL Background Thread 3 ] DEBUG Engine               - mouseSensitivity: 0.2
21:00:35.116 [FXGL Background Thread 3 ] DEBUG Engine               - notificationViewClass: class com.almasb.fxgl.notification.view.XboxNotificationView
21:00:35.116 [FXGL Background Thread 3 ] DEBUG Engine               - pixelsPerMeter: 50.0
21:00:35.117 [FXGL Background Thread 3 ] DEBUG Engine               - platform: WINDOWS
21:00:35.117 [FXGL Background Thread 3 ] DEBUG Engine               - prefHeightProperty: ReadOnlyDoubleProperty [value: 720.0]
21:00:35.117 [FXGL Background Thread 3 ] DEBUG Engine               - prefWidthProperty: ReadOnlyDoubleProperty [value: 1000.0]
21:00:35.117 [FXGL Background Thread 3 ] DEBUG Engine               - profileDir: profiles/
21:00:35.118 [FXGL Background Thread 3 ] DEBUG Engine               - profileName: StringProperty [value: DEFAULT]
21:00:35.118 [FXGL Background Thread 3 ] DEBUG Engine               - randomSeed: -1
21:00:35.119 [FXGL Background Thread 3 ] DEBUG Engine               - runtimeInfo: RuntimeInfo(platform=WINDOWS, version=17.3, build=30.03.2023 11.49)
21:00:35.119 [FXGL Background Thread 3 ] DEBUG Engine               - saveFileExt: sav
21:00:35.119 [FXGL Background Thread 3 ] DEBUG Engine               - scaledHeightProp$fxgl: DoubleProperty [bound, value: 720.0]
21:00:35.119 [FXGL Background Thread 3 ] DEBUG Engine               - scaledWidthProp$fxgl: DoubleProperty [bound, value: 1000.0]
21:00:35.119 [FXGL Background Thread 3 ] DEBUG Engine               - sceneFactory: com.game.pokemon.FabbricaScene@63c13929
21:00:35.120 [FXGL Background Thread 3 ] DEBUG Engine               - secondsIn24h: 60
21:00:35.120 [FXGL Background Thread 3 ] DEBUG Engine               - soundMenuBack: menu/back.wav
21:00:35.120 [FXGL Background Thread 3 ] DEBUG Engine               - soundMenuPress: menu/press.wav
21:00:35.121 [FXGL Background Thread 3 ] DEBUG Engine               - soundMenuSelect: menu/select.wav
21:00:35.121 [FXGL Background Thread 3 ] DEBUG Engine               - soundNotification: core/notification.wav
21:00:35.121 [FXGL Background Thread 3 ] DEBUG Engine               - stageStyle: DECORATED
21:00:35.121 [FXGL Background Thread 3 ] DEBUG Engine               - supportedLanguages: [ENGLISH, FRENCH, GERMAN, HUNGARIAN, RUSSIAN]
21:00:35.121 [FXGL Background Thread 3 ] DEBUG Engine               - ticksPerSecond: -1
21:00:35.121 [FXGL Background Thread 3 ] DEBUG Engine               - title: Pokemon boh
21:00:35.122 [FXGL Background Thread 3 ] DEBUG Engine               - urlGithub: https://github.com/AlmasB/FXGL
21:00:35.122 [FXGL Background Thread 3 ] DEBUG Engine               - urlLeaderboard: http://fxgl-top.herokuapp.com/
21:00:35.122 [FXGL Background Thread 3 ] DEBUG Engine               - urlPOM: https://raw.githubusercontent.com/AlmasB/FXGL/release/README.md
21:00:35.122 [FXGL Background Thread 3 ] DEBUG Engine               - userAppClass: class com.game.pokemon.PokemonApplication
21:00:35.122 [FXGL Background Thread 3 ] DEBUG Engine               - version: 0.1
21:00:35.123 [FXGL Background Thread 3 ] DEBUG Engine               - versionCheckDays: 7
21:00:35.123 [FXGL Background Thread 3 ] DEBUG Engine               - width: 1000
21:00:35.123 [FXGL Background Thread 3 ] DEBUG Engine               - Logging services
21:00:35.123 [FXGL Background Thread 3 ] DEBUG Engine               - class com.almasb.fxgl.app.services.FXGLAssetLoaderService
21:00:35.123 [FXGL Background Thread 3 ] DEBUG Engine               - class com.almasb.fxgl.app.FXGLApplication$GameApplicationService
21:00:35.123 [FXGL Background Thread 3 ] DEBUG Engine               - class com.almasb.fxgl.app.services.FXGLDialogService
21:00:35.124 [FXGL Background Thread 3 ] DEBUG Engine               - class com.almasb.fxgl.app.services.IOTaskExecutorService
21:00:35.124 [FXGL Background Thread 3 ] DEBUG Engine               - class com.almasb.fxgl.io.FileSystemService
21:00:35.124 [FXGL Background Thread 3 ] DEBUG Engine               - class com.almasb.fxgl.localization.LocalizationService
21:00:35.124 [FXGL Background Thread 3 ] DEBUG Engine               - class com.almasb.fxgl.app.services.SystemBundleService
21:00:35.124 [FXGL Background Thread 3 ] DEBUG Engine               - class com.almasb.fxgl.profile.SaveLoadService
21:00:35.125 [FXGL Background Thread 3 ] DEBUG Engine               - class com.almasb.fxgl.ui.FXGLUIFactoryServiceProvider
21:00:35.125 [FXGL Background Thread 3 ] DEBUG Engine               - class com.almasb.fxgl.ui.FXGLDialogFactoryServiceProvider
21:00:35.125 [FXGL Background Thread 3 ] DEBUG Engine               - class com.almasb.fxgl.audio.AudioPlayer
21:00:35.125 [FXGL Background Thread 3 ] DEBUG Engine               - class com.almasb.fxgl.notification.impl.NotificationServiceProvider
21:00:35.125 [FXGL Background Thread 3 ] DEBUG Engine               - class com.almasb.fxgl.achievement.AchievementService
21:00:35.125 [FXGL Background Thread 3 ] DEBUG Engine               - class com.almasb.fxgl.cutscene.CutsceneService
21:00:35.126 [FXGL Background Thread 3 ] DEBUG Engine               - class com.almasb.fxgl.minigames.MiniGameService
21:00:35.126 [FXGL Background Thread 3 ] DEBUG Engine               - class com.almasb.fxgl.net.NetService
21:00:35.126 [FXGL Background Thread 3 ] DEBUG Engine               - class com.almasb.fxgl.app.services.UpdaterService
21:00:35.126 [FXGL Background Thread 3 ] DEBUG Engine               - class com.almasb.fxgl.dev.DevService
21:00:35.676 [JavaFX Application Thread] DEBUG PrimaryStageWindow   - Push state: FXGLDefaultMenu
21:00:35.677 [JavaFX Application Thread] DEBUG Input                - Clearing active input actions
21:00:35.682 [JavaFX Application Thread] DEBUG GameApplicationServi - Removing overlay from GameScene and adding to FXGLDefaultMenu
21:00:35.682 [JavaFX Application Thread] DEBUG PrimaryStageWindow   - GameScene -> FXGLDefaultMenu
21:00:36.814 [JavaFX Application Thread] DEBUG Menu                 - fireExitToMainMenu()
21:00:36.818 [JavaFX Application Thread] DEBUG PrimaryStageWindow   - Push state: DialogSubScene
21:00:36.818 [JavaFX Application Thread] DEBUG Input                - Clearing active input actions
21:00:36.820 [JavaFX Application Thread] DEBUG GameApplicationServi - Removing overlay from FXGLDefaultMenu and adding to DialogSubScene
21:00:36.821 [JavaFX Application Thread] DEBUG PrimaryStageWindow   - FXGLDefaultMenu -> DialogSubScene
21:00:37.827 [JavaFX Application Thread] DEBUG PrimaryStageWindow   - Pop state: DialogSubScene
21:00:37.827 [JavaFX Application Thread] DEBUG Input                - Clearing active input actions
21:00:37.828 [JavaFX Application Thread] DEBUG GameApplicationServi - Removing overlay from DialogSubScene and adding to FXGLDefaultMenu
21:00:37.828 [JavaFX Application Thread] DEBUG PrimaryStageWindow   - FXGLDefaultMenu <- DialogSubScene
21:00:37.828 [JavaFX Application Thread] DEBUG PrimaryStageWindow   - Pop state: FXGLDefaultMenu
21:00:37.828 [JavaFX Application Thread] DEBUG Input                - Clearing active input actions
21:00:37.828 [JavaFX Application Thread] DEBUG GameApplicationServi - Removing overlay from FXGLDefaultMenu and adding to GameScene
21:00:37.828 [JavaFX Application Thread] DEBUG PrimaryStageWindow   - GameScene <- FXGLDefaultMenu
21:00:37.828 [JavaFX Application Thread] DEBUG Input                - Clearing active input actions
21:00:37.833 [JavaFX Application Thread] DEBUG GameApplicationServi - Removing overlay from GameScene and adding to FXGLMainMenuDummyScene
21:00:37.833 [JavaFX Application Thread] DEBUG PrimaryStageWindow   - GameScene -> FXGLMainMenuDummyScene
21:00:37.833 [JavaFX Application Thread] DEBUG PrimaryStageWindow   - Push state: MainMenu
21:00:37.834 [JavaFX Application Thread] DEBUG AudioPlayer          - Stopping music com.almasb.fxgl.audio.Music@26c84d6f
21:00:37.834 [JavaFX Application Thread] DEBUG AudioPlayer          - Stopping music com.almasb.fxgl.audio.Music@4adc59d5
21:00:37.835 [JavaFX Application Thread] DEBUG AudioPlayer          - Playing music com.almasb.fxgl.audio.Music@26c84d6f
21:00:37.835 [JavaFX Application Thread] DEBUG Input                - Clearing active input actions
21:00:37.837 [JavaFX Application Thread] DEBUG GameApplicationServi - Removing overlay from FXGLMainMenuDummyScene and adding to MainMenu
21:00:37.837 [JavaFX Application Thread] DEBUG PrimaryStageWindow   - FXGLMainMenuDummyScene -> MainMenu
21:00:39.281 [JavaFX Application Thread] DEBUG Menu                 - fireExit()
21:00:39.282 [JavaFX Application Thread] DEBUG PrimaryStageWindow   - Push state: DialogSubScene
21:00:39.282 [JavaFX Application Thread] DEBUG AudioPlayer          - Stopping music com.almasb.fxgl.audio.Music@26c84d6f
21:00:39.283 [JavaFX Application Thread] DEBUG AudioPlayer          - Stopping music com.almasb.fxgl.audio.Music@4adc59d5
21:00:39.284 [JavaFX Application Thread] DEBUG Input                - Clearing active input actions
21:00:39.285 [JavaFX Application Thread] DEBUG GameApplicationServi - Removing overlay from MainMenu and adding to DialogSubScene
21:00:39.285 [JavaFX Application Thread] DEBUG PrimaryStageWindow   - MainMenu -> DialogSubScene
21:00:40.997 [JavaFX Application Thread] DEBUG AudioPlayer          - Stopping music com.almasb.fxgl.audio.Music@26c84d6f
21:00:40.998 [JavaFX Application Thread] DEBUG AudioPlayer          - Stopping music com.almasb.fxgl.audio.Music@4adc59d5
21:00:40.998 [JavaFX Application Thread] DEBUG AudioPlayer          - Playing music com.almasb.fxgl.audio.Music@26c84d6f
21:00:40.999 [JavaFX Application Thread] DEBUG PrimaryStageWindow   - Pop state: DialogSubScene
21:00:40.999 [JavaFX Application Thread] DEBUG Input                - Clearing active input actions
21:00:41.000 [JavaFX Application Thread] DEBUG GameApplicationServi - Removing overlay from DialogSubScene and adding to MainMenu
21:00:41.000 [JavaFX Application Thread] DEBUG PrimaryStageWindow   - MainMenu <- DialogSubScene
21:00:41.001 [JavaFX Application Thread] DEBUG FXGLApplication      - Exiting FXGL
21:00:41.001 [JavaFX Application Thread] DEBUG LoopRunner           - Stopping loop
21:00:41.001 [JavaFX Application Thread] DEBUG SystemBundleService  - Saving FXGL system data
21:00:41.007 [JavaFX Application Thread] DEBUG FileSystemAccess     - Writing to: C:\Users\enric\Desktop\robe mie\Fermi\triennio\Informatica\Intellij\GiocoClasseQuarta\system\fxgl.bundle
21:00:41.012 [JavaFX Application Thread] DEBUG Async                - Shutting down background threads
21:00:41.013 [JavaFX Application Thread] DEBUG PrimaryStageWindow   - Closing main window
21:00:41.038 [JavaFX Application Thread] DEBUG Logger               - Closing Logger
