20:09:12.980 [main                     ] DEBUG Logger               - Configured Logger
20:09:13.006 [main                     ] DEBUG GameApplication      - Logging settings
Title: Megaman
Version: 0.1
Width: 800
Height: 600
Fullscreen: false
Intro: false
Profiling: false
Single step:false
App Mode: DEVELOPER
Menu Key: ESCAPE
Stage Style: DECORATED
Scene Factory: class com.almasb.fxgl.app.scene.SceneFactory

20:09:13.285 [JavaFX Application Thread] DEBUG FXGLApplication      - Initializing FXGL
20:09:13.290 [JavaFX Application Thread] INFO  Engine               - FXGL-17.3 (30.03.2023 11.49) on WINDOWS (J:22.0.1 FX:22-ea)
20:09:13.291 [JavaFX Application Thread] DEBUG Engine               - JRE Vendor Name: Oracle Corporation
20:09:13.291 [JavaFX Application Thread] DEBUG Engine               - Running on OS: Windows 11 version 10.0
20:09:13.291 [JavaFX Application Thread] DEBUG Engine               - Architecture: amd64
20:09:13.291 [JavaFX Application Thread] INFO  Engine               - Source code and latest versions at: https://github.com/AlmasB/FXGL
20:09:13.291 [JavaFX Application Thread] INFO  Engine               -       Ask questions and discuss at: https://github.com/AlmasB/FXGL/discussions
20:09:13.292 [JavaFX Application Thread] INFO  Engine               -              Join the FXGL chat at: https://gitter.im/AlmasB/FXGL
20:09:13.379 [JavaFX Application Thread] DEBUG PrimaryStageWindow   - Creating a JavaFX scene
20:09:13.426 [JavaFX Application Thread] DEBUG PrimaryStageWindow   - Target settings size: 800.0 x 600.0
20:09:13.426 [JavaFX Application Thread] DEBUG PrimaryStageWindow   - Scaled scene size:    800.0 x 600.0
20:09:13.426 [JavaFX Application Thread] DEBUG PrimaryStageWindow   - Scaled ratio: (1.0, 1.0)
20:09:13.427 [JavaFX Application Thread] DEBUG PrimaryStageWindow   - Set initial scene to FXGLStartupScene
20:09:13.430 [JavaFX Application Thread] DEBUG PrimaryStageWindow   - Opening main window
20:09:13.510 [JavaFX Application Thread] DEBUG PrimaryStageWindow   - Window border size: (14.4000244140625, 37.5999755859375)
20:09:13.510 [JavaFX Application Thread] DEBUG PrimaryStageWindow   - Scaled size: 800.0 x 600.0
20:09:13.510 [JavaFX Application Thread] DEBUG PrimaryStageWindow   - Scaled ratio: (1.0, 1.0)
20:09:13.511 [JavaFX Application Thread] DEBUG PrimaryStageWindow   - Scene size: 800.0 x 600.0
20:09:13.511 [JavaFX Application Thread] DEBUG PrimaryStageWindow   - Stage size: 814.4000244140625 x 637.5999755859375
20:09:13.517 [FXGL Background Thread 1 ] DEBUG Engine               - Initializing environment variables
20:09:13.576 [FXGL Background Thread 1 ] DEBUG FXGLAssetLoaderServi - User app class for loading assets: class com.game.megaman2.MegamanApplication
20:09:13.577 [FXGL Background Thread 1 ] DEBUG GameApplicationServi - Applying CSS: fxgl_dark.css
20:09:13.577 [FXGL Background Thread 1 ] DEBUG FXGLAssetLoaderServi - Loading from file system: jar:file:///C:/Users/enric/.m2/repository/com/github/almasb/fxgl/17.3/fxgl-17.3.jar!/fxglassets/ui/css/fxgl_dark.css
20:09:13.629 [FXGL Background Thread 1 ] DEBUG GameApplicationServi - Initializing application scenes
20:09:13.676 [FXGL Background Thread 1 ] DEBUG GameWorld            - Game world initialized
20:09:13.797 [FXGL Background Thread 1 ] DEBUG PhysicsWorld         - Physics world initialized: appHeight=600, physics.ppm=50,0
20:09:13.797 [FXGL Background Thread 1 ] DEBUG PhysicsWorld         - Using strategy: BRUTE_FORCE
20:09:13.803 [FXGL Background Thread 1 ] DEBUG GameScene            - Game scene initialized: 800x600
20:09:13.814 [FXGL Background Thread 1 ] DEBUG FXGL.DefaultMenu     - createMenuBodyGameMenu()
20:09:13.828 [FXGL Background Thread 1 ] DEBUG FXGL.DefaultMenu     - createOptionsMenu()
20:09:13.837 [FXGL Background Thread 1 ] DEBUG FXGLAssetLoaderServi - Loading from file system: jar:file:///C:/Users/enric/.m2/repository/com/github/almasb/fxgl/17.3/fxgl-17.3.jar!/fxglassets/textures/particles/smoke.png
20:09:13.926 [FXGL Background Thread 1 ] DEBUG FXGLAssetLoaderServi - Loading from file system: jar:file:///C:/Users/enric/.m2/repository/com/github/almasb/fxgl/17.3/fxgl-17.3.jar!/fxglassets/textures/particles/trace_horizontal.png
20:09:13.950 [FXGL Background Thread 1 ] DEBUG GameApplicationServi - Application scenes initialized
20:09:13.962 [FXGL Background Thread 1 ] DEBUG SystemBundleService  - Loading FXGL system data
20:09:13.965 [FXGL Background Thread 1 ] DEBUG FileSystemAccess     - Reading from: C:\Users\enric\Desktop\robe mie\Fermi\triennio\Informatica\Intellij\GiocoClasseQuarta\system\fxgl.bundle
20:09:13.970 [FXGL Background Thread 1 ] DEBUG SystemBundleService  - Bundle FXGL: {}
20:09:13.970 [FXGL Background Thread 1 ] DEBUG UpdaterService       - Checking for updates
20:09:13.974 [FXGL Background Thread 4 ] DEBUG FXGLApplication      - Loading fonts
20:09:13.974 [FXGL Background Thread 4 ] DEBUG FXGLAssetLoaderServi - Loading from file system: jar:file:///C:/Users/enric/.m2/repository/com/github/almasb/fxgl/17.3/fxgl-17.3.jar!/fxglassets/ui/fonts/VarelaRound-Regular.ttf
20:09:13.974 [FXGL Background Thread 1 ] DEBUG FXGLApplication      - Loading default localization
20:09:13.974 [FXGL Background Thread 1 ] DEBUG FXGLAssetLoaderServi - Loading from file system: jar:file:///C:/Users/enric/.m2/repository/com/github/almasb/fxgl/17.3/fxgl-17.3.jar!/fxglassets/languages/english.lang
20:09:13.994 [FXGL Background Thread 1 ] INFO  FXGLApplication      - FXGL initialization took: 0,478 sec
20:09:14.007 [JavaFX Application Thread] DEBUG Input                - Registered new binding: action0 - D
20:09:14.008 [JavaFX Application Thread] DEBUG Input                - Registered new binding: action1 - A
20:09:14.008 [JavaFX Application Thread] DEBUG Input                - Registered new binding: action2 - W
20:09:14.009 [JavaFX Application Thread] DEBUG Input                - Registered new binding: action3 - S
20:09:14.009 [JavaFX Application Thread] DEBUG Input                - Registered new binding: action4 - F
20:09:14.010 [JavaFX Application Thread] DEBUG FXGLAssetLoaderServi - Loading from file system: jar:file:///C:/Users/enric/.m2/repository/com/github/almasb/fxgl/17.3/fxgl-17.3.jar!/fxglassets/textures/fxgl_icon.png
20:09:14.015 [FXGL Background Thread 4 ] DEBUG FXGLAssetLoaderServi - Loading from file system: jar:file:///C:/Users/enric/.m2/repository/com/github/almasb/fxgl/17.3/fxgl-17.3.jar!/fxglassets/ui/fonts/Abel-Regular.ttf
20:09:14.026 [FXGL Background Thread 4 ] DEBUG FXGLAssetLoaderServi - Loading from file system: jar:file:///C:/Users/enric/.m2/repository/com/github/almasb/fxgl/17.3/fxgl-17.3.jar!/fxglassets/ui/fonts/TerminalLandMono-Regular.otf
20:09:14.029 [JavaFX Application Thread] DEBUG FXGLAssetLoaderServi - Loading from file system: jar:file:///C:/Users/enric/.m2/repository/com/github/almasb/fxgl/17.3/fxgl-17.3.jar!/fxglassets/textures/fxgl_default_cursor.png
20:09:14.031 [JavaFX Application Thread] DEBUG Input                - Registered new binding: Screenshot - CTRL+8
20:09:14.032 [JavaFX Application Thread] DEBUG Input                - Registered new binding: System info dump - CTRL+9
20:09:14.032 [JavaFX Application Thread] DEBUG Input                - Registered new binding: Restart - CTRL+R
20:09:14.033 [JavaFX Application Thread] DEBUG Input                - Registered new binding: Toggle Debug Camera - CTRL+7
20:09:14.036 [JavaFX Application Thread] DEBUG LoopRunner           - Starting loop
20:09:14.036 [JavaFX Application Thread] DEBUG LoopRunner           - Initializing JavaFX AnimationTimerLoop
20:09:14.038 [JavaFX Application Thread] DEBUG GameApplicationServi - Starting new game
20:09:14.038 [FXGL Background Thread 4 ] DEBUG FXGLAssetLoaderServi - Loading from file system: jar:file:///C:/Users/enric/.m2/repository/com/github/almasb/fxgl/17.3/fxgl-17.3.jar!/fxglassets/ui/fonts/Courier-Prime.ttf
20:09:14.038 [JavaFX Application Thread] DEBUG Input                - Clearing active input actions
20:09:14.053 [JavaFX Application Thread] DEBUG GameApplicationServi - Removing overlay from FXGLStartupScene and adding to FXGLLoadingScene
20:09:14.054 [JavaFX Application Thread] DEBUG PrimaryStageWindow   - FXGLStartupScene -> FXGLLoadingScene
20:09:14.054 [JavaFX Application Thread] DEBUG GameApplicationServi - Clearing previous game
20:09:14.054 [JavaFX Application Thread] DEBUG GameScene            - Clearing game scene
20:09:14.054 [JavaFX Application Thread] DEBUG GameWorld            - Clearing game world
20:09:14.054 [JavaFX Application Thread] DEBUG PhysicsWorld         - Clearing physics world
20:09:14.055 [FXGL Background Thread 4 ] DEBUG FXGLApplication      - Initializing game
20:09:14.061 [FXGL Background Thread 4 ] DEBUG FXGLAssetLoaderServi - Loading from file system: file:/C:/Users/enric/Desktop/robe%20mie/Fermi/triennio/Informatica/Intellij/GiocoClasseQuarta/target/classes/assets/textures/spawn8.png
20:09:14.098 [JavaFX Application Thread] DEBUG FXGLApplication      - Registering font factories with UI factory
20:09:14.101 [JavaFX Application Thread] DEBUG LoopRunner           - Stopping loop
20:09:14.103 [JavaFX Application Thread] FATAL FXGLApplication      - Uncaught Exception:
java.lang.RuntimeException: Initialization failed
	at com.almasb.fxgl.all@17.3/com.almasb.fxgl.app.FXGLApplication$InitAppTask.failed(FXGLApplication.kt:343)
	at javafx.graphics@22-ea/javafx.concurrent.Task.setState(Task.java:710)
	at javafx.graphics@22-ea/javafx.concurrent.Task$TaskCallable.lambda$call$2(Task.java:1429)
	at javafx.graphics@22-ea/com.sun.javafx.application.PlatformImpl.lambda$runLater$10(PlatformImpl.java:456)
	at java.base/java.security.AccessController.doPrivileged(AccessController.java:400)
	at javafx.graphics@22-ea/com.sun.javafx.application.PlatformImpl.lambda$runLater$11(PlatformImpl.java:455)
	at javafx.graphics@22-ea/com.sun.glass.ui.InvokeLaterDispatcher$Future.run(InvokeLaterDispatcher.java:95)
	at javafx.graphics@22-ea/com.sun.glass.ui.win.WinApplication._runLoop(Native Method)
	at javafx.graphics@22-ea/com.sun.glass.ui.win.WinApplication.lambda$runLoop$3(WinApplication.java:185)
	at java.base/java.lang.Thread.run(Thread.java:1570)
Caused by: java.lang.IllegalArgumentException: Invalid URL: Invalid URL or resource not found
	at javafx.graphics@22-ea/javafx.scene.image.Image.validateUrl(Image.java:1133)
	at javafx.graphics@22-ea/javafx.scene.image.Image.<init>(Image.java:627)
	at com.game.megaman2/com.game.megaman2.MegamanApplication.initUI(MegamanApplication.java:67)
	at com.almasb.fxgl.all@17.3/com.almasb.fxgl.app.FXGLApplication$InitAppTask.call(FXGLApplication.kt:321)
	at com.almasb.fxgl.all@17.3/com.almasb.fxgl.app.FXGLApplication$InitAppTask.call(FXGLApplication.kt:311)
	at javafx.graphics@22-ea/javafx.concurrent.Task$TaskCallable.call(Task.java:1399)
	at java.base/java.util.concurrent.FutureTask.run(FutureTask.java:317)
	at java.base/java.util.concurrent.Executors$RunnableAdapter.call(Executors.java:572)
	at java.base/java.util.concurrent.FutureTask.run(FutureTask.java:317)
	at java.base/java.util.concurrent.ThreadPoolExecutor.runWorker(ThreadPoolExecutor.java:1144)
	at java.base/java.util.concurrent.ThreadPoolExecutor$Worker.run(ThreadPoolExecutor.java:642)
	... 1 more
Caused by: java.lang.IllegalArgumentException: Invalid URL or resource not found
	at javafx.graphics@22-ea/javafx.scene.image.Image.validateUrl(Image.java:1122)
	... 11 more

20:09:14.103 [JavaFX Application Thread] FATAL FXGLApplication      - Application will now exit
20:09:14.125 [JavaFX Application Thread] DEBUG PrimaryStageWindow   - Push state: ErrorSubScene
20:09:14.125 [JavaFX Application Thread] DEBUG Input                - Clearing active input actions
20:09:14.131 [JavaFX Application Thread] DEBUG GameApplicationServi - Removing overlay from FXGLLoadingScene and adding to ErrorSubScene
20:09:14.132 [JavaFX Application Thread] DEBUG PrimaryStageWindow   - FXGLLoadingScene -> ErrorSubScene
20:09:14.489 [FXGL Background Thread 2 ] INFO  UpdaterService       - Your current version:  17.3
20:09:14.489 [FXGL Background Thread 2 ] INFO  UpdaterService       - Latest stable version: 21.1
20:09:15.045 [JavaFX Application Thread] DEBUG FXGLApplication      - Exiting FXGL
20:09:15.045 [JavaFX Application Thread] DEBUG Async                - Shutting down background threads
20:09:15.046 [JavaFX Application Thread] DEBUG PrimaryStageWindow   - Closing main window
20:09:15.063 [JavaFX Application Thread] DEBUG Logger               - Closing Logger
