20:31:00.554 [main                     ] DEBUG Logger               - Configured Logger
20:31:00.576 [main                     ] DEBUG GameApplication      - Logging settings
Title: Megaman
Version: 0.1
Width: 1536
Height: 864
Fullscreen: true
Intro: false
Profiling: false
Single step:false
App Mode: DEVELOPER
Menu Key: ESCAPE
Stage Style: DECORATED
Scene Factory: class com.almasb.fxgl.app.scene.SceneFactory

20:31:00.844 [JavaFX Application Thread] DEBUG FXGLApplication      - Initializing FXGL
20:31:00.849 [JavaFX Application Thread] INFO  Engine               - FXGL-17.3 (30.03.2023 11.49) on WINDOWS (J:22.0.1 FX:22-ea)
20:31:00.849 [JavaFX Application Thread] DEBUG Engine               - JRE Vendor Name: Oracle Corporation
20:31:00.850 [JavaFX Application Thread] DEBUG Engine               - Running on OS: Windows 11 version 10.0
20:31:00.850 [JavaFX Application Thread] DEBUG Engine               - Architecture: amd64
20:31:00.850 [JavaFX Application Thread] INFO  Engine               - Source code and latest versions at: https://github.com/AlmasB/FXGL
20:31:00.850 [JavaFX Application Thread] INFO  Engine               -       Ask questions and discuss at: https://github.com/AlmasB/FXGL/discussions
20:31:00.850 [JavaFX Application Thread] INFO  Engine               -              Join the FXGL chat at: https://gitter.im/AlmasB/FXGL
20:31:00.927 [JavaFX Application Thread] DEBUG PrimaryStageWindow   - Creating a JavaFX scene
20:31:00.963 [JavaFX Application Thread] DEBUG PrimaryStageWindow   - Target settings size: 1536.0 x 864.0
20:31:00.963 [JavaFX Application Thread] DEBUG PrimaryStageWindow   - Scaled scene size:    1536.0 x 864.0
20:31:00.963 [JavaFX Application Thread] DEBUG PrimaryStageWindow   - Scaled ratio: (1.0, 1.0)
20:31:00.964 [JavaFX Application Thread] DEBUG PrimaryStageWindow   - Set initial scene to FXGLStartupScene
20:31:00.967 [JavaFX Application Thread] DEBUG PrimaryStageWindow   - Opening main window
20:31:01.046 [JavaFX Application Thread] DEBUG PrimaryStageWindow   - Window border size: (14.4000244140625, 37.5999755859375)
20:31:01.047 [JavaFX Application Thread] DEBUG PrimaryStageWindow   - Scaled size: 1536.0 x 864.0
20:31:01.047 [JavaFX Application Thread] DEBUG PrimaryStageWindow   - Scaled ratio: (1.0, 1.0)
20:31:01.047 [JavaFX Application Thread] DEBUG PrimaryStageWindow   - Scene size: 1536.0 x 864.0
20:31:01.047 [JavaFX Application Thread] DEBUG PrimaryStageWindow   - Stage size: 1550.4000244140625 x 901.5999755859375
20:31:01.103 [JavaFX Application Thread] DEBUG PrimaryStageWindow   - Going fullscreen
20:31:01.111 [FXGL Background Thread 1 ] DEBUG Engine               - Initializing environment variables
20:31:01.189 [FXGL Background Thread 1 ] DEBUG FXGLAssetLoaderServi - User app class for loading assets: class com.game.megaman2.MegamanApplication
20:31:01.190 [FXGL Background Thread 1 ] DEBUG GameApplicationServi - Applying CSS: fxgl_dark.css
20:31:01.190 [FXGL Background Thread 1 ] DEBUG FXGLAssetLoaderServi - Loading from file system: jar:file:///C:/Users/enric/.m2/repository/com/github/almasb/fxgl/17.3/fxgl-17.3.jar!/fxglassets/ui/css/fxgl_dark.css
20:31:01.229 [FXGL Background Thread 1 ] DEBUG GameApplicationServi - Initializing application scenes
20:31:01.269 [FXGL Background Thread 1 ] DEBUG GameWorld            - Game world initialized
20:31:01.334 [FXGL Background Thread 1 ] DEBUG PhysicsWorld         - Physics world initialized: appHeight=864, physics.ppm=50,0
20:31:01.334 [FXGL Background Thread 1 ] DEBUG PhysicsWorld         - Using strategy: BRUTE_FORCE
20:31:01.337 [FXGL Background Thread 1 ] DEBUG GameScene            - Game scene initialized: 1536x864
20:31:01.348 [FXGL Background Thread 1 ] DEBUG FXGL.DefaultMenu     - createMenuBodyGameMenu()
20:31:01.357 [FXGL Background Thread 1 ] DEBUG FXGL.DefaultMenu     - createOptionsMenu()
20:31:01.364 [FXGL Background Thread 1 ] DEBUG FXGLAssetLoaderServi - Loading from file system: jar:file:///C:/Users/enric/.m2/repository/com/github/almasb/fxgl/17.3/fxgl-17.3.jar!/fxglassets/textures/particles/smoke.png
20:31:01.439 [FXGL Background Thread 1 ] DEBUG FXGLAssetLoaderServi - Loading from file system: jar:file:///C:/Users/enric/.m2/repository/com/github/almasb/fxgl/17.3/fxgl-17.3.jar!/fxglassets/textures/particles/trace_horizontal.png
20:31:01.466 [FXGL Background Thread 1 ] DEBUG GameApplicationServi - Application scenes initialized
20:31:01.477 [FXGL Background Thread 1 ] DEBUG SystemBundleService  - Loading FXGL system data
20:31:01.480 [FXGL Background Thread 1 ] DEBUG FileSystemAccess     - Reading from: C:\Users\enric\Desktop\robe mie\Fermi\triennio\Informatica\Intellij\GiocoClasseQuarta\system\fxgl.bundle
20:31:01.487 [FXGL Background Thread 1 ] DEBUG SystemBundleService  - Bundle FXGL: {}
20:31:01.487 [FXGL Background Thread 1 ] DEBUG UpdaterService       - Checking for updates
20:31:01.492 [FXGL Background Thread 4 ] DEBUG FXGLApplication      - Loading fonts
20:31:01.492 [FXGL Background Thread 4 ] DEBUG FXGLAssetLoaderServi - Loading from file system: jar:file:///C:/Users/enric/.m2/repository/com/github/almasb/fxgl/17.3/fxgl-17.3.jar!/fxglassets/ui/fonts/VarelaRound-Regular.ttf
20:31:01.492 [FXGL Background Thread 1 ] DEBUG FXGLApplication      - Loading default localization
20:31:01.493 [FXGL Background Thread 1 ] DEBUG FXGLAssetLoaderServi - Loading from file system: jar:file:///C:/Users/enric/.m2/repository/com/github/almasb/fxgl/17.3/fxgl-17.3.jar!/fxglassets/languages/english.lang
20:31:01.514 [FXGL Background Thread 1 ] INFO  FXGLApplication      - FXGL initialization took: 0,403 sec
20:31:01.524 [JavaFX Application Thread] DEBUG Input                - Registered new binding: Move Right - D
20:31:01.524 [JavaFX Application Thread] DEBUG Input                - Registered new binding: Move Left - A
20:31:01.525 [JavaFX Application Thread] DEBUG Input                - Registered new binding: Move Up - W
20:31:01.525 [JavaFX Application Thread] DEBUG Input                - Registered new binding: Move Down - S
20:31:01.525 [JavaFX Application Thread] DEBUG FXGLAssetLoaderServi - Loading from file system: jar:file:///C:/Users/enric/.m2/repository/com/github/almasb/fxgl/17.3/fxgl-17.3.jar!/fxglassets/textures/fxgl_icon.png
20:31:01.528 [FXGL Background Thread 4 ] DEBUG FXGLAssetLoaderServi - Loading from file system: jar:file:///C:/Users/enric/.m2/repository/com/github/almasb/fxgl/17.3/fxgl-17.3.jar!/fxglassets/ui/fonts/Abel-Regular.ttf
20:31:01.538 [FXGL Background Thread 4 ] DEBUG FXGLAssetLoaderServi - Loading from file system: jar:file:///C:/Users/enric/.m2/repository/com/github/almasb/fxgl/17.3/fxgl-17.3.jar!/fxglassets/ui/fonts/TerminalLandMono-Regular.otf
20:31:01.548 [FXGL Background Thread 4 ] DEBUG FXGLAssetLoaderServi - Loading from file system: jar:file:///C:/Users/enric/.m2/repository/com/github/almasb/fxgl/17.3/fxgl-17.3.jar!/fxglassets/ui/fonts/Courier-Prime.ttf
20:31:01.551 [JavaFX Application Thread] DEBUG FXGLAssetLoaderServi - Loading from file system: jar:file:///C:/Users/enric/.m2/repository/com/github/almasb/fxgl/17.3/fxgl-17.3.jar!/fxglassets/textures/fxgl_default_cursor.png
20:31:01.554 [JavaFX Application Thread] DEBUG Input                - Registered new binding: Screenshot - CTRL+8
20:31:01.555 [JavaFX Application Thread] DEBUG Input                - Registered new binding: System info dump - CTRL+9
20:31:01.555 [JavaFX Application Thread] DEBUG Input                - Registered new binding: Restart - CTRL+R
20:31:01.557 [JavaFX Application Thread] DEBUG Input                - Registered new binding: Toggle Debug Camera - CTRL+7
20:31:01.562 [JavaFX Application Thread] DEBUG LoopRunner           - Starting loop
20:31:01.562 [JavaFX Application Thread] DEBUG LoopRunner           - Initializing JavaFX AnimationTimerLoop
20:31:01.565 [JavaFX Application Thread] DEBUG GameApplicationServi - Starting new game
20:31:01.565 [JavaFX Application Thread] DEBUG Input                - Clearing active input actions
20:31:01.583 [JavaFX Application Thread] DEBUG GameApplicationServi - Removing overlay from FXGLStartupScene and adding to FXGLLoadingScene
20:31:01.584 [JavaFX Application Thread] DEBUG PrimaryStageWindow   - FXGLStartupScene -> FXGLLoadingScene
20:31:01.584 [JavaFX Application Thread] DEBUG GameApplicationServi - Clearing previous game
20:31:01.584 [JavaFX Application Thread] DEBUG GameScene            - Clearing game scene
20:31:01.584 [JavaFX Application Thread] DEBUG GameWorld            - Clearing game world
20:31:01.584 [JavaFX Application Thread] DEBUG PhysicsWorld         - Clearing physics world
20:31:01.587 [FXGL Background Thread 4 ] DEBUG FXGLApplication      - Initializing game
20:31:01.588 [FXGL Background Thread 4 ] DEBUG FXGLAssetLoaderServi - Loading from file system: file:/C:/Users/enric/Desktop/robe%20mie/Fermi/triennio/Informatica/Intellij/GiocoClasseQuarta/target/classes/assets/textures/spawn8.png
20:31:01.634 [FXGL Background Thread 4 ] DEBUG FXGLAssetLoaderServi - Loading from file system: file:/C:/Users/enric/Desktop/robe%20mie/Fermi/triennio/Informatica/Intellij/GiocoClasseQuarta/target/classes/assets/textures/corsa/corsa1.png
20:31:01.635 [FXGL Background Thread 4 ] DEBUG FXGLAssetLoaderServi - Loading from file system: file:/C:/Users/enric/Desktop/robe%20mie/Fermi/triennio/Informatica/Intellij/GiocoClasseQuarta/target/classes/assets/textures/corsa/corsa2.png
20:31:01.636 [FXGL Background Thread 4 ] DEBUG FXGLAssetLoaderServi - Loading from file system: file:/C:/Users/enric/Desktop/robe%20mie/Fermi/triennio/Informatica/Intellij/GiocoClasseQuarta/target/classes/assets/textures/corsa/corsa3.png
20:31:01.637 [FXGL Background Thread 4 ] DEBUG FXGLAssetLoaderServi - Loading from file system: file:/C:/Users/enric/Desktop/robe%20mie/Fermi/triennio/Informatica/Intellij/GiocoClasseQuarta/target/classes/assets/textures/corsa/corsa4.png
20:31:01.638 [FXGL Background Thread 4 ] DEBUG FXGLAssetLoaderServi - Loading from file system: file:/C:/Users/enric/Desktop/robe%20mie/Fermi/triennio/Informatica/Intellij/GiocoClasseQuarta/target/classes/assets/textures/corsa/corsa5.png
20:31:01.639 [FXGL Background Thread 4 ] DEBUG FXGLAssetLoaderServi - Loading from file system: file:/C:/Users/enric/Desktop/robe%20mie/Fermi/triennio/Informatica/Intellij/GiocoClasseQuarta/target/classes/assets/textures/corsa/corsa6.png
20:31:01.640 [FXGL Background Thread 4 ] DEBUG FXGLAssetLoaderServi - Loading from file system: file:/C:/Users/enric/Desktop/robe%20mie/Fermi/triennio/Informatica/Intellij/GiocoClasseQuarta/target/classes/assets/textures/corsa/corsa7.png
20:31:01.641 [FXGL Background Thread 4 ] DEBUG FXGLAssetLoaderServi - Loading from file system: file:/C:/Users/enric/Desktop/robe%20mie/Fermi/triennio/Informatica/Intellij/GiocoClasseQuarta/target/classes/assets/textures/corsa/corsa8.png
20:31:01.642 [FXGL Background Thread 4 ] DEBUG FXGLAssetLoaderServi - Loading from file system: file:/C:/Users/enric/Desktop/robe%20mie/Fermi/triennio/Informatica/Intellij/GiocoClasseQuarta/target/classes/assets/textures/corsa/corsa9.png
20:31:01.643 [FXGL Background Thread 4 ] DEBUG FXGLAssetLoaderServi - Loading from file system: file:/C:/Users/enric/Desktop/robe%20mie/Fermi/triennio/Informatica/Intellij/GiocoClasseQuarta/target/classes/assets/textures/corsa/corsa10.png
20:31:01.643 [FXGL Background Thread 4 ] DEBUG FXGLAssetLoaderServi - Loading from file system: file:/C:/Users/enric/Desktop/robe%20mie/Fermi/triennio/Informatica/Intellij/GiocoClasseQuarta/target/classes/assets/textures/corsa/corsa11.png
20:31:01.647 [FXGL Background Thread 4 ] DEBUG FXGLAssetLoaderServi - Loading from file system: file:/C:/Users/enric/Desktop/robe%20mie/Fermi/triennio/Informatica/Intellij/GiocoClasseQuarta/target/classes/assets/textures/sfondo1.jpg
20:31:01.674 [FXGL Background Thread 4 ] INFO  FXGLApplication      - Game initialization took: 0,087 sec
20:31:01.716 [JavaFX Application Thread] DEBUG Input                - Clearing active input actions
20:31:01.729 [JavaFX Application Thread] DEBUG GameApplicationServi - Removing overlay from FXGLLoadingScene and adding to GameScene
20:31:01.730 [JavaFX Application Thread] DEBUG PrimaryStageWindow   - FXGLLoadingScene -> GameScene
20:31:02.107 [FXGL Background Thread 2 ] INFO  UpdaterService       - Your current version:  17.3
20:31:02.107 [FXGL Background Thread 2 ] INFO  UpdaterService       - Latest stable version: 21.1
20:31:04.491 [FXGL Background Thread 3 ] DEBUG Engine               - Logging environment variables
20:31:04.493 [FXGL Background Thread 3 ] DEBUG Engine               - achievements: []
20:31:04.493 [FXGL Background Thread 3 ] DEBUG Engine               - actualHeight: 864.0
20:31:04.493 [FXGL Background Thread 3 ] DEBUG Engine               - actualHeightProperty: ReadOnlyDoubleProperty [value: 864.0]
20:31:04.494 [FXGL Background Thread 3 ] DEBUG Engine               - actualWidth: 1536.0
20:31:04.494 [FXGL Background Thread 3 ] DEBUG Engine               - actualWidthProperty: ReadOnlyDoubleProperty [value: 1536.0]
20:31:04.494 [FXGL Background Thread 3 ] DEBUG Engine               - appIcon: fxgl_icon.png
20:31:04.494 [FXGL Background Thread 3 ] DEBUG Engine               - applicationMode: DEVELOPER
20:31:04.495 [FXGL Background Thread 3 ] DEBUG Engine               - cSSList: [fxgl_dark.css]
20:31:04.495 [FXGL Background Thread 3 ] DEBUG Engine               - collisionDetectionStrategy: BRUTE_FORCE
20:31:04.495 [FXGL Background Thread 3 ] DEBUG Engine               - configClass: Optional.empty
20:31:04.495 [FXGL Background Thread 3 ] DEBUG Engine               - credits: []
20:31:04.496 [FXGL Background Thread 3 ] DEBUG Engine               - defaultCursor: CursorInfo(imageName=fxgl_default_cursor.png, hotspotX=7.0, hotspotY=6.0)
20:31:04.497 [FXGL Background Thread 3 ] DEBUG Engine               - devBBoxColorProperty: ObjectProperty [value: 0xff0000ff]
20:31:04.497 [FXGL Background Thread 3 ] DEBUG Engine               - devEnableDebugCameraProperty: BooleanProperty [value: false]
20:31:04.497 [FXGL Background Thread 3 ] DEBUG Engine               - devSensorColorProperty: ObjectProperty [value: 0xffff00ff]
20:31:04.498 [FXGL Background Thread 3 ] DEBUG Engine               - devShowBBoxProperty: BooleanProperty [value: false]
20:31:04.498 [FXGL Background Thread 3 ] DEBUG Engine               - devShowPositionProperty: BooleanProperty [value: false]
20:31:04.498 [FXGL Background Thread 3 ] DEBUG Engine               - enabledMenuItems: []
20:31:04.498 [FXGL Background Thread 3 ] DEBUG Engine               - engineServices: [class com.almasb.fxgl.app.services.FXGLAssetLoaderService, class com.almasb.fxgl.app.FXGLApplication$GameApplicationService, class com.almasb.fxgl.app.services.FXGLDialogService, class com.almasb.fxgl.app.services.IOTaskExecutorService, class com.almasb.fxgl.io.FileSystemService, class com.almasb.fxgl.localization.LocalizationService, class com.almasb.fxgl.app.services.SystemBundleService, class com.almasb.fxgl.profile.SaveLoadService, class com.almasb.fxgl.ui.FXGLUIFactoryServiceProvider, class com.almasb.fxgl.ui.FXGLDialogFactoryServiceProvider, class com.almasb.fxgl.audio.AudioPlayer, class com.almasb.fxgl.notification.impl.NotificationServiceProvider, class com.almasb.fxgl.achievement.AchievementService, class com.almasb.fxgl.cutscene.CutsceneService, class com.almasb.fxgl.minigames.MiniGameService, class com.almasb.fxgl.net.NetService, class com.almasb.fxgl.app.services.UpdaterService, class com.almasb.fxgl.dev.DevService]
20:31:04.498 [FXGL Background Thread 3 ] DEBUG Engine               - fontGame: Abel-Regular.ttf
20:31:04.498 [FXGL Background Thread 3 ] DEBUG Engine               - fontMono: TerminalLandMono-Regular.otf
20:31:04.498 [FXGL Background Thread 3 ] DEBUG Engine               - fontSizeScaleUI: 1.0
20:31:04.498 [FXGL Background Thread 3 ] DEBUG Engine               - fontText: Courier-Prime.ttf
20:31:04.499 [FXGL Background Thread 3 ] DEBUG Engine               - fontUI: VarelaRound-Regular.ttf
20:31:04.499 [FXGL Background Thread 3 ] DEBUG Engine               - fullScreen: BooleanProperty [value: true]
20:31:04.499 [FXGL Background Thread 3 ] DEBUG Engine               - gameDifficulty: MEDIUM
20:31:04.499 [FXGL Background Thread 3 ] DEBUG Engine               - gameDifficultyProperty: ObjectProperty [value: MEDIUM]
20:31:04.499 [FXGL Background Thread 3 ] DEBUG Engine               - globalMusicVolume: 0.5
20:31:04.500 [FXGL Background Thread 3 ] DEBUG Engine               - globalMusicVolumeProperty: DoubleProperty [value: 0.5]
20:31:04.500 [FXGL Background Thread 3 ] DEBUG Engine               - globalSoundVolume: 0.5
20:31:04.502 [FXGL Background Thread 3 ] DEBUG Engine               - globalSoundVolumeProperty: DoubleProperty [value: 0.5]
20:31:04.502 [FXGL Background Thread 3 ] DEBUG Engine               - height: 864
20:31:04.502 [FXGL Background Thread 3 ] DEBUG Engine               - is3D: false
20:31:04.502 [FXGL Background Thread 3 ] DEBUG Engine               - isAndroid: false
20:31:04.502 [FXGL Background Thread 3 ] DEBUG Engine               - isBrowser: false
20:31:04.503 [FXGL Background Thread 3 ] DEBUG Engine               - isClickFeedbackEnabled: false
20:31:04.503 [FXGL Background Thread 3 ] DEBUG Engine               - isCloseConfirmation: false
20:31:04.503 [FXGL Background Thread 3 ] DEBUG Engine               - isDesktop: true
20:31:04.503 [FXGL Background Thread 3 ] DEBUG Engine               - isDeveloperMenuEnabled: false
20:31:04.504 [FXGL Background Thread 3 ] DEBUG Engine               - isEmbedded: false
20:31:04.504 [FXGL Background Thread 3 ] DEBUG Engine               - isEntityPreloadEnabled: true
20:31:04.504 [FXGL Background Thread 3 ] DEBUG Engine               - isExperimentalTiledLargeMap: false
20:31:04.504 [FXGL Background Thread 3 ] DEBUG Engine               - isFileSystemWriteAllowed: true
20:31:04.504 [FXGL Background Thread 3 ] DEBUG Engine               - isFullScreenAllowed: true
20:31:04.504 [FXGL Background Thread 3 ] DEBUG Engine               - isFullScreenFromStart: true
20:31:04.504 [FXGL Background Thread 3 ] DEBUG Engine               - isGameMenuEnabled: true
20:31:04.504 [FXGL Background Thread 3 ] DEBUG Engine               - isIOS: false
20:31:04.505 [FXGL Background Thread 3 ] DEBUG Engine               - isIntroEnabled: false
20:31:04.505 [FXGL Background Thread 3 ] DEBUG Engine               - isLinux: false
20:31:04.505 [FXGL Background Thread 3 ] DEBUG Engine               - isMac: false
20:31:04.505 [FXGL Background Thread 3 ] DEBUG Engine               - isMainMenuEnabled: false
20:31:04.506 [FXGL Background Thread 3 ] DEBUG Engine               - isManualResizeEnabled: false
20:31:04.506 [FXGL Background Thread 3 ] DEBUG Engine               - isMobile: false
20:31:04.506 [FXGL Background Thread 3 ] DEBUG Engine               - isNative: false
20:31:04.506 [FXGL Background Thread 3 ] DEBUG Engine               - isPauseMusicWhenMinimized: true
20:31:04.507 [FXGL Background Thread 3 ] DEBUG Engine               - isPreserveResizeRatio: false
20:31:04.507 [FXGL Background Thread 3 ] DEBUG Engine               - isProfilingEnabled: false
20:31:04.507 [FXGL Background Thread 3 ] DEBUG Engine               - isScaleAffectedOnResize: true
20:31:04.507 [FXGL Background Thread 3 ] DEBUG Engine               - isSingleStep: false
20:31:04.508 [FXGL Background Thread 3 ] DEBUG Engine               - isUserProfileEnabled: false
20:31:04.508 [FXGL Background Thread 3 ] DEBUG Engine               - isWindows: true
20:31:04.508 [FXGL Background Thread 3 ] DEBUG Engine               - language: ObjectProperty [value: ENGLISH]
20:31:04.508 [FXGL Background Thread 3 ] DEBUG Engine               - menuKey: ESCAPE
20:31:04.508 [FXGL Background Thread 3 ] DEBUG Engine               - mouseSensitivity: 0.2
20:31:04.509 [FXGL Background Thread 3 ] DEBUG Engine               - notificationViewClass: class com.almasb.fxgl.notification.view.XboxNotificationView
20:31:04.509 [FXGL Background Thread 3 ] DEBUG Engine               - pixelsPerMeter: 50.0
20:31:04.509 [FXGL Background Thread 3 ] DEBUG Engine               - platform: WINDOWS
20:31:04.509 [FXGL Background Thread 3 ] DEBUG Engine               - prefHeightProperty: ReadOnlyDoubleProperty [value: 864.0]
20:31:04.509 [FXGL Background Thread 3 ] DEBUG Engine               - prefWidthProperty: ReadOnlyDoubleProperty [value: 1536.0]
20:31:04.510 [FXGL Background Thread 3 ] DEBUG Engine               - profileDir: profiles/
20:31:04.510 [FXGL Background Thread 3 ] DEBUG Engine               - profileName: StringProperty [value: DEFAULT]
20:31:04.510 [FXGL Background Thread 3 ] DEBUG Engine               - randomSeed: -1
20:31:04.511 [FXGL Background Thread 3 ] DEBUG Engine               - runtimeInfo: RuntimeInfo(platform=WINDOWS, version=17.3, build=30.03.2023 11.49)
20:31:04.511 [FXGL Background Thread 3 ] DEBUG Engine               - saveFileExt: sav
20:31:04.511 [FXGL Background Thread 3 ] DEBUG Engine               - scaledHeightProp$fxgl: DoubleProperty [bound, value: 864.0]
20:31:04.512 [FXGL Background Thread 3 ] DEBUG Engine               - scaledWidthProp$fxgl: DoubleProperty [bound, value: 1536.0]
20:31:04.512 [FXGL Background Thread 3 ] DEBUG Engine               - sceneFactory: com.almasb.fxgl.app.scene.SceneFactory@1c679296
20:31:04.512 [FXGL Background Thread 3 ] DEBUG Engine               - secondsIn24h: 60
20:31:04.512 [FXGL Background Thread 3 ] DEBUG Engine               - soundMenuBack: menu/back.wav
20:31:04.513 [FXGL Background Thread 3 ] DEBUG Engine               - soundMenuPress: menu/press.wav
20:31:04.513 [FXGL Background Thread 3 ] DEBUG Engine               - soundMenuSelect: menu/select.wav
20:31:04.513 [FXGL Background Thread 3 ] DEBUG Engine               - soundNotification: core/notification.wav
20:31:04.513 [FXGL Background Thread 3 ] DEBUG Engine               - stageStyle: DECORATED
20:31:04.513 [FXGL Background Thread 3 ] DEBUG Engine               - supportedLanguages: [ENGLISH, FRENCH, GERMAN, HUNGARIAN, RUSSIAN]
20:31:04.514 [FXGL Background Thread 3 ] DEBUG Engine               - ticksPerSecond: -1
20:31:04.514 [FXGL Background Thread 3 ] DEBUG Engine               - title: Megaman
20:31:04.514 [FXGL Background Thread 3 ] DEBUG Engine               - urlGithub: https://github.com/AlmasB/FXGL
20:31:04.514 [FXGL Background Thread 3 ] DEBUG Engine               - urlLeaderboard: http://fxgl-top.herokuapp.com/
20:31:04.514 [FXGL Background Thread 3 ] DEBUG Engine               - urlPOM: https://raw.githubusercontent.com/AlmasB/FXGL/release/README.md
20:31:04.515 [FXGL Background Thread 3 ] DEBUG Engine               - userAppClass: class com.game.megaman2.MegamanApplication
20:31:04.515 [FXGL Background Thread 3 ] DEBUG Engine               - version: 0.1
20:31:04.515 [FXGL Background Thread 3 ] DEBUG Engine               - versionCheckDays: 7
20:31:04.515 [FXGL Background Thread 3 ] DEBUG Engine               - width: 1536
20:31:04.515 [FXGL Background Thread 3 ] DEBUG Engine               - Logging services
20:31:04.516 [FXGL Background Thread 3 ] DEBUG Engine               - class com.almasb.fxgl.app.services.FXGLAssetLoaderService
20:31:04.516 [FXGL Background Thread 3 ] DEBUG Engine               - class com.almasb.fxgl.app.FXGLApplication$GameApplicationService
20:31:04.516 [FXGL Background Thread 3 ] DEBUG Engine               - class com.almasb.fxgl.app.services.FXGLDialogService
20:31:04.516 [FXGL Background Thread 3 ] DEBUG Engine               - class com.almasb.fxgl.app.services.IOTaskExecutorService
20:31:04.516 [FXGL Background Thread 3 ] DEBUG Engine               - class com.almasb.fxgl.io.FileSystemService
20:31:04.516 [FXGL Background Thread 3 ] DEBUG Engine               - class com.almasb.fxgl.localization.LocalizationService
20:31:04.517 [FXGL Background Thread 3 ] DEBUG Engine               - class com.almasb.fxgl.app.services.SystemBundleService
20:31:04.517 [FXGL Background Thread 3 ] DEBUG Engine               - class com.almasb.fxgl.profile.SaveLoadService
20:31:04.517 [FXGL Background Thread 3 ] DEBUG Engine               - class com.almasb.fxgl.ui.FXGLUIFactoryServiceProvider
20:31:04.517 [FXGL Background Thread 3 ] DEBUG Engine               - class com.almasb.fxgl.ui.FXGLDialogFactoryServiceProvider
20:31:04.517 [FXGL Background Thread 3 ] DEBUG Engine               - class com.almasb.fxgl.audio.AudioPlayer
20:31:04.517 [FXGL Background Thread 3 ] DEBUG Engine               - class com.almasb.fxgl.notification.impl.NotificationServiceProvider
20:31:04.517 [FXGL Background Thread 3 ] DEBUG Engine               - class com.almasb.fxgl.achievement.AchievementService
20:31:04.518 [FXGL Background Thread 3 ] DEBUG Engine               - class com.almasb.fxgl.cutscene.CutsceneService
20:31:04.518 [FXGL Background Thread 3 ] DEBUG Engine               - class com.almasb.fxgl.minigames.MiniGameService
20:31:04.518 [FXGL Background Thread 3 ] DEBUG Engine               - class com.almasb.fxgl.net.NetService
20:31:04.518 [FXGL Background Thread 3 ] DEBUG Engine               - class com.almasb.fxgl.app.services.UpdaterService
20:31:04.518 [FXGL Background Thread 3 ] DEBUG Engine               - class com.almasb.fxgl.dev.DevService
20:31:07.050 [JavaFX Application Thread] DEBUG PrimaryStageWindow   - Push state: FXGLDefaultMenu
20:31:07.056 [JavaFX Application Thread] DEBUG Input                - Clearing active input actions
20:31:07.072 [JavaFX Application Thread] DEBUG GameApplicationServi - Removing overlay from GameScene and adding to FXGLDefaultMenu
20:31:07.074 [JavaFX Application Thread] DEBUG PrimaryStageWindow   - GameScene -> FXGLDefaultMenu
20:31:08.398 [JavaFX Application Thread] DEBUG Menu                 - fireExit()
20:31:08.401 [JavaFX Application Thread] DEBUG PrimaryStageWindow   - Push state: DialogSubScene
20:31:08.402 [JavaFX Application Thread] DEBUG Input                - Clearing active input actions
20:31:08.402 [JavaFX Application Thread] DEBUG GameApplicationServi - Removing overlay from FXGLDefaultMenu and adding to DialogSubScene
20:31:08.402 [JavaFX Application Thread] DEBUG PrimaryStageWindow   - FXGLDefaultMenu -> DialogSubScene
20:31:09.406 [JavaFX Application Thread] DEBUG PrimaryStageWindow   - Pop state: DialogSubScene
20:31:09.406 [JavaFX Application Thread] DEBUG Input                - Clearing active input actions
20:31:09.408 [JavaFX Application Thread] DEBUG GameApplicationServi - Removing overlay from DialogSubScene and adding to FXGLDefaultMenu
20:31:09.409 [JavaFX Application Thread] DEBUG PrimaryStageWindow   - FXGLDefaultMenu <- DialogSubScene
20:31:09.409 [JavaFX Application Thread] DEBUG FXGLApplication      - Exiting FXGL
20:31:09.409 [JavaFX Application Thread] DEBUG LoopRunner           - Stopping loop
20:31:09.409 [JavaFX Application Thread] DEBUG SystemBundleService  - Saving FXGL system data
20:31:09.415 [JavaFX Application Thread] DEBUG FileSystemAccess     - Writing to: C:\Users\enric\Desktop\robe mie\Fermi\triennio\Informatica\Intellij\GiocoClasseQuarta\system\fxgl.bundle
20:31:09.420 [JavaFX Application Thread] DEBUG Async                - Shutting down background threads
20:31:09.421 [JavaFX Application Thread] DEBUG PrimaryStageWindow   - Closing main window
20:31:09.471 [JavaFX Application Thread] DEBUG Logger               - Closing Logger
