15:11:40.384 [main                     ] DEBUG Logger               - Configured Logger
15:11:40.408 [main                     ] DEBUG GameApplication      - Logging settings
Title: Pokemon boh
Version: 0.1
Width: 1000
Height: 720
Fullscreen: false
Intro: false
Profiling: false
Single step:false
App Mode: DEVELOPER
Menu Key: ESCAPE
Stage Style: DECORATED
Scene Factory: class com.game.pokemon.FabbricaScene

15:11:40.689 [JavaFX Application Thread] DEBUG FXGLApplication      - Initializing FXGL
15:11:40.694 [JavaFX Application Thread] INFO  Engine               - FXGL-17.3 (30.03.2023 11.49) on WINDOWS (J:22.0.1 FX:22-ea)
15:11:40.694 [JavaFX Application Thread] DEBUG Engine               - JRE Vendor Name: Oracle Corporation
15:11:40.694 [JavaFX Application Thread] DEBUG Engine               - Running on OS: Windows 11 version 10.0
15:11:40.694 [JavaFX Application Thread] DEBUG Engine               - Architecture: amd64
15:11:40.695 [JavaFX Application Thread] INFO  Engine               - Source code and latest versions at: https://github.com/AlmasB/FXGL
15:11:40.695 [JavaFX Application Thread] INFO  Engine               -       Ask questions and discuss at: https://github.com/AlmasB/FXGL/discussions
15:11:40.695 [JavaFX Application Thread] INFO  Engine               -              Join the FXGL chat at: https://gitter.im/AlmasB/FXGL
15:11:40.779 [JavaFX Application Thread] DEBUG PrimaryStageWindow   - Creating a JavaFX scene
15:11:40.829 [JavaFX Application Thread] DEBUG PrimaryStageWindow   - Target settings size: 1000.0 x 720.0
15:11:40.829 [JavaFX Application Thread] DEBUG PrimaryStageWindow   - Scaled scene size:    1000.0 x 720.0
15:11:40.829 [JavaFX Application Thread] DEBUG PrimaryStageWindow   - Scaled ratio: (1.0, 1.0)
15:11:40.830 [JavaFX Application Thread] DEBUG PrimaryStageWindow   - Set initial scene to FXGLStartupScene
15:11:40.834 [JavaFX Application Thread] DEBUG PrimaryStageWindow   - Opening main window
15:11:40.923 [JavaFX Application Thread] DEBUG PrimaryStageWindow   - Window border size: (14.4000244140625, 37.5999755859375)
15:11:40.923 [JavaFX Application Thread] DEBUG PrimaryStageWindow   - Scaled size: 1000.0 x 720.0
15:11:40.924 [JavaFX Application Thread] DEBUG PrimaryStageWindow   - Scaled ratio: (1.0, 1.0)
15:11:40.924 [JavaFX Application Thread] DEBUG PrimaryStageWindow   - Scene size: 1000.0 x 720.0
15:11:40.924 [JavaFX Application Thread] DEBUG PrimaryStageWindow   - Stage size: 1014.4000244140625 x 757.5999755859375
15:11:40.932 [FXGL Background Thread 1 ] DEBUG Engine               - Initializing environment variables
15:11:40.990 [FXGL Background Thread 1 ] DEBUG FXGLAssetLoaderServi - User app class for loading assets: class com.game.pokemon.PokemonApplication
15:11:40.991 [FXGL Background Thread 1 ] DEBUG GameApplicationServi - Applying CSS: fxgl_dark.css
15:11:40.991 [FXGL Background Thread 1 ] DEBUG FXGLAssetLoaderServi - Loading from file system: jar:file:///C:/Users/enric/.m2/repository/com/github/almasb/fxgl/17.3/fxgl-17.3.jar!/fxglassets/ui/css/fxgl_dark.css
15:11:41.042 [FXGL Background Thread 1 ] DEBUG GameApplicationServi - Initializing application scenes
15:11:41.080 [FXGL Background Thread 1 ] DEBUG GameWorld            - Game world initialized
15:11:41.138 [FXGL Background Thread 1 ] DEBUG PhysicsWorld         - Physics world initialized: appHeight=720, physics.ppm=50,0
15:11:41.139 [FXGL Background Thread 1 ] DEBUG PhysicsWorld         - Using strategy: BRUTE_FORCE
15:11:41.142 [FXGL Background Thread 1 ] DEBUG GameScene            - Game scene initialized: 1000x720
15:11:41.151 [FXGL Background Thread 1 ] DEBUG FXGL.DefaultMenu     - createMenuBodyMainMenu()
15:11:41.161 [FXGL Background Thread 1 ] DEBUG FXGL.DefaultMenu     - createOptionsMenu()
15:11:41.169 [FXGL Background Thread 1 ] DEBUG FXGLAssetLoaderServi - Loading from file system: jar:file:///C:/Users/enric/.m2/repository/com/github/almasb/fxgl/17.3/fxgl-17.3.jar!/fxglassets/textures/particles/smoke.png
15:11:41.246 [FXGL Background Thread 1 ] DEBUG FXGLAssetLoaderServi - Loading from file system: jar:file:///C:/Users/enric/.m2/repository/com/github/almasb/fxgl/17.3/fxgl-17.3.jar!/fxglassets/textures/particles/trace_horizontal.png
15:11:41.276 [FXGL Background Thread 1 ] DEBUG FXGLAssetLoaderServi - Loading from file system: file:/C:/Users/enric/Desktop/robe%20mie/Fermi/triennio/Informatica/Intellij/GiocoClasseQuarta/target/classes/assets/music/musicaMenu.mp3
15:11:41.406 [FXGL Background Thread 1 ] DEBUG FXGL.DefaultMenu     - createMenuBodyGameMenu()
15:11:41.408 [FXGL Background Thread 1 ] DEBUG FXGL.DefaultMenu     - createOptionsMenu()
15:11:41.424 [FXGL Background Thread 1 ] DEBUG GameApplicationServi - Application scenes initialized
15:11:41.438 [FXGL Background Thread 1 ] DEBUG SystemBundleService  - Loading FXGL system data
15:11:41.444 [FXGL Background Thread 1 ] DEBUG FileSystemAccess     - Reading from: C:\Users\enric\Desktop\robe mie\Fermi\triennio\Informatica\Intellij\GiocoClasseQuarta\system\fxgl.bundle
15:11:41.452 [FXGL Background Thread 1 ] DEBUG SystemBundleService  - Bundle FXGL: {}
15:11:41.452 [FXGL Background Thread 1 ] DEBUG UpdaterService       - Checking for updates
15:11:41.457 [FXGL Background Thread 4 ] DEBUG FXGLApplication      - Loading fonts
15:11:41.458 [FXGL Background Thread 1 ] DEBUG FXGLApplication      - Loading default localization
15:11:41.458 [FXGL Background Thread 4 ] DEBUG FXGLAssetLoaderServi - Loading from file system: jar:file:///C:/Users/enric/.m2/repository/com/github/almasb/fxgl/17.3/fxgl-17.3.jar!/fxglassets/ui/fonts/VarelaRound-Regular.ttf
15:11:41.458 [FXGL Background Thread 1 ] DEBUG FXGLAssetLoaderServi - Loading from file system: jar:file:///C:/Users/enric/.m2/repository/com/github/almasb/fxgl/17.3/fxgl-17.3.jar!/fxglassets/languages/english.lang
15:11:41.478 [FXGL Background Thread 1 ] INFO  FXGLApplication      - FXGL initialization took: 0,546 sec
15:11:41.492 [JavaFX Application Thread] DEBUG Input                - Registered new binding: Move Right - D
15:11:41.492 [JavaFX Application Thread] DEBUG Input                - Registered new binding: Move Left - A
15:11:41.493 [JavaFX Application Thread] DEBUG Input                - Registered new binding: Move Up - W
15:11:41.493 [JavaFX Application Thread] DEBUG Input                - Registered new binding: Move Down - S
15:11:41.493 [JavaFX Application Thread] DEBUG FXGLAssetLoaderServi - Loading from file system: jar:file:///C:/Users/enric/.m2/repository/com/github/almasb/fxgl/17.3/fxgl-17.3.jar!/fxglassets/textures/fxgl_icon.png
15:11:41.508 [FXGL Background Thread 4 ] DEBUG FXGLAssetLoaderServi - Loading from file system: jar:file:///C:/Users/enric/.m2/repository/com/github/almasb/fxgl/17.3/fxgl-17.3.jar!/fxglassets/ui/fonts/Abel-Regular.ttf
15:11:41.521 [FXGL Background Thread 4 ] DEBUG FXGLAssetLoaderServi - Loading from file system: jar:file:///C:/Users/enric/.m2/repository/com/github/almasb/fxgl/17.3/fxgl-17.3.jar!/fxglassets/ui/fonts/TerminalLandMono-Regular.otf
15:11:41.522 [JavaFX Application Thread] DEBUG FXGLAssetLoaderServi - Loading from file system: jar:file:///C:/Users/enric/.m2/repository/com/github/almasb/fxgl/17.3/fxgl-17.3.jar!/fxglassets/textures/fxgl_default_cursor.png
15:11:41.524 [JavaFX Application Thread] DEBUG Input                - Registered new binding: Screenshot - CTRL+8
15:11:41.525 [JavaFX Application Thread] DEBUG Input                - Registered new binding: System info dump - CTRL+9
15:11:41.525 [JavaFX Application Thread] DEBUG Input                - Registered new binding: Restart - CTRL+R
15:11:41.526 [JavaFX Application Thread] DEBUG Input                - Registered new binding: Toggle Debug Camera - CTRL+7
15:11:41.529 [JavaFX Application Thread] DEBUG LoopRunner           - Starting loop
15:11:41.529 [JavaFX Application Thread] DEBUG LoopRunner           - Initializing JavaFX AnimationTimerLoop
15:11:41.532 [JavaFX Application Thread] DEBUG Input                - Clearing active input actions
15:11:41.535 [FXGL Background Thread 4 ] DEBUG FXGLAssetLoaderServi - Loading from file system: jar:file:///C:/Users/enric/.m2/repository/com/github/almasb/fxgl/17.3/fxgl-17.3.jar!/fxglassets/ui/fonts/Courier-Prime.ttf
15:11:41.551 [JavaFX Application Thread] DEBUG GameApplicationServi - Removing overlay from FXGLStartupScene and adding to FXGLMainMenuDummyScene
15:11:41.552 [JavaFX Application Thread] DEBUG PrimaryStageWindow   - FXGLStartupScene -> FXGLMainMenuDummyScene
15:11:41.552 [JavaFX Application Thread] DEBUG PrimaryStageWindow   - Push state: MainMenu
15:11:41.553 [JavaFX Application Thread] DEBUG AudioPlayer          - Playing music com.almasb.fxgl.audio.Music@d5a8a5a
15:11:41.556 [JavaFX Application Thread] DEBUG Input                - Clearing active input actions
15:11:41.568 [JavaFX Application Thread] DEBUG GameApplicationServi - Removing overlay from FXGLMainMenuDummyScene and adding to MainMenu
15:11:41.569 [JavaFX Application Thread] DEBUG PrimaryStageWindow   - FXGLMainMenuDummyScene -> MainMenu
15:11:41.676 [JavaFX Application Thread] DEBUG FXGLApplication      - Registering font factories with UI factory
15:11:42.851 [JavaFX Application Thread] DEBUG Menu                 - fireNewGame()
15:11:42.852 [JavaFX Application Thread] DEBUG GameApplicationServi - Starting new game
15:11:42.852 [JavaFX Application Thread] DEBUG AudioPlayer          - Stopping music com.almasb.fxgl.audio.Music@d5a8a5a
15:11:42.854 [JavaFX Application Thread] DEBUG PrimaryStageWindow   - Pop state: MainMenu
15:11:42.854 [JavaFX Application Thread] DEBUG Input                - Clearing active input actions
15:11:42.855 [JavaFX Application Thread] DEBUG GameApplicationServi - Removing overlay from MainMenu and adding to FXGLMainMenuDummyScene
15:11:42.856 [JavaFX Application Thread] DEBUG PrimaryStageWindow   - FXGLMainMenuDummyScene <- MainMenu
15:11:42.856 [JavaFX Application Thread] DEBUG Input                - Clearing active input actions
15:11:42.864 [JavaFX Application Thread] DEBUG GameApplicationServi - Removing overlay from FXGLMainMenuDummyScene and adding to FXGLLoadingScene
15:11:42.864 [JavaFX Application Thread] DEBUG PrimaryStageWindow   - FXGLMainMenuDummyScene -> FXGLLoadingScene
15:11:42.864 [JavaFX Application Thread] DEBUG GameApplicationServi - Clearing previous game
15:11:42.865 [JavaFX Application Thread] DEBUG GameScene            - Clearing game scene
15:11:42.865 [JavaFX Application Thread] DEBUG GameWorld            - Clearing game world
15:11:42.865 [JavaFX Application Thread] DEBUG PhysicsWorld         - Clearing physics world
15:11:42.867 [FXGL Background Thread 4 ] DEBUG FXGLApplication      - Initializing game
15:11:42.873 [FXGL Background Thread 2 ] INFO  UpdaterService       - Your current version:  17.3
15:11:42.873 [FXGL Background Thread 2 ] INFO  UpdaterService       - Latest stable version: 21.1
15:11:42.917 [FXGL Background Thread 4 ] WARN  TMXLevelLoader       - TiledMap generated from 1.10.2. Supported version: 1.9.0. Some features may not be parsed fully.
15:11:42.965 [FXGL Background Thread 4 ] DEBUG TMXLevelLoader       - Parsed TiledMap: file:/C:/Users/enric/Desktop/robe%20mie/Fermi/triennio/Informatica/Intellij/GiocoClasseQuarta/target/classes/assets/levels/livello.tmx
15:11:42.966 [FXGL Background Thread 4 ] DEBUG TMXLevelLoader       - Creating tile layer entities
15:11:42.967 [FXGL Background Thread 4 ] DEBUG TilesetLoader        - Loading view for layer ground
15:11:42.981 [FXGL Background Thread 4 ] DEBUG TilesetLoader        - Created buffer with size 3200.0x3200.0
15:11:43.056 [FXGL Background Thread 4 ] DEBUG TMXLevelLoader       - Creating object layer entities
15:11:43.071 [FXGL Background Thread 4 ] DEBUG GameWorld            - Clearing removable entities
15:11:43.071 [FXGL Background Thread 4 ] DEBUG GameWorld            - Setting level: com.almasb.fxgl.entity.level.Level@6df41e4e
15:11:43.084 [FXGL Background Thread 4 ] DEBUG FXGLAssetLoaderServi - Loading from file system: file:/C:/Users/enric/Desktop/robe%20mie/Fermi/triennio/Informatica/Intellij/GiocoClasseQuarta/target/classes/assets/textures/matteolongobardi.png
15:11:43.088 [FXGL Background Thread 4 ] DEBUG FXGLAssetLoaderServi - Loading from file system: file:/C:/Users/enric/Desktop/robe%20mie/Fermi/triennio/Informatica/Intellij/GiocoClasseQuarta/target/classes/assets/textures/corsalaterale/corsalaterale1.png
15:11:43.089 [FXGL Background Thread 4 ] DEBUG FXGLAssetLoaderServi - Loading from file system: file:/C:/Users/enric/Desktop/robe%20mie/Fermi/triennio/Informatica/Intellij/GiocoClasseQuarta/target/classes/assets/textures/corsalaterale/corsalaterale2.png
15:11:43.091 [FXGL Background Thread 4 ] DEBUG FXGLAssetLoaderServi - Loading from file system: file:/C:/Users/enric/Desktop/robe%20mie/Fermi/triennio/Informatica/Intellij/GiocoClasseQuarta/target/classes/assets/textures/corsalaterale/corsalaterale3.png
15:11:43.092 [FXGL Background Thread 4 ] DEBUG FXGLAssetLoaderServi - Loading from file system: file:/C:/Users/enric/Desktop/robe%20mie/Fermi/triennio/Informatica/Intellij/GiocoClasseQuarta/target/classes/assets/textures/corsalaterale/corsalaterale4.png
15:11:43.093 [FXGL Background Thread 4 ] DEBUG FXGLAssetLoaderServi - Loading from file system: file:/C:/Users/enric/Desktop/robe%20mie/Fermi/triennio/Informatica/Intellij/GiocoClasseQuarta/target/classes/assets/textures/corsalaterale/corsalaterale5.png
15:11:43.094 [FXGL Background Thread 4 ] DEBUG FXGLAssetLoaderServi - Loading from file system: file:/C:/Users/enric/Desktop/robe%20mie/Fermi/triennio/Informatica/Intellij/GiocoClasseQuarta/target/classes/assets/textures/corsalaterale/corsalaterale6.png
15:11:43.094 [FXGL Background Thread 4 ] DEBUG FXGLAssetLoaderServi - Loading from file system: file:/C:/Users/enric/Desktop/robe%20mie/Fermi/triennio/Informatica/Intellij/GiocoClasseQuarta/target/classes/assets/textures/corsasu/corsasu1.png
15:11:43.095 [FXGL Background Thread 4 ] DEBUG FXGLAssetLoaderServi - Loading from file system: file:/C:/Users/enric/Desktop/robe%20mie/Fermi/triennio/Informatica/Intellij/GiocoClasseQuarta/target/classes/assets/textures/corsasu/corsasu2.png
15:11:43.096 [FXGL Background Thread 4 ] DEBUG FXGLAssetLoaderServi - Loading from file system: file:/C:/Users/enric/Desktop/robe%20mie/Fermi/triennio/Informatica/Intellij/GiocoClasseQuarta/target/classes/assets/textures/corsasu/corsasu3.png
15:11:43.096 [FXGL Background Thread 4 ] DEBUG FXGLAssetLoaderServi - Loading from file system: file:/C:/Users/enric/Desktop/robe%20mie/Fermi/triennio/Informatica/Intellij/GiocoClasseQuarta/target/classes/assets/textures/corsasu/corsasu4.png
15:11:43.098 [FXGL Background Thread 4 ] DEBUG FXGLAssetLoaderServi - Loading from file system: file:/C:/Users/enric/Desktop/robe%20mie/Fermi/triennio/Informatica/Intellij/GiocoClasseQuarta/target/classes/assets/textures/corsasu/corsasu5.png
15:11:43.098 [FXGL Background Thread 4 ] DEBUG FXGLAssetLoaderServi - Loading from file system: file:/C:/Users/enric/Desktop/robe%20mie/Fermi/triennio/Informatica/Intellij/GiocoClasseQuarta/target/classes/assets/textures/corsasu/corsasu6.png
15:11:43.099 [FXGL Background Thread 4 ] DEBUG FXGLAssetLoaderServi - Loading from file system: file:/C:/Users/enric/Desktop/robe%20mie/Fermi/triennio/Informatica/Intellij/GiocoClasseQuarta/target/classes/assets/textures/corsagiu/corsagiu1.png
15:11:43.099 [FXGL Background Thread 4 ] DEBUG FXGLAssetLoaderServi - Loading from file system: file:/C:/Users/enric/Desktop/robe%20mie/Fermi/triennio/Informatica/Intellij/GiocoClasseQuarta/target/classes/assets/textures/corsagiu/corsagiu2.png
15:11:43.100 [FXGL Background Thread 4 ] DEBUG FXGLAssetLoaderServi - Loading from file system: file:/C:/Users/enric/Desktop/robe%20mie/Fermi/triennio/Informatica/Intellij/GiocoClasseQuarta/target/classes/assets/textures/corsagiu/corsagiu3.png
15:11:43.101 [FXGL Background Thread 4 ] DEBUG FXGLAssetLoaderServi - Loading from file system: file:/C:/Users/enric/Desktop/robe%20mie/Fermi/triennio/Informatica/Intellij/GiocoClasseQuarta/target/classes/assets/textures/corsagiu/corsagiu4.png
15:11:43.101 [FXGL Background Thread 4 ] DEBUG FXGLAssetLoaderServi - Loading from file system: file:/C:/Users/enric/Desktop/robe%20mie/Fermi/triennio/Informatica/Intellij/GiocoClasseQuarta/target/classes/assets/textures/corsagiu/corsagiu5.png
15:11:43.102 [FXGL Background Thread 4 ] DEBUG FXGLAssetLoaderServi - Loading from file system: file:/C:/Users/enric/Desktop/robe%20mie/Fermi/triennio/Informatica/Intellij/GiocoClasseQuarta/target/classes/assets/textures/corsagiu/corsagiu6.png
15:11:43.104 [FXGL Background Thread 4 ] DEBUG FXGLAssetLoaderServi - Loading from file system: file:/C:/Users/enric/Desktop/robe%20mie/Fermi/triennio/Informatica/Intellij/GiocoClasseQuarta/target/classes/assets/music/musicaSottofondo.mp3
15:11:43.107 [FXGL Background Thread 4 ] DEBUG AudioPlayer          - Playing music com.almasb.fxgl.audio.Music@165d7b08
15:11:43.108 [FXGL Background Thread 4 ] INFO  FXGLApplication      - Game initialization took: 0,240 sec
15:11:43.124 [JavaFX Application Thread] DEBUG Input                - Clearing active input actions
15:11:43.131 [JavaFX Application Thread] DEBUG GameApplicationServi - Removing overlay from FXGLLoadingScene and adding to GameScene
15:11:43.131 [JavaFX Application Thread] DEBUG PrimaryStageWindow   - FXGLLoadingScene -> GameScene
15:11:44.457 [FXGL Background Thread 3 ] DEBUG Engine               - Logging environment variables
15:11:44.459 [FXGL Background Thread 3 ] DEBUG Engine               - achievements: []
15:11:44.459 [FXGL Background Thread 3 ] DEBUG Engine               - actualHeight: 720.0
15:11:44.460 [FXGL Background Thread 3 ] DEBUG Engine               - actualHeightProperty: ReadOnlyDoubleProperty [value: 720.0]
15:11:44.460 [FXGL Background Thread 3 ] DEBUG Engine               - actualWidth: 1000.0
15:11:44.460 [FXGL Background Thread 3 ] DEBUG Engine               - actualWidthProperty: ReadOnlyDoubleProperty [value: 1000.0]
15:11:44.461 [FXGL Background Thread 3 ] DEBUG Engine               - appIcon: fxgl_icon.png
15:11:44.461 [FXGL Background Thread 3 ] DEBUG Engine               - applicationMode: DEVELOPER
15:11:44.461 [FXGL Background Thread 3 ] DEBUG Engine               - cSSList: [fxgl_dark.css]
15:11:44.461 [FXGL Background Thread 3 ] DEBUG Engine               - collisionDetectionStrategy: BRUTE_FORCE
15:11:44.461 [FXGL Background Thread 3 ] DEBUG Engine               - configClass: Optional.empty
15:11:44.462 [FXGL Background Thread 3 ] DEBUG Engine               - credits: []
15:11:44.462 [FXGL Background Thread 3 ] DEBUG Engine               - defaultCursor: CursorInfo(imageName=fxgl_default_cursor.png, hotspotX=7.0, hotspotY=6.0)
15:11:44.463 [FXGL Background Thread 3 ] DEBUG Engine               - devBBoxColorProperty: ObjectProperty [value: 0xff0000ff]
15:11:44.463 [FXGL Background Thread 3 ] DEBUG Engine               - devEnableDebugCameraProperty: BooleanProperty [value: false]
15:11:44.463 [FXGL Background Thread 3 ] DEBUG Engine               - devSensorColorProperty: ObjectProperty [value: 0xffff00ff]
15:11:44.464 [FXGL Background Thread 3 ] DEBUG Engine               - devShowBBoxProperty: BooleanProperty [value: false]
15:11:44.464 [FXGL Background Thread 3 ] DEBUG Engine               - devShowPositionProperty: BooleanProperty [value: false]
15:11:44.464 [FXGL Background Thread 3 ] DEBUG Engine               - enabledMenuItems: []
15:11:44.464 [FXGL Background Thread 3 ] DEBUG Engine               - engineServices: [class com.almasb.fxgl.app.services.FXGLAssetLoaderService, class com.almasb.fxgl.app.FXGLApplication$GameApplicationService, class com.almasb.fxgl.app.services.FXGLDialogService, class com.almasb.fxgl.app.services.IOTaskExecutorService, class com.almasb.fxgl.io.FileSystemService, class com.almasb.fxgl.localization.LocalizationService, class com.almasb.fxgl.app.services.SystemBundleService, class com.almasb.fxgl.profile.SaveLoadService, class com.almasb.fxgl.ui.FXGLUIFactoryServiceProvider, class com.almasb.fxgl.ui.FXGLDialogFactoryServiceProvider, class com.almasb.fxgl.audio.AudioPlayer, class com.almasb.fxgl.notification.impl.NotificationServiceProvider, class com.almasb.fxgl.achievement.AchievementService, class com.almasb.fxgl.cutscene.CutsceneService, class com.almasb.fxgl.minigames.MiniGameService, class com.almasb.fxgl.net.NetService, class com.almasb.fxgl.app.services.UpdaterService, class com.almasb.fxgl.dev.DevService]
15:11:44.465 [FXGL Background Thread 3 ] DEBUG Engine               - fontGame: Abel-Regular.ttf
15:11:44.465 [FXGL Background Thread 3 ] DEBUG Engine               - fontMono: TerminalLandMono-Regular.otf
15:11:44.465 [FXGL Background Thread 3 ] DEBUG Engine               - fontSizeScaleUI: 1.0
15:11:44.465 [FXGL Background Thread 3 ] DEBUG Engine               - fontText: Courier-Prime.ttf
15:11:44.465 [FXGL Background Thread 3 ] DEBUG Engine               - fontUI: VarelaRound-Regular.ttf
15:11:44.465 [FXGL Background Thread 3 ] DEBUG Engine               - fullScreen: BooleanProperty [value: false]
15:11:44.466 [FXGL Background Thread 3 ] DEBUG Engine               - gameDifficulty: MEDIUM
15:11:44.466 [FXGL Background Thread 3 ] DEBUG Engine               - gameDifficultyProperty: ObjectProperty [value: MEDIUM]
15:11:44.466 [FXGL Background Thread 3 ] DEBUG Engine               - globalMusicVolume: 0.5
15:11:44.466 [FXGL Background Thread 3 ] DEBUG Engine               - globalMusicVolumeProperty: DoubleProperty [value: 0.5]
15:11:44.467 [FXGL Background Thread 3 ] DEBUG Engine               - globalSoundVolume: 0.5
15:11:44.467 [FXGL Background Thread 3 ] DEBUG Engine               - globalSoundVolumeProperty: DoubleProperty [value: 0.5]
15:11:44.467 [FXGL Background Thread 3 ] DEBUG Engine               - height: 720
15:11:44.467 [FXGL Background Thread 3 ] DEBUG Engine               - is3D: false
15:11:44.467 [FXGL Background Thread 3 ] DEBUG Engine               - isAndroid: false
15:11:44.467 [FXGL Background Thread 3 ] DEBUG Engine               - isBrowser: false
15:11:44.467 [FXGL Background Thread 3 ] DEBUG Engine               - isClickFeedbackEnabled: false
15:11:44.467 [FXGL Background Thread 3 ] DEBUG Engine               - isCloseConfirmation: false
15:11:44.468 [FXGL Background Thread 3 ] DEBUG Engine               - isDesktop: true
15:11:44.468 [FXGL Background Thread 3 ] DEBUG Engine               - isDeveloperMenuEnabled: false
15:11:44.468 [FXGL Background Thread 3 ] DEBUG Engine               - isEmbedded: false
15:11:44.468 [FXGL Background Thread 3 ] DEBUG Engine               - isEntityPreloadEnabled: true
15:11:44.468 [FXGL Background Thread 3 ] DEBUG Engine               - isExperimentalTiledLargeMap: false
15:11:44.468 [FXGL Background Thread 3 ] DEBUG Engine               - isFileSystemWriteAllowed: true
15:11:44.468 [FXGL Background Thread 3 ] DEBUG Engine               - isFullScreenAllowed: false
15:11:44.469 [FXGL Background Thread 3 ] DEBUG Engine               - isFullScreenFromStart: false
15:11:44.469 [FXGL Background Thread 3 ] DEBUG Engine               - isGameMenuEnabled: true
15:11:44.469 [FXGL Background Thread 3 ] DEBUG Engine               - isIOS: false
15:11:44.469 [FXGL Background Thread 3 ] DEBUG Engine               - isIntroEnabled: false
15:11:44.470 [FXGL Background Thread 3 ] DEBUG Engine               - isLinux: false
15:11:44.470 [FXGL Background Thread 3 ] DEBUG Engine               - isMac: false
15:11:44.470 [FXGL Background Thread 3 ] DEBUG Engine               - isMainMenuEnabled: true
15:11:44.470 [FXGL Background Thread 3 ] DEBUG Engine               - isManualResizeEnabled: false
15:11:44.470 [FXGL Background Thread 3 ] DEBUG Engine               - isMobile: false
15:11:44.471 [FXGL Background Thread 3 ] DEBUG Engine               - isNative: false
15:11:44.471 [FXGL Background Thread 3 ] DEBUG Engine               - isPauseMusicWhenMinimized: true
15:11:44.471 [FXGL Background Thread 3 ] DEBUG Engine               - isPreserveResizeRatio: false
15:11:44.471 [FXGL Background Thread 3 ] DEBUG Engine               - isProfilingEnabled: false
15:11:44.471 [FXGL Background Thread 3 ] DEBUG Engine               - isScaleAffectedOnResize: true
15:11:44.471 [FXGL Background Thread 3 ] DEBUG Engine               - isSingleStep: false
15:11:44.472 [FXGL Background Thread 3 ] DEBUG Engine               - isUserProfileEnabled: false
15:11:44.472 [FXGL Background Thread 3 ] DEBUG Engine               - isWindows: true
15:11:44.472 [FXGL Background Thread 3 ] DEBUG Engine               - language: ObjectProperty [value: ENGLISH]
15:11:44.472 [FXGL Background Thread 3 ] DEBUG Engine               - menuKey: ESCAPE
15:11:44.472 [FXGL Background Thread 3 ] DEBUG Engine               - mouseSensitivity: 0.2
15:11:44.473 [FXGL Background Thread 3 ] DEBUG Engine               - notificationViewClass: class com.almasb.fxgl.notification.view.XboxNotificationView
15:11:44.473 [FXGL Background Thread 3 ] DEBUG Engine               - pixelsPerMeter: 50.0
15:11:44.473 [FXGL Background Thread 3 ] DEBUG Engine               - platform: WINDOWS
15:11:44.473 [FXGL Background Thread 3 ] DEBUG Engine               - prefHeightProperty: ReadOnlyDoubleProperty [value: 720.0]
15:11:44.473 [FXGL Background Thread 3 ] DEBUG Engine               - prefWidthProperty: ReadOnlyDoubleProperty [value: 1000.0]
15:11:44.474 [FXGL Background Thread 3 ] DEBUG Engine               - profileDir: profiles/
15:11:44.474 [FXGL Background Thread 3 ] DEBUG Engine               - profileName: StringProperty [value: DEFAULT]
15:11:44.474 [FXGL Background Thread 3 ] DEBUG Engine               - randomSeed: -1
15:11:44.475 [FXGL Background Thread 3 ] DEBUG Engine               - runtimeInfo: RuntimeInfo(platform=WINDOWS, version=17.3, build=30.03.2023 11.49)
15:11:44.475 [FXGL Background Thread 3 ] DEBUG Engine               - saveFileExt: sav
15:11:44.475 [FXGL Background Thread 3 ] DEBUG Engine               - scaledHeightProp$fxgl: DoubleProperty [bound, value: 720.0]
15:11:44.475 [FXGL Background Thread 3 ] DEBUG Engine               - scaledWidthProp$fxgl: DoubleProperty [bound, value: 1000.0]
15:11:44.475 [FXGL Background Thread 3 ] DEBUG Engine               - sceneFactory: com.game.pokemon.FabbricaScene@113f0a39
15:11:44.476 [FXGL Background Thread 3 ] DEBUG Engine               - secondsIn24h: 60
15:11:44.476 [FXGL Background Thread 3 ] DEBUG Engine               - soundMenuBack: menu/back.wav
15:11:44.476 [FXGL Background Thread 3 ] DEBUG Engine               - soundMenuPress: menu/press.wav
15:11:44.476 [FXGL Background Thread 3 ] DEBUG Engine               - soundMenuSelect: menu/select.wav
15:11:44.476 [FXGL Background Thread 3 ] DEBUG Engine               - soundNotification: core/notification.wav
15:11:44.477 [FXGL Background Thread 3 ] DEBUG Engine               - stageStyle: DECORATED
15:11:44.477 [FXGL Background Thread 3 ] DEBUG Engine               - supportedLanguages: [ENGLISH, FRENCH, GERMAN, HUNGARIAN, RUSSIAN]
15:11:44.477 [FXGL Background Thread 3 ] DEBUG Engine               - ticksPerSecond: -1
15:11:44.477 [FXGL Background Thread 3 ] DEBUG Engine               - title: Pokemon boh
15:11:44.477 [FXGL Background Thread 3 ] DEBUG Engine               - urlGithub: https://github.com/AlmasB/FXGL
15:11:44.477 [FXGL Background Thread 3 ] DEBUG Engine               - urlLeaderboard: http://fxgl-top.herokuapp.com/
15:11:44.478 [FXGL Background Thread 3 ] DEBUG Engine               - urlPOM: https://raw.githubusercontent.com/AlmasB/FXGL/release/README.md
15:11:44.478 [FXGL Background Thread 3 ] DEBUG Engine               - userAppClass: class com.game.pokemon.PokemonApplication
15:11:44.478 [FXGL Background Thread 3 ] DEBUG Engine               - version: 0.1
15:11:44.478 [FXGL Background Thread 3 ] DEBUG Engine               - versionCheckDays: 7
15:11:44.479 [FXGL Background Thread 3 ] DEBUG Engine               - width: 1000
15:11:44.479 [FXGL Background Thread 3 ] DEBUG Engine               - Logging services
15:11:44.479 [FXGL Background Thread 3 ] DEBUG Engine               - class com.almasb.fxgl.app.services.FXGLAssetLoaderService
15:11:44.479 [FXGL Background Thread 3 ] DEBUG Engine               - class com.almasb.fxgl.app.FXGLApplication$GameApplicationService
15:11:44.480 [FXGL Background Thread 3 ] DEBUG Engine               - class com.almasb.fxgl.app.services.FXGLDialogService
15:11:44.480 [FXGL Background Thread 3 ] DEBUG Engine               - class com.almasb.fxgl.app.services.IOTaskExecutorService
15:11:44.480 [FXGL Background Thread 3 ] DEBUG Engine               - class com.almasb.fxgl.io.FileSystemService
15:11:44.480 [FXGL Background Thread 3 ] DEBUG Engine               - class com.almasb.fxgl.localization.LocalizationService
15:11:44.480 [FXGL Background Thread 3 ] DEBUG Engine               - class com.almasb.fxgl.app.services.SystemBundleService
15:11:44.480 [FXGL Background Thread 3 ] DEBUG Engine               - class com.almasb.fxgl.profile.SaveLoadService
15:11:44.480 [FXGL Background Thread 3 ] DEBUG Engine               - class com.almasb.fxgl.ui.FXGLUIFactoryServiceProvider
15:11:44.480 [FXGL Background Thread 3 ] DEBUG Engine               - class com.almasb.fxgl.ui.FXGLDialogFactoryServiceProvider
15:11:44.481 [FXGL Background Thread 3 ] DEBUG Engine               - class com.almasb.fxgl.audio.AudioPlayer
15:11:44.481 [FXGL Background Thread 3 ] DEBUG Engine               - class com.almasb.fxgl.notification.impl.NotificationServiceProvider
15:11:44.481 [FXGL Background Thread 3 ] DEBUG Engine               - class com.almasb.fxgl.achievement.AchievementService
15:11:44.481 [FXGL Background Thread 3 ] DEBUG Engine               - class com.almasb.fxgl.cutscene.CutsceneService
15:11:44.481 [FXGL Background Thread 3 ] DEBUG Engine               - class com.almasb.fxgl.minigames.MiniGameService
15:11:44.481 [FXGL Background Thread 3 ] DEBUG Engine               - class com.almasb.fxgl.net.NetService
15:11:44.481 [FXGL Background Thread 3 ] DEBUG Engine               - class com.almasb.fxgl.app.services.UpdaterService
15:11:44.482 [FXGL Background Thread 3 ] DEBUG Engine               - class com.almasb.fxgl.dev.DevService
15:11:44.531 [JavaFX Application Thread] DEBUG PrimaryStageWindow   - Push state: FXGLDefaultMenu
15:11:44.532 [JavaFX Application Thread] DEBUG Input                - Clearing active input actions
15:11:44.534 [JavaFX Application Thread] DEBUG GameApplicationServi - Removing overlay from GameScene and adding to FXGLDefaultMenu
15:11:44.534 [JavaFX Application Thread] DEBUG PrimaryStageWindow   - GameScene -> FXGLDefaultMenu
15:11:45.246 [JavaFX Application Thread] DEBUG PrimaryStageWindow   - Pop state: FXGLDefaultMenu
15:11:45.246 [JavaFX Application Thread] DEBUG Input                - Clearing active input actions
15:11:45.248 [JavaFX Application Thread] DEBUG GameApplicationServi - Removing overlay from FXGLDefaultMenu and adding to GameScene
15:11:45.248 [JavaFX Application Thread] DEBUG PrimaryStageWindow   - GameScene <- FXGLDefaultMenu
15:11:45.745 [JavaFX Application Thread] DEBUG PrimaryStageWindow   - Push state: FXGLDefaultMenu
15:11:45.746 [JavaFX Application Thread] DEBUG Input                - Clearing active input actions
15:11:45.752 [JavaFX Application Thread] DEBUG GameApplicationServi - Removing overlay from GameScene and adding to FXGLDefaultMenu
15:11:45.752 [JavaFX Application Thread] DEBUG PrimaryStageWindow   - GameScene -> FXGLDefaultMenu
15:11:47.363 [JavaFX Application Thread] DEBUG Menu                 - fireExitToMainMenu()
15:11:47.366 [JavaFX Application Thread] DEBUG PrimaryStageWindow   - Push state: DialogSubScene
15:11:47.366 [JavaFX Application Thread] DEBUG Input                - Clearing active input actions
15:11:47.367 [JavaFX Application Thread] DEBUG GameApplicationServi - Removing overlay from FXGLDefaultMenu and adding to DialogSubScene
15:11:47.367 [JavaFX Application Thread] DEBUG PrimaryStageWindow   - FXGLDefaultMenu -> DialogSubScene
15:11:48.317 [JavaFX Application Thread] DEBUG PrimaryStageWindow   - Pop state: DialogSubScene
15:11:48.317 [JavaFX Application Thread] DEBUG Input                - Clearing active input actions
15:11:48.318 [JavaFX Application Thread] DEBUG GameApplicationServi - Removing overlay from DialogSubScene and adding to FXGLDefaultMenu
15:11:48.318 [JavaFX Application Thread] DEBUG PrimaryStageWindow   - FXGLDefaultMenu <- DialogSubScene
15:11:48.318 [JavaFX Application Thread] DEBUG PrimaryStageWindow   - Pop state: FXGLDefaultMenu
15:11:48.318 [JavaFX Application Thread] DEBUG Input                - Clearing active input actions
15:11:48.318 [JavaFX Application Thread] DEBUG GameApplicationServi - Removing overlay from FXGLDefaultMenu and adding to GameScene
15:11:48.318 [JavaFX Application Thread] DEBUG PrimaryStageWindow   - GameScene <- FXGLDefaultMenu
15:11:48.318 [JavaFX Application Thread] DEBUG Input                - Clearing active input actions
15:11:48.324 [JavaFX Application Thread] DEBUG GameApplicationServi - Removing overlay from GameScene and adding to FXGLMainMenuDummyScene
15:11:48.324 [JavaFX Application Thread] DEBUG PrimaryStageWindow   - GameScene -> FXGLMainMenuDummyScene
15:11:48.324 [JavaFX Application Thread] DEBUG PrimaryStageWindow   - Push state: MainMenu
15:11:48.324 [JavaFX Application Thread] DEBUG AudioPlayer          - Playing music com.almasb.fxgl.audio.Music@d5a8a5a
15:11:48.325 [JavaFX Application Thread] DEBUG Input                - Clearing active input actions
15:11:48.327 [JavaFX Application Thread] DEBUG GameApplicationServi - Removing overlay from FXGLMainMenuDummyScene and adding to MainMenu
15:11:48.327 [JavaFX Application Thread] DEBUG PrimaryStageWindow   - FXGLMainMenuDummyScene -> MainMenu
15:11:50.864 [JavaFX Application Thread] DEBUG Menu                 - fireExit()
15:11:50.867 [JavaFX Application Thread] DEBUG PrimaryStageWindow   - Push state: DialogSubScene
15:11:50.867 [JavaFX Application Thread] DEBUG AudioPlayer          - Stopping music com.almasb.fxgl.audio.Music@d5a8a5a
15:11:50.868 [JavaFX Application Thread] DEBUG AudioPlayer          - Stopping music com.almasb.fxgl.audio.Music@165d7b08
15:11:50.869 [JavaFX Application Thread] DEBUG Input                - Clearing active input actions
15:11:50.871 [JavaFX Application Thread] DEBUG GameApplicationServi - Removing overlay from MainMenu and adding to DialogSubScene
15:11:50.872 [JavaFX Application Thread] DEBUG PrimaryStageWindow   - MainMenu -> DialogSubScene
15:11:52.461 [JavaFX Application Thread] DEBUG PrimaryStageWindow   - Pop state: DialogSubScene
15:11:52.461 [JavaFX Application Thread] DEBUG Input                - Clearing active input actions
15:11:52.462 [JavaFX Application Thread] DEBUG GameApplicationServi - Removing overlay from DialogSubScene and adding to MainMenu
15:11:52.462 [JavaFX Application Thread] DEBUG PrimaryStageWindow   - MainMenu <- DialogSubScene
15:11:52.462 [JavaFX Application Thread] DEBUG FXGLApplication      - Exiting FXGL
15:11:52.462 [JavaFX Application Thread] DEBUG LoopRunner           - Stopping loop
15:11:52.462 [JavaFX Application Thread] DEBUG SystemBundleService  - Saving FXGL system data
15:11:52.465 [JavaFX Application Thread] DEBUG FileSystemAccess     - Writing to: C:\Users\enric\Desktop\robe mie\Fermi\triennio\Informatica\Intellij\GiocoClasseQuarta\system\fxgl.bundle
15:11:52.467 [JavaFX Application Thread] DEBUG Async                - Shutting down background threads
15:11:52.468 [JavaFX Application Thread] DEBUG PrimaryStageWindow   - Closing main window
15:11:52.488 [JavaFX Application Thread] DEBUG Logger               - Closing Logger
