16:40:26.541 [main                     ] DEBUG Logger               - Configured Logger
16:40:26.561 [main                     ] DEBUG GameApplication      - Logging settings
Title: Megaman
Version: 0.1
Width: 600
Height: 600
Fullscreen: false
Intro: false
Profiling: false
Single step:false
App Mode: DEVELOPER
Menu Key: ESCAPE
Stage Style: DECORATED
Scene Factory: class com.almasb.fxgl.app.scene.SceneFactory

16:40:26.808 [JavaFX Application Thread] DEBUG FXGLApplication      - Initializing FXGL
16:40:26.812 [JavaFX Application Thread] INFO  Engine               - FXGL-17.3 (30.03.2023 11.49) on WINDOWS (J:22.0.1 FX:22-ea)
16:40:26.813 [JavaFX Application Thread] DEBUG Engine               - JRE Vendor Name: Oracle Corporation
16:40:26.813 [JavaFX Application Thread] DEBUG Engine               - Running on OS: Windows 11 version 10.0
16:40:26.813 [JavaFX Application Thread] DEBUG Engine               - Architecture: amd64
16:40:26.813 [JavaFX Application Thread] INFO  Engine               - Source code and latest versions at: https://github.com/AlmasB/FXGL
16:40:26.813 [JavaFX Application Thread] INFO  Engine               -       Ask questions and discuss at: https://github.com/AlmasB/FXGL/discussions
16:40:26.813 [JavaFX Application Thread] INFO  Engine               -              Join the FXGL chat at: https://gitter.im/AlmasB/FXGL
16:40:26.889 [JavaFX Application Thread] DEBUG PrimaryStageWindow   - Creating a JavaFX scene
16:40:26.928 [JavaFX Application Thread] DEBUG PrimaryStageWindow   - Target settings size: 600.0 x 600.0
16:40:26.928 [JavaFX Application Thread] DEBUG PrimaryStageWindow   - Scaled scene size:    600.0 x 600.0
16:40:26.928 [JavaFX Application Thread] DEBUG PrimaryStageWindow   - Scaled ratio: (1.0, 1.0)
16:40:26.929 [JavaFX Application Thread] DEBUG PrimaryStageWindow   - Set initial scene to FXGLStartupScene
16:40:26.932 [JavaFX Application Thread] DEBUG PrimaryStageWindow   - Opening main window
16:40:26.993 [JavaFX Application Thread] DEBUG PrimaryStageWindow   - Window border size: (16.0, 39.0)
16:40:26.993 [JavaFX Application Thread] DEBUG PrimaryStageWindow   - Scaled size: 600.0 x 600.0
16:40:26.993 [JavaFX Application Thread] DEBUG PrimaryStageWindow   - Scaled ratio: (1.0, 1.0)
16:40:26.993 [JavaFX Application Thread] DEBUG PrimaryStageWindow   - Scene size: 600.0 x 600.0
16:40:26.994 [JavaFX Application Thread] DEBUG PrimaryStageWindow   - Stage size: 616.0 x 639.0
16:40:27.000 [FXGL Background Thread 1 ] DEBUG Engine               - Initializing environment variables
16:40:27.052 [FXGL Background Thread 1 ] DEBUG FXGLAssetLoaderServi - User app class for loading assets: class com.game.megaman2.MegamanApplication
16:40:27.052 [FXGL Background Thread 1 ] DEBUG GameApplicationServi - Applying CSS: fxgl_dark.css
16:40:27.053 [FXGL Background Thread 1 ] DEBUG FXGLAssetLoaderServi - Loading from file system: jar:file:///C:/Users/EnricoGhezzo/.m2/repository/com/github/almasb/fxgl/17.3/fxgl-17.3.jar!/fxglassets/ui/css/fxgl_dark.css
16:40:27.094 [FXGL Background Thread 1 ] DEBUG GameApplicationServi - Initializing application scenes
16:40:27.132 [FXGL Background Thread 1 ] DEBUG GameWorld            - Game world initialized
16:40:27.194 [FXGL Background Thread 1 ] DEBUG PhysicsWorld         - Physics world initialized: appHeight=600, physics.ppm=50,0
16:40:27.195 [FXGL Background Thread 1 ] DEBUG PhysicsWorld         - Using strategy: BRUTE_FORCE
16:40:27.199 [FXGL Background Thread 1 ] DEBUG GameScene            - Game scene initialized: 600x600
16:40:27.209 [FXGL Background Thread 1 ] WARN  FXGL.DefaultMenu     - FXGLDefaultMenu is not designed for resolutions < 800x600
16:40:27.209 [FXGL Background Thread 1 ] DEBUG FXGL.DefaultMenu     - createMenuBodyGameMenu()
16:40:27.220 [FXGL Background Thread 1 ] DEBUG FXGL.DefaultMenu     - createOptionsMenu()
16:40:27.227 [FXGL Background Thread 1 ] DEBUG FXGLAssetLoaderServi - Loading from file system: jar:file:///C:/Users/EnricoGhezzo/.m2/repository/com/github/almasb/fxgl/17.3/fxgl-17.3.jar!/fxglassets/textures/particles/smoke.png
16:40:27.312 [FXGL Background Thread 1 ] DEBUG FXGLAssetLoaderServi - Loading from file system: jar:file:///C:/Users/EnricoGhezzo/.m2/repository/com/github/almasb/fxgl/17.3/fxgl-17.3.jar!/fxglassets/textures/particles/trace_horizontal.png
16:40:27.336 [FXGL Background Thread 1 ] DEBUG GameApplicationServi - Application scenes initialized
16:40:27.348 [FXGL Background Thread 1 ] DEBUG SystemBundleService  - Loading FXGL system data
16:40:27.352 [FXGL Background Thread 1 ] DEBUG FileSystemAccess     - Reading from: C:\Users\EnricoGhezzo\IdeaProjects\Megaman2\system\fxgl.bundle
16:40:27.358 [FXGL Background Thread 1 ] DEBUG SystemBundleService  - Bundle FXGL: {}
16:40:27.358 [FXGL Background Thread 1 ] DEBUG UpdaterService       - Checking for updates
16:40:27.361 [FXGL Background Thread 4 ] DEBUG FXGLApplication      - Loading fonts
16:40:27.362 [FXGL Background Thread 4 ] DEBUG FXGLAssetLoaderServi - Loading from file system: jar:file:///C:/Users/EnricoGhezzo/.m2/repository/com/github/almasb/fxgl/17.3/fxgl-17.3.jar!/fxglassets/ui/fonts/VarelaRound-Regular.ttf
16:40:27.362 [FXGL Background Thread 1 ] DEBUG FXGLApplication      - Loading default localization
16:40:27.362 [FXGL Background Thread 1 ] DEBUG FXGLAssetLoaderServi - Loading from file system: jar:file:///C:/Users/EnricoGhezzo/.m2/repository/com/github/almasb/fxgl/17.3/fxgl-17.3.jar!/fxglassets/languages/english.lang
16:40:27.389 [FXGL Background Thread 1 ] INFO  FXGLApplication      - FXGL initialization took: 0,390 sec
16:40:27.391 [FXGL Background Thread 4 ] DEBUG FXGLAssetLoaderServi - Loading from file system: jar:file:///C:/Users/EnricoGhezzo/.m2/repository/com/github/almasb/fxgl/17.3/fxgl-17.3.jar!/fxglassets/ui/fonts/Abel-Regular.ttf
16:40:27.399 [FXGL Background Thread 4 ] DEBUG FXGLAssetLoaderServi - Loading from file system: jar:file:///C:/Users/EnricoGhezzo/.m2/repository/com/github/almasb/fxgl/17.3/fxgl-17.3.jar!/fxglassets/ui/fonts/TerminalLandMono-Regular.otf
16:40:27.401 [JavaFX Application Thread] DEBUG Input                - Registered new binding: action0 - D
16:40:27.401 [JavaFX Application Thread] DEBUG Input                - Registered new binding: action1 - A
16:40:27.402 [JavaFX Application Thread] DEBUG Input                - Registered new binding: action2 - W
16:40:27.402 [JavaFX Application Thread] DEBUG Input                - Registered new binding: action3 - S
16:40:27.403 [JavaFX Application Thread] DEBUG Input                - Registered new binding: action4 - F
16:40:27.403 [JavaFX Application Thread] DEBUG FXGLAssetLoaderServi - Loading from file system: jar:file:///C:/Users/EnricoGhezzo/.m2/repository/com/github/almasb/fxgl/17.3/fxgl-17.3.jar!/fxglassets/textures/fxgl_icon.png
16:40:27.406 [FXGL Background Thread 4 ] DEBUG FXGLAssetLoaderServi - Loading from file system: jar:file:///C:/Users/EnricoGhezzo/.m2/repository/com/github/almasb/fxgl/17.3/fxgl-17.3.jar!/fxglassets/ui/fonts/Courier-Prime.ttf
16:40:27.422 [JavaFX Application Thread] DEBUG FXGLAssetLoaderServi - Loading from file system: jar:file:///C:/Users/EnricoGhezzo/.m2/repository/com/github/almasb/fxgl/17.3/fxgl-17.3.jar!/fxglassets/textures/fxgl_default_cursor.png
16:40:27.425 [JavaFX Application Thread] DEBUG Input                - Registered new binding: Screenshot - CTRL+8
16:40:27.425 [JavaFX Application Thread] DEBUG Input                - Registered new binding: System info dump - CTRL+9
16:40:27.426 [JavaFX Application Thread] DEBUG Input                - Registered new binding: Restart - CTRL+R
16:40:27.427 [JavaFX Application Thread] DEBUG Input                - Registered new binding: Toggle Debug Camera - CTRL+7
16:40:27.429 [JavaFX Application Thread] DEBUG LoopRunner           - Starting loop
16:40:27.429 [JavaFX Application Thread] DEBUG LoopRunner           - Initializing JavaFX AnimationTimerLoop
16:40:27.430 [JavaFX Application Thread] DEBUG GameApplicationServi - Starting new game
16:40:27.430 [JavaFX Application Thread] DEBUG Input                - Clearing active input actions
16:40:27.441 [JavaFX Application Thread] DEBUG GameApplicationServi - Removing overlay from FXGLStartupScene and adding to FXGLLoadingScene
16:40:27.442 [JavaFX Application Thread] DEBUG PrimaryStageWindow   - FXGLStartupScene -> FXGLLoadingScene
16:40:27.442 [JavaFX Application Thread] DEBUG GameApplicationServi - Clearing previous game
16:40:27.442 [JavaFX Application Thread] DEBUG GameScene            - Clearing game scene
16:40:27.442 [JavaFX Application Thread] DEBUG GameWorld            - Clearing game world
16:40:27.442 [JavaFX Application Thread] DEBUG PhysicsWorld         - Clearing physics world
16:40:27.443 [FXGL Background Thread 4 ] DEBUG FXGLApplication      - Initializing game
16:40:27.444 [JavaFX Application Thread] DEBUG FXGLApplication      - Registering font factories with UI factory
16:40:27.449 [FXGL Background Thread 4 ] WARN  FXGLAssetLoaderServi - Asset "/assets/textures/spawn8.png" was not found!
16:40:27.450 [FXGL Background Thread 4 ] WARN  FXGLAssetLoaderServi - Failed to load IMAGE
16:40:27.554 [FXGL Background Thread 4 ] WARN  FXGLAssetLoaderServi - Asset "/assets/textures/spawn8.png" was not found!
16:40:27.554 [FXGL Background Thread 4 ] WARN  FXGLAssetLoaderServi - Failed to load IMAGE
16:40:27.554 [FXGL Background Thread 4 ] INFO  FXGLApplication      - Game initialization took: 0,111 sec
16:40:27.555 [JavaFX Application Thread] DEBUG Input                - Clearing active input actions
16:40:27.567 [JavaFX Application Thread] DEBUG GameApplicationServi - Removing overlay from FXGLLoadingScene and adding to GameScene
16:40:27.567 [JavaFX Application Thread] DEBUG PrimaryStageWindow   - FXGLLoadingScene -> GameScene
16:40:27.751 [FXGL Background Thread 2 ] INFO  UpdaterService       - Your current version:  17.3
16:40:27.751 [FXGL Background Thread 2 ] INFO  UpdaterService       - Latest stable version: 21.1
16:40:29.067 [JavaFX Application Thread] DEBUG FXGLApplication      - Exiting FXGL
16:40:29.067 [JavaFX Application Thread] DEBUG LoopRunner           - Stopping loop
16:40:29.068 [JavaFX Application Thread] DEBUG SystemBundleService  - Saving FXGL system data
16:40:29.069 [JavaFX Application Thread] DEBUG FileSystemAccess     - Writing to: C:\Users\EnricoGhezzo\IdeaProjects\Megaman2\system\fxgl.bundle
16:40:29.071 [JavaFX Application Thread] DEBUG Async                - Shutting down background threads
16:40:29.071 [JavaFX Application Thread] DEBUG PrimaryStageWindow   - Closing main window
16:40:29.080 [JavaFX Application Thread] DEBUG Logger               - Closing Logger
