18:57:59.302 [main                     ] DEBUG Logger               - Configured Logger
18:57:59.325 [main                     ] DEBUG GameApplication      - Logging settings
Title: Pokemon boh
Version: 0.1
Width: 1000
Height: 720
Fullscreen: false
Intro: false
Profiling: false
Single step:false
App Mode: DEVELOPER
Menu Key: ESCAPE
Stage Style: DECORATED
Scene Factory: class com.game.pokemon.FabbricaScene

18:57:59.717 [JavaFX Application Thread] DEBUG FXGLApplication      - Initializing FXGL
18:57:59.722 [JavaFX Application Thread] INFO  Engine               - FXGL-17.3 (30.03.2023 11.49) on WINDOWS (J:22.0.1 FX:22-ea)
18:57:59.723 [JavaFX Application Thread] DEBUG Engine               - JRE Vendor Name: Oracle Corporation
18:57:59.723 [JavaFX Application Thread] DEBUG Engine               - Running on OS: Windows 11 version 10.0
18:57:59.723 [JavaFX Application Thread] DEBUG Engine               - Architecture: amd64
18:57:59.724 [JavaFX Application Thread] INFO  Engine               - Source code and latest versions at: https://github.com/AlmasB/FXGL
18:57:59.724 [JavaFX Application Thread] INFO  Engine               -       Ask questions and discuss at: https://github.com/AlmasB/FXGL/discussions
18:57:59.724 [JavaFX Application Thread] INFO  Engine               -              Join the FXGL chat at: https://gitter.im/AlmasB/FXGL
18:57:59.808 [JavaFX Application Thread] DEBUG PrimaryStageWindow   - Creating a JavaFX scene
18:57:59.859 [JavaFX Application Thread] DEBUG PrimaryStageWindow   - Target settings size: 1000.0 x 720.0
18:57:59.859 [JavaFX Application Thread] DEBUG PrimaryStageWindow   - Scaled scene size:    1000.0 x 720.0
18:57:59.859 [JavaFX Application Thread] DEBUG PrimaryStageWindow   - Scaled ratio: (1.0, 1.0)
18:57:59.860 [JavaFX Application Thread] DEBUG PrimaryStageWindow   - Set initial scene to FXGLStartupScene
18:57:59.863 [JavaFX Application Thread] DEBUG PrimaryStageWindow   - Opening main window
18:57:59.942 [JavaFX Application Thread] DEBUG PrimaryStageWindow   - Window border size: (14.4000244140625, 37.5999755859375)
18:57:59.943 [JavaFX Application Thread] DEBUG PrimaryStageWindow   - Scaled size: 1000.0 x 720.0
18:57:59.943 [JavaFX Application Thread] DEBUG PrimaryStageWindow   - Scaled ratio: (1.0, 1.0)
18:57:59.943 [JavaFX Application Thread] DEBUG PrimaryStageWindow   - Scene size: 1000.0 x 720.0
18:57:59.943 [JavaFX Application Thread] DEBUG PrimaryStageWindow   - Stage size: 1014.4000244140625 x 757.5999755859375
18:57:59.952 [FXGL Background Thread 1 ] DEBUG Engine               - Initializing environment variables
18:58:00.059 [FXGL Background Thread 1 ] DEBUG FXGLAssetLoaderServi - User app class for loading assets: class com.game.pokemon.PokemonApplication
18:58:00.059 [FXGL Background Thread 1 ] DEBUG GameApplicationServi - Applying CSS: fxgl_dark.css
18:58:00.060 [FXGL Background Thread 1 ] DEBUG FXGLAssetLoaderServi - Loading from file system: jar:file:///C:/Users/enric/.m2/repository/com/github/almasb/fxgl/17.3/fxgl-17.3.jar!/fxglassets/ui/css/fxgl_dark.css
18:58:00.108 [FXGL Background Thread 1 ] DEBUG GameApplicationServi - Initializing application scenes
18:58:00.146 [FXGL Background Thread 1 ] DEBUG GameWorld            - Game world initialized
18:58:00.209 [FXGL Background Thread 1 ] DEBUG PhysicsWorld         - Physics world initialized: appHeight=720, physics.ppm=50,0
18:58:00.209 [FXGL Background Thread 1 ] DEBUG PhysicsWorld         - Using strategy: BRUTE_FORCE
18:58:00.216 [FXGL Background Thread 1 ] DEBUG GameScene            - Game scene initialized: 1000x720
18:58:00.226 [FXGL Background Thread 1 ] DEBUG FXGL.DefaultMenu     - createMenuBodyMainMenu()
18:58:00.239 [FXGL Background Thread 1 ] DEBUG FXGL.DefaultMenu     - createOptionsMenu()
18:58:00.249 [FXGL Background Thread 1 ] DEBUG FXGLAssetLoaderServi - Loading from file system: jar:file:///C:/Users/enric/.m2/repository/com/github/almasb/fxgl/17.3/fxgl-17.3.jar!/fxglassets/textures/particles/smoke.png
18:58:00.341 [FXGL Background Thread 1 ] DEBUG FXGLAssetLoaderServi - Loading from file system: jar:file:///C:/Users/enric/.m2/repository/com/github/almasb/fxgl/17.3/fxgl-17.3.jar!/fxglassets/textures/particles/trace_horizontal.png
18:58:00.368 [FXGL Background Thread 1 ] DEBUG FXGLAssetLoaderServi - Loading from file system: file:/C:/Users/enric/Desktop/robe%20mie/Fermi/triennio/Informatica/Intellij/GiocoClasseQuarta/target/classes/assets/music/musicaMenu.mp3
18:58:00.470 [FXGL Background Thread 1 ] DEBUG FXGL.DefaultMenu     - createMenuBodyGameMenu()
18:58:00.472 [FXGL Background Thread 1 ] DEBUG FXGL.DefaultMenu     - createOptionsMenu()
18:58:00.488 [FXGL Background Thread 1 ] DEBUG GameApplicationServi - Application scenes initialized
18:58:00.501 [FXGL Background Thread 1 ] DEBUG SystemBundleService  - Loading FXGL system data
18:58:00.507 [FXGL Background Thread 1 ] DEBUG FileSystemAccess     - Reading from: C:\Users\enric\Desktop\robe mie\Fermi\triennio\Informatica\Intellij\GiocoClasseQuarta\system\fxgl.bundle
18:58:00.514 [FXGL Background Thread 1 ] DEBUG SystemBundleService  - Bundle FXGL: {}
18:58:00.514 [FXGL Background Thread 1 ] DEBUG UpdaterService       - Checking for updates
18:58:00.518 [FXGL Background Thread 4 ] DEBUG FXGLApplication      - Loading fonts
18:58:00.519 [FXGL Background Thread 4 ] DEBUG FXGLAssetLoaderServi - Loading from file system: jar:file:///C:/Users/enric/.m2/repository/com/github/almasb/fxgl/17.3/fxgl-17.3.jar!/fxglassets/ui/fonts/VarelaRound-Regular.ttf
18:58:00.519 [FXGL Background Thread 1 ] DEBUG FXGLApplication      - Loading default localization
18:58:00.520 [FXGL Background Thread 1 ] DEBUG FXGLAssetLoaderServi - Loading from file system: jar:file:///C:/Users/enric/.m2/repository/com/github/almasb/fxgl/17.3/fxgl-17.3.jar!/fxglassets/languages/english.lang
18:58:00.547 [FXGL Background Thread 1 ] INFO  FXGLApplication      - FXGL initialization took: 0,595 sec
18:58:00.559 [FXGL Background Thread 4 ] DEBUG FXGLAssetLoaderServi - Loading from file system: jar:file:///C:/Users/enric/.m2/repository/com/github/almasb/fxgl/17.3/fxgl-17.3.jar!/fxglassets/ui/fonts/Abel-Regular.ttf
18:58:00.559 [JavaFX Application Thread] DEBUG Input                - Registered new binding: Move Right - D
18:58:00.559 [JavaFX Application Thread] DEBUG Input                - Registered new binding: Move Left - A
18:58:00.560 [JavaFX Application Thread] DEBUG Input                - Registered new binding: Move Up - W
18:58:00.560 [JavaFX Application Thread] DEBUG Input                - Registered new binding: Move Down - S
18:58:00.560 [JavaFX Application Thread] DEBUG FXGLAssetLoaderServi - Loading from file system: jar:file:///C:/Users/enric/.m2/repository/com/github/almasb/fxgl/17.3/fxgl-17.3.jar!/fxglassets/textures/fxgl_icon.png
18:58:00.567 [FXGL Background Thread 4 ] DEBUG FXGLAssetLoaderServi - Loading from file system: jar:file:///C:/Users/enric/.m2/repository/com/github/almasb/fxgl/17.3/fxgl-17.3.jar!/fxglassets/ui/fonts/TerminalLandMono-Regular.otf
18:58:00.575 [FXGL Background Thread 4 ] DEBUG FXGLAssetLoaderServi - Loading from file system: jar:file:///C:/Users/enric/.m2/repository/com/github/almasb/fxgl/17.3/fxgl-17.3.jar!/fxglassets/ui/fonts/Courier-Prime.ttf
18:58:00.580 [JavaFX Application Thread] DEBUG FXGLAssetLoaderServi - Loading from file system: jar:file:///C:/Users/enric/.m2/repository/com/github/almasb/fxgl/17.3/fxgl-17.3.jar!/fxglassets/textures/fxgl_default_cursor.png
18:58:00.583 [JavaFX Application Thread] DEBUG Input                - Registered new binding: Screenshot - CTRL+8
18:58:00.584 [JavaFX Application Thread] DEBUG Input                - Registered new binding: System info dump - CTRL+9
18:58:00.584 [JavaFX Application Thread] DEBUG Input                - Registered new binding: Restart - CTRL+R
18:58:00.585 [JavaFX Application Thread] DEBUG Input                - Registered new binding: Toggle Debug Camera - CTRL+7
18:58:00.592 [JavaFX Application Thread] DEBUG LoopRunner           - Starting loop
18:58:00.592 [JavaFX Application Thread] DEBUG LoopRunner           - Initializing JavaFX AnimationTimerLoop
18:58:00.594 [JavaFX Application Thread] DEBUG Input                - Clearing active input actions
18:58:00.604 [JavaFX Application Thread] DEBUG GameApplicationServi - Removing overlay from FXGLStartupScene and adding to FXGLMainMenuDummyScene
18:58:00.605 [JavaFX Application Thread] DEBUG PrimaryStageWindow   - FXGLStartupScene -> FXGLMainMenuDummyScene
18:58:00.605 [JavaFX Application Thread] DEBUG PrimaryStageWindow   - Push state: MainMenu
18:58:00.614 [JavaFX Application Thread] DEBUG AudioPlayer          - Playing music com.almasb.fxgl.audio.Music@58bcc9a5
18:58:00.615 [JavaFX Application Thread] DEBUG Input                - Clearing active input actions
18:58:00.625 [JavaFX Application Thread] DEBUG GameApplicationServi - Removing overlay from FXGLMainMenuDummyScene and adding to MainMenu
18:58:00.625 [JavaFX Application Thread] DEBUG PrimaryStageWindow   - FXGLMainMenuDummyScene -> MainMenu
18:58:00.633 [JavaFX Application Thread] DEBUG FXGLApplication      - Registering font factories with UI factory
18:58:01.142 [FXGL Background Thread 2 ] INFO  UpdaterService       - Your current version:  17.3
18:58:01.142 [FXGL Background Thread 2 ] INFO  UpdaterService       - Latest stable version: 21.1
18:58:01.942 [JavaFX Application Thread] DEBUG Menu                 - fireNewGame()
18:58:01.942 [JavaFX Application Thread] DEBUG GameApplicationServi - Starting new game
18:58:01.943 [JavaFX Application Thread] DEBUG AudioPlayer          - Stopping music com.almasb.fxgl.audio.Music@58bcc9a5
18:58:01.951 [JavaFX Application Thread] DEBUG PrimaryStageWindow   - Pop state: MainMenu
18:58:01.952 [JavaFX Application Thread] DEBUG Input                - Clearing active input actions
18:58:01.954 [JavaFX Application Thread] DEBUG GameApplicationServi - Removing overlay from MainMenu and adding to FXGLMainMenuDummyScene
18:58:01.955 [JavaFX Application Thread] DEBUG PrimaryStageWindow   - FXGLMainMenuDummyScene <- MainMenu
18:58:01.956 [JavaFX Application Thread] DEBUG Input                - Clearing active input actions
18:58:01.974 [JavaFX Application Thread] DEBUG GameApplicationServi - Removing overlay from FXGLMainMenuDummyScene and adding to FXGLLoadingScene
18:58:01.975 [JavaFX Application Thread] DEBUG PrimaryStageWindow   - FXGLMainMenuDummyScene -> FXGLLoadingScene
18:58:01.975 [JavaFX Application Thread] DEBUG GameApplicationServi - Clearing previous game
18:58:01.975 [JavaFX Application Thread] DEBUG GameScene            - Clearing game scene
18:58:01.975 [JavaFX Application Thread] DEBUG GameWorld            - Clearing game world
18:58:01.976 [JavaFX Application Thread] DEBUG PhysicsWorld         - Clearing physics world
18:58:01.979 [FXGL Background Thread 2 ] DEBUG FXGLApplication      - Initializing game
18:58:02.055 [FXGL Background Thread 2 ] WARN  TMXLevelLoader       - TiledMap generated from 1.10.2. Supported version: 1.9.0. Some features may not be parsed fully.
18:58:02.085 [FXGL Background Thread 2 ] DEBUG TMXLevelLoader       - Parsed TiledMap: file:/C:/Users/enric/Desktop/robe%20mie/Fermi/triennio/Informatica/Intellij/GiocoClasseQuarta/target/classes/assets/levels/livello.tmx
18:58:02.086 [FXGL Background Thread 2 ] DEBUG TMXLevelLoader       - Creating tile layer entities
18:58:02.087 [FXGL Background Thread 2 ] DEBUG TilesetLoader        - Loading view for layer ground
18:58:02.098 [FXGL Background Thread 2 ] DEBUG TilesetLoader        - Created buffer with size 3200.0x3200.0
18:58:02.170 [FXGL Background Thread 2 ] DEBUG TMXLevelLoader       - Creating object layer entities
18:58:02.187 [FXGL Background Thread 2 ] DEBUG GameWorld            - Clearing removable entities
18:58:02.188 [FXGL Background Thread 2 ] DEBUG GameWorld            - Setting level: com.almasb.fxgl.entity.level.Level@455ee37
18:58:02.197 [FXGL Background Thread 2 ] DEBUG FXGLAssetLoaderServi - Loading from file system: file:/C:/Users/enric/Desktop/robe%20mie/Fermi/triennio/Informatica/Intellij/GiocoClasseQuarta/target/classes/assets/textures/matteolongobardi.png
18:58:02.201 [FXGL Background Thread 2 ] DEBUG FXGLAssetLoaderServi - Loading from file system: file:/C:/Users/enric/Desktop/robe%20mie/Fermi/triennio/Informatica/Intellij/GiocoClasseQuarta/target/classes/assets/textures/corsalaterale/corsalaterale1.png
18:58:02.202 [FXGL Background Thread 2 ] DEBUG FXGLAssetLoaderServi - Loading from file system: file:/C:/Users/enric/Desktop/robe%20mie/Fermi/triennio/Informatica/Intellij/GiocoClasseQuarta/target/classes/assets/textures/corsalaterale/corsalaterale2.png
18:58:02.203 [FXGL Background Thread 2 ] DEBUG FXGLAssetLoaderServi - Loading from file system: file:/C:/Users/enric/Desktop/robe%20mie/Fermi/triennio/Informatica/Intellij/GiocoClasseQuarta/target/classes/assets/textures/corsalaterale/corsalaterale3.png
18:58:02.204 [FXGL Background Thread 2 ] DEBUG FXGLAssetLoaderServi - Loading from file system: file:/C:/Users/enric/Desktop/robe%20mie/Fermi/triennio/Informatica/Intellij/GiocoClasseQuarta/target/classes/assets/textures/corsalaterale/corsalaterale4.png
18:58:02.205 [FXGL Background Thread 2 ] DEBUG FXGLAssetLoaderServi - Loading from file system: file:/C:/Users/enric/Desktop/robe%20mie/Fermi/triennio/Informatica/Intellij/GiocoClasseQuarta/target/classes/assets/textures/corsalaterale/corsalaterale5.png
18:58:02.205 [FXGL Background Thread 2 ] DEBUG FXGLAssetLoaderServi - Loading from file system: file:/C:/Users/enric/Desktop/robe%20mie/Fermi/triennio/Informatica/Intellij/GiocoClasseQuarta/target/classes/assets/textures/corsalaterale/corsalaterale6.png
18:58:02.206 [FXGL Background Thread 2 ] DEBUG FXGLAssetLoaderServi - Loading from file system: file:/C:/Users/enric/Desktop/robe%20mie/Fermi/triennio/Informatica/Intellij/GiocoClasseQuarta/target/classes/assets/textures/corsasu/corsasu1.png
18:58:02.207 [FXGL Background Thread 2 ] DEBUG FXGLAssetLoaderServi - Loading from file system: file:/C:/Users/enric/Desktop/robe%20mie/Fermi/triennio/Informatica/Intellij/GiocoClasseQuarta/target/classes/assets/textures/corsasu/corsasu2.png
18:58:02.207 [FXGL Background Thread 2 ] DEBUG FXGLAssetLoaderServi - Loading from file system: file:/C:/Users/enric/Desktop/robe%20mie/Fermi/triennio/Informatica/Intellij/GiocoClasseQuarta/target/classes/assets/textures/corsasu/corsasu3.png
18:58:02.208 [FXGL Background Thread 2 ] DEBUG FXGLAssetLoaderServi - Loading from file system: file:/C:/Users/enric/Desktop/robe%20mie/Fermi/triennio/Informatica/Intellij/GiocoClasseQuarta/target/classes/assets/textures/corsasu/corsasu4.png
18:58:02.209 [FXGL Background Thread 2 ] DEBUG FXGLAssetLoaderServi - Loading from file system: file:/C:/Users/enric/Desktop/robe%20mie/Fermi/triennio/Informatica/Intellij/GiocoClasseQuarta/target/classes/assets/textures/corsasu/corsasu5.png
18:58:02.209 [FXGL Background Thread 2 ] DEBUG FXGLAssetLoaderServi - Loading from file system: file:/C:/Users/enric/Desktop/robe%20mie/Fermi/triennio/Informatica/Intellij/GiocoClasseQuarta/target/classes/assets/textures/corsasu/corsasu6.png
18:58:02.210 [FXGL Background Thread 2 ] DEBUG FXGLAssetLoaderServi - Loading from file system: file:/C:/Users/enric/Desktop/robe%20mie/Fermi/triennio/Informatica/Intellij/GiocoClasseQuarta/target/classes/assets/textures/corsagiu/corsagiu1.png
18:58:02.210 [FXGL Background Thread 2 ] DEBUG FXGLAssetLoaderServi - Loading from file system: file:/C:/Users/enric/Desktop/robe%20mie/Fermi/triennio/Informatica/Intellij/GiocoClasseQuarta/target/classes/assets/textures/corsagiu/corsagiu2.png
18:58:02.212 [FXGL Background Thread 2 ] DEBUG FXGLAssetLoaderServi - Loading from file system: file:/C:/Users/enric/Desktop/robe%20mie/Fermi/triennio/Informatica/Intellij/GiocoClasseQuarta/target/classes/assets/textures/corsagiu/corsagiu3.png
18:58:02.212 [FXGL Background Thread 2 ] DEBUG FXGLAssetLoaderServi - Loading from file system: file:/C:/Users/enric/Desktop/robe%20mie/Fermi/triennio/Informatica/Intellij/GiocoClasseQuarta/target/classes/assets/textures/corsagiu/corsagiu4.png
18:58:02.213 [FXGL Background Thread 2 ] DEBUG FXGLAssetLoaderServi - Loading from file system: file:/C:/Users/enric/Desktop/robe%20mie/Fermi/triennio/Informatica/Intellij/GiocoClasseQuarta/target/classes/assets/textures/corsagiu/corsagiu5.png
18:58:02.214 [FXGL Background Thread 2 ] DEBUG FXGLAssetLoaderServi - Loading from file system: file:/C:/Users/enric/Desktop/robe%20mie/Fermi/triennio/Informatica/Intellij/GiocoClasseQuarta/target/classes/assets/textures/corsagiu/corsagiu6.png
18:58:02.214 [FXGL Background Thread 2 ] DEBUG FXGLAssetLoaderServi - Loading from file system: file:/C:/Users/enric/Desktop/robe%20mie/Fermi/triennio/Informatica/Intellij/GiocoClasseQuarta/target/classes/assets/music/musicaSottofondo.mp3
18:58:02.217 [FXGL Background Thread 2 ] DEBUG AudioPlayer          - Playing music com.almasb.fxgl.audio.Music@1837b788
18:58:02.218 [FXGL Background Thread 2 ] INFO  FXGLApplication      - Game initialization took: 0,239 sec
18:58:02.236 [JavaFX Application Thread] DEBUG Input                - Clearing active input actions
18:58:02.240 [JavaFX Application Thread] DEBUG GameApplicationServi - Removing overlay from FXGLLoadingScene and adding to GameScene
18:58:02.241 [JavaFX Application Thread] DEBUG PrimaryStageWindow   - FXGLLoadingScene -> GameScene
18:58:03.518 [FXGL Background Thread 3 ] DEBUG Engine               - Logging environment variables
18:58:03.519 [FXGL Background Thread 3 ] DEBUG Engine               - achievements: []
18:58:03.519 [FXGL Background Thread 3 ] DEBUG Engine               - actualHeight: 720.0
18:58:03.519 [FXGL Background Thread 3 ] DEBUG Engine               - actualHeightProperty: ReadOnlyDoubleProperty [value: 720.0]
18:58:03.521 [FXGL Background Thread 3 ] DEBUG Engine               - actualWidth: 1000.0
18:58:03.521 [FXGL Background Thread 3 ] DEBUG Engine               - actualWidthProperty: ReadOnlyDoubleProperty [value: 1000.0]
18:58:03.521 [FXGL Background Thread 3 ] DEBUG Engine               - appIcon: fxgl_icon.png
18:58:03.521 [FXGL Background Thread 3 ] DEBUG Engine               - applicationMode: DEVELOPER
18:58:03.522 [FXGL Background Thread 3 ] DEBUG Engine               - cSSList: [fxgl_dark.css]
18:58:03.522 [FXGL Background Thread 3 ] DEBUG Engine               - collisionDetectionStrategy: BRUTE_FORCE
18:58:03.522 [FXGL Background Thread 3 ] DEBUG Engine               - configClass: Optional.empty
18:58:03.522 [FXGL Background Thread 3 ] DEBUG Engine               - credits: []
18:58:03.523 [FXGL Background Thread 3 ] DEBUG Engine               - defaultCursor: CursorInfo(imageName=fxgl_default_cursor.png, hotspotX=7.0, hotspotY=6.0)
18:58:03.523 [FXGL Background Thread 3 ] DEBUG Engine               - devBBoxColorProperty: ObjectProperty [value: 0xff0000ff]
18:58:03.523 [FXGL Background Thread 3 ] DEBUG Engine               - devEnableDebugCameraProperty: BooleanProperty [value: false]
18:58:03.524 [FXGL Background Thread 3 ] DEBUG Engine               - devSensorColorProperty: ObjectProperty [value: 0xffff00ff]
18:58:03.524 [FXGL Background Thread 3 ] DEBUG Engine               - devShowBBoxProperty: BooleanProperty [value: false]
18:58:03.524 [FXGL Background Thread 3 ] DEBUG Engine               - devShowPositionProperty: BooleanProperty [value: false]
18:58:03.524 [FXGL Background Thread 3 ] DEBUG Engine               - enabledMenuItems: []
18:58:03.525 [FXGL Background Thread 3 ] DEBUG Engine               - engineServices: [class com.almasb.fxgl.app.services.FXGLAssetLoaderService, class com.almasb.fxgl.app.FXGLApplication$GameApplicationService, class com.almasb.fxgl.app.services.FXGLDialogService, class com.almasb.fxgl.app.services.IOTaskExecutorService, class com.almasb.fxgl.io.FileSystemService, class com.almasb.fxgl.localization.LocalizationService, class com.almasb.fxgl.app.services.SystemBundleService, class com.almasb.fxgl.profile.SaveLoadService, class com.almasb.fxgl.ui.FXGLUIFactoryServiceProvider, class com.almasb.fxgl.ui.FXGLDialogFactoryServiceProvider, class com.almasb.fxgl.audio.AudioPlayer, class com.almasb.fxgl.notification.impl.NotificationServiceProvider, class com.almasb.fxgl.achievement.AchievementService, class com.almasb.fxgl.cutscene.CutsceneService, class com.almasb.fxgl.minigames.MiniGameService, class com.almasb.fxgl.net.NetService, class com.almasb.fxgl.app.services.UpdaterService, class com.almasb.fxgl.dev.DevService]
18:58:03.525 [FXGL Background Thread 3 ] DEBUG Engine               - fontGame: Abel-Regular.ttf
18:58:03.525 [FXGL Background Thread 3 ] DEBUG Engine               - fontMono: TerminalLandMono-Regular.otf
18:58:03.525 [FXGL Background Thread 3 ] DEBUG Engine               - fontSizeScaleUI: 1.0
18:58:03.525 [FXGL Background Thread 3 ] DEBUG Engine               - fontText: Courier-Prime.ttf
18:58:03.525 [FXGL Background Thread 3 ] DEBUG Engine               - fontUI: VarelaRound-Regular.ttf
18:58:03.526 [FXGL Background Thread 3 ] DEBUG Engine               - fullScreen: BooleanProperty [value: false]
18:58:03.526 [FXGL Background Thread 3 ] DEBUG Engine               - gameDifficulty: MEDIUM
18:58:03.526 [FXGL Background Thread 3 ] DEBUG Engine               - gameDifficultyProperty: ObjectProperty [value: MEDIUM]
18:58:03.526 [FXGL Background Thread 3 ] DEBUG Engine               - globalMusicVolume: 0.5
18:58:03.527 [FXGL Background Thread 3 ] DEBUG Engine               - globalMusicVolumeProperty: DoubleProperty [value: 0.5]
18:58:03.527 [FXGL Background Thread 3 ] DEBUG Engine               - globalSoundVolume: 0.5
18:58:03.527 [FXGL Background Thread 3 ] DEBUG Engine               - globalSoundVolumeProperty: DoubleProperty [value: 0.5]
18:58:03.527 [FXGL Background Thread 3 ] DEBUG Engine               - height: 720
18:58:03.527 [FXGL Background Thread 3 ] DEBUG Engine               - is3D: true
18:58:03.527 [FXGL Background Thread 3 ] DEBUG Engine               - isAndroid: false
18:58:03.528 [FXGL Background Thread 3 ] DEBUG Engine               - isBrowser: false
18:58:03.528 [FXGL Background Thread 3 ] DEBUG Engine               - isClickFeedbackEnabled: false
18:58:03.528 [FXGL Background Thread 3 ] DEBUG Engine               - isCloseConfirmation: false
18:58:03.528 [FXGL Background Thread 3 ] DEBUG Engine               - isDesktop: true
18:58:03.528 [FXGL Background Thread 3 ] DEBUG Engine               - isDeveloperMenuEnabled: false
18:58:03.529 [FXGL Background Thread 3 ] DEBUG Engine               - isEmbedded: false
18:58:03.529 [FXGL Background Thread 3 ] DEBUG Engine               - isEntityPreloadEnabled: true
18:58:03.529 [FXGL Background Thread 3 ] DEBUG Engine               - isExperimentalTiledLargeMap: false
18:58:03.529 [FXGL Background Thread 3 ] DEBUG Engine               - isFileSystemWriteAllowed: true
18:58:03.529 [FXGL Background Thread 3 ] DEBUG Engine               - isFullScreenAllowed: false
18:58:03.530 [FXGL Background Thread 3 ] DEBUG Engine               - isFullScreenFromStart: false
18:58:03.531 [FXGL Background Thread 3 ] DEBUG Engine               - isGameMenuEnabled: true
18:58:03.531 [FXGL Background Thread 3 ] DEBUG Engine               - isIOS: false
18:58:03.531 [FXGL Background Thread 3 ] DEBUG Engine               - isIntroEnabled: false
18:58:03.531 [FXGL Background Thread 3 ] DEBUG Engine               - isLinux: false
18:58:03.532 [FXGL Background Thread 3 ] DEBUG Engine               - isMac: false
18:58:03.532 [FXGL Background Thread 3 ] DEBUG Engine               - isMainMenuEnabled: true
18:58:03.532 [FXGL Background Thread 3 ] DEBUG Engine               - isManualResizeEnabled: false
18:58:03.532 [FXGL Background Thread 3 ] DEBUG Engine               - isMobile: false
18:58:03.532 [FXGL Background Thread 3 ] DEBUG Engine               - isNative: false
18:58:03.532 [FXGL Background Thread 3 ] DEBUG Engine               - isPauseMusicWhenMinimized: true
18:58:03.532 [FXGL Background Thread 3 ] DEBUG Engine               - isPreserveResizeRatio: false
18:58:03.532 [FXGL Background Thread 3 ] DEBUG Engine               - isProfilingEnabled: false
18:58:03.532 [FXGL Background Thread 3 ] DEBUG Engine               - isScaleAffectedOnResize: true
18:58:03.533 [FXGL Background Thread 3 ] DEBUG Engine               - isSingleStep: false
18:58:03.533 [FXGL Background Thread 3 ] DEBUG Engine               - isUserProfileEnabled: false
18:58:03.533 [FXGL Background Thread 3 ] DEBUG Engine               - isWindows: true
18:58:03.533 [FXGL Background Thread 3 ] DEBUG Engine               - language: ObjectProperty [value: ENGLISH]
18:58:03.533 [FXGL Background Thread 3 ] DEBUG Engine               - menuKey: ESCAPE
18:58:03.534 [FXGL Background Thread 3 ] DEBUG Engine               - mouseSensitivity: 0.2
18:58:03.534 [FXGL Background Thread 3 ] DEBUG Engine               - notificationViewClass: class com.almasb.fxgl.notification.view.XboxNotificationView
18:58:03.534 [FXGL Background Thread 3 ] DEBUG Engine               - pixelsPerMeter: 50.0
18:58:03.534 [FXGL Background Thread 3 ] DEBUG Engine               - platform: WINDOWS
18:58:03.534 [FXGL Background Thread 3 ] DEBUG Engine               - prefHeightProperty: ReadOnlyDoubleProperty [value: 720.0]
18:58:03.534 [FXGL Background Thread 3 ] DEBUG Engine               - prefWidthProperty: ReadOnlyDoubleProperty [value: 1000.0]
18:58:03.535 [FXGL Background Thread 3 ] DEBUG Engine               - profileDir: profiles/
18:58:03.535 [FXGL Background Thread 3 ] DEBUG Engine               - profileName: StringProperty [value: DEFAULT]
18:58:03.535 [FXGL Background Thread 3 ] DEBUG Engine               - randomSeed: -1
18:58:03.536 [FXGL Background Thread 3 ] DEBUG Engine               - runtimeInfo: RuntimeInfo(platform=WINDOWS, version=17.3, build=30.03.2023 11.49)
18:58:03.536 [FXGL Background Thread 3 ] DEBUG Engine               - saveFileExt: sav
18:58:03.536 [FXGL Background Thread 3 ] DEBUG Engine               - scaledHeightProp$fxgl: DoubleProperty [bound, value: 720.0]
18:58:03.536 [FXGL Background Thread 3 ] DEBUG Engine               - scaledWidthProp$fxgl: DoubleProperty [bound, value: 1000.0]
18:58:03.537 [FXGL Background Thread 3 ] DEBUG Engine               - sceneFactory: com.game.pokemon.FabbricaScene@7e7ffd5c
18:58:03.537 [FXGL Background Thread 3 ] DEBUG Engine               - secondsIn24h: 60
18:58:03.537 [FXGL Background Thread 3 ] DEBUG Engine               - soundMenuBack: menu/back.wav
18:58:03.537 [FXGL Background Thread 3 ] DEBUG Engine               - soundMenuPress: menu/press.wav
18:58:03.537 [FXGL Background Thread 3 ] DEBUG Engine               - soundMenuSelect: menu/select.wav
18:58:03.537 [FXGL Background Thread 3 ] DEBUG Engine               - soundNotification: core/notification.wav
18:58:03.538 [FXGL Background Thread 3 ] DEBUG Engine               - stageStyle: DECORATED
18:58:03.538 [FXGL Background Thread 3 ] DEBUG Engine               - supportedLanguages: [ENGLISH, FRENCH, GERMAN, HUNGARIAN, RUSSIAN]
18:58:03.538 [FXGL Background Thread 3 ] DEBUG Engine               - ticksPerSecond: -1
18:58:03.538 [FXGL Background Thread 3 ] DEBUG Engine               - title: Pokemon boh
18:58:03.538 [FXGL Background Thread 3 ] DEBUG Engine               - urlGithub: https://github.com/AlmasB/FXGL
18:58:03.538 [FXGL Background Thread 3 ] DEBUG Engine               - urlLeaderboard: http://fxgl-top.herokuapp.com/
18:58:03.539 [FXGL Background Thread 3 ] DEBUG Engine               - urlPOM: https://raw.githubusercontent.com/AlmasB/FXGL/release/README.md
18:58:03.539 [FXGL Background Thread 3 ] DEBUG Engine               - userAppClass: class com.game.pokemon.PokemonApplication
18:58:03.539 [FXGL Background Thread 3 ] DEBUG Engine               - version: 0.1
18:58:03.539 [FXGL Background Thread 3 ] DEBUG Engine               - versionCheckDays: 7
18:58:03.540 [FXGL Background Thread 3 ] DEBUG Engine               - width: 1000
18:58:03.541 [FXGL Background Thread 3 ] DEBUG Engine               - Logging services
18:58:03.541 [FXGL Background Thread 3 ] DEBUG Engine               - class com.almasb.fxgl.app.services.FXGLAssetLoaderService
18:58:03.541 [FXGL Background Thread 3 ] DEBUG Engine               - class com.almasb.fxgl.app.FXGLApplication$GameApplicationService
18:58:03.541 [FXGL Background Thread 3 ] DEBUG Engine               - class com.almasb.fxgl.app.services.FXGLDialogService
18:58:03.541 [FXGL Background Thread 3 ] DEBUG Engine               - class com.almasb.fxgl.app.services.IOTaskExecutorService
18:58:03.541 [FXGL Background Thread 3 ] DEBUG Engine               - class com.almasb.fxgl.io.FileSystemService
18:58:03.541 [FXGL Background Thread 3 ] DEBUG Engine               - class com.almasb.fxgl.localization.LocalizationService
18:58:03.541 [FXGL Background Thread 3 ] DEBUG Engine               - class com.almasb.fxgl.app.services.SystemBundleService
18:58:03.542 [FXGL Background Thread 3 ] DEBUG Engine               - class com.almasb.fxgl.profile.SaveLoadService
18:58:03.542 [FXGL Background Thread 3 ] DEBUG Engine               - class com.almasb.fxgl.ui.FXGLUIFactoryServiceProvider
18:58:03.542 [FXGL Background Thread 3 ] DEBUG Engine               - class com.almasb.fxgl.ui.FXGLDialogFactoryServiceProvider
18:58:03.542 [FXGL Background Thread 3 ] DEBUG Engine               - class com.almasb.fxgl.audio.AudioPlayer
18:58:03.542 [FXGL Background Thread 3 ] DEBUG Engine               - class com.almasb.fxgl.notification.impl.NotificationServiceProvider
18:58:03.542 [FXGL Background Thread 3 ] DEBUG Engine               - class com.almasb.fxgl.achievement.AchievementService
18:58:03.542 [FXGL Background Thread 3 ] DEBUG Engine               - class com.almasb.fxgl.cutscene.CutsceneService
18:58:03.542 [FXGL Background Thread 3 ] DEBUG Engine               - class com.almasb.fxgl.minigames.MiniGameService
18:58:03.543 [FXGL Background Thread 3 ] DEBUG Engine               - class com.almasb.fxgl.net.NetService
18:58:03.543 [FXGL Background Thread 3 ] DEBUG Engine               - class com.almasb.fxgl.app.services.UpdaterService
18:58:03.543 [FXGL Background Thread 3 ] DEBUG Engine               - class com.almasb.fxgl.dev.DevService
18:58:03.924 [JavaFX Application Thread] DEBUG PrimaryStageWindow   - Push state: FXGLDefaultMenu
18:58:03.925 [JavaFX Application Thread] DEBUG Input                - Clearing active input actions
18:58:03.928 [JavaFX Application Thread] DEBUG GameApplicationServi - Removing overlay from GameScene and adding to FXGLDefaultMenu
18:58:03.929 [JavaFX Application Thread] DEBUG PrimaryStageWindow   - GameScene -> FXGLDefaultMenu
18:58:05.204 [JavaFX Application Thread] DEBUG Menu                 - fireExitToMainMenu()
18:58:05.211 [JavaFX Application Thread] DEBUG PrimaryStageWindow   - Push state: DialogSubScene
18:58:05.211 [JavaFX Application Thread] DEBUG Input                - Clearing active input actions
18:58:05.213 [JavaFX Application Thread] DEBUG GameApplicationServi - Removing overlay from FXGLDefaultMenu and adding to DialogSubScene
18:58:05.213 [JavaFX Application Thread] DEBUG PrimaryStageWindow   - FXGLDefaultMenu -> DialogSubScene
18:58:06.309 [JavaFX Application Thread] DEBUG PrimaryStageWindow   - Pop state: DialogSubScene
18:58:06.309 [JavaFX Application Thread] DEBUG Input                - Clearing active input actions
18:58:06.311 [JavaFX Application Thread] DEBUG GameApplicationServi - Removing overlay from DialogSubScene and adding to FXGLDefaultMenu
18:58:06.312 [JavaFX Application Thread] DEBUG PrimaryStageWindow   - FXGLDefaultMenu <- DialogSubScene
18:58:06.312 [JavaFX Application Thread] DEBUG PrimaryStageWindow   - Pop state: FXGLDefaultMenu
18:58:06.312 [JavaFX Application Thread] DEBUG Input                - Clearing active input actions
18:58:06.313 [JavaFX Application Thread] DEBUG GameApplicationServi - Removing overlay from FXGLDefaultMenu and adding to GameScene
18:58:06.313 [JavaFX Application Thread] DEBUG PrimaryStageWindow   - GameScene <- FXGLDefaultMenu
18:58:06.314 [JavaFX Application Thread] DEBUG Input                - Clearing active input actions
18:58:06.334 [JavaFX Application Thread] DEBUG GameApplicationServi - Removing overlay from GameScene and adding to FXGLMainMenuDummyScene
18:58:06.334 [JavaFX Application Thread] DEBUG PrimaryStageWindow   - GameScene -> FXGLMainMenuDummyScene
18:58:06.334 [JavaFX Application Thread] DEBUG PrimaryStageWindow   - Push state: MainMenu
18:58:06.335 [JavaFX Application Thread] DEBUG AudioPlayer          - Stopping music com.almasb.fxgl.audio.Music@58bcc9a5
18:58:06.335 [JavaFX Application Thread] DEBUG AudioPlayer          - Stopping music com.almasb.fxgl.audio.Music@1837b788
18:58:06.337 [JavaFX Application Thread] DEBUG AudioPlayer          - Playing music com.almasb.fxgl.audio.Music@58bcc9a5
18:58:06.337 [JavaFX Application Thread] DEBUG Input                - Clearing active input actions
18:58:06.346 [JavaFX Application Thread] DEBUG GameApplicationServi - Removing overlay from FXGLMainMenuDummyScene and adding to MainMenu
18:58:06.346 [JavaFX Application Thread] DEBUG PrimaryStageWindow   - FXGLMainMenuDummyScene -> MainMenu
18:58:07.982 [JavaFX Application Thread] DEBUG FXGLApplication      - Exiting FXGL
18:58:07.982 [JavaFX Application Thread] DEBUG LoopRunner           - Stopping loop
18:58:07.982 [JavaFX Application Thread] DEBUG SystemBundleService  - Saving FXGL system data
18:58:07.987 [JavaFX Application Thread] DEBUG FileSystemAccess     - Writing to: C:\Users\enric\Desktop\robe mie\Fermi\triennio\Informatica\Intellij\GiocoClasseQuarta\system\fxgl.bundle
18:58:07.991 [JavaFX Application Thread] DEBUG Async                - Shutting down background threads
18:58:07.992 [JavaFX Application Thread] DEBUG PrimaryStageWindow   - Closing main window
18:58:08.021 [JavaFX Application Thread] DEBUG Logger               - Closing Logger
