21:09:03.184 [main                     ] DEBUG Logger               - Configured Logger
21:09:03.206 [main                     ] DEBUG GameApplication      - Logging settings
Title: Pokemon boh
Version: 0.1
Width: 1000
Height: 720
Fullscreen: false
Intro: false
Profiling: false
Single step:false
App Mode: DEVELOPER
Menu Key: ESCAPE
Stage Style: DECORATED
Scene Factory: class com.game.pokemon.FabbricaScene

21:09:03.458 [JavaFX Application Thread] DEBUG FXGLApplication      - Initializing FXGL
21:09:03.462 [JavaFX Application Thread] INFO  Engine               - FXGL-17.3 (30.03.2023 11.49) on WINDOWS (J:22.0.1 FX:22-ea)
21:09:03.462 [JavaFX Application Thread] DEBUG Engine               - JRE Vendor Name: Oracle Corporation
21:09:03.463 [JavaFX Application Thread] DEBUG Engine               - Running on OS: Windows 11 version 10.0
21:09:03.463 [JavaFX Application Thread] DEBUG Engine               - Architecture: amd64
21:09:03.463 [JavaFX Application Thread] INFO  Engine               - Source code and latest versions at: https://github.com/AlmasB/FXGL
21:09:03.463 [JavaFX Application Thread] INFO  Engine               -       Ask questions and discuss at: https://github.com/AlmasB/FXGL/discussions
21:09:03.463 [JavaFX Application Thread] INFO  Engine               -              Join the FXGL chat at: https://gitter.im/AlmasB/FXGL
21:09:03.535 [JavaFX Application Thread] DEBUG PrimaryStageWindow   - Creating a JavaFX scene
21:09:03.574 [JavaFX Application Thread] DEBUG PrimaryStageWindow   - Target settings size: 1000.0 x 720.0
21:09:03.574 [JavaFX Application Thread] DEBUG PrimaryStageWindow   - Scaled scene size:    1000.0 x 720.0
21:09:03.574 [JavaFX Application Thread] DEBUG PrimaryStageWindow   - Scaled ratio: (1.0, 1.0)
21:09:03.575 [JavaFX Application Thread] DEBUG PrimaryStageWindow   - Set initial scene to FXGLStartupScene
21:09:03.578 [JavaFX Application Thread] DEBUG PrimaryStageWindow   - Opening main window
21:09:03.650 [JavaFX Application Thread] DEBUG PrimaryStageWindow   - Window border size: (14.4000244140625, 37.5999755859375)
21:09:03.650 [JavaFX Application Thread] DEBUG PrimaryStageWindow   - Scaled size: 1000.0 x 720.0
21:09:03.650 [JavaFX Application Thread] DEBUG PrimaryStageWindow   - Scaled ratio: (1.0, 1.0)
21:09:03.651 [JavaFX Application Thread] DEBUG PrimaryStageWindow   - Scene size: 1000.0 x 720.0
21:09:03.651 [JavaFX Application Thread] DEBUG PrimaryStageWindow   - Stage size: 1014.4000244140625 x 757.5999755859375
21:09:03.656 [FXGL Background Thread 1 ] DEBUG Engine               - Initializing environment variables
21:09:03.707 [FXGL Background Thread 1 ] DEBUG FXGLAssetLoaderServi - User app class for loading assets: class com.game.pokemon.PokemonApplication
21:09:03.708 [FXGL Background Thread 1 ] DEBUG GameApplicationServi - Applying CSS: fxgl_dark.css
21:09:03.708 [FXGL Background Thread 1 ] DEBUG FXGLAssetLoaderServi - Loading from file system: jar:file:///C:/Users/enric/.m2/repository/com/github/almasb/fxgl/17.3/fxgl-17.3.jar!/fxglassets/ui/css/fxgl_dark.css
21:09:03.757 [FXGL Background Thread 1 ] DEBUG GameApplicationServi - Initializing application scenes
21:09:03.792 [FXGL Background Thread 1 ] DEBUG GameWorld            - Game world initialized
21:09:03.857 [FXGL Background Thread 1 ] DEBUG PhysicsWorld         - Physics world initialized: appHeight=720, physics.ppm=50,0
21:09:03.858 [FXGL Background Thread 1 ] DEBUG PhysicsWorld         - Using strategy: BRUTE_FORCE
21:09:03.861 [FXGL Background Thread 1 ] DEBUG GameScene            - Game scene initialized: 1000x720
21:09:03.868 [FXGL Background Thread 1 ] DEBUG FXGL.DefaultMenu     - createMenuBodyMainMenu()
21:09:03.878 [FXGL Background Thread 1 ] DEBUG FXGL.DefaultMenu     - createOptionsMenu()
21:09:03.886 [FXGL Background Thread 1 ] DEBUG FXGLAssetLoaderServi - Loading from file system: jar:file:///C:/Users/enric/.m2/repository/com/github/almasb/fxgl/17.3/fxgl-17.3.jar!/fxglassets/textures/particles/smoke.png
21:09:03.959 [FXGL Background Thread 1 ] DEBUG FXGLAssetLoaderServi - Loading from file system: jar:file:///C:/Users/enric/.m2/repository/com/github/almasb/fxgl/17.3/fxgl-17.3.jar!/fxglassets/textures/particles/trace_horizontal.png
21:09:03.980 [FXGL Background Thread 1 ] DEBUG FXGLAssetLoaderServi - Loading from file system: file:/C:/Users/enric/Desktop/robe%20mie/Fermi/triennio/Informatica/Intellij/GiocoClasseQuarta/target/classes/assets/music/musicaMenu.mp3
21:09:04.066 [FXGL Background Thread 1 ] DEBUG FXGL.DefaultMenu     - createMenuBodyGameMenu()
21:09:04.066 [FXGL Background Thread 1 ] DEBUG FXGL.DefaultMenu     - createOptionsMenu()
21:09:04.077 [FXGL Background Thread 1 ] DEBUG GameApplicationServi - Application scenes initialized
21:09:04.086 [FXGL Background Thread 1 ] DEBUG SystemBundleService  - Loading FXGL system data
21:09:04.089 [FXGL Background Thread 1 ] DEBUG FileSystemAccess     - Reading from: C:\Users\enric\Desktop\robe mie\Fermi\triennio\Informatica\Intellij\GiocoClasseQuarta\system\fxgl.bundle
21:09:04.095 [FXGL Background Thread 1 ] DEBUG SystemBundleService  - Bundle FXGL: {}
21:09:04.095 [FXGL Background Thread 1 ] DEBUG UpdaterService       - Checking for updates
21:09:04.098 [FXGL Background Thread 4 ] DEBUG FXGLApplication      - Loading fonts
21:09:04.099 [FXGL Background Thread 4 ] DEBUG FXGLAssetLoaderServi - Loading from file system: jar:file:///C:/Users/enric/.m2/repository/com/github/almasb/fxgl/17.3/fxgl-17.3.jar!/fxglassets/ui/fonts/VarelaRound-Regular.ttf
21:09:04.099 [FXGL Background Thread 1 ] DEBUG FXGLApplication      - Loading default localization
21:09:04.099 [FXGL Background Thread 1 ] DEBUG FXGLAssetLoaderServi - Loading from file system: jar:file:///C:/Users/enric/.m2/repository/com/github/almasb/fxgl/17.3/fxgl-17.3.jar!/fxglassets/languages/english.lang
21:09:04.118 [FXGL Background Thread 1 ] INFO  FXGLApplication      - FXGL initialization took: 0,462 sec
21:09:04.126 [JavaFX Application Thread] DEBUG Input                - Registered new binding: Move Right - D
21:09:04.126 [JavaFX Application Thread] DEBUG Input                - Registered new binding: Move Left - A
21:09:04.126 [JavaFX Application Thread] DEBUG Input                - Registered new binding: Move Up - W
21:09:04.126 [JavaFX Application Thread] DEBUG Input                - Registered new binding: Move Down - S
21:09:04.127 [JavaFX Application Thread] DEBUG FXGLAssetLoaderServi - Loading from file system: jar:file:///C:/Users/enric/.m2/repository/com/github/almasb/fxgl/17.3/fxgl-17.3.jar!/fxglassets/textures/fxgl_icon.png
21:09:04.132 [FXGL Background Thread 4 ] DEBUG FXGLAssetLoaderServi - Loading from file system: jar:file:///C:/Users/enric/.m2/repository/com/github/almasb/fxgl/17.3/fxgl-17.3.jar!/fxglassets/ui/fonts/Abel-Regular.ttf
21:09:04.139 [FXGL Background Thread 4 ] DEBUG FXGLAssetLoaderServi - Loading from file system: jar:file:///C:/Users/enric/.m2/repository/com/github/almasb/fxgl/17.3/fxgl-17.3.jar!/fxglassets/ui/fonts/TerminalLandMono-Regular.otf
21:09:04.146 [FXGL Background Thread 4 ] DEBUG FXGLAssetLoaderServi - Loading from file system: jar:file:///C:/Users/enric/.m2/repository/com/github/almasb/fxgl/17.3/fxgl-17.3.jar!/fxglassets/ui/fonts/Courier-Prime.ttf
21:09:04.147 [JavaFX Application Thread] DEBUG FXGLAssetLoaderServi - Loading from file system: jar:file:///C:/Users/enric/.m2/repository/com/github/almasb/fxgl/17.3/fxgl-17.3.jar!/fxglassets/textures/fxgl_default_cursor.png
21:09:04.150 [JavaFX Application Thread] DEBUG Input                - Registered new binding: Screenshot - CTRL+8
21:09:04.151 [JavaFX Application Thread] DEBUG Input                - Registered new binding: System info dump - CTRL+9
21:09:04.152 [JavaFX Application Thread] DEBUG Input                - Registered new binding: Restart - CTRL+R
21:09:04.152 [JavaFX Application Thread] DEBUG Input                - Registered new binding: Toggle Debug Camera - CTRL+7
21:09:04.154 [JavaFX Application Thread] DEBUG LoopRunner           - Starting loop
21:09:04.154 [JavaFX Application Thread] DEBUG LoopRunner           - Initializing JavaFX AnimationTimerLoop
21:09:04.156 [JavaFX Application Thread] DEBUG Input                - Clearing active input actions
21:09:04.164 [JavaFX Application Thread] DEBUG GameApplicationServi - Removing overlay from FXGLStartupScene and adding to FXGLMainMenuDummyScene
21:09:04.165 [JavaFX Application Thread] DEBUG PrimaryStageWindow   - FXGLStartupScene -> FXGLMainMenuDummyScene
21:09:04.165 [JavaFX Application Thread] DEBUG PrimaryStageWindow   - Push state: MainMenu
21:09:04.174 [JavaFX Application Thread] DEBUG AudioPlayer          - Playing music com.almasb.fxgl.audio.Music@56fe1b37
21:09:04.175 [JavaFX Application Thread] DEBUG Input                - Clearing active input actions
21:09:04.184 [JavaFX Application Thread] DEBUG GameApplicationServi - Removing overlay from FXGLMainMenuDummyScene and adding to MainMenu
21:09:04.185 [JavaFX Application Thread] DEBUG PrimaryStageWindow   - FXGLMainMenuDummyScene -> MainMenu
21:09:04.186 [JavaFX Application Thread] DEBUG FXGLApplication      - Registering font factories with UI factory
21:09:04.521 [FXGL Background Thread 2 ] INFO  UpdaterService       - Your current version:  17.3
21:09:04.521 [FXGL Background Thread 2 ] INFO  UpdaterService       - Latest stable version: 21.1
21:09:07.099 [FXGL Background Thread 3 ] DEBUG Engine               - Logging environment variables
21:09:07.099 [FXGL Background Thread 3 ] DEBUG Engine               - achievements: []
21:09:07.099 [FXGL Background Thread 3 ] DEBUG Engine               - actualHeight: 720.0
21:09:07.099 [FXGL Background Thread 3 ] DEBUG Engine               - actualHeightProperty: ReadOnlyDoubleProperty [value: 720.0]
21:09:07.099 [FXGL Background Thread 3 ] DEBUG Engine               - actualWidth: 1000.0
21:09:07.099 [FXGL Background Thread 3 ] DEBUG Engine               - actualWidthProperty: ReadOnlyDoubleProperty [value: 1000.0]
21:09:07.099 [FXGL Background Thread 3 ] DEBUG Engine               - appIcon: fxgl_icon.png
21:09:07.099 [FXGL Background Thread 3 ] DEBUG Engine               - applicationMode: DEVELOPER
21:09:07.099 [FXGL Background Thread 3 ] DEBUG Engine               - cSSList: [fxgl_dark.css]
21:09:07.099 [FXGL Background Thread 3 ] DEBUG Engine               - collisionDetectionStrategy: BRUTE_FORCE
21:09:07.099 [FXGL Background Thread 3 ] DEBUG Engine               - configClass: Optional.empty
21:09:07.100 [FXGL Background Thread 3 ] DEBUG Engine               - credits: []
21:09:07.100 [FXGL Background Thread 3 ] DEBUG Engine               - defaultCursor: CursorInfo(imageName=fxgl_default_cursor.png, hotspotX=7.0, hotspotY=6.0)
21:09:07.100 [FXGL Background Thread 3 ] DEBUG Engine               - devBBoxColorProperty: ObjectProperty [value: 0xff0000ff]
21:09:07.100 [FXGL Background Thread 3 ] DEBUG Engine               - devEnableDebugCameraProperty: BooleanProperty [value: false]
21:09:07.100 [FXGL Background Thread 3 ] DEBUG Engine               - devSensorColorProperty: ObjectProperty [value: 0xffff00ff]
21:09:07.100 [FXGL Background Thread 3 ] DEBUG Engine               - devShowBBoxProperty: BooleanProperty [value: false]
21:09:07.100 [FXGL Background Thread 3 ] DEBUG Engine               - devShowPositionProperty: BooleanProperty [value: false]
21:09:07.100 [FXGL Background Thread 3 ] DEBUG Engine               - enabledMenuItems: []
21:09:07.100 [FXGL Background Thread 3 ] DEBUG Engine               - engineServices: [class com.almasb.fxgl.app.services.FXGLAssetLoaderService, class com.almasb.fxgl.app.FXGLApplication$GameApplicationService, class com.almasb.fxgl.app.services.FXGLDialogService, class com.almasb.fxgl.app.services.IOTaskExecutorService, class com.almasb.fxgl.io.FileSystemService, class com.almasb.fxgl.localization.LocalizationService, class com.almasb.fxgl.app.services.SystemBundleService, class com.almasb.fxgl.profile.SaveLoadService, class com.almasb.fxgl.ui.FXGLUIFactoryServiceProvider, class com.almasb.fxgl.ui.FXGLDialogFactoryServiceProvider, class com.almasb.fxgl.audio.AudioPlayer, class com.almasb.fxgl.notification.impl.NotificationServiceProvider, class com.almasb.fxgl.achievement.AchievementService, class com.almasb.fxgl.cutscene.CutsceneService, class com.almasb.fxgl.minigames.MiniGameService, class com.almasb.fxgl.net.NetService, class com.almasb.fxgl.app.services.UpdaterService, class com.almasb.fxgl.dev.DevService]
21:09:07.100 [FXGL Background Thread 3 ] DEBUG Engine               - fontGame: Abel-Regular.ttf
21:09:07.100 [FXGL Background Thread 3 ] DEBUG Engine               - fontMono: TerminalLandMono-Regular.otf
21:09:07.100 [FXGL Background Thread 3 ] DEBUG Engine               - fontSizeScaleUI: 1.0
21:09:07.100 [FXGL Background Thread 3 ] DEBUG Engine               - fontText: Courier-Prime.ttf
21:09:07.100 [FXGL Background Thread 3 ] DEBUG Engine               - fontUI: VarelaRound-Regular.ttf
21:09:07.100 [FXGL Background Thread 3 ] DEBUG Engine               - fullScreen: BooleanProperty [value: false]
21:09:07.101 [FXGL Background Thread 3 ] DEBUG Engine               - gameDifficulty: MEDIUM
21:09:07.101 [FXGL Background Thread 3 ] DEBUG Engine               - gameDifficultyProperty: ObjectProperty [value: MEDIUM]
21:09:07.101 [FXGL Background Thread 3 ] DEBUG Engine               - globalMusicVolume: 0.5
21:09:07.101 [FXGL Background Thread 3 ] DEBUG Engine               - globalMusicVolumeProperty: DoubleProperty [value: 0.5]
21:09:07.101 [FXGL Background Thread 3 ] DEBUG Engine               - globalSoundVolume: 0.5
21:09:07.101 [FXGL Background Thread 3 ] DEBUG Engine               - globalSoundVolumeProperty: DoubleProperty [value: 0.5]
21:09:07.101 [FXGL Background Thread 3 ] DEBUG Engine               - height: 720
21:09:07.101 [FXGL Background Thread 3 ] DEBUG Engine               - is3D: false
21:09:07.101 [FXGL Background Thread 3 ] DEBUG Engine               - isAndroid: false
21:09:07.101 [FXGL Background Thread 3 ] DEBUG Engine               - isBrowser: false
21:09:07.101 [FXGL Background Thread 3 ] DEBUG Engine               - isClickFeedbackEnabled: false
21:09:07.101 [FXGL Background Thread 3 ] DEBUG Engine               - isCloseConfirmation: false
21:09:07.101 [FXGL Background Thread 3 ] DEBUG Engine               - isDesktop: true
21:09:07.101 [FXGL Background Thread 3 ] DEBUG Engine               - isDeveloperMenuEnabled: false
21:09:07.101 [FXGL Background Thread 3 ] DEBUG Engine               - isEmbedded: false
21:09:07.101 [FXGL Background Thread 3 ] DEBUG Engine               - isEntityPreloadEnabled: true
21:09:07.101 [FXGL Background Thread 3 ] DEBUG Engine               - isExperimentalTiledLargeMap: false
21:09:07.101 [FXGL Background Thread 3 ] DEBUG Engine               - isFileSystemWriteAllowed: true
21:09:07.101 [FXGL Background Thread 3 ] DEBUG Engine               - isFullScreenAllowed: false
21:09:07.101 [FXGL Background Thread 3 ] DEBUG Engine               - isFullScreenFromStart: false
21:09:07.102 [FXGL Background Thread 3 ] DEBUG Engine               - isGameMenuEnabled: true
21:09:07.102 [FXGL Background Thread 3 ] DEBUG Engine               - isIOS: false
21:09:07.102 [FXGL Background Thread 3 ] DEBUG Engine               - isIntroEnabled: false
21:09:07.102 [FXGL Background Thread 3 ] DEBUG Engine               - isLinux: false
21:09:07.102 [FXGL Background Thread 3 ] DEBUG Engine               - isMac: false
21:09:07.102 [FXGL Background Thread 3 ] DEBUG Engine               - isMainMenuEnabled: true
21:09:07.102 [FXGL Background Thread 3 ] DEBUG Engine               - isManualResizeEnabled: false
21:09:07.102 [FXGL Background Thread 3 ] DEBUG Engine               - isMobile: false
21:09:07.102 [FXGL Background Thread 3 ] DEBUG Engine               - isNative: false
21:09:07.102 [FXGL Background Thread 3 ] DEBUG Engine               - isPauseMusicWhenMinimized: true
21:09:07.102 [FXGL Background Thread 3 ] DEBUG Engine               - isPreserveResizeRatio: false
21:09:07.102 [FXGL Background Thread 3 ] DEBUG Engine               - isProfilingEnabled: false
21:09:07.102 [FXGL Background Thread 3 ] DEBUG Engine               - isScaleAffectedOnResize: true
21:09:07.102 [FXGL Background Thread 3 ] DEBUG Engine               - isSingleStep: false
21:09:07.102 [FXGL Background Thread 3 ] DEBUG Engine               - isUserProfileEnabled: false
21:09:07.102 [FXGL Background Thread 3 ] DEBUG Engine               - isWindows: true
21:09:07.102 [FXGL Background Thread 3 ] DEBUG Engine               - language: ObjectProperty [value: ENGLISH]
21:09:07.102 [FXGL Background Thread 3 ] DEBUG Engine               - menuKey: ESCAPE
21:09:07.102 [FXGL Background Thread 3 ] DEBUG Engine               - mouseSensitivity: 0.2
21:09:07.102 [FXGL Background Thread 3 ] DEBUG Engine               - notificationViewClass: class com.almasb.fxgl.notification.view.XboxNotificationView
21:09:07.102 [FXGL Background Thread 3 ] DEBUG Engine               - pixelsPerMeter: 50.0
21:09:07.102 [FXGL Background Thread 3 ] DEBUG Engine               - platform: WINDOWS
21:09:07.102 [FXGL Background Thread 3 ] DEBUG Engine               - prefHeightProperty: ReadOnlyDoubleProperty [value: 720.0]
21:09:07.102 [FXGL Background Thread 3 ] DEBUG Engine               - prefWidthProperty: ReadOnlyDoubleProperty [value: 1000.0]
21:09:07.102 [FXGL Background Thread 3 ] DEBUG Engine               - profileDir: profiles/
21:09:07.102 [FXGL Background Thread 3 ] DEBUG Engine               - profileName: StringProperty [value: DEFAULT]
21:09:07.102 [FXGL Background Thread 3 ] DEBUG Engine               - randomSeed: -1
21:09:07.102 [FXGL Background Thread 3 ] DEBUG Engine               - runtimeInfo: RuntimeInfo(platform=WINDOWS, version=17.3, build=30.03.2023 11.49)
21:09:07.103 [FXGL Background Thread 3 ] DEBUG Engine               - saveFileExt: sav
21:09:07.103 [FXGL Background Thread 3 ] DEBUG Engine               - scaledHeightProp$fxgl: DoubleProperty [bound, value: 720.0]
21:09:07.103 [FXGL Background Thread 3 ] DEBUG Engine               - scaledWidthProp$fxgl: DoubleProperty [bound, value: 1000.0]
21:09:07.103 [FXGL Background Thread 3 ] DEBUG Engine               - sceneFactory: com.game.pokemon.FabbricaScene@470dce5e
21:09:07.103 [FXGL Background Thread 3 ] DEBUG Engine               - secondsIn24h: 60
21:09:07.103 [FXGL Background Thread 3 ] DEBUG Engine               - soundMenuBack: menu/back.wav
21:09:07.103 [FXGL Background Thread 3 ] DEBUG Engine               - soundMenuPress: menu/press.wav
21:09:07.103 [FXGL Background Thread 3 ] DEBUG Engine               - soundMenuSelect: menu/select.wav
21:09:07.103 [FXGL Background Thread 3 ] DEBUG Engine               - soundNotification: core/notification.wav
21:09:07.103 [FXGL Background Thread 3 ] DEBUG Engine               - stageStyle: DECORATED
21:09:07.103 [FXGL Background Thread 3 ] DEBUG Engine               - supportedLanguages: [ENGLISH, FRENCH, GERMAN, HUNGARIAN, RUSSIAN]
21:09:07.103 [FXGL Background Thread 3 ] DEBUG Engine               - ticksPerSecond: -1
21:09:07.103 [FXGL Background Thread 3 ] DEBUG Engine               - title: Pokemon boh
21:09:07.103 [FXGL Background Thread 3 ] DEBUG Engine               - urlGithub: https://github.com/AlmasB/FXGL
21:09:07.103 [FXGL Background Thread 3 ] DEBUG Engine               - urlLeaderboard: http://fxgl-top.herokuapp.com/
21:09:07.103 [FXGL Background Thread 3 ] DEBUG Engine               - urlPOM: https://raw.githubusercontent.com/AlmasB/FXGL/release/README.md
21:09:07.103 [FXGL Background Thread 3 ] DEBUG Engine               - userAppClass: class com.game.pokemon.PokemonApplication
21:09:07.104 [FXGL Background Thread 3 ] DEBUG Engine               - version: 0.1
21:09:07.104 [FXGL Background Thread 3 ] DEBUG Engine               - versionCheckDays: 7
21:09:07.104 [FXGL Background Thread 3 ] DEBUG Engine               - width: 1000
21:09:07.104 [FXGL Background Thread 3 ] DEBUG Engine               - Logging services
21:09:07.104 [FXGL Background Thread 3 ] DEBUG Engine               - class com.almasb.fxgl.app.services.FXGLAssetLoaderService
21:09:07.104 [FXGL Background Thread 3 ] DEBUG Engine               - class com.almasb.fxgl.app.FXGLApplication$GameApplicationService
21:09:07.104 [FXGL Background Thread 3 ] DEBUG Engine               - class com.almasb.fxgl.app.services.FXGLDialogService
21:09:07.104 [FXGL Background Thread 3 ] DEBUG Engine               - class com.almasb.fxgl.app.services.IOTaskExecutorService
21:09:07.104 [FXGL Background Thread 3 ] DEBUG Engine               - class com.almasb.fxgl.io.FileSystemService
21:09:07.104 [FXGL Background Thread 3 ] DEBUG Engine               - class com.almasb.fxgl.localization.LocalizationService
21:09:07.104 [FXGL Background Thread 3 ] DEBUG Engine               - class com.almasb.fxgl.app.services.SystemBundleService
21:09:07.104 [FXGL Background Thread 3 ] DEBUG Engine               - class com.almasb.fxgl.profile.SaveLoadService
21:09:07.104 [FXGL Background Thread 3 ] DEBUG Engine               - class com.almasb.fxgl.ui.FXGLUIFactoryServiceProvider
21:09:07.104 [FXGL Background Thread 3 ] DEBUG Engine               - class com.almasb.fxgl.ui.FXGLDialogFactoryServiceProvider
21:09:07.104 [FXGL Background Thread 3 ] DEBUG Engine               - class com.almasb.fxgl.audio.AudioPlayer
21:09:07.104 [FXGL Background Thread 3 ] DEBUG Engine               - class com.almasb.fxgl.notification.impl.NotificationServiceProvider
21:09:07.104 [FXGL Background Thread 3 ] DEBUG Engine               - class com.almasb.fxgl.achievement.AchievementService
21:09:07.104 [FXGL Background Thread 3 ] DEBUG Engine               - class com.almasb.fxgl.cutscene.CutsceneService
21:09:07.104 [FXGL Background Thread 3 ] DEBUG Engine               - class com.almasb.fxgl.minigames.MiniGameService
21:09:07.104 [FXGL Background Thread 3 ] DEBUG Engine               - class com.almasb.fxgl.net.NetService
21:09:07.104 [FXGL Background Thread 3 ] DEBUG Engine               - class com.almasb.fxgl.app.services.UpdaterService
21:09:07.105 [FXGL Background Thread 3 ] DEBUG Engine               - class com.almasb.fxgl.dev.DevService
21:09:19.655 [JavaFX Application Thread] DEBUG Menu                 - fireNewGame()
21:09:19.655 [JavaFX Application Thread] DEBUG GameApplicationServi - Starting new game
21:09:19.655 [JavaFX Application Thread] DEBUG AudioPlayer          - Stopping music com.almasb.fxgl.audio.Music@56fe1b37
21:09:19.661 [JavaFX Application Thread] DEBUG PrimaryStageWindow   - Pop state: MainMenu
21:09:19.661 [JavaFX Application Thread] DEBUG Input                - Clearing active input actions
21:09:19.662 [JavaFX Application Thread] DEBUG GameApplicationServi - Removing overlay from MainMenu and adding to FXGLMainMenuDummyScene
21:09:19.662 [JavaFX Application Thread] DEBUG PrimaryStageWindow   - FXGLMainMenuDummyScene <- MainMenu
21:09:19.662 [JavaFX Application Thread] DEBUG Input                - Clearing active input actions
21:09:19.669 [JavaFX Application Thread] DEBUG GameApplicationServi - Removing overlay from FXGLMainMenuDummyScene and adding to FXGLLoadingScene
21:09:19.669 [JavaFX Application Thread] DEBUG PrimaryStageWindow   - FXGLMainMenuDummyScene -> FXGLLoadingScene
21:09:19.669 [JavaFX Application Thread] DEBUG GameApplicationServi - Clearing previous game
21:09:19.669 [JavaFX Application Thread] DEBUG GameScene            - Clearing game scene
21:09:19.669 [JavaFX Application Thread] DEBUG GameWorld            - Clearing game world
21:09:19.669 [JavaFX Application Thread] DEBUG PhysicsWorld         - Clearing physics world
21:09:19.673 [FXGL Background Thread 2 ] DEBUG FXGLApplication      - Initializing game
21:09:19.725 [FXGL Background Thread 2 ] WARN  TMXLevelLoader       - TiledMap generated from 1.10.2. Supported version: 1.9.0. Some features may not be parsed fully.
21:09:19.759 [FXGL Background Thread 2 ] DEBUG TMXLevelLoader       - Parsed TiledMap: file:/C:/Users/enric/Desktop/robe%20mie/Fermi/triennio/Informatica/Intellij/GiocoClasseQuarta/target/classes/assets/levels/livello.tmx
21:09:19.759 [FXGL Background Thread 2 ] DEBUG TMXLevelLoader       - Creating tile layer entities
21:09:19.761 [FXGL Background Thread 2 ] DEBUG TilesetLoader        - Loading view for layer ground
21:09:19.768 [FXGL Background Thread 2 ] DEBUG TilesetLoader        - Created buffer with size 3200.0x3200.0
21:09:19.823 [FXGL Background Thread 2 ] DEBUG TMXLevelLoader       - Creating object layer entities
21:09:19.835 [FXGL Background Thread 2 ] DEBUG GameWorld            - Clearing removable entities
21:09:19.835 [FXGL Background Thread 2 ] DEBUG GameWorld            - Setting level: com.almasb.fxgl.entity.level.Level@3dcbd94a
21:09:19.843 [FXGL Background Thread 2 ] DEBUG FXGLAssetLoaderServi - Loading from file system: file:/C:/Users/enric/Desktop/robe%20mie/Fermi/triennio/Informatica/Intellij/GiocoClasseQuarta/target/classes/assets/textures/matteolongobardi.png
21:09:19.846 [FXGL Background Thread 2 ] DEBUG FXGLAssetLoaderServi - Loading from file system: file:/C:/Users/enric/Desktop/robe%20mie/Fermi/triennio/Informatica/Intellij/GiocoClasseQuarta/target/classes/assets/textures/corsalaterale/corsalaterale1.png
21:09:19.847 [FXGL Background Thread 2 ] DEBUG FXGLAssetLoaderServi - Loading from file system: file:/C:/Users/enric/Desktop/robe%20mie/Fermi/triennio/Informatica/Intellij/GiocoClasseQuarta/target/classes/assets/textures/corsalaterale/corsalaterale2.png
21:09:19.847 [FXGL Background Thread 2 ] DEBUG FXGLAssetLoaderServi - Loading from file system: file:/C:/Users/enric/Desktop/robe%20mie/Fermi/triennio/Informatica/Intellij/GiocoClasseQuarta/target/classes/assets/textures/corsalaterale/corsalaterale3.png
21:09:19.848 [FXGL Background Thread 2 ] DEBUG FXGLAssetLoaderServi - Loading from file system: file:/C:/Users/enric/Desktop/robe%20mie/Fermi/triennio/Informatica/Intellij/GiocoClasseQuarta/target/classes/assets/textures/corsalaterale/corsalaterale4.png
21:09:19.848 [FXGL Background Thread 2 ] DEBUG FXGLAssetLoaderServi - Loading from file system: file:/C:/Users/enric/Desktop/robe%20mie/Fermi/triennio/Informatica/Intellij/GiocoClasseQuarta/target/classes/assets/textures/corsalaterale/corsalaterale5.png
21:09:19.850 [FXGL Background Thread 2 ] DEBUG FXGLAssetLoaderServi - Loading from file system: file:/C:/Users/enric/Desktop/robe%20mie/Fermi/triennio/Informatica/Intellij/GiocoClasseQuarta/target/classes/assets/textures/corsalaterale/corsalaterale6.png
21:09:19.851 [FXGL Background Thread 2 ] DEBUG FXGLAssetLoaderServi - Loading from file system: file:/C:/Users/enric/Desktop/robe%20mie/Fermi/triennio/Informatica/Intellij/GiocoClasseQuarta/target/classes/assets/textures/corsasu/corsasu1.png
21:09:19.851 [FXGL Background Thread 2 ] DEBUG FXGLAssetLoaderServi - Loading from file system: file:/C:/Users/enric/Desktop/robe%20mie/Fermi/triennio/Informatica/Intellij/GiocoClasseQuarta/target/classes/assets/textures/corsasu/corsasu2.png
21:09:19.852 [FXGL Background Thread 2 ] DEBUG FXGLAssetLoaderServi - Loading from file system: file:/C:/Users/enric/Desktop/robe%20mie/Fermi/triennio/Informatica/Intellij/GiocoClasseQuarta/target/classes/assets/textures/corsasu/corsasu3.png
21:09:19.852 [FXGL Background Thread 2 ] DEBUG FXGLAssetLoaderServi - Loading from file system: file:/C:/Users/enric/Desktop/robe%20mie/Fermi/triennio/Informatica/Intellij/GiocoClasseQuarta/target/classes/assets/textures/corsasu/corsasu4.png
21:09:19.852 [FXGL Background Thread 2 ] DEBUG FXGLAssetLoaderServi - Loading from file system: file:/C:/Users/enric/Desktop/robe%20mie/Fermi/triennio/Informatica/Intellij/GiocoClasseQuarta/target/classes/assets/textures/corsasu/corsasu5.png
21:09:19.853 [FXGL Background Thread 2 ] DEBUG FXGLAssetLoaderServi - Loading from file system: file:/C:/Users/enric/Desktop/robe%20mie/Fermi/triennio/Informatica/Intellij/GiocoClasseQuarta/target/classes/assets/textures/corsasu/corsasu6.png
21:09:19.853 [FXGL Background Thread 2 ] DEBUG FXGLAssetLoaderServi - Loading from file system: file:/C:/Users/enric/Desktop/robe%20mie/Fermi/triennio/Informatica/Intellij/GiocoClasseQuarta/target/classes/assets/textures/corsagiu/corsagiu1.png
21:09:19.854 [FXGL Background Thread 2 ] DEBUG FXGLAssetLoaderServi - Loading from file system: file:/C:/Users/enric/Desktop/robe%20mie/Fermi/triennio/Informatica/Intellij/GiocoClasseQuarta/target/classes/assets/textures/corsagiu/corsagiu2.png
21:09:19.855 [FXGL Background Thread 2 ] DEBUG FXGLAssetLoaderServi - Loading from file system: file:/C:/Users/enric/Desktop/robe%20mie/Fermi/triennio/Informatica/Intellij/GiocoClasseQuarta/target/classes/assets/textures/corsagiu/corsagiu3.png
21:09:19.856 [FXGL Background Thread 2 ] DEBUG FXGLAssetLoaderServi - Loading from file system: file:/C:/Users/enric/Desktop/robe%20mie/Fermi/triennio/Informatica/Intellij/GiocoClasseQuarta/target/classes/assets/textures/corsagiu/corsagiu4.png
21:09:19.856 [FXGL Background Thread 2 ] DEBUG FXGLAssetLoaderServi - Loading from file system: file:/C:/Users/enric/Desktop/robe%20mie/Fermi/triennio/Informatica/Intellij/GiocoClasseQuarta/target/classes/assets/textures/corsagiu/corsagiu5.png
21:09:19.857 [FXGL Background Thread 2 ] DEBUG FXGLAssetLoaderServi - Loading from file system: file:/C:/Users/enric/Desktop/robe%20mie/Fermi/triennio/Informatica/Intellij/GiocoClasseQuarta/target/classes/assets/textures/corsagiu/corsagiu6.png
21:09:19.859 [FXGL Background Thread 2 ] DEBUG FXGLAssetLoaderServi - Loading from file system: file:/C:/Users/enric/Desktop/robe%20mie/Fermi/triennio/Informatica/Intellij/GiocoClasseQuarta/target/classes/assets/music/musicaSottofondo.mp3
21:09:19.862 [FXGL Background Thread 2 ] DEBUG AudioPlayer          - Playing music com.almasb.fxgl.audio.Music@58c085c0
21:09:19.862 [FXGL Background Thread 2 ] INFO  FXGLApplication      - Game initialization took: 0,189 sec
21:09:19.863 [JavaFX Application Thread] DEBUG Input                - Clearing active input actions
21:09:19.869 [JavaFX Application Thread] DEBUG GameApplicationServi - Removing overlay from FXGLLoadingScene and adding to GameScene
21:09:19.870 [JavaFX Application Thread] DEBUG PrimaryStageWindow   - FXGLLoadingScene -> GameScene
21:10:12.458 [JavaFX Application Thread] DEBUG FXGLApplication      - Exiting FXGL
21:10:12.459 [JavaFX Application Thread] DEBUG LoopRunner           - Stopping loop
21:10:12.459 [JavaFX Application Thread] DEBUG SystemBundleService  - Saving FXGL system data
21:10:12.466 [JavaFX Application Thread] DEBUG FileSystemAccess     - Writing to: C:\Users\enric\Desktop\robe mie\Fermi\triennio\Informatica\Intellij\GiocoClasseQuarta\system\fxgl.bundle
21:10:12.470 [JavaFX Application Thread] DEBUG Async                - Shutting down background threads
21:10:12.470 [JavaFX Application Thread] DEBUG PrimaryStageWindow   - Closing main window
21:10:12.497 [JavaFX Application Thread] DEBUG Logger               - Closing Logger
