12:02:03.524 [main                     ] DEBUG Logger               - Configured Logger
12:02:03.546 [main                     ] DEBUG GameApplication      - Logging settings
Title: Megaman
Version: 0.1
Width: 1536
Height: 864
Fullscreen: true
Intro: false
Profiling: false
Single step:false
App Mode: DEVELOPER
Menu Key: ESCAPE
Stage Style: DECORATED
Scene Factory: class com.almasb.fxgl.app.scene.SceneFactory

12:02:03.824 [JavaFX Application Thread] DEBUG FXGLApplication      - Initializing FXGL
12:02:03.832 [JavaFX Application Thread] INFO  Engine               - FXGL-17.3 (30.03.2023 11.49) on WINDOWS (J:22.0.1 FX:22-ea)
12:02:03.833 [JavaFX Application Thread] DEBUG Engine               - JRE Vendor Name: Oracle Corporation
12:02:03.833 [JavaFX Application Thread] DEBUG Engine               - Running on OS: Windows 11 version 10.0
12:02:03.833 [JavaFX Application Thread] DEBUG Engine               - Architecture: amd64
12:02:03.833 [JavaFX Application Thread] INFO  Engine               - Source code and latest versions at: https://github.com/AlmasB/FXGL
12:02:03.833 [JavaFX Application Thread] INFO  Engine               -       Ask questions and discuss at: https://github.com/AlmasB/FXGL/discussions
12:02:03.833 [JavaFX Application Thread] INFO  Engine               -              Join the FXGL chat at: https://gitter.im/AlmasB/FXGL
12:02:03.909 [JavaFX Application Thread] DEBUG PrimaryStageWindow   - Creating a JavaFX scene
12:02:03.952 [JavaFX Application Thread] DEBUG PrimaryStageWindow   - Target settings size: 1536.0 x 864.0
12:02:03.953 [JavaFX Application Thread] DEBUG PrimaryStageWindow   - Scaled scene size:    1536.0 x 864.0
12:02:03.953 [JavaFX Application Thread] DEBUG PrimaryStageWindow   - Scaled ratio: (1.0, 1.0)
12:02:03.954 [JavaFX Application Thread] DEBUG PrimaryStageWindow   - Set initial scene to FXGLStartupScene
12:02:03.960 [JavaFX Application Thread] DEBUG PrimaryStageWindow   - Opening main window
12:02:04.038 [JavaFX Application Thread] DEBUG PrimaryStageWindow   - Window border size: (14.4000244140625, 37.5999755859375)
12:02:04.038 [JavaFX Application Thread] DEBUG PrimaryStageWindow   - Scaled size: 1536.0 x 864.0
12:02:04.039 [JavaFX Application Thread] DEBUG PrimaryStageWindow   - Scaled ratio: (1.0, 1.0)
12:02:04.039 [JavaFX Application Thread] DEBUG PrimaryStageWindow   - Scene size: 1536.0 x 864.0
12:02:04.039 [JavaFX Application Thread] DEBUG PrimaryStageWindow   - Stage size: 1550.4000244140625 x 901.5999755859375
12:02:04.094 [JavaFX Application Thread] DEBUG PrimaryStageWindow   - Going fullscreen
12:02:04.101 [FXGL Background Thread 1 ] DEBUG Engine               - Initializing environment variables
12:02:04.143 [FXGL Background Thread 1 ] DEBUG FXGLAssetLoaderServi - User app class for loading assets: class com.game.megaman2.MegamanApplication
12:02:04.143 [FXGL Background Thread 1 ] DEBUG GameApplicationServi - Applying CSS: fxgl_dark.css
12:02:04.145 [FXGL Background Thread 1 ] DEBUG FXGLAssetLoaderServi - Loading from file system: jar:file:///C:/Users/enric/.m2/repository/com/github/almasb/fxgl/17.3/fxgl-17.3.jar!/fxglassets/ui/css/fxgl_dark.css
12:02:04.192 [FXGL Background Thread 1 ] DEBUG GameApplicationServi - Initializing application scenes
12:02:04.232 [FXGL Background Thread 1 ] DEBUG GameWorld            - Game world initialized
12:02:04.291 [FXGL Background Thread 1 ] DEBUG PhysicsWorld         - Physics world initialized: appHeight=864, physics.ppm=50,0
12:02:04.292 [FXGL Background Thread 1 ] DEBUG PhysicsWorld         - Using strategy: BRUTE_FORCE
12:02:04.294 [FXGL Background Thread 1 ] DEBUG GameScene            - Game scene initialized: 1536x864
12:02:04.303 [FXGL Background Thread 1 ] DEBUG FXGL.DefaultMenu     - createMenuBodyGameMenu()
12:02:04.314 [FXGL Background Thread 1 ] DEBUG FXGL.DefaultMenu     - createOptionsMenu()
12:02:04.321 [FXGL Background Thread 1 ] DEBUG FXGLAssetLoaderServi - Loading from file system: jar:file:///C:/Users/enric/.m2/repository/com/github/almasb/fxgl/17.3/fxgl-17.3.jar!/fxglassets/textures/particles/smoke.png
12:02:04.408 [FXGL Background Thread 1 ] DEBUG FXGLAssetLoaderServi - Loading from file system: jar:file:///C:/Users/enric/.m2/repository/com/github/almasb/fxgl/17.3/fxgl-17.3.jar!/fxglassets/textures/particles/trace_horizontal.png
12:02:04.436 [FXGL Background Thread 1 ] DEBUG GameApplicationServi - Application scenes initialized
12:02:04.449 [FXGL Background Thread 1 ] DEBUG SystemBundleService  - Loading FXGL system data
12:02:04.454 [FXGL Background Thread 1 ] DEBUG FileSystemAccess     - Reading from: C:\Users\enric\Desktop\robe mie\Fermi\triennio\Informatica\Intellij\GiocoClasseQuarta\system\fxgl.bundle
12:02:04.461 [FXGL Background Thread 1 ] DEBUG SystemBundleService  - Bundle FXGL: {}
12:02:04.461 [FXGL Background Thread 1 ] DEBUG UpdaterService       - Checking for updates
12:02:04.468 [FXGL Background Thread 4 ] DEBUG FXGLApplication      - Loading fonts
12:02:04.468 [FXGL Background Thread 4 ] DEBUG FXGLAssetLoaderServi - Loading from file system: jar:file:///C:/Users/enric/.m2/repository/com/github/almasb/fxgl/17.3/fxgl-17.3.jar!/fxglassets/ui/fonts/VarelaRound-Regular.ttf
12:02:04.469 [FXGL Background Thread 1 ] DEBUG FXGLApplication      - Loading default localization
12:02:04.470 [FXGL Background Thread 1 ] DEBUG FXGLAssetLoaderServi - Loading from file system: jar:file:///C:/Users/enric/.m2/repository/com/github/almasb/fxgl/17.3/fxgl-17.3.jar!/fxglassets/languages/english.lang
12:02:04.492 [FXGL Background Thread 1 ] INFO  FXGLApplication      - FXGL initialization took: 0,391 sec
12:02:04.503 [JavaFX Application Thread] DEBUG Input                - Registered new binding: Move Right - D
12:02:04.503 [JavaFX Application Thread] DEBUG Input                - Registered new binding: Move Left - A
12:02:04.504 [JavaFX Application Thread] DEBUG Input                - Registered new binding: Move Up - W
12:02:04.504 [JavaFX Application Thread] DEBUG Input                - Registered new binding: Move Down - S
12:02:04.505 [JavaFX Application Thread] DEBUG Input                - Registered new binding: action0 - F
12:02:04.505 [JavaFX Application Thread] DEBUG FXGLAssetLoaderServi - Loading from file system: jar:file:///C:/Users/enric/.m2/repository/com/github/almasb/fxgl/17.3/fxgl-17.3.jar!/fxglassets/textures/fxgl_icon.png
12:02:04.508 [FXGL Background Thread 4 ] DEBUG FXGLAssetLoaderServi - Loading from file system: jar:file:///C:/Users/enric/.m2/repository/com/github/almasb/fxgl/17.3/fxgl-17.3.jar!/fxglassets/ui/fonts/Abel-Regular.ttf
12:02:04.518 [FXGL Background Thread 4 ] DEBUG FXGLAssetLoaderServi - Loading from file system: jar:file:///C:/Users/enric/.m2/repository/com/github/almasb/fxgl/17.3/fxgl-17.3.jar!/fxglassets/ui/fonts/TerminalLandMono-Regular.otf
12:02:04.524 [JavaFX Application Thread] DEBUG FXGLAssetLoaderServi - Loading from file system: jar:file:///C:/Users/enric/.m2/repository/com/github/almasb/fxgl/17.3/fxgl-17.3.jar!/fxglassets/textures/fxgl_default_cursor.png
12:02:04.527 [FXGL Background Thread 4 ] DEBUG FXGLAssetLoaderServi - Loading from file system: jar:file:///C:/Users/enric/.m2/repository/com/github/almasb/fxgl/17.3/fxgl-17.3.jar!/fxglassets/ui/fonts/Courier-Prime.ttf
12:02:04.528 [JavaFX Application Thread] DEBUG Input                - Registered new binding: Screenshot - CTRL+8
12:02:04.529 [JavaFX Application Thread] DEBUG Input                - Registered new binding: System info dump - CTRL+9
12:02:04.529 [JavaFX Application Thread] DEBUG Input                - Registered new binding: Restart - CTRL+R
12:02:04.530 [JavaFX Application Thread] DEBUG Input                - Registered new binding: Toggle Debug Camera - CTRL+7
12:02:04.532 [JavaFX Application Thread] DEBUG LoopRunner           - Starting loop
12:02:04.532 [JavaFX Application Thread] DEBUG LoopRunner           - Initializing JavaFX AnimationTimerLoop
12:02:04.534 [JavaFX Application Thread] DEBUG GameApplicationServi - Starting new game
12:02:04.534 [JavaFX Application Thread] DEBUG Input                - Clearing active input actions
12:02:04.554 [JavaFX Application Thread] DEBUG GameApplicationServi - Removing overlay from FXGLStartupScene and adding to FXGLLoadingScene
12:02:04.554 [JavaFX Application Thread] DEBUG PrimaryStageWindow   - FXGLStartupScene -> FXGLLoadingScene
12:02:04.555 [JavaFX Application Thread] DEBUG GameApplicationServi - Clearing previous game
12:02:04.555 [JavaFX Application Thread] DEBUG GameScene            - Clearing game scene
12:02:04.555 [JavaFX Application Thread] DEBUG GameWorld            - Clearing game world
12:02:04.555 [JavaFX Application Thread] DEBUG PhysicsWorld         - Clearing physics world
12:02:04.557 [FXGL Background Thread 4 ] DEBUG FXGLApplication      - Initializing game
12:02:04.559 [FXGL Background Thread 4 ] DEBUG FXGLAssetLoaderServi - Loading from file system: file:/C:/Users/enric/Desktop/robe%20mie/Fermi/triennio/Informatica/Intellij/GiocoClasseQuarta/target/classes/assets/textures/corsa/corsa1.png
12:02:04.561 [FXGL Background Thread 4 ] DEBUG FXGLAssetLoaderServi - Loading from file system: file:/C:/Users/enric/Desktop/robe%20mie/Fermi/triennio/Informatica/Intellij/GiocoClasseQuarta/target/classes/assets/textures/corsa/corsa2.png
12:02:04.561 [FXGL Background Thread 4 ] DEBUG FXGLAssetLoaderServi - Loading from file system: file:/C:/Users/enric/Desktop/robe%20mie/Fermi/triennio/Informatica/Intellij/GiocoClasseQuarta/target/classes/assets/textures/corsa/corsa3.png
12:02:04.563 [FXGL Background Thread 4 ] DEBUG FXGLAssetLoaderServi - Loading from file system: file:/C:/Users/enric/Desktop/robe%20mie/Fermi/triennio/Informatica/Intellij/GiocoClasseQuarta/target/classes/assets/textures/corsa/corsa4.png
12:02:04.564 [FXGL Background Thread 4 ] DEBUG FXGLAssetLoaderServi - Loading from file system: file:/C:/Users/enric/Desktop/robe%20mie/Fermi/triennio/Informatica/Intellij/GiocoClasseQuarta/target/classes/assets/textures/corsa/corsa5.png
12:02:04.564 [FXGL Background Thread 4 ] DEBUG FXGLAssetLoaderServi - Loading from file system: file:/C:/Users/enric/Desktop/robe%20mie/Fermi/triennio/Informatica/Intellij/GiocoClasseQuarta/target/classes/assets/textures/corsa/corsa6.png
12:02:04.565 [FXGL Background Thread 4 ] DEBUG FXGLAssetLoaderServi - Loading from file system: file:/C:/Users/enric/Desktop/robe%20mie/Fermi/triennio/Informatica/Intellij/GiocoClasseQuarta/target/classes/assets/textures/corsa/corsa7.png
12:02:04.566 [FXGL Background Thread 4 ] DEBUG FXGLAssetLoaderServi - Loading from file system: file:/C:/Users/enric/Desktop/robe%20mie/Fermi/triennio/Informatica/Intellij/GiocoClasseQuarta/target/classes/assets/textures/corsa/corsa8.png
12:02:04.567 [FXGL Background Thread 4 ] DEBUG FXGLAssetLoaderServi - Loading from file system: file:/C:/Users/enric/Desktop/robe%20mie/Fermi/triennio/Informatica/Intellij/GiocoClasseQuarta/target/classes/assets/textures/corsa/corsa9.png
12:02:04.568 [FXGL Background Thread 4 ] DEBUG FXGLAssetLoaderServi - Loading from file system: file:/C:/Users/enric/Desktop/robe%20mie/Fermi/triennio/Informatica/Intellij/GiocoClasseQuarta/target/classes/assets/textures/corsa/corsa10.png
12:02:04.568 [FXGL Background Thread 4 ] DEBUG FXGLAssetLoaderServi - Loading from file system: file:/C:/Users/enric/Desktop/robe%20mie/Fermi/triennio/Informatica/Intellij/GiocoClasseQuarta/target/classes/assets/textures/corsa/corsa11.png
12:02:04.572 [FXGL Background Thread 4 ] DEBUG FXGLAssetLoaderServi - Loading from file system: file:/C:/Users/enric/Desktop/robe%20mie/Fermi/triennio/Informatica/Intellij/GiocoClasseQuarta/target/classes/assets/textures/spawn8.png
12:02:04.603 [FXGL Background Thread 4 ] DEBUG FXGLAssetLoaderServi - Loading from file system: file:/C:/Users/enric/Desktop/robe%20mie/Fermi/triennio/Informatica/Intellij/GiocoClasseQuarta/target/classes/assets/textures/sfondo1.jpg
12:02:04.610 [JavaFX Application Thread] DEBUG FXGLApplication      - Registering font factories with UI factory
12:02:04.633 [FXGL Background Thread 4 ] WARN  GameWorld            - Entity is already attached to world
12:02:04.634 [FXGL Background Thread 4 ] INFO  FXGLApplication      - Game initialization took: 0,076 sec
12:02:04.685 [JavaFX Application Thread] DEBUG Input                - Clearing active input actions
12:02:04.696 [JavaFX Application Thread] DEBUG GameApplicationServi - Removing overlay from FXGLLoadingScene and adding to GameScene
12:02:04.697 [JavaFX Application Thread] DEBUG PrimaryStageWindow   - FXGLLoadingScene -> GameScene
12:02:04.922 [FXGL Background Thread 2 ] INFO  UpdaterService       - Your current version:  17.3
12:02:04.922 [FXGL Background Thread 2 ] INFO  UpdaterService       - Latest stable version: 21.1
12:02:07.464 [FXGL Background Thread 3 ] DEBUG Engine               - Logging environment variables
12:02:07.464 [FXGL Background Thread 3 ] DEBUG Engine               - achievements: []
12:02:07.464 [FXGL Background Thread 3 ] DEBUG Engine               - actualHeight: 864.0
12:02:07.464 [FXGL Background Thread 3 ] DEBUG Engine               - actualHeightProperty: ReadOnlyDoubleProperty [value: 864.0]
12:02:07.464 [FXGL Background Thread 3 ] DEBUG Engine               - actualWidth: 1536.0
12:02:07.464 [FXGL Background Thread 3 ] DEBUG Engine               - actualWidthProperty: ReadOnlyDoubleProperty [value: 1536.0]
12:02:07.464 [FXGL Background Thread 3 ] DEBUG Engine               - appIcon: fxgl_icon.png
12:02:07.464 [FXGL Background Thread 3 ] DEBUG Engine               - applicationMode: DEVELOPER
12:02:07.464 [FXGL Background Thread 3 ] DEBUG Engine               - cSSList: [fxgl_dark.css]
12:02:07.464 [FXGL Background Thread 3 ] DEBUG Engine               - collisionDetectionStrategy: BRUTE_FORCE
12:02:07.465 [FXGL Background Thread 3 ] DEBUG Engine               - configClass: Optional.empty
12:02:07.465 [FXGL Background Thread 3 ] DEBUG Engine               - credits: []
12:02:07.465 [FXGL Background Thread 3 ] DEBUG Engine               - defaultCursor: CursorInfo(imageName=fxgl_default_cursor.png, hotspotX=7.0, hotspotY=6.0)
12:02:07.465 [FXGL Background Thread 3 ] DEBUG Engine               - devBBoxColorProperty: ObjectProperty [value: 0xff0000ff]
12:02:07.465 [FXGL Background Thread 3 ] DEBUG Engine               - devEnableDebugCameraProperty: BooleanProperty [value: false]
12:02:07.465 [FXGL Background Thread 3 ] DEBUG Engine               - devSensorColorProperty: ObjectProperty [value: 0xffff00ff]
12:02:07.465 [FXGL Background Thread 3 ] DEBUG Engine               - devShowBBoxProperty: BooleanProperty [value: false]
12:02:07.465 [FXGL Background Thread 3 ] DEBUG Engine               - devShowPositionProperty: BooleanProperty [value: false]
12:02:07.465 [FXGL Background Thread 3 ] DEBUG Engine               - enabledMenuItems: []
12:02:07.465 [FXGL Background Thread 3 ] DEBUG Engine               - engineServices: [class com.almasb.fxgl.app.services.FXGLAssetLoaderService, class com.almasb.fxgl.app.FXGLApplication$GameApplicationService, class com.almasb.fxgl.app.services.FXGLDialogService, class com.almasb.fxgl.app.services.IOTaskExecutorService, class com.almasb.fxgl.io.FileSystemService, class com.almasb.fxgl.localization.LocalizationService, class com.almasb.fxgl.app.services.SystemBundleService, class com.almasb.fxgl.profile.SaveLoadService, class com.almasb.fxgl.ui.FXGLUIFactoryServiceProvider, class com.almasb.fxgl.ui.FXGLDialogFactoryServiceProvider, class com.almasb.fxgl.audio.AudioPlayer, class com.almasb.fxgl.notification.impl.NotificationServiceProvider, class com.almasb.fxgl.achievement.AchievementService, class com.almasb.fxgl.cutscene.CutsceneService, class com.almasb.fxgl.minigames.MiniGameService, class com.almasb.fxgl.net.NetService, class com.almasb.fxgl.app.services.UpdaterService, class com.almasb.fxgl.dev.DevService]
12:02:07.465 [FXGL Background Thread 3 ] DEBUG Engine               - fontGame: Abel-Regular.ttf
12:02:07.465 [FXGL Background Thread 3 ] DEBUG Engine               - fontMono: TerminalLandMono-Regular.otf
12:02:07.465 [FXGL Background Thread 3 ] DEBUG Engine               - fontSizeScaleUI: 1.0
12:02:07.465 [FXGL Background Thread 3 ] DEBUG Engine               - fontText: Courier-Prime.ttf
12:02:07.465 [FXGL Background Thread 3 ] DEBUG Engine               - fontUI: VarelaRound-Regular.ttf
12:02:07.465 [FXGL Background Thread 3 ] DEBUG Engine               - fullScreen: BooleanProperty [value: true]
12:02:07.466 [FXGL Background Thread 3 ] DEBUG Engine               - gameDifficulty: MEDIUM
12:02:07.466 [FXGL Background Thread 3 ] DEBUG Engine               - gameDifficultyProperty: ObjectProperty [value: MEDIUM]
12:02:07.466 [FXGL Background Thread 3 ] DEBUG Engine               - globalMusicVolume: 0.5
12:02:07.466 [FXGL Background Thread 3 ] DEBUG Engine               - globalMusicVolumeProperty: DoubleProperty [value: 0.5]
12:02:07.466 [FXGL Background Thread 3 ] DEBUG Engine               - globalSoundVolume: 0.5
12:02:07.466 [FXGL Background Thread 3 ] DEBUG Engine               - globalSoundVolumeProperty: DoubleProperty [value: 0.5]
12:02:07.466 [FXGL Background Thread 3 ] DEBUG Engine               - height: 864
12:02:07.466 [FXGL Background Thread 3 ] DEBUG Engine               - is3D: false
12:02:07.466 [FXGL Background Thread 3 ] DEBUG Engine               - isAndroid: false
12:02:07.466 [FXGL Background Thread 3 ] DEBUG Engine               - isBrowser: false
12:02:07.466 [FXGL Background Thread 3 ] DEBUG Engine               - isClickFeedbackEnabled: false
12:02:07.466 [FXGL Background Thread 3 ] DEBUG Engine               - isCloseConfirmation: false
12:02:07.466 [FXGL Background Thread 3 ] DEBUG Engine               - isDesktop: true
12:02:07.466 [FXGL Background Thread 3 ] DEBUG Engine               - isDeveloperMenuEnabled: false
12:02:07.466 [FXGL Background Thread 3 ] DEBUG Engine               - isEmbedded: false
12:02:07.466 [FXGL Background Thread 3 ] DEBUG Engine               - isEntityPreloadEnabled: true
12:02:07.466 [FXGL Background Thread 3 ] DEBUG Engine               - isExperimentalTiledLargeMap: false
12:02:07.466 [FXGL Background Thread 3 ] DEBUG Engine               - isFileSystemWriteAllowed: true
12:02:07.466 [FXGL Background Thread 3 ] DEBUG Engine               - isFullScreenAllowed: true
12:02:07.466 [FXGL Background Thread 3 ] DEBUG Engine               - isFullScreenFromStart: true
12:02:07.466 [FXGL Background Thread 3 ] DEBUG Engine               - isGameMenuEnabled: true
12:02:07.466 [FXGL Background Thread 3 ] DEBUG Engine               - isIOS: false
12:02:07.466 [FXGL Background Thread 3 ] DEBUG Engine               - isIntroEnabled: false
12:02:07.466 [FXGL Background Thread 3 ] DEBUG Engine               - isLinux: false
12:02:07.467 [FXGL Background Thread 3 ] DEBUG Engine               - isMac: false
12:02:07.467 [FXGL Background Thread 3 ] DEBUG Engine               - isMainMenuEnabled: false
12:02:07.467 [FXGL Background Thread 3 ] DEBUG Engine               - isManualResizeEnabled: false
12:02:07.467 [FXGL Background Thread 3 ] DEBUG Engine               - isMobile: false
12:02:07.467 [FXGL Background Thread 3 ] DEBUG Engine               - isNative: false
12:02:07.467 [FXGL Background Thread 3 ] DEBUG Engine               - isPauseMusicWhenMinimized: true
12:02:07.467 [FXGL Background Thread 3 ] DEBUG Engine               - isPreserveResizeRatio: false
12:02:07.467 [FXGL Background Thread 3 ] DEBUG Engine               - isProfilingEnabled: false
12:02:07.467 [FXGL Background Thread 3 ] DEBUG Engine               - isScaleAffectedOnResize: true
12:02:07.467 [FXGL Background Thread 3 ] DEBUG Engine               - isSingleStep: false
12:02:07.467 [FXGL Background Thread 3 ] DEBUG Engine               - isUserProfileEnabled: false
12:02:07.467 [FXGL Background Thread 3 ] DEBUG Engine               - isWindows: true
12:02:07.467 [FXGL Background Thread 3 ] DEBUG Engine               - language: ObjectProperty [value: ENGLISH]
12:02:07.467 [FXGL Background Thread 3 ] DEBUG Engine               - menuKey: ESCAPE
12:02:07.467 [FXGL Background Thread 3 ] DEBUG Engine               - mouseSensitivity: 0.2
12:02:07.467 [FXGL Background Thread 3 ] DEBUG Engine               - notificationViewClass: class com.almasb.fxgl.notification.view.XboxNotificationView
12:02:07.467 [FXGL Background Thread 3 ] DEBUG Engine               - pixelsPerMeter: 50.0
12:02:07.467 [FXGL Background Thread 3 ] DEBUG Engine               - platform: WINDOWS
12:02:07.467 [FXGL Background Thread 3 ] DEBUG Engine               - prefHeightProperty: ReadOnlyDoubleProperty [value: 864.0]
12:02:07.467 [FXGL Background Thread 3 ] DEBUG Engine               - prefWidthProperty: ReadOnlyDoubleProperty [value: 1536.0]
12:02:07.468 [FXGL Background Thread 3 ] DEBUG Engine               - profileDir: profiles/
12:02:07.468 [FXGL Background Thread 3 ] DEBUG Engine               - profileName: StringProperty [value: DEFAULT]
12:02:07.468 [FXGL Background Thread 3 ] DEBUG Engine               - randomSeed: -1
12:02:07.468 [FXGL Background Thread 3 ] DEBUG Engine               - runtimeInfo: RuntimeInfo(platform=WINDOWS, version=17.3, build=30.03.2023 11.49)
12:02:07.468 [FXGL Background Thread 3 ] DEBUG Engine               - saveFileExt: sav
12:02:07.468 [FXGL Background Thread 3 ] DEBUG Engine               - scaledHeightProp$fxgl: DoubleProperty [bound, value: 864.0]
12:02:07.468 [FXGL Background Thread 3 ] DEBUG Engine               - scaledWidthProp$fxgl: DoubleProperty [bound, value: 1536.0]
12:02:07.468 [FXGL Background Thread 3 ] DEBUG Engine               - sceneFactory: com.almasb.fxgl.app.scene.SceneFactory@29a0d555
12:02:07.468 [FXGL Background Thread 3 ] DEBUG Engine               - secondsIn24h: 60
12:02:07.468 [FXGL Background Thread 3 ] DEBUG Engine               - soundMenuBack: menu/back.wav
12:02:07.468 [FXGL Background Thread 3 ] DEBUG Engine               - soundMenuPress: menu/press.wav
12:02:07.468 [FXGL Background Thread 3 ] DEBUG Engine               - soundMenuSelect: menu/select.wav
12:02:07.468 [FXGL Background Thread 3 ] DEBUG Engine               - soundNotification: core/notification.wav
12:02:07.468 [FXGL Background Thread 3 ] DEBUG Engine               - stageStyle: DECORATED
12:02:07.468 [FXGL Background Thread 3 ] DEBUG Engine               - supportedLanguages: [ENGLISH, FRENCH, GERMAN, HUNGARIAN, RUSSIAN]
12:02:07.468 [FXGL Background Thread 3 ] DEBUG Engine               - ticksPerSecond: -1
12:02:07.468 [FXGL Background Thread 3 ] DEBUG Engine               - title: Megaman
12:02:07.468 [FXGL Background Thread 3 ] DEBUG Engine               - urlGithub: https://github.com/AlmasB/FXGL
12:02:07.469 [FXGL Background Thread 3 ] DEBUG Engine               - urlLeaderboard: http://fxgl-top.herokuapp.com/
12:02:07.469 [FXGL Background Thread 3 ] DEBUG Engine               - urlPOM: https://raw.githubusercontent.com/AlmasB/FXGL/release/README.md
12:02:07.469 [FXGL Background Thread 3 ] DEBUG Engine               - userAppClass: class com.game.megaman2.MegamanApplication
12:02:07.469 [FXGL Background Thread 3 ] DEBUG Engine               - version: 0.1
12:02:07.469 [FXGL Background Thread 3 ] DEBUG Engine               - versionCheckDays: 7
12:02:07.469 [FXGL Background Thread 3 ] DEBUG Engine               - width: 1536
12:02:07.469 [FXGL Background Thread 3 ] DEBUG Engine               - Logging services
12:02:07.469 [FXGL Background Thread 3 ] DEBUG Engine               - class com.almasb.fxgl.app.services.FXGLAssetLoaderService
12:02:07.469 [FXGL Background Thread 3 ] DEBUG Engine               - class com.almasb.fxgl.app.FXGLApplication$GameApplicationService
12:02:07.469 [FXGL Background Thread 3 ] DEBUG Engine               - class com.almasb.fxgl.app.services.FXGLDialogService
12:02:07.469 [FXGL Background Thread 3 ] DEBUG Engine               - class com.almasb.fxgl.app.services.IOTaskExecutorService
12:02:07.469 [FXGL Background Thread 3 ] DEBUG Engine               - class com.almasb.fxgl.io.FileSystemService
12:02:07.469 [FXGL Background Thread 3 ] DEBUG Engine               - class com.almasb.fxgl.localization.LocalizationService
12:02:07.469 [FXGL Background Thread 3 ] DEBUG Engine               - class com.almasb.fxgl.app.services.SystemBundleService
12:02:07.469 [FXGL Background Thread 3 ] DEBUG Engine               - class com.almasb.fxgl.profile.SaveLoadService
12:02:07.469 [FXGL Background Thread 3 ] DEBUG Engine               - class com.almasb.fxgl.ui.FXGLUIFactoryServiceProvider
12:02:07.469 [FXGL Background Thread 3 ] DEBUG Engine               - class com.almasb.fxgl.ui.FXGLDialogFactoryServiceProvider
12:02:07.469 [FXGL Background Thread 3 ] DEBUG Engine               - class com.almasb.fxgl.audio.AudioPlayer
12:02:07.469 [FXGL Background Thread 3 ] DEBUG Engine               - class com.almasb.fxgl.notification.impl.NotificationServiceProvider
12:02:07.469 [FXGL Background Thread 3 ] DEBUG Engine               - class com.almasb.fxgl.achievement.AchievementService
12:02:07.469 [FXGL Background Thread 3 ] DEBUG Engine               - class com.almasb.fxgl.cutscene.CutsceneService
12:02:07.469 [FXGL Background Thread 3 ] DEBUG Engine               - class com.almasb.fxgl.minigames.MiniGameService
12:02:07.469 [FXGL Background Thread 3 ] DEBUG Engine               - class com.almasb.fxgl.net.NetService
12:02:07.469 [FXGL Background Thread 3 ] DEBUG Engine               - class com.almasb.fxgl.app.services.UpdaterService
12:02:07.469 [FXGL Background Thread 3 ] DEBUG Engine               - class com.almasb.fxgl.dev.DevService
12:02:16.484 [JavaFX Application Thread] DEBUG PrimaryStageWindow   - Push state: FXGLDefaultMenu
12:02:16.489 [JavaFX Application Thread] DEBUG Input                - Clearing active input actions
12:02:16.504 [JavaFX Application Thread] DEBUG GameApplicationServi - Removing overlay from GameScene and adding to FXGLDefaultMenu
12:02:16.505 [JavaFX Application Thread] DEBUG PrimaryStageWindow   - GameScene -> FXGLDefaultMenu
12:02:18.088 [JavaFX Application Thread] DEBUG Menu                 - fireExit()
12:02:18.094 [JavaFX Application Thread] DEBUG PrimaryStageWindow   - Push state: DialogSubScene
12:02:18.094 [JavaFX Application Thread] DEBUG Input                - Clearing active input actions
12:02:18.095 [JavaFX Application Thread] DEBUG GameApplicationServi - Removing overlay from FXGLDefaultMenu and adding to DialogSubScene
12:02:18.096 [JavaFX Application Thread] DEBUG PrimaryStageWindow   - FXGLDefaultMenu -> DialogSubScene
12:02:19.332 [JavaFX Application Thread] DEBUG PrimaryStageWindow   - Pop state: DialogSubScene
12:02:19.332 [JavaFX Application Thread] DEBUG Input                - Clearing active input actions
12:02:19.332 [JavaFX Application Thread] DEBUG GameApplicationServi - Removing overlay from DialogSubScene and adding to FXGLDefaultMenu
12:02:19.332 [JavaFX Application Thread] DEBUG PrimaryStageWindow   - FXGLDefaultMenu <- DialogSubScene
12:02:19.333 [JavaFX Application Thread] DEBUG FXGLApplication      - Exiting FXGL
12:02:19.333 [JavaFX Application Thread] DEBUG LoopRunner           - Stopping loop
12:02:19.333 [JavaFX Application Thread] DEBUG SystemBundleService  - Saving FXGL system data
12:02:19.334 [JavaFX Application Thread] DEBUG FileSystemAccess     - Writing to: C:\Users\enric\Desktop\robe mie\Fermi\triennio\Informatica\Intellij\GiocoClasseQuarta\system\fxgl.bundle
12:02:19.335 [JavaFX Application Thread] DEBUG Async                - Shutting down background threads
12:02:19.336 [JavaFX Application Thread] DEBUG PrimaryStageWindow   - Closing main window
12:02:19.350 [JavaFX Application Thread] DEBUG Logger               - Closing Logger
