21:21:44.719 [main                     ] DEBUG Logger               - Configured Logger
21:21:44.740 [main                     ] DEBUG GameApplication      - Logging settings
Title: Pokemon boh
Version: 0.1
Width: 1000
Height: 720
Fullscreen: false
Intro: false
Profiling: false
Single step:false
App Mode: DEVELOPER
Menu Key: ESCAPE
Stage Style: DECORATED
Scene Factory: class com.game.pokemon.FabbricaScene

21:21:45.004 [JavaFX Application Thread] DEBUG FXGLApplication      - Initializing FXGL
21:21:45.008 [JavaFX Application Thread] INFO  Engine               - FXGL-17.3 (30.03.2023 11.49) on WINDOWS (J:22.0.1 FX:22-ea)
21:21:45.009 [JavaFX Application Thread] DEBUG Engine               - JRE Vendor Name: Oracle Corporation
21:21:45.009 [JavaFX Application Thread] DEBUG Engine               - Running on OS: Windows 11 version 10.0
21:21:45.009 [JavaFX Application Thread] DEBUG Engine               - Architecture: amd64
21:21:45.009 [JavaFX Application Thread] INFO  Engine               - Source code and latest versions at: https://github.com/AlmasB/FXGL
21:21:45.009 [JavaFX Application Thread] INFO  Engine               -       Ask questions and discuss at: https://github.com/AlmasB/FXGL/discussions
21:21:45.009 [JavaFX Application Thread] INFO  Engine               -              Join the FXGL chat at: https://gitter.im/AlmasB/FXGL
21:21:45.079 [JavaFX Application Thread] DEBUG PrimaryStageWindow   - Creating a JavaFX scene
21:21:45.118 [JavaFX Application Thread] DEBUG PrimaryStageWindow   - Target settings size: 1000.0 x 720.0
21:21:45.118 [JavaFX Application Thread] DEBUG PrimaryStageWindow   - Scaled scene size:    1000.0 x 720.0
21:21:45.118 [JavaFX Application Thread] DEBUG PrimaryStageWindow   - Scaled ratio: (1.0, 1.0)
21:21:45.119 [JavaFX Application Thread] DEBUG PrimaryStageWindow   - Set initial scene to FXGLStartupScene
21:21:45.121 [JavaFX Application Thread] DEBUG PrimaryStageWindow   - Opening main window
21:21:45.192 [JavaFX Application Thread] DEBUG PrimaryStageWindow   - Window border size: (14.4000244140625, 37.5999755859375)
21:21:45.192 [JavaFX Application Thread] DEBUG PrimaryStageWindow   - Scaled size: 1000.0 x 720.0
21:21:45.192 [JavaFX Application Thread] DEBUG PrimaryStageWindow   - Scaled ratio: (1.0, 1.0)
21:21:45.192 [JavaFX Application Thread] DEBUG PrimaryStageWindow   - Scene size: 1000.0 x 720.0
21:21:45.193 [JavaFX Application Thread] DEBUG PrimaryStageWindow   - Stage size: 1014.4000244140625 x 757.5999755859375
21:21:45.200 [FXGL Background Thread 1 ] DEBUG Engine               - Initializing environment variables
21:21:45.251 [FXGL Background Thread 1 ] DEBUG FXGLAssetLoaderServi - User app class for loading assets: class com.game.pokemon.PokemonApplication
21:21:45.251 [FXGL Background Thread 1 ] DEBUG GameApplicationServi - Applying CSS: fxgl_dark.css
21:21:45.252 [FXGL Background Thread 1 ] DEBUG FXGLAssetLoaderServi - Loading from file system: jar:file:///C:/Users/enric/.m2/repository/com/github/almasb/fxgl/17.3/fxgl-17.3.jar!/fxglassets/ui/css/fxgl_dark.css
21:21:45.299 [FXGL Background Thread 1 ] DEBUG GameApplicationServi - Initializing application scenes
21:21:45.336 [FXGL Background Thread 1 ] DEBUG GameWorld            - Game world initialized
21:21:45.396 [FXGL Background Thread 1 ] DEBUG PhysicsWorld         - Physics world initialized: appHeight=720, physics.ppm=50,0
21:21:45.396 [FXGL Background Thread 1 ] DEBUG PhysicsWorld         - Using strategy: BRUTE_FORCE
21:21:45.399 [FXGL Background Thread 1 ] DEBUG GameScene            - Game scene initialized: 1000x720
21:21:45.407 [FXGL Background Thread 1 ] DEBUG FXGL.DefaultMenu     - createMenuBodyMainMenu()
21:21:45.417 [FXGL Background Thread 1 ] DEBUG FXGL.DefaultMenu     - createOptionsMenu()
21:21:45.423 [FXGL Background Thread 1 ] DEBUG FXGLAssetLoaderServi - Loading from file system: jar:file:///C:/Users/enric/.m2/repository/com/github/almasb/fxgl/17.3/fxgl-17.3.jar!/fxglassets/textures/particles/smoke.png
21:21:45.490 [FXGL Background Thread 1 ] DEBUG FXGLAssetLoaderServi - Loading from file system: jar:file:///C:/Users/enric/.m2/repository/com/github/almasb/fxgl/17.3/fxgl-17.3.jar!/fxglassets/textures/particles/trace_horizontal.png
21:21:45.516 [FXGL Background Thread 1 ] DEBUG FXGLAssetLoaderServi - Loading from file system: file:/C:/Users/enric/Desktop/robe%20mie/Fermi/triennio/Informatica/Intellij/GiocoClasseQuarta/target/classes/assets/music/musicaMenu.mp3
21:21:45.608 [FXGL Background Thread 1 ] DEBUG FXGL.DefaultMenu     - createMenuBodyGameMenu()
21:21:45.609 [FXGL Background Thread 1 ] DEBUG FXGL.DefaultMenu     - createOptionsMenu()
21:21:45.621 [FXGL Background Thread 1 ] DEBUG GameApplicationServi - Application scenes initialized
21:21:45.629 [FXGL Background Thread 1 ] DEBUG SystemBundleService  - Loading FXGL system data
21:21:45.632 [FXGL Background Thread 1 ] DEBUG FileSystemAccess     - Reading from: C:\Users\enric\Desktop\robe mie\Fermi\triennio\Informatica\Intellij\GiocoClasseQuarta\system\fxgl.bundle
21:21:45.639 [FXGL Background Thread 1 ] DEBUG SystemBundleService  - Bundle FXGL: {}
21:21:45.639 [FXGL Background Thread 1 ] DEBUG UpdaterService       - Checking for updates
21:21:45.644 [FXGL Background Thread 4 ] DEBUG FXGLApplication      - Loading fonts
21:21:45.644 [FXGL Background Thread 1 ] DEBUG FXGLApplication      - Loading default localization
21:21:45.644 [FXGL Background Thread 4 ] DEBUG FXGLAssetLoaderServi - Loading from file system: jar:file:///C:/Users/enric/.m2/repository/com/github/almasb/fxgl/17.3/fxgl-17.3.jar!/fxglassets/ui/fonts/VarelaRound-Regular.ttf
21:21:45.645 [FXGL Background Thread 1 ] DEBUG FXGLAssetLoaderServi - Loading from file system: jar:file:///C:/Users/enric/.m2/repository/com/github/almasb/fxgl/17.3/fxgl-17.3.jar!/fxglassets/languages/english.lang
21:21:45.661 [FXGL Background Thread 1 ] INFO  FXGLApplication      - FXGL initialization took: 0,461 sec
21:21:45.672 [JavaFX Application Thread] DEBUG Input                - Registered new binding: Move Right - D
21:21:45.672 [JavaFX Application Thread] DEBUG Input                - Registered new binding: Move Left - A
21:21:45.672 [JavaFX Application Thread] DEBUG Input                - Registered new binding: Move Up - W
21:21:45.672 [JavaFX Application Thread] DEBUG Input                - Registered new binding: Move Down - S
21:21:45.673 [JavaFX Application Thread] DEBUG FXGLAssetLoaderServi - Loading from file system: jar:file:///C:/Users/enric/.m2/repository/com/github/almasb/fxgl/17.3/fxgl-17.3.jar!/fxglassets/textures/fxgl_icon.png
21:21:45.682 [FXGL Background Thread 4 ] DEBUG FXGLAssetLoaderServi - Loading from file system: jar:file:///C:/Users/enric/.m2/repository/com/github/almasb/fxgl/17.3/fxgl-17.3.jar!/fxglassets/ui/fonts/Abel-Regular.ttf
21:21:45.692 [FXGL Background Thread 4 ] DEBUG FXGLAssetLoaderServi - Loading from file system: jar:file:///C:/Users/enric/.m2/repository/com/github/almasb/fxgl/17.3/fxgl-17.3.jar!/fxglassets/ui/fonts/TerminalLandMono-Regular.otf
21:21:45.695 [JavaFX Application Thread] DEBUG FXGLAssetLoaderServi - Loading from file system: jar:file:///C:/Users/enric/.m2/repository/com/github/almasb/fxgl/17.3/fxgl-17.3.jar!/fxglassets/textures/fxgl_default_cursor.png
21:21:45.697 [JavaFX Application Thread] DEBUG Input                - Registered new binding: Screenshot - CTRL+8
21:21:45.698 [JavaFX Application Thread] DEBUG Input                - Registered new binding: System info dump - CTRL+9
21:21:45.698 [JavaFX Application Thread] DEBUG Input                - Registered new binding: Restart - CTRL+R
21:21:45.699 [JavaFX Application Thread] DEBUG Input                - Registered new binding: Toggle Debug Camera - CTRL+7
21:21:45.701 [JavaFX Application Thread] DEBUG LoopRunner           - Starting loop
21:21:45.701 [JavaFX Application Thread] DEBUG LoopRunner           - Initializing JavaFX AnimationTimerLoop
21:21:45.702 [FXGL Background Thread 4 ] DEBUG FXGLAssetLoaderServi - Loading from file system: jar:file:///C:/Users/enric/.m2/repository/com/github/almasb/fxgl/17.3/fxgl-17.3.jar!/fxglassets/ui/fonts/Courier-Prime.ttf
21:21:45.703 [JavaFX Application Thread] DEBUG Input                - Clearing active input actions
21:21:45.716 [JavaFX Application Thread] DEBUG GameApplicationServi - Removing overlay from FXGLStartupScene and adding to FXGLMainMenuDummyScene
21:21:45.716 [JavaFX Application Thread] DEBUG PrimaryStageWindow   - FXGLStartupScene -> FXGLMainMenuDummyScene
21:21:45.716 [JavaFX Application Thread] DEBUG PrimaryStageWindow   - Push state: MainMenu
21:21:45.722 [JavaFX Application Thread] DEBUG AudioPlayer          - Playing music com.almasb.fxgl.audio.Music@2c0701bf
21:21:45.723 [JavaFX Application Thread] DEBUG Input                - Clearing active input actions
21:21:45.732 [JavaFX Application Thread] DEBUG GameApplicationServi - Removing overlay from FXGLMainMenuDummyScene and adding to MainMenu
21:21:45.733 [JavaFX Application Thread] DEBUG PrimaryStageWindow   - FXGLMainMenuDummyScene -> MainMenu
21:21:45.808 [JavaFX Application Thread] DEBUG FXGLApplication      - Registering font factories with UI factory
21:21:46.071 [FXGL Background Thread 2 ] INFO  UpdaterService       - Your current version:  17.3
21:21:46.071 [FXGL Background Thread 2 ] INFO  UpdaterService       - Latest stable version: 21.1
21:21:48.643 [FXGL Background Thread 3 ] DEBUG Engine               - Logging environment variables
21:21:48.643 [FXGL Background Thread 3 ] DEBUG Engine               - achievements: []
21:21:48.643 [FXGL Background Thread 3 ] DEBUG Engine               - actualHeight: 720.0
21:21:48.643 [FXGL Background Thread 3 ] DEBUG Engine               - actualHeightProperty: ReadOnlyDoubleProperty [value: 720.0]
21:21:48.644 [FXGL Background Thread 3 ] DEBUG Engine               - actualWidth: 1000.0
21:21:48.644 [FXGL Background Thread 3 ] DEBUG Engine               - actualWidthProperty: ReadOnlyDoubleProperty [value: 1000.0]
21:21:48.644 [FXGL Background Thread 3 ] DEBUG Engine               - appIcon: fxgl_icon.png
21:21:48.644 [FXGL Background Thread 3 ] DEBUG Engine               - applicationMode: DEVELOPER
21:21:48.644 [FXGL Background Thread 3 ] DEBUG Engine               - cSSList: [fxgl_dark.css]
21:21:48.644 [FXGL Background Thread 3 ] DEBUG Engine               - collisionDetectionStrategy: BRUTE_FORCE
21:21:48.644 [FXGL Background Thread 3 ] DEBUG Engine               - configClass: Optional.empty
21:21:48.644 [FXGL Background Thread 3 ] DEBUG Engine               - credits: []
21:21:48.644 [FXGL Background Thread 3 ] DEBUG Engine               - defaultCursor: CursorInfo(imageName=fxgl_default_cursor.png, hotspotX=7.0, hotspotY=6.0)
21:21:48.644 [FXGL Background Thread 3 ] DEBUG Engine               - devBBoxColorProperty: ObjectProperty [value: 0xff0000ff]
21:21:48.644 [FXGL Background Thread 3 ] DEBUG Engine               - devEnableDebugCameraProperty: BooleanProperty [value: false]
21:21:48.644 [FXGL Background Thread 3 ] DEBUG Engine               - devSensorColorProperty: ObjectProperty [value: 0xffff00ff]
21:21:48.644 [FXGL Background Thread 3 ] DEBUG Engine               - devShowBBoxProperty: BooleanProperty [value: false]
21:21:48.644 [FXGL Background Thread 3 ] DEBUG Engine               - devShowPositionProperty: BooleanProperty [value: false]
21:21:48.644 [FXGL Background Thread 3 ] DEBUG Engine               - enabledMenuItems: []
21:21:48.644 [FXGL Background Thread 3 ] DEBUG Engine               - engineServices: [class com.almasb.fxgl.app.services.FXGLAssetLoaderService, class com.almasb.fxgl.app.FXGLApplication$GameApplicationService, class com.almasb.fxgl.app.services.FXGLDialogService, class com.almasb.fxgl.app.services.IOTaskExecutorService, class com.almasb.fxgl.io.FileSystemService, class com.almasb.fxgl.localization.LocalizationService, class com.almasb.fxgl.app.services.SystemBundleService, class com.almasb.fxgl.profile.SaveLoadService, class com.almasb.fxgl.ui.FXGLUIFactoryServiceProvider, class com.almasb.fxgl.ui.FXGLDialogFactoryServiceProvider, class com.almasb.fxgl.audio.AudioPlayer, class com.almasb.fxgl.notification.impl.NotificationServiceProvider, class com.almasb.fxgl.achievement.AchievementService, class com.almasb.fxgl.cutscene.CutsceneService, class com.almasb.fxgl.minigames.MiniGameService, class com.almasb.fxgl.net.NetService, class com.almasb.fxgl.app.services.UpdaterService, class com.almasb.fxgl.dev.DevService]
21:21:48.645 [FXGL Background Thread 3 ] DEBUG Engine               - fontGame: Abel-Regular.ttf
21:21:48.645 [FXGL Background Thread 3 ] DEBUG Engine               - fontMono: TerminalLandMono-Regular.otf
21:21:48.645 [FXGL Background Thread 3 ] DEBUG Engine               - fontSizeScaleUI: 1.0
21:21:48.645 [FXGL Background Thread 3 ] DEBUG Engine               - fontText: Courier-Prime.ttf
21:21:48.645 [FXGL Background Thread 3 ] DEBUG Engine               - fontUI: VarelaRound-Regular.ttf
21:21:48.645 [FXGL Background Thread 3 ] DEBUG Engine               - fullScreen: BooleanProperty [value: false]
21:21:48.645 [FXGL Background Thread 3 ] DEBUG Engine               - gameDifficulty: MEDIUM
21:21:48.645 [FXGL Background Thread 3 ] DEBUG Engine               - gameDifficultyProperty: ObjectProperty [value: MEDIUM]
21:21:48.645 [FXGL Background Thread 3 ] DEBUG Engine               - globalMusicVolume: 0.5
21:21:48.645 [FXGL Background Thread 3 ] DEBUG Engine               - globalMusicVolumeProperty: DoubleProperty [value: 0.5]
21:21:48.645 [FXGL Background Thread 3 ] DEBUG Engine               - globalSoundVolume: 0.5
21:21:48.646 [FXGL Background Thread 3 ] DEBUG Engine               - globalSoundVolumeProperty: DoubleProperty [value: 0.5]
21:21:48.646 [FXGL Background Thread 3 ] DEBUG Engine               - height: 720
21:21:48.646 [FXGL Background Thread 3 ] DEBUG Engine               - is3D: false
21:21:48.646 [FXGL Background Thread 3 ] DEBUG Engine               - isAndroid: false
21:21:48.646 [FXGL Background Thread 3 ] DEBUG Engine               - isBrowser: false
21:21:48.646 [FXGL Background Thread 3 ] DEBUG Engine               - isClickFeedbackEnabled: false
21:21:48.646 [FXGL Background Thread 3 ] DEBUG Engine               - isCloseConfirmation: false
21:21:48.646 [FXGL Background Thread 3 ] DEBUG Engine               - isDesktop: true
21:21:48.646 [FXGL Background Thread 3 ] DEBUG Engine               - isDeveloperMenuEnabled: false
21:21:48.646 [FXGL Background Thread 3 ] DEBUG Engine               - isEmbedded: false
21:21:48.646 [FXGL Background Thread 3 ] DEBUG Engine               - isEntityPreloadEnabled: true
21:21:48.646 [FXGL Background Thread 3 ] DEBUG Engine               - isExperimentalTiledLargeMap: false
21:21:48.646 [FXGL Background Thread 3 ] DEBUG Engine               - isFileSystemWriteAllowed: true
21:21:48.646 [FXGL Background Thread 3 ] DEBUG Engine               - isFullScreenAllowed: false
21:21:48.646 [FXGL Background Thread 3 ] DEBUG Engine               - isFullScreenFromStart: false
21:21:48.646 [FXGL Background Thread 3 ] DEBUG Engine               - isGameMenuEnabled: true
21:21:48.646 [FXGL Background Thread 3 ] DEBUG Engine               - isIOS: false
21:21:48.646 [FXGL Background Thread 3 ] DEBUG Engine               - isIntroEnabled: false
21:21:48.647 [FXGL Background Thread 3 ] DEBUG Engine               - isLinux: false
21:21:48.647 [FXGL Background Thread 3 ] DEBUG Engine               - isMac: false
21:21:48.647 [FXGL Background Thread 3 ] DEBUG Engine               - isMainMenuEnabled: true
21:21:48.647 [FXGL Background Thread 3 ] DEBUG Engine               - isManualResizeEnabled: false
21:21:48.647 [FXGL Background Thread 3 ] DEBUG Engine               - isMobile: false
21:21:48.647 [FXGL Background Thread 3 ] DEBUG Engine               - isNative: false
21:21:48.647 [FXGL Background Thread 3 ] DEBUG Engine               - isPauseMusicWhenMinimized: true
21:21:48.647 [FXGL Background Thread 3 ] DEBUG Engine               - isPreserveResizeRatio: false
21:21:48.647 [FXGL Background Thread 3 ] DEBUG Engine               - isProfilingEnabled: false
21:21:48.647 [FXGL Background Thread 3 ] DEBUG Engine               - isScaleAffectedOnResize: true
21:21:48.647 [FXGL Background Thread 3 ] DEBUG Engine               - isSingleStep: false
21:21:48.647 [FXGL Background Thread 3 ] DEBUG Engine               - isUserProfileEnabled: false
21:21:48.647 [FXGL Background Thread 3 ] DEBUG Engine               - isWindows: true
21:21:48.647 [FXGL Background Thread 3 ] DEBUG Engine               - language: ObjectProperty [value: ENGLISH]
21:21:48.647 [FXGL Background Thread 3 ] DEBUG Engine               - menuKey: ESCAPE
21:21:48.647 [FXGL Background Thread 3 ] DEBUG Engine               - mouseSensitivity: 0.2
21:21:48.647 [FXGL Background Thread 3 ] DEBUG Engine               - notificationViewClass: class com.almasb.fxgl.notification.view.XboxNotificationView
21:21:48.647 [FXGL Background Thread 3 ] DEBUG Engine               - pixelsPerMeter: 50.0
21:21:48.647 [FXGL Background Thread 3 ] DEBUG Engine               - platform: WINDOWS
21:21:48.647 [FXGL Background Thread 3 ] DEBUG Engine               - prefHeightProperty: ReadOnlyDoubleProperty [value: 720.0]
21:21:48.648 [FXGL Background Thread 3 ] DEBUG Engine               - prefWidthProperty: ReadOnlyDoubleProperty [value: 1000.0]
21:21:48.648 [FXGL Background Thread 3 ] DEBUG Engine               - profileDir: profiles/
21:21:48.648 [FXGL Background Thread 3 ] DEBUG Engine               - profileName: StringProperty [value: DEFAULT]
21:21:48.648 [FXGL Background Thread 3 ] DEBUG Engine               - randomSeed: -1
21:21:48.648 [FXGL Background Thread 3 ] DEBUG Engine               - runtimeInfo: RuntimeInfo(platform=WINDOWS, version=17.3, build=30.03.2023 11.49)
21:21:48.648 [FXGL Background Thread 3 ] DEBUG Engine               - saveFileExt: sav
21:21:48.648 [FXGL Background Thread 3 ] DEBUG Engine               - scaledHeightProp$fxgl: DoubleProperty [bound, value: 720.0]
21:21:48.648 [FXGL Background Thread 3 ] DEBUG Engine               - scaledWidthProp$fxgl: DoubleProperty [bound, value: 1000.0]
21:21:48.648 [FXGL Background Thread 3 ] DEBUG Engine               - sceneFactory: com.game.pokemon.FabbricaScene@109d71f4
21:21:48.648 [FXGL Background Thread 3 ] DEBUG Engine               - secondsIn24h: 60
21:21:48.648 [FXGL Background Thread 3 ] DEBUG Engine               - soundMenuBack: menu/back.wav
21:21:48.648 [FXGL Background Thread 3 ] DEBUG Engine               - soundMenuPress: menu/press.wav
21:21:48.648 [FXGL Background Thread 3 ] DEBUG Engine               - soundMenuSelect: menu/select.wav
21:21:48.648 [FXGL Background Thread 3 ] DEBUG Engine               - soundNotification: core/notification.wav
21:21:48.648 [FXGL Background Thread 3 ] DEBUG Engine               - stageStyle: DECORATED
21:21:48.648 [FXGL Background Thread 3 ] DEBUG Engine               - supportedLanguages: [ENGLISH, FRENCH, GERMAN, HUNGARIAN, RUSSIAN]
21:21:48.648 [FXGL Background Thread 3 ] DEBUG Engine               - ticksPerSecond: -1
21:21:48.648 [FXGL Background Thread 3 ] DEBUG Engine               - title: Pokemon boh
21:21:48.648 [FXGL Background Thread 3 ] DEBUG Engine               - urlGithub: https://github.com/AlmasB/FXGL
21:21:48.648 [FXGL Background Thread 3 ] DEBUG Engine               - urlLeaderboard: http://fxgl-top.herokuapp.com/
21:21:48.648 [FXGL Background Thread 3 ] DEBUG Engine               - urlPOM: https://raw.githubusercontent.com/AlmasB/FXGL/release/README.md
21:21:48.648 [FXGL Background Thread 3 ] DEBUG Engine               - userAppClass: class com.game.pokemon.PokemonApplication
21:21:48.648 [FXGL Background Thread 3 ] DEBUG Engine               - version: 0.1
21:21:48.648 [FXGL Background Thread 3 ] DEBUG Engine               - versionCheckDays: 7
21:21:48.648 [FXGL Background Thread 3 ] DEBUG Engine               - width: 1000
21:21:48.648 [FXGL Background Thread 3 ] DEBUG Engine               - Logging services
21:21:48.649 [FXGL Background Thread 3 ] DEBUG Engine               - class com.almasb.fxgl.app.services.FXGLAssetLoaderService
21:21:48.649 [FXGL Background Thread 3 ] DEBUG Engine               - class com.almasb.fxgl.app.FXGLApplication$GameApplicationService
21:21:48.649 [FXGL Background Thread 3 ] DEBUG Engine               - class com.almasb.fxgl.app.services.FXGLDialogService
21:21:48.649 [FXGL Background Thread 3 ] DEBUG Engine               - class com.almasb.fxgl.app.services.IOTaskExecutorService
21:21:48.649 [FXGL Background Thread 3 ] DEBUG Engine               - class com.almasb.fxgl.io.FileSystemService
21:21:48.649 [FXGL Background Thread 3 ] DEBUG Engine               - class com.almasb.fxgl.localization.LocalizationService
21:21:48.649 [FXGL Background Thread 3 ] DEBUG Engine               - class com.almasb.fxgl.app.services.SystemBundleService
21:21:48.649 [FXGL Background Thread 3 ] DEBUG Engine               - class com.almasb.fxgl.profile.SaveLoadService
21:21:48.649 [FXGL Background Thread 3 ] DEBUG Engine               - class com.almasb.fxgl.ui.FXGLUIFactoryServiceProvider
21:21:48.649 [FXGL Background Thread 3 ] DEBUG Engine               - class com.almasb.fxgl.ui.FXGLDialogFactoryServiceProvider
21:21:48.649 [FXGL Background Thread 3 ] DEBUG Engine               - class com.almasb.fxgl.audio.AudioPlayer
21:21:48.649 [FXGL Background Thread 3 ] DEBUG Engine               - class com.almasb.fxgl.notification.impl.NotificationServiceProvider
21:21:48.649 [FXGL Background Thread 3 ] DEBUG Engine               - class com.almasb.fxgl.achievement.AchievementService
21:21:48.649 [FXGL Background Thread 3 ] DEBUG Engine               - class com.almasb.fxgl.cutscene.CutsceneService
21:21:48.649 [FXGL Background Thread 3 ] DEBUG Engine               - class com.almasb.fxgl.minigames.MiniGameService
21:21:48.649 [FXGL Background Thread 3 ] DEBUG Engine               - class com.almasb.fxgl.net.NetService
21:21:48.649 [FXGL Background Thread 3 ] DEBUG Engine               - class com.almasb.fxgl.app.services.UpdaterService
21:21:48.649 [FXGL Background Thread 3 ] DEBUG Engine               - class com.almasb.fxgl.dev.DevService
21:21:52.465 [JavaFX Application Thread] DEBUG Menu                 - fireNewGame()
21:21:52.465 [JavaFX Application Thread] DEBUG GameApplicationServi - Starting new game
21:21:52.466 [JavaFX Application Thread] DEBUG AudioPlayer          - Stopping music com.almasb.fxgl.audio.Music@2c0701bf
21:21:52.470 [JavaFX Application Thread] DEBUG PrimaryStageWindow   - Pop state: MainMenu
21:21:52.470 [JavaFX Application Thread] DEBUG Input                - Clearing active input actions
21:21:52.471 [JavaFX Application Thread] DEBUG GameApplicationServi - Removing overlay from MainMenu and adding to FXGLMainMenuDummyScene
21:21:52.472 [JavaFX Application Thread] DEBUG PrimaryStageWindow   - FXGLMainMenuDummyScene <- MainMenu
21:21:52.472 [JavaFX Application Thread] DEBUG Input                - Clearing active input actions
21:21:52.480 [JavaFX Application Thread] DEBUG GameApplicationServi - Removing overlay from FXGLMainMenuDummyScene and adding to FXGLLoadingScene
21:21:52.480 [JavaFX Application Thread] DEBUG PrimaryStageWindow   - FXGLMainMenuDummyScene -> FXGLLoadingScene
21:21:52.480 [JavaFX Application Thread] DEBUG GameApplicationServi - Clearing previous game
21:21:52.480 [JavaFX Application Thread] DEBUG GameScene            - Clearing game scene
21:21:52.480 [JavaFX Application Thread] DEBUG GameWorld            - Clearing game world
21:21:52.480 [JavaFX Application Thread] DEBUG PhysicsWorld         - Clearing physics world
21:21:52.483 [FXGL Background Thread 2 ] DEBUG FXGLApplication      - Initializing game
21:21:52.528 [FXGL Background Thread 2 ] WARN  TMXLevelLoader       - TiledMap generated from 1.10.2. Supported version: 1.9.0. Some features may not be parsed fully.
21:21:52.557 [FXGL Background Thread 2 ] DEBUG TMXLevelLoader       - Parsed TiledMap: file:/C:/Users/enric/Desktop/robe%20mie/Fermi/triennio/Informatica/Intellij/GiocoClasseQuarta/target/classes/assets/levels/livello.tmx
21:21:52.559 [FXGL Background Thread 2 ] DEBUG TMXLevelLoader       - Creating tile layer entities
21:21:52.560 [FXGL Background Thread 2 ] DEBUG TilesetLoader        - Loading view for layer ground
21:21:52.567 [FXGL Background Thread 2 ] DEBUG TilesetLoader        - Created buffer with size 3200.0x3200.0
21:21:52.624 [FXGL Background Thread 2 ] DEBUG TMXLevelLoader       - Creating object layer entities
21:21:52.641 [FXGL Background Thread 2 ] DEBUG GameWorld            - Clearing removable entities
21:21:52.642 [FXGL Background Thread 2 ] DEBUG GameWorld            - Setting level: com.almasb.fxgl.entity.level.Level@74d4c611
21:21:52.651 [FXGL Background Thread 2 ] DEBUG FXGLAssetLoaderServi - Loading from file system: file:/C:/Users/enric/Desktop/robe%20mie/Fermi/triennio/Informatica/Intellij/GiocoClasseQuarta/target/classes/assets/textures/matteolongobardi.png
21:21:52.656 [FXGL Background Thread 2 ] DEBUG FXGLAssetLoaderServi - Loading from file system: file:/C:/Users/enric/Desktop/robe%20mie/Fermi/triennio/Informatica/Intellij/GiocoClasseQuarta/target/classes/assets/textures/corsalaterale/corsalaterale1.png
21:21:52.656 [FXGL Background Thread 2 ] DEBUG FXGLAssetLoaderServi - Loading from file system: file:/C:/Users/enric/Desktop/robe%20mie/Fermi/triennio/Informatica/Intellij/GiocoClasseQuarta/target/classes/assets/textures/corsalaterale/corsalaterale2.png
21:21:52.657 [FXGL Background Thread 2 ] DEBUG FXGLAssetLoaderServi - Loading from file system: file:/C:/Users/enric/Desktop/robe%20mie/Fermi/triennio/Informatica/Intellij/GiocoClasseQuarta/target/classes/assets/textures/corsalaterale/corsalaterale3.png
21:21:52.657 [FXGL Background Thread 2 ] DEBUG FXGLAssetLoaderServi - Loading from file system: file:/C:/Users/enric/Desktop/robe%20mie/Fermi/triennio/Informatica/Intellij/GiocoClasseQuarta/target/classes/assets/textures/corsalaterale/corsalaterale4.png
21:21:52.659 [FXGL Background Thread 2 ] DEBUG FXGLAssetLoaderServi - Loading from file system: file:/C:/Users/enric/Desktop/robe%20mie/Fermi/triennio/Informatica/Intellij/GiocoClasseQuarta/target/classes/assets/textures/corsalaterale/corsalaterale5.png
21:21:52.659 [FXGL Background Thread 2 ] DEBUG FXGLAssetLoaderServi - Loading from file system: file:/C:/Users/enric/Desktop/robe%20mie/Fermi/triennio/Informatica/Intellij/GiocoClasseQuarta/target/classes/assets/textures/corsalaterale/corsalaterale6.png
21:21:52.660 [FXGL Background Thread 2 ] DEBUG FXGLAssetLoaderServi - Loading from file system: file:/C:/Users/enric/Desktop/robe%20mie/Fermi/triennio/Informatica/Intellij/GiocoClasseQuarta/target/classes/assets/textures/corsasu/corsasu1.png
21:21:52.660 [FXGL Background Thread 2 ] DEBUG FXGLAssetLoaderServi - Loading from file system: file:/C:/Users/enric/Desktop/robe%20mie/Fermi/triennio/Informatica/Intellij/GiocoClasseQuarta/target/classes/assets/textures/corsasu/corsasu2.png
21:21:52.661 [FXGL Background Thread 2 ] DEBUG FXGLAssetLoaderServi - Loading from file system: file:/C:/Users/enric/Desktop/robe%20mie/Fermi/triennio/Informatica/Intellij/GiocoClasseQuarta/target/classes/assets/textures/corsasu/corsasu3.png
21:21:52.661 [FXGL Background Thread 2 ] DEBUG FXGLAssetLoaderServi - Loading from file system: file:/C:/Users/enric/Desktop/robe%20mie/Fermi/triennio/Informatica/Intellij/GiocoClasseQuarta/target/classes/assets/textures/corsasu/corsasu4.png
21:21:52.662 [FXGL Background Thread 2 ] DEBUG FXGLAssetLoaderServi - Loading from file system: file:/C:/Users/enric/Desktop/robe%20mie/Fermi/triennio/Informatica/Intellij/GiocoClasseQuarta/target/classes/assets/textures/corsasu/corsasu5.png
21:21:52.662 [FXGL Background Thread 2 ] DEBUG FXGLAssetLoaderServi - Loading from file system: file:/C:/Users/enric/Desktop/robe%20mie/Fermi/triennio/Informatica/Intellij/GiocoClasseQuarta/target/classes/assets/textures/corsasu/corsasu6.png
21:21:52.664 [FXGL Background Thread 2 ] DEBUG FXGLAssetLoaderServi - Loading from file system: file:/C:/Users/enric/Desktop/robe%20mie/Fermi/triennio/Informatica/Intellij/GiocoClasseQuarta/target/classes/assets/textures/corsagiu/corsagiu1.png
21:21:52.664 [FXGL Background Thread 2 ] DEBUG FXGLAssetLoaderServi - Loading from file system: file:/C:/Users/enric/Desktop/robe%20mie/Fermi/triennio/Informatica/Intellij/GiocoClasseQuarta/target/classes/assets/textures/corsagiu/corsagiu2.png
21:21:52.665 [FXGL Background Thread 2 ] DEBUG FXGLAssetLoaderServi - Loading from file system: file:/C:/Users/enric/Desktop/robe%20mie/Fermi/triennio/Informatica/Intellij/GiocoClasseQuarta/target/classes/assets/textures/corsagiu/corsagiu3.png
21:21:52.666 [FXGL Background Thread 2 ] DEBUG FXGLAssetLoaderServi - Loading from file system: file:/C:/Users/enric/Desktop/robe%20mie/Fermi/triennio/Informatica/Intellij/GiocoClasseQuarta/target/classes/assets/textures/corsagiu/corsagiu4.png
21:21:52.667 [FXGL Background Thread 2 ] DEBUG FXGLAssetLoaderServi - Loading from file system: file:/C:/Users/enric/Desktop/robe%20mie/Fermi/triennio/Informatica/Intellij/GiocoClasseQuarta/target/classes/assets/textures/corsagiu/corsagiu5.png
21:21:52.667 [FXGL Background Thread 2 ] DEBUG FXGLAssetLoaderServi - Loading from file system: file:/C:/Users/enric/Desktop/robe%20mie/Fermi/triennio/Informatica/Intellij/GiocoClasseQuarta/target/classes/assets/textures/corsagiu/corsagiu6.png
21:21:52.669 [FXGL Background Thread 2 ] DEBUG FXGLAssetLoaderServi - Loading from file system: file:/C:/Users/enric/Desktop/robe%20mie/Fermi/triennio/Informatica/Intellij/GiocoClasseQuarta/target/classes/assets/music/musicaSottofondo.mp3
21:21:52.671 [FXGL Background Thread 2 ] DEBUG AudioPlayer          - Playing music com.almasb.fxgl.audio.Music@69fe4565
21:21:52.671 [FXGL Background Thread 2 ] INFO  FXGLApplication      - Game initialization took: 0,188 sec
21:21:52.681 [JavaFX Application Thread] DEBUG Input                - Clearing active input actions
21:21:52.686 [JavaFX Application Thread] DEBUG GameApplicationServi - Removing overlay from FXGLLoadingScene and adding to GameScene
21:21:52.686 [JavaFX Application Thread] DEBUG PrimaryStageWindow   - FXGLLoadingScene -> GameScene
21:22:25.038 [JavaFX Application Thread] DEBUG PrimaryStageWindow   - Push state: FXGLDefaultMenu
21:22:25.039 [JavaFX Application Thread] DEBUG Input                - Clearing active input actions
21:22:25.043 [JavaFX Application Thread] DEBUG GameApplicationServi - Removing overlay from GameScene and adding to FXGLDefaultMenu
21:22:25.043 [JavaFX Application Thread] DEBUG PrimaryStageWindow   - GameScene -> FXGLDefaultMenu
21:22:43.214 [JavaFX Application Thread] DEBUG Menu                 - fireExitToMainMenu()
21:22:43.216 [JavaFX Application Thread] DEBUG PrimaryStageWindow   - Push state: DialogSubScene
21:22:43.216 [JavaFX Application Thread] DEBUG Input                - Clearing active input actions
21:22:43.216 [JavaFX Application Thread] DEBUG GameApplicationServi - Removing overlay from FXGLDefaultMenu and adding to DialogSubScene
21:22:43.217 [JavaFX Application Thread] DEBUG PrimaryStageWindow   - FXGLDefaultMenu -> DialogSubScene
21:22:44.469 [JavaFX Application Thread] DEBUG PrimaryStageWindow   - Pop state: DialogSubScene
21:22:44.469 [JavaFX Application Thread] DEBUG Input                - Clearing active input actions
21:22:44.471 [JavaFX Application Thread] DEBUG GameApplicationServi - Removing overlay from DialogSubScene and adding to FXGLDefaultMenu
21:22:44.471 [JavaFX Application Thread] DEBUG PrimaryStageWindow   - FXGLDefaultMenu <- DialogSubScene
21:22:44.471 [JavaFX Application Thread] DEBUG PrimaryStageWindow   - Pop state: FXGLDefaultMenu
21:22:44.472 [JavaFX Application Thread] DEBUG Input                - Clearing active input actions
21:22:44.472 [JavaFX Application Thread] DEBUG GameApplicationServi - Removing overlay from FXGLDefaultMenu and adding to GameScene
21:22:44.473 [JavaFX Application Thread] DEBUG PrimaryStageWindow   - GameScene <- FXGLDefaultMenu
21:22:44.473 [JavaFX Application Thread] DEBUG Input                - Clearing active input actions
21:22:44.499 [JavaFX Application Thread] DEBUG GameApplicationServi - Removing overlay from GameScene and adding to FXGLMainMenuDummyScene
21:22:44.500 [JavaFX Application Thread] DEBUG PrimaryStageWindow   - GameScene -> FXGLMainMenuDummyScene
21:22:44.500 [JavaFX Application Thread] DEBUG PrimaryStageWindow   - Push state: MainMenu
21:22:44.500 [JavaFX Application Thread] DEBUG AudioPlayer          - Stopping music com.almasb.fxgl.audio.Music@2c0701bf
21:22:44.501 [JavaFX Application Thread] DEBUG AudioPlayer          - Stopping music com.almasb.fxgl.audio.Music@69fe4565
21:22:44.547 [JavaFX Application Thread] DEBUG AudioPlayer          - Playing music com.almasb.fxgl.audio.Music@2c0701bf
21:22:44.547 [JavaFX Application Thread] DEBUG Input                - Clearing active input actions
21:22:44.553 [JavaFX Application Thread] DEBUG GameApplicationServi - Removing overlay from FXGLMainMenuDummyScene and adding to MainMenu
21:22:44.553 [JavaFX Application Thread] DEBUG PrimaryStageWindow   - FXGLMainMenuDummyScene -> MainMenu
21:22:46.122 [JavaFX Application Thread] DEBUG Menu                 - fireExit()
21:22:46.124 [JavaFX Application Thread] DEBUG PrimaryStageWindow   - Push state: DialogSubScene
21:22:46.124 [JavaFX Application Thread] DEBUG AudioPlayer          - Stopping music com.almasb.fxgl.audio.Music@2c0701bf
21:22:46.125 [JavaFX Application Thread] DEBUG AudioPlayer          - Stopping music com.almasb.fxgl.audio.Music@69fe4565
21:22:46.125 [JavaFX Application Thread] DEBUG Input                - Clearing active input actions
21:22:46.127 [JavaFX Application Thread] DEBUG GameApplicationServi - Removing overlay from MainMenu and adding to DialogSubScene
21:22:46.127 [JavaFX Application Thread] DEBUG PrimaryStageWindow   - MainMenu -> DialogSubScene
21:22:47.419 [JavaFX Application Thread] DEBUG AudioPlayer          - Stopping music com.almasb.fxgl.audio.Music@2c0701bf
21:22:47.420 [JavaFX Application Thread] DEBUG AudioPlayer          - Stopping music com.almasb.fxgl.audio.Music@69fe4565
21:22:47.421 [JavaFX Application Thread] DEBUG AudioPlayer          - Playing music com.almasb.fxgl.audio.Music@2c0701bf
21:22:47.421 [JavaFX Application Thread] DEBUG PrimaryStageWindow   - Pop state: DialogSubScene
21:22:47.421 [JavaFX Application Thread] DEBUG Input                - Clearing active input actions
21:22:47.422 [JavaFX Application Thread] DEBUG GameApplicationServi - Removing overlay from DialogSubScene and adding to MainMenu
21:22:47.422 [JavaFX Application Thread] DEBUG PrimaryStageWindow   - MainMenu <- DialogSubScene
21:22:47.422 [JavaFX Application Thread] DEBUG FXGLApplication      - Exiting FXGL
21:22:47.423 [JavaFX Application Thread] DEBUG LoopRunner           - Stopping loop
21:22:47.423 [JavaFX Application Thread] DEBUG SystemBundleService  - Saving FXGL system data
21:22:47.428 [JavaFX Application Thread] DEBUG FileSystemAccess     - Writing to: C:\Users\enric\Desktop\robe mie\Fermi\triennio\Informatica\Intellij\GiocoClasseQuarta\system\fxgl.bundle
21:22:47.433 [JavaFX Application Thread] DEBUG Async                - Shutting down background threads
21:22:47.433 [JavaFX Application Thread] DEBUG PrimaryStageWindow   - Closing main window
21:22:47.458 [JavaFX Application Thread] DEBUG Logger               - Closing Logger
