10:44:56.737 [main                     ] DEBUG Logger               - Configured Logger
10:44:56.758 [main                     ] DEBUG GameApplication      - Logging settings
Title: Pokemon boh
Version: 0.1
Width: 1000
Height: 720
Fullscreen: false
Intro: false
Profiling: false
Single step:false
App Mode: DEVELOPER
Menu Key: ESCAPE
Stage Style: DECORATED
Scene Factory: class com.game.pokemon.FabbricaScene

10:44:57.033 [JavaFX Application Thread] DEBUG FXGLApplication      - Initializing FXGL
10:44:57.036 [JavaFX Application Thread] INFO  Engine               - FXGL-17.3 (30.03.2023 11.49) on WINDOWS (J:22.0.1 FX:22-ea)
10:44:57.036 [JavaFX Application Thread] DEBUG Engine               - JRE Vendor Name: Oracle Corporation
10:44:57.036 [JavaFX Application Thread] DEBUG Engine               - Running on OS: Windows 11 version 10.0
10:44:57.036 [JavaFX Application Thread] DEBUG Engine               - Architecture: amd64
10:44:57.036 [JavaFX Application Thread] INFO  Engine               - Source code and latest versions at: https://github.com/AlmasB/FXGL
10:44:57.037 [JavaFX Application Thread] INFO  Engine               -       Ask questions and discuss at: https://github.com/AlmasB/FXGL/discussions
10:44:57.037 [JavaFX Application Thread] INFO  Engine               -              Join the FXGL chat at: https://gitter.im/AlmasB/FXGL
10:44:57.109 [JavaFX Application Thread] DEBUG PrimaryStageWindow   - Creating a JavaFX scene
10:44:57.149 [JavaFX Application Thread] DEBUG PrimaryStageWindow   - Target settings size: 1000.0 x 720.0
10:44:57.150 [JavaFX Application Thread] DEBUG PrimaryStageWindow   - Scaled scene size:    1000.0 x 720.0
10:44:57.150 [JavaFX Application Thread] DEBUG PrimaryStageWindow   - Scaled ratio: (1.0, 1.0)
10:44:57.151 [JavaFX Application Thread] DEBUG PrimaryStageWindow   - Set initial scene to FXGLStartupScene
10:44:57.154 [JavaFX Application Thread] DEBUG PrimaryStageWindow   - Opening main window
10:44:57.228 [JavaFX Application Thread] DEBUG PrimaryStageWindow   - Window border size: (14.4000244140625, 37.5999755859375)
10:44:57.229 [JavaFX Application Thread] DEBUG PrimaryStageWindow   - Scaled size: 1000.0 x 720.0
10:44:57.229 [JavaFX Application Thread] DEBUG PrimaryStageWindow   - Scaled ratio: (1.0, 1.0)
10:44:57.229 [JavaFX Application Thread] DEBUG PrimaryStageWindow   - Scene size: 1000.0 x 720.0
10:44:57.229 [JavaFX Application Thread] DEBUG PrimaryStageWindow   - Stage size: 1014.4000244140625 x 757.5999755859375
10:44:57.235 [FXGL Background Thread 1 ] DEBUG Engine               - Initializing environment variables
10:44:57.288 [FXGL Background Thread 1 ] DEBUG FXGLAssetLoaderServi - User app class for loading assets: class com.game.pokemon.PokemonApplication
10:44:57.288 [FXGL Background Thread 1 ] DEBUG GameApplicationServi - Applying CSS: fxgl_dark.css
10:44:57.289 [FXGL Background Thread 1 ] DEBUG FXGLAssetLoaderServi - Loading from file system: jar:file:///C:/Users/enric/.m2/repository/com/github/almasb/fxgl/17.3/fxgl-17.3.jar!/fxglassets/ui/css/fxgl_dark.css
10:44:57.333 [FXGL Background Thread 1 ] DEBUG GameApplicationServi - Initializing application scenes
10:44:57.370 [FXGL Background Thread 1 ] DEBUG GameWorld            - Game world initialized
10:44:57.428 [FXGL Background Thread 1 ] DEBUG PhysicsWorld         - Physics world initialized: appHeight=720, physics.ppm=50,0
10:44:57.429 [FXGL Background Thread 1 ] DEBUG PhysicsWorld         - Using strategy: BRUTE_FORCE
10:44:57.432 [FXGL Background Thread 1 ] DEBUG GameScene            - Game scene initialized: 1000x720
10:44:57.444 [FXGL Background Thread 1 ] DEBUG FXGL.DefaultMenu     - createMenuBodyMainMenu()
10:44:57.458 [FXGL Background Thread 1 ] DEBUG FXGL.DefaultMenu     - createOptionsMenu()
10:44:57.468 [FXGL Background Thread 1 ] DEBUG FXGLAssetLoaderServi - Loading from file system: jar:file:///C:/Users/enric/.m2/repository/com/github/almasb/fxgl/17.3/fxgl-17.3.jar!/fxglassets/textures/particles/smoke.png
10:44:57.543 [FXGL Background Thread 1 ] DEBUG FXGLAssetLoaderServi - Loading from file system: jar:file:///C:/Users/enric/.m2/repository/com/github/almasb/fxgl/17.3/fxgl-17.3.jar!/fxglassets/textures/particles/trace_horizontal.png
10:44:57.566 [FXGL Background Thread 1 ] DEBUG FXGL.DefaultMenu     - createMenuBodyGameMenu()
10:44:57.567 [FXGL Background Thread 1 ] DEBUG FXGL.DefaultMenu     - createOptionsMenu()
10:44:57.579 [FXGL Background Thread 1 ] DEBUG GameApplicationServi - Application scenes initialized
10:44:57.590 [FXGL Background Thread 1 ] DEBUG SystemBundleService  - Loading FXGL system data
10:44:57.594 [FXGL Background Thread 1 ] DEBUG FileSystemAccess     - Reading from: C:\Users\enric\Desktop\robe mie\Fermi\triennio\Informatica\Intellij\GiocoClasseQuarta\system\fxgl.bundle
10:44:57.600 [FXGL Background Thread 1 ] DEBUG SystemBundleService  - Bundle FXGL: {}
10:44:57.601 [FXGL Background Thread 1 ] DEBUG UpdaterService       - Checking for updates
10:44:57.605 [FXGL Background Thread 4 ] DEBUG FXGLApplication      - Loading fonts
10:44:57.606 [FXGL Background Thread 4 ] DEBUG FXGLAssetLoaderServi - Loading from file system: jar:file:///C:/Users/enric/.m2/repository/com/github/almasb/fxgl/17.3/fxgl-17.3.jar!/fxglassets/ui/fonts/VarelaRound-Regular.ttf
10:44:57.606 [FXGL Background Thread 1 ] DEBUG FXGLApplication      - Loading default localization
10:44:57.606 [FXGL Background Thread 1 ] DEBUG FXGLAssetLoaderServi - Loading from file system: jar:file:///C:/Users/enric/.m2/repository/com/github/almasb/fxgl/17.3/fxgl-17.3.jar!/fxglassets/languages/english.lang
10:44:57.627 [FXGL Background Thread 1 ] INFO  FXGLApplication      - FXGL initialization took: 0,391 sec
10:44:57.634 [JavaFX Application Thread] DEBUG Input                - Registered new binding: Move Right - D
10:44:57.634 [JavaFX Application Thread] DEBUG Input                - Registered new binding: Move Left - A
10:44:57.634 [JavaFX Application Thread] DEBUG Input                - Registered new binding: Move Up - W
10:44:57.634 [JavaFX Application Thread] DEBUG Input                - Registered new binding: Move Down - S
10:44:57.635 [JavaFX Application Thread] DEBUG FXGLAssetLoaderServi - Loading from file system: jar:file:///C:/Users/enric/.m2/repository/com/github/almasb/fxgl/17.3/fxgl-17.3.jar!/fxglassets/textures/fxgl_icon.png
10:44:57.640 [FXGL Background Thread 4 ] DEBUG FXGLAssetLoaderServi - Loading from file system: jar:file:///C:/Users/enric/.m2/repository/com/github/almasb/fxgl/17.3/fxgl-17.3.jar!/fxglassets/ui/fonts/Abel-Regular.ttf
10:44:57.648 [FXGL Background Thread 4 ] DEBUG FXGLAssetLoaderServi - Loading from file system: jar:file:///C:/Users/enric/.m2/repository/com/github/almasb/fxgl/17.3/fxgl-17.3.jar!/fxglassets/ui/fonts/TerminalLandMono-Regular.otf
10:44:57.652 [JavaFX Application Thread] DEBUG FXGLAssetLoaderServi - Loading from file system: jar:file:///C:/Users/enric/.m2/repository/com/github/almasb/fxgl/17.3/fxgl-17.3.jar!/fxglassets/textures/fxgl_default_cursor.png
10:44:57.654 [JavaFX Application Thread] DEBUG Input                - Registered new binding: Screenshot - CTRL+8
10:44:57.654 [JavaFX Application Thread] DEBUG Input                - Registered new binding: System info dump - CTRL+9
10:44:57.655 [JavaFX Application Thread] DEBUG Input                - Registered new binding: Restart - CTRL+R
10:44:57.655 [FXGL Background Thread 4 ] DEBUG FXGLAssetLoaderServi - Loading from file system: jar:file:///C:/Users/enric/.m2/repository/com/github/almasb/fxgl/17.3/fxgl-17.3.jar!/fxglassets/ui/fonts/Courier-Prime.ttf
10:44:57.655 [JavaFX Application Thread] DEBUG Input                - Registered new binding: Toggle Debug Camera - CTRL+7
10:44:57.658 [JavaFX Application Thread] DEBUG LoopRunner           - Starting loop
10:44:57.658 [JavaFX Application Thread] DEBUG LoopRunner           - Initializing JavaFX AnimationTimerLoop
10:44:57.661 [JavaFX Application Thread] DEBUG Input                - Clearing active input actions
10:44:57.668 [JavaFX Application Thread] DEBUG GameApplicationServi - Removing overlay from FXGLStartupScene and adding to FXGLMainMenuDummyScene
10:44:57.669 [JavaFX Application Thread] DEBUG PrimaryStageWindow   - FXGLStartupScene -> FXGLMainMenuDummyScene
10:44:57.669 [JavaFX Application Thread] DEBUG PrimaryStageWindow   - Push state: FXGLDefaultMenu
10:44:57.673 [JavaFX Application Thread] DEBUG Input                - Clearing active input actions
10:44:57.681 [JavaFX Application Thread] DEBUG GameApplicationServi - Removing overlay from FXGLMainMenuDummyScene and adding to FXGLDefaultMenu
10:44:57.681 [JavaFX Application Thread] DEBUG PrimaryStageWindow   - FXGLMainMenuDummyScene -> FXGLDefaultMenu
10:44:57.753 [JavaFX Application Thread] DEBUG FXGLApplication      - Registering font factories with UI factory
10:44:58.175 [FXGL Background Thread 2 ] INFO  UpdaterService       - Your current version:  17.3
10:44:58.175 [FXGL Background Thread 2 ] INFO  UpdaterService       - Latest stable version: 21.1
10:44:58.697 [JavaFX Application Thread] DEBUG Menu                 - fireNewGame()
10:44:58.697 [JavaFX Application Thread] DEBUG GameApplicationServi - Starting new game
10:44:58.701 [JavaFX Application Thread] DEBUG PrimaryStageWindow   - Pop state: FXGLDefaultMenu
10:44:58.701 [JavaFX Application Thread] DEBUG Input                - Clearing active input actions
10:44:58.704 [JavaFX Application Thread] DEBUG GameApplicationServi - Removing overlay from FXGLDefaultMenu and adding to FXGLMainMenuDummyScene
10:44:58.705 [JavaFX Application Thread] DEBUG PrimaryStageWindow   - FXGLMainMenuDummyScene <- FXGLDefaultMenu
10:44:58.706 [JavaFX Application Thread] DEBUG Input                - Clearing active input actions
10:44:58.735 [JavaFX Application Thread] DEBUG GameApplicationServi - Removing overlay from FXGLMainMenuDummyScene and adding to FXGLLoadingScene
10:44:58.736 [JavaFX Application Thread] DEBUG PrimaryStageWindow   - FXGLMainMenuDummyScene -> FXGLLoadingScene
10:44:58.736 [JavaFX Application Thread] DEBUG GameApplicationServi - Clearing previous game
10:44:58.736 [JavaFX Application Thread] DEBUG GameScene            - Clearing game scene
10:44:58.736 [JavaFX Application Thread] DEBUG GameWorld            - Clearing game world
10:44:58.736 [JavaFX Application Thread] DEBUG PhysicsWorld         - Clearing physics world
10:44:58.741 [FXGL Background Thread 2 ] DEBUG FXGLApplication      - Initializing game
10:44:58.805 [FXGL Background Thread 2 ] WARN  TMXLevelLoader       - TiledMap generated from 1.10.2. Supported version: 1.9.0. Some features may not be parsed fully.
10:44:58.837 [FXGL Background Thread 2 ] DEBUG TMXLevelLoader       - Parsed TiledMap: file:/C:/Users/enric/Desktop/robe%20mie/Fermi/triennio/Informatica/Intellij/GiocoClasseQuarta/target/classes/assets/levels/livello.tmx
10:44:58.837 [FXGL Background Thread 2 ] DEBUG TMXLevelLoader       - Creating tile layer entities
10:44:58.839 [FXGL Background Thread 2 ] DEBUG TilesetLoader        - Loading view for layer ground
10:44:58.867 [FXGL Background Thread 2 ] DEBUG TilesetLoader        - Created buffer with size 3200.0x3200.0
10:44:58.937 [FXGL Background Thread 2 ] DEBUG TMXLevelLoader       - Creating object layer entities
10:44:58.951 [FXGL Background Thread 2 ] DEBUG GameWorld            - Clearing removable entities
10:44:58.952 [FXGL Background Thread 2 ] DEBUG GameWorld            - Setting level: com.almasb.fxgl.entity.level.Level@1c290e90
10:44:58.958 [FXGL Background Thread 2 ] DEBUG FXGLAssetLoaderServi - Loading from file system: file:/C:/Users/enric/Desktop/robe%20mie/Fermi/triennio/Informatica/Intellij/GiocoClasseQuarta/target/classes/assets/textures/matteolongobardi.png
10:44:58.963 [FXGL Background Thread 2 ] DEBUG FXGLAssetLoaderServi - Loading from file system: file:/C:/Users/enric/Desktop/robe%20mie/Fermi/triennio/Informatica/Intellij/GiocoClasseQuarta/target/classes/assets/textures/corsalaterale/corsalaterale1.png
10:44:58.964 [FXGL Background Thread 2 ] DEBUG FXGLAssetLoaderServi - Loading from file system: file:/C:/Users/enric/Desktop/robe%20mie/Fermi/triennio/Informatica/Intellij/GiocoClasseQuarta/target/classes/assets/textures/corsalaterale/corsalaterale2.png
10:44:58.965 [FXGL Background Thread 2 ] DEBUG FXGLAssetLoaderServi - Loading from file system: file:/C:/Users/enric/Desktop/robe%20mie/Fermi/triennio/Informatica/Intellij/GiocoClasseQuarta/target/classes/assets/textures/corsalaterale/corsalaterale3.png
10:44:58.966 [FXGL Background Thread 2 ] DEBUG FXGLAssetLoaderServi - Loading from file system: file:/C:/Users/enric/Desktop/robe%20mie/Fermi/triennio/Informatica/Intellij/GiocoClasseQuarta/target/classes/assets/textures/corsalaterale/corsalaterale4.png
10:44:58.966 [FXGL Background Thread 2 ] DEBUG FXGLAssetLoaderServi - Loading from file system: file:/C:/Users/enric/Desktop/robe%20mie/Fermi/triennio/Informatica/Intellij/GiocoClasseQuarta/target/classes/assets/textures/corsalaterale/corsalaterale5.png
10:44:58.967 [FXGL Background Thread 2 ] DEBUG FXGLAssetLoaderServi - Loading from file system: file:/C:/Users/enric/Desktop/robe%20mie/Fermi/triennio/Informatica/Intellij/GiocoClasseQuarta/target/classes/assets/textures/corsalaterale/corsalaterale6.png
10:44:58.968 [FXGL Background Thread 2 ] DEBUG FXGLAssetLoaderServi - Loading from file system: file:/C:/Users/enric/Desktop/robe%20mie/Fermi/triennio/Informatica/Intellij/GiocoClasseQuarta/target/classes/assets/textures/corsasu/corsasu1.png
10:44:58.968 [FXGL Background Thread 2 ] DEBUG FXGLAssetLoaderServi - Loading from file system: file:/C:/Users/enric/Desktop/robe%20mie/Fermi/triennio/Informatica/Intellij/GiocoClasseQuarta/target/classes/assets/textures/corsasu/corsasu2.png
10:44:58.969 [FXGL Background Thread 2 ] DEBUG FXGLAssetLoaderServi - Loading from file system: file:/C:/Users/enric/Desktop/robe%20mie/Fermi/triennio/Informatica/Intellij/GiocoClasseQuarta/target/classes/assets/textures/corsasu/corsasu3.png
10:44:58.969 [FXGL Background Thread 2 ] DEBUG FXGLAssetLoaderServi - Loading from file system: file:/C:/Users/enric/Desktop/robe%20mie/Fermi/triennio/Informatica/Intellij/GiocoClasseQuarta/target/classes/assets/textures/corsasu/corsasu4.png
10:44:58.970 [FXGL Background Thread 2 ] DEBUG FXGLAssetLoaderServi - Loading from file system: file:/C:/Users/enric/Desktop/robe%20mie/Fermi/triennio/Informatica/Intellij/GiocoClasseQuarta/target/classes/assets/textures/corsasu/corsasu5.png
10:44:58.971 [FXGL Background Thread 2 ] DEBUG FXGLAssetLoaderServi - Loading from file system: file:/C:/Users/enric/Desktop/robe%20mie/Fermi/triennio/Informatica/Intellij/GiocoClasseQuarta/target/classes/assets/textures/corsasu/corsasu6.png
10:44:58.971 [FXGL Background Thread 2 ] DEBUG FXGLAssetLoaderServi - Loading from file system: file:/C:/Users/enric/Desktop/robe%20mie/Fermi/triennio/Informatica/Intellij/GiocoClasseQuarta/target/classes/assets/textures/corsagiu/corsagiu1.png
10:44:58.972 [FXGL Background Thread 2 ] DEBUG FXGLAssetLoaderServi - Loading from file system: file:/C:/Users/enric/Desktop/robe%20mie/Fermi/triennio/Informatica/Intellij/GiocoClasseQuarta/target/classes/assets/textures/corsagiu/corsagiu2.png
10:44:58.973 [FXGL Background Thread 2 ] DEBUG FXGLAssetLoaderServi - Loading from file system: file:/C:/Users/enric/Desktop/robe%20mie/Fermi/triennio/Informatica/Intellij/GiocoClasseQuarta/target/classes/assets/textures/corsagiu/corsagiu3.png
10:44:58.973 [FXGL Background Thread 2 ] DEBUG FXGLAssetLoaderServi - Loading from file system: file:/C:/Users/enric/Desktop/robe%20mie/Fermi/triennio/Informatica/Intellij/GiocoClasseQuarta/target/classes/assets/textures/corsagiu/corsagiu4.png
10:44:58.974 [FXGL Background Thread 2 ] DEBUG FXGLAssetLoaderServi - Loading from file system: file:/C:/Users/enric/Desktop/robe%20mie/Fermi/triennio/Informatica/Intellij/GiocoClasseQuarta/target/classes/assets/textures/corsagiu/corsagiu5.png
10:44:58.974 [FXGL Background Thread 2 ] DEBUG FXGLAssetLoaderServi - Loading from file system: file:/C:/Users/enric/Desktop/robe%20mie/Fermi/triennio/Informatica/Intellij/GiocoClasseQuarta/target/classes/assets/textures/corsagiu/corsagiu6.png
10:44:58.977 [FXGL Background Thread 2 ] INFO  FXGLApplication      - Game initialization took: 0,236 sec
10:44:58.978 [JavaFX Application Thread] DEBUG Input                - Clearing active input actions
10:44:58.983 [JavaFX Application Thread] DEBUG GameApplicationServi - Removing overlay from FXGLLoadingScene and adding to GameScene
10:44:58.983 [JavaFX Application Thread] DEBUG PrimaryStageWindow   - FXGLLoadingScene -> GameScene
10:45:00.603 [FXGL Background Thread 3 ] DEBUG Engine               - Logging environment variables
10:45:00.604 [FXGL Background Thread 3 ] DEBUG Engine               - achievements: []
10:45:00.605 [FXGL Background Thread 3 ] DEBUG Engine               - actualHeight: 720.0
10:45:00.605 [FXGL Background Thread 3 ] DEBUG Engine               - actualHeightProperty: ReadOnlyDoubleProperty [value: 720.0]
10:45:00.605 [FXGL Background Thread 3 ] DEBUG Engine               - actualWidth: 1000.0
10:45:00.606 [FXGL Background Thread 3 ] DEBUG Engine               - actualWidthProperty: ReadOnlyDoubleProperty [value: 1000.0]
10:45:00.606 [FXGL Background Thread 3 ] DEBUG Engine               - appIcon: fxgl_icon.png
10:45:00.606 [FXGL Background Thread 3 ] DEBUG Engine               - applicationMode: DEVELOPER
10:45:00.606 [FXGL Background Thread 3 ] DEBUG Engine               - cSSList: [fxgl_dark.css]
10:45:00.606 [FXGL Background Thread 3 ] DEBUG Engine               - collisionDetectionStrategy: BRUTE_FORCE
10:45:00.607 [FXGL Background Thread 3 ] DEBUG Engine               - configClass: Optional.empty
10:45:00.607 [FXGL Background Thread 3 ] DEBUG Engine               - credits: []
10:45:00.608 [FXGL Background Thread 3 ] DEBUG Engine               - defaultCursor: CursorInfo(imageName=fxgl_default_cursor.png, hotspotX=7.0, hotspotY=6.0)
10:45:00.608 [FXGL Background Thread 3 ] DEBUG Engine               - devBBoxColorProperty: ObjectProperty [value: 0xff0000ff]
10:45:00.609 [FXGL Background Thread 3 ] DEBUG Engine               - devEnableDebugCameraProperty: BooleanProperty [value: false]
10:45:00.609 [FXGL Background Thread 3 ] DEBUG Engine               - devSensorColorProperty: ObjectProperty [value: 0xffff00ff]
10:45:00.609 [FXGL Background Thread 3 ] DEBUG Engine               - devShowBBoxProperty: BooleanProperty [value: false]
10:45:00.609 [FXGL Background Thread 3 ] DEBUG Engine               - devShowPositionProperty: BooleanProperty [value: false]
10:45:00.610 [FXGL Background Thread 3 ] DEBUG Engine               - enabledMenuItems: []
10:45:00.610 [FXGL Background Thread 3 ] DEBUG Engine               - engineServices: [class com.almasb.fxgl.app.services.FXGLAssetLoaderService, class com.almasb.fxgl.app.FXGLApplication$GameApplicationService, class com.almasb.fxgl.app.services.FXGLDialogService, class com.almasb.fxgl.app.services.IOTaskExecutorService, class com.almasb.fxgl.io.FileSystemService, class com.almasb.fxgl.localization.LocalizationService, class com.almasb.fxgl.app.services.SystemBundleService, class com.almasb.fxgl.profile.SaveLoadService, class com.almasb.fxgl.ui.FXGLUIFactoryServiceProvider, class com.almasb.fxgl.ui.FXGLDialogFactoryServiceProvider, class com.almasb.fxgl.audio.AudioPlayer, class com.almasb.fxgl.notification.impl.NotificationServiceProvider, class com.almasb.fxgl.achievement.AchievementService, class com.almasb.fxgl.cutscene.CutsceneService, class com.almasb.fxgl.minigames.MiniGameService, class com.almasb.fxgl.net.NetService, class com.almasb.fxgl.app.services.UpdaterService, class com.almasb.fxgl.dev.DevService]
10:45:00.610 [FXGL Background Thread 3 ] DEBUG Engine               - fontGame: Abel-Regular.ttf
10:45:00.610 [FXGL Background Thread 3 ] DEBUG Engine               - fontMono: TerminalLandMono-Regular.otf
10:45:00.610 [FXGL Background Thread 3 ] DEBUG Engine               - fontSizeScaleUI: 1.0
10:45:00.611 [FXGL Background Thread 3 ] DEBUG Engine               - fontText: Courier-Prime.ttf
10:45:00.611 [FXGL Background Thread 3 ] DEBUG Engine               - fontUI: VarelaRound-Regular.ttf
10:45:00.611 [FXGL Background Thread 3 ] DEBUG Engine               - fullScreen: BooleanProperty [value: false]
10:45:00.611 [FXGL Background Thread 3 ] DEBUG Engine               - gameDifficulty: MEDIUM
10:45:00.611 [FXGL Background Thread 3 ] DEBUG Engine               - gameDifficultyProperty: ObjectProperty [value: MEDIUM]
10:45:00.612 [FXGL Background Thread 3 ] DEBUG Engine               - globalMusicVolume: 0.5
10:45:00.612 [FXGL Background Thread 3 ] DEBUG Engine               - globalMusicVolumeProperty: DoubleProperty [value: 0.5]
10:45:00.612 [FXGL Background Thread 3 ] DEBUG Engine               - globalSoundVolume: 0.5
10:45:00.612 [FXGL Background Thread 3 ] DEBUG Engine               - globalSoundVolumeProperty: DoubleProperty [value: 0.5]
10:45:00.613 [FXGL Background Thread 3 ] DEBUG Engine               - height: 720
10:45:00.613 [FXGL Background Thread 3 ] DEBUG Engine               - is3D: false
10:45:00.613 [FXGL Background Thread 3 ] DEBUG Engine               - isAndroid: false
10:45:00.613 [FXGL Background Thread 3 ] DEBUG Engine               - isBrowser: false
10:45:00.614 [FXGL Background Thread 3 ] DEBUG Engine               - isClickFeedbackEnabled: false
10:45:00.614 [FXGL Background Thread 3 ] DEBUG Engine               - isCloseConfirmation: false
10:45:00.614 [FXGL Background Thread 3 ] DEBUG Engine               - isDesktop: true
10:45:00.614 [FXGL Background Thread 3 ] DEBUG Engine               - isDeveloperMenuEnabled: false
10:45:00.614 [FXGL Background Thread 3 ] DEBUG Engine               - isEmbedded: false
10:45:00.615 [FXGL Background Thread 3 ] DEBUG Engine               - isEntityPreloadEnabled: true
10:45:00.615 [FXGL Background Thread 3 ] DEBUG Engine               - isExperimentalTiledLargeMap: false
10:45:00.615 [FXGL Background Thread 3 ] DEBUG Engine               - isFileSystemWriteAllowed: true
10:45:00.615 [FXGL Background Thread 3 ] DEBUG Engine               - isFullScreenAllowed: false
10:45:00.615 [FXGL Background Thread 3 ] DEBUG Engine               - isFullScreenFromStart: false
10:45:00.616 [FXGL Background Thread 3 ] DEBUG Engine               - isGameMenuEnabled: true
10:45:00.616 [FXGL Background Thread 3 ] DEBUG Engine               - isIOS: false
10:45:00.616 [FXGL Background Thread 3 ] DEBUG Engine               - isIntroEnabled: false
10:45:00.616 [FXGL Background Thread 3 ] DEBUG Engine               - isLinux: false
10:45:00.616 [FXGL Background Thread 3 ] DEBUG Engine               - isMac: false
10:45:00.617 [FXGL Background Thread 3 ] DEBUG Engine               - isMainMenuEnabled: true
10:45:00.617 [FXGL Background Thread 3 ] DEBUG Engine               - isManualResizeEnabled: false
10:45:00.617 [FXGL Background Thread 3 ] DEBUG Engine               - isMobile: false
10:45:00.618 [FXGL Background Thread 3 ] DEBUG Engine               - isNative: false
10:45:00.618 [FXGL Background Thread 3 ] DEBUG Engine               - isPauseMusicWhenMinimized: true
10:45:00.618 [FXGL Background Thread 3 ] DEBUG Engine               - isPreserveResizeRatio: false
10:45:00.618 [FXGL Background Thread 3 ] DEBUG Engine               - isProfilingEnabled: false
10:45:00.618 [FXGL Background Thread 3 ] DEBUG Engine               - isScaleAffectedOnResize: true
10:45:00.619 [FXGL Background Thread 3 ] DEBUG Engine               - isSingleStep: false
10:45:00.619 [FXGL Background Thread 3 ] DEBUG Engine               - isUserProfileEnabled: false
10:45:00.619 [FXGL Background Thread 3 ] DEBUG Engine               - isWindows: true
10:45:00.619 [FXGL Background Thread 3 ] DEBUG Engine               - language: ObjectProperty [value: ENGLISH]
10:45:00.619 [FXGL Background Thread 3 ] DEBUG Engine               - menuKey: ESCAPE
10:45:00.619 [FXGL Background Thread 3 ] DEBUG Engine               - mouseSensitivity: 0.2
10:45:00.620 [FXGL Background Thread 3 ] DEBUG Engine               - notificationViewClass: class com.almasb.fxgl.notification.view.XboxNotificationView
10:45:00.620 [FXGL Background Thread 3 ] DEBUG Engine               - pixelsPerMeter: 50.0
10:45:00.620 [FXGL Background Thread 3 ] DEBUG Engine               - platform: WINDOWS
10:45:00.620 [FXGL Background Thread 3 ] DEBUG Engine               - prefHeightProperty: ReadOnlyDoubleProperty [value: 720.0]
10:45:00.620 [FXGL Background Thread 3 ] DEBUG Engine               - prefWidthProperty: ReadOnlyDoubleProperty [value: 1000.0]
10:45:00.621 [FXGL Background Thread 3 ] DEBUG Engine               - profileDir: profiles/
10:45:00.621 [FXGL Background Thread 3 ] DEBUG Engine               - profileName: StringProperty [value: DEFAULT]
10:45:00.621 [FXGL Background Thread 3 ] DEBUG Engine               - randomSeed: -1
10:45:00.622 [FXGL Background Thread 3 ] DEBUG Engine               - runtimeInfo: RuntimeInfo(platform=WINDOWS, version=17.3, build=30.03.2023 11.49)
10:45:00.622 [FXGL Background Thread 3 ] DEBUG Engine               - saveFileExt: sav
10:45:00.622 [FXGL Background Thread 3 ] DEBUG Engine               - scaledHeightProp$fxgl: DoubleProperty [bound, value: 720.0]
10:45:00.623 [FXGL Background Thread 3 ] DEBUG Engine               - scaledWidthProp$fxgl: DoubleProperty [bound, value: 1000.0]
10:45:00.623 [FXGL Background Thread 3 ] DEBUG Engine               - sceneFactory: com.game.pokemon.FabbricaScene@62a89d49
10:45:00.623 [FXGL Background Thread 3 ] DEBUG Engine               - secondsIn24h: 60
10:45:00.623 [FXGL Background Thread 3 ] DEBUG Engine               - soundMenuBack: menu/back.wav
10:45:00.623 [FXGL Background Thread 3 ] DEBUG Engine               - soundMenuPress: menu/press.wav
10:45:00.623 [FXGL Background Thread 3 ] DEBUG Engine               - soundMenuSelect: menu/select.wav
10:45:00.623 [FXGL Background Thread 3 ] DEBUG Engine               - soundNotification: core/notification.wav
10:45:00.624 [FXGL Background Thread 3 ] DEBUG Engine               - stageStyle: DECORATED
10:45:00.624 [FXGL Background Thread 3 ] DEBUG Engine               - supportedLanguages: [ENGLISH, FRENCH, GERMAN, HUNGARIAN, RUSSIAN]
10:45:00.624 [FXGL Background Thread 3 ] DEBUG Engine               - ticksPerSecond: -1
10:45:00.624 [FXGL Background Thread 3 ] DEBUG Engine               - title: Pokemon boh
10:45:00.624 [FXGL Background Thread 3 ] DEBUG Engine               - urlGithub: https://github.com/AlmasB/FXGL
10:45:00.624 [FXGL Background Thread 3 ] DEBUG Engine               - urlLeaderboard: http://fxgl-top.herokuapp.com/
10:45:00.625 [FXGL Background Thread 3 ] DEBUG Engine               - urlPOM: https://raw.githubusercontent.com/AlmasB/FXGL/release/README.md
10:45:00.625 [FXGL Background Thread 3 ] DEBUG Engine               - userAppClass: class com.game.pokemon.PokemonApplication
10:45:00.625 [FXGL Background Thread 3 ] DEBUG Engine               - version: 0.1
10:45:00.625 [FXGL Background Thread 3 ] DEBUG Engine               - versionCheckDays: 7
10:45:00.625 [FXGL Background Thread 3 ] DEBUG Engine               - width: 1000
10:45:00.625 [FXGL Background Thread 3 ] DEBUG Engine               - Logging services
10:45:00.626 [FXGL Background Thread 3 ] DEBUG Engine               - class com.almasb.fxgl.app.services.FXGLAssetLoaderService
10:45:00.626 [FXGL Background Thread 3 ] DEBUG Engine               - class com.almasb.fxgl.app.FXGLApplication$GameApplicationService
10:45:00.626 [FXGL Background Thread 3 ] DEBUG Engine               - class com.almasb.fxgl.app.services.FXGLDialogService
10:45:00.626 [FXGL Background Thread 3 ] DEBUG Engine               - class com.almasb.fxgl.app.services.IOTaskExecutorService
10:45:00.626 [FXGL Background Thread 3 ] DEBUG Engine               - class com.almasb.fxgl.io.FileSystemService
10:45:00.626 [FXGL Background Thread 3 ] DEBUG Engine               - class com.almasb.fxgl.localization.LocalizationService
10:45:00.626 [FXGL Background Thread 3 ] DEBUG Engine               - class com.almasb.fxgl.app.services.SystemBundleService
10:45:00.627 [FXGL Background Thread 3 ] DEBUG Engine               - class com.almasb.fxgl.profile.SaveLoadService
10:45:00.627 [FXGL Background Thread 3 ] DEBUG Engine               - class com.almasb.fxgl.ui.FXGLUIFactoryServiceProvider
10:45:00.627 [FXGL Background Thread 3 ] DEBUG Engine               - class com.almasb.fxgl.ui.FXGLDialogFactoryServiceProvider
10:45:00.627 [FXGL Background Thread 3 ] DEBUG Engine               - class com.almasb.fxgl.audio.AudioPlayer
10:45:00.627 [FXGL Background Thread 3 ] DEBUG Engine               - class com.almasb.fxgl.notification.impl.NotificationServiceProvider
10:45:00.627 [FXGL Background Thread 3 ] DEBUG Engine               - class com.almasb.fxgl.achievement.AchievementService
10:45:00.627 [FXGL Background Thread 3 ] DEBUG Engine               - class com.almasb.fxgl.cutscene.CutsceneService
10:45:00.628 [FXGL Background Thread 3 ] DEBUG Engine               - class com.almasb.fxgl.minigames.MiniGameService
10:45:00.628 [FXGL Background Thread 3 ] DEBUG Engine               - class com.almasb.fxgl.net.NetService
10:45:00.628 [FXGL Background Thread 3 ] DEBUG Engine               - class com.almasb.fxgl.app.services.UpdaterService
10:45:00.628 [FXGL Background Thread 3 ] DEBUG Engine               - class com.almasb.fxgl.dev.DevService
10:45:08.449 [JavaFX Application Thread] DEBUG PrimaryStageWindow   - Push state: FXGLDefaultMenu
10:45:08.450 [JavaFX Application Thread] DEBUG Input                - Clearing active input actions
10:45:08.454 [JavaFX Application Thread] DEBUG GameApplicationServi - Removing overlay from GameScene and adding to FXGLDefaultMenu
10:45:08.454 [JavaFX Application Thread] DEBUG PrimaryStageWindow   - GameScene -> FXGLDefaultMenu
10:45:09.560 [JavaFX Application Thread] DEBUG Menu                 - fireExitToMainMenu()
10:45:09.562 [JavaFX Application Thread] DEBUG PrimaryStageWindow   - Push state: DialogSubScene
10:45:09.562 [JavaFX Application Thread] DEBUG Input                - Clearing active input actions
10:45:09.562 [JavaFX Application Thread] DEBUG GameApplicationServi - Removing overlay from FXGLDefaultMenu and adding to DialogSubScene
10:45:09.562 [JavaFX Application Thread] DEBUG PrimaryStageWindow   - FXGLDefaultMenu -> DialogSubScene
10:45:10.522 [JavaFX Application Thread] DEBUG PrimaryStageWindow   - Pop state: DialogSubScene
10:45:10.522 [JavaFX Application Thread] DEBUG Input                - Clearing active input actions
10:45:10.524 [JavaFX Application Thread] DEBUG GameApplicationServi - Removing overlay from DialogSubScene and adding to FXGLDefaultMenu
10:45:10.524 [JavaFX Application Thread] DEBUG PrimaryStageWindow   - FXGLDefaultMenu <- DialogSubScene
10:45:10.525 [JavaFX Application Thread] DEBUG PrimaryStageWindow   - Pop state: FXGLDefaultMenu
10:45:10.525 [JavaFX Application Thread] DEBUG Input                - Clearing active input actions
10:45:10.526 [JavaFX Application Thread] DEBUG GameApplicationServi - Removing overlay from FXGLDefaultMenu and adding to GameScene
10:45:10.527 [JavaFX Application Thread] DEBUG PrimaryStageWindow   - GameScene <- FXGLDefaultMenu
10:45:10.527 [JavaFX Application Thread] DEBUG Input                - Clearing active input actions
10:45:10.542 [JavaFX Application Thread] DEBUG GameApplicationServi - Removing overlay from GameScene and adding to FXGLMainMenuDummyScene
10:45:10.543 [JavaFX Application Thread] DEBUG PrimaryStageWindow   - GameScene -> FXGLMainMenuDummyScene
10:45:10.543 [JavaFX Application Thread] DEBUG PrimaryStageWindow   - Push state: FXGLDefaultMenu
10:45:10.544 [JavaFX Application Thread] DEBUG Input                - Clearing active input actions
10:45:10.552 [JavaFX Application Thread] DEBUG GameApplicationServi - Removing overlay from FXGLMainMenuDummyScene and adding to FXGLDefaultMenu
10:45:10.553 [JavaFX Application Thread] DEBUG PrimaryStageWindow   - FXGLMainMenuDummyScene -> FXGLDefaultMenu
10:45:11.663 [JavaFX Application Thread] DEBUG Menu                 - fireExit()
10:45:11.665 [JavaFX Application Thread] DEBUG PrimaryStageWindow   - Push state: DialogSubScene
10:45:11.665 [JavaFX Application Thread] DEBUG Input                - Clearing active input actions
10:45:11.667 [JavaFX Application Thread] DEBUG GameApplicationServi - Removing overlay from FXGLDefaultMenu and adding to DialogSubScene
10:45:11.667 [JavaFX Application Thread] DEBUG PrimaryStageWindow   - FXGLDefaultMenu -> DialogSubScene
10:45:12.488 [JavaFX Application Thread] DEBUG PrimaryStageWindow   - Pop state: DialogSubScene
10:45:12.488 [JavaFX Application Thread] DEBUG Input                - Clearing active input actions
10:45:12.488 [JavaFX Application Thread] DEBUG GameApplicationServi - Removing overlay from DialogSubScene and adding to FXGLDefaultMenu
10:45:12.488 [JavaFX Application Thread] DEBUG PrimaryStageWindow   - FXGLDefaultMenu <- DialogSubScene
10:45:12.488 [JavaFX Application Thread] DEBUG FXGLApplication      - Exiting FXGL
10:45:12.488 [JavaFX Application Thread] DEBUG LoopRunner           - Stopping loop
10:45:12.488 [JavaFX Application Thread] DEBUG SystemBundleService  - Saving FXGL system data
10:45:12.490 [JavaFX Application Thread] DEBUG FileSystemAccess     - Writing to: C:\Users\enric\Desktop\robe mie\Fermi\triennio\Informatica\Intellij\GiocoClasseQuarta\system\fxgl.bundle
10:45:12.491 [JavaFX Application Thread] DEBUG Async                - Shutting down background threads
10:45:12.491 [JavaFX Application Thread] DEBUG PrimaryStageWindow   - Closing main window
10:45:12.501 [JavaFX Application Thread] DEBUG Logger               - Closing Logger
