12:08:23.538 [main                     ] DEBUG Logger               - Configured Logger
12:08:23.558 [main                     ] DEBUG GameApplication      - Logging settings
Title: Megaman
Version: 0.1
Width: 1536
Height: 864
Fullscreen: true
Intro: false
Profiling: false
Single step:false
App Mode: DEVELOPER
Menu Key: ESCAPE
Stage Style: DECORATED
Scene Factory: class com.almasb.fxgl.app.scene.SceneFactory

12:08:23.832 [JavaFX Application Thread] DEBUG FXGLApplication      - Initializing FXGL
12:08:23.837 [JavaFX Application Thread] INFO  Engine               - FXGL-17.3 (30.03.2023 11.49) on WINDOWS (J:22.0.1 FX:22-ea)
12:08:23.837 [JavaFX Application Thread] DEBUG Engine               - JRE Vendor Name: Oracle Corporation
12:08:23.838 [JavaFX Application Thread] DEBUG Engine               - Running on OS: Windows 11 version 10.0
12:08:23.838 [JavaFX Application Thread] DEBUG Engine               - Architecture: amd64
12:08:23.838 [JavaFX Application Thread] INFO  Engine               - Source code and latest versions at: https://github.com/AlmasB/FXGL
12:08:23.838 [JavaFX Application Thread] INFO  Engine               -       Ask questions and discuss at: https://github.com/AlmasB/FXGL/discussions
12:08:23.838 [JavaFX Application Thread] INFO  Engine               -              Join the FXGL chat at: https://gitter.im/AlmasB/FXGL
12:08:23.918 [JavaFX Application Thread] DEBUG PrimaryStageWindow   - Creating a JavaFX scene
12:08:23.954 [JavaFX Application Thread] DEBUG PrimaryStageWindow   - Target settings size: 1536.0 x 864.0
12:08:23.954 [JavaFX Application Thread] DEBUG PrimaryStageWindow   - Scaled scene size:    1536.0 x 864.0
12:08:23.955 [JavaFX Application Thread] DEBUG PrimaryStageWindow   - Scaled ratio: (1.0, 1.0)
12:08:23.956 [JavaFX Application Thread] DEBUG PrimaryStageWindow   - Set initial scene to FXGLStartupScene
12:08:23.959 [JavaFX Application Thread] DEBUG PrimaryStageWindow   - Opening main window
12:08:24.039 [JavaFX Application Thread] DEBUG PrimaryStageWindow   - Window border size: (14.4000244140625, 37.5999755859375)
12:08:24.040 [JavaFX Application Thread] DEBUG PrimaryStageWindow   - Scaled size: 1536.0 x 864.0
12:08:24.040 [JavaFX Application Thread] DEBUG PrimaryStageWindow   - Scaled ratio: (1.0, 1.0)
12:08:24.040 [JavaFX Application Thread] DEBUG PrimaryStageWindow   - Scene size: 1536.0 x 864.0
12:08:24.041 [JavaFX Application Thread] DEBUG PrimaryStageWindow   - Stage size: 1550.4000244140625 x 901.5999755859375
12:08:24.104 [JavaFX Application Thread] DEBUG PrimaryStageWindow   - Going fullscreen
12:08:24.111 [FXGL Background Thread 1 ] DEBUG Engine               - Initializing environment variables
12:08:24.155 [FXGL Background Thread 1 ] DEBUG FXGLAssetLoaderServi - User app class for loading assets: class com.game.megaman2.MegamanApplication
12:08:24.155 [FXGL Background Thread 1 ] DEBUG GameApplicationServi - Applying CSS: fxgl_dark.css
12:08:24.156 [FXGL Background Thread 1 ] DEBUG FXGLAssetLoaderServi - Loading from file system: jar:file:///C:/Users/enric/.m2/repository/com/github/almasb/fxgl/17.3/fxgl-17.3.jar!/fxglassets/ui/css/fxgl_dark.css
12:08:24.206 [FXGL Background Thread 1 ] DEBUG GameApplicationServi - Initializing application scenes
12:08:24.247 [FXGL Background Thread 1 ] DEBUG GameWorld            - Game world initialized
12:08:24.320 [FXGL Background Thread 1 ] DEBUG PhysicsWorld         - Physics world initialized: appHeight=864, physics.ppm=50,0
12:08:24.321 [FXGL Background Thread 1 ] DEBUG PhysicsWorld         - Using strategy: BRUTE_FORCE
12:08:24.323 [FXGL Background Thread 1 ] DEBUG GameScene            - Game scene initialized: 1536x864
12:08:24.333 [FXGL Background Thread 1 ] DEBUG FXGL.DefaultMenu     - createMenuBodyGameMenu()
12:08:24.344 [FXGL Background Thread 1 ] DEBUG FXGL.DefaultMenu     - createOptionsMenu()
12:08:24.352 [FXGL Background Thread 1 ] DEBUG FXGLAssetLoaderServi - Loading from file system: jar:file:///C:/Users/enric/.m2/repository/com/github/almasb/fxgl/17.3/fxgl-17.3.jar!/fxglassets/textures/particles/smoke.png
12:08:24.441 [FXGL Background Thread 1 ] DEBUG FXGLAssetLoaderServi - Loading from file system: jar:file:///C:/Users/enric/.m2/repository/com/github/almasb/fxgl/17.3/fxgl-17.3.jar!/fxglassets/textures/particles/trace_horizontal.png
12:08:24.469 [FXGL Background Thread 1 ] DEBUG GameApplicationServi - Application scenes initialized
12:08:24.480 [FXGL Background Thread 1 ] DEBUG SystemBundleService  - Loading FXGL system data
12:08:24.483 [FXGL Background Thread 1 ] DEBUG FileSystemAccess     - Reading from: C:\Users\enric\Desktop\robe mie\Fermi\triennio\Informatica\Intellij\GiocoClasseQuarta\system\fxgl.bundle
12:08:24.491 [FXGL Background Thread 1 ] DEBUG SystemBundleService  - Bundle FXGL: {}
12:08:24.491 [FXGL Background Thread 1 ] DEBUG UpdaterService       - Checking for updates
12:08:24.494 [FXGL Background Thread 4 ] DEBUG FXGLApplication      - Loading fonts
12:08:24.495 [FXGL Background Thread 4 ] DEBUG FXGLAssetLoaderServi - Loading from file system: jar:file:///C:/Users/enric/.m2/repository/com/github/almasb/fxgl/17.3/fxgl-17.3.jar!/fxglassets/ui/fonts/VarelaRound-Regular.ttf
12:08:24.498 [FXGL Background Thread 1 ] DEBUG FXGLApplication      - Loading default localization
12:08:24.498 [FXGL Background Thread 1 ] DEBUG FXGLAssetLoaderServi - Loading from file system: jar:file:///C:/Users/enric/.m2/repository/com/github/almasb/fxgl/17.3/fxgl-17.3.jar!/fxglassets/languages/english.lang
12:08:24.521 [FXGL Background Thread 1 ] INFO  FXGLApplication      - FXGL initialization took: 0,411 sec
12:08:24.533 [JavaFX Application Thread] DEBUG Input                - Registered new binding: Move Right - D
12:08:24.533 [JavaFX Application Thread] DEBUG Input                - Registered new binding: Move Left - A
12:08:24.533 [JavaFX Application Thread] DEBUG Input                - Registered new binding: Move Up - W
12:08:24.534 [JavaFX Application Thread] DEBUG Input                - Registered new binding: Move Down - S
12:08:24.534 [JavaFX Application Thread] DEBUG Input                - Registered new binding: action0 - F
12:08:24.534 [FXGL Background Thread 4 ] DEBUG FXGLAssetLoaderServi - Loading from file system: jar:file:///C:/Users/enric/.m2/repository/com/github/almasb/fxgl/17.3/fxgl-17.3.jar!/fxglassets/ui/fonts/Abel-Regular.ttf
12:08:24.535 [JavaFX Application Thread] DEBUG FXGLAssetLoaderServi - Loading from file system: jar:file:///C:/Users/enric/.m2/repository/com/github/almasb/fxgl/17.3/fxgl-17.3.jar!/fxglassets/textures/fxgl_icon.png
12:08:24.546 [FXGL Background Thread 4 ] DEBUG FXGLAssetLoaderServi - Loading from file system: jar:file:///C:/Users/enric/.m2/repository/com/github/almasb/fxgl/17.3/fxgl-17.3.jar!/fxglassets/ui/fonts/TerminalLandMono-Regular.otf
12:08:24.556 [FXGL Background Thread 4 ] DEBUG FXGLAssetLoaderServi - Loading from file system: jar:file:///C:/Users/enric/.m2/repository/com/github/almasb/fxgl/17.3/fxgl-17.3.jar!/fxglassets/ui/fonts/Courier-Prime.ttf
12:08:24.558 [JavaFX Application Thread] DEBUG FXGLAssetLoaderServi - Loading from file system: jar:file:///C:/Users/enric/.m2/repository/com/github/almasb/fxgl/17.3/fxgl-17.3.jar!/fxglassets/textures/fxgl_default_cursor.png
12:08:24.560 [JavaFX Application Thread] DEBUG Input                - Registered new binding: Screenshot - CTRL+8
12:08:24.561 [JavaFX Application Thread] DEBUG Input                - Registered new binding: System info dump - CTRL+9
12:08:24.561 [JavaFX Application Thread] DEBUG Input                - Registered new binding: Restart - CTRL+R
12:08:24.562 [JavaFX Application Thread] DEBUG Input                - Registered new binding: Toggle Debug Camera - CTRL+7
12:08:24.565 [JavaFX Application Thread] DEBUG LoopRunner           - Starting loop
12:08:24.565 [JavaFX Application Thread] DEBUG LoopRunner           - Initializing JavaFX AnimationTimerLoop
12:08:24.568 [JavaFX Application Thread] DEBUG GameApplicationServi - Starting new game
12:08:24.568 [JavaFX Application Thread] DEBUG Input                - Clearing active input actions
12:08:24.587 [JavaFX Application Thread] DEBUG GameApplicationServi - Removing overlay from FXGLStartupScene and adding to FXGLLoadingScene
12:08:24.587 [JavaFX Application Thread] DEBUG PrimaryStageWindow   - FXGLStartupScene -> FXGLLoadingScene
12:08:24.587 [JavaFX Application Thread] DEBUG GameApplicationServi - Clearing previous game
12:08:24.587 [JavaFX Application Thread] DEBUG GameScene            - Clearing game scene
12:08:24.587 [JavaFX Application Thread] DEBUG GameWorld            - Clearing game world
12:08:24.588 [JavaFX Application Thread] DEBUG PhysicsWorld         - Clearing physics world
12:08:24.589 [FXGL Background Thread 4 ] DEBUG FXGLApplication      - Initializing game
12:08:24.589 [JavaFX Application Thread] DEBUG FXGLApplication      - Registering font factories with UI factory
12:08:24.590 [FXGL Background Thread 4 ] DEBUG FXGLAssetLoaderServi - Loading from file system: file:/C:/Users/enric/Desktop/robe%20mie/Fermi/triennio/Informatica/Intellij/GiocoClasseQuarta/target/classes/assets/textures/corsa/corsa1.png
12:08:24.592 [FXGL Background Thread 4 ] DEBUG FXGLAssetLoaderServi - Loading from file system: file:/C:/Users/enric/Desktop/robe%20mie/Fermi/triennio/Informatica/Intellij/GiocoClasseQuarta/target/classes/assets/textures/corsa/corsa2.png
12:08:24.593 [FXGL Background Thread 4 ] DEBUG FXGLAssetLoaderServi - Loading from file system: file:/C:/Users/enric/Desktop/robe%20mie/Fermi/triennio/Informatica/Intellij/GiocoClasseQuarta/target/classes/assets/textures/corsa/corsa3.png
12:08:24.594 [FXGL Background Thread 4 ] DEBUG FXGLAssetLoaderServi - Loading from file system: file:/C:/Users/enric/Desktop/robe%20mie/Fermi/triennio/Informatica/Intellij/GiocoClasseQuarta/target/classes/assets/textures/corsa/corsa4.png
12:08:24.595 [FXGL Background Thread 4 ] DEBUG FXGLAssetLoaderServi - Loading from file system: file:/C:/Users/enric/Desktop/robe%20mie/Fermi/triennio/Informatica/Intellij/GiocoClasseQuarta/target/classes/assets/textures/corsa/corsa5.png
12:08:24.596 [FXGL Background Thread 4 ] DEBUG FXGLAssetLoaderServi - Loading from file system: file:/C:/Users/enric/Desktop/robe%20mie/Fermi/triennio/Informatica/Intellij/GiocoClasseQuarta/target/classes/assets/textures/corsa/corsa6.png
12:08:24.597 [FXGL Background Thread 4 ] DEBUG FXGLAssetLoaderServi - Loading from file system: file:/C:/Users/enric/Desktop/robe%20mie/Fermi/triennio/Informatica/Intellij/GiocoClasseQuarta/target/classes/assets/textures/corsa/corsa7.png
12:08:24.599 [FXGL Background Thread 4 ] DEBUG FXGLAssetLoaderServi - Loading from file system: file:/C:/Users/enric/Desktop/robe%20mie/Fermi/triennio/Informatica/Intellij/GiocoClasseQuarta/target/classes/assets/textures/corsa/corsa8.png
12:08:24.599 [FXGL Background Thread 4 ] DEBUG FXGLAssetLoaderServi - Loading from file system: file:/C:/Users/enric/Desktop/robe%20mie/Fermi/triennio/Informatica/Intellij/GiocoClasseQuarta/target/classes/assets/textures/corsa/corsa9.png
12:08:24.600 [FXGL Background Thread 4 ] DEBUG FXGLAssetLoaderServi - Loading from file system: file:/C:/Users/enric/Desktop/robe%20mie/Fermi/triennio/Informatica/Intellij/GiocoClasseQuarta/target/classes/assets/textures/corsa/corsa10.png
12:08:24.601 [FXGL Background Thread 4 ] DEBUG FXGLAssetLoaderServi - Loading from file system: file:/C:/Users/enric/Desktop/robe%20mie/Fermi/triennio/Informatica/Intellij/GiocoClasseQuarta/target/classes/assets/textures/corsa/corsa11.png
12:08:24.612 [FXGL Background Thread 4 ] DEBUG FXGLAssetLoaderServi - Loading from file system: file:/C:/Users/enric/Desktop/robe%20mie/Fermi/triennio/Informatica/Intellij/GiocoClasseQuarta/target/classes/assets/textures/spawn8.png
12:08:24.640 [FXGL Background Thread 4 ] DEBUG FXGLAssetLoaderServi - Loading from file system: file:/C:/Users/enric/Desktop/robe%20mie/Fermi/triennio/Informatica/Intellij/GiocoClasseQuarta/target/classes/assets/textures/sfondo1.jpg
12:08:24.676 [FXGL Background Thread 4 ] INFO  FXGLApplication      - Game initialization took: 0,087 sec
12:08:24.723 [JavaFX Application Thread] DEBUG Input                - Clearing active input actions
12:08:24.734 [JavaFX Application Thread] DEBUG GameApplicationServi - Removing overlay from FXGLLoadingScene and adding to GameScene
12:08:24.735 [JavaFX Application Thread] DEBUG PrimaryStageWindow   - FXGLLoadingScene -> GameScene
12:08:24.980 [FXGL Background Thread 2 ] INFO  UpdaterService       - Your current version:  17.3
12:08:24.980 [FXGL Background Thread 2 ] INFO  UpdaterService       - Latest stable version: 21.1
12:08:27.494 [FXGL Background Thread 3 ] DEBUG Engine               - Logging environment variables
12:08:27.494 [FXGL Background Thread 3 ] DEBUG Engine               - achievements: []
12:08:27.494 [FXGL Background Thread 3 ] DEBUG Engine               - actualHeight: 864.0
12:08:27.494 [FXGL Background Thread 3 ] DEBUG Engine               - actualHeightProperty: ReadOnlyDoubleProperty [value: 864.0]
12:08:27.494 [FXGL Background Thread 3 ] DEBUG Engine               - actualWidth: 1536.0
12:08:27.494 [FXGL Background Thread 3 ] DEBUG Engine               - actualWidthProperty: ReadOnlyDoubleProperty [value: 1536.0]
12:08:27.494 [FXGL Background Thread 3 ] DEBUG Engine               - appIcon: fxgl_icon.png
12:08:27.494 [FXGL Background Thread 3 ] DEBUG Engine               - applicationMode: DEVELOPER
12:08:27.495 [FXGL Background Thread 3 ] DEBUG Engine               - cSSList: [fxgl_dark.css]
12:08:27.495 [FXGL Background Thread 3 ] DEBUG Engine               - collisionDetectionStrategy: BRUTE_FORCE
12:08:27.495 [FXGL Background Thread 3 ] DEBUG Engine               - configClass: Optional.empty
12:08:27.495 [FXGL Background Thread 3 ] DEBUG Engine               - credits: []
12:08:27.495 [FXGL Background Thread 3 ] DEBUG Engine               - defaultCursor: CursorInfo(imageName=fxgl_default_cursor.png, hotspotX=7.0, hotspotY=6.0)
12:08:27.495 [FXGL Background Thread 3 ] DEBUG Engine               - devBBoxColorProperty: ObjectProperty [value: 0xff0000ff]
12:08:27.495 [FXGL Background Thread 3 ] DEBUG Engine               - devEnableDebugCameraProperty: BooleanProperty [value: false]
12:08:27.495 [FXGL Background Thread 3 ] DEBUG Engine               - devSensorColorProperty: ObjectProperty [value: 0xffff00ff]
12:08:27.495 [FXGL Background Thread 3 ] DEBUG Engine               - devShowBBoxProperty: BooleanProperty [value: false]
12:08:27.495 [FXGL Background Thread 3 ] DEBUG Engine               - devShowPositionProperty: BooleanProperty [value: false]
12:08:27.495 [FXGL Background Thread 3 ] DEBUG Engine               - enabledMenuItems: []
12:08:27.496 [FXGL Background Thread 3 ] DEBUG Engine               - engineServices: [class com.almasb.fxgl.app.services.FXGLAssetLoaderService, class com.almasb.fxgl.app.FXGLApplication$GameApplicationService, class com.almasb.fxgl.app.services.FXGLDialogService, class com.almasb.fxgl.app.services.IOTaskExecutorService, class com.almasb.fxgl.io.FileSystemService, class com.almasb.fxgl.localization.LocalizationService, class com.almasb.fxgl.app.services.SystemBundleService, class com.almasb.fxgl.profile.SaveLoadService, class com.almasb.fxgl.ui.FXGLUIFactoryServiceProvider, class com.almasb.fxgl.ui.FXGLDialogFactoryServiceProvider, class com.almasb.fxgl.audio.AudioPlayer, class com.almasb.fxgl.notification.impl.NotificationServiceProvider, class com.almasb.fxgl.achievement.AchievementService, class com.almasb.fxgl.cutscene.CutsceneService, class com.almasb.fxgl.minigames.MiniGameService, class com.almasb.fxgl.net.NetService, class com.almasb.fxgl.app.services.UpdaterService, class com.almasb.fxgl.dev.DevService]
12:08:27.496 [FXGL Background Thread 3 ] DEBUG Engine               - fontGame: Abel-Regular.ttf
12:08:27.496 [FXGL Background Thread 3 ] DEBUG Engine               - fontMono: TerminalLandMono-Regular.otf
12:08:27.496 [FXGL Background Thread 3 ] DEBUG Engine               - fontSizeScaleUI: 1.0
12:08:27.496 [FXGL Background Thread 3 ] DEBUG Engine               - fontText: Courier-Prime.ttf
12:08:27.496 [FXGL Background Thread 3 ] DEBUG Engine               - fontUI: VarelaRound-Regular.ttf
12:08:27.496 [FXGL Background Thread 3 ] DEBUG Engine               - fullScreen: BooleanProperty [value: true]
12:08:27.496 [FXGL Background Thread 3 ] DEBUG Engine               - gameDifficulty: MEDIUM
12:08:27.496 [FXGL Background Thread 3 ] DEBUG Engine               - gameDifficultyProperty: ObjectProperty [value: MEDIUM]
12:08:27.496 [FXGL Background Thread 3 ] DEBUG Engine               - globalMusicVolume: 0.5
12:08:27.496 [FXGL Background Thread 3 ] DEBUG Engine               - globalMusicVolumeProperty: DoubleProperty [value: 0.5]
12:08:27.496 [FXGL Background Thread 3 ] DEBUG Engine               - globalSoundVolume: 0.5
12:08:27.496 [FXGL Background Thread 3 ] DEBUG Engine               - globalSoundVolumeProperty: DoubleProperty [value: 0.5]
12:08:27.496 [FXGL Background Thread 3 ] DEBUG Engine               - height: 864
12:08:27.496 [FXGL Background Thread 3 ] DEBUG Engine               - is3D: false
12:08:27.496 [FXGL Background Thread 3 ] DEBUG Engine               - isAndroid: false
12:08:27.496 [FXGL Background Thread 3 ] DEBUG Engine               - isBrowser: false
12:08:27.496 [FXGL Background Thread 3 ] DEBUG Engine               - isClickFeedbackEnabled: false
12:08:27.496 [FXGL Background Thread 3 ] DEBUG Engine               - isCloseConfirmation: false
12:08:27.496 [FXGL Background Thread 3 ] DEBUG Engine               - isDesktop: true
12:08:27.497 [FXGL Background Thread 3 ] DEBUG Engine               - isDeveloperMenuEnabled: false
12:08:27.497 [FXGL Background Thread 3 ] DEBUG Engine               - isEmbedded: false
12:08:27.497 [FXGL Background Thread 3 ] DEBUG Engine               - isEntityPreloadEnabled: true
12:08:27.497 [FXGL Background Thread 3 ] DEBUG Engine               - isExperimentalTiledLargeMap: false
12:08:27.497 [FXGL Background Thread 3 ] DEBUG Engine               - isFileSystemWriteAllowed: true
12:08:27.497 [FXGL Background Thread 3 ] DEBUG Engine               - isFullScreenAllowed: true
12:08:27.497 [FXGL Background Thread 3 ] DEBUG Engine               - isFullScreenFromStart: true
12:08:27.497 [FXGL Background Thread 3 ] DEBUG Engine               - isGameMenuEnabled: true
12:08:27.497 [FXGL Background Thread 3 ] DEBUG Engine               - isIOS: false
12:08:27.497 [FXGL Background Thread 3 ] DEBUG Engine               - isIntroEnabled: false
12:08:27.497 [FXGL Background Thread 3 ] DEBUG Engine               - isLinux: false
12:08:27.497 [FXGL Background Thread 3 ] DEBUG Engine               - isMac: false
12:08:27.497 [FXGL Background Thread 3 ] DEBUG Engine               - isMainMenuEnabled: false
12:08:27.497 [FXGL Background Thread 3 ] DEBUG Engine               - isManualResizeEnabled: false
12:08:27.497 [FXGL Background Thread 3 ] DEBUG Engine               - isMobile: false
12:08:27.497 [FXGL Background Thread 3 ] DEBUG Engine               - isNative: false
12:08:27.497 [FXGL Background Thread 3 ] DEBUG Engine               - isPauseMusicWhenMinimized: true
12:08:27.497 [FXGL Background Thread 3 ] DEBUG Engine               - isPreserveResizeRatio: false
12:08:27.497 [FXGL Background Thread 3 ] DEBUG Engine               - isProfilingEnabled: false
12:08:27.497 [FXGL Background Thread 3 ] DEBUG Engine               - isScaleAffectedOnResize: true
12:08:27.497 [FXGL Background Thread 3 ] DEBUG Engine               - isSingleStep: false
12:08:27.497 [FXGL Background Thread 3 ] DEBUG Engine               - isUserProfileEnabled: false
12:08:27.497 [FXGL Background Thread 3 ] DEBUG Engine               - isWindows: true
12:08:27.497 [FXGL Background Thread 3 ] DEBUG Engine               - language: ObjectProperty [value: ENGLISH]
12:08:27.497 [FXGL Background Thread 3 ] DEBUG Engine               - menuKey: ESCAPE
12:08:27.497 [FXGL Background Thread 3 ] DEBUG Engine               - mouseSensitivity: 0.2
12:08:27.498 [FXGL Background Thread 3 ] DEBUG Engine               - notificationViewClass: class com.almasb.fxgl.notification.view.XboxNotificationView
12:08:27.498 [FXGL Background Thread 3 ] DEBUG Engine               - pixelsPerMeter: 50.0
12:08:27.498 [FXGL Background Thread 3 ] DEBUG Engine               - platform: WINDOWS
12:08:27.498 [FXGL Background Thread 3 ] DEBUG Engine               - prefHeightProperty: ReadOnlyDoubleProperty [value: 864.0]
12:08:27.498 [FXGL Background Thread 3 ] DEBUG Engine               - prefWidthProperty: ReadOnlyDoubleProperty [value: 1536.0]
12:08:27.498 [FXGL Background Thread 3 ] DEBUG Engine               - profileDir: profiles/
12:08:27.498 [FXGL Background Thread 3 ] DEBUG Engine               - profileName: StringProperty [value: DEFAULT]
12:08:27.498 [FXGL Background Thread 3 ] DEBUG Engine               - randomSeed: -1
12:08:27.498 [FXGL Background Thread 3 ] DEBUG Engine               - runtimeInfo: RuntimeInfo(platform=WINDOWS, version=17.3, build=30.03.2023 11.49)
12:08:27.498 [FXGL Background Thread 3 ] DEBUG Engine               - saveFileExt: sav
12:08:27.498 [FXGL Background Thread 3 ] DEBUG Engine               - scaledHeightProp$fxgl: DoubleProperty [bound, value: 864.0]
12:08:27.498 [FXGL Background Thread 3 ] DEBUG Engine               - scaledWidthProp$fxgl: DoubleProperty [bound, value: 1536.0]
12:08:27.498 [FXGL Background Thread 3 ] DEBUG Engine               - sceneFactory: com.almasb.fxgl.app.scene.SceneFactory@1a484079
12:08:27.498 [FXGL Background Thread 3 ] DEBUG Engine               - secondsIn24h: 60
12:08:27.498 [FXGL Background Thread 3 ] DEBUG Engine               - soundMenuBack: menu/back.wav
12:08:27.498 [FXGL Background Thread 3 ] DEBUG Engine               - soundMenuPress: menu/press.wav
12:08:27.498 [FXGL Background Thread 3 ] DEBUG Engine               - soundMenuSelect: menu/select.wav
12:08:27.498 [FXGL Background Thread 3 ] DEBUG Engine               - soundNotification: core/notification.wav
12:08:27.499 [FXGL Background Thread 3 ] DEBUG Engine               - stageStyle: DECORATED
12:08:27.499 [FXGL Background Thread 3 ] DEBUG Engine               - supportedLanguages: [ENGLISH, FRENCH, GERMAN, HUNGARIAN, RUSSIAN]
12:08:27.499 [FXGL Background Thread 3 ] DEBUG Engine               - ticksPerSecond: -1
12:08:27.499 [FXGL Background Thread 3 ] DEBUG Engine               - title: Megaman
12:08:27.499 [FXGL Background Thread 3 ] DEBUG Engine               - urlGithub: https://github.com/AlmasB/FXGL
12:08:27.499 [FXGL Background Thread 3 ] DEBUG Engine               - urlLeaderboard: http://fxgl-top.herokuapp.com/
12:08:27.499 [FXGL Background Thread 3 ] DEBUG Engine               - urlPOM: https://raw.githubusercontent.com/AlmasB/FXGL/release/README.md
12:08:27.499 [FXGL Background Thread 3 ] DEBUG Engine               - userAppClass: class com.game.megaman2.MegamanApplication
12:08:27.499 [FXGL Background Thread 3 ] DEBUG Engine               - version: 0.1
12:08:27.499 [FXGL Background Thread 3 ] DEBUG Engine               - versionCheckDays: 7
12:08:27.499 [FXGL Background Thread 3 ] DEBUG Engine               - width: 1536
12:08:27.499 [FXGL Background Thread 3 ] DEBUG Engine               - Logging services
12:08:27.499 [FXGL Background Thread 3 ] DEBUG Engine               - class com.almasb.fxgl.app.services.FXGLAssetLoaderService
12:08:27.499 [FXGL Background Thread 3 ] DEBUG Engine               - class com.almasb.fxgl.app.FXGLApplication$GameApplicationService
12:08:27.499 [FXGL Background Thread 3 ] DEBUG Engine               - class com.almasb.fxgl.app.services.FXGLDialogService
12:08:27.499 [FXGL Background Thread 3 ] DEBUG Engine               - class com.almasb.fxgl.app.services.IOTaskExecutorService
12:08:27.499 [FXGL Background Thread 3 ] DEBUG Engine               - class com.almasb.fxgl.io.FileSystemService
12:08:27.499 [FXGL Background Thread 3 ] DEBUG Engine               - class com.almasb.fxgl.localization.LocalizationService
12:08:27.499 [FXGL Background Thread 3 ] DEBUG Engine               - class com.almasb.fxgl.app.services.SystemBundleService
12:08:27.499 [FXGL Background Thread 3 ] DEBUG Engine               - class com.almasb.fxgl.profile.SaveLoadService
12:08:27.499 [FXGL Background Thread 3 ] DEBUG Engine               - class com.almasb.fxgl.ui.FXGLUIFactoryServiceProvider
12:08:27.499 [FXGL Background Thread 3 ] DEBUG Engine               - class com.almasb.fxgl.ui.FXGLDialogFactoryServiceProvider
12:08:27.499 [FXGL Background Thread 3 ] DEBUG Engine               - class com.almasb.fxgl.audio.AudioPlayer
12:08:27.499 [FXGL Background Thread 3 ] DEBUG Engine               - class com.almasb.fxgl.notification.impl.NotificationServiceProvider
12:08:27.499 [FXGL Background Thread 3 ] DEBUG Engine               - class com.almasb.fxgl.achievement.AchievementService
12:08:27.499 [FXGL Background Thread 3 ] DEBUG Engine               - class com.almasb.fxgl.cutscene.CutsceneService
12:08:27.499 [FXGL Background Thread 3 ] DEBUG Engine               - class com.almasb.fxgl.minigames.MiniGameService
12:08:27.499 [FXGL Background Thread 3 ] DEBUG Engine               - class com.almasb.fxgl.net.NetService
12:08:27.499 [FXGL Background Thread 3 ] DEBUG Engine               - class com.almasb.fxgl.app.services.UpdaterService
12:08:27.499 [FXGL Background Thread 3 ] DEBUG Engine               - class com.almasb.fxgl.dev.DevService
12:09:17.598 [JavaFX Application Thread] DEBUG PrimaryStageWindow   - Push state: FXGLDefaultMenu
12:09:17.604 [JavaFX Application Thread] DEBUG Input                - Clearing active input actions
12:09:17.620 [JavaFX Application Thread] DEBUG GameApplicationServi - Removing overlay from GameScene and adding to FXGLDefaultMenu
12:09:17.621 [JavaFX Application Thread] DEBUG PrimaryStageWindow   - GameScene -> FXGLDefaultMenu
12:09:27.950 [JavaFX Application Thread] DEBUG FXGL.DefaultMenu     - createContentGameplay()
12:09:30.029 [JavaFX Application Thread] DEBUG FXGL.DefaultMenu     - createContentControls()
12:09:33.195 [JavaFX Application Thread] DEBUG FXGL.DefaultMenu     - createContentVideo()
12:09:44.688 [JavaFX Application Thread] DEBUG FXGL.DefaultMenu     - createContentAudio()
12:09:52.437 [JavaFX Application Thread] DEBUG Menu                 - fireExit()
12:09:52.441 [JavaFX Application Thread] DEBUG PrimaryStageWindow   - Push state: DialogSubScene
12:09:52.441 [JavaFX Application Thread] DEBUG Input                - Clearing active input actions
12:09:52.441 [JavaFX Application Thread] DEBUG GameApplicationServi - Removing overlay from FXGLDefaultMenu and adding to DialogSubScene
12:09:52.442 [JavaFX Application Thread] DEBUG PrimaryStageWindow   - FXGLDefaultMenu -> DialogSubScene
12:09:53.693 [JavaFX Application Thread] DEBUG PrimaryStageWindow   - Pop state: DialogSubScene
12:09:53.694 [JavaFX Application Thread] DEBUG Input                - Clearing active input actions
12:09:53.695 [JavaFX Application Thread] DEBUG GameApplicationServi - Removing overlay from DialogSubScene and adding to FXGLDefaultMenu
12:09:53.696 [JavaFX Application Thread] DEBUG PrimaryStageWindow   - FXGLDefaultMenu <- DialogSubScene
12:09:53.696 [JavaFX Application Thread] DEBUG FXGLApplication      - Exiting FXGL
12:09:53.696 [JavaFX Application Thread] DEBUG LoopRunner           - Stopping loop
12:09:53.696 [JavaFX Application Thread] DEBUG SystemBundleService  - Saving FXGL system data
12:09:53.701 [JavaFX Application Thread] DEBUG FileSystemAccess     - Writing to: C:\Users\enric\Desktop\robe mie\Fermi\triennio\Informatica\Intellij\GiocoClasseQuarta\system\fxgl.bundle
12:09:53.706 [JavaFX Application Thread] DEBUG Async                - Shutting down background threads
12:09:53.706 [JavaFX Application Thread] DEBUG PrimaryStageWindow   - Closing main window
12:09:53.730 [JavaFX Application Thread] DEBUG Logger               - Closing Logger
